[ 2016-09-30T10:38:27+08:00 ] 113.132.8.164 /cnconsum/Home/Extra/index
INFO: [ app_init ] --START--
INFO: Run Behavior\BuildLiteBehavior [ RunTime:0.000020s ]
INFO: [ app_init ] --END-- [ RunTime:0.000299s ]

[ 2016-09-30T10:44:08+08:00 ] 113.132.8.164 /cnconsum/Home/Extra/index
INFO: [ app_init ] --START--
INFO: Run Behavior\BuildLiteBehavior [ RunTime:0.000012s ]
INFO: [ app_init ] --END-- [ RunTime:0.000254s ]

[ 2016-09-30T10:46:32+08:00 ] 113.132.8.164 /cnconsum/Home/Extra/index
INFO: [ app_init ] --START--
INFO: Run Behavior\BuildLiteBehavior [ RunTime:0.000014s ]
INFO: [ app_init ] --END-- [ RunTime:0.000274s ]

[ 2016-09-30T10:47:12+08:00 ] 113.132.8.164 /cnconsum/Home/extra
INFO: [ app_init ] --START--
INFO: Run Behavior\BuildLiteBehavior [ RunTime:0.000014s ]
INFO: [ app_init ] --END-- [ RunTime:0.000307s ]
ERR: 无法加载控制器:Extra

[ 2016-09-30T10:47:57+08:00 ] 113.132.8.164 /cnconsum/Home/extra
INFO: [ app_init ] --START--
INFO: Run Behavior\BuildLiteBehavior [ RunTime:0.000014s ]
INFO: [ app_init ] --END-- [ RunTime:0.000291s ]
ERR: 无法加载控制器:Extra

[ 2016-09-30T10:50:23+08:00 ] 113.132.8.164 /cnconsum/Home/extra
INFO: [ app_init ] --START--
INFO: Run Behavior\BuildLiteBehavior [ RunTime:0.000014s ]
INFO: [ app_init ] --END-- [ RunTime:0.000271s ]

[ 2016-09-30T10:58:15+08:00 ] 113.132.8.164 /cnconsum/Home/Extra/index
INFO: [ app_init ] --START--
INFO: Run Behavior\BuildLiteBehavior [ RunTime:0.000015s ]
INFO: [ app_init ] --END-- [ RunTime:0.000401s ]

[ 2016-09-30T10:58:50+08:00 ] 113.132.8.164 /cnconsum/Home/Extra/index/index
INFO: [ app_init ] --START--
INFO: Run Behavior\BuildLiteBehavior [ RunTime:0.000015s ]
INFO: [ app_init ] --END-- [ RunTime:0.000286s ]

[ 2016-09-30T10:59:05+08:00 ] 113.132.8.164 /cnconsum/Home/Extra/index/index
INFO: [ app_init ] --START--
INFO: Run Behavior\BuildLiteBehavior [ RunTime:0.000017s ]
INFO: [ app_init ] --END-- [ RunTime:0.000321s ]

[ 2016-09-30T10:59:15+08:00 ] 113.132.8.164 /cnconsum/Home/Extra/index/index
INFO: [ app_init ] --START--
INFO: Run Behavior\BuildLiteBehavior [ RunTime:0.000013s ]
INFO: [ app_init ] --END-- [ RunTime:0.000315s ]

[ 2016-09-30T10:59:33+08:00 ] 113.132.8.164 /cnconsum/Home/my
INFO: [ app_init ] --START--
INFO: Run Behavior\BuildLiteBehavior [ RunTime:0.000013s ]
INFO: [ app_init ] --END-- [ RunTime:0.000274s ]

[ 2016-09-30T11:14:16+08:00 ] 113.132.8.164 /cnconsum/Home/my
INFO: [ app_init ] --START--
INFO: Run Behavior\BuildLiteBehavior [ RunTime:0.000021s ]
INFO: [ app_init ] --END-- [ RunTime:0.000298s ]
ERR: 无法加载控制器:My

[ 2016-09-30T11:14:56+08:00 ] 113.132.8.164 /cnconsum/Home/Extra/index
INFO: [ app_init ] --START--
INFO: Run Behavior\BuildLiteBehavior [ RunTime:0.000014s ]
INFO: [ app_init ] --END-- [ RunTime:0.000268s ]

[ 2016-09-30T14:19:43+08:00 ] 113.132.8.164 /cnconsum/Home/Extra/Source
INFO: [ app_init ] --START--
INFO: Run Behavior\BuildLiteBehavior [ RunTime:0.000015s ]
INFO: [ app_init ] --END-- [ RunTime:0.000329s ]
ERR: 非法操作:index

[ 2016-09-30T14:19:53+08:00 ] 113.132.8.164 /cnconsum/Home/Extra/Source/mpt
INFO: [ app_init ] --START--
INFO: Run Behavior\BuildLiteBehavior [ RunTime:0.000013s ]
INFO: [ app_init ] --END-- [ RunTime:0.000285s ]

[ 2016-09-30T14:21:30+08:00 ] 113.132.8.164 /cnconsum/Home/Extra/Source/mpt
INFO: [ app_init ] --START--
INFO: Run Behavior\BuildLiteBehavior [ RunTime:0.000077s ]
INFO: [ app_init ] --END-- [ RunTime:0.000397s ]

[ 2016-09-30T14:21:34+08:00 ] 113.132.8.164 /cnconsum/Home/Extra/Source/opt
INFO: [ app_init ] --START--
INFO: Run Behavior\BuildLiteBehavior [ RunTime:0.000018s ]
INFO: [ app_init ] --END-- [ RunTime:0.000279s ]
ERR: 非法操作:opt

[ 2016-09-30T14:21:42+08:00 ] 113.132.8.164 /cnconsum/Home/Extra/Source/upt
INFO: [ app_init ] --START--
INFO: Run Behavior\BuildLiteBehavior [ RunTime:0.000014s ]
INFO: [ app_init ] --END-- [ RunTime:0.000308s ]

[ 2016-09-30T16:57:49+08:00 ] 117.36.119.57 /cnconsum/Home/MerchantType/Protocol/protocolGet?store=null&address=nullnull&phone=111222333
INFO: [ app_init ] --START--
INFO: Run Behavior\BuildLiteBehavior [ RunTime:0.000021s ]
INFO: [ app_init ] --END-- [ RunTime:0.000435s ]
ERR: 模板不存在:./LB/Home/View/Protocol/merchant.html

[ 2016-09-30T16:58:28+08:00 ] 117.36.119.57 /cnconsum/Home/MerchantType/Protocol/protocolGet?store=null&address=nullnull&phone=111222333
INFO: [ app_init ] --START--
INFO: Run Behavior\BuildLiteBehavior [ RunTime:0.000031s ]
INFO: [ app_init ] --END-- [ RunTime:0.000564s ]
ERR: 模板不存在:./LB/Home/View/Protocol/merchant.html

[ 2016-09-30T16:58:49+08:00 ] 117.36.119.57 /cnconsum/Home/Extra/index
INFO: [ app_init ] --START--
INFO: Run Behavior\BuildLiteBehavior [ RunTime:0.000026s ]
INFO: [ app_init ] --END-- [ RunTime:0.000496s ]

[ 2016-09-30T16:58:59+08:00 ] 117.36.119.57 /cnconsum/Home/Extra/Source/mpt
INFO: [ app_init ] --START--
INFO: Run Behavior\BuildLiteBehavior [ RunTime:0.000028s ]
INFO: [ app_init ] --END-- [ RunTime:0.000471s ]

