[ 2016-10-13T13:36:35+08:00 ] 113.200.156.211 /cnconsum/index.php/Home/MerchantType/Protocol/protocolGet?store=%E5%BE%A1%E6%B8%A9%E6%B3%89&address=%E9%99%95%E8%A5%BF%E7%9C%81%E8%A5%BF%E5%AE%89%E5%B8%82%E9%9B%81%E5%A1%94%E5%8C%BA&phone=111
INFO: [ app_init ] --START--
INFO: Run Behavior\BuildLiteBehavior [ RunTime:0.000015s ]
INFO: [ app_init ] --END-- [ RunTime:0.000285s ]
INFO: [ app_begin ] --START--
INFO: Run Behavior\ReadHtmlCacheBehavior [ RunTime:0.000349s ]
INFO: [ app_begin ] --END-- [ RunTime:0.000399s ]
ERR: 无法加载控制器:MerchantType

[ 2016-10-13T13:36:44+08:00 ] 113.200.156.211 /cnconsum/index.php/Home/MerchantType/Protocol/protocolGet?store=%E5%BE%A1%E6%B8%A9%E6%B3%89&address=%E9%99%95%E8%A5%BF%E7%9C%81%E8%A5%BF%E5%AE%89%E5%B8%82%E9%9B%81%E5%A1%94%E5%8C%BA&phone=111
INFO: [ app_init ] --START--
INFO: Run Behavior\BuildLiteBehavior [ RunTime:0.000031s ]
INFO: [ app_init ] --END-- [ RunTime:0.000336s ]
INFO: [ app_begin ] --START--
INFO: Run Behavior\ReadHtmlCacheBehavior [ RunTime:0.000324s ]
INFO: [ app_begin ] --END-- [ RunTime:0.000377s ]
ERR: 无法加载控制器:MerchantType

[ 2016-10-13T13:38:54+08:00 ] 113.200.156.211 /cnconsum/index.php/Home/MerchantType/Protocol/protocolGet?store=%E5%BE%A1%E6%B8%A9%E6%B3%89&address=%E9%99%95%E8%A5%BF%E7%9C%81%E8%A5%BF%E5%AE%89%E5%B8%82%E9%9B%81%E5%A1%94%E5%8C%BA&phone=111
INFO: [ app_init ] --START--
INFO: Run Behavior\BuildLiteBehavior [ RunTime:0.000026s ]
INFO: [ app_init ] --END-- [ RunTime:0.000408s ]
INFO: [ app_begin ] --START--
INFO: Run Behavior\ReadHtmlCacheBehavior [ RunTime:0.000433s ]
INFO: [ app_begin ] --END-- [ RunTime:0.000479s ]
ERR: 无法加载控制器:MerchantType

[ 2016-10-13T13:57:08+08:00 ] 113.200.156.211 /cnconsum/index.php/Home/MerchantType/Protocol/protocolGet?store=%E5%BE%A1%E6%B8%A9%E6%B3%89&address=%E9%99%95%E8%A5%BF%E7%9C%81%E8%A5%BF%E5%AE%89%E5%B8%82%E9%9B%81%E5%A1%94%E5%8C%BA&phone=111
INFO: [ app_init ] --START--
INFO: Run Behavior\BuildLiteBehavior [ RunTime:0.000019s ]
INFO: [ app_init ] --END-- [ RunTime:0.000335s ]
INFO: [ app_begin ] --START--
INFO: Run Behavior\ReadHtmlCacheBehavior [ RunTime:0.000468s ]
INFO: [ app_begin ] --END-- [ RunTime:0.000521s ]
ERR: 无法加载控制器:MerchantType

[ 2016-10-13T14:07:08+08:00 ] 113.200.156.211 /cnconsum/index.php/Home/MerchantType/Protocol/protocolGet?store=%E5%BE%A1%E6%B8%A9%E6%B3%89&address=%E9%99%95%E8%A5%BF%E7%9C%81%E8%A5%BF%E5%AE%89%E5%B8%82%E9%9B%81%E5%A1%94%E5%8C%BA&phone=111
INFO: [ app_init ] --START--
INFO: Run Behavior\BuildLiteBehavior [ RunTime:0.000020s ]
INFO: [ app_init ] --END-- [ RunTime:0.000357s ]
INFO: [ app_begin ] --START--
INFO: Run Behavior\ReadHtmlCacheBehavior [ RunTime:0.000460s ]
INFO: [ app_begin ] --END-- [ RunTime:0.000546s ]
ERR: 无法加载控制器:MerchantType

