[ 2016-10-10T10:12:57+08:00 ] 117.36.119.7 /cnconsum/index.php/Home/MerchantType/Protocol/protocolGet?store=%E5%BE%A1%E6%B8%A9%E6%B3%89&address=%E9%99%95%E8%A5%BF%E7%9C%81%E8%A5%BF%E5%AE%89%E5%B8%82%E9%9B%81%E5%A1%94%E5%8C%BA&phone=111
INFO: [ app_init ] --START--
INFO: Run Behavior\BuildLiteBehavior [ RunTime:0.000020s ]
INFO: [ app_init ] --END-- [ RunTime:0.000382s ]
INFO: [ app_begin ] --START--
INFO: Run Behavior\ReadHtmlCacheBehavior [ RunTime:0.000511s ]
INFO: [ app_begin ] --END-- [ RunTime:0.000553s ]
ERR: 无法加载控制器:MerchantType

[ 2016-10-10T10:13:05+08:00 ] 117.36.119.7 /cnconsum/index.php/Home/MerchantType/Protocol/protocolGet?store=%E5%BE%A1%E6%B8%A9%E6%B3%89&address=%E9%99%95%E8%A5%BF%E7%9C%81%E8%A5%BF%E5%AE%89%E5%B8%82%E9%9B%81%E5%A1%94%E5%8C%BA&phone=111
INFO: [ app_init ] --START--
INFO: Run Behavior\BuildLiteBehavior [ RunTime:0.000014s ]
INFO: [ app_init ] --END-- [ RunTime:0.000259s ]
INFO: [ app_begin ] --START--
INFO: Run Behavior\ReadHtmlCacheBehavior [ RunTime:0.000358s ]
INFO: [ app_begin ] --END-- [ RunTime:0.000398s ]
ERR: 无法加载控制器:MerchantType

[ 2016-10-10T10:18:57+08:00 ] 117.36.119.7 /cnconsum/index.php/Home/MerchantType/Protocol/protocolGet?store=%E5%BE%A1%E6%B8%A9%E6%B3%89&address=%E9%99%95%E8%A5%BF%E7%9C%81%E8%A5%BF%E5%AE%89%E5%B8%82%E9%9B%81%E5%A1%94%E5%8C%BA&phone=111
INFO: [ app_init ] --START--
INFO: Run Behavior\BuildLiteBehavior [ RunTime:0.000013s ]
INFO: [ app_init ] --END-- [ RunTime:0.000300s ]
INFO: [ app_begin ] --START--
INFO: Run Behavior\ReadHtmlCacheBehavior [ RunTime:0.000432s ]
INFO: [ app_begin ] --END-- [ RunTime:0.000473s ]
ERR: 无法加载控制器:MerchantType

[ 2016-10-10T10:19:05+08:00 ] 117.36.119.7 /cnconsum/index.php/Home/MerchantType/Protocol/protocolGet?store=%E5%BE%A1%E6%B8%A9%E6%B3%89&address=%E9%99%95%E8%A5%BF%E7%9C%81%E8%A5%BF%E5%AE%89%E5%B8%82%E9%9B%81%E5%A1%94%E5%8C%BA&phone=111
INFO: [ app_init ] --START--
INFO: Run Behavior\BuildLiteBehavior [ RunTime:0.000014s ]
INFO: [ app_init ] --END-- [ RunTime:0.000359s ]
INFO: [ app_begin ] --START--
INFO: Run Behavior\ReadHtmlCacheBehavior [ RunTime:0.000656s ]
INFO: [ app_begin ] --END-- [ RunTime:0.000711s ]
ERR: 无法加载控制器:MerchantType

[ 2016-10-10T10:21:30+08:00 ] 117.36.119.7 /cnconsum/index.php/Home/MerchantType/Protocol/protocolGet?store=%E5%BE%A1%E6%B8%A9%E6%B3%89&address=%E9%99%95%E8%A5%BF%E7%9C%81%E8%A5%BF%E5%AE%89%E5%B8%82%E9%9B%81%E5%A1%94%E5%8C%BA&phone=111
INFO: [ app_init ] --START--
INFO: Run Behavior\BuildLiteBehavior [ RunTime:0.000013s ]
INFO: [ app_init ] --END-- [ RunTime:0.000258s ]
INFO: [ app_begin ] --START--
INFO: Run Behavior\ReadHtmlCacheBehavior [ RunTime:0.000332s ]
INFO: [ app_begin ] --END-- [ RunTime:0.000373s ]
ERR: 无法加载控制器:MerchantType

[ 2016-10-10T10:22:11+08:00 ] 117.36.119.7 /cnconsum/index.php/Home/MerchantType/Protocol/protocolGet?store=%E5%BE%A1%E6%B8%A9%E6%B3%89&address=%E9%99%95%E8%A5%BF%E7%9C%81%E8%A5%BF%E5%AE%89%E5%B8%82%E9%9B%81%E5%A1%94%E5%8C%BA&phone=111
INFO: [ app_init ] --START--
INFO: Run Behavior\BuildLiteBehavior [ RunTime:0.000014s ]
INFO: [ app_init ] --END-- [ RunTime:0.000310s ]
INFO: [ app_begin ] --START--
INFO: Run Behavior\ReadHtmlCacheBehavior [ RunTime:0.000393s ]
INFO: [ app_begin ] --END-- [ RunTime:0.000444s ]
ERR: 无法加载控制器:MerchantType

[ 2016-10-10T10:31:17+08:00 ] 117.36.119.7 /cnconsum/index.php/Home/MerchantType/Protocol/protocolGet?store=%E5%BE%A1%E6%B8%A9%E6%B3%89&address=%E9%99%95%E8%A5%BF%E7%9C%81%E8%A5%BF%E5%AE%89%E5%B8%82%E9%9B%81%E5%A1%94%E5%8C%BA&phone=111
INFO: [ app_init ] --START--
INFO: Run Behavior\BuildLiteBehavior [ RunTime:0.000013s ]
INFO: [ app_init ] --END-- [ RunTime:0.000267s ]
INFO: [ app_begin ] --START--
INFO: Run Behavior\ReadHtmlCacheBehavior [ RunTime:0.000367s ]
INFO: [ app_begin ] --END-- [ RunTime:0.000408s ]
ERR: 无法加载控制器:MerchantType

[ 2016-10-10T11:08:54+08:00 ] 113.132.9.174 /cnconsum/index.php/Home/MerchantType/Protocol/protocolGet?store=%E5%BE%A1%E6%B8%A9%E6%B3%89&address=%E9%99%95%E8%A5%BF%E7%9C%81%E8%A5%BF%E5%AE%89%E5%B8%82%E9%9B%81%E5%A1%94%E5%8C%BA&phone=111
INFO: [ app_init ] --START--
INFO: Run Behavior\BuildLiteBehavior [ RunTime:0.000024s ]
INFO: [ app_init ] --END-- [ RunTime:0.000472s ]
INFO: [ app_begin ] --START--
INFO: Run Behavior\ReadHtmlCacheBehavior [ RunTime:0.000580s ]
INFO: [ app_begin ] --END-- [ RunTime:0.000652s ]
ERR: 无法加载控制器:MerchantType

[ 2016-10-10T11:14:07+08:00 ] 101.226.79.182 /cnconsum/index.php/Home/MerchantType/Protocol/protocolGet?store=%@&address=%@&phone=%@
INFO: [ app_init ] --START--
INFO: Run Behavior\BuildLiteBehavior [ RunTime:0.000014s ]
INFO: [ app_init ] --END-- [ RunTime:0.000351s ]
INFO: [ app_begin ] --START--
INFO: Run Behavior\ReadHtmlCacheBehavior [ RunTime:0.000409s ]
INFO: [ app_begin ] --END-- [ RunTime:0.000475s ]
ERR: 无法加载控制器:MerchantType

