[ 2016-11-30T09:21:25+08:00 ] 1.80.218.189 /cnconsum/Public/Uploads/addImage/null
INFO: [ app_init ] --START--
INFO: Run Behavior\BuildLiteBehavior [ RunTime:0.000014s ]
INFO: [ app_init ] --END-- [ RunTime:0.000267s ]
ERR: 无法加载模块:Public

[ 2016-11-30T09:21:25+08:00 ] 1.80.218.189 /cnconsum/Public/Uploads/addImage/null
INFO: [ app_init ] --START--
INFO: Run Behavior\BuildLiteBehavior [ RunTime:0.000026s ]
INFO: [ app_init ] --END-- [ RunTime:0.000351s ]
ERR: 无法加载模块:Public

[ 2016-11-30T09:21:25+08:00 ] 1.80.218.189 /cnconsum/Public/Uploads/addImage/null
INFO: [ app_init ] --START--
INFO: Run Behavior\BuildLiteBehavior [ RunTime:0.000018s ]
INFO: [ app_init ] --END-- [ RunTime:0.000287s ]
ERR: 无法加载模块:Public

[ 2016-11-30T09:21:25+08:00 ] 1.80.218.189 /cnconsum/Public/Uploads/addImage/null
INFO: [ app_init ] --START--
INFO: Run Behavior\BuildLiteBehavior [ RunTime:0.000024s ]
INFO: [ app_init ] --END-- [ RunTime:0.000416s ]
ERR: 无法加载模块:Public

[ 2016-11-30T09:24:34+08:00 ] 1.80.218.189 /cnconsum/Public/Uploads/advertImage/null
INFO: [ app_init ] --START--
INFO: Run Behavior\BuildLiteBehavior [ RunTime:0.000012s ]
INFO: [ app_init ] --END-- [ RunTime:0.000268s ]
ERR: 无法加载模块:Public

[ 2016-11-30T09:24:34+08:00 ] 1.80.218.189 /cnconsum/Public/Uploads/advertImage/activity_0.png
INFO: [ app_init ] --START--
INFO: Run Behavior\BuildLiteBehavior [ RunTime:0.000013s ]
INFO: [ app_init ] --END-- [ RunTime:0.000328s ]
ERR: 无法加载模块:Public

[ 2016-11-30T09:24:34+08:00 ] 1.80.218.189 /cnconsum/Public/Uploads/advertImage/activity_1.png
INFO: [ app_init ] --START--
INFO: Run Behavior\BuildLiteBehavior [ RunTime:0.000012s ]
INFO: [ app_init ] --END-- [ RunTime:0.000308s ]
ERR: 无法加载模块:Public

[ 2016-11-30T09:37:22+08:00 ] 1.80.218.189 /cnconsum/Public/Uploads/addImage/face_02.jpg
INFO: [ app_init ] --START--
INFO: Run Behavior\BuildLiteBehavior [ RunTime:0.000022s ]
INFO: [ app_init ] --END-- [ RunTime:0.000310s ]
ERR: 无法加载模块:Public

[ 2016-11-30T09:37:22+08:00 ] 1.80.218.189 /cnconsum/Public/Uploads/addImage/face_02.jpg
INFO: [ app_init ] --START--
INFO: Run Behavior\BuildLiteBehavior [ RunTime:0.000023s ]
INFO: [ app_init ] --END-- [ RunTime:0.000412s ]
ERR: 无法加载模块:Public

[ 2016-11-30T09:37:25+08:00 ] 1.80.218.189 /cnconsum/Public/Uploads/addImage/face_02.jpg
INFO: [ app_init ] --START--
INFO: Run Behavior\BuildLiteBehavior [ RunTime:0.000017s ]
INFO: [ app_init ] --END-- [ RunTime:0.000369s ]
ERR: 无法加载模块:Public

[ 2016-11-30T09:37:25+08:00 ] 1.80.218.189 /cnconsum/Public/Uploads/addImage/face_02.jpg
INFO: [ app_init ] --START--
INFO: Run Behavior\BuildLiteBehavior [ RunTime:0.000014s ]
INFO: [ app_init ] --END-- [ RunTime:0.000271s ]
ERR: 无法加载模块:Public

[ 2016-11-30T09:37:28+08:00 ] 1.80.218.189 /cnconsum/Public/Uploads/addImage/face_02.jpg
INFO: [ app_init ] --START--
INFO: Run Behavior\BuildLiteBehavior [ RunTime:0.000014s ]
INFO: [ app_init ] --END-- [ RunTime:0.000288s ]
ERR: 无法加载模块:Public

[ 2016-11-30T09:37:29+08:00 ] 1.80.218.189 /cnconsum/Public/Uploads/addImage/face_02.jpg
INFO: [ app_init ] --START--
INFO: Run Behavior\BuildLiteBehavior [ RunTime:0.000020s ]
INFO: [ app_init ] --END-- [ RunTime:0.000366s ]
ERR: 无法加载模块:Public

[ 2016-11-30T09:38:14+08:00 ] 1.80.218.189 /cnconsum/Public/Uploads/addImage/null
INFO: [ app_init ] --START--
INFO: Run Behavior\BuildLiteBehavior [ RunTime:0.000013s ]
INFO: [ app_init ] --END-- [ RunTime:0.000273s ]
ERR: 无法加载模块:Public

[ 2016-11-30T09:38:14+08:00 ] 1.80.218.189 /cnconsum/Public/Uploads/addImage/null
INFO: [ app_init ] --START--
INFO: Run Behavior\BuildLiteBehavior [ RunTime:0.000017s ]
INFO: [ app_init ] --END-- [ RunTime:0.000403s ]
ERR: 无法加载模块:Public

[ 2016-11-30T09:38:14+08:00 ] 1.80.218.189 /cnconsum/Public/Uploads/addImage/null
INFO: [ app_init ] --START--
INFO: Run Behavior\BuildLiteBehavior [ RunTime:0.000014s ]
INFO: [ app_init ] --END-- [ RunTime:0.000579s ]
ERR: 无法加载模块:Public

[ 2016-11-30T10:16:06+08:00 ] 1.80.217.136 /cnconsum/Public/Uploads/advertImage/activity_1.png
INFO: [ app_init ] --START--
INFO: Run Behavior\BuildLiteBehavior [ RunTime:0.000014s ]
INFO: [ app_init ] --END-- [ RunTime:0.000289s ]
ERR: 无法加载模块:Public

[ 2016-11-30T10:16:06+08:00 ] 1.80.217.136 /cnconsum/Public/Uploads/advertImage/null
INFO: [ app_init ] --START--
INFO: Run Behavior\BuildLiteBehavior [ RunTime:0.000018s ]
INFO: [ app_init ] --END-- [ RunTime:0.000349s ]
ERR: 无法加载模块:Public

[ 2016-11-30T10:16:06+08:00 ] 1.80.217.136 /cnconsum/Public/Uploads/advertImage/activity_0.png
INFO: [ app_init ] --START--
INFO: Run Behavior\BuildLiteBehavior [ RunTime:0.000012s ]
INFO: [ app_init ] --END-- [ RunTime:0.000280s ]
ERR: 无法加载模块:Public

[ 2016-11-30T10:19:51+08:00 ] 1.80.217.136 /cnconsum/Public/Uploads/addImage/face_02.jpg
INFO: [ app_init ] --START--
INFO: Run Behavior\BuildLiteBehavior [ RunTime:0.000014s ]
INFO: [ app_init ] --END-- [ RunTime:0.000347s ]
ERR: 无法加载模块:Public

[ 2016-11-30T10:23:25+08:00 ] 1.80.217.136 /cnconsum/Public/Uploads/advertImage/null
INFO: [ app_init ] --START--
INFO: Run Behavior\BuildLiteBehavior [ RunTime:0.000024s ]
INFO: [ app_init ] --END-- [ RunTime:0.000486s ]
ERR: 无法加载模块:Public

[ 2016-11-30T10:23:25+08:00 ] 1.80.217.136 /cnconsum/Public/Uploads/advertImage/activity_0.png
INFO: [ app_init ] --START--
INFO: Run Behavior\BuildLiteBehavior [ RunTime:0.000014s ]
INFO: [ app_init ] --END-- [ RunTime:0.000362s ]
ERR: 无法加载模块:Public

[ 2016-11-30T10:23:25+08:00 ] 1.80.217.136 /cnconsum/Public/Uploads/advertImage/activity_1.png
INFO: [ app_init ] --START--
INFO: Run Behavior\BuildLiteBehavior [ RunTime:0.000013s ]
INFO: [ app_init ] --END-- [ RunTime:0.000272s ]
ERR: 无法加载模块:Public

[ 2016-11-30T10:24:46+08:00 ] 1.80.217.136 /cnconsum/Public/Uploads/advertImage/activity_1.png
INFO: [ app_init ] --START--
INFO: Run Behavior\BuildLiteBehavior [ RunTime:0.000022s ]
INFO: [ app_init ] --END-- [ RunTime:0.000462s ]
ERR: 无法加载模块:Public

[ 2016-11-30T10:24:46+08:00 ] 1.80.217.136 /cnconsum/Public/Uploads/advertImage/activity_0.png
INFO: [ app_init ] --START--
INFO: Run Behavior\BuildLiteBehavior [ RunTime:0.000018s ]
INFO: [ app_init ] --END-- [ RunTime:0.000947s ]
ERR: 无法加载模块:Public

[ 2016-11-30T10:24:46+08:00 ] 1.80.217.136 /cnconsum/Public/Uploads/advertImage/null
INFO: [ app_init ] --START--
INFO: Run Behavior\BuildLiteBehavior [ RunTime:0.000021s ]
INFO: [ app_init ] --END-- [ RunTime:0.000422s ]
ERR: 无法加载模块:Public

[ 2016-11-30T10:25:49+08:00 ] 1.80.217.136 /cnconsum/Public/Uploads/advertImage/activity_1.png
INFO: [ app_init ] --START--
INFO: Run Behavior\BuildLiteBehavior [ RunTime:0.000025s ]
INFO: [ app_init ] --END-- [ RunTime:0.000562s ]
ERR: 无法加载模块:Public

[ 2016-11-30T10:25:49+08:00 ] 1.80.217.136 /cnconsum/Public/Uploads/advertImage/null
INFO: [ app_init ] --START--
INFO: Run Behavior\BuildLiteBehavior [ RunTime:0.000021s ]
INFO: [ app_init ] --END-- [ RunTime:0.001020s ]
ERR: 无法加载模块:Public

[ 2016-11-30T10:25:49+08:00 ] 1.80.217.136 /cnconsum/Public/Uploads/advertImage/activity_0.png
INFO: [ app_init ] --START--
INFO: Run Behavior\BuildLiteBehavior [ RunTime:0.000018s ]
INFO: [ app_init ] --END-- [ RunTime:0.000462s ]
ERR: 无法加载模块:Public

[ 2016-11-30T10:29:41+08:00 ] 1.80.217.136 /cnconsum/Public/Uploads/advertImage/activity_0.png
INFO: [ app_init ] --START--
INFO: Run Behavior\BuildLiteBehavior [ RunTime:0.000012s ]
INFO: [ app_init ] --END-- [ RunTime:0.000258s ]
ERR: 无法加载模块:Public

[ 2016-11-30T10:29:41+08:00 ] 1.80.217.136 /cnconsum/Public/Uploads/advertImage/activity_1.png
INFO: [ app_init ] --START--
INFO: Run Behavior\BuildLiteBehavior [ RunTime:0.000012s ]
INFO: [ app_init ] --END-- [ RunTime:0.000257s ]
ERR: 无法加载模块:Public

[ 2016-11-30T10:29:41+08:00 ] 1.80.217.136 /cnconsum/Public/Uploads/advertImage/null
INFO: [ app_init ] --START--
INFO: Run Behavior\BuildLiteBehavior [ RunTime:0.000016s ]
INFO: [ app_init ] --END-- [ RunTime:0.000313s ]
ERR: 无法加载模块:Public

[ 2016-11-30T10:50:56+08:00 ] 1.80.217.136 /cnconsum/Public/Uploads/tenancyImage/m_9ba5e2b48b_01.png
INFO: [ app_init ] --START--
INFO: Run Behavior\BuildLiteBehavior [ RunTime:0.000015s ]
INFO: [ app_init ] --END-- [ RunTime:0.000272s ]
ERR: 无法加载模块:Public

[ 2016-11-30T10:50:56+08:00 ] 1.80.217.136 /cnconsum/Public/Uploads/tenancyImage/m_9ba5e2b48b_02.png
INFO: [ app_init ] --START--
INFO: Run Behavior\BuildLiteBehavior [ RunTime:0.000017s ]
INFO: [ app_init ] --END-- [ RunTime:0.000288s ]
ERR: 无法加载模块:Public

[ 2016-11-30T10:50:59+08:00 ] 1.80.217.136 /cnconsum/Public/Uploads/tenancyImage/m_9ba5e2b48b_01.png
INFO: [ app_init ] --START--
INFO: Run Behavior\BuildLiteBehavior [ RunTime:0.000021s ]
INFO: [ app_init ] --END-- [ RunTime:0.000383s ]
ERR: 无法加载模块:Public

[ 2016-11-30T10:50:59+08:00 ] 1.80.217.136 /cnconsum/Public/Uploads/tenancyImage/m_9ba5e2b48b_02.png
INFO: [ app_init ] --START--
INFO: Run Behavior\BuildLiteBehavior [ RunTime:0.000017s ]
INFO: [ app_init ] --END-- [ RunTime:0.000321s ]
ERR: 无法加载模块:Public

[ 2016-11-30T10:59:54+08:00 ] 1.80.217.136 /cnconsum/Public/Uploads/advertImage/activity_0.png
INFO: [ app_init ] --START--
INFO: Run Behavior\BuildLiteBehavior [ RunTime:0.000017s ]
INFO: [ app_init ] --END-- [ RunTime:0.000367s ]
ERR: 无法加载模块:Public

[ 2016-11-30T10:59:54+08:00 ] 1.80.217.136 /cnconsum/Public/Uploads/advertImage/activity_1.png
INFO: [ app_init ] --START--
INFO: Run Behavior\BuildLiteBehavior [ RunTime:0.000016s ]
INFO: [ app_init ] --END-- [ RunTime:0.000432s ]
ERR: 无法加载模块:Public

[ 2016-11-30T10:59:54+08:00 ] 1.80.217.136 /cnconsum/Public/Uploads/advertImage/null
INFO: [ app_init ] --START--
INFO: Run Behavior\BuildLiteBehavior [ RunTime:0.000023s ]
INFO: [ app_init ] --END-- [ RunTime:0.000323s ]
ERR: 无法加载模块:Public

[ 2016-11-30T11:02:35+08:00 ] 1.80.217.136 /cnconsum/Public/Uploads/headImage/13309206465_1471243071290.png
INFO: [ app_init ] --START--
INFO: Run Behavior\BuildLiteBehavior [ RunTime:0.000014s ]
INFO: [ app_init ] --END-- [ RunTime:0.000263s ]
ERR: 无法加载模块:Public

[ 2016-11-30T11:03:23+08:00 ] 1.80.217.136 /cnconsum/Public/Uploads/headImage/13309206465_1471243071290.png
INFO: [ app_init ] --START--
INFO: Run Behavior\BuildLiteBehavior [ RunTime:0.000013s ]
INFO: [ app_init ] --END-- [ RunTime:0.000301s ]
ERR: 无法加载模块:Public

[ 2016-11-30T11:18:49+08:00 ] 1.80.217.136 /cnconsum/Public/Uploads/headImage/13309206465_1471243071290.png
INFO: [ app_init ] --START--
INFO: Run Behavior\BuildLiteBehavior [ RunTime:0.000014s ]
INFO: [ app_init ] --END-- [ RunTime:0.000283s ]
ERR: 无法加载模块:Public

[ 2016-11-30T11:23:10+08:00 ] 1.80.217.136 /cnconsum/Public/Uploads/advertImage/activity_0.png
INFO: [ app_init ] --START--
INFO: Run Behavior\BuildLiteBehavior [ RunTime:0.000018s ]
INFO: [ app_init ] --END-- [ RunTime:0.000422s ]
ERR: 无法加载模块:Public

[ 2016-11-30T11:23:10+08:00 ] 1.80.217.136 /cnconsum/Public/Uploads/advertImage/activity_1.png
INFO: [ app_init ] --START--
INFO: Run Behavior\BuildLiteBehavior [ RunTime:0.000012s ]
INFO: [ app_init ] --END-- [ RunTime:0.000284s ]
ERR: 无法加载模块:Public

[ 2016-11-30T11:23:10+08:00 ] 1.80.217.136 /cnconsum/Public/Uploads/advertImage/null
INFO: [ app_init ] --START--
INFO: Run Behavior\BuildLiteBehavior [ RunTime:0.000013s ]
INFO: [ app_init ] --END-- [ RunTime:0.000287s ]
ERR: 无法加载模块:Public

[ 2016-11-30T13:51:39+08:00 ] 1.80.217.136 /cnconsum/Public/Uploads/addImage/face_02.jpg
INFO: [ app_init ] --START--
INFO: Run Behavior\BuildLiteBehavior [ RunTime:0.000016s ]
INFO: [ app_init ] --END-- [ RunTime:0.000391s ]
ERR: 无法加载模块:Public

[ 2016-11-30T13:51:39+08:00 ] 1.80.217.136 /cnconsum/Public/Uploads/addImage/face_02.jpg
INFO: [ app_init ] --START--
INFO: Run Behavior\BuildLiteBehavior [ RunTime:0.000013s ]
INFO: [ app_init ] --END-- [ RunTime:0.000257s ]
ERR: 无法加载模块:Public

[ 2016-11-30T13:51:58+08:00 ] 1.80.217.136 /cnconsum/Public/Uploads/addImage/face_02.jpg
INFO: [ app_init ] --START--
INFO: Run Behavior\BuildLiteBehavior [ RunTime:0.000017s ]
INFO: [ app_init ] --END-- [ RunTime:0.000489s ]
ERR: 无法加载模块:Public

[ 2016-11-30T13:51:58+08:00 ] 1.80.217.136 /cnconsum/Public/Uploads/addImage/face_02.jpg
INFO: [ app_init ] --START--
INFO: Run Behavior\BuildLiteBehavior [ RunTime:0.000015s ]
INFO: [ app_init ] --END-- [ RunTime:0.000275s ]
ERR: 无法加载模块:Public

[ 2016-11-30T13:52:01+08:00 ] 1.80.217.136 /cnconsum/Public/Uploads/addImage/face_02.jpg
INFO: [ app_init ] --START--
INFO: Run Behavior\BuildLiteBehavior [ RunTime:0.000021s ]
INFO: [ app_init ] --END-- [ RunTime:0.000380s ]
ERR: 无法加载模块:Public

[ 2016-11-30T13:52:04+08:00 ] 1.80.217.136 /cnconsum/Public/Uploads/addImage/null
INFO: [ app_init ] --START--
INFO: Run Behavior\BuildLiteBehavior [ RunTime:0.000014s ]
INFO: [ app_init ] --END-- [ RunTime:0.000281s ]
ERR: 无法加载模块:Public

[ 2016-11-30T13:52:04+08:00 ] 1.80.217.136 /cnconsum/Public/Uploads/addImage/null
INFO: [ app_init ] --START--
INFO: Run Behavior\BuildLiteBehavior [ RunTime:0.000020s ]
INFO: [ app_init ] --END-- [ RunTime:0.000415s ]
ERR: 无法加载模块:Public

[ 2016-11-30T13:52:04+08:00 ] 1.80.217.136 /cnconsum/Public/Uploads/addImage/null
INFO: [ app_init ] --START--
INFO: Run Behavior\BuildLiteBehavior [ RunTime:0.000014s ]
INFO: [ app_init ] --END-- [ RunTime:0.000274s ]
ERR: 无法加载模块:Public

[ 2016-11-30T13:52:13+08:00 ] 1.80.217.136 /cnconsum/Public/Uploads/addImage/face_02.jpg
INFO: [ app_init ] --START--
INFO: Run Behavior\BuildLiteBehavior [ RunTime:0.000018s ]
INFO: [ app_init ] --END-- [ RunTime:0.000291s ]
ERR: 无法加载模块:Public

[ 2016-11-30T13:52:16+08:00 ] 1.80.217.136 /cnconsum/Public/Uploads/addImage/.png
INFO: [ app_init ] --START--
INFO: Run Behavior\BuildLiteBehavior [ RunTime:0.000016s ]
INFO: [ app_init ] --END-- [ RunTime:0.000297s ]
ERR: 无法加载模块:Public

[ 2016-11-30T13:52:16+08:00 ] 1.80.217.136 /cnconsum/Public/Uploads/addImage/.png
INFO: [ app_init ] --START--
INFO: Run Behavior\BuildLiteBehavior [ RunTime:0.000015s ]
INFO: [ app_init ] --END-- [ RunTime:0.000285s ]
ERR: 无法加载模块:Public

[ 2016-11-30T13:52:21+08:00 ] 1.80.217.136 /cnconsum/Public/Uploads/addImage/face_02.jpg
INFO: [ app_init ] --START--
INFO: Run Behavior\BuildLiteBehavior [ RunTime:0.000018s ]
INFO: [ app_init ] --END-- [ RunTime:0.000294s ]
ERR: 无法加载模块:Public

[ 2016-11-30T13:52:33+08:00 ] 1.80.217.136 /cnconsum/Public/Uploads/addImage/face_02.jpg
INFO: [ app_init ] --START--
INFO: Run Behavior\BuildLiteBehavior [ RunTime:0.000014s ]
INFO: [ app_init ] --END-- [ RunTime:0.000336s ]
ERR: 无法加载模块:Public

[ 2016-11-30T13:55:31+08:00 ] 1.80.217.136 /cnconsum/Public/Uploads/addImage/face_02.jpg
INFO: [ app_init ] --START--
INFO: Run Behavior\BuildLiteBehavior [ RunTime:0.000015s ]
INFO: [ app_init ] --END-- [ RunTime:0.000397s ]
ERR: 无法加载模块:Public

[ 2016-11-30T13:55:31+08:00 ] 1.80.217.136 /cnconsum/Public/Uploads/addImage/face_02.jpg
INFO: [ app_init ] --START--
INFO: Run Behavior\BuildLiteBehavior [ RunTime:0.000014s ]
INFO: [ app_init ] --END-- [ RunTime:0.000297s ]
ERR: 无法加载模块:Public

[ 2016-11-30T13:55:31+08:00 ] 1.80.217.136 /cnconsum/Public/Uploads/addImage/face_02.jpg
INFO: [ app_init ] --START--
INFO: Run Behavior\BuildLiteBehavior [ RunTime:0.000048s ]
INFO: [ app_init ] --END-- [ RunTime:0.000425s ]
ERR: 无法加载模块:Public

[ 2016-11-30T13:55:31+08:00 ] 1.80.217.136 /cnconsum/Public/Uploads/addImage/face_02.jpg
INFO: [ app_init ] --START--
INFO: Run Behavior\BuildLiteBehavior [ RunTime:0.000013s ]
INFO: [ app_init ] --END-- [ RunTime:0.000258s ]
ERR: 无法加载模块:Public

[ 2016-11-30T13:55:31+08:00 ] 1.80.217.136 /cnconsum/Public/Uploads/addImage/face_02.jpg
INFO: [ app_init ] --START--
INFO: Run Behavior\BuildLiteBehavior [ RunTime:0.000014s ]
INFO: [ app_init ] --END-- [ RunTime:0.000296s ]
ERR: 无法加载模块:Public

[ 2016-11-30T13:55:31+08:00 ] 1.80.217.136 /cnconsum/Public/Uploads/addImage/face_02.jpg
INFO: [ app_init ] --START--
INFO: Run Behavior\BuildLiteBehavior [ RunTime:0.000014s ]
INFO: [ app_init ] --END-- [ RunTime:0.000298s ]
ERR: 无法加载模块:Public

[ 2016-11-30T13:55:31+08:00 ] 1.80.217.136 /cnconsum/Public/Uploads/addImage/face_02.jpg
INFO: [ app_init ] --START--
INFO: Run Behavior\BuildLiteBehavior [ RunTime:0.000013s ]
INFO: [ app_init ] --END-- [ RunTime:0.000260s ]
ERR: 无法加载模块:Public

[ 2016-11-30T13:55:31+08:00 ] 1.80.217.136 /cnconsum/Public/Uploads/addImage/face_02.jpg
INFO: [ app_init ] --START--
INFO: Run Behavior\BuildLiteBehavior [ RunTime:0.000019s ]
INFO: [ app_init ] --END-- [ RunTime:0.000337s ]
ERR: 无法加载模块:Public

[ 2016-11-30T13:55:31+08:00 ] 1.80.217.136 /cnconsum/Public/Uploads/addImage/face_02.jpg
INFO: [ app_init ] --START--
INFO: Run Behavior\BuildLiteBehavior [ RunTime:0.000017s ]
INFO: [ app_init ] --END-- [ RunTime:0.000324s ]
ERR: 无法加载模块:Public

[ 2016-11-30T13:55:32+08:00 ] 1.80.217.136 /cnconsum/Public/Uploads/addImage/face_02.jpg
INFO: [ app_init ] --START--
INFO: Run Behavior\BuildLiteBehavior [ RunTime:0.000021s ]
INFO: [ app_init ] --END-- [ RunTime:0.000384s ]
ERR: 无法加载模块:Public

[ 2016-11-30T13:55:32+08:00 ] 1.80.217.136 /cnconsum/Public/Uploads/addImage/face_02.jpg
INFO: [ app_init ] --START--
INFO: Run Behavior\BuildLiteBehavior [ RunTime:0.000017s ]
INFO: [ app_init ] --END-- [ RunTime:0.000375s ]
ERR: 无法加载模块:Public

[ 2016-11-30T13:55:32+08:00 ] 1.80.217.136 /cnconsum/Public/Uploads/addImage/face_02.jpg
INFO: [ app_init ] --START--
INFO: Run Behavior\BuildLiteBehavior [ RunTime:0.000021s ]
INFO: [ app_init ] --END-- [ RunTime:0.000413s ]
ERR: 无法加载模块:Public

[ 2016-11-30T13:55:34+08:00 ] 1.80.217.136 /cnconsum/Public/Uploads/addImage/face_02.jpg
INFO: [ app_init ] --START--
INFO: Run Behavior\BuildLiteBehavior [ RunTime:0.000024s ]
INFO: [ app_init ] --END-- [ RunTime:0.000438s ]
ERR: 无法加载模块:Public

[ 2016-11-30T13:55:34+08:00 ] 1.80.217.136 /cnconsum/Public/Uploads/addImage/face_02.jpg
INFO: [ app_init ] --START--
INFO: Run Behavior\BuildLiteBehavior [ RunTime:0.000013s ]
INFO: [ app_init ] --END-- [ RunTime:0.000260s ]
ERR: 无法加载模块:Public

[ 2016-11-30T13:55:34+08:00 ] 1.80.217.136 /cnconsum/Public/Uploads/addImage/face_02.jpg
INFO: [ app_init ] --START--
INFO: Run Behavior\BuildLiteBehavior [ RunTime:0.000015s ]
INFO: [ app_init ] --END-- [ RunTime:0.000336s ]
ERR: 无法加载模块:Public

[ 2016-11-30T13:55:34+08:00 ] 1.80.217.136 /cnconsum/Public/Uploads/addImage/face_02.jpg
INFO: [ app_init ] --START--
INFO: Run Behavior\BuildLiteBehavior [ RunTime:0.000014s ]
INFO: [ app_init ] --END-- [ RunTime:0.000257s ]
ERR: 无法加载模块:Public

[ 2016-11-30T13:55:34+08:00 ] 1.80.217.136 /cnconsum/Public/Uploads/addImage/face_02.jpg
INFO: [ app_init ] --START--
INFO: Run Behavior\BuildLiteBehavior [ RunTime:0.000024s ]
INFO: [ app_init ] --END-- [ RunTime:0.000389s ]
ERR: 无法加载模块:Public

[ 2016-11-30T13:55:34+08:00 ] 1.80.217.136 /cnconsum/Public/Uploads/addImage/face_02.jpg
INFO: [ app_init ] --START--
INFO: Run Behavior\BuildLiteBehavior [ RunTime:0.000016s ]
INFO: [ app_init ] --END-- [ RunTime:0.000330s ]
ERR: 无法加载模块:Public

[ 2016-11-30T13:55:34+08:00 ] 1.80.217.136 /cnconsum/Public/Uploads/addImage/face_02.jpg
INFO: [ app_init ] --START--
INFO: Run Behavior\BuildLiteBehavior [ RunTime:0.000014s ]
INFO: [ app_init ] --END-- [ RunTime:0.000328s ]
ERR: 无法加载模块:Public

[ 2016-11-30T13:55:34+08:00 ] 1.80.217.136 /cnconsum/Public/Uploads/addImage/face_02.jpg
INFO: [ app_init ] --START--
INFO: Run Behavior\BuildLiteBehavior [ RunTime:0.000014s ]
INFO: [ app_init ] --END-- [ RunTime:0.000302s ]
ERR: 无法加载模块:Public

[ 2016-11-30T13:56:00+08:00 ] 1.80.217.136 /cnconsum/Public/Uploads/advertImage/null
INFO: [ app_init ] --START--
INFO: Run Behavior\BuildLiteBehavior [ RunTime:0.000019s ]
INFO: [ app_init ] --END-- [ RunTime:0.000310s ]
ERR: 无法加载模块:Public

[ 2016-11-30T13:56:00+08:00 ] 1.80.217.136 /cnconsum/Public/Uploads/advertImage/activity_1.png
INFO: [ app_init ] --START--
INFO: Run Behavior\BuildLiteBehavior [ RunTime:0.000015s ]
INFO: [ app_init ] --END-- [ RunTime:0.000329s ]
ERR: 无法加载模块:Public

[ 2016-11-30T13:56:00+08:00 ] 1.80.217.136 /cnconsum/Public/Uploads/advertImage/activity_0.png
INFO: [ app_init ] --START--
INFO: Run Behavior\BuildLiteBehavior [ RunTime:0.000013s ]
INFO: [ app_init ] --END-- [ RunTime:0.000302s ]
ERR: 无法加载模块:Public

[ 2016-11-30T14:08:00+08:00 ] 1.80.217.136 /cnconsum/Public/Uploads/addImage/face_02.jpg
INFO: [ app_init ] --START--
INFO: Run Behavior\BuildLiteBehavior [ RunTime:0.000019s ]
INFO: [ app_init ] --END-- [ RunTime:0.000452s ]
ERR: 无法加载模块:Public

[ 2016-11-30T14:08:00+08:00 ] 1.80.217.136 /cnconsum/Public/Uploads/addImage/face_02.jpg
INFO: [ app_init ] --START--
INFO: Run Behavior\BuildLiteBehavior [ RunTime:0.000014s ]
INFO: [ app_init ] --END-- [ RunTime:0.000326s ]
ERR: 无法加载模块:Public

[ 2016-11-30T14:08:00+08:00 ] 1.80.217.136 /cnconsum/Public/Uploads/addImage/face_02.jpg
INFO: [ app_init ] --START--
INFO: Run Behavior\BuildLiteBehavior [ RunTime:0.000016s ]
INFO: [ app_init ] --END-- [ RunTime:0.000275s ]
ERR: 无法加载模块:Public

[ 2016-11-30T14:08:01+08:00 ] 1.80.217.136 /cnconsum/Public/Uploads/addImage/face_02.jpg
INFO: [ app_init ] --START--
INFO: Run Behavior\BuildLiteBehavior [ RunTime:0.000016s ]
INFO: [ app_init ] --END-- [ RunTime:0.000358s ]
ERR: 无法加载模块:Public

[ 2016-11-30T14:08:01+08:00 ] 1.80.217.136 /cnconsum/Public/Uploads/addImage/face_02.jpg
INFO: [ app_init ] --START--
INFO: Run Behavior\BuildLiteBehavior [ RunTime:0.000015s ]
INFO: [ app_init ] --END-- [ RunTime:0.000315s ]
ERR: 无法加载模块:Public

[ 2016-11-30T14:08:01+08:00 ] 1.80.217.136 /cnconsum/Public/Uploads/addImage/face_02.jpg
INFO: [ app_init ] --START--
INFO: Run Behavior\BuildLiteBehavior [ RunTime:0.000016s ]
INFO: [ app_init ] --END-- [ RunTime:0.000371s ]
ERR: 无法加载模块:Public

[ 2016-11-30T14:08:01+08:00 ] 1.80.217.136 /cnconsum/Public/Uploads/addImage/face_02.jpg
INFO: [ app_init ] --START--
INFO: Run Behavior\BuildLiteBehavior [ RunTime:0.000019s ]
INFO: [ app_init ] --END-- [ RunTime:0.000452s ]
ERR: 无法加载模块:Public

[ 2016-11-30T14:08:01+08:00 ] 1.80.217.136 /cnconsum/Public/Uploads/addImage/face_02.jpg
INFO: [ app_init ] --START--
INFO: Run Behavior\BuildLiteBehavior [ RunTime:0.000022s ]
INFO: [ app_init ] --END-- [ RunTime:0.000340s ]
ERR: 无法加载模块:Public

[ 2016-11-30T14:08:01+08:00 ] 1.80.217.136 /cnconsum/Public/Uploads/addImage/face_02.jpg
INFO: [ app_init ] --START--
INFO: Run Behavior\BuildLiteBehavior [ RunTime:0.000015s ]
INFO: [ app_init ] --END-- [ RunTime:0.000299s ]
ERR: 无法加载模块:Public

[ 2016-11-30T14:08:01+08:00 ] 1.80.217.136 /cnconsum/Public/Uploads/addImage/face_02.jpg
INFO: [ app_init ] --START--
INFO: Run Behavior\BuildLiteBehavior [ RunTime:0.000018s ]
INFO: [ app_init ] --END-- [ RunTime:0.000399s ]
ERR: 无法加载模块:Public

[ 2016-11-30T14:08:02+08:00 ] 1.80.217.136 /cnconsum/Public/Uploads/addImage/face_02.jpg
INFO: [ app_init ] --START--
INFO: Run Behavior\BuildLiteBehavior [ RunTime:0.000014s ]
INFO: [ app_init ] --END-- [ RunTime:0.000262s ]
ERR: 无法加载模块:Public

[ 2016-11-30T14:08:02+08:00 ] 1.80.217.136 /cnconsum/Public/Uploads/addImage/face_02.jpg
INFO: [ app_init ] --START--
INFO: Run Behavior\BuildLiteBehavior [ RunTime:0.000014s ]
INFO: [ app_init ] --END-- [ RunTime:0.000285s ]
ERR: 无法加载模块:Public

[ 2016-11-30T14:08:03+08:00 ] 1.80.217.136 /cnconsum/Public/Uploads/addImage/face_02.jpg
INFO: [ app_init ] --START--
INFO: Run Behavior\BuildLiteBehavior [ RunTime:0.000016s ]
INFO: [ app_init ] --END-- [ RunTime:0.000274s ]
ERR: 无法加载模块:Public

[ 2016-11-30T14:08:03+08:00 ] 1.80.217.136 /cnconsum/Public/Uploads/addImage/face_02.jpg
INFO: [ app_init ] --START--
INFO: Run Behavior\BuildLiteBehavior [ RunTime:0.000017s ]
INFO: [ app_init ] --END-- [ RunTime:0.000303s ]
ERR: 无法加载模块:Public

[ 2016-11-30T14:08:04+08:00 ] 1.80.217.136 /cnconsum/Public/Uploads/addImage/face_02.jpg
INFO: [ app_init ] --START--
INFO: Run Behavior\BuildLiteBehavior [ RunTime:0.000019s ]
INFO: [ app_init ] --END-- [ RunTime:0.000292s ]
ERR: 无法加载模块:Public

[ 2016-11-30T14:08:04+08:00 ] 1.80.217.136 /cnconsum/Public/Uploads/addImage/face_02.jpg
INFO: [ app_init ] --START--
INFO: Run Behavior\BuildLiteBehavior [ RunTime:0.000021s ]
INFO: [ app_init ] --END-- [ RunTime:0.000420s ]
ERR: 无法加载模块:Public

[ 2016-11-30T14:08:04+08:00 ] 1.80.217.136 /cnconsum/Public/Uploads/addImage/face_02.jpg
INFO: [ app_init ] --START--
INFO: Run Behavior\BuildLiteBehavior [ RunTime:0.000020s ]
INFO: [ app_init ] --END-- [ RunTime:0.000478s ]
ERR: 无法加载模块:Public

[ 2016-11-30T14:08:04+08:00 ] 1.80.217.136 /cnconsum/Public/Uploads/addImage/face_02.jpg
INFO: [ app_init ] --START--
INFO: Run Behavior\BuildLiteBehavior [ RunTime:0.000019s ]
INFO: [ app_init ] --END-- [ RunTime:0.000351s ]
ERR: 无法加载模块:Public

[ 2016-11-30T14:08:04+08:00 ] 1.80.217.136 /cnconsum/Public/Uploads/addImage/face_02.jpg
INFO: [ app_init ] --START--
INFO: Run Behavior\BuildLiteBehavior [ RunTime:0.000014s ]
INFO: [ app_init ] --END-- [ RunTime:0.000296s ]
ERR: 无法加载模块:Public

[ 2016-11-30T14:08:04+08:00 ] 1.80.217.136 /cnconsum/Public/Uploads/addImage/face_02.jpg
INFO: [ app_init ] --START--
INFO: Run Behavior\BuildLiteBehavior [ RunTime:0.000014s ]
INFO: [ app_init ] --END-- [ RunTime:0.000262s ]
ERR: 无法加载模块:Public

[ 2016-11-30T14:18:05+08:00 ] 1.80.217.136 /cnconsum/Public/Uploads/addImage/face_02.jpg
INFO: [ app_init ] --START--
INFO: Run Behavior\BuildLiteBehavior [ RunTime:0.000014s ]
INFO: [ app_init ] --END-- [ RunTime:0.000288s ]
ERR: 无法加载模块:Public

[ 2016-11-30T14:18:05+08:00 ] 1.80.217.136 /cnconsum/Public/Uploads/addImage/face_02.jpg
INFO: [ app_init ] --START--
INFO: Run Behavior\BuildLiteBehavior [ RunTime:0.000015s ]
INFO: [ app_init ] --END-- [ RunTime:0.000335s ]
ERR: 无法加载模块:Public

[ 2016-11-30T14:29:21+08:00 ] 1.80.217.136 /cnconsum/Public/Uploads/addImage/face_02.jpg
INFO: [ app_init ] --START--
INFO: Run Behavior\BuildLiteBehavior [ RunTime:0.000038s ]
INFO: [ app_init ] --END-- [ RunTime:0.000553s ]
ERR: 无法加载模块:Public

[ 2016-11-30T14:29:21+08:00 ] 1.80.217.136 /cnconsum/Public/Uploads/addImage/face_02.jpg
INFO: [ app_init ] --START--
INFO: Run Behavior\BuildLiteBehavior [ RunTime:0.000020s ]
INFO: [ app_init ] --END-- [ RunTime:0.000504s ]
ERR: 无法加载模块:Public

[ 2016-11-30T14:29:28+08:00 ] 1.80.217.136 /cnconsum/Public/Uploads/addImage/null
INFO: [ app_init ] --START--
INFO: Run Behavior\BuildLiteBehavior [ RunTime:0.000025s ]
INFO: [ app_init ] --END-- [ RunTime:0.000520s ]
ERR: 无法加载模块:Public

[ 2016-11-30T14:29:28+08:00 ] 1.80.217.136 /cnconsum/Public/Uploads/addImage/null
INFO: [ app_init ] --START--
INFO: Run Behavior\BuildLiteBehavior [ RunTime:0.000023s ]
INFO: [ app_init ] --END-- [ RunTime:0.000493s ]
ERR: 无法加载模块:Public

[ 2016-11-30T14:29:28+08:00 ] 1.80.217.136 /cnconsum/Public/Uploads/addImage/null
INFO: [ app_init ] --START--
INFO: Run Behavior\BuildLiteBehavior [ RunTime:0.000027s ]
INFO: [ app_init ] --END-- [ RunTime:0.000507s ]
ERR: 无法加载模块:Public

[ 2016-11-30T14:29:29+08:00 ] 1.80.217.136 /cnconsum/Public/Uploads/addImage/null
INFO: [ app_init ] --START--
INFO: Run Behavior\BuildLiteBehavior [ RunTime:0.000024s ]
INFO: [ app_init ] --END-- [ RunTime:0.000515s ]
ERR: 无法加载模块:Public

[ 2016-11-30T14:29:45+08:00 ] 1.80.217.136 /cnconsum/Public/Uploads/advertImage/activity_1.png
INFO: [ app_init ] --START--
INFO: Run Behavior\BuildLiteBehavior [ RunTime:0.000020s ]
INFO: [ app_init ] --END-- [ RunTime:0.000398s ]
ERR: 无法加载模块:Public

[ 2016-11-30T14:29:45+08:00 ] 1.80.217.136 /cnconsum/Public/Uploads/advertImage/activity_0.png
INFO: [ app_init ] --START--
INFO: Run Behavior\BuildLiteBehavior [ RunTime:0.000012s ]
INFO: [ app_init ] --END-- [ RunTime:0.000287s ]
ERR: 无法加载模块:Public

[ 2016-11-30T14:29:45+08:00 ] 1.80.217.136 /cnconsum/Public/Uploads/advertImage/null
INFO: [ app_init ] --START--
INFO: Run Behavior\BuildLiteBehavior [ RunTime:0.000248s ]
INFO: [ app_init ] --END-- [ RunTime:0.000584s ]
ERR: 无法加载模块:Public

[ 2016-11-30T14:38:55+08:00 ] 1.80.217.136 /cnconsum/Public/Uploads/addImage/face_02.jpg
INFO: [ app_init ] --START--
INFO: Run Behavior\BuildLiteBehavior [ RunTime:0.000014s ]
INFO: [ app_init ] --END-- [ RunTime:0.000265s ]
ERR: 无法加载模块:Public

[ 2016-11-30T14:38:55+08:00 ] 1.80.217.136 /cnconsum/Public/Uploads/addImage/face_02.jpg
INFO: [ app_init ] --START--
INFO: Run Behavior\BuildLiteBehavior [ RunTime:0.000022s ]
INFO: [ app_init ] --END-- [ RunTime:0.000409s ]
ERR: 无法加载模块:Public

[ 2016-11-30T14:42:16+08:00 ] 1.80.217.136 /cnconsum/Public/Uploads/addImage/face_02.jpg
INFO: [ app_init ] --START--
INFO: Run Behavior\BuildLiteBehavior [ RunTime:0.000014s ]
INFO: [ app_init ] --END-- [ RunTime:0.000291s ]
ERR: 无法加载模块:Public

[ 2016-11-30T14:42:16+08:00 ] 1.80.217.136 /cnconsum/Public/Uploads/addImage/face_02.jpg
INFO: [ app_init ] --START--
INFO: Run Behavior\BuildLiteBehavior [ RunTime:0.000017s ]
INFO: [ app_init ] --END-- [ RunTime:0.000355s ]
ERR: 无法加载模块:Public

[ 2016-11-30T14:42:20+08:00 ] 1.80.217.136 /cnconsum/Public/Uploads/addImage/null
INFO: [ app_init ] --START--
INFO: Run Behavior\BuildLiteBehavior [ RunTime:0.000014s ]
INFO: [ app_init ] --END-- [ RunTime:0.000279s ]
ERR: 无法加载模块:Public

[ 2016-11-30T14:42:20+08:00 ] 1.80.217.136 /cnconsum/Public/Uploads/addImage/null
INFO: [ app_init ] --START--
INFO: Run Behavior\BuildLiteBehavior [ RunTime:0.000016s ]
INFO: [ app_init ] --END-- [ RunTime:0.000373s ]
ERR: 无法加载模块:Public

[ 2016-11-30T14:42:20+08:00 ] 1.80.217.136 /cnconsum/Public/Uploads/addImage/null
INFO: [ app_init ] --START--
INFO: Run Behavior\BuildLiteBehavior [ RunTime:0.000012s ]
INFO: [ app_init ] --END-- [ RunTime:0.000253s ]
ERR: 无法加载模块:Public

[ 2016-11-30T14:42:20+08:00 ] 1.80.217.136 /cnconsum/Public/Uploads/addImage/null
INFO: [ app_init ] --START--
INFO: Run Behavior\BuildLiteBehavior [ RunTime:0.000019s ]
INFO: [ app_init ] --END-- [ RunTime:0.000328s ]
ERR: 无法加载模块:Public

[ 2016-11-30T14:42:27+08:00 ] 1.80.217.136 /cnconsum/Public/Uploads/addImage/null
INFO: [ app_init ] --START--
INFO: Run Behavior\BuildLiteBehavior [ RunTime:0.000026s ]
INFO: [ app_init ] --END-- [ RunTime:0.000391s ]
ERR: 无法加载模块:Public

[ 2016-11-30T14:42:27+08:00 ] 1.80.217.136 /cnconsum/Public/Uploads/addImage/null
INFO: [ app_init ] --START--
INFO: Run Behavior\BuildLiteBehavior [ RunTime:0.000019s ]
INFO: [ app_init ] --END-- [ RunTime:0.000480s ]
ERR: 无法加载模块:Public

[ 2016-11-30T14:42:27+08:00 ] 1.80.217.136 /cnconsum/Public/Uploads/addImage/null
INFO: [ app_init ] --START--
INFO: Run Behavior\BuildLiteBehavior [ RunTime:0.000013s ]
INFO: [ app_init ] --END-- [ RunTime:0.000374s ]
ERR: 无法加载模块:Public

[ 2016-11-30T14:42:32+08:00 ] 1.80.217.136 /cnconsum/Public/Uploads/addImage/null
INFO: [ app_init ] --START--
INFO: Run Behavior\BuildLiteBehavior [ RunTime:0.000019s ]
INFO: [ app_init ] --END-- [ RunTime:0.000404s ]
ERR: 无法加载模块:Public

[ 2016-11-30T14:42:32+08:00 ] 1.80.217.136 /cnconsum/Public/Uploads/addImage/null
INFO: [ app_init ] --START--
INFO: Run Behavior\BuildLiteBehavior [ RunTime:0.000036s ]
INFO: [ app_init ] --END-- [ RunTime:0.000503s ]
ERR: 无法加载模块:Public

[ 2016-11-30T14:42:32+08:00 ] 1.80.217.136 /cnconsum/Public/Uploads/addImage/null
INFO: [ app_init ] --START--
INFO: Run Behavior\BuildLiteBehavior [ RunTime:0.000022s ]
INFO: [ app_init ] --END-- [ RunTime:0.000471s ]
ERR: 无法加载模块:Public

[ 2016-11-30T14:42:32+08:00 ] 1.80.217.136 /cnconsum/Public/Uploads/addImage/null
INFO: [ app_init ] --START--
INFO: Run Behavior\BuildLiteBehavior [ RunTime:0.000022s ]
INFO: [ app_init ] --END-- [ RunTime:0.000506s ]
ERR: 无法加载模块:Public

[ 2016-11-30T14:42:38+08:00 ] 1.80.217.136 /cnconsum/Public/Uploads/addImage/face_02.jpg
INFO: [ app_init ] --START--
INFO: Run Behavior\BuildLiteBehavior [ RunTime:0.000026s ]
INFO: [ app_init ] --END-- [ RunTime:0.000439s ]
ERR: 无法加载模块:Public

[ 2016-11-30T14:42:38+08:00 ] 1.80.217.136 /cnconsum/Public/Uploads/addImage/face_02.jpg
INFO: [ app_init ] --START--
INFO: Run Behavior\BuildLiteBehavior [ RunTime:0.000025s ]
INFO: [ app_init ] --END-- [ RunTime:0.000406s ]
ERR: 无法加载模块:Public

[ 2016-11-30T14:42:38+08:00 ] 1.80.217.136 /cnconsum/Public/Uploads/addImage/face_02.jpg
INFO: [ app_init ] --START--
INFO: Run Behavior\BuildLiteBehavior [ RunTime:0.000019s ]
INFO: [ app_init ] --END-- [ RunTime:0.000356s ]
ERR: 无法加载模块:Public

[ 2016-11-30T14:42:38+08:00 ] 1.80.217.136 /cnconsum/Public/Uploads/addImage/face_02.jpg
INFO: [ app_init ] --START--
INFO: Run Behavior\BuildLiteBehavior [ RunTime:0.000023s ]
INFO: [ app_init ] --END-- [ RunTime:0.000476s ]
ERR: 无法加载模块:Public

[ 2016-11-30T14:42:39+08:00 ] 1.80.217.136 /cnconsum/Public/Uploads/addImage/face_02.jpg
INFO: [ app_init ] --START--
INFO: Run Behavior\BuildLiteBehavior [ RunTime:0.000023s ]
INFO: [ app_init ] --END-- [ RunTime:0.000480s ]
ERR: 无法加载模块:Public

[ 2016-11-30T14:42:39+08:00 ] 1.80.217.136 /cnconsum/Public/Uploads/addImage/face_02.jpg
INFO: [ app_init ] --START--
INFO: Run Behavior\BuildLiteBehavior [ RunTime:0.000021s ]
INFO: [ app_init ] --END-- [ RunTime:0.000368s ]
ERR: 无法加载模块:Public

[ 2016-11-30T14:42:39+08:00 ] 1.80.217.136 /cnconsum/Public/Uploads/addImage/face_02.jpg
INFO: [ app_init ] --START--
INFO: Run Behavior\BuildLiteBehavior [ RunTime:0.000023s ]
INFO: [ app_init ] --END-- [ RunTime:0.000660s ]
ERR: 无法加载模块:Public

[ 2016-11-30T14:42:39+08:00 ] 1.80.217.136 /cnconsum/Public/Uploads/addImage/face_02.jpg
INFO: [ app_init ] --START--
INFO: Run Behavior\BuildLiteBehavior [ RunTime:0.000017s ]
INFO: [ app_init ] --END-- [ RunTime:0.000344s ]
ERR: 无法加载模块:Public

[ 2016-11-30T14:42:39+08:00 ] 1.80.217.136 /cnconsum/Public/Uploads/addImage/face_02.jpg
INFO: [ app_init ] --START--
INFO: Run Behavior\BuildLiteBehavior [ RunTime:0.000014s ]
INFO: [ app_init ] --END-- [ RunTime:0.000262s ]
ERR: 无法加载模块:Public

[ 2016-11-30T14:42:39+08:00 ] 1.80.217.136 /cnconsum/Public/Uploads/addImage/face_02.jpg
INFO: [ app_init ] --START--
INFO: Run Behavior\BuildLiteBehavior [ RunTime:0.000020s ]
INFO: [ app_init ] --END-- [ RunTime:0.000365s ]
ERR: 无法加载模块:Public

[ 2016-11-30T14:42:40+08:00 ] 1.80.217.136 /cnconsum/Public/Uploads/addImage/face_02.jpg
INFO: [ app_init ] --START--
INFO: Run Behavior\BuildLiteBehavior [ RunTime:0.000020s ]
INFO: [ app_init ] --END-- [ RunTime:0.000427s ]
ERR: 无法加载模块:Public

[ 2016-11-30T14:42:40+08:00 ] 1.80.217.136 /cnconsum/Public/Uploads/addImage/face_02.jpg
INFO: [ app_init ] --START--
INFO: Run Behavior\BuildLiteBehavior [ RunTime:0.000018s ]
INFO: [ app_init ] --END-- [ RunTime:0.000373s ]
ERR: 无法加载模块:Public

[ 2016-11-30T14:42:40+08:00 ] 1.80.217.136 /cnconsum/Public/Uploads/addImage/face_02.jpg
INFO: [ app_init ] --START--
INFO: Run Behavior\BuildLiteBehavior [ RunTime:0.000040s ]
INFO: [ app_init ] --END-- [ RunTime:0.000447s ]
ERR: 无法加载模块:Public

[ 2016-11-30T14:42:40+08:00 ] 1.80.217.136 /cnconsum/Public/Uploads/addImage/face_02.jpg
INFO: [ app_init ] --START--
INFO: Run Behavior\BuildLiteBehavior [ RunTime:0.000028s ]
INFO: [ app_init ] --END-- [ RunTime:0.000303s ]
ERR: 无法加载模块:Public

[ 2016-11-30T14:42:40+08:00 ] 1.80.217.136 /cnconsum/Public/Uploads/addImage/face_02.jpg
INFO: [ app_init ] --START--
INFO: Run Behavior\BuildLiteBehavior [ RunTime:0.000016s ]
INFO: [ app_init ] --END-- [ RunTime:0.000414s ]
ERR: 无法加载模块:Public

[ 2016-11-30T14:42:40+08:00 ] 1.80.217.136 /cnconsum/Public/Uploads/addImage/face_02.jpg
INFO: [ app_init ] --START--
INFO: Run Behavior\BuildLiteBehavior [ RunTime:0.000023s ]
INFO: [ app_init ] --END-- [ RunTime:0.000439s ]
ERR: 无法加载模块:Public

[ 2016-11-30T14:42:44+08:00 ] 1.80.217.136 /cnconsum/Public/Uploads/addImage/face_02.jpg
INFO: [ app_init ] --START--
INFO: Run Behavior\BuildLiteBehavior [ RunTime:0.000048s ]
INFO: [ app_init ] --END-- [ RunTime:0.000486s ]
ERR: 无法加载模块:Public

[ 2016-11-30T14:42:44+08:00 ] 1.80.217.136 /cnconsum/Public/Uploads/addImage/face_02.jpg
INFO: [ app_init ] --START--
INFO: Run Behavior\BuildLiteBehavior [ RunTime:0.000021s ]
INFO: [ app_init ] --END-- [ RunTime:0.000457s ]
ERR: 无法加载模块:Public

[ 2016-11-30T14:52:27+08:00 ] 1.80.217.136 /cnconsum/Public/Uploads/addImage/face_02.jpg
INFO: [ app_init ] --START--
INFO: Run Behavior\BuildLiteBehavior [ RunTime:0.000020s ]
INFO: [ app_init ] --END-- [ RunTime:0.000831s ]
ERR: 无法加载模块:Public

[ 2016-11-30T14:52:27+08:00 ] 1.80.217.136 /cnconsum/Public/Uploads/addImage/face_02.jpg
INFO: [ app_init ] --START--
INFO: Run Behavior\BuildLiteBehavior [ RunTime:0.000020s ]
INFO: [ app_init ] --END-- [ RunTime:0.000441s ]
ERR: 无法加载模块:Public

[ 2016-11-30T14:52:32+08:00 ] 1.80.217.136 /cnconsum/Public/Uploads/addImage/null
INFO: [ app_init ] --START--
INFO: Run Behavior\BuildLiteBehavior [ RunTime:0.000029s ]
INFO: [ app_init ] --END-- [ RunTime:0.000794s ]
ERR: 无法加载模块:Public

[ 2016-11-30T14:52:32+08:00 ] 1.80.217.136 /cnconsum/Public/Uploads/addImage/null
INFO: [ app_init ] --START--
INFO: Run Behavior\BuildLiteBehavior [ RunTime:0.000025s ]
INFO: [ app_init ] --END-- [ RunTime:0.000451s ]
ERR: 无法加载模块:Public

[ 2016-11-30T14:52:32+08:00 ] 1.80.217.136 /cnconsum/Public/Uploads/addImage/null
INFO: [ app_init ] --START--
INFO: Run Behavior\BuildLiteBehavior [ RunTime:0.000019s ]
INFO: [ app_init ] --END-- [ RunTime:0.000356s ]
ERR: 无法加载模块:Public

[ 2016-11-30T14:52:32+08:00 ] 1.80.217.136 /cnconsum/Public/Uploads/addImage/null
INFO: [ app_init ] --START--
INFO: Run Behavior\BuildLiteBehavior [ RunTime:0.000019s ]
INFO: [ app_init ] --END-- [ RunTime:0.000442s ]
ERR: 无法加载模块:Public

[ 2016-11-30T14:52:33+08:00 ] 1.80.217.136 /cnconsum/Public/Uploads/addImage/null
INFO: [ app_init ] --START--
INFO: Run Behavior\BuildLiteBehavior [ RunTime:0.000022s ]
INFO: [ app_init ] --END-- [ RunTime:0.000441s ]
ERR: 无法加载模块:Public

[ 2016-11-30T14:52:34+08:00 ] 1.80.217.136 /cnconsum/Public/Uploads/addImage/null
INFO: [ app_init ] --START--
INFO: Run Behavior\BuildLiteBehavior [ RunTime:0.000012s ]
INFO: [ app_init ] --END-- [ RunTime:0.000421s ]
ERR: 无法加载模块:Public

[ 2016-11-30T14:52:34+08:00 ] 1.80.217.136 /cnconsum/Public/Uploads/addImage/null
INFO: [ app_init ] --START--
INFO: Run Behavior\BuildLiteBehavior [ RunTime:0.000031s ]
INFO: [ app_init ] --END-- [ RunTime:0.000402s ]
ERR: 无法加载模块:Public

[ 2016-11-30T14:52:37+08:00 ] 1.80.217.136 /cnconsum/Public/Uploads/addImage/null
INFO: [ app_init ] --START--
INFO: Run Behavior\BuildLiteBehavior [ RunTime:0.000560s ]
INFO: [ app_init ] --END-- [ RunTime:0.001079s ]
ERR: 无法加载模块:Public

[ 2016-11-30T14:52:37+08:00 ] 1.80.217.136 /cnconsum/Public/Uploads/addImage/null
INFO: [ app_init ] --START--
INFO: Run Behavior\BuildLiteBehavior [ RunTime:0.000021s ]
INFO: [ app_init ] --END-- [ RunTime:0.000440s ]
ERR: 无法加载模块:Public

[ 2016-11-30T14:52:37+08:00 ] 1.80.217.136 /cnconsum/Public/Uploads/addImage/null
INFO: [ app_init ] --START--
INFO: Run Behavior\BuildLiteBehavior [ RunTime:0.000019s ]
INFO: [ app_init ] --END-- [ RunTime:0.000426s ]
ERR: 无法加载模块:Public

[ 2016-11-30T14:52:38+08:00 ] 1.80.217.136 /cnconsum/Public/Uploads/addImage/null
INFO: [ app_init ] --START--
INFO: Run Behavior\BuildLiteBehavior [ RunTime:0.000015s ]
INFO: [ app_init ] --END-- [ RunTime:0.000344s ]
ERR: 无法加载模块:Public

[ 2016-11-30T14:52:45+08:00 ] 1.80.217.136 /cnconsum/Public/Uploads/addImage/null
INFO: [ app_init ] --START--
INFO: Run Behavior\BuildLiteBehavior [ RunTime:0.000017s ]
INFO: [ app_init ] --END-- [ RunTime:0.000305s ]
ERR: 无法加载模块:Public

[ 2016-11-30T14:52:45+08:00 ] 1.80.217.136 /cnconsum/Public/Uploads/addImage/null
INFO: [ app_init ] --START--
INFO: Run Behavior\BuildLiteBehavior [ RunTime:0.000023s ]
INFO: [ app_init ] --END-- [ RunTime:0.000446s ]
ERR: 无法加载模块:Public

[ 2016-11-30T14:52:45+08:00 ] 1.80.217.136 /cnconsum/Public/Uploads/addImage/null
INFO: [ app_init ] --START--
INFO: Run Behavior\BuildLiteBehavior [ RunTime:0.000025s ]
INFO: [ app_init ] --END-- [ RunTime:0.000491s ]
ERR: 无法加载模块:Public

[ 2016-11-30T14:52:45+08:00 ] 1.80.217.136 /cnconsum/Public/Uploads/addImage/null
INFO: [ app_init ] --START--
INFO: Run Behavior\BuildLiteBehavior [ RunTime:0.000031s ]
INFO: [ app_init ] --END-- [ RunTime:0.000314s ]
ERR: 无法加载模块:Public

[ 2016-11-30T15:29:43+08:00 ] 1.80.217.136 /cnconsum/Public/Uploads/advertImage/activity_0.png
INFO: [ app_init ] --START--
INFO: Run Behavior\BuildLiteBehavior [ RunTime:0.000019s ]
INFO: [ app_init ] --END-- [ RunTime:0.000390s ]
ERR: 无法加载模块:Public

[ 2016-11-30T15:29:43+08:00 ] 1.80.217.136 /cnconsum/Public/Uploads/advertImage/activity_1.png
INFO: [ app_init ] --START--
INFO: Run Behavior\BuildLiteBehavior [ RunTime:0.000020s ]
INFO: [ app_init ] --END-- [ RunTime:0.000467s ]
ERR: 无法加载模块:Public

[ 2016-11-30T15:29:43+08:00 ] 1.80.217.136 /cnconsum/Public/Uploads/advertImage/null
INFO: [ app_init ] --START--
INFO: Run Behavior\BuildLiteBehavior [ RunTime:0.000027s ]
INFO: [ app_init ] --END-- [ RunTime:0.000601s ]
ERR: 无法加载模块:Public

[ 2016-11-30T15:57:17+08:00 ] 1.80.217.136 /cnconsum/Public/image/idpgl.gif
INFO: [ app_init ] --START--
INFO: Run Behavior\BuildLiteBehavior [ RunTime:0.000014s ]
INFO: [ app_init ] --END-- [ RunTime:0.000305s ]
ERR: 无法加载模块:Public

[ 2016-11-30T15:57:58+08:00 ] 1.80.217.136 /cnconsum/Public/image/idpgl.gif
INFO: [ app_init ] --START--
INFO: Run Behavior\BuildLiteBehavior [ RunTime:0.000014s ]
INFO: [ app_init ] --END-- [ RunTime:0.000305s ]
ERR: 无法加载模块:Public

[ 2016-11-30T15:58:23+08:00 ] 1.80.217.136 /cnconsum/Public/image/idpgl.gif
INFO: [ app_init ] --START--
INFO: Run Behavior\BuildLiteBehavior [ RunTime:0.000014s ]
INFO: [ app_init ] --END-- [ RunTime:0.000341s ]
ERR: 无法加载模块:Public

[ 2016-11-30T16:16:33+08:00 ] 1.80.217.136 /cnconsum/Public/Uploads/advertImage/activity_1.png
INFO: [ app_init ] --START--
INFO: Run Behavior\BuildLiteBehavior [ RunTime:0.000021s ]
INFO: [ app_init ] --END-- [ RunTime:0.000437s ]
ERR: 无法加载模块:Public

[ 2016-11-30T16:16:33+08:00 ] 1.80.217.136 /cnconsum/Public/Uploads/advertImage/null
INFO: [ app_init ] --START--
INFO: Run Behavior\BuildLiteBehavior [ RunTime:0.000019s ]
INFO: [ app_init ] --END-- [ RunTime:0.000473s ]
ERR: 无法加载模块:Public

[ 2016-11-30T16:16:33+08:00 ] 1.80.217.136 /cnconsum/Public/Uploads/advertImage/activity_0.png
INFO: [ app_init ] --START--
INFO: Run Behavior\BuildLiteBehavior [ RunTime:0.000024s ]
INFO: [ app_init ] --END-- [ RunTime:0.000476s ]
ERR: 无法加载模块:Public

[ 2016-11-30T16:35:11+08:00 ] 1.80.217.136 /cnconsum/Public/Uploads/addImage/face_02.jpg
INFO: [ app_init ] --START--
INFO: Run Behavior\BuildLiteBehavior [ RunTime:0.000013s ]
INFO: [ app_init ] --END-- [ RunTime:0.000290s ]
ERR: 无法加载模块:Public

[ 2016-11-30T16:35:11+08:00 ] 1.80.217.136 /cnconsum/Public/Uploads/addImage/face_02.jpg
INFO: [ app_init ] --START--
INFO: Run Behavior\BuildLiteBehavior [ RunTime:0.000019s ]
INFO: [ app_init ] --END-- [ RunTime:0.000463s ]
ERR: 无法加载模块:Public

[ 2016-11-30T16:35:15+08:00 ] 1.80.217.136 /cnconsum/Public/Uploads/addImage/null
INFO: [ app_init ] --START--
INFO: Run Behavior\BuildLiteBehavior [ RunTime:0.000021s ]
INFO: [ app_init ] --END-- [ RunTime:0.000444s ]
ERR: 无法加载模块:Public

[ 2016-11-30T16:35:15+08:00 ] 1.80.217.136 /cnconsum/Public/Uploads/addImage/null
INFO: [ app_init ] --START--
INFO: Run Behavior\BuildLiteBehavior [ RunTime:0.000023s ]
INFO: [ app_init ] --END-- [ RunTime:0.000638s ]
ERR: 无法加载模块:Public

[ 2016-11-30T16:35:15+08:00 ] 1.80.217.136 /cnconsum/Public/Uploads/addImage/null
INFO: [ app_init ] --START--
INFO: Run Behavior\BuildLiteBehavior [ RunTime:0.000014s ]
INFO: [ app_init ] --END-- [ RunTime:0.000261s ]
ERR: 无法加载模块:Public

[ 2016-11-30T16:38:49+08:00 ] 1.80.217.136 /cnconsum/Public/Uploads/advertImage/null
INFO: [ app_init ] --START--
INFO: Run Behavior\BuildLiteBehavior [ RunTime:0.000031s ]
INFO: [ app_init ] --END-- [ RunTime:0.000363s ]
ERR: 无法加载模块:Public

[ 2016-11-30T16:38:49+08:00 ] 1.80.217.136 /cnconsum/Public/Uploads/advertImage/activity_0.png
INFO: [ app_init ] --START--
INFO: Run Behavior\BuildLiteBehavior [ RunTime:0.000016s ]
INFO: [ app_init ] --END-- [ RunTime:0.000316s ]
ERR: 无法加载模块:Public

[ 2016-11-30T16:38:49+08:00 ] 1.80.217.136 /cnconsum/Public/Uploads/advertImage/activity_1.png
INFO: [ app_init ] --START--
INFO: Run Behavior\BuildLiteBehavior [ RunTime:0.000012s ]
INFO: [ app_init ] --END-- [ RunTime:0.000308s ]
ERR: 无法加载模块:Public

[ 2016-11-30T16:46:59+08:00 ] 1.80.217.136 /cnconsum/Public/Uploads/advertImage/activity_1.png
INFO: [ app_init ] --START--
INFO: Run Behavior\BuildLiteBehavior [ RunTime:0.000019s ]
INFO: [ app_init ] --END-- [ RunTime:0.000379s ]
ERR: 无法加载模块:Public

[ 2016-11-30T16:46:59+08:00 ] 1.80.217.136 /cnconsum/Public/Uploads/advertImage/activity_0.png
INFO: [ app_init ] --START--
INFO: Run Behavior\BuildLiteBehavior [ RunTime:0.000018s ]
INFO: [ app_init ] --END-- [ RunTime:0.000393s ]
ERR: 无法加载模块:Public

[ 2016-11-30T16:46:59+08:00 ] 1.80.217.136 /cnconsum/Public/Uploads/advertImage/null
INFO: [ app_init ] --START--
INFO: Run Behavior\BuildLiteBehavior [ RunTime:0.000013s ]
INFO: [ app_init ] --END-- [ RunTime:0.000254s ]
ERR: 无法加载模块:Public

[ 2016-11-30T16:50:54+08:00 ] 1.80.217.136 /cnconsum/Public/Uploads/advertImage/activity_1.png
INFO: [ app_init ] --START--
INFO: Run Behavior\BuildLiteBehavior [ RunTime:0.000014s ]
INFO: [ app_init ] --END-- [ RunTime:0.000395s ]
ERR: 无法加载模块:Public

[ 2016-11-30T16:50:54+08:00 ] 1.80.217.136 /cnconsum/Public/Uploads/advertImage/activity_0.png
INFO: [ app_init ] --START--
INFO: Run Behavior\BuildLiteBehavior [ RunTime:0.000013s ]
INFO: [ app_init ] --END-- [ RunTime:0.000273s ]
ERR: 无法加载模块:Public

[ 2016-11-30T16:50:54+08:00 ] 1.80.217.136 /cnconsum/Public/Uploads/advertImage/null
INFO: [ app_init ] --START--
INFO: Run Behavior\BuildLiteBehavior [ RunTime:0.000016s ]
INFO: [ app_init ] --END-- [ RunTime:0.000350s ]
ERR: 无法加载模块:Public

[ 2016-11-30T16:52:28+08:00 ] 1.80.217.136 /cnconsum/Public/Uploads/advertImage/activity_0.png
INFO: [ app_init ] --START--
INFO: Run Behavior\BuildLiteBehavior [ RunTime:0.000013s ]
INFO: [ app_init ] --END-- [ RunTime:0.000260s ]
ERR: 无法加载模块:Public

[ 2016-11-30T16:52:28+08:00 ] 1.80.217.136 /cnconsum/Public/Uploads/advertImage/activity_1.png
INFO: [ app_init ] --START--
INFO: Run Behavior\BuildLiteBehavior [ RunTime:0.000014s ]
INFO: [ app_init ] --END-- [ RunTime:0.000347s ]
ERR: 无法加载模块:Public

[ 2016-11-30T16:52:28+08:00 ] 1.80.217.136 /cnconsum/Public/Uploads/advertImage/null
INFO: [ app_init ] --START--
INFO: Run Behavior\BuildLiteBehavior [ RunTime:0.000021s ]
INFO: [ app_init ] --END-- [ RunTime:0.000558s ]
ERR: 无法加载模块:Public

[ 2016-11-30T16:54:39+08:00 ] 1.80.217.136 /cnconsum/Public/Uploads/advertImage/activity_1.png
INFO: [ app_init ] --START--
INFO: Run Behavior\BuildLiteBehavior [ RunTime:0.000019s ]
INFO: [ app_init ] --END-- [ RunTime:0.000383s ]
ERR: 无法加载模块:Public

[ 2016-11-30T16:54:39+08:00 ] 1.80.217.136 /cnconsum/Public/Uploads/advertImage/activity_0.png
INFO: [ app_init ] --START--
INFO: Run Behavior\BuildLiteBehavior [ RunTime:0.000016s ]
INFO: [ app_init ] --END-- [ RunTime:0.000331s ]
ERR: 无法加载模块:Public

[ 2016-11-30T16:54:39+08:00 ] 1.80.217.136 /cnconsum/Public/Uploads/advertImage/null
INFO: [ app_init ] --START--
INFO: Run Behavior\BuildLiteBehavior [ RunTime:0.000019s ]
INFO: [ app_init ] --END-- [ RunTime:0.000431s ]
ERR: 无法加载模块:Public

[ 2016-11-30T16:55:56+08:00 ] 1.80.217.136 /cnconsum/Public/Uploads/addImage/face_02.jpg
INFO: [ app_init ] --START--
INFO: Run Behavior\BuildLiteBehavior [ RunTime:0.000014s ]
INFO: [ app_init ] --END-- [ RunTime:0.000345s ]
ERR: 无法加载模块:Public

[ 2016-11-30T16:55:56+08:00 ] 1.80.217.136 /cnconsum/Public/Uploads/addImage/face_02.jpg
INFO: [ app_init ] --START--
INFO: Run Behavior\BuildLiteBehavior [ RunTime:0.000014s ]
INFO: [ app_init ] --END-- [ RunTime:0.000296s ]
ERR: 无法加载模块:Public

[ 2016-11-30T16:56:17+08:00 ] 1.80.217.136 /cnconsum/Public/Uploads/addImage/null
INFO: [ app_init ] --START--
INFO: Run Behavior\BuildLiteBehavior [ RunTime:0.000012s ]
INFO: [ app_init ] --END-- [ RunTime:0.000283s ]
ERR: 无法加载模块:Public

[ 2016-11-30T16:56:18+08:00 ] 1.80.217.136 /cnconsum/Public/Uploads/addImage/null
INFO: [ app_init ] --START--
INFO: Run Behavior\BuildLiteBehavior [ RunTime:0.000014s ]
INFO: [ app_init ] --END-- [ RunTime:0.000266s ]
ERR: 无法加载模块:Public

[ 2016-11-30T16:56:18+08:00 ] 1.80.217.136 /cnconsum/Public/Uploads/addImage/null
INFO: [ app_init ] --START--
INFO: Run Behavior\BuildLiteBehavior [ RunTime:0.000012s ]
INFO: [ app_init ] --END-- [ RunTime:0.000254s ]
ERR: 无法加载模块:Public

[ 2016-11-30T16:59:44+08:00 ] 1.80.217.136 /cnconsum/Public/Uploads/addImage/face_02.jpg
INFO: [ app_init ] --START--
INFO: Run Behavior\BuildLiteBehavior [ RunTime:0.000014s ]
INFO: [ app_init ] --END-- [ RunTime:0.000305s ]
ERR: 无法加载模块:Public

[ 2016-11-30T16:59:44+08:00 ] 1.80.217.136 /cnconsum/Public/Uploads/addImage/face_02.jpg
INFO: [ app_init ] --START--
INFO: Run Behavior\BuildLiteBehavior [ RunTime:0.000014s ]
INFO: [ app_init ] --END-- [ RunTime:0.000339s ]
ERR: 无法加载模块:Public

[ 2016-11-30T17:00:11+08:00 ] 1.80.217.136 /cnconsum/Public/Uploads/addImage/null
INFO: [ app_init ] --START--
INFO: Run Behavior\BuildLiteBehavior [ RunTime:0.000014s ]
INFO: [ app_init ] --END-- [ RunTime:0.000256s ]
ERR: 无法加载模块:Public

[ 2016-11-30T17:00:11+08:00 ] 1.80.217.136 /cnconsum/Public/Uploads/addImage/null
INFO: [ app_init ] --START--
INFO: Run Behavior\BuildLiteBehavior [ RunTime:0.000015s ]
INFO: [ app_init ] --END-- [ RunTime:0.000300s ]
ERR: 无法加载模块:Public

[ 2016-11-30T17:00:11+08:00 ] 1.80.217.136 /cnconsum/Public/Uploads/addImage/null
INFO: [ app_init ] --START--
INFO: Run Behavior\BuildLiteBehavior [ RunTime:0.000013s ]
INFO: [ app_init ] --END-- [ RunTime:0.000253s ]
ERR: 无法加载模块:Public

[ 2016-11-30T17:08:16+08:00 ] 1.80.217.136 /cnconsum/Public/Uploads/addImage/face_02.jpg
INFO: [ app_init ] --START--
INFO: Run Behavior\BuildLiteBehavior [ RunTime:0.000014s ]
INFO: [ app_init ] --END-- [ RunTime:0.000263s ]
ERR: 无法加载模块:Public

[ 2016-11-30T17:08:16+08:00 ] 1.80.217.136 /cnconsum/Public/Uploads/addImage/face_02.jpg
INFO: [ app_init ] --START--
INFO: Run Behavior\BuildLiteBehavior [ RunTime:0.000030s ]
INFO: [ app_init ] --END-- [ RunTime:0.000314s ]
ERR: 无法加载模块:Public

[ 2016-11-30T17:08:19+08:00 ] 1.80.217.136 /cnconsum/Public/Uploads/addImage/null
INFO: [ app_init ] --START--
INFO: Run Behavior\BuildLiteBehavior [ RunTime:0.000021s ]
INFO: [ app_init ] --END-- [ RunTime:0.000299s ]
ERR: 无法加载模块:Public

[ 2016-11-30T17:08:19+08:00 ] 1.80.217.136 /cnconsum/Public/Uploads/addImage/null
INFO: [ app_init ] --START--
INFO: Run Behavior\BuildLiteBehavior [ RunTime:0.000013s ]
INFO: [ app_init ] --END-- [ RunTime:0.000307s ]
ERR: 无法加载模块:Public

[ 2016-11-30T17:08:19+08:00 ] 1.80.217.136 /cnconsum/Public/Uploads/addImage/null
INFO: [ app_init ] --START--
INFO: Run Behavior\BuildLiteBehavior [ RunTime:0.000014s ]
INFO: [ app_init ] --END-- [ RunTime:0.000316s ]
ERR: 无法加载模块:Public

[ 2016-11-30T17:08:19+08:00 ] 1.80.217.136 /cnconsum/Public/Uploads/addImage/null
INFO: [ app_init ] --START--
INFO: Run Behavior\BuildLiteBehavior [ RunTime:0.000014s ]
INFO: [ app_init ] --END-- [ RunTime:0.000271s ]
ERR: 无法加载模块:Public

[ 2016-11-30T17:10:05+08:00 ] 1.80.217.136 /cnconsum/Public/Uploads/addImage/face_02.jpg
INFO: [ app_init ] --START--
INFO: Run Behavior\BuildLiteBehavior [ RunTime:0.000013s ]
INFO: [ app_init ] --END-- [ RunTime:0.000258s ]
ERR: 无法加载模块:Public

[ 2016-11-30T17:10:05+08:00 ] 1.80.217.136 /cnconsum/Public/Uploads/addImage/face_02.jpg
INFO: [ app_init ] --START--
INFO: Run Behavior\BuildLiteBehavior [ RunTime:0.000013s ]
INFO: [ app_init ] --END-- [ RunTime:0.000298s ]
ERR: 无法加载模块:Public

[ 2016-11-30T17:10:17+08:00 ] 1.80.217.136 /cnconsum/Public/Uploads/addImage/null
INFO: [ app_init ] --START--
INFO: Run Behavior\BuildLiteBehavior [ RunTime:0.000015s ]
INFO: [ app_init ] --END-- [ RunTime:0.000296s ]
ERR: 无法加载模块:Public

[ 2016-11-30T17:10:17+08:00 ] 1.80.217.136 /cnconsum/Public/Uploads/addImage/null
INFO: [ app_init ] --START--
INFO: Run Behavior\BuildLiteBehavior [ RunTime:0.000014s ]
INFO: [ app_init ] --END-- [ RunTime:0.000268s ]
ERR: 无法加载模块:Public

[ 2016-11-30T17:10:17+08:00 ] 1.80.217.136 /cnconsum/Public/Uploads/addImage/null
INFO: [ app_init ] --START--
INFO: Run Behavior\BuildLiteBehavior [ RunTime:0.000013s ]
INFO: [ app_init ] --END-- [ RunTime:0.000288s ]
ERR: 无法加载模块:Public

[ 2016-11-30T17:10:17+08:00 ] 1.80.217.136 /cnconsum/Public/Uploads/addImage/null
INFO: [ app_init ] --START--
INFO: Run Behavior\BuildLiteBehavior [ RunTime:0.000014s ]
INFO: [ app_init ] --END-- [ RunTime:0.000287s ]
ERR: 无法加载模块:Public

[ 2016-11-30T17:11:37+08:00 ] 1.80.217.136 /cnconsum/Public/Uploads/addImage/null
INFO: [ app_init ] --START--
INFO: Run Behavior\BuildLiteBehavior [ RunTime:0.000023s ]
INFO: [ app_init ] --END-- [ RunTime:0.000318s ]
ERR: 无法加载模块:Public

[ 2016-11-30T17:11:38+08:00 ] 1.80.217.136 /cnconsum/Public/Uploads/addImage/null
INFO: [ app_init ] --START--
INFO: Run Behavior\BuildLiteBehavior [ RunTime:0.000014s ]
INFO: [ app_init ] --END-- [ RunTime:0.000273s ]
ERR: 无法加载模块:Public

[ 2016-11-30T17:11:38+08:00 ] 1.80.217.136 /cnconsum/Public/Uploads/addImage/null
INFO: [ app_init ] --START--
INFO: Run Behavior\BuildLiteBehavior [ RunTime:0.000013s ]
INFO: [ app_init ] --END-- [ RunTime:0.000268s ]
ERR: 无法加载模块:Public

[ 2016-11-30T17:14:24+08:00 ] 1.80.217.136 /cnconsum/Public/Uploads/addImage/face_02.jpg
INFO: [ app_init ] --START--
INFO: Run Behavior\BuildLiteBehavior [ RunTime:0.000014s ]
INFO: [ app_init ] --END-- [ RunTime:0.000260s ]
ERR: 无法加载模块:Public

[ 2016-11-30T17:14:24+08:00 ] 1.80.217.136 /cnconsum/Public/Uploads/addImage/face_02.jpg
INFO: [ app_init ] --START--
INFO: Run Behavior\BuildLiteBehavior [ RunTime:0.000014s ]
INFO: [ app_init ] --END-- [ RunTime:0.000343s ]
ERR: 无法加载模块:Public

[ 2016-11-30T17:14:26+08:00 ] 1.80.217.136 /cnconsum/Public/Uploads/addImage/null
INFO: [ app_init ] --START--
INFO: Run Behavior\BuildLiteBehavior [ RunTime:0.000017s ]
INFO: [ app_init ] --END-- [ RunTime:0.000277s ]
ERR: 无法加载模块:Public

[ 2016-11-30T17:14:26+08:00 ] 1.80.217.136 /cnconsum/Public/Uploads/addImage/null
INFO: [ app_init ] --START--
INFO: Run Behavior\BuildLiteBehavior [ RunTime:0.000018s ]
INFO: [ app_init ] --END-- [ RunTime:0.000294s ]
ERR: 无法加载模块:Public

[ 2016-11-30T17:14:26+08:00 ] 1.80.217.136 /cnconsum/Public/Uploads/addImage/null
INFO: [ app_init ] --START--
INFO: Run Behavior\BuildLiteBehavior [ RunTime:0.000018s ]
INFO: [ app_init ] --END-- [ RunTime:0.000364s ]
ERR: 无法加载模块:Public

[ 2016-11-30T17:14:27+08:00 ] 1.80.217.136 /cnconsum/Public/Uploads/addImage/null
INFO: [ app_init ] --START--
INFO: Run Behavior\BuildLiteBehavior [ RunTime:0.000014s ]
INFO: [ app_init ] --END-- [ RunTime:0.000271s ]
ERR: 无法加载模块:Public

[ 2016-11-30T17:35:29+08:00 ] 1.80.217.136 /cnconsum/Public/Uploads/addImage/face_02.jpg
INFO: [ app_init ] --START--
INFO: Run Behavior\BuildLiteBehavior [ RunTime:0.000021s ]
INFO: [ app_init ] --END-- [ RunTime:0.000396s ]
ERR: 无法加载模块:Public

[ 2016-11-30T17:35:29+08:00 ] 1.80.217.136 /cnconsum/Public/Uploads/addImage/face_02.jpg
INFO: [ app_init ] --START--
INFO: Run Behavior\BuildLiteBehavior [ RunTime:0.000015s ]
INFO: [ app_init ] --END-- [ RunTime:0.000296s ]
ERR: 无法加载模块:Public

[ 2016-11-30T17:35:29+08:00 ] 1.80.217.136 /cnconsum/Public/Uploads/addImage/face_02.jpg
INFO: [ app_init ] --START--
INFO: Run Behavior\BuildLiteBehavior [ RunTime:0.000016s ]
INFO: [ app_init ] --END-- [ RunTime:0.000282s ]
ERR: 无法加载模块:Public

[ 2016-11-30T17:35:29+08:00 ] 1.80.217.136 /cnconsum/Public/Uploads/addImage/face_02.jpg
INFO: [ app_init ] --START--
INFO: Run Behavior\BuildLiteBehavior [ RunTime:0.000016s ]
INFO: [ app_init ] --END-- [ RunTime:0.000296s ]
ERR: 无法加载模块:Public

[ 2016-11-30T17:35:29+08:00 ] 1.80.217.136 /cnconsum/Public/Uploads/addImage/face_02.jpg
INFO: [ app_init ] --START--
INFO: Run Behavior\BuildLiteBehavior [ RunTime:0.000015s ]
INFO: [ app_init ] --END-- [ RunTime:0.000289s ]
ERR: 无法加载模块:Public

[ 2016-11-30T17:35:29+08:00 ] 1.80.217.136 /cnconsum/Public/Uploads/addImage/face_02.jpg
INFO: [ app_init ] --START--
INFO: Run Behavior\BuildLiteBehavior [ RunTime:0.000015s ]
INFO: [ app_init ] --END-- [ RunTime:0.000265s ]
ERR: 无法加载模块:Public

[ 2016-11-30T17:35:30+08:00 ] 1.80.217.136 /cnconsum/Public/Uploads/addImage/face_02.jpg
INFO: [ app_init ] --START--
INFO: Run Behavior\BuildLiteBehavior [ RunTime:0.000013s ]
INFO: [ app_init ] --END-- [ RunTime:0.000354s ]
ERR: 无法加载模块:Public

[ 2016-11-30T17:35:31+08:00 ] 1.80.217.136 /cnconsum/Public/Uploads/addImage/face_02.jpg
INFO: [ app_init ] --START--
INFO: Run Behavior\BuildLiteBehavior [ RunTime:0.000014s ]
INFO: [ app_init ] --END-- [ RunTime:0.000289s ]
ERR: 无法加载模块:Public

[ 2016-11-30T17:35:31+08:00 ] 1.80.217.136 /cnconsum/Public/Uploads/addImage/face_02.jpg
INFO: [ app_init ] --START--
INFO: Run Behavior\BuildLiteBehavior [ RunTime:0.000014s ]
INFO: [ app_init ] --END-- [ RunTime:0.000256s ]
ERR: 无法加载模块:Public

[ 2016-11-30T17:35:31+08:00 ] 1.80.217.136 /cnconsum/Public/Uploads/addImage/face_02.jpg
INFO: [ app_init ] --START--
INFO: Run Behavior\BuildLiteBehavior [ RunTime:0.000014s ]
INFO: [ app_init ] --END-- [ RunTime:0.000320s ]
ERR: 无法加载模块:Public

[ 2016-11-30T17:35:31+08:00 ] 1.80.217.136 /cnconsum/Public/Uploads/addImage/face_02.jpg
INFO: [ app_init ] --START--
INFO: Run Behavior\BuildLiteBehavior [ RunTime:0.000014s ]
INFO: [ app_init ] --END-- [ RunTime:0.000277s ]
ERR: 无法加载模块:Public

[ 2016-11-30T17:35:31+08:00 ] 1.80.217.136 /cnconsum/Public/Uploads/addImage/face_02.jpg
INFO: [ app_init ] --START--
INFO: Run Behavior\BuildLiteBehavior [ RunTime:0.000016s ]
INFO: [ app_init ] --END-- [ RunTime:0.000268s ]
ERR: 无法加载模块:Public

[ 2016-11-30T17:35:32+08:00 ] 1.80.217.136 /cnconsum/Public/Uploads/addImage/face_02.jpg
INFO: [ app_init ] --START--
INFO: Run Behavior\BuildLiteBehavior [ RunTime:0.000015s ]
INFO: [ app_init ] --END-- [ RunTime:0.000274s ]
ERR: 无法加载模块:Public

[ 2016-11-30T17:35:32+08:00 ] 1.80.217.136 /cnconsum/Public/Uploads/addImage/face_02.jpg
INFO: [ app_init ] --START--
INFO: Run Behavior\BuildLiteBehavior [ RunTime:0.000034s ]
INFO: [ app_init ] --END-- [ RunTime:0.000300s ]
ERR: 无法加载模块:Public

[ 2016-11-30T17:35:32+08:00 ] 1.80.217.136 /cnconsum/Public/Uploads/addImage/face_02.jpg
INFO: [ app_init ] --START--
INFO: Run Behavior\BuildLiteBehavior [ RunTime:0.000017s ]
INFO: [ app_init ] --END-- [ RunTime:0.000280s ]
ERR: 无法加载模块:Public

[ 2016-11-30T17:35:32+08:00 ] 1.80.217.136 /cnconsum/Public/Uploads/addImage/face_02.jpg
INFO: [ app_init ] --START--
INFO: Run Behavior\BuildLiteBehavior [ RunTime:0.000018s ]
INFO: [ app_init ] --END-- [ RunTime:0.000317s ]
ERR: 无法加载模块:Public

[ 2016-11-30T17:35:33+08:00 ] 1.80.217.136 /cnconsum/Public/Uploads/addImage/face_02.jpg
INFO: [ app_init ] --START--
INFO: Run Behavior\BuildLiteBehavior [ RunTime:0.000017s ]
INFO: [ app_init ] --END-- [ RunTime:0.000318s ]
ERR: 无法加载模块:Public

[ 2016-11-30T17:35:33+08:00 ] 1.80.217.136 /cnconsum/Public/Uploads/addImage/face_02.jpg
INFO: [ app_init ] --START--
INFO: Run Behavior\BuildLiteBehavior [ RunTime:0.000016s ]
INFO: [ app_init ] --END-- [ RunTime:0.000271s ]
ERR: 无法加载模块:Public

[ 2016-11-30T17:35:34+08:00 ] 1.80.217.136 /cnconsum/Public/Uploads/addImage/face_02.jpg
INFO: [ app_init ] --START--
INFO: Run Behavior\BuildLiteBehavior [ RunTime:0.000021s ]
INFO: [ app_init ] --END-- [ RunTime:0.000399s ]
ERR: 无法加载模块:Public

[ 2016-11-30T17:35:34+08:00 ] 1.80.217.136 /cnconsum/Public/Uploads/addImage/face_02.jpg
INFO: [ app_init ] --START--
INFO: Run Behavior\BuildLiteBehavior [ RunTime:0.000025s ]
INFO: [ app_init ] --END-- [ RunTime:0.000502s ]
ERR: 无法加载模块:Public

[ 2016-11-30T17:35:34+08:00 ] 1.80.217.136 /cnconsum/Public/Uploads/addImage/face_02.jpg
INFO: [ app_init ] --START--
INFO: Run Behavior\BuildLiteBehavior [ RunTime:0.000018s ]
INFO: [ app_init ] --END-- [ RunTime:0.000289s ]
ERR: 无法加载模块:Public

[ 2016-11-30T17:35:34+08:00 ] 1.80.217.136 /cnconsum/Public/Uploads/addImage/face_02.jpg
INFO: [ app_init ] --START--
INFO: Run Behavior\BuildLiteBehavior [ RunTime:0.000021s ]
INFO: [ app_init ] --END-- [ RunTime:0.000304s ]
ERR: 无法加载模块:Public

[ 2016-11-30T17:35:34+08:00 ] 1.80.217.136 /cnconsum/Public/Uploads/addImage/face_02.jpg
INFO: [ app_init ] --START--
INFO: Run Behavior\BuildLiteBehavior [ RunTime:0.000016s ]
INFO: [ app_init ] --END-- [ RunTime:0.000300s ]
ERR: 无法加载模块:Public

[ 2016-11-30T17:35:35+08:00 ] 1.80.217.136 /cnconsum/Public/Uploads/addImage/face_02.jpg
INFO: [ app_init ] --START--
INFO: Run Behavior\BuildLiteBehavior [ RunTime:0.000024s ]
INFO: [ app_init ] --END-- [ RunTime:0.000458s ]
ERR: 无法加载模块:Public

[ 2016-11-30T17:35:36+08:00 ] 1.80.217.136 /cnconsum/Public/Uploads/addImage/face_02.jpg
INFO: [ app_init ] --START--
INFO: Run Behavior\BuildLiteBehavior [ RunTime:0.000019s ]
INFO: [ app_init ] --END-- [ RunTime:0.000335s ]
ERR: 无法加载模块:Public

[ 2016-11-30T17:35:36+08:00 ] 1.80.217.136 /cnconsum/Public/Uploads/addImage/face_02.jpg
INFO: [ app_init ] --START--
INFO: Run Behavior\BuildLiteBehavior [ RunTime:0.000015s ]
INFO: [ app_init ] --END-- [ RunTime:0.000274s ]
ERR: 无法加载模块:Public

[ 2016-11-30T17:35:36+08:00 ] 1.80.217.136 /cnconsum/Public/Uploads/addImage/face_02.jpg
INFO: [ app_init ] --START--
INFO: Run Behavior\BuildLiteBehavior [ RunTime:0.000039s ]
INFO: [ app_init ] --END-- [ RunTime:0.000385s ]
ERR: 无法加载模块:Public

[ 2016-11-30T17:35:37+08:00 ] 1.80.217.136 /cnconsum/Public/Uploads/addImage/face_02.jpg
INFO: [ app_init ] --START--
INFO: Run Behavior\BuildLiteBehavior [ RunTime:0.000015s ]
INFO: [ app_init ] --END-- [ RunTime:0.000274s ]
ERR: 无法加载模块:Public

[ 2016-11-30T17:35:37+08:00 ] 1.80.217.136 /cnconsum/Public/Uploads/addImage/face_02.jpg
INFO: [ app_init ] --START--
INFO: Run Behavior\BuildLiteBehavior [ RunTime:0.000013s ]
INFO: [ app_init ] --END-- [ RunTime:0.000258s ]
ERR: 无法加载模块:Public

[ 2016-11-30T17:35:37+08:00 ] 1.80.217.136 /cnconsum/Public/Uploads/addImage/face_02.jpg
INFO: [ app_init ] --START--
INFO: Run Behavior\BuildLiteBehavior [ RunTime:0.000020s ]
INFO: [ app_init ] --END-- [ RunTime:0.000420s ]
ERR: 无法加载模块:Public

[ 2016-11-30T17:35:37+08:00 ] 1.80.217.136 /cnconsum/Public/Uploads/addImage/face_02.jpg
INFO: [ app_init ] --START--
INFO: Run Behavior\BuildLiteBehavior [ RunTime:0.000014s ]
INFO: [ app_init ] --END-- [ RunTime:0.000303s ]
ERR: 无法加载模块:Public

[ 2016-11-30T17:35:41+08:00 ] 1.80.217.136 /cnconsum/Public/Uploads/addImage/face_02.jpg
INFO: [ app_init ] --START--
INFO: Run Behavior\BuildLiteBehavior [ RunTime:0.000014s ]
INFO: [ app_init ] --END-- [ RunTime:0.000277s ]
ERR: 无法加载模块:Public

[ 2016-11-30T17:35:42+08:00 ] 1.80.217.136 /cnconsum/Public/Uploads/addImage/face_02.jpg
INFO: [ app_init ] --START--
INFO: Run Behavior\BuildLiteBehavior [ RunTime:0.000014s ]
INFO: [ app_init ] --END-- [ RunTime:0.000280s ]
ERR: 无法加载模块:Public

[ 2016-11-30T17:35:42+08:00 ] 1.80.217.136 /cnconsum/Public/Uploads/addImage/face_02.jpg
INFO: [ app_init ] --START--
INFO: Run Behavior\BuildLiteBehavior [ RunTime:0.000013s ]
INFO: [ app_init ] --END-- [ RunTime:0.000257s ]
ERR: 无法加载模块:Public

[ 2016-11-30T17:35:42+08:00 ] 1.80.217.136 /cnconsum/Public/Uploads/addImage/face_02.jpg
INFO: [ app_init ] --START--
INFO: Run Behavior\BuildLiteBehavior [ RunTime:0.000019s ]
INFO: [ app_init ] --END-- [ RunTime:0.000291s ]
ERR: 无法加载模块:Public

[ 2016-11-30T17:35:42+08:00 ] 1.80.217.136 /cnconsum/Public/Uploads/addImage/face_02.jpg
INFO: [ app_init ] --START--
INFO: Run Behavior\BuildLiteBehavior [ RunTime:0.000014s ]
INFO: [ app_init ] --END-- [ RunTime:0.000389s ]
ERR: 无法加载模块:Public

[ 2016-11-30T17:35:42+08:00 ] 1.80.217.136 /cnconsum/Public/Uploads/addImage/face_02.jpg
INFO: [ app_init ] --START--
INFO: Run Behavior\BuildLiteBehavior [ RunTime:0.000017s ]
INFO: [ app_init ] --END-- [ RunTime:0.000297s ]
ERR: 无法加载模块:Public

[ 2016-11-30T17:35:42+08:00 ] 1.80.217.136 /cnconsum/Public/Uploads/addImage/face_02.jpg
INFO: [ app_init ] --START--
INFO: Run Behavior\BuildLiteBehavior [ RunTime:0.000019s ]
INFO: [ app_init ] --END-- [ RunTime:0.000404s ]
ERR: 无法加载模块:Public

[ 2016-11-30T17:35:42+08:00 ] 1.80.217.136 /cnconsum/Public/Uploads/addImage/face_02.jpg
INFO: [ app_init ] --START--
INFO: Run Behavior\BuildLiteBehavior [ RunTime:0.000019s ]
INFO: [ app_init ] --END-- [ RunTime:0.000374s ]
ERR: 无法加载模块:Public

[ 2016-11-30T17:35:42+08:00 ] 1.80.217.136 /cnconsum/Public/Uploads/addImage/face_02.jpg
INFO: [ app_init ] --START--
INFO: Run Behavior\BuildLiteBehavior [ RunTime:0.000037s ]
INFO: [ app_init ] --END-- [ RunTime:0.000369s ]
ERR: 无法加载模块:Public

[ 2016-11-30T17:35:42+08:00 ] 1.80.217.136 /cnconsum/Public/Uploads/addImage/face_02.jpg
INFO: [ app_init ] --START--
INFO: Run Behavior\BuildLiteBehavior [ RunTime:0.000012s ]
INFO: [ app_init ] --END-- [ RunTime:0.000250s ]
ERR: 无法加载模块:Public

[ 2016-11-30T17:35:55+08:00 ] 1.80.217.136 /cnconsum/Public/Uploads/addImage/face_02.jpg
INFO: [ app_init ] --START--
INFO: Run Behavior\BuildLiteBehavior [ RunTime:0.000012s ]
INFO: [ app_init ] --END-- [ RunTime:0.000268s ]
ERR: 无法加载模块:Public

[ 2016-11-30T17:35:55+08:00 ] 1.80.217.136 /cnconsum/Public/Uploads/addImage/face_02.jpg
INFO: [ app_init ] --START--
INFO: Run Behavior\BuildLiteBehavior [ RunTime:0.000023s ]
INFO: [ app_init ] --END-- [ RunTime:0.000341s ]
ERR: 无法加载模块:Public

[ 2016-11-30T17:36:11+08:00 ] 1.80.217.136 /cnconsum/Public/Uploads/addImage/face_02.jpg
INFO: [ app_init ] --START--
INFO: Run Behavior\BuildLiteBehavior [ RunTime:0.000014s ]
INFO: [ app_init ] --END-- [ RunTime:0.000270s ]
ERR: 无法加载模块:Public

[ 2016-11-30T17:36:11+08:00 ] 1.80.217.136 /cnconsum/Public/Uploads/addImage/face_02.jpg
INFO: [ app_init ] --START--
INFO: Run Behavior\BuildLiteBehavior [ RunTime:0.000013s ]
INFO: [ app_init ] --END-- [ RunTime:0.000290s ]
ERR: 无法加载模块:Public

[ 2016-11-30T17:37:18+08:00 ] 1.80.217.136 /cnconsum/Public/Uploads/addImage/face_02.jpg
INFO: [ app_init ] --START--
INFO: Run Behavior\BuildLiteBehavior [ RunTime:0.000018s ]
INFO: [ app_init ] --END-- [ RunTime:0.000283s ]
ERR: 无法加载模块:Public

[ 2016-11-30T17:37:18+08:00 ] 1.80.217.136 /cnconsum/Public/Uploads/addImage/face_02.jpg
INFO: [ app_init ] --START--
INFO: Run Behavior\BuildLiteBehavior [ RunTime:0.000029s ]
INFO: [ app_init ] --END-- [ RunTime:0.000386s ]
ERR: 无法加载模块:Public

[ 2016-11-30T17:37:40+08:00 ] 1.80.217.136 /cnconsum/Public/Uploads/addImage/face_02.jpg
INFO: [ app_init ] --START--
INFO: Run Behavior\BuildLiteBehavior [ RunTime:0.000013s ]
INFO: [ app_init ] --END-- [ RunTime:0.000275s ]
ERR: 无法加载模块:Public

[ 2016-11-30T17:37:40+08:00 ] 1.80.217.136 /cnconsum/Public/Uploads/addImage/face_02.jpg
INFO: [ app_init ] --START--
INFO: Run Behavior\BuildLiteBehavior [ RunTime:0.000015s ]
INFO: [ app_init ] --END-- [ RunTime:0.000387s ]
ERR: 无法加载模块:Public

[ 2016-11-30T17:40:18+08:00 ] 1.80.217.136 /cnconsum/Public/Uploads/addImage/face_02.jpg
INFO: [ app_init ] --START--
INFO: Run Behavior\BuildLiteBehavior [ RunTime:0.000019s ]
INFO: [ app_init ] --END-- [ RunTime:0.000330s ]
ERR: 无法加载模块:Public

[ 2016-11-30T17:40:18+08:00 ] 1.80.217.136 /cnconsum/Public/Uploads/addImage/face_02.jpg
INFO: [ app_init ] --START--
INFO: Run Behavior\BuildLiteBehavior [ RunTime:0.000020s ]
INFO: [ app_init ] --END-- [ RunTime:0.000333s ]
ERR: 无法加载模块:Public

[ 2016-11-30T17:41:10+08:00 ] 1.80.217.136 /cnconsum/Public/Uploads/addImage/face_02.jpg
INFO: [ app_init ] --START--
INFO: Run Behavior\BuildLiteBehavior [ RunTime:0.000015s ]
INFO: [ app_init ] --END-- [ RunTime:0.000295s ]
ERR: 无法加载模块:Public

[ 2016-11-30T17:41:10+08:00 ] 1.80.217.136 /cnconsum/Public/Uploads/addImage/face_02.jpg
INFO: [ app_init ] --START--
INFO: Run Behavior\BuildLiteBehavior [ RunTime:0.000018s ]
INFO: [ app_init ] --END-- [ RunTime:0.000315s ]
ERR: 无法加载模块:Public

[ 2016-11-30T17:41:13+08:00 ] 1.80.217.136 /cnconsum/Public/Uploads/addImage/null
INFO: [ app_init ] --START--
INFO: Run Behavior\BuildLiteBehavior [ RunTime:0.000014s ]
INFO: [ app_init ] --END-- [ RunTime:0.000273s ]
ERR: 无法加载模块:Public

[ 2016-11-30T17:41:14+08:00 ] 1.80.217.136 /cnconsum/Public/Uploads/addImage/null
INFO: [ app_init ] --START--
INFO: Run Behavior\BuildLiteBehavior [ RunTime:0.000013s ]
INFO: [ app_init ] --END-- [ RunTime:0.000288s ]
ERR: 无法加载模块:Public

[ 2016-11-30T17:41:14+08:00 ] 1.80.217.136 /cnconsum/Public/Uploads/addImage/null
INFO: [ app_init ] --START--
INFO: Run Behavior\BuildLiteBehavior [ RunTime:0.000018s ]
INFO: [ app_init ] --END-- [ RunTime:0.000286s ]
ERR: 无法加载模块:Public

[ 2016-11-30T17:41:14+08:00 ] 1.80.217.136 /cnconsum/Public/Uploads/addImage/null
INFO: [ app_init ] --START--
INFO: Run Behavior\BuildLiteBehavior [ RunTime:0.000015s ]
INFO: [ app_init ] --END-- [ RunTime:0.000315s ]
ERR: 无法加载模块:Public

[ 2016-11-30T17:41:17+08:00 ] 1.80.217.136 /cnconsum/Public/Uploads/addImage/null
INFO: [ app_init ] --START--
INFO: Run Behavior\BuildLiteBehavior [ RunTime:0.000014s ]
INFO: [ app_init ] --END-- [ RunTime:0.000262s ]
ERR: 无法加载模块:Public

[ 2016-11-30T17:41:17+08:00 ] 1.80.217.136 /cnconsum/Public/Uploads/addImage/null
INFO: [ app_init ] --START--
INFO: Run Behavior\BuildLiteBehavior [ RunTime:0.000022s ]
INFO: [ app_init ] --END-- [ RunTime:0.000545s ]
ERR: 无法加载模块:Public

[ 2016-11-30T17:41:17+08:00 ] 1.80.217.136 /cnconsum/Public/Uploads/addImage/null
INFO: [ app_init ] --START--
INFO: Run Behavior\BuildLiteBehavior [ RunTime:0.000013s ]
INFO: [ app_init ] --END-- [ RunTime:0.000266s ]
ERR: 无法加载模块:Public

[ 2016-11-30T17:41:17+08:00 ] 1.80.217.136 /cnconsum/Public/Uploads/addImage/null
INFO: [ app_init ] --START--
INFO: Run Behavior\BuildLiteBehavior [ RunTime:0.000018s ]
INFO: [ app_init ] --END-- [ RunTime:0.000367s ]
ERR: 无法加载模块:Public

[ 2016-11-30T17:41:20+08:00 ] 1.80.217.136 /cnconsum/Public/Uploads/addImage/null
INFO: [ app_init ] --START--
INFO: Run Behavior\BuildLiteBehavior [ RunTime:0.000013s ]
INFO: [ app_init ] --END-- [ RunTime:0.000259s ]
ERR: 无法加载模块:Public

[ 2016-11-30T17:41:21+08:00 ] 1.80.217.136 /cnconsum/Public/Uploads/addImage/null
INFO: [ app_init ] --START--
INFO: Run Behavior\BuildLiteBehavior [ RunTime:0.000019s ]
INFO: [ app_init ] --END-- [ RunTime:0.000382s ]
ERR: 无法加载模块:Public

[ 2016-11-30T17:41:21+08:00 ] 1.80.217.136 /cnconsum/Public/Uploads/addImage/null
INFO: [ app_init ] --START--
INFO: Run Behavior\BuildLiteBehavior [ RunTime:0.000014s ]
INFO: [ app_init ] --END-- [ RunTime:0.000264s ]
ERR: 无法加载模块:Public

[ 2016-11-30T17:41:21+08:00 ] 1.80.217.136 /cnconsum/Public/Uploads/addImage/null
INFO: [ app_init ] --START--
INFO: Run Behavior\BuildLiteBehavior [ RunTime:0.000013s ]
INFO: [ app_init ] --END-- [ RunTime:0.000264s ]
ERR: 无法加载模块:Public

[ 2016-11-30T17:41:40+08:00 ] 1.80.217.136 /cnconsum/Public/Uploads/addImage/face_02.jpg
INFO: [ app_init ] --START--
INFO: Run Behavior\BuildLiteBehavior [ RunTime:0.000031s ]
INFO: [ app_init ] --END-- [ RunTime:0.000273s ]
ERR: 无法加载模块:Public

[ 2016-11-30T17:41:40+08:00 ] 1.80.217.136 /cnconsum/Public/Uploads/addImage/face_02.jpg
INFO: [ app_init ] --START--
INFO: Run Behavior\BuildLiteBehavior [ RunTime:0.000016s ]
INFO: [ app_init ] --END-- [ RunTime:0.000289s ]
ERR: 无法加载模块:Public

[ 2016-11-30T17:41:59+08:00 ] 1.80.217.136 /cnconsum/Public/Uploads/addImage/face_02.jpg
INFO: [ app_init ] --START--
INFO: Run Behavior\BuildLiteBehavior [ RunTime:0.000018s ]
INFO: [ app_init ] --END-- [ RunTime:0.000377s ]
ERR: 无法加载模块:Public

[ 2016-11-30T17:41:59+08:00 ] 1.80.217.136 /cnconsum/Public/Uploads/addImage/face_02.jpg
INFO: [ app_init ] --START--
INFO: Run Behavior\BuildLiteBehavior [ RunTime:0.000020s ]
INFO: [ app_init ] --END-- [ RunTime:0.000340s ]
ERR: 无法加载模块:Public

[ 2016-11-30T17:46:46+08:00 ] 1.80.217.136 /cnconsum/Public/Uploads/addImage/face_02.jpg
INFO: [ app_init ] --START--
INFO: Run Behavior\BuildLiteBehavior [ RunTime:0.000013s ]
INFO: [ app_init ] --END-- [ RunTime:0.000310s ]
ERR: 无法加载模块:Public

[ 2016-11-30T17:46:46+08:00 ] 1.80.217.136 /cnconsum/Public/Uploads/addImage/face_02.jpg
INFO: [ app_init ] --START--
INFO: Run Behavior\BuildLiteBehavior [ RunTime:0.000014s ]
INFO: [ app_init ] --END-- [ RunTime:0.000268s ]
ERR: 无法加载模块:Public

[ 2016-11-30T17:47:14+08:00 ] 1.80.217.136 /cnconsum/Public/Uploads/addImage/face_02.jpg
INFO: [ app_init ] --START--
INFO: Run Behavior\BuildLiteBehavior [ RunTime:0.000013s ]
INFO: [ app_init ] --END-- [ RunTime:0.000276s ]
ERR: 无法加载模块:Public

[ 2016-11-30T17:47:14+08:00 ] 1.80.217.136 /cnconsum/Public/Uploads/addImage/face_02.jpg
INFO: [ app_init ] --START--
INFO: Run Behavior\BuildLiteBehavior [ RunTime:0.000013s ]
INFO: [ app_init ] --END-- [ RunTime:0.000270s ]
ERR: 无法加载模块:Public

[ 2016-11-30T17:47:18+08:00 ] 1.80.217.136 /cnconsum/Public/Uploads/addImage/face_02.jpg
INFO: [ app_init ] --START--
INFO: Run Behavior\BuildLiteBehavior [ RunTime:0.000014s ]
INFO: [ app_init ] --END-- [ RunTime:0.000283s ]
ERR: 无法加载模块:Public

[ 2016-11-30T17:47:18+08:00 ] 1.80.217.136 /cnconsum/Public/Uploads/addImage/face_02.jpg
INFO: [ app_init ] --START--
INFO: Run Behavior\BuildLiteBehavior [ RunTime:0.000022s ]
INFO: [ app_init ] --END-- [ RunTime:0.000291s ]
ERR: 无法加载模块:Public

[ 2016-11-30T17:50:42+08:00 ] 1.80.217.136 /cnconsum/Public/Uploads/addImage/face_02.jpg
INFO: [ app_init ] --START--
INFO: Run Behavior\BuildLiteBehavior [ RunTime:0.000019s ]
INFO: [ app_init ] --END-- [ RunTime:0.000313s ]
ERR: 无法加载模块:Public

[ 2016-11-30T17:50:42+08:00 ] 1.80.217.136 /cnconsum/Public/Uploads/addImage/face_02.jpg
INFO: [ app_init ] --START--
INFO: Run Behavior\BuildLiteBehavior [ RunTime:0.000013s ]
INFO: [ app_init ] --END-- [ RunTime:0.000278s ]
ERR: 无法加载模块:Public

[ 2016-11-30T17:51:23+08:00 ] 1.80.217.136 /cnconsum/Public/Uploads/addImage/face_02.jpg
INFO: [ app_init ] --START--
INFO: Run Behavior\BuildLiteBehavior [ RunTime:0.000017s ]
INFO: [ app_init ] --END-- [ RunTime:0.000352s ]
ERR: 无法加载模块:Public

[ 2016-11-30T17:51:23+08:00 ] 1.80.217.136 /cnconsum/Public/Uploads/addImage/face_02.jpg
INFO: [ app_init ] --START--
INFO: Run Behavior\BuildLiteBehavior [ RunTime:0.000012s ]
INFO: [ app_init ] --END-- [ RunTime:0.000256s ]
ERR: 无法加载模块:Public

[ 2016-11-30T17:51:29+08:00 ] 1.80.217.136 /cnconsum/Public/Uploads/addImage/face_02.jpg
INFO: [ app_init ] --START--
INFO: Run Behavior\BuildLiteBehavior [ RunTime:0.000014s ]
INFO: [ app_init ] --END-- [ RunTime:0.000300s ]
ERR: 无法加载模块:Public

[ 2016-11-30T17:51:29+08:00 ] 1.80.217.136 /cnconsum/Public/Uploads/addImage/face_02.jpg
INFO: [ app_init ] --START--
INFO: Run Behavior\BuildLiteBehavior [ RunTime:0.000014s ]
INFO: [ app_init ] --END-- [ RunTime:0.000282s ]
ERR: 无法加载模块:Public

[ 2016-11-30T17:51:34+08:00 ] 1.80.217.136 /cnconsum/Public/Uploads/addImage/face_02.jpg
INFO: [ app_init ] --START--
INFO: Run Behavior\BuildLiteBehavior [ RunTime:0.000016s ]
INFO: [ app_init ] --END-- [ RunTime:0.000303s ]
ERR: 无法加载模块:Public

[ 2016-11-30T17:51:34+08:00 ] 1.80.217.136 /cnconsum/Public/Uploads/addImage/face_02.jpg
INFO: [ app_init ] --START--
INFO: Run Behavior\BuildLiteBehavior [ RunTime:0.000019s ]
INFO: [ app_init ] --END-- [ RunTime:0.000370s ]
ERR: 无法加载模块:Public

[ 2016-11-30T17:51:48+08:00 ] 1.80.217.136 /cnconsum/Public/Uploads/addImage/face_02.jpg
INFO: [ app_init ] --START--
INFO: Run Behavior\BuildLiteBehavior [ RunTime:0.000014s ]
INFO: [ app_init ] --END-- [ RunTime:0.000284s ]
ERR: 无法加载模块:Public

[ 2016-11-30T17:51:48+08:00 ] 1.80.217.136 /cnconsum/Public/Uploads/addImage/face_02.jpg
INFO: [ app_init ] --START--
INFO: Run Behavior\BuildLiteBehavior [ RunTime:0.000025s ]
INFO: [ app_init ] --END-- [ RunTime:0.000304s ]
ERR: 无法加载模块:Public

[ 2016-11-30T17:51:54+08:00 ] 1.80.217.136 /cnconsum/Public/Uploads/addImage/null
INFO: [ app_init ] --START--
INFO: Run Behavior\BuildLiteBehavior [ RunTime:0.000012s ]
INFO: [ app_init ] --END-- [ RunTime:0.000247s ]
ERR: 无法加载模块:Public

[ 2016-11-30T17:51:54+08:00 ] 1.80.217.136 /cnconsum/Public/Uploads/addImage/null
INFO: [ app_init ] --START--
INFO: Run Behavior\BuildLiteBehavior [ RunTime:0.000012s ]
INFO: [ app_init ] --END-- [ RunTime:0.000286s ]
ERR: 无法加载模块:Public

[ 2016-11-30T17:51:54+08:00 ] 1.80.217.136 /cnconsum/Public/Uploads/addImage/null
INFO: [ app_init ] --START--
INFO: Run Behavior\BuildLiteBehavior [ RunTime:0.000013s ]
INFO: [ app_init ] --END-- [ RunTime:0.000255s ]
ERR: 无法加载模块:Public

[ 2016-11-30T17:51:58+08:00 ] 1.80.217.136 /cnconsum/Public/Uploads/addImage/null
INFO: [ app_init ] --START--
INFO: Run Behavior\BuildLiteBehavior [ RunTime:0.000014s ]
INFO: [ app_init ] --END-- [ RunTime:0.000263s ]
ERR: 无法加载模块:Public

[ 2016-11-30T17:51:58+08:00 ] 1.80.217.136 /cnconsum/Public/Uploads/addImage/null
INFO: [ app_init ] --START--
INFO: Run Behavior\BuildLiteBehavior [ RunTime:0.000014s ]
INFO: [ app_init ] --END-- [ RunTime:0.000368s ]
ERR: 无法加载模块:Public

[ 2016-11-30T17:51:58+08:00 ] 1.80.217.136 /cnconsum/Public/Uploads/addImage/null
INFO: [ app_init ] --START--
INFO: Run Behavior\BuildLiteBehavior [ RunTime:0.000020s ]
INFO: [ app_init ] --END-- [ RunTime:0.000327s ]
ERR: 无法加载模块:Public

[ 2016-11-30T17:51:59+08:00 ] 1.80.217.136 /cnconsum/Public/Uploads/addImage/null
INFO: [ app_init ] --START--
INFO: Run Behavior\BuildLiteBehavior [ RunTime:0.000015s ]
INFO: [ app_init ] --END-- [ RunTime:0.000283s ]
ERR: 无法加载模块:Public

[ 2016-11-30T17:52:40+08:00 ] 1.80.217.136 /cnconsum/Public/Uploads/addImage/face_02.jpg
INFO: [ app_init ] --START--
INFO: Run Behavior\BuildLiteBehavior [ RunTime:0.000013s ]
INFO: [ app_init ] --END-- [ RunTime:0.000270s ]
ERR: 无法加载模块:Public

[ 2016-11-30T17:52:40+08:00 ] 1.80.217.136 /cnconsum/Public/Uploads/addImage/face_02.jpg
INFO: [ app_init ] --START--
INFO: Run Behavior\BuildLiteBehavior [ RunTime:0.000014s ]
INFO: [ app_init ] --END-- [ RunTime:0.000275s ]
ERR: 无法加载模块:Public

[ 2016-11-30T17:52:50+08:00 ] 1.80.217.136 /cnconsum/Public/Uploads/addImage/face_02.jpg
INFO: [ app_init ] --START--
INFO: Run Behavior\BuildLiteBehavior [ RunTime:0.000014s ]
INFO: [ app_init ] --END-- [ RunTime:0.000264s ]
ERR: 无法加载模块:Public

[ 2016-11-30T17:52:50+08:00 ] 1.80.217.136 /cnconsum/Public/Uploads/addImage/face_02.jpg
INFO: [ app_init ] --START--
INFO: Run Behavior\BuildLiteBehavior [ RunTime:0.000019s ]
INFO: [ app_init ] --END-- [ RunTime:0.000282s ]
ERR: 无法加载模块:Public

[ 2016-11-30T17:52:53+08:00 ] 1.80.217.136 /cnconsum/Public/Uploads/addImage/face_02.jpg
INFO: [ app_init ] --START--
INFO: Run Behavior\BuildLiteBehavior [ RunTime:0.000018s ]
INFO: [ app_init ] --END-- [ RunTime:0.000446s ]
ERR: 无法加载模块:Public

[ 2016-11-30T17:52:53+08:00 ] 1.80.217.136 /cnconsum/Public/Uploads/addImage/face_02.jpg
INFO: [ app_init ] --START--
INFO: Run Behavior\BuildLiteBehavior [ RunTime:0.000013s ]
INFO: [ app_init ] --END-- [ RunTime:0.000312s ]
ERR: 无法加载模块:Public

[ 2016-11-30T17:53:47+08:00 ] 1.80.217.136 /cnconsum/Public/Uploads/addImage/null
INFO: [ app_init ] --START--
INFO: Run Behavior\BuildLiteBehavior [ RunTime:0.000014s ]
INFO: [ app_init ] --END-- [ RunTime:0.000293s ]
ERR: 无法加载模块:Public

[ 2016-11-30T17:53:47+08:00 ] 1.80.217.136 /cnconsum/Public/Uploads/addImage/null
INFO: [ app_init ] --START--
INFO: Run Behavior\BuildLiteBehavior [ RunTime:0.000013s ]
INFO: [ app_init ] --END-- [ RunTime:0.000387s ]
ERR: 无法加载模块:Public

[ 2016-11-30T17:53:47+08:00 ] 1.80.217.136 /cnconsum/Public/Uploads/addImage/null
INFO: [ app_init ] --START--
INFO: Run Behavior\BuildLiteBehavior [ RunTime:0.000014s ]
INFO: [ app_init ] --END-- [ RunTime:0.000293s ]
ERR: 无法加载模块:Public

[ 2016-11-30T17:53:47+08:00 ] 1.80.217.136 /cnconsum/Public/Uploads/addImage/null
INFO: [ app_init ] --START--
INFO: Run Behavior\BuildLiteBehavior [ RunTime:0.000013s ]
INFO: [ app_init ] --END-- [ RunTime:0.000336s ]
ERR: 无法加载模块:Public

[ 2016-11-30T18:03:54+08:00 ] 1.80.217.136 /cnconsum/Public/Uploads/addImage/face_02.jpg
INFO: [ app_init ] --START--
INFO: Run Behavior\BuildLiteBehavior [ RunTime:0.000018s ]
INFO: [ app_init ] --END-- [ RunTime:0.000336s ]
ERR: 无法加载模块:Public

[ 2016-11-30T18:03:54+08:00 ] 1.80.217.136 /cnconsum/Public/Uploads/addImage/face_02.jpg
INFO: [ app_init ] --START--
INFO: Run Behavior\BuildLiteBehavior [ RunTime:0.000014s ]
INFO: [ app_init ] --END-- [ RunTime:0.000288s ]
ERR: 无法加载模块:Public

[ 2016-11-30T18:03:55+08:00 ] 1.80.217.136 /cnconsum/Public/Uploads/addImage/face_02.jpg
INFO: [ app_init ] --START--
INFO: Run Behavior\BuildLiteBehavior [ RunTime:0.000013s ]
INFO: [ app_init ] --END-- [ RunTime:0.000255s ]
ERR: 无法加载模块:Public

[ 2016-11-30T18:03:55+08:00 ] 1.80.217.136 /cnconsum/Public/Uploads/addImage/face_02.jpg
INFO: [ app_init ] --START--
INFO: Run Behavior\BuildLiteBehavior [ RunTime:0.000017s ]
INFO: [ app_init ] --END-- [ RunTime:0.000291s ]
ERR: 无法加载模块:Public

[ 2016-11-30T18:03:55+08:00 ] 1.80.217.136 /cnconsum/Public/Uploads/addImage/face_02.jpg
INFO: [ app_init ] --START--
INFO: Run Behavior\BuildLiteBehavior [ RunTime:0.000014s ]
INFO: [ app_init ] --END-- [ RunTime:0.000261s ]
ERR: 无法加载模块:Public

[ 2016-11-30T18:03:55+08:00 ] 1.80.217.136 /cnconsum/Public/Uploads/addImage/face_02.jpg
INFO: [ app_init ] --START--
INFO: Run Behavior\BuildLiteBehavior [ RunTime:0.000014s ]
INFO: [ app_init ] --END-- [ RunTime:0.000258s ]
ERR: 无法加载模块:Public

[ 2016-11-30T18:03:56+08:00 ] 1.80.217.136 /cnconsum/Public/Uploads/addImage/face_02.jpg
INFO: [ app_init ] --START--
INFO: Run Behavior\BuildLiteBehavior [ RunTime:0.000016s ]
INFO: [ app_init ] --END-- [ RunTime:0.000291s ]
ERR: 无法加载模块:Public

[ 2016-11-30T18:03:56+08:00 ] 1.80.217.136 /cnconsum/Public/Uploads/addImage/face_02.jpg
INFO: [ app_init ] --START--
INFO: Run Behavior\BuildLiteBehavior [ RunTime:0.000014s ]
INFO: [ app_init ] --END-- [ RunTime:0.000279s ]
ERR: 无法加载模块:Public

[ 2016-11-30T18:03:56+08:00 ] 1.80.217.136 /cnconsum/Public/Uploads/addImage/face_02.jpg
INFO: [ app_init ] --START--
INFO: Run Behavior\BuildLiteBehavior [ RunTime:0.000020s ]
INFO: [ app_init ] --END-- [ RunTime:0.000367s ]
ERR: 无法加载模块:Public

[ 2016-11-30T18:03:56+08:00 ] 1.80.217.136 /cnconsum/Public/Uploads/addImage/face_02.jpg
INFO: [ app_init ] --START--
INFO: Run Behavior\BuildLiteBehavior [ RunTime:0.000014s ]
INFO: [ app_init ] --END-- [ RunTime:0.000263s ]
ERR: 无法加载模块:Public

[ 2016-11-30T18:03:57+08:00 ] 1.80.217.136 /cnconsum/Public/Uploads/addImage/face_02.jpg
INFO: [ app_init ] --START--
INFO: Run Behavior\BuildLiteBehavior [ RunTime:0.000014s ]
INFO: [ app_init ] --END-- [ RunTime:0.000270s ]
ERR: 无法加载模块:Public

[ 2016-11-30T18:03:57+08:00 ] 1.80.217.136 /cnconsum/Public/Uploads/addImage/face_02.jpg
INFO: [ app_init ] --START--
INFO: Run Behavior\BuildLiteBehavior [ RunTime:0.000014s ]
INFO: [ app_init ] --END-- [ RunTime:0.000264s ]
ERR: 无法加载模块:Public

[ 2016-11-30T23:48:15+08:00 ] 113.143.182.194 /cnconsum/Public/Uploads/advertImage/activity_1.png
INFO: [ app_init ] --START--
INFO: Run Behavior\BuildLiteBehavior [ RunTime:0.000013s ]
INFO: [ app_init ] --END-- [ RunTime:0.000264s ]
ERR: 无法加载模块:Public

[ 2016-11-30T23:48:15+08:00 ] 113.143.182.194 /cnconsum/Public/Uploads/advertImage/activity_0.png
INFO: [ app_init ] --START--
INFO: Run Behavior\BuildLiteBehavior [ RunTime:0.000017s ]
INFO: [ app_init ] --END-- [ RunTime:0.000284s ]
ERR: 无法加载模块:Public

[ 2016-11-30T23:48:15+08:00 ] 113.143.182.194 /cnconsum/Public/Uploads/advertImage/null
INFO: [ app_init ] --START--
INFO: Run Behavior\BuildLiteBehavior [ RunTime:0.000014s ]
INFO: [ app_init ] --END-- [ RunTime:0.000278s ]
ERR: 无法加载模块:Public

[ 2016-11-30T23:49:06+08:00 ] 113.143.182.194 /cnconsum/Public/Uploads/addImage/face_02.jpg
INFO: [ app_init ] --START--
INFO: Run Behavior\BuildLiteBehavior [ RunTime:0.000014s ]
INFO: [ app_init ] --END-- [ RunTime:0.000278s ]
ERR: 无法加载模块:Public

[ 2016-11-30T23:50:19+08:00 ] 113.143.182.194 /cnconsum/Public/Uploads/addImage/face_02.jpg
INFO: [ app_init ] --START--
INFO: Run Behavior\BuildLiteBehavior [ RunTime:0.000014s ]
INFO: [ app_init ] --END-- [ RunTime:0.000287s ]
ERR: 无法加载模块:Public

[ 2016-11-30T23:50:22+08:00 ] 113.143.182.194 /cnconsum/Public/Uploads/addImage/face_02.jpg
INFO: [ app_init ] --START--
INFO: Run Behavior\BuildLiteBehavior [ RunTime:0.000014s ]
INFO: [ app_init ] --END-- [ RunTime:0.000303s ]
ERR: 无法加载模块:Public

[ 2016-11-30T23:50:38+08:00 ] 113.143.182.194 /cnconsum/Public/Uploads/addImage/face_02.jpg
INFO: [ app_init ] --START--
INFO: Run Behavior\BuildLiteBehavior [ RunTime:0.000012s ]
INFO: [ app_init ] --END-- [ RunTime:0.000269s ]
ERR: 无法加载模块:Public

[ 2016-11-30T23:50:38+08:00 ] 113.143.182.194 /cnconsum/Public/Uploads/addImage/face_02.jpg
INFO: [ app_init ] --START--
INFO: Run Behavior\BuildLiteBehavior [ RunTime:0.000014s ]
INFO: [ app_init ] --END-- [ RunTime:0.000305s ]
ERR: 无法加载模块:Public

[ 2016-11-30T23:50:54+08:00 ] 113.143.182.194 /cnconsum/Public/Uploads/addImage/face_02.jpg
INFO: [ app_init ] --START--
INFO: Run Behavior\BuildLiteBehavior [ RunTime:0.000020s ]
INFO: [ app_init ] --END-- [ RunTime:0.000281s ]
ERR: 无法加载模块:Public

[ 2016-11-30T23:51:21+08:00 ] 113.143.182.194 /cnconsum/Public/Uploads/addImage/face_02.jpg
INFO: [ app_init ] --START--
INFO: Run Behavior\BuildLiteBehavior [ RunTime:0.000013s ]
INFO: [ app_init ] --END-- [ RunTime:0.000302s ]
ERR: 无法加载模块:Public

[ 2016-11-30T23:55:04+08:00 ] 113.143.182.194 /cnconsum/Public/Uploads/addImage/face_02.jpg
INFO: [ app_init ] --START--
INFO: Run Behavior\BuildLiteBehavior [ RunTime:0.000013s ]
INFO: [ app_init ] --END-- [ RunTime:0.000269s ]
ERR: 无法加载模块:Public

[ 2016-11-30T23:55:19+08:00 ] 113.143.182.194 /cnconsum/Public/Uploads/advertImage/(null)
INFO: [ app_init ] --START--
INFO: Run Behavior\BuildLiteBehavior [ RunTime:0.000013s ]
INFO: [ app_init ] --END-- [ RunTime:0.000255s ]
ERR: 无法加载模块:Public

[ 2016-11-30T23:55:29+08:00 ] 113.143.182.194 /cnconsum/Public/Uploads/advertImage/activity_1.png
INFO: [ app_init ] --START--
INFO: Run Behavior\BuildLiteBehavior [ RunTime:0.000014s ]
INFO: [ app_init ] --END-- [ RunTime:0.000274s ]
ERR: 无法加载模块:Public

[ 2016-11-30T23:55:29+08:00 ] 113.143.182.194 /cnconsum/Public/Uploads/advertImage/activity_0.png
INFO: [ app_init ] --START--
INFO: Run Behavior\BuildLiteBehavior [ RunTime:0.000011s ]
INFO: [ app_init ] --END-- [ RunTime:0.000239s ]
ERR: 无法加载模块:Public

[ 2016-11-30T23:55:29+08:00 ] 113.143.182.194 /cnconsum/Public/Uploads/advertImage/null
INFO: [ app_init ] --START--
INFO: Run Behavior\BuildLiteBehavior [ RunTime:0.000019s ]
INFO: [ app_init ] --END-- [ RunTime:0.000300s ]
ERR: 无法加载模块:Public

[ 2016-11-30T23:58:16+08:00 ] 113.143.182.194 /cnconsum/Public/Uploads/addImage/face_02.jpg
INFO: [ app_init ] --START--
INFO: Run Behavior\BuildLiteBehavior [ RunTime:0.000014s ]
INFO: [ app_init ] --END-- [ RunTime:0.000331s ]
ERR: 无法加载模块:Public

[ 2016-11-30T23:58:16+08:00 ] 113.143.182.194 /cnconsum/Public/Uploads/addImage/face_02.jpg
INFO: [ app_init ] --START--
INFO: Run Behavior\BuildLiteBehavior [ RunTime:0.000013s ]
INFO: [ app_init ] --END-- [ RunTime:0.000288s ]
ERR: 无法加载模块:Public

[ 2016-11-30T23:58:21+08:00 ] 113.143.182.194 /cnconsum/Public/Uploads/addImage/face_02.jpg
INFO: [ app_init ] --START--
INFO: Run Behavior\BuildLiteBehavior [ RunTime:0.000019s ]
INFO: [ app_init ] --END-- [ RunTime:0.000328s ]
ERR: 无法加载模块:Public

[ 2016-11-30T23:59:19+08:00 ] 113.143.182.194 /cnconsum/Public/Uploads/addImage/face_02.jpg
INFO: [ app_init ] --START--
INFO: Run Behavior\BuildLiteBehavior [ RunTime:0.000015s ]
INFO: [ app_init ] --END-- [ RunTime:0.000306s ]
ERR: 无法加载模块:Public

[ 2016-11-30T23:59:19+08:00 ] 113.143.182.194 /cnconsum/Public/Uploads/addImage/face_02.jpg
INFO: [ app_init ] --START--
INFO: Run Behavior\BuildLiteBehavior [ RunTime:0.000017s ]
INFO: [ app_init ] --END-- [ RunTime:0.000334s ]
ERR: 无法加载模块:Public

[ 2016-11-30T23:59:32+08:00 ] 113.143.182.194 /cnconsum/Public/Uploads/addImage/face_02.jpg
INFO: [ app_init ] --START--
INFO: Run Behavior\BuildLiteBehavior [ RunTime:0.000013s ]
INFO: [ app_init ] --END-- [ RunTime:0.000253s ]
ERR: 无法加载模块:Public

[ 2016-11-30T23:59:33+08:00 ] 113.143.182.194 /cnconsum/Public/Uploads/addImage/face_02.jpg
INFO: [ app_init ] --START--
INFO: Run Behavior\BuildLiteBehavior [ RunTime:0.000014s ]
INFO: [ app_init ] --END-- [ RunTime:0.000305s ]
ERR: 无法加载模块:Public

