[ 2016-11-04T09:33:03+08:00 ] 117.36.116.73 /cnconsum/Public/Uploads/addImage/%E9%A2%86%E7%A7%80%E7%9A%AE%E5%85%B7.png
INFO: [ app_init ] --START--
INFO: Run Behavior\BuildLiteBehavior [ RunTime:0.000015s ]
INFO: [ app_init ] --END-- [ RunTime:0.000329s ]
ERR: 无法加载模块:Public

[ 2016-11-04T09:33:03+08:00 ] 117.36.116.73 /cnconsum/Public/Uploads/addImage/%E5%B0%9A%E8%89%BA%E8%BD%A9_0002.png
INFO: [ app_init ] --START--
INFO: Run Behavior\BuildLiteBehavior [ RunTime:0.000016s ]
INFO: [ app_init ] --END-- [ RunTime:0.000364s ]
ERR: 无法加载模块:Public

[ 2016-11-04T09:33:03+08:00 ] 117.36.116.73 /cnconsum/Public/Uploads/addImage/%E7%8E%8B%E5%A4%A7%E7%88%B7%E7%83%A7%E7%83%A4.png
INFO: [ app_init ] --START--
INFO: Run Behavior\BuildLiteBehavior [ RunTime:0.000017s ]
INFO: [ app_init ] --END-- [ RunTime:0.000332s ]
ERR: 无法加载模块:Public

[ 2016-11-04T09:33:03+08:00 ] 117.36.116.73 /cnconsum/Public/Uploads/addImage/%E4%B9%9D%E9%83%A1%E5%BC%98%E5%95%86%E8%B4%B8%E7%92%9F%E6%B3%B0%E7%83%9F%E9%85%92%E8%8C%B6%E5%95%86%E8%A1%8C.png
INFO: [ app_init ] --START--
INFO: Run Behavior\BuildLiteBehavior [ RunTime:0.000015s ]
INFO: [ app_init ] --END-- [ RunTime:0.000326s ]
ERR: 无法加载模块:Public

[ 2016-11-04T09:36:02+08:00 ] 117.36.116.73 /cnconsum/Public/js/registers.js
INFO: [ app_init ] --START--
INFO: Run Behavior\BuildLiteBehavior [ RunTime:0.000021s ]
INFO: [ app_init ] --END-- [ RunTime:0.000422s ]
ERR: 无法加载模块:Public

[ 2016-11-04T09:38:11+08:00 ] 117.36.116.73 /cnconsum/Public/Uploads/addImage/%E9%A2%86%E7%A7%80%E7%9A%AE%E5%85%B7.png
INFO: [ app_init ] --START--
INFO: Run Behavior\BuildLiteBehavior [ RunTime:0.000021s ]
INFO: [ app_init ] --END-- [ RunTime:0.000324s ]
ERR: 无法加载模块:Public

[ 2016-11-04T09:38:11+08:00 ] 117.36.116.73 /cnconsum/Public/Uploads/addImage/face_02.jpg
INFO: [ app_init ] --START--
INFO: Run Behavior\BuildLiteBehavior [ RunTime:0.000021s ]
INFO: [ app_init ] --END-- [ RunTime:0.000433s ]
ERR: 无法加载模块:Public

[ 2016-11-04T09:38:11+08:00 ] 117.36.116.73 /cnconsum/Public/Uploads/addImage/%E5%B0%9A%E8%89%BA%E8%BD%A9_0002.png
INFO: [ app_init ] --START--
INFO: Run Behavior\BuildLiteBehavior [ RunTime:0.000012s ]
INFO: [ app_init ] --END-- [ RunTime:0.000241s ]
ERR: 无法加载模块:Public

[ 2016-11-04T09:38:11+08:00 ] 117.36.116.73 /cnconsum/Public/Uploads/addImage/%E7%8E%8B%E5%A4%A7%E7%88%B7%E7%83%A7%E7%83%A4.png
INFO: [ app_init ] --START--
INFO: Run Behavior\BuildLiteBehavior [ RunTime:0.000020s ]
INFO: [ app_init ] --END-- [ RunTime:0.000434s ]
ERR: 无法加载模块:Public

[ 2016-11-04T09:38:11+08:00 ] 117.36.116.73 /cnconsum/Public/Uploads/addImage/%E4%B9%9D%E9%83%A1%E5%BC%98%E5%95%86%E8%B4%B8%E7%92%9F%E6%B3%B0%E7%83%9F%E9%85%92%E8%8C%B6%E5%95%86%E8%A1%8C.png
INFO: [ app_init ] --START--
INFO: Run Behavior\BuildLiteBehavior [ RunTime:0.000017s ]
INFO: [ app_init ] --END-- [ RunTime:0.000435s ]
ERR: 无法加载模块:Public

[ 2016-11-04T09:46:02+08:00 ] 117.36.116.73 /cnconsum/Public/js/registers.js
INFO: [ app_init ] --START--
INFO: Run Behavior\BuildLiteBehavior [ RunTime:0.000025s ]
INFO: [ app_init ] --END-- [ RunTime:0.000420s ]
ERR: 无法加载模块:Public

[ 2016-11-04T09:46:25+08:00 ] 117.36.116.73 /cnconsum/Public/js/registers.js
INFO: [ app_init ] --START--
INFO: Run Behavior\BuildLiteBehavior [ RunTime:0.000039s ]
INFO: [ app_init ] --END-- [ RunTime:0.000458s ]
ERR: 无法加载模块:Public

[ 2016-11-04T09:46:43+08:00 ] 180.153.205.254 /cnconsum/Public/js/registers.js
INFO: [ app_init ] --START--
INFO: Run Behavior\BuildLiteBehavior [ RunTime:0.000022s ]
INFO: [ app_init ] --END-- [ RunTime:0.000351s ]
ERR: 无法加载模块:Public

[ 2016-11-04T09:46:43+08:00 ] 101.226.33.201 /cnconsum/Public/js/registers.js
INFO: [ app_init ] --START--
INFO: Run Behavior\BuildLiteBehavior [ RunTime:0.000020s ]
INFO: [ app_init ] --END-- [ RunTime:0.000370s ]
ERR: 无法加载模块:Public

[ 2016-11-04T09:46:44+08:00 ] 101.226.66.187 /cnconsum/Public/js/registers.js
INFO: [ app_init ] --START--
INFO: Run Behavior\BuildLiteBehavior [ RunTime:0.000020s ]
INFO: [ app_init ] --END-- [ RunTime:0.000421s ]
ERR: 无法加载模块:Public

[ 2016-11-04T09:47:01+08:00 ] 180.153.163.190 /cnconsum/Public/js/registers.js
INFO: [ app_init ] --START--
INFO: Run Behavior\BuildLiteBehavior [ RunTime:0.000027s ]
INFO: [ app_init ] --END-- [ RunTime:0.000487s ]
ERR: 无法加载模块:Public

[ 2016-11-04T09:49:18+08:00 ] 117.36.116.73 /cnconsum/Public/Uploads/addImage/%E5%B0%9A%E8%89%BA%E8%BD%A9_0002.png
INFO: [ app_init ] --START--
INFO: Run Behavior\BuildLiteBehavior [ RunTime:0.000016s ]
INFO: [ app_init ] --END-- [ RunTime:0.000271s ]
ERR: 无法加载模块:Public

[ 2016-11-04T09:49:18+08:00 ] 117.36.116.73 /cnconsum/Public/Uploads/addImage/%E9%A2%86%E7%A7%80%E7%9A%AE%E5%85%B7.png
INFO: [ app_init ] --START--
INFO: Run Behavior\BuildLiteBehavior [ RunTime:0.000020s ]
INFO: [ app_init ] --END-- [ RunTime:0.000439s ]
ERR: 无法加载模块:Public

[ 2016-11-04T09:49:33+08:00 ] 117.36.116.73 /cnconsum/Public/Uploads/addImage/%E7%8E%8B%E5%A4%A7%E7%88%B7%E7%83%A7%E7%83%A4.png
INFO: [ app_init ] --START--
INFO: Run Behavior\BuildLiteBehavior [ RunTime:0.000015s ]
INFO: [ app_init ] --END-- [ RunTime:0.000285s ]
ERR: 无法加载模块:Public

[ 2016-11-04T09:49:33+08:00 ] 117.36.116.73 /cnconsum/Public/Uploads/addImage/%E4%B9%9D%E9%83%A1%E5%BC%98%E5%95%86%E8%B4%B8%E7%92%9F%E6%B3%B0%E7%83%9F%E9%85%92%E8%8C%B6%E5%95%86%E8%A1%8C.png
INFO: [ app_init ] --START--
INFO: Run Behavior\BuildLiteBehavior [ RunTime:0.000020s ]
INFO: [ app_init ] --END-- [ RunTime:0.000422s ]
ERR: 无法加载模块:Public

[ 2016-11-04T09:49:40+08:00 ] 117.36.116.73 /cnconsum/Public/Uploads/addImage/%E9%A2%86%E7%A7%80%E7%9A%AE%E5%85%B7.png
INFO: [ app_init ] --START--
INFO: Run Behavior\BuildLiteBehavior [ RunTime:0.000016s ]
INFO: [ app_init ] --END-- [ RunTime:0.000364s ]
ERR: 无法加载模块:Public

[ 2016-11-04T09:49:40+08:00 ] 117.36.116.73 /cnconsum/Public/Uploads/addImage/%E5%B0%9A%E8%89%BA%E8%BD%A9_0002.png
INFO: [ app_init ] --START--
INFO: Run Behavior\BuildLiteBehavior [ RunTime:0.000020s ]
INFO: [ app_init ] --END-- [ RunTime:0.000472s ]
ERR: 无法加载模块:Public

[ 2016-11-04T09:49:40+08:00 ] 117.36.116.73 /cnconsum/Public/Uploads/addImage/%E7%8E%8B%E5%A4%A7%E7%88%B7%E7%83%A7%E7%83%A4.png
INFO: [ app_init ] --START--
INFO: Run Behavior\BuildLiteBehavior [ RunTime:0.000013s ]
INFO: [ app_init ] --END-- [ RunTime:0.000253s ]
ERR: 无法加载模块:Public

[ 2016-11-04T09:49:40+08:00 ] 117.36.116.73 /cnconsum/Public/Uploads/addImage/%E4%B9%9D%E9%83%A1%E5%BC%98%E5%95%86%E8%B4%B8%E7%92%9F%E6%B3%B0%E7%83%9F%E9%85%92%E8%8C%B6%E5%95%86%E8%A1%8C.png
INFO: [ app_init ] --START--
INFO: Run Behavior\BuildLiteBehavior [ RunTime:0.000021s ]
INFO: [ app_init ] --END-- [ RunTime:0.000466s ]
ERR: 无法加载模块:Public

[ 2016-11-04T09:49:45+08:00 ] 117.36.116.73 /cnconsum/Public/Uploads/addImage/%E5%B0%9A%E8%89%BA%E8%BD%A9_0002.png
INFO: [ app_init ] --START--
INFO: Run Behavior\BuildLiteBehavior [ RunTime:0.000025s ]
INFO: [ app_init ] --END-- [ RunTime:0.000405s ]
ERR: 无法加载模块:Public

[ 2016-11-04T09:49:45+08:00 ] 117.36.116.73 /cnconsum/Public/Uploads/addImage/%E9%A2%86%E7%A7%80%E7%9A%AE%E5%85%B7.png
INFO: [ app_init ] --START--
INFO: Run Behavior\BuildLiteBehavior [ RunTime:0.000016s ]
INFO: [ app_init ] --END-- [ RunTime:0.000370s ]
ERR: 无法加载模块:Public

[ 2016-11-04T09:49:45+08:00 ] 117.36.116.73 /cnconsum/Public/Uploads/addImage/%E7%8E%8B%E5%A4%A7%E7%88%B7%E7%83%A7%E7%83%A4.png
INFO: [ app_init ] --START--
INFO: Run Behavior\BuildLiteBehavior [ RunTime:0.000017s ]
INFO: [ app_init ] --END-- [ RunTime:0.000375s ]
ERR: 无法加载模块:Public

[ 2016-11-04T09:49:45+08:00 ] 117.36.116.73 /cnconsum/Public/Uploads/addImage/%E4%B9%9D%E9%83%A1%E5%BC%98%E5%95%86%E8%B4%B8%E7%92%9F%E6%B3%B0%E7%83%9F%E9%85%92%E8%8C%B6%E5%95%86%E8%A1%8C.png
INFO: [ app_init ] --START--
INFO: Run Behavior\BuildLiteBehavior [ RunTime:0.000015s ]
INFO: [ app_init ] --END-- [ RunTime:0.000286s ]
ERR: 无法加载模块:Public

[ 2016-11-04T09:51:28+08:00 ] 117.36.116.73 /cnconsum/Public/Uploads/addImage/%E9%A2%86%E7%A7%80%E7%9A%AE%E5%85%B7.png
INFO: [ app_init ] --START--
INFO: Run Behavior\BuildLiteBehavior [ RunTime:0.000024s ]
INFO: [ app_init ] --END-- [ RunTime:0.000436s ]
ERR: 无法加载模块:Public

[ 2016-11-04T09:51:28+08:00 ] 117.36.116.73 /cnconsum/Public/Uploads/addImage/%E5%B0%9A%E8%89%BA%E8%BD%A9_0002.png
INFO: [ app_init ] --START--
INFO: Run Behavior\BuildLiteBehavior [ RunTime:0.000022s ]
INFO: [ app_init ] --END-- [ RunTime:0.000437s ]
ERR: 无法加载模块:Public

[ 2016-11-04T09:51:28+08:00 ] 117.36.116.73 /cnconsum/Public/Uploads/addImage/%E7%8E%8B%E5%A4%A7%E7%88%B7%E7%83%A7%E7%83%A4.png
INFO: [ app_init ] --START--
INFO: Run Behavior\BuildLiteBehavior [ RunTime:0.000023s ]
INFO: [ app_init ] --END-- [ RunTime:0.000404s ]
ERR: 无法加载模块:Public

[ 2016-11-04T09:51:28+08:00 ] 117.36.116.73 /cnconsum/Public/Uploads/addImage/%E4%B9%9D%E9%83%A1%E5%BC%98%E5%95%86%E8%B4%B8%E7%92%9F%E6%B3%B0%E7%83%9F%E9%85%92%E8%8C%B6%E5%95%86%E8%A1%8C.png
INFO: [ app_init ] --START--
INFO: Run Behavior\BuildLiteBehavior [ RunTime:0.000018s ]
INFO: [ app_init ] --END-- [ RunTime:0.000351s ]
ERR: 无法加载模块:Public

[ 2016-11-04T09:51:29+08:00 ] 117.36.116.73 /cnconsum/Public/Uploads/addImage/face_02.jpg
INFO: [ app_init ] --START--
INFO: Run Behavior\BuildLiteBehavior [ RunTime:0.000014s ]
INFO: [ app_init ] --END-- [ RunTime:0.000268s ]
ERR: 无法加载模块:Public

[ 2016-11-04T09:51:29+08:00 ] 117.36.116.73 /cnconsum/Public/Uploads/addImage/%E9%A2%86%E7%A7%80%E7%9A%AE%E5%85%B7.png
INFO: [ app_init ] --START--
INFO: Run Behavior\BuildLiteBehavior [ RunTime:0.000021s ]
INFO: [ app_init ] --END-- [ RunTime:0.000405s ]
ERR: 无法加载模块:Public

[ 2016-11-04T09:51:29+08:00 ] 117.36.116.73 /cnconsum/Public/Uploads/addImage/%E5%B0%9A%E8%89%BA%E8%BD%A9_0002.png
INFO: [ app_init ] --START--
INFO: Run Behavior\BuildLiteBehavior [ RunTime:0.000013s ]
INFO: [ app_init ] --END-- [ RunTime:0.000358s ]
ERR: 无法加载模块:Public

[ 2016-11-04T09:51:29+08:00 ] 117.36.116.73 /cnconsum/Public/Uploads/addImage/%E4%B9%9D%E9%83%A1%E5%BC%98%E5%95%86%E8%B4%B8%E7%92%9F%E6%B3%B0%E7%83%9F%E9%85%92%E8%8C%B6%E5%95%86%E8%A1%8C.png
INFO: [ app_init ] --START--
INFO: Run Behavior\BuildLiteBehavior [ RunTime:0.000045s ]
INFO: [ app_init ] --END-- [ RunTime:0.000411s ]
ERR: 无法加载模块:Public

[ 2016-11-04T09:52:53+08:00 ] 117.36.116.73 /cnconsum/Public/Uploads/addImage/%E9%A2%86%E7%A7%80%E7%9A%AE%E5%85%B7.png
INFO: [ app_init ] --START--
INFO: Run Behavior\BuildLiteBehavior [ RunTime:0.000015s ]
INFO: [ app_init ] --END-- [ RunTime:0.000311s ]
ERR: 无法加载模块:Public

[ 2016-11-04T09:52:53+08:00 ] 117.36.116.73 /cnconsum/Public/Uploads/addImage/%E5%B0%9A%E8%89%BA%E8%BD%A9_0002.png
INFO: [ app_init ] --START--
INFO: Run Behavior\BuildLiteBehavior [ RunTime:0.000025s ]
INFO: [ app_init ] --END-- [ RunTime:0.000520s ]
ERR: 无法加载模块:Public

[ 2016-11-04T09:52:53+08:00 ] 117.36.116.73 /cnconsum/Public/Uploads/addImage/%E7%8E%8B%E5%A4%A7%E7%88%B7%E7%83%A7%E7%83%A4.png
INFO: [ app_init ] --START--
INFO: Run Behavior\BuildLiteBehavior [ RunTime:0.000015s ]
INFO: [ app_init ] --END-- [ RunTime:0.000307s ]
ERR: 无法加载模块:Public

[ 2016-11-04T09:52:54+08:00 ] 117.36.116.73 /cnconsum/Public/Uploads/addImage/%E4%B9%9D%E9%83%A1%E5%BC%98%E5%95%86%E8%B4%B8%E7%92%9F%E6%B3%B0%E7%83%9F%E9%85%92%E8%8C%B6%E5%95%86%E8%A1%8C.png
INFO: [ app_init ] --START--
INFO: Run Behavior\BuildLiteBehavior [ RunTime:0.000025s ]
INFO: [ app_init ] --END-- [ RunTime:0.000483s ]
ERR: 无法加载模块:Public

[ 2016-11-04T09:53:46+08:00 ] 117.36.116.73 /cnconsum/Public/Uploads/addImage/%E9%A2%86%E7%A7%80%E7%9A%AE%E5%85%B7.png
INFO: [ app_init ] --START--
INFO: Run Behavior\BuildLiteBehavior [ RunTime:0.000021s ]
INFO: [ app_init ] --END-- [ RunTime:0.000561s ]
ERR: 无法加载模块:Public

[ 2016-11-04T09:53:46+08:00 ] 117.36.116.73 /cnconsum/Public/Uploads/addImage/%E5%B0%9A%E8%89%BA%E8%BD%A9_0002.png
INFO: [ app_init ] --START--
INFO: Run Behavior\BuildLiteBehavior [ RunTime:0.000026s ]
INFO: [ app_init ] --END-- [ RunTime:0.000565s ]
ERR: 无法加载模块:Public

[ 2016-11-04T09:53:46+08:00 ] 117.36.116.73 /cnconsum/Public/Uploads/addImage/%E7%8E%8B%E5%A4%A7%E7%88%B7%E7%83%A7%E7%83%A4.png
INFO: [ app_init ] --START--
INFO: Run Behavior\BuildLiteBehavior [ RunTime:0.000019s ]
INFO: [ app_init ] --END-- [ RunTime:0.000770s ]
ERR: 无法加载模块:Public

[ 2016-11-04T09:53:46+08:00 ] 117.36.116.73 /cnconsum/Public/Uploads/addImage/%E4%B9%9D%E9%83%A1%E5%BC%98%E5%95%86%E8%B4%B8%E7%92%9F%E6%B3%B0%E7%83%9F%E9%85%92%E8%8C%B6%E5%95%86%E8%A1%8C.png
INFO: [ app_init ] --START--
INFO: Run Behavior\BuildLiteBehavior [ RunTime:0.000022s ]
INFO: [ app_init ] --END-- [ RunTime:0.000456s ]
ERR: 无法加载模块:Public

[ 2016-11-04T09:53:46+08:00 ] 117.36.116.73 /cnconsum/Public/Uploads/addImage/%E9%A2%86%E7%A7%80%E7%9A%AE%E5%85%B7.png
INFO: [ app_init ] --START--
INFO: Run Behavior\BuildLiteBehavior [ RunTime:0.000024s ]
INFO: [ app_init ] --END-- [ RunTime:0.000519s ]
ERR: 无法加载模块:Public

[ 2016-11-04T09:53:46+08:00 ] 117.36.116.73 /cnconsum/Public/Uploads/addImage/%E5%B0%9A%E8%89%BA%E8%BD%A9_0002.png
INFO: [ app_init ] --START--
INFO: Run Behavior\BuildLiteBehavior [ RunTime:0.000020s ]
INFO: [ app_init ] --END-- [ RunTime:0.000378s ]
ERR: 无法加载模块:Public

[ 2016-11-04T10:10:23+08:00 ] 117.36.116.73 /cnconsum/Public/Uploads/addImage/%E9%A2%86%E7%A7%80%E7%9A%AE%E5%85%B7.png
INFO: [ app_init ] --START--
INFO: Run Behavior\BuildLiteBehavior [ RunTime:0.000016s ]
INFO: [ app_init ] --END-- [ RunTime:0.000369s ]
ERR: 无法加载模块:Public

[ 2016-11-04T10:10:23+08:00 ] 117.36.116.73 /cnconsum/Public/Uploads/addImage/%E5%B0%9A%E8%89%BA%E8%BD%A9_0002.png
INFO: [ app_init ] --START--
INFO: Run Behavior\BuildLiteBehavior [ RunTime:0.000017s ]
INFO: [ app_init ] --END-- [ RunTime:0.000374s ]
ERR: 无法加载模块:Public

[ 2016-11-04T10:10:23+08:00 ] 117.36.116.73 /cnconsum/Public/Uploads/addImage/%E7%8E%8B%E5%A4%A7%E7%88%B7%E7%83%A7%E7%83%A4.png
INFO: [ app_init ] --START--
INFO: Run Behavior\BuildLiteBehavior [ RunTime:0.000014s ]
INFO: [ app_init ] --END-- [ RunTime:0.000313s ]
ERR: 无法加载模块:Public

[ 2016-11-04T10:10:23+08:00 ] 117.36.116.73 /cnconsum/Public/Uploads/addImage/%E4%B9%9D%E9%83%A1%E5%BC%98%E5%95%86%E8%B4%B8%E7%92%9F%E6%B3%B0%E7%83%9F%E9%85%92%E8%8C%B6%E5%95%86%E8%A1%8C.png
INFO: [ app_init ] --START--
INFO: Run Behavior\BuildLiteBehavior [ RunTime:0.000015s ]
INFO: [ app_init ] --END-- [ RunTime:0.000309s ]
ERR: 无法加载模块:Public

[ 2016-11-04T10:10:30+08:00 ] 117.36.116.73 /cnconsum/Public/js/registers.js
INFO: [ app_init ] --START--
INFO: Run Behavior\BuildLiteBehavior [ RunTime:0.000024s ]
INFO: [ app_init ] --END-- [ RunTime:0.000312s ]
ERR: 无法加载模块:Public

[ 2016-11-04T10:11:17+08:00 ] 117.36.116.73 /cnconsum/Public/Uploads/addImage/%E5%B0%9A%E8%89%BA%E8%BD%A9_0002.png
INFO: [ app_init ] --START--
INFO: Run Behavior\BuildLiteBehavior [ RunTime:0.000014s ]
INFO: [ app_init ] --END-- [ RunTime:0.000273s ]
ERR: 无法加载模块:Public

[ 2016-11-04T10:11:18+08:00 ] 117.36.116.73 /cnconsum/Public/Uploads/addImage/%E9%A2%86%E7%A7%80%E7%9A%AE%E5%85%B7.png
INFO: [ app_init ] --START--
INFO: Run Behavior\BuildLiteBehavior [ RunTime:0.000017s ]
INFO: [ app_init ] --END-- [ RunTime:0.000389s ]
ERR: 无法加载模块:Public

[ 2016-11-04T10:11:18+08:00 ] 117.36.116.73 /cnconsum/Public/Uploads/addImage/%E7%8E%8B%E5%A4%A7%E7%88%B7%E7%83%A7%E7%83%A4.png
INFO: [ app_init ] --START--
INFO: Run Behavior\BuildLiteBehavior [ RunTime:0.000018s ]
INFO: [ app_init ] --END-- [ RunTime:0.000443s ]
ERR: 无法加载模块:Public

[ 2016-11-04T10:11:18+08:00 ] 117.36.116.73 /cnconsum/Public/Uploads/addImage/%E4%B9%9D%E9%83%A1%E5%BC%98%E5%95%86%E8%B4%B8%E7%92%9F%E6%B3%B0%E7%83%9F%E9%85%92%E8%8C%B6%E5%95%86%E8%A1%8C.png
INFO: [ app_init ] --START--
INFO: Run Behavior\BuildLiteBehavior [ RunTime:0.000012s ]
INFO: [ app_init ] --END-- [ RunTime:0.000246s ]
ERR: 无法加载模块:Public

[ 2016-11-04T10:11:52+08:00 ] 117.36.116.73 /cnconsum/Public/Uploads/addImage/face_02.jpg
INFO: [ app_init ] --START--
INFO: Run Behavior\BuildLiteBehavior [ RunTime:0.000016s ]
INFO: [ app_init ] --END-- [ RunTime:0.000951s ]
ERR: 无法加载模块:Public

[ 2016-11-04T10:11:52+08:00 ] 117.36.116.73 /cnconsum/Public/Uploads/addImage/%E9%A2%86%E7%A7%80%E7%9A%AE%E5%85%B7.png
INFO: [ app_init ] --START--
INFO: Run Behavior\BuildLiteBehavior [ RunTime:0.000016s ]
INFO: [ app_init ] --END-- [ RunTime:0.000373s ]
ERR: 无法加载模块:Public

[ 2016-11-04T10:11:52+08:00 ] 117.36.116.73 /cnconsum/Public/Uploads/addImage/%E5%B0%9A%E8%89%BA%E8%BD%A9_0002.png
INFO: [ app_init ] --START--
INFO: Run Behavior\BuildLiteBehavior [ RunTime:0.000014s ]
INFO: [ app_init ] --END-- [ RunTime:0.000263s ]
ERR: 无法加载模块:Public

[ 2016-11-04T10:11:52+08:00 ] 117.36.116.73 /cnconsum/Public/Uploads/addImage/%E7%8E%8B%E5%A4%A7%E7%88%B7%E7%83%A7%E7%83%A4.png
INFO: [ app_init ] --START--
INFO: Run Behavior\BuildLiteBehavior [ RunTime:0.000019s ]
INFO: [ app_init ] --END-- [ RunTime:0.000440s ]
ERR: 无法加载模块:Public

[ 2016-11-04T10:11:52+08:00 ] 117.36.116.73 /cnconsum/Public/Uploads/addImage/%E4%B9%9D%E9%83%A1%E5%BC%98%E5%95%86%E8%B4%B8%E7%92%9F%E6%B3%B0%E7%83%9F%E9%85%92%E8%8C%B6%E5%95%86%E8%A1%8C.png
INFO: [ app_init ] --START--
INFO: Run Behavior\BuildLiteBehavior [ RunTime:0.000015s ]
INFO: [ app_init ] --END-- [ RunTime:0.000295s ]
ERR: 无法加载模块:Public

[ 2016-11-04T10:27:27+08:00 ] 117.36.116.73 /cnconsum/Public/js/registers.js
INFO: [ app_init ] --START--
INFO: Run Behavior\BuildLiteBehavior [ RunTime:0.000023s ]
INFO: [ app_init ] --END-- [ RunTime:0.000377s ]
ERR: 无法加载模块:Public

[ 2016-11-04T10:27:57+08:00 ] 117.36.116.73 /cnconsum/Public/js/registers.js
INFO: [ app_init ] --START--
INFO: Run Behavior\BuildLiteBehavior [ RunTime:0.000019s ]
INFO: [ app_init ] --END-- [ RunTime:0.000369s ]
ERR: 无法加载模块:Public

[ 2016-11-04T10:31:34+08:00 ] 117.36.116.73 /cnconsum/Public/js/registers.js
INFO: [ app_init ] --START--
INFO: Run Behavior\BuildLiteBehavior [ RunTime:0.000022s ]
INFO: [ app_init ] --END-- [ RunTime:0.000501s ]
ERR: 无法加载模块:Public

[ 2016-11-04T10:33:30+08:00 ] 117.36.116.73 /cnconsum/Public/Uploads/addImage/%E9%A2%86%E7%A7%80%E7%9A%AE%E5%85%B7.png
INFO: [ app_init ] --START--
INFO: Run Behavior\BuildLiteBehavior [ RunTime:0.000026s ]
INFO: [ app_init ] --END-- [ RunTime:0.000500s ]
ERR: 无法加载模块:Public

[ 2016-11-04T10:33:30+08:00 ] 117.36.116.73 /cnconsum/Public/Uploads/addImage/%E5%B0%9A%E8%89%BA%E8%BD%A9_0002.png
INFO: [ app_init ] --START--
INFO: Run Behavior\BuildLiteBehavior [ RunTime:0.000020s ]
INFO: [ app_init ] --END-- [ RunTime:0.000427s ]
ERR: 无法加载模块:Public

[ 2016-11-04T10:33:30+08:00 ] 117.36.116.73 /cnconsum/Public/Uploads/addImage/%E7%8E%8B%E5%A4%A7%E7%88%B7%E7%83%A7%E7%83%A4.png
INFO: [ app_init ] --START--
INFO: Run Behavior\BuildLiteBehavior [ RunTime:0.000020s ]
INFO: [ app_init ] --END-- [ RunTime:0.000383s ]
ERR: 无法加载模块:Public

[ 2016-11-04T10:33:30+08:00 ] 117.36.116.73 /cnconsum/Public/Uploads/addImage/%E4%B9%9D%E9%83%A1%E5%BC%98%E5%95%86%E8%B4%B8%E7%92%9F%E6%B3%B0%E7%83%9F%E9%85%92%E8%8C%B6%E5%95%86%E8%A1%8C.png
INFO: [ app_init ] --START--
INFO: Run Behavior\BuildLiteBehavior [ RunTime:0.000015s ]
INFO: [ app_init ] --END-- [ RunTime:0.000339s ]
ERR: 无法加载模块:Public

[ 2016-11-04T10:35:07+08:00 ] 117.36.116.73 /cnconsum/Public/js/registers.js
INFO: [ app_init ] --START--
INFO: Run Behavior\BuildLiteBehavior [ RunTime:0.000016s ]
INFO: [ app_init ] --END-- [ RunTime:0.000325s ]
ERR: 无法加载模块:Public

[ 2016-11-04T10:44:15+08:00 ] 117.36.116.73 /cnconsum/Public/js/registers.js
INFO: [ app_init ] --START--
INFO: Run Behavior\BuildLiteBehavior [ RunTime:0.000015s ]
INFO: [ app_init ] --END-- [ RunTime:0.000267s ]
ERR: 无法加载模块:Public

[ 2016-11-04T10:46:31+08:00 ] 117.36.116.73 /cnconsum/Public/Uploads/addImage/%E9%A2%86%E7%A7%80%E7%9A%AE%E5%85%B7.png
INFO: [ app_init ] --START--
INFO: Run Behavior\BuildLiteBehavior [ RunTime:0.000026s ]
INFO: [ app_init ] --END-- [ RunTime:0.001248s ]
ERR: 无法加载模块:Public

[ 2016-11-04T10:46:32+08:00 ] 117.36.116.73 /cnconsum/Public/Uploads/addImage/%E5%B0%9A%E8%89%BA%E8%BD%A9_0002.png
INFO: [ app_init ] --START--
INFO: Run Behavior\BuildLiteBehavior [ RunTime:0.000021s ]
INFO: [ app_init ] --END-- [ RunTime:0.000405s ]
ERR: 无法加载模块:Public

[ 2016-11-04T10:46:32+08:00 ] 117.36.116.73 /cnconsum/Public/Uploads/addImage/%E7%8E%8B%E5%A4%A7%E7%88%B7%E7%83%A7%E7%83%A4.png
INFO: [ app_init ] --START--
INFO: Run Behavior\BuildLiteBehavior [ RunTime:0.000017s ]
INFO: [ app_init ] --END-- [ RunTime:0.000276s ]
ERR: 无法加载模块:Public

[ 2016-11-04T10:46:32+08:00 ] 117.36.116.73 /cnconsum/Public/Uploads/addImage/%E4%B9%9D%E9%83%A1%E5%BC%98%E5%95%86%E8%B4%B8%E7%92%9F%E6%B3%B0%E7%83%9F%E9%85%92%E8%8C%B6%E5%95%86%E8%A1%8C.png
INFO: [ app_init ] --START--
INFO: Run Behavior\BuildLiteBehavior [ RunTime:0.000026s ]
INFO: [ app_init ] --END-- [ RunTime:0.000482s ]
ERR: 无法加载模块:Public

[ 2016-11-04T10:48:41+08:00 ] 117.36.116.73 /cnconsum/Public/Uploads/addImage/%E5%B0%9A%E8%89%BA%E8%BD%A9_0002.png
INFO: [ app_init ] --START--
INFO: Run Behavior\BuildLiteBehavior [ RunTime:0.000016s ]
INFO: [ app_init ] --END-- [ RunTime:0.000276s ]
ERR: 无法加载模块:Public

[ 2016-11-04T10:48:41+08:00 ] 117.36.116.73 /cnconsum/Public/Uploads/addImage/%E9%A2%86%E7%A7%80%E7%9A%AE%E5%85%B7.png
INFO: [ app_init ] --START--
INFO: Run Behavior\BuildLiteBehavior [ RunTime:0.000020s ]
INFO: [ app_init ] --END-- [ RunTime:0.000422s ]
ERR: 无法加载模块:Public

[ 2016-11-04T10:48:41+08:00 ] 117.36.116.73 /cnconsum/Public/Uploads/addImage/%E7%8E%8B%E5%A4%A7%E7%88%B7%E7%83%A7%E7%83%A4.png
INFO: [ app_init ] --START--
INFO: Run Behavior\BuildLiteBehavior [ RunTime:0.000019s ]
INFO: [ app_init ] --END-- [ RunTime:0.000463s ]
ERR: 无法加载模块:Public

[ 2016-11-04T10:48:41+08:00 ] 117.36.116.73 /cnconsum/Public/Uploads/addImage/%E4%B9%9D%E9%83%A1%E5%BC%98%E5%95%86%E8%B4%B8%E7%92%9F%E6%B3%B0%E7%83%9F%E9%85%92%E8%8C%B6%E5%95%86%E8%A1%8C.png
INFO: [ app_init ] --START--
INFO: Run Behavior\BuildLiteBehavior [ RunTime:0.000013s ]
INFO: [ app_init ] --END-- [ RunTime:0.000289s ]
ERR: 无法加载模块:Public

[ 2016-11-04T10:52:56+08:00 ] 117.36.116.73 /cnconsum/Public/Uploads/addImage/%E9%A2%86%E7%A7%80%E7%9A%AE%E5%85%B7.png
INFO: [ app_init ] --START--
INFO: Run Behavior\BuildLiteBehavior [ RunTime:0.000014s ]
INFO: [ app_init ] --END-- [ RunTime:0.000264s ]
ERR: 无法加载模块:Public

[ 2016-11-04T10:52:56+08:00 ] 117.36.116.73 /cnconsum/Public/Uploads/addImage/%E5%B0%9A%E8%89%BA%E8%BD%A9_0002.png
INFO: [ app_init ] --START--
INFO: Run Behavior\BuildLiteBehavior [ RunTime:0.000022s ]
INFO: [ app_init ] --END-- [ RunTime:0.000504s ]
ERR: 无法加载模块:Public

[ 2016-11-04T10:52:56+08:00 ] 117.36.116.73 /cnconsum/Public/Uploads/addImage/%E7%8E%8B%E5%A4%A7%E7%88%B7%E7%83%A7%E7%83%A4.png
INFO: [ app_init ] --START--
INFO: Run Behavior\BuildLiteBehavior [ RunTime:0.000017s ]
INFO: [ app_init ] --END-- [ RunTime:0.000522s ]
ERR: 无法加载模块:Public

[ 2016-11-04T10:52:56+08:00 ] 117.36.116.73 /cnconsum/Public/Uploads/addImage/%E4%B9%9D%E9%83%A1%E5%BC%98%E5%95%86%E8%B4%B8%E7%92%9F%E6%B3%B0%E7%83%9F%E9%85%92%E8%8C%B6%E5%95%86%E8%A1%8C.png
INFO: [ app_init ] --START--
INFO: Run Behavior\BuildLiteBehavior [ RunTime:0.000021s ]
INFO: [ app_init ] --END-- [ RunTime:0.000446s ]
ERR: 无法加载模块:Public

[ 2016-11-04T10:54:11+08:00 ] 117.36.116.73 /cnconsum/Public/Uploads/addImage/%E5%B0%9A%E8%89%BA%E8%BD%A9_0002.png
INFO: [ app_init ] --START--
INFO: Run Behavior\BuildLiteBehavior [ RunTime:0.000020s ]
INFO: [ app_init ] --END-- [ RunTime:0.000329s ]
ERR: 无法加载模块:Public

[ 2016-11-04T10:54:11+08:00 ] 117.36.116.73 /cnconsum/Public/Uploads/addImage/%E9%A2%86%E7%A7%80%E7%9A%AE%E5%85%B7.png
INFO: [ app_init ] --START--
INFO: Run Behavior\BuildLiteBehavior [ RunTime:0.000020s ]
INFO: [ app_init ] --END-- [ RunTime:0.000406s ]
ERR: 无法加载模块:Public

[ 2016-11-04T10:54:11+08:00 ] 117.36.116.73 /cnconsum/Public/Uploads/addImage/%E7%8E%8B%E5%A4%A7%E7%88%B7%E7%83%A7%E7%83%A4.png
INFO: [ app_init ] --START--
INFO: Run Behavior\BuildLiteBehavior [ RunTime:0.000019s ]
INFO: [ app_init ] --END-- [ RunTime:0.000291s ]
ERR: 无法加载模块:Public

[ 2016-11-04T10:54:11+08:00 ] 117.36.116.73 /cnconsum/Public/Uploads/addImage/%E4%B9%9D%E9%83%A1%E5%BC%98%E5%95%86%E8%B4%B8%E7%92%9F%E6%B3%B0%E7%83%9F%E9%85%92%E8%8C%B6%E5%95%86%E8%A1%8C.png
INFO: [ app_init ] --START--
INFO: Run Behavior\BuildLiteBehavior [ RunTime:0.000020s ]
INFO: [ app_init ] --END-- [ RunTime:0.000505s ]
ERR: 无法加载模块:Public

[ 2016-11-04T11:09:26+08:00 ] 117.36.116.73 /cnconsum/Public/Uploads/addImage/%E9%A2%86%E7%A7%80%E7%9A%AE%E5%85%B7.png
INFO: [ app_init ] --START--
INFO: Run Behavior\BuildLiteBehavior [ RunTime:0.000019s ]
INFO: [ app_init ] --END-- [ RunTime:0.000408s ]
ERR: 无法加载模块:Public

[ 2016-11-04T11:09:26+08:00 ] 117.36.116.73 /cnconsum/Public/Uploads/addImage/%E5%B0%9A%E8%89%BA%E8%BD%A9_0002.png
INFO: [ app_init ] --START--
INFO: Run Behavior\BuildLiteBehavior [ RunTime:0.000023s ]
INFO: [ app_init ] --END-- [ RunTime:0.000402s ]
ERR: 无法加载模块:Public

[ 2016-11-04T11:09:26+08:00 ] 117.36.116.73 /cnconsum/Public/Uploads/addImage/%E7%8E%8B%E5%A4%A7%E7%88%B7%E7%83%A7%E7%83%A4.png
INFO: [ app_init ] --START--
INFO: Run Behavior\BuildLiteBehavior [ RunTime:0.000020s ]
INFO: [ app_init ] --END-- [ RunTime:0.000403s ]
ERR: 无法加载模块:Public

[ 2016-11-04T11:09:26+08:00 ] 117.36.116.73 /cnconsum/Public/Uploads/addImage/%E4%B9%9D%E9%83%A1%E5%BC%98%E5%95%86%E8%B4%B8%E7%92%9F%E6%B3%B0%E7%83%9F%E9%85%92%E8%8C%B6%E5%95%86%E8%A1%8C.png
INFO: [ app_init ] --START--
INFO: Run Behavior\BuildLiteBehavior [ RunTime:0.000018s ]
INFO: [ app_init ] --END-- [ RunTime:0.000396s ]
ERR: 无法加载模块:Public

[ 2016-11-04T11:12:45+08:00 ] 117.36.116.73 /cnconsum/Public/Uploads/addImage/%E5%B0%9A%E8%89%BA%E8%BD%A9_0002.png
INFO: [ app_init ] --START--
INFO: Run Behavior\BuildLiteBehavior [ RunTime:0.000015s ]
INFO: [ app_init ] --END-- [ RunTime:0.000398s ]
ERR: 无法加载模块:Public

[ 2016-11-04T11:12:45+08:00 ] 117.36.116.73 /cnconsum/Public/Uploads/addImage/%E9%A2%86%E7%A7%80%E7%9A%AE%E5%85%B7.png
INFO: [ app_init ] --START--
INFO: Run Behavior\BuildLiteBehavior [ RunTime:0.000021s ]
INFO: [ app_init ] --END-- [ RunTime:0.000417s ]
ERR: 无法加载模块:Public

[ 2016-11-04T11:12:45+08:00 ] 117.36.116.73 /cnconsum/Public/Uploads/addImage/%E7%8E%8B%E5%A4%A7%E7%88%B7%E7%83%A7%E7%83%A4.png
INFO: [ app_init ] --START--
INFO: Run Behavior\BuildLiteBehavior [ RunTime:0.000013s ]
INFO: [ app_init ] --END-- [ RunTime:0.000307s ]
ERR: 无法加载模块:Public

[ 2016-11-04T11:12:45+08:00 ] 117.36.116.73 /cnconsum/Public/Uploads/addImage/%E4%B9%9D%E9%83%A1%E5%BC%98%E5%95%86%E8%B4%B8%E7%92%9F%E6%B3%B0%E7%83%9F%E9%85%92%E8%8C%B6%E5%95%86%E8%A1%8C.png
INFO: [ app_init ] --START--
INFO: Run Behavior\BuildLiteBehavior [ RunTime:0.000025s ]
INFO: [ app_init ] --END-- [ RunTime:0.000424s ]
ERR: 无法加载模块:Public

[ 2016-11-04T11:14:14+08:00 ] 117.36.116.73 /cnconsum/Public/Uploads/addImage/%E9%A2%86%E7%A7%80%E7%9A%AE%E5%85%B7.png
INFO: [ app_init ] --START--
INFO: Run Behavior\BuildLiteBehavior [ RunTime:0.000015s ]
INFO: [ app_init ] --END-- [ RunTime:0.000295s ]
ERR: 无法加载模块:Public

[ 2016-11-04T11:14:14+08:00 ] 117.36.116.73 /cnconsum/Public/Uploads/addImage/%E5%B0%9A%E8%89%BA%E8%BD%A9_0002.png
INFO: [ app_init ] --START--
INFO: Run Behavior\BuildLiteBehavior [ RunTime:0.000021s ]
INFO: [ app_init ] --END-- [ RunTime:0.000418s ]
ERR: 无法加载模块:Public

[ 2016-11-04T11:14:14+08:00 ] 117.36.116.73 /cnconsum/Public/Uploads/addImage/%E7%8E%8B%E5%A4%A7%E7%88%B7%E7%83%A7%E7%83%A4.png
INFO: [ app_init ] --START--
INFO: Run Behavior\BuildLiteBehavior [ RunTime:0.000012s ]
INFO: [ app_init ] --END-- [ RunTime:0.000359s ]
ERR: 无法加载模块:Public

[ 2016-11-04T11:14:14+08:00 ] 117.36.116.73 /cnconsum/Public/Uploads/addImage/%E4%B9%9D%E9%83%A1%E5%BC%98%E5%95%86%E8%B4%B8%E7%92%9F%E6%B3%B0%E7%83%9F%E9%85%92%E8%8C%B6%E5%95%86%E8%A1%8C.png
INFO: [ app_init ] --START--
INFO: Run Behavior\BuildLiteBehavior [ RunTime:0.000018s ]
INFO: [ app_init ] --END-- [ RunTime:0.000370s ]
ERR: 无法加载模块:Public

[ 2016-11-04T11:15:09+08:00 ] 117.36.116.73 /cnconsum/Public/Uploads/addImage/%E5%B0%9A%E8%89%BA%E8%BD%A9_0002.png
INFO: [ app_init ] --START--
INFO: Run Behavior\BuildLiteBehavior [ RunTime:0.000016s ]
INFO: [ app_init ] --END-- [ RunTime:0.000352s ]
ERR: 无法加载模块:Public

[ 2016-11-04T11:15:09+08:00 ] 117.36.116.73 /cnconsum/Public/Uploads/addImage/%E9%A2%86%E7%A7%80%E7%9A%AE%E5%85%B7.png
INFO: [ app_init ] --START--
INFO: Run Behavior\BuildLiteBehavior [ RunTime:0.000021s ]
INFO: [ app_init ] --END-- [ RunTime:0.000477s ]
ERR: 无法加载模块:Public

[ 2016-11-04T11:15:09+08:00 ] 117.36.116.73 /cnconsum/Public/Uploads/addImage/%E7%8E%8B%E5%A4%A7%E7%88%B7%E7%83%A7%E7%83%A4.png
INFO: [ app_init ] --START--
INFO: Run Behavior\BuildLiteBehavior [ RunTime:0.000022s ]
INFO: [ app_init ] --END-- [ RunTime:0.000427s ]
ERR: 无法加载模块:Public

[ 2016-11-04T11:15:09+08:00 ] 117.36.116.73 /cnconsum/Public/Uploads/addImage/%E4%B9%9D%E9%83%A1%E5%BC%98%E5%95%86%E8%B4%B8%E7%92%9F%E6%B3%B0%E7%83%9F%E9%85%92%E8%8C%B6%E5%95%86%E8%A1%8C.png
INFO: [ app_init ] --START--
INFO: Run Behavior\BuildLiteBehavior [ RunTime:0.000023s ]
INFO: [ app_init ] --END-- [ RunTime:0.001124s ]
ERR: 无法加载模块:Public

[ 2016-11-04T11:19:47+08:00 ] 117.36.116.73 /cnconsum/Public/Uploads/addImage/%E5%B0%9A%E8%89%BA%E8%BD%A9_0002.png
INFO: [ app_init ] --START--
INFO: Run Behavior\BuildLiteBehavior [ RunTime:0.000021s ]
INFO: [ app_init ] --END-- [ RunTime:0.000458s ]
ERR: 无法加载模块:Public

[ 2016-11-04T11:19:47+08:00 ] 117.36.116.73 /cnconsum/Public/Uploads/addImage/%E9%A2%86%E7%A7%80%E7%9A%AE%E5%85%B7.png
INFO: [ app_init ] --START--
INFO: Run Behavior\BuildLiteBehavior [ RunTime:0.000021s ]
INFO: [ app_init ] --END-- [ RunTime:0.000442s ]
ERR: 无法加载模块:Public

[ 2016-11-04T11:19:47+08:00 ] 117.36.116.73 /cnconsum/Public/Uploads/addImage/%E7%8E%8B%E5%A4%A7%E7%88%B7%E7%83%A7%E7%83%A4.png
INFO: [ app_init ] --START--
INFO: Run Behavior\BuildLiteBehavior [ RunTime:0.000017s ]
INFO: [ app_init ] --END-- [ RunTime:0.000386s ]
ERR: 无法加载模块:Public

[ 2016-11-04T11:19:47+08:00 ] 117.36.116.73 /cnconsum/Public/Uploads/addImage/%E4%B9%9D%E9%83%A1%E5%BC%98%E5%95%86%E8%B4%B8%E7%92%9F%E6%B3%B0%E7%83%9F%E9%85%92%E8%8C%B6%E5%95%86%E8%A1%8C.png
INFO: [ app_init ] --START--
INFO: Run Behavior\BuildLiteBehavior [ RunTime:0.000021s ]
INFO: [ app_init ] --END-- [ RunTime:0.000322s ]
ERR: 无法加载模块:Public

[ 2016-11-04T11:31:11+08:00 ] 117.36.116.73 /cnconsum/Public/Uploads/addImage/%E9%A2%86%E7%A7%80%E7%9A%AE%E5%85%B7.png
INFO: [ app_init ] --START--
INFO: Run Behavior\BuildLiteBehavior [ RunTime:0.000014s ]
INFO: [ app_init ] --END-- [ RunTime:0.000290s ]
ERR: 无法加载模块:Public

[ 2016-11-04T11:31:11+08:00 ] 117.36.116.73 /cnconsum/Public/Uploads/addImage/%E5%B0%9A%E8%89%BA%E8%BD%A9_0002.png
INFO: [ app_init ] --START--
INFO: Run Behavior\BuildLiteBehavior [ RunTime:0.000024s ]
INFO: [ app_init ] --END-- [ RunTime:0.000416s ]
ERR: 无法加载模块:Public

[ 2016-11-04T11:31:11+08:00 ] 117.36.116.73 /cnconsum/Public/Uploads/addImage/%E7%8E%8B%E5%A4%A7%E7%88%B7%E7%83%A7%E7%83%A4.png
INFO: [ app_init ] --START--
INFO: Run Behavior\BuildLiteBehavior [ RunTime:0.000017s ]
INFO: [ app_init ] --END-- [ RunTime:0.000357s ]
ERR: 无法加载模块:Public

[ 2016-11-04T11:31:11+08:00 ] 117.36.116.73 /cnconsum/Public/Uploads/addImage/%E4%B9%9D%E9%83%A1%E5%BC%98%E5%95%86%E8%B4%B8%E7%92%9F%E6%B3%B0%E7%83%9F%E9%85%92%E8%8C%B6%E5%95%86%E8%A1%8C.png
INFO: [ app_init ] --START--
INFO: Run Behavior\BuildLiteBehavior [ RunTime:0.000014s ]
INFO: [ app_init ] --END-- [ RunTime:0.000297s ]
ERR: 无法加载模块:Public

[ 2016-11-04T11:33:51+08:00 ] 117.36.116.73 /cnconsum/Public/Uploads/addImage/%E5%B0%9A%E8%89%BA%E8%BD%A9_0002.png
INFO: [ app_init ] --START--
INFO: Run Behavior\BuildLiteBehavior [ RunTime:0.000017s ]
INFO: [ app_init ] --END-- [ RunTime:0.000322s ]
ERR: 无法加载模块:Public

[ 2016-11-04T11:33:51+08:00 ] 117.36.116.73 /cnconsum/Public/Uploads/addImage/%E7%8E%8B%E5%A4%A7%E7%88%B7%E7%83%A7%E7%83%A4.png
INFO: [ app_init ] --START--
INFO: Run Behavior\BuildLiteBehavior [ RunTime:0.000021s ]
INFO: [ app_init ] --END-- [ RunTime:0.000366s ]
ERR: 无法加载模块:Public

[ 2016-11-04T11:33:51+08:00 ] 117.36.116.73 /cnconsum/Public/Uploads/addImage/%E9%A2%86%E7%A7%80%E7%9A%AE%E5%85%B7.png
INFO: [ app_init ] --START--
INFO: Run Behavior\BuildLiteBehavior [ RunTime:0.000013s ]
INFO: [ app_init ] --END-- [ RunTime:0.000334s ]
ERR: 无法加载模块:Public

[ 2016-11-04T11:33:51+08:00 ] 117.36.116.73 /cnconsum/Public/Uploads/addImage/%E4%B9%9D%E9%83%A1%E5%BC%98%E5%95%86%E8%B4%B8%E7%92%9F%E6%B3%B0%E7%83%9F%E9%85%92%E8%8C%B6%E5%95%86%E8%A1%8C.png
INFO: [ app_init ] --START--
INFO: Run Behavior\BuildLiteBehavior [ RunTime:0.000018s ]
INFO: [ app_init ] --END-- [ RunTime:0.000337s ]
ERR: 无法加载模块:Public

[ 2016-11-04T11:40:05+08:00 ] 117.36.116.73 /cnconsum/Public/Uploads/addImage/%E9%A2%86%E7%A7%80%E7%9A%AE%E5%85%B7.png
INFO: [ app_init ] --START--
INFO: Run Behavior\BuildLiteBehavior [ RunTime:0.000015s ]
INFO: [ app_init ] --END-- [ RunTime:0.000343s ]
ERR: 无法加载模块:Public

[ 2016-11-04T11:40:05+08:00 ] 117.36.116.73 /cnconsum/Public/Uploads/addImage/%E5%B0%9A%E8%89%BA%E8%BD%A9_0002.png
INFO: [ app_init ] --START--
INFO: Run Behavior\BuildLiteBehavior [ RunTime:0.000015s ]
INFO: [ app_init ] --END-- [ RunTime:0.000324s ]
ERR: 无法加载模块:Public

[ 2016-11-04T11:40:05+08:00 ] 117.36.116.73 /cnconsum/Public/Uploads/addImage/%E7%8E%8B%E5%A4%A7%E7%88%B7%E7%83%A7%E7%83%A4.png
INFO: [ app_init ] --START--
INFO: Run Behavior\BuildLiteBehavior [ RunTime:0.000018s ]
INFO: [ app_init ] --END-- [ RunTime:0.000434s ]
ERR: 无法加载模块:Public

[ 2016-11-04T11:40:05+08:00 ] 117.36.116.73 /cnconsum/Public/Uploads/addImage/%E4%B9%9D%E9%83%A1%E5%BC%98%E5%95%86%E8%B4%B8%E7%92%9F%E6%B3%B0%E7%83%9F%E9%85%92%E8%8C%B6%E5%95%86%E8%A1%8C.png
INFO: [ app_init ] --START--
INFO: Run Behavior\BuildLiteBehavior [ RunTime:0.000014s ]
INFO: [ app_init ] --END-- [ RunTime:0.000321s ]
ERR: 无法加载模块:Public

[ 2016-11-04T11:45:47+08:00 ] 117.36.116.73 /cnconsum/Public/Uploads/addImage/%E9%A2%86%E7%A7%80%E7%9A%AE%E5%85%B7.png
INFO: [ app_init ] --START--
INFO: Run Behavior\BuildLiteBehavior [ RunTime:0.000021s ]
INFO: [ app_init ] --END-- [ RunTime:0.000316s ]
ERR: 无法加载模块:Public

[ 2016-11-04T11:45:47+08:00 ] 117.36.116.73 /cnconsum/Public/Uploads/addImage/%E5%B0%9A%E8%89%BA%E8%BD%A9_0002.png
INFO: [ app_init ] --START--
INFO: Run Behavior\BuildLiteBehavior [ RunTime:0.000020s ]
INFO: [ app_init ] --END-- [ RunTime:0.000471s ]
ERR: 无法加载模块:Public

[ 2016-11-04T11:45:47+08:00 ] 117.36.116.73 /cnconsum/Public/Uploads/addImage/%E7%8E%8B%E5%A4%A7%E7%88%B7%E7%83%A7%E7%83%A4.png
INFO: [ app_init ] --START--
INFO: Run Behavior\BuildLiteBehavior [ RunTime:0.000015s ]
INFO: [ app_init ] --END-- [ RunTime:0.000358s ]
ERR: 无法加载模块:Public

[ 2016-11-04T11:45:47+08:00 ] 117.36.116.73 /cnconsum/Public/Uploads/addImage/%E4%B9%9D%E9%83%A1%E5%BC%98%E5%95%86%E8%B4%B8%E7%92%9F%E6%B3%B0%E7%83%9F%E9%85%92%E8%8C%B6%E5%95%86%E8%A1%8C.png
INFO: [ app_init ] --START--
INFO: Run Behavior\BuildLiteBehavior [ RunTime:0.000019s ]
INFO: [ app_init ] --END-- [ RunTime:0.000314s ]
ERR: 无法加载模块:Public

[ 2016-11-04T11:47:13+08:00 ] 117.36.116.73 /cnconsum/Public/Uploads/addImage/%E5%B0%9A%E8%89%BA%E8%BD%A9_0002.png
INFO: [ app_init ] --START--
INFO: Run Behavior\BuildLiteBehavior [ RunTime:0.000014s ]
INFO: [ app_init ] --END-- [ RunTime:0.000395s ]
ERR: 无法加载模块:Public

[ 2016-11-04T11:47:13+08:00 ] 117.36.116.73 /cnconsum/Public/Uploads/addImage/%E9%A2%86%E7%A7%80%E7%9A%AE%E5%85%B7.png
INFO: [ app_init ] --START--
INFO: Run Behavior\BuildLiteBehavior [ RunTime:0.000020s ]
INFO: [ app_init ] --END-- [ RunTime:0.000529s ]
ERR: 无法加载模块:Public

[ 2016-11-04T11:47:13+08:00 ] 117.36.116.73 /cnconsum/Public/Uploads/addImage/%E7%8E%8B%E5%A4%A7%E7%88%B7%E7%83%A7%E7%83%A4.png
INFO: [ app_init ] --START--
INFO: Run Behavior\BuildLiteBehavior [ RunTime:0.000015s ]
INFO: [ app_init ] --END-- [ RunTime:0.000346s ]
ERR: 无法加载模块:Public

[ 2016-11-04T11:47:13+08:00 ] 117.36.116.73 /cnconsum/Public/Uploads/addImage/%E4%B9%9D%E9%83%A1%E5%BC%98%E5%95%86%E8%B4%B8%E7%92%9F%E6%B3%B0%E7%83%9F%E9%85%92%E8%8C%B6%E5%95%86%E8%A1%8C.png
INFO: [ app_init ] --START--
INFO: Run Behavior\BuildLiteBehavior [ RunTime:0.000017s ]
INFO: [ app_init ] --END-- [ RunTime:0.000392s ]
ERR: 无法加载模块:Public

[ 2016-11-04T11:48:49+08:00 ] 117.36.116.73 /cnconsum/Public/Uploads/addImage/%E5%B0%9A%E8%89%BA%E8%BD%A9_0002.png
INFO: [ app_init ] --START--
INFO: Run Behavior\BuildLiteBehavior [ RunTime:0.000021s ]
INFO: [ app_init ] --END-- [ RunTime:0.000332s ]
ERR: 无法加载模块:Public

[ 2016-11-04T11:48:49+08:00 ] 117.36.116.73 /cnconsum/Public/Uploads/addImage/%E9%A2%86%E7%A7%80%E7%9A%AE%E5%85%B7.png
INFO: [ app_init ] --START--
INFO: Run Behavior\BuildLiteBehavior [ RunTime:0.000017s ]
INFO: [ app_init ] --END-- [ RunTime:0.000401s ]
ERR: 无法加载模块:Public

[ 2016-11-04T11:48:49+08:00 ] 117.36.116.73 /cnconsum/Public/Uploads/addImage/%E7%8E%8B%E5%A4%A7%E7%88%B7%E7%83%A7%E7%83%A4.png
INFO: [ app_init ] --START--
INFO: Run Behavior\BuildLiteBehavior [ RunTime:0.000020s ]
INFO: [ app_init ] --END-- [ RunTime:0.000710s ]
ERR: 无法加载模块:Public

[ 2016-11-04T11:48:49+08:00 ] 117.36.116.73 /cnconsum/Public/Uploads/addImage/%E4%B9%9D%E9%83%A1%E5%BC%98%E5%95%86%E8%B4%B8%E7%92%9F%E6%B3%B0%E7%83%9F%E9%85%92%E8%8C%B6%E5%95%86%E8%A1%8C.png
INFO: [ app_init ] --START--
INFO: Run Behavior\BuildLiteBehavior [ RunTime:0.000018s ]
INFO: [ app_init ] --END-- [ RunTime:0.000757s ]
ERR: 无法加载模块:Public

[ 2016-11-04T11:50:44+08:00 ] 117.36.116.73 /cnconsum/Public/Uploads/addImage/%E9%A2%86%E7%A7%80%E7%9A%AE%E5%85%B7.png
INFO: [ app_init ] --START--
INFO: Run Behavior\BuildLiteBehavior [ RunTime:0.000018s ]
INFO: [ app_init ] --END-- [ RunTime:0.000360s ]
ERR: 无法加载模块:Public

[ 2016-11-04T11:50:44+08:00 ] 117.36.116.73 /cnconsum/Public/Uploads/addImage/%E5%B0%9A%E8%89%BA%E8%BD%A9_0002.png
INFO: [ app_init ] --START--
INFO: Run Behavior\BuildLiteBehavior [ RunTime:0.000021s ]
INFO: [ app_init ] --END-- [ RunTime:0.000408s ]
ERR: 无法加载模块:Public

[ 2016-11-04T11:50:44+08:00 ] 117.36.116.73 /cnconsum/Public/Uploads/addImage/%E7%8E%8B%E5%A4%A7%E7%88%B7%E7%83%A7%E7%83%A4.png
INFO: [ app_init ] --START--
INFO: Run Behavior\BuildLiteBehavior [ RunTime:0.000012s ]
INFO: [ app_init ] --END-- [ RunTime:0.000341s ]
ERR: 无法加载模块:Public

[ 2016-11-04T11:50:44+08:00 ] 117.36.116.73 /cnconsum/Public/Uploads/addImage/%E4%B9%9D%E9%83%A1%E5%BC%98%E5%95%86%E8%B4%B8%E7%92%9F%E6%B3%B0%E7%83%9F%E9%85%92%E8%8C%B6%E5%95%86%E8%A1%8C.png
INFO: [ app_init ] --START--
INFO: Run Behavior\BuildLiteBehavior [ RunTime:0.001400s ]
INFO: [ app_init ] --END-- [ RunTime:0.002454s ]
ERR: 无法加载模块:Public

[ 2016-11-04T11:53:41+08:00 ] 117.36.116.73 /cnconsum/Public/Uploads/addImage/%E5%B0%9A%E8%89%BA%E8%BD%A9_0002.png
INFO: [ app_init ] --START--
INFO: Run Behavior\BuildLiteBehavior [ RunTime:0.000026s ]
INFO: [ app_init ] --END-- [ RunTime:0.000548s ]
ERR: 无法加载模块:Public

[ 2016-11-04T11:53:41+08:00 ] 117.36.116.73 /cnconsum/Public/Uploads/addImage/%E9%A2%86%E7%A7%80%E7%9A%AE%E5%85%B7.png
INFO: [ app_init ] --START--
INFO: Run Behavior\BuildLiteBehavior [ RunTime:0.000026s ]
INFO: [ app_init ] --END-- [ RunTime:0.000466s ]
ERR: 无法加载模块:Public

[ 2016-11-04T11:53:41+08:00 ] 117.36.116.73 /cnconsum/Public/Uploads/addImage/%E7%8E%8B%E5%A4%A7%E7%88%B7%E7%83%A7%E7%83%A4.png
INFO: [ app_init ] --START--
INFO: Run Behavior\BuildLiteBehavior [ RunTime:0.000022s ]
INFO: [ app_init ] --END-- [ RunTime:0.000440s ]
ERR: 无法加载模块:Public

[ 2016-11-04T11:53:42+08:00 ] 117.36.116.73 /cnconsum/Public/Uploads/addImage/%E4%B9%9D%E9%83%A1%E5%BC%98%E5%95%86%E8%B4%B8%E7%92%9F%E6%B3%B0%E7%83%9F%E9%85%92%E8%8C%B6%E5%95%86%E8%A1%8C.png
INFO: [ app_init ] --START--
INFO: Run Behavior\BuildLiteBehavior [ RunTime:0.000023s ]
INFO: [ app_init ] --END-- [ RunTime:0.000463s ]
ERR: 无法加载模块:Public

[ 2016-11-04T11:54:32+08:00 ] 117.36.116.73 /cnconsum/Public/Uploads/addImage/%E5%B0%9A%E8%89%BA%E8%BD%A9_0002.png
INFO: [ app_init ] --START--
INFO: Run Behavior\BuildLiteBehavior [ RunTime:0.000034s ]
INFO: [ app_init ] --END-- [ RunTime:0.000515s ]
ERR: 无法加载模块:Public

[ 2016-11-04T11:54:32+08:00 ] 117.36.116.73 /cnconsum/Public/Uploads/addImage/%E9%A2%86%E7%A7%80%E7%9A%AE%E5%85%B7.png
INFO: [ app_init ] --START--
INFO: Run Behavior\BuildLiteBehavior [ RunTime:0.000020s ]
INFO: [ app_init ] --END-- [ RunTime:0.000423s ]
ERR: 无法加载模块:Public

[ 2016-11-04T11:54:32+08:00 ] 117.36.116.73 /cnconsum/Public/Uploads/addImage/%E7%8E%8B%E5%A4%A7%E7%88%B7%E7%83%A7%E7%83%A4.png
INFO: [ app_init ] --START--
INFO: Run Behavior\BuildLiteBehavior [ RunTime:0.000049s ]
INFO: [ app_init ] --END-- [ RunTime:0.000487s ]
ERR: 无法加载模块:Public

[ 2016-11-04T11:54:32+08:00 ] 117.36.116.73 /cnconsum/Public/Uploads/addImage/%E4%B9%9D%E9%83%A1%E5%BC%98%E5%95%86%E8%B4%B8%E7%92%9F%E6%B3%B0%E7%83%9F%E9%85%92%E8%8C%B6%E5%95%86%E8%A1%8C.png
INFO: [ app_init ] --START--
INFO: Run Behavior\BuildLiteBehavior [ RunTime:0.000012s ]
INFO: [ app_init ] --END-- [ RunTime:0.000248s ]
ERR: 无法加载模块:Public

[ 2016-11-04T11:55:06+08:00 ] 117.36.116.73 /cnconsum/Public/Uploads/addImage/%E9%A2%86%E7%A7%80%E7%9A%AE%E5%85%B7.png
INFO: [ app_init ] --START--
INFO: Run Behavior\BuildLiteBehavior [ RunTime:0.000022s ]
INFO: [ app_init ] --END-- [ RunTime:0.000448s ]
ERR: 无法加载模块:Public

[ 2016-11-04T11:55:07+08:00 ] 117.36.116.73 /cnconsum/Public/Uploads/addImage/%E5%B0%9A%E8%89%BA%E8%BD%A9_0002.png
INFO: [ app_init ] --START--
INFO: Run Behavior\BuildLiteBehavior [ RunTime:0.000022s ]
INFO: [ app_init ] --END-- [ RunTime:0.000392s ]
ERR: 无法加载模块:Public

[ 2016-11-04T11:55:07+08:00 ] 117.36.116.73 /cnconsum/Public/Uploads/addImage/%E4%B9%9D%E9%83%A1%E5%BC%98%E5%95%86%E8%B4%B8%E7%92%9F%E6%B3%B0%E7%83%9F%E9%85%92%E8%8C%B6%E5%95%86%E8%A1%8C.png
INFO: [ app_init ] --START--
INFO: Run Behavior\BuildLiteBehavior [ RunTime:0.000026s ]
INFO: [ app_init ] --END-- [ RunTime:0.000786s ]
ERR: 无法加载模块:Public

[ 2016-11-04T11:55:07+08:00 ] 117.36.116.73 /cnconsum/Public/Uploads/addImage/%E7%8E%8B%E5%A4%A7%E7%88%B7%E7%83%A7%E7%83%A4.png
INFO: [ app_init ] --START--
INFO: Run Behavior\BuildLiteBehavior [ RunTime:0.000020s ]
INFO: [ app_init ] --END-- [ RunTime:0.000431s ]
ERR: 无法加载模块:Public

[ 2016-11-04T13:45:34+08:00 ] 117.36.116.73 /cnconsum/Public/js/registers.js
INFO: [ app_init ] --START--
INFO: Run Behavior\BuildLiteBehavior [ RunTime:0.000023s ]
INFO: [ app_init ] --END-- [ RunTime:0.000498s ]
ERR: 无法加载模块:Public

[ 2016-11-04T13:45:48+08:00 ] 117.36.116.73 /cnconsum/Public/js/registers.js
INFO: [ app_init ] --START--
INFO: Run Behavior\BuildLiteBehavior [ RunTime:0.000015s ]
INFO: [ app_init ] --END-- [ RunTime:0.000383s ]
ERR: 无法加载模块:Public

[ 2016-11-04T14:01:45+08:00 ] 117.36.116.73 /cnconsum/Public/Uploads/addImage/%E9%A2%86%E7%A7%80%E7%9A%AE%E5%85%B7.png
INFO: [ app_init ] --START--
INFO: Run Behavior\BuildLiteBehavior [ RunTime:0.000022s ]
INFO: [ app_init ] --END-- [ RunTime:0.000367s ]
ERR: 无法加载模块:Public

[ 2016-11-04T14:01:45+08:00 ] 117.36.116.73 /cnconsum/Public/Uploads/addImage/%E5%B0%9A%E8%89%BA%E8%BD%A9_0002.png
INFO: [ app_init ] --START--
INFO: Run Behavior\BuildLiteBehavior [ RunTime:0.000015s ]
INFO: [ app_init ] --END-- [ RunTime:0.000299s ]
ERR: 无法加载模块:Public

[ 2016-11-04T14:01:45+08:00 ] 117.36.116.73 /cnconsum/Public/Uploads/addImage/%E7%8E%8B%E5%A4%A7%E7%88%B7%E7%83%A7%E7%83%A4.png
INFO: [ app_init ] --START--
INFO: Run Behavior\BuildLiteBehavior [ RunTime:0.000012s ]
INFO: [ app_init ] --END-- [ RunTime:0.000312s ]
ERR: 无法加载模块:Public

[ 2016-11-04T14:01:45+08:00 ] 117.36.116.73 /cnconsum/Public/Uploads/addImage/%E4%B9%9D%E9%83%A1%E5%BC%98%E5%95%86%E8%B4%B8%E7%92%9F%E6%B3%B0%E7%83%9F%E9%85%92%E8%8C%B6%E5%95%86%E8%A1%8C.png
INFO: [ app_init ] --START--
INFO: Run Behavior\BuildLiteBehavior [ RunTime:0.000014s ]
INFO: [ app_init ] --END-- [ RunTime:0.000366s ]
ERR: 无法加载模块:Public

[ 2016-11-04T14:02:28+08:00 ] 117.36.116.73 /cnconsum/Public/Uploads/addImage/%E9%A2%86%E7%A7%80%E7%9A%AE%E5%85%B7.png
INFO: [ app_init ] --START--
INFO: Run Behavior\BuildLiteBehavior [ RunTime:0.000018s ]
INFO: [ app_init ] --END-- [ RunTime:0.000388s ]
ERR: 无法加载模块:Public

[ 2016-11-04T14:02:28+08:00 ] 117.36.116.73 /cnconsum/Public/Uploads/addImage/%E5%B0%9A%E8%89%BA%E8%BD%A9_0002.png
INFO: [ app_init ] --START--
INFO: Run Behavior\BuildLiteBehavior [ RunTime:0.000021s ]
INFO: [ app_init ] --END-- [ RunTime:0.000433s ]
ERR: 无法加载模块:Public

[ 2016-11-04T14:02:28+08:00 ] 117.36.116.73 /cnconsum/Public/Uploads/addImage/%E7%8E%8B%E5%A4%A7%E7%88%B7%E7%83%A7%E7%83%A4.png
INFO: [ app_init ] --START--
INFO: Run Behavior\BuildLiteBehavior [ RunTime:0.000025s ]
INFO: [ app_init ] --END-- [ RunTime:0.000481s ]
ERR: 无法加载模块:Public

[ 2016-11-04T14:02:28+08:00 ] 117.36.116.73 /cnconsum/Public/Uploads/addImage/%E4%B9%9D%E9%83%A1%E5%BC%98%E5%95%86%E8%B4%B8%E7%92%9F%E6%B3%B0%E7%83%9F%E9%85%92%E8%8C%B6%E5%95%86%E8%A1%8C.png
INFO: [ app_init ] --START--
INFO: Run Behavior\BuildLiteBehavior [ RunTime:0.000017s ]
INFO: [ app_init ] --END-- [ RunTime:0.000384s ]
ERR: 无法加载模块:Public

[ 2016-11-04T14:02:59+08:00 ] 117.36.116.73 /cnconsum/Public/Uploads/addImage/%E9%A2%86%E7%A7%80%E7%9A%AE%E5%85%B7.png
INFO: [ app_init ] --START--
INFO: Run Behavior\BuildLiteBehavior [ RunTime:0.000015s ]
INFO: [ app_init ] --END-- [ RunTime:0.000317s ]
ERR: 无法加载模块:Public

[ 2016-11-04T14:02:59+08:00 ] 117.36.116.73 /cnconsum/Public/Uploads/addImage/%E5%B0%9A%E8%89%BA%E8%BD%A9_0002.png
INFO: [ app_init ] --START--
INFO: Run Behavior\BuildLiteBehavior [ RunTime:0.000030s ]
INFO: [ app_init ] --END-- [ RunTime:0.000545s ]
ERR: 无法加载模块:Public

[ 2016-11-04T14:02:59+08:00 ] 117.36.116.73 /cnconsum/Public/Uploads/addImage/%E7%8E%8B%E5%A4%A7%E7%88%B7%E7%83%A7%E7%83%A4.png
INFO: [ app_init ] --START--
INFO: Run Behavior\BuildLiteBehavior [ RunTime:0.000016s ]
INFO: [ app_init ] --END-- [ RunTime:0.000382s ]
ERR: 无法加载模块:Public

[ 2016-11-04T14:03:00+08:00 ] 117.36.116.73 /cnconsum/Public/Uploads/addImage/%E4%B9%9D%E9%83%A1%E5%BC%98%E5%95%86%E8%B4%B8%E7%92%9F%E6%B3%B0%E7%83%9F%E9%85%92%E8%8C%B6%E5%95%86%E8%A1%8C.png
INFO: [ app_init ] --START--
INFO: Run Behavior\BuildLiteBehavior [ RunTime:0.000015s ]
INFO: [ app_init ] --END-- [ RunTime:0.000275s ]
ERR: 无法加载模块:Public

[ 2016-11-04T14:03:31+08:00 ] 117.36.116.73 /cnconsum/Public/Uploads/addImage/%E9%A2%86%E7%A7%80%E7%9A%AE%E5%85%B7.png
INFO: [ app_init ] --START--
INFO: Run Behavior\BuildLiteBehavior [ RunTime:0.000015s ]
INFO: [ app_init ] --END-- [ RunTime:0.000276s ]
ERR: 无法加载模块:Public

[ 2016-11-04T14:03:31+08:00 ] 117.36.116.73 /cnconsum/Public/Uploads/addImage/%E7%8E%8B%E5%A4%A7%E7%88%B7%E7%83%A7%E7%83%A4.png
INFO: [ app_init ] --START--
INFO: Run Behavior\BuildLiteBehavior [ RunTime:0.000018s ]
INFO: [ app_init ] --END-- [ RunTime:0.000345s ]
ERR: 无法加载模块:Public

[ 2016-11-04T14:03:31+08:00 ] 117.36.116.73 /cnconsum/Public/Uploads/addImage/%E5%B0%9A%E8%89%BA%E8%BD%A9_0002.png
INFO: [ app_init ] --START--
INFO: Run Behavior\BuildLiteBehavior [ RunTime:0.000014s ]
INFO: [ app_init ] --END-- [ RunTime:0.000273s ]
ERR: 无法加载模块:Public

[ 2016-11-04T14:03:32+08:00 ] 117.36.116.73 /cnconsum/Public/Uploads/addImage/%E4%B9%9D%E9%83%A1%E5%BC%98%E5%95%86%E8%B4%B8%E7%92%9F%E6%B3%B0%E7%83%9F%E9%85%92%E8%8C%B6%E5%95%86%E8%A1%8C.png
INFO: [ app_init ] --START--
INFO: Run Behavior\BuildLiteBehavior [ RunTime:0.000017s ]
INFO: [ app_init ] --END-- [ RunTime:0.000315s ]
ERR: 无法加载模块:Public

[ 2016-11-04T14:04:57+08:00 ] 117.36.116.73 /cnconsum/Public/Uploads/addImage/%E9%A2%86%E7%A7%80%E7%9A%AE%E5%85%B7.png
INFO: [ app_init ] --START--
INFO: Run Behavior\BuildLiteBehavior [ RunTime:0.000024s ]
INFO: [ app_init ] --END-- [ RunTime:0.000455s ]
ERR: 无法加载模块:Public

[ 2016-11-04T14:04:57+08:00 ] 117.36.116.73 /cnconsum/Public/Uploads/addImage/%E7%8E%8B%E5%A4%A7%E7%88%B7%E7%83%A7%E7%83%A4.png
INFO: [ app_init ] --START--
INFO: Run Behavior\BuildLiteBehavior [ RunTime:0.000021s ]
INFO: [ app_init ] --END-- [ RunTime:0.000393s ]
ERR: 无法加载模块:Public

[ 2016-11-04T14:04:57+08:00 ] 117.36.116.73 /cnconsum/Public/Uploads/addImage/%E5%B0%9A%E8%89%BA%E8%BD%A9_0002.png
INFO: [ app_init ] --START--
INFO: Run Behavior\BuildLiteBehavior [ RunTime:0.000021s ]
INFO: [ app_init ] --END-- [ RunTime:0.000394s ]
ERR: 无法加载模块:Public

[ 2016-11-04T14:04:57+08:00 ] 117.36.116.73 /cnconsum/Public/Uploads/addImage/%E4%B9%9D%E9%83%A1%E5%BC%98%E5%95%86%E8%B4%B8%E7%92%9F%E6%B3%B0%E7%83%9F%E9%85%92%E8%8C%B6%E5%95%86%E8%A1%8C.png
INFO: [ app_init ] --START--
INFO: Run Behavior\BuildLiteBehavior [ RunTime:0.000024s ]
INFO: [ app_init ] --END-- [ RunTime:0.000458s ]
ERR: 无法加载模块:Public

[ 2016-11-04T14:05:38+08:00 ] 117.36.116.73 /cnconsum/Public/Uploads/addImage/%E9%A2%86%E7%A7%80%E7%9A%AE%E5%85%B7.png
INFO: [ app_init ] --START--
INFO: Run Behavior\BuildLiteBehavior [ RunTime:0.000026s ]
INFO: [ app_init ] --END-- [ RunTime:0.000481s ]
ERR: 无法加载模块:Public

[ 2016-11-04T14:05:38+08:00 ] 117.36.116.73 /cnconsum/Public/Uploads/addImage/%E7%8E%8B%E5%A4%A7%E7%88%B7%E7%83%A7%E7%83%A4.png
INFO: [ app_init ] --START--
INFO: Run Behavior\BuildLiteBehavior [ RunTime:0.000018s ]
INFO: [ app_init ] --END-- [ RunTime:0.000386s ]
ERR: 无法加载模块:Public

[ 2016-11-04T14:05:38+08:00 ] 117.36.116.73 /cnconsum/Public/Uploads/addImage/%E5%B0%9A%E8%89%BA%E8%BD%A9_0002.png
INFO: [ app_init ] --START--
INFO: Run Behavior\BuildLiteBehavior [ RunTime:0.000018s ]
INFO: [ app_init ] --END-- [ RunTime:0.000386s ]
ERR: 无法加载模块:Public

[ 2016-11-04T14:05:38+08:00 ] 117.36.116.73 /cnconsum/Public/Uploads/addImage/%E4%B9%9D%E9%83%A1%E5%BC%98%E5%95%86%E8%B4%B8%E7%92%9F%E6%B3%B0%E7%83%9F%E9%85%92%E8%8C%B6%E5%95%86%E8%A1%8C.png
INFO: [ app_init ] --START--
INFO: Run Behavior\BuildLiteBehavior [ RunTime:0.000016s ]
INFO: [ app_init ] --END-- [ RunTime:0.000336s ]
ERR: 无法加载模块:Public

[ 2016-11-04T14:12:48+08:00 ] 117.36.116.73 /cnconsum/Public/Uploads/addImage/%E9%A2%86%E7%A7%80%E7%9A%AE%E5%85%B7.png
INFO: [ app_init ] --START--
INFO: Run Behavior\BuildLiteBehavior [ RunTime:0.000022s ]
INFO: [ app_init ] --END-- [ RunTime:0.000342s ]
ERR: 无法加载模块:Public

[ 2016-11-04T14:12:48+08:00 ] 117.36.116.73 /cnconsum/Public/Uploads/addImage/%E5%B0%9A%E8%89%BA%E8%BD%A9_0002.png
INFO: [ app_init ] --START--
INFO: Run Behavior\BuildLiteBehavior [ RunTime:0.000018s ]
INFO: [ app_init ] --END-- [ RunTime:0.000301s ]
ERR: 无法加载模块:Public

[ 2016-11-04T14:12:48+08:00 ] 117.36.116.73 /cnconsum/Public/Uploads/addImage/%E7%8E%8B%E5%A4%A7%E7%88%B7%E7%83%A7%E7%83%A4.png
INFO: [ app_init ] --START--
INFO: Run Behavior\BuildLiteBehavior [ RunTime:0.000018s ]
INFO: [ app_init ] --END-- [ RunTime:0.000344s ]
ERR: 无法加载模块:Public

[ 2016-11-04T14:12:48+08:00 ] 117.36.116.73 /cnconsum/Public/Uploads/addImage/%E4%B9%9D%E9%83%A1%E5%BC%98%E5%95%86%E8%B4%B8%E7%92%9F%E6%B3%B0%E7%83%9F%E9%85%92%E8%8C%B6%E5%95%86%E8%A1%8C.png
INFO: [ app_init ] --START--
INFO: Run Behavior\BuildLiteBehavior [ RunTime:0.000023s ]
INFO: [ app_init ] --END-- [ RunTime:0.000612s ]
ERR: 无法加载模块:Public

[ 2016-11-04T14:13:55+08:00 ] 117.36.116.73 /cnconsum/Public/Uploads/addImage/%E9%A2%86%E7%A7%80%E7%9A%AE%E5%85%B7.png
INFO: [ app_init ] --START--
INFO: Run Behavior\BuildLiteBehavior [ RunTime:0.000020s ]
INFO: [ app_init ] --END-- [ RunTime:0.000407s ]
ERR: 无法加载模块:Public

[ 2016-11-04T14:13:55+08:00 ] 117.36.116.73 /cnconsum/Public/Uploads/addImage/%E7%8E%8B%E5%A4%A7%E7%88%B7%E7%83%A7%E7%83%A4.png
INFO: [ app_init ] --START--
INFO: Run Behavior\BuildLiteBehavior [ RunTime:0.000020s ]
INFO: [ app_init ] --END-- [ RunTime:0.000437s ]
ERR: 无法加载模块:Public

[ 2016-11-04T14:13:55+08:00 ] 117.36.116.73 /cnconsum/Public/Uploads/addImage/%E5%B0%9A%E8%89%BA%E8%BD%A9_0002.png
INFO: [ app_init ] --START--
INFO: Run Behavior\BuildLiteBehavior [ RunTime:0.000016s ]
INFO: [ app_init ] --END-- [ RunTime:0.000389s ]
ERR: 无法加载模块:Public

[ 2016-11-04T14:13:55+08:00 ] 117.36.116.73 /cnconsum/Public/Uploads/addImage/%E4%B9%9D%E9%83%A1%E5%BC%98%E5%95%86%E8%B4%B8%E7%92%9F%E6%B3%B0%E7%83%9F%E9%85%92%E8%8C%B6%E5%95%86%E8%A1%8C.png
INFO: [ app_init ] --START--
INFO: Run Behavior\BuildLiteBehavior [ RunTime:0.000017s ]
INFO: [ app_init ] --END-- [ RunTime:0.000359s ]
ERR: 无法加载模块:Public

[ 2016-11-04T14:17:48+08:00 ] 117.36.116.73 /cnconsum/Public/Uploads/addImage/face_02.jpg
INFO: [ app_init ] --START--
INFO: Run Behavior\BuildLiteBehavior [ RunTime:0.000015s ]
INFO: [ app_init ] --END-- [ RunTime:0.000334s ]
ERR: 无法加载模块:Public

[ 2016-11-04T14:17:48+08:00 ] 117.36.116.73 /cnconsum/Public/Uploads/addImage/%E9%A2%86%E7%A7%80%E7%9A%AE%E5%85%B7.png
INFO: [ app_init ] --START--
INFO: Run Behavior\BuildLiteBehavior [ RunTime:0.000022s ]
INFO: [ app_init ] --END-- [ RunTime:0.000452s ]
ERR: 无法加载模块:Public

[ 2016-11-04T14:17:48+08:00 ] 117.36.116.73 /cnconsum/Public/Uploads/addImage/%E5%B0%9A%E8%89%BA%E8%BD%A9_0002.png
INFO: [ app_init ] --START--
INFO: Run Behavior\BuildLiteBehavior [ RunTime:0.000022s ]
INFO: [ app_init ] --END-- [ RunTime:0.000432s ]
ERR: 无法加载模块:Public

[ 2016-11-04T14:17:48+08:00 ] 117.36.116.73 /cnconsum/Public/Uploads/addImage/%E7%8E%8B%E5%A4%A7%E7%88%B7%E7%83%A7%E7%83%A4.png
INFO: [ app_init ] --START--
INFO: Run Behavior\BuildLiteBehavior [ RunTime:0.000014s ]
INFO: [ app_init ] --END-- [ RunTime:0.000257s ]
ERR: 无法加载模块:Public

[ 2016-11-04T14:17:48+08:00 ] 117.36.116.73 /cnconsum/Public/Uploads/addImage/%E4%B9%9D%E9%83%A1%E5%BC%98%E5%95%86%E8%B4%B8%E7%92%9F%E6%B3%B0%E7%83%9F%E9%85%92%E8%8C%B6%E5%95%86%E8%A1%8C.png
INFO: [ app_init ] --START--
INFO: Run Behavior\BuildLiteBehavior [ RunTime:0.000016s ]
INFO: [ app_init ] --END-- [ RunTime:0.000404s ]
ERR: 无法加载模块:Public

[ 2016-11-04T14:17:55+08:00 ] 117.36.116.73 /cnconsum/Public/Uploads/addImage/%E9%A2%86%E7%A7%80%E7%9A%AE%E5%85%B7.png
INFO: [ app_init ] --START--
INFO: Run Behavior\BuildLiteBehavior [ RunTime:0.000017s ]
INFO: [ app_init ] --END-- [ RunTime:0.000366s ]
ERR: 无法加载模块:Public

[ 2016-11-04T14:17:55+08:00 ] 117.36.116.73 /cnconsum/Public/Uploads/addImage/%E5%B0%9A%E8%89%BA%E8%BD%A9_0002.png
INFO: [ app_init ] --START--
INFO: Run Behavior\BuildLiteBehavior [ RunTime:0.000020s ]
INFO: [ app_init ] --END-- [ RunTime:0.000327s ]
ERR: 无法加载模块:Public

[ 2016-11-04T14:17:55+08:00 ] 117.36.116.73 /cnconsum/Public/Uploads/addImage/%E4%B9%9D%E9%83%A1%E5%BC%98%E5%95%86%E8%B4%B8%E7%92%9F%E6%B3%B0%E7%83%9F%E9%85%92%E8%8C%B6%E5%95%86%E8%A1%8C.png
INFO: [ app_init ] --START--
INFO: Run Behavior\BuildLiteBehavior [ RunTime:0.000025s ]
INFO: [ app_init ] --END-- [ RunTime:0.000399s ]
ERR: 无法加载模块:Public

[ 2016-11-04T14:17:55+08:00 ] 117.36.116.73 /cnconsum/Public/Uploads/addImage/%E7%8E%8B%E5%A4%A7%E7%88%B7%E7%83%A7%E7%83%A4.png
INFO: [ app_init ] --START--
INFO: Run Behavior\BuildLiteBehavior [ RunTime:0.000015s ]
INFO: [ app_init ] --END-- [ RunTime:0.000297s ]
ERR: 无法加载模块:Public

[ 2016-11-04T14:19:04+08:00 ] 117.36.116.73 /cnconsum/Public/Uploads/addImage/%E9%A2%86%E7%A7%80%E7%9A%AE%E5%85%B7.png
INFO: [ app_init ] --START--
INFO: Run Behavior\BuildLiteBehavior [ RunTime:0.000025s ]
INFO: [ app_init ] --END-- [ RunTime:0.000485s ]
ERR: 无法加载模块:Public

[ 2016-11-04T14:19:04+08:00 ] 117.36.116.73 /cnconsum/Public/Uploads/addImage/%E5%B0%9A%E8%89%BA%E8%BD%A9_0002.png
INFO: [ app_init ] --START--
INFO: Run Behavior\BuildLiteBehavior [ RunTime:0.000018s ]
INFO: [ app_init ] --END-- [ RunTime:0.000347s ]
ERR: 无法加载模块:Public

[ 2016-11-04T14:19:04+08:00 ] 117.36.116.73 /cnconsum/Public/Uploads/addImage/%E7%8E%8B%E5%A4%A7%E7%88%B7%E7%83%A7%E7%83%A4.png
INFO: [ app_init ] --START--
INFO: Run Behavior\BuildLiteBehavior [ RunTime:0.000013s ]
INFO: [ app_init ] --END-- [ RunTime:0.000386s ]
ERR: 无法加载模块:Public

[ 2016-11-04T14:19:04+08:00 ] 117.36.116.73 /cnconsum/Public/Uploads/addImage/%E4%B9%9D%E9%83%A1%E5%BC%98%E5%95%86%E8%B4%B8%E7%92%9F%E6%B3%B0%E7%83%9F%E9%85%92%E8%8C%B6%E5%95%86%E8%A1%8C.png
INFO: [ app_init ] --START--
INFO: Run Behavior\BuildLiteBehavior [ RunTime:0.000017s ]
INFO: [ app_init ] --END-- [ RunTime:0.000378s ]
ERR: 无法加载模块:Public

[ 2016-11-04T14:19:53+08:00 ] 117.36.116.73 /cnconsum/Public/Uploads/addImage/%E5%B0%9A%E8%89%BA%E8%BD%A9_0002.png
INFO: [ app_init ] --START--
INFO: Run Behavior\BuildLiteBehavior [ RunTime:0.000021s ]
INFO: [ app_init ] --END-- [ RunTime:0.000385s ]
ERR: 无法加载模块:Public

[ 2016-11-04T14:19:53+08:00 ] 117.36.116.73 /cnconsum/Public/Uploads/addImage/%E7%8E%8B%E5%A4%A7%E7%88%B7%E7%83%A7%E7%83%A4.png
INFO: [ app_init ] --START--
INFO: Run Behavior\BuildLiteBehavior [ RunTime:0.000017s ]
INFO: [ app_init ] --END-- [ RunTime:0.000388s ]
ERR: 无法加载模块:Public

[ 2016-11-04T14:19:53+08:00 ] 117.36.116.73 /cnconsum/Public/Uploads/addImage/%E9%A2%86%E7%A7%80%E7%9A%AE%E5%85%B7.png
INFO: [ app_init ] --START--
INFO: Run Behavior\BuildLiteBehavior [ RunTime:0.000020s ]
INFO: [ app_init ] --END-- [ RunTime:0.000426s ]
ERR: 无法加载模块:Public

[ 2016-11-04T14:19:53+08:00 ] 117.36.116.73 /cnconsum/Public/Uploads/addImage/%E4%B9%9D%E9%83%A1%E5%BC%98%E5%95%86%E8%B4%B8%E7%92%9F%E6%B3%B0%E7%83%9F%E9%85%92%E8%8C%B6%E5%95%86%E8%A1%8C.png
INFO: [ app_init ] --START--
INFO: Run Behavior\BuildLiteBehavior [ RunTime:0.000014s ]
INFO: [ app_init ] --END-- [ RunTime:0.000326s ]
ERR: 无法加载模块:Public

[ 2016-11-04T14:20:27+08:00 ] 117.36.116.73 /cnconsum/Public/Uploads/addImage/%E9%A2%86%E7%A7%80%E7%9A%AE%E5%85%B7.png
INFO: [ app_init ] --START--
INFO: Run Behavior\BuildLiteBehavior [ RunTime:0.000015s ]
INFO: [ app_init ] --END-- [ RunTime:0.000302s ]
ERR: 无法加载模块:Public

[ 2016-11-04T14:20:27+08:00 ] 117.36.116.73 /cnconsum/Public/Uploads/addImage/%E5%B0%9A%E8%89%BA%E8%BD%A9_0002.png
INFO: [ app_init ] --START--
INFO: Run Behavior\BuildLiteBehavior [ RunTime:0.000016s ]
INFO: [ app_init ] --END-- [ RunTime:0.000337s ]
ERR: 无法加载模块:Public

[ 2016-11-04T14:20:27+08:00 ] 117.36.116.73 /cnconsum/Public/Uploads/addImage/%E7%8E%8B%E5%A4%A7%E7%88%B7%E7%83%A7%E7%83%A4.png
INFO: [ app_init ] --START--
INFO: Run Behavior\BuildLiteBehavior [ RunTime:0.000018s ]
INFO: [ app_init ] --END-- [ RunTime:0.000515s ]
ERR: 无法加载模块:Public

[ 2016-11-04T14:20:27+08:00 ] 117.36.116.73 /cnconsum/Public/Uploads/addImage/%E4%B9%9D%E9%83%A1%E5%BC%98%E5%95%86%E8%B4%B8%E7%92%9F%E6%B3%B0%E7%83%9F%E9%85%92%E8%8C%B6%E5%95%86%E8%A1%8C.png
INFO: [ app_init ] --START--
INFO: Run Behavior\BuildLiteBehavior [ RunTime:0.000019s ]
INFO: [ app_init ] --END-- [ RunTime:0.000352s ]
ERR: 无法加载模块:Public

[ 2016-11-04T14:25:30+08:00 ] 117.36.116.73 /cnconsum/Public/Uploads/addImage/%E5%B0%9A%E8%89%BA%E8%BD%A9_0002.png
INFO: [ app_init ] --START--
INFO: Run Behavior\BuildLiteBehavior [ RunTime:0.000024s ]
INFO: [ app_init ] --END-- [ RunTime:0.000486s ]
ERR: 无法加载模块:Public

[ 2016-11-04T14:25:30+08:00 ] 117.36.116.73 /cnconsum/Public/Uploads/addImage/%E9%A2%86%E7%A7%80%E7%9A%AE%E5%85%B7.png
INFO: [ app_init ] --START--
INFO: Run Behavior\BuildLiteBehavior [ RunTime:0.000023s ]
INFO: [ app_init ] --END-- [ RunTime:0.000904s ]
ERR: 无法加载模块:Public

[ 2016-11-04T14:25:30+08:00 ] 117.36.116.73 /cnconsum/Public/Uploads/addImage/%E7%8E%8B%E5%A4%A7%E7%88%B7%E7%83%A7%E7%83%A4.png
INFO: [ app_init ] --START--
INFO: Run Behavior\BuildLiteBehavior [ RunTime:0.000018s ]
INFO: [ app_init ] --END-- [ RunTime:0.000648s ]
ERR: 无法加载模块:Public

[ 2016-11-04T14:25:30+08:00 ] 117.36.116.73 /cnconsum/Public/Uploads/addImage/%E4%B9%9D%E9%83%A1%E5%BC%98%E5%95%86%E8%B4%B8%E7%92%9F%E6%B3%B0%E7%83%9F%E9%85%92%E8%8C%B6%E5%95%86%E8%A1%8C.png
INFO: [ app_init ] --START--
INFO: Run Behavior\BuildLiteBehavior [ RunTime:0.000021s ]
INFO: [ app_init ] --END-- [ RunTime:0.000396s ]
ERR: 无法加载模块:Public

[ 2016-11-04T14:26:29+08:00 ] 117.36.116.73 /cnconsum/Public/Uploads/addImage/%E9%A2%86%E7%A7%80%E7%9A%AE%E5%85%B7.png
INFO: [ app_init ] --START--
INFO: Run Behavior\BuildLiteBehavior [ RunTime:0.000023s ]
INFO: [ app_init ] --END-- [ RunTime:0.000397s ]
ERR: 无法加载模块:Public

[ 2016-11-04T14:26:30+08:00 ] 117.36.116.73 /cnconsum/Public/Uploads/addImage/%E7%8E%8B%E5%A4%A7%E7%88%B7%E7%83%A7%E7%83%A4.png
INFO: [ app_init ] --START--
INFO: Run Behavior\BuildLiteBehavior [ RunTime:0.000020s ]
INFO: [ app_init ] --END-- [ RunTime:0.000424s ]
ERR: 无法加载模块:Public

[ 2016-11-04T14:26:30+08:00 ] 117.36.116.73 /cnconsum/Public/Uploads/addImage/%E5%B0%9A%E8%89%BA%E8%BD%A9_0002.png
INFO: [ app_init ] --START--
INFO: Run Behavior\BuildLiteBehavior [ RunTime:0.000017s ]
INFO: [ app_init ] --END-- [ RunTime:0.000334s ]
ERR: 无法加载模块:Public

[ 2016-11-04T14:26:30+08:00 ] 117.36.116.73 /cnconsum/Public/Uploads/addImage/%E4%B9%9D%E9%83%A1%E5%BC%98%E5%95%86%E8%B4%B8%E7%92%9F%E6%B3%B0%E7%83%9F%E9%85%92%E8%8C%B6%E5%95%86%E8%A1%8C.png
INFO: [ app_init ] --START--
INFO: Run Behavior\BuildLiteBehavior [ RunTime:0.000014s ]
INFO: [ app_init ] --END-- [ RunTime:0.000293s ]
ERR: 无法加载模块:Public

[ 2016-11-04T14:27:31+08:00 ] 117.36.116.73 /cnconsum/Public/Uploads/addImage/%E9%A2%86%E7%A7%80%E7%9A%AE%E5%85%B7.png
INFO: [ app_init ] --START--
INFO: Run Behavior\BuildLiteBehavior [ RunTime:0.000015s ]
INFO: [ app_init ] --END-- [ RunTime:0.000343s ]
ERR: 无法加载模块:Public

[ 2016-11-04T14:27:31+08:00 ] 117.36.116.73 /cnconsum/Public/Uploads/addImage/%E7%8E%8B%E5%A4%A7%E7%88%B7%E7%83%A7%E7%83%A4.png
INFO: [ app_init ] --START--
INFO: Run Behavior\BuildLiteBehavior [ RunTime:0.000020s ]
INFO: [ app_init ] --END-- [ RunTime:0.000412s ]
ERR: 无法加载模块:Public

[ 2016-11-04T14:27:31+08:00 ] 117.36.116.73 /cnconsum/Public/Uploads/addImage/%E5%B0%9A%E8%89%BA%E8%BD%A9_0002.png
INFO: [ app_init ] --START--
INFO: Run Behavior\BuildLiteBehavior [ RunTime:0.000051s ]
INFO: [ app_init ] --END-- [ RunTime:0.000432s ]
ERR: 无法加载模块:Public

[ 2016-11-04T14:27:31+08:00 ] 117.36.116.73 /cnconsum/Public/Uploads/addImage/%E4%B9%9D%E9%83%A1%E5%BC%98%E5%95%86%E8%B4%B8%E7%92%9F%E6%B3%B0%E7%83%9F%E9%85%92%E8%8C%B6%E5%95%86%E8%A1%8C.png
INFO: [ app_init ] --START--
INFO: Run Behavior\BuildLiteBehavior [ RunTime:0.000015s ]
INFO: [ app_init ] --END-- [ RunTime:0.000338s ]
ERR: 无法加载模块:Public

[ 2016-11-04T14:28:07+08:00 ] 117.36.116.73 /cnconsum/Public/Uploads/addImage/%E9%A2%86%E7%A7%80%E7%9A%AE%E5%85%B7.png
INFO: [ app_init ] --START--
INFO: Run Behavior\BuildLiteBehavior [ RunTime:0.000019s ]
INFO: [ app_init ] --END-- [ RunTime:0.000275s ]
ERR: 无法加载模块:Public

[ 2016-11-04T14:28:07+08:00 ] 117.36.116.73 /cnconsum/Public/Uploads/addImage/%E5%B0%9A%E8%89%BA%E8%BD%A9_0002.png
INFO: [ app_init ] --START--
INFO: Run Behavior\BuildLiteBehavior [ RunTime:0.000099s ]
INFO: [ app_init ] --END-- [ RunTime:0.000517s ]
ERR: 无法加载模块:Public

[ 2016-11-04T14:28:07+08:00 ] 117.36.116.73 /cnconsum/Public/Uploads/addImage/%E7%8E%8B%E5%A4%A7%E7%88%B7%E7%83%A7%E7%83%A4.png
INFO: [ app_init ] --START--
INFO: Run Behavior\BuildLiteBehavior [ RunTime:0.000014s ]
INFO: [ app_init ] --END-- [ RunTime:0.000417s ]
ERR: 无法加载模块:Public

[ 2016-11-04T14:28:07+08:00 ] 117.36.116.73 /cnconsum/Public/Uploads/addImage/%E4%B9%9D%E9%83%A1%E5%BC%98%E5%95%86%E8%B4%B8%E7%92%9F%E6%B3%B0%E7%83%9F%E9%85%92%E8%8C%B6%E5%95%86%E8%A1%8C.png
INFO: [ app_init ] --START--
INFO: Run Behavior\BuildLiteBehavior [ RunTime:0.000019s ]
INFO: [ app_init ] --END-- [ RunTime:0.000394s ]
ERR: 无法加载模块:Public

[ 2016-11-04T14:30:55+08:00 ] 117.36.116.73 /cnconsum/Public/Uploads/addImage/%E9%A2%86%E7%A7%80%E7%9A%AE%E5%85%B7.png
INFO: [ app_init ] --START--
INFO: Run Behavior\BuildLiteBehavior [ RunTime:0.000021s ]
INFO: [ app_init ] --END-- [ RunTime:0.000388s ]
ERR: 无法加载模块:Public

[ 2016-11-04T14:30:55+08:00 ] 117.36.116.73 /cnconsum/Public/Uploads/addImage/%E7%8E%8B%E5%A4%A7%E7%88%B7%E7%83%A7%E7%83%A4.png
INFO: [ app_init ] --START--
INFO: Run Behavior\BuildLiteBehavior [ RunTime:0.000020s ]
INFO: [ app_init ] --END-- [ RunTime:0.000417s ]
ERR: 无法加载模块:Public

[ 2016-11-04T14:30:55+08:00 ] 117.36.116.73 /cnconsum/Public/Uploads/addImage/%E5%B0%9A%E8%89%BA%E8%BD%A9_0002.png
INFO: [ app_init ] --START--
INFO: Run Behavior\BuildLiteBehavior [ RunTime:0.000020s ]
INFO: [ app_init ] --END-- [ RunTime:0.000418s ]
ERR: 无法加载模块:Public

[ 2016-11-04T14:30:55+08:00 ] 117.36.116.73 /cnconsum/Public/Uploads/addImage/%E4%B9%9D%E9%83%A1%E5%BC%98%E5%95%86%E8%B4%B8%E7%92%9F%E6%B3%B0%E7%83%9F%E9%85%92%E8%8C%B6%E5%95%86%E8%A1%8C.png
INFO: [ app_init ] --START--
INFO: Run Behavior\BuildLiteBehavior [ RunTime:0.000019s ]
INFO: [ app_init ] --END-- [ RunTime:0.000378s ]
ERR: 无法加载模块:Public

[ 2016-11-04T14:31:52+08:00 ] 117.36.116.73 /cnconsum/Public/Uploads/addImage/%E5%B0%9A%E8%89%BA%E8%BD%A9_0002.png
INFO: [ app_init ] --START--
INFO: Run Behavior\BuildLiteBehavior [ RunTime:0.000014s ]
INFO: [ app_init ] --END-- [ RunTime:0.000277s ]
ERR: 无法加载模块:Public

[ 2016-11-04T14:31:52+08:00 ] 117.36.116.73 /cnconsum/Public/Uploads/addImage/%E7%8E%8B%E5%A4%A7%E7%88%B7%E7%83%A7%E7%83%A4.png
INFO: [ app_init ] --START--
INFO: Run Behavior\BuildLiteBehavior [ RunTime:0.000016s ]
INFO: [ app_init ] --END-- [ RunTime:0.000376s ]
ERR: 无法加载模块:Public

[ 2016-11-04T14:31:52+08:00 ] 117.36.116.73 /cnconsum/Public/Uploads/addImage/%E9%A2%86%E7%A7%80%E7%9A%AE%E5%85%B7.png
INFO: [ app_init ] --START--
INFO: Run Behavior\BuildLiteBehavior [ RunTime:0.000020s ]
INFO: [ app_init ] --END-- [ RunTime:0.000379s ]
ERR: 无法加载模块:Public

[ 2016-11-04T14:31:52+08:00 ] 117.36.116.73 /cnconsum/Public/Uploads/addImage/%E4%B9%9D%E9%83%A1%E5%BC%98%E5%95%86%E8%B4%B8%E7%92%9F%E6%B3%B0%E7%83%9F%E9%85%92%E8%8C%B6%E5%95%86%E8%A1%8C.png
INFO: [ app_init ] --START--
INFO: Run Behavior\BuildLiteBehavior [ RunTime:0.000015s ]
INFO: [ app_init ] --END-- [ RunTime:0.000301s ]
ERR: 无法加载模块:Public

[ 2016-11-04T14:35:30+08:00 ] 117.36.116.73 /cnconsum/Public/Uploads/addImage/%E9%A2%86%E7%A7%80%E7%9A%AE%E5%85%B7.png
INFO: [ app_init ] --START--
INFO: Run Behavior\BuildLiteBehavior [ RunTime:0.000025s ]
INFO: [ app_init ] --END-- [ RunTime:0.000444s ]
ERR: 无法加载模块:Public

[ 2016-11-04T14:35:30+08:00 ] 117.36.116.73 /cnconsum/Public/Uploads/addImage/%E5%B0%9A%E8%89%BA%E8%BD%A9_0002.png
INFO: [ app_init ] --START--
INFO: Run Behavior\BuildLiteBehavior [ RunTime:0.000020s ]
INFO: [ app_init ] --END-- [ RunTime:0.000428s ]
ERR: 无法加载模块:Public

[ 2016-11-04T14:35:30+08:00 ] 117.36.116.73 /cnconsum/Public/Uploads/addImage/%E7%8E%8B%E5%A4%A7%E7%88%B7%E7%83%A7%E7%83%A4.png
INFO: [ app_init ] --START--
INFO: Run Behavior\BuildLiteBehavior [ RunTime:0.000019s ]
INFO: [ app_init ] --END-- [ RunTime:0.000364s ]
ERR: 无法加载模块:Public

[ 2016-11-04T14:35:30+08:00 ] 117.36.116.73 /cnconsum/Public/Uploads/addImage/%E4%B9%9D%E9%83%A1%E5%BC%98%E5%95%86%E8%B4%B8%E7%92%9F%E6%B3%B0%E7%83%9F%E9%85%92%E8%8C%B6%E5%95%86%E8%A1%8C.png
INFO: [ app_init ] --START--
INFO: Run Behavior\BuildLiteBehavior [ RunTime:0.000021s ]
INFO: [ app_init ] --END-- [ RunTime:0.000409s ]
ERR: 无法加载模块:Public

[ 2016-11-04T14:36:58+08:00 ] 117.36.116.73 /cnconsum/Public/Uploads/addImage/%E9%A2%86%E7%A7%80%E7%9A%AE%E5%85%B7.png
INFO: [ app_init ] --START--
INFO: Run Behavior\BuildLiteBehavior [ RunTime:0.000015s ]
INFO: [ app_init ] --END-- [ RunTime:0.000363s ]
ERR: 无法加载模块:Public

[ 2016-11-04T14:36:58+08:00 ] 117.36.116.73 /cnconsum/Public/Uploads/addImage/%E5%B0%9A%E8%89%BA%E8%BD%A9_0002.png
INFO: [ app_init ] --START--
INFO: Run Behavior\BuildLiteBehavior [ RunTime:0.000015s ]
INFO: [ app_init ] --END-- [ RunTime:0.000350s ]
ERR: 无法加载模块:Public

[ 2016-11-04T14:36:58+08:00 ] 117.36.116.73 /cnconsum/Public/Uploads/addImage/%E7%8E%8B%E5%A4%A7%E7%88%B7%E7%83%A7%E7%83%A4.png
INFO: [ app_init ] --START--
INFO: Run Behavior\BuildLiteBehavior [ RunTime:0.000017s ]
INFO: [ app_init ] --END-- [ RunTime:0.000357s ]
ERR: 无法加载模块:Public

[ 2016-11-04T14:36:58+08:00 ] 117.36.116.73 /cnconsum/Public/Uploads/addImage/%E4%B9%9D%E9%83%A1%E5%BC%98%E5%95%86%E8%B4%B8%E7%92%9F%E6%B3%B0%E7%83%9F%E9%85%92%E8%8C%B6%E5%95%86%E8%A1%8C.png
INFO: [ app_init ] --START--
INFO: Run Behavior\BuildLiteBehavior [ RunTime:0.000019s ]
INFO: [ app_init ] --END-- [ RunTime:0.000349s ]
ERR: 无法加载模块:Public

[ 2016-11-04T15:22:00+08:00 ] 117.36.116.167 /cnconsum/Public/Uploads/addImage/face_02.jpg
INFO: [ app_init ] --START--
INFO: Run Behavior\BuildLiteBehavior [ RunTime:0.000014s ]
INFO: [ app_init ] --END-- [ RunTime:0.000276s ]
ERR: 无法加载模块:Public

[ 2016-11-04T15:22:00+08:00 ] 117.36.116.167 /cnconsum/Public/Uploads/addImage/face_02.jpg
INFO: [ app_init ] --START--
INFO: Run Behavior\BuildLiteBehavior [ RunTime:0.000024s ]
INFO: [ app_init ] --END-- [ RunTime:0.000323s ]
ERR: 无法加载模块:Public

[ 2016-11-04T15:23:51+08:00 ] 117.36.116.167 /cnconsum/Public/Uploads/addImage/face_02.jpg
INFO: [ app_init ] --START--
INFO: Run Behavior\BuildLiteBehavior [ RunTime:0.000014s ]
INFO: [ app_init ] --END-- [ RunTime:0.000274s ]
ERR: 无法加载模块:Public

[ 2016-11-04T16:13:59+08:00 ] 117.36.116.167 /cnconsum/Public/Uploads/addImage/%E9%A2%86%E7%A7%80%E7%9A%AE%E5%85%B7.png
INFO: [ app_init ] --START--
INFO: Run Behavior\BuildLiteBehavior [ RunTime:0.000014s ]
INFO: [ app_init ] --END-- [ RunTime:0.000282s ]
ERR: 无法加载模块:Public

[ 2016-11-04T16:13:59+08:00 ] 117.36.116.167 /cnconsum/Public/Uploads/addImage/%E5%B0%9A%E8%89%BA%E8%BD%A9_0002.png
INFO: [ app_init ] --START--
INFO: Run Behavior\BuildLiteBehavior [ RunTime:0.000023s ]
INFO: [ app_init ] --END-- [ RunTime:0.000445s ]
ERR: 无法加载模块:Public

[ 2016-11-04T16:13:59+08:00 ] 117.36.116.167 /cnconsum/Public/Uploads/addImage/%E7%8E%8B%E5%A4%A7%E7%88%B7%E7%83%A7%E7%83%A4.png
INFO: [ app_init ] --START--
INFO: Run Behavior\BuildLiteBehavior [ RunTime:0.000022s ]
INFO: [ app_init ] --END-- [ RunTime:0.000480s ]
ERR: 无法加载模块:Public

[ 2016-11-04T16:13:59+08:00 ] 117.36.116.167 /cnconsum/Public/Uploads/addImage/%E4%B9%9D%E9%83%A1%E5%BC%98%E5%95%86%E8%B4%B8%E7%92%9F%E6%B3%B0%E7%83%9F%E9%85%92%E8%8C%B6%E5%95%86%E8%A1%8C.png
INFO: [ app_init ] --START--
INFO: Run Behavior\BuildLiteBehavior [ RunTime:0.000014s ]
INFO: [ app_init ] --END-- [ RunTime:0.000256s ]
ERR: 无法加载模块:Public

[ 2016-11-04T16:15:25+08:00 ] 117.36.116.167 /cnconsum/Public/Uploads/addImage/%E9%A2%86%E7%A7%80%E7%9A%AE%E5%85%B7.png
INFO: [ app_init ] --START--
INFO: Run Behavior\BuildLiteBehavior [ RunTime:0.000016s ]
INFO: [ app_init ] --END-- [ RunTime:0.000274s ]
ERR: 无法加载模块:Public

[ 2016-11-04T16:15:25+08:00 ] 117.36.116.167 /cnconsum/Public/Uploads/addImage/%E5%B0%9A%E8%89%BA%E8%BD%A9_0002.png
INFO: [ app_init ] --START--
INFO: Run Behavior\BuildLiteBehavior [ RunTime:0.000024s ]
INFO: [ app_init ] --END-- [ RunTime:0.001293s ]
ERR: 无法加载模块:Public

[ 2016-11-04T16:15:25+08:00 ] 117.36.116.167 /cnconsum/Public/Uploads/addImage/%E7%8E%8B%E5%A4%A7%E7%88%B7%E7%83%A7%E7%83%A4.png
INFO: [ app_init ] --START--
INFO: Run Behavior\BuildLiteBehavior [ RunTime:0.000020s ]
INFO: [ app_init ] --END-- [ RunTime:0.000438s ]
ERR: 无法加载模块:Public

[ 2016-11-04T16:15:25+08:00 ] 117.36.116.167 /cnconsum/Public/Uploads/addImage/%E4%B9%9D%E9%83%A1%E5%BC%98%E5%95%86%E8%B4%B8%E7%92%9F%E6%B3%B0%E7%83%9F%E9%85%92%E8%8C%B6%E5%95%86%E8%A1%8C.png
INFO: [ app_init ] --START--
INFO: Run Behavior\BuildLiteBehavior [ RunTime:0.000019s ]
INFO: [ app_init ] --END-- [ RunTime:0.000287s ]
ERR: 无法加载模块:Public

[ 2016-11-04T16:16:18+08:00 ] 117.36.116.167 /cnconsum/Public/Uploads/addImage/%E9%A2%86%E7%A7%80%E7%9A%AE%E5%85%B7.png
INFO: [ app_init ] --START--
INFO: Run Behavior\BuildLiteBehavior [ RunTime:0.000012s ]
INFO: [ app_init ] --END-- [ RunTime:0.000303s ]
ERR: 无法加载模块:Public

[ 2016-11-04T16:16:18+08:00 ] 117.36.116.167 /cnconsum/Public/Uploads/addImage/%E9%A2%86%E7%A7%80%E7%9A%AE%E5%85%B7.png
INFO: [ app_init ] --START--
INFO: Run Behavior\BuildLiteBehavior [ RunTime:0.000015s ]
INFO: [ app_init ] --END-- [ RunTime:0.000302s ]
ERR: 无法加载模块:Public

[ 2016-11-04T16:21:24+08:00 ] 117.36.116.167 /cnconsum/Public/Uploads/addImage/%E9%A2%86%E7%A7%80%E7%9A%AE%E5%85%B7.png
INFO: [ app_init ] --START--
INFO: Run Behavior\BuildLiteBehavior [ RunTime:0.000022s ]
INFO: [ app_init ] --END-- [ RunTime:0.000667s ]
ERR: 无法加载模块:Public

[ 2016-11-04T16:21:24+08:00 ] 117.36.116.167 /cnconsum/Public/Uploads/addImage/%E5%B0%9A%E8%89%BA%E8%BD%A9_0002.png
INFO: [ app_init ] --START--
INFO: Run Behavior\BuildLiteBehavior [ RunTime:0.000017s ]
INFO: [ app_init ] --END-- [ RunTime:0.000367s ]
ERR: 无法加载模块:Public

[ 2016-11-04T16:21:24+08:00 ] 117.36.116.167 /cnconsum/Public/Uploads/addImage/%E4%B9%9D%E9%83%A1%E5%BC%98%E5%95%86%E8%B4%B8%E7%92%9F%E6%B3%B0%E7%83%9F%E9%85%92%E8%8C%B6%E5%95%86%E8%A1%8C.png
INFO: [ app_init ] --START--
INFO: Run Behavior\BuildLiteBehavior [ RunTime:0.000018s ]
INFO: [ app_init ] --END-- [ RunTime:0.000317s ]
ERR: 无法加载模块:Public

[ 2016-11-04T16:21:24+08:00 ] 117.36.116.167 /cnconsum/Public/Uploads/addImage/%E7%8E%8B%E5%A4%A7%E7%88%B7%E7%83%A7%E7%83%A4.png
INFO: [ app_init ] --START--
INFO: Run Behavior\BuildLiteBehavior [ RunTime:0.000023s ]
INFO: [ app_init ] --END-- [ RunTime:0.000436s ]
ERR: 无法加载模块:Public

[ 2016-11-04T16:24:01+08:00 ] 117.36.116.167 /cnconsum/Public/Uploads/addImage/%E5%B0%9A%E8%89%BA%E8%BD%A9_0002.png
INFO: [ app_init ] --START--
INFO: Run Behavior\BuildLiteBehavior [ RunTime:0.000014s ]
INFO: [ app_init ] --END-- [ RunTime:0.000305s ]
ERR: 无法加载模块:Public

[ 2016-11-04T16:24:01+08:00 ] 117.36.116.167 /cnconsum/Public/Uploads/addImage/%E9%A2%86%E7%A7%80%E7%9A%AE%E5%85%B7.png
INFO: [ app_init ] --START--
INFO: Run Behavior\BuildLiteBehavior [ RunTime:0.000021s ]
INFO: [ app_init ] --END-- [ RunTime:0.000544s ]
ERR: 无法加载模块:Public

[ 2016-11-04T16:24:01+08:00 ] 117.36.116.167 /cnconsum/Public/Uploads/addImage/%E7%8E%8B%E5%A4%A7%E7%88%B7%E7%83%A7%E7%83%A4.png
INFO: [ app_init ] --START--
INFO: Run Behavior\BuildLiteBehavior [ RunTime:0.000012s ]
INFO: [ app_init ] --END-- [ RunTime:0.000251s ]
ERR: 无法加载模块:Public

[ 2016-11-04T16:24:02+08:00 ] 117.36.116.167 /cnconsum/Public/Uploads/addImage/%E4%B9%9D%E9%83%A1%E5%BC%98%E5%95%86%E8%B4%B8%E7%92%9F%E6%B3%B0%E7%83%9F%E9%85%92%E8%8C%B6%E5%95%86%E8%A1%8C.png
INFO: [ app_init ] --START--
INFO: Run Behavior\BuildLiteBehavior [ RunTime:0.000017s ]
INFO: [ app_init ] --END-- [ RunTime:0.000298s ]
ERR: 无法加载模块:Public

[ 2016-11-04T16:32:05+08:00 ] 117.36.116.167 /cnconsum/Public/Uploads/addImage/%E9%A2%86%E7%A7%80%E7%9A%AE%E5%85%B7.png
INFO: [ app_init ] --START--
INFO: Run Behavior\BuildLiteBehavior [ RunTime:0.000021s ]
INFO: [ app_init ] --END-- [ RunTime:0.000349s ]
ERR: 无法加载模块:Public

[ 2016-11-04T16:32:05+08:00 ] 117.36.116.167 /cnconsum/Public/Uploads/addImage/%E5%B0%9A%E8%89%BA%E8%BD%A9_0002.png
INFO: [ app_init ] --START--
INFO: Run Behavior\BuildLiteBehavior [ RunTime:0.000019s ]
INFO: [ app_init ] --END-- [ RunTime:0.000385s ]
ERR: 无法加载模块:Public

[ 2016-11-04T16:32:05+08:00 ] 117.36.116.167 /cnconsum/Public/Uploads/addImage/%E7%8E%8B%E5%A4%A7%E7%88%B7%E7%83%A7%E7%83%A4.png
INFO: [ app_init ] --START--
INFO: Run Behavior\BuildLiteBehavior [ RunTime:0.000015s ]
INFO: [ app_init ] --END-- [ RunTime:0.000329s ]
ERR: 无法加载模块:Public

[ 2016-11-04T16:32:05+08:00 ] 117.36.116.167 /cnconsum/Public/Uploads/addImage/%E4%B9%9D%E9%83%A1%E5%BC%98%E5%95%86%E8%B4%B8%E7%92%9F%E6%B3%B0%E7%83%9F%E9%85%92%E8%8C%B6%E5%95%86%E8%A1%8C.png
INFO: [ app_init ] --START--
INFO: Run Behavior\BuildLiteBehavior [ RunTime:0.000014s ]
INFO: [ app_init ] --END-- [ RunTime:0.000298s ]
ERR: 无法加载模块:Public

[ 2016-11-04T16:34:35+08:00 ] 117.36.116.167 /cnconsum/Public/Uploads/addImage/%E9%A2%86%E7%A7%80%E7%9A%AE%E5%85%B7.png
INFO: [ app_init ] --START--
INFO: Run Behavior\BuildLiteBehavior [ RunTime:0.000024s ]
INFO: [ app_init ] --END-- [ RunTime:0.000442s ]
ERR: 无法加载模块:Public

[ 2016-11-04T16:34:35+08:00 ] 117.36.116.167 /cnconsum/Public/Uploads/addImage/%E7%8E%8B%E5%A4%A7%E7%88%B7%E7%83%A7%E7%83%A4.png
INFO: [ app_init ] --START--
INFO: Run Behavior\BuildLiteBehavior [ RunTime:0.000028s ]
INFO: [ app_init ] --END-- [ RunTime:0.000446s ]
ERR: 无法加载模块:Public

[ 2016-11-04T16:34:35+08:00 ] 117.36.116.167 /cnconsum/Public/Uploads/addImage/%E5%B0%9A%E8%89%BA%E8%BD%A9_0002.png
INFO: [ app_init ] --START--
INFO: Run Behavior\BuildLiteBehavior [ RunTime:0.000021s ]
INFO: [ app_init ] --END-- [ RunTime:0.000450s ]
ERR: 无法加载模块:Public

[ 2016-11-04T16:34:35+08:00 ] 117.36.116.167 /cnconsum/Public/Uploads/addImage/%E4%B9%9D%E9%83%A1%E5%BC%98%E5%95%86%E8%B4%B8%E7%92%9F%E6%B3%B0%E7%83%9F%E9%85%92%E8%8C%B6%E5%95%86%E8%A1%8C.png
INFO: [ app_init ] --START--
INFO: Run Behavior\BuildLiteBehavior [ RunTime:0.000019s ]
INFO: [ app_init ] --END-- [ RunTime:0.000472s ]
ERR: 无法加载模块:Public

[ 2016-11-04T16:36:42+08:00 ] 117.36.116.167 /cnconsum/Public/Uploads/addImage/%E9%A2%86%E7%A7%80%E7%9A%AE%E5%85%B7.png
INFO: [ app_init ] --START--
INFO: Run Behavior\BuildLiteBehavior [ RunTime:0.000017s ]
INFO: [ app_init ] --END-- [ RunTime:0.000364s ]
ERR: 无法加载模块:Public

[ 2016-11-04T16:36:42+08:00 ] 117.36.116.167 /cnconsum/Public/Uploads/addImage/%E5%B0%9A%E8%89%BA%E8%BD%A9_0002.png
INFO: [ app_init ] --START--
INFO: Run Behavior\BuildLiteBehavior [ RunTime:0.000016s ]
INFO: [ app_init ] --END-- [ RunTime:0.000275s ]
ERR: 无法加载模块:Public

[ 2016-11-04T16:36:42+08:00 ] 117.36.116.167 /cnconsum/Public/Uploads/addImage/%E7%8E%8B%E5%A4%A7%E7%88%B7%E7%83%A7%E7%83%A4.png
INFO: [ app_init ] --START--
INFO: Run Behavior\BuildLiteBehavior [ RunTime:0.000021s ]
INFO: [ app_init ] --END-- [ RunTime:0.000381s ]
ERR: 无法加载模块:Public

[ 2016-11-04T16:36:42+08:00 ] 117.36.116.167 /cnconsum/Public/Uploads/addImage/%E4%B9%9D%E9%83%A1%E5%BC%98%E5%95%86%E8%B4%B8%E7%92%9F%E6%B3%B0%E7%83%9F%E9%85%92%E8%8C%B6%E5%95%86%E8%A1%8C.png
INFO: [ app_init ] --START--
INFO: Run Behavior\BuildLiteBehavior [ RunTime:0.000023s ]
INFO: [ app_init ] --END-- [ RunTime:0.000465s ]
ERR: 无法加载模块:Public

[ 2016-11-04T16:38:28+08:00 ] 117.36.116.167 /cnconsum/Public/Uploads/addImage/%E5%B0%9A%E8%89%BA%E8%BD%A9_0002.png
INFO: [ app_init ] --START--
INFO: Run Behavior\BuildLiteBehavior [ RunTime:0.000016s ]
INFO: [ app_init ] --END-- [ RunTime:0.000329s ]
ERR: 无法加载模块:Public

[ 2016-11-04T16:38:28+08:00 ] 117.36.116.167 /cnconsum/Public/Uploads/addImage/%E9%A2%86%E7%A7%80%E7%9A%AE%E5%85%B7.png
INFO: [ app_init ] --START--
INFO: Run Behavior\BuildLiteBehavior [ RunTime:0.000017s ]
INFO: [ app_init ] --END-- [ RunTime:0.000355s ]
ERR: 无法加载模块:Public

[ 2016-11-04T16:38:28+08:00 ] 117.36.116.167 /cnconsum/Public/Uploads/addImage/%E4%B9%9D%E9%83%A1%E5%BC%98%E5%95%86%E8%B4%B8%E7%92%9F%E6%B3%B0%E7%83%9F%E9%85%92%E8%8C%B6%E5%95%86%E8%A1%8C.png
INFO: [ app_init ] --START--
INFO: Run Behavior\BuildLiteBehavior [ RunTime:0.000022s ]
INFO: [ app_init ] --END-- [ RunTime:0.000498s ]
ERR: 无法加载模块:Public

[ 2016-11-04T16:38:28+08:00 ] 117.36.116.167 /cnconsum/Public/Uploads/addImage/%E7%8E%8B%E5%A4%A7%E7%88%B7%E7%83%A7%E7%83%A4.png
INFO: [ app_init ] --START--
INFO: Run Behavior\BuildLiteBehavior [ RunTime:0.000022s ]
INFO: [ app_init ] --END-- [ RunTime:0.000565s ]
ERR: 无法加载模块:Public

[ 2016-11-04T16:39:44+08:00 ] 117.36.116.167 /cnconsum/Public/Uploads/addImage/%E5%B0%9A%E8%89%BA%E8%BD%A9_0002.png
INFO: [ app_init ] --START--
INFO: Run Behavior\BuildLiteBehavior [ RunTime:0.000014s ]
INFO: [ app_init ] --END-- [ RunTime:0.000265s ]
ERR: 无法加载模块:Public

[ 2016-11-04T16:39:44+08:00 ] 117.36.116.167 /cnconsum/Public/Uploads/addImage/%E9%A2%86%E7%A7%80%E7%9A%AE%E5%85%B7.png
INFO: [ app_init ] --START--
INFO: Run Behavior\BuildLiteBehavior [ RunTime:0.000020s ]
INFO: [ app_init ] --END-- [ RunTime:0.000494s ]
ERR: 无法加载模块:Public

[ 2016-11-04T16:39:44+08:00 ] 117.36.116.167 /cnconsum/Public/Uploads/addImage/%E7%8E%8B%E5%A4%A7%E7%88%B7%E7%83%A7%E7%83%A4.png
INFO: [ app_init ] --START--
INFO: Run Behavior\BuildLiteBehavior [ RunTime:0.000012s ]
INFO: [ app_init ] --END-- [ RunTime:0.000274s ]
ERR: 无法加载模块:Public

[ 2016-11-04T16:39:44+08:00 ] 117.36.116.167 /cnconsum/Public/Uploads/addImage/%E4%B9%9D%E9%83%A1%E5%BC%98%E5%95%86%E8%B4%B8%E7%92%9F%E6%B3%B0%E7%83%9F%E9%85%92%E8%8C%B6%E5%95%86%E8%A1%8C.png
INFO: [ app_init ] --START--
INFO: Run Behavior\BuildLiteBehavior [ RunTime:0.000020s ]
INFO: [ app_init ] --END-- [ RunTime:0.000367s ]
ERR: 无法加载模块:Public

[ 2016-11-04T16:53:19+08:00 ] 117.36.116.167 /cnconsum/Public/Uploads/addImage/%E9%A2%86%E7%A7%80%E7%9A%AE%E5%85%B7.png
INFO: [ app_init ] --START--
INFO: Run Behavior\BuildLiteBehavior [ RunTime:0.000016s ]
INFO: [ app_init ] --END-- [ RunTime:0.000292s ]
ERR: 无法加载模块:Public

[ 2016-11-04T16:55:21+08:00 ] 117.36.116.167 /cnconsum/Public/Uploads/addImage/%E5%B0%9A%E8%89%BA%E8%BD%A9_0002.png
INFO: [ app_init ] --START--
INFO: Run Behavior\BuildLiteBehavior [ RunTime:0.000043s ]
INFO: [ app_init ] --END-- [ RunTime:0.000478s ]
ERR: 无法加载模块:Public

[ 2016-11-04T16:55:25+08:00 ] 117.36.116.167 /cnconsum/Public/Uploads/addImage/%E4%B9%9D%E9%83%A1%E5%BC%98%E5%95%86%E8%B4%B8%E7%92%9F%E6%B3%B0%E7%83%9F%E9%85%92%E8%8C%B6%E5%95%86%E8%A1%8C.png
INFO: [ app_init ] --START--
INFO: Run Behavior\BuildLiteBehavior [ RunTime:0.000023s ]
INFO: [ app_init ] --END-- [ RunTime:0.000436s ]
ERR: 无法加载模块:Public

[ 2016-11-04T17:05:53+08:00 ] 117.36.116.167 /cnconsum/Public/Uploads/addImage/face_02.jpg
INFO: [ app_init ] --START--
INFO: Run Behavior\BuildLiteBehavior [ RunTime:0.000016s ]
INFO: [ app_init ] --END-- [ RunTime:0.000643s ]
ERR: 无法加载模块:Public

[ 2016-11-04T17:05:53+08:00 ] 117.36.116.167 /cnconsum/Public/Uploads/addImage/%E9%A2%86%E7%A7%80%E7%9A%AE%E5%85%B7.png
INFO: [ app_init ] --START--
INFO: Run Behavior\BuildLiteBehavior [ RunTime:0.000027s ]
INFO: [ app_init ] --END-- [ RunTime:0.000340s ]
ERR: 无法加载模块:Public

[ 2016-11-04T17:05:54+08:00 ] 117.36.116.167 /cnconsum/Public/Uploads/addImage/%E5%B0%9A%E8%89%BA%E8%BD%A9_0002.png
INFO: [ app_init ] --START--
INFO: Run Behavior\BuildLiteBehavior [ RunTime:0.000016s ]
INFO: [ app_init ] --END-- [ RunTime:0.000347s ]
ERR: 无法加载模块:Public

[ 2016-11-04T17:05:55+08:00 ] 117.36.116.167 /cnconsum/Public/Uploads/addImage/%E7%8E%8B%E5%A4%A7%E7%88%B7%E7%83%A7%E7%83%A4.png
INFO: [ app_init ] --START--
INFO: Run Behavior\BuildLiteBehavior [ RunTime:0.000014s ]
INFO: [ app_init ] --END-- [ RunTime:0.000269s ]
ERR: 无法加载模块:Public

[ 2016-11-04T17:05:55+08:00 ] 117.36.116.167 /cnconsum/Public/Uploads/addImage/%E4%B9%9D%E9%83%A1%E5%BC%98%E5%95%86%E8%B4%B8%E7%92%9F%E6%B3%B0%E7%83%9F%E9%85%92%E8%8C%B6%E5%95%86%E8%A1%8C.png
INFO: [ app_init ] --START--
INFO: Run Behavior\BuildLiteBehavior [ RunTime:0.000014s ]
INFO: [ app_init ] --END-- [ RunTime:0.000312s ]
ERR: 无法加载模块:Public

[ 2016-11-04T17:09:03+08:00 ] 117.36.116.167 /cnconsum/Public/Uploads/addImage/%E5%B0%9A%E8%89%BA%E8%BD%A9_0002.png
INFO: [ app_init ] --START--
INFO: Run Behavior\BuildLiteBehavior [ RunTime:0.000015s ]
INFO: [ app_init ] --END-- [ RunTime:0.000288s ]
ERR: 无法加载模块:Public

[ 2016-11-04T17:13:25+08:00 ] 117.36.116.167 /cnconsum/Public/Uploads/addImage/%E9%A2%86%E7%A7%80%E7%9A%AE%E5%85%B7.png
INFO: [ app_init ] --START--
INFO: Run Behavior\BuildLiteBehavior [ RunTime:0.000016s ]
INFO: [ app_init ] --END-- [ RunTime:0.000317s ]
ERR: 无法加载模块:Public

[ 2016-11-04T17:13:25+08:00 ] 117.36.116.167 /cnconsum/Public/Uploads/addImage/%E5%B0%9A%E8%89%BA%E8%BD%A9_0002.png
INFO: [ app_init ] --START--
INFO: Run Behavior\BuildLiteBehavior [ RunTime:0.000022s ]
INFO: [ app_init ] --END-- [ RunTime:0.000443s ]
ERR: 无法加载模块:Public

[ 2016-11-04T17:13:25+08:00 ] 117.36.116.167 /cnconsum/Public/Uploads/addImage/%E7%8E%8B%E5%A4%A7%E7%88%B7%E7%83%A7%E7%83%A4.png
INFO: [ app_init ] --START--
INFO: Run Behavior\BuildLiteBehavior [ RunTime:0.000022s ]
INFO: [ app_init ] --END-- [ RunTime:0.000259s ]
ERR: 无法加载模块:Public

[ 2016-11-04T17:13:25+08:00 ] 117.36.116.167 /cnconsum/Public/Uploads/addImage/%E4%B9%9D%E9%83%A1%E5%BC%98%E5%95%86%E8%B4%B8%E7%92%9F%E6%B3%B0%E7%83%9F%E9%85%92%E8%8C%B6%E5%95%86%E8%A1%8C.png
INFO: [ app_init ] --START--
INFO: Run Behavior\BuildLiteBehavior [ RunTime:0.000020s ]
INFO: [ app_init ] --END-- [ RunTime:0.000411s ]
ERR: 无法加载模块:Public

[ 2016-11-04T17:14:41+08:00 ] 117.36.116.167 /cnconsum/Public/Uploads/addImage/%E9%A2%86%E7%A7%80%E7%9A%AE%E5%85%B7.png
INFO: [ app_init ] --START--
INFO: Run Behavior\BuildLiteBehavior [ RunTime:0.000015s ]
INFO: [ app_init ] --END-- [ RunTime:0.000343s ]
ERR: 无法加载模块:Public

[ 2016-11-04T17:14:41+08:00 ] 117.36.116.167 /cnconsum/Public/Uploads/addImage/%E5%B0%9A%E8%89%BA%E8%BD%A9_0002.png
INFO: [ app_init ] --START--
INFO: Run Behavior\BuildLiteBehavior [ RunTime:0.000020s ]
INFO: [ app_init ] --END-- [ RunTime:0.000533s ]
ERR: 无法加载模块:Public

[ 2016-11-04T17:14:41+08:00 ] 117.36.116.167 /cnconsum/Public/Uploads/addImage/%E7%8E%8B%E5%A4%A7%E7%88%B7%E7%83%A7%E7%83%A4.png
INFO: [ app_init ] --START--
INFO: Run Behavior\BuildLiteBehavior [ RunTime:0.000013s ]
INFO: [ app_init ] --END-- [ RunTime:0.000279s ]
ERR: 无法加载模块:Public

[ 2016-11-04T17:14:41+08:00 ] 117.36.116.167 /cnconsum/Public/Uploads/addImage/%E4%B9%9D%E9%83%A1%E5%BC%98%E5%95%86%E8%B4%B8%E7%92%9F%E6%B3%B0%E7%83%9F%E9%85%92%E8%8C%B6%E5%95%86%E8%A1%8C.png
INFO: [ app_init ] --START--
INFO: Run Behavior\BuildLiteBehavior [ RunTime:0.000015s ]
INFO: [ app_init ] --END-- [ RunTime:0.000737s ]
ERR: 无法加载模块:Public

