[ 2016-11-03T09:24:12+08:00 ] 117.36.116.73 /cnconsum/Public/Uploads/addImage/face_02.jpg
INFO: [ app_init ] --START--
INFO: Run Behavior\BuildLiteBehavior [ RunTime:0.000017s ]
INFO: [ app_init ] --END-- [ RunTime:0.000276s ]
ERR: 无法加载模块:Public

[ 2016-11-03T09:24:12+08:00 ] 117.36.116.73 /cnconsum/Public/Uploads/addImage/%E9%A2%86%E7%A7%80%E7%9A%AE%E5%85%B7.png
INFO: [ app_init ] --START--
INFO: Run Behavior\BuildLiteBehavior [ RunTime:0.000019s ]
INFO: [ app_init ] --END-- [ RunTime:0.000379s ]
ERR: 无法加载模块:Public

[ 2016-11-03T09:24:12+08:00 ] 117.36.116.73 /cnconsum/Public/Uploads/addImage/%E5%B0%9A%E8%89%BA%E8%BD%A9_0002.png
INFO: [ app_init ] --START--
INFO: Run Behavior\BuildLiteBehavior [ RunTime:0.000012s ]
INFO: [ app_init ] --END-- [ RunTime:0.000242s ]
ERR: 无法加载模块:Public

[ 2016-11-03T09:24:12+08:00 ] 117.36.116.73 /cnconsum/Public/Uploads/addImage/%E7%8E%8B%E5%A4%A7%E7%88%B7%E7%83%A7%E7%83%A4.png
INFO: [ app_init ] --START--
INFO: Run Behavior\BuildLiteBehavior [ RunTime:0.000018s ]
INFO: [ app_init ] --END-- [ RunTime:0.000370s ]
ERR: 无法加载模块:Public

[ 2016-11-03T09:24:12+08:00 ] 117.36.116.73 /cnconsum/Public/Uploads/addImage/%E4%B9%9D%E9%83%A1%E5%BC%98%E5%95%86%E8%B4%B8%E7%92%9F%E6%B3%B0%E7%83%9F%E9%85%92%E8%8C%B6%E5%95%86%E8%A1%8C.png
INFO: [ app_init ] --START--
INFO: Run Behavior\BuildLiteBehavior [ RunTime:0.000013s ]
INFO: [ app_init ] --END-- [ RunTime:0.000260s ]
ERR: 无法加载模块:Public

[ 2016-11-03T09:27:49+08:00 ] 117.36.116.73 /cnconsum/Public/Uploads/addImage/face_02.jpg
INFO: [ app_init ] --START--
INFO: Run Behavior\BuildLiteBehavior [ RunTime:0.000020s ]
INFO: [ app_init ] --END-- [ RunTime:0.000372s ]
ERR: 无法加载模块:Public

[ 2016-11-03T09:27:49+08:00 ] 117.36.116.73 /cnconsum/Public/Uploads/addImage/%E9%A2%86%E7%A7%80%E7%9A%AE%E5%85%B7.png
INFO: [ app_init ] --START--
INFO: Run Behavior\BuildLiteBehavior [ RunTime:0.000023s ]
INFO: [ app_init ] --END-- [ RunTime:0.000380s ]
ERR: 无法加载模块:Public

[ 2016-11-03T09:27:49+08:00 ] 117.36.116.73 /cnconsum/Public/Uploads/addImage/%E5%B0%9A%E8%89%BA%E8%BD%A9_0002.png
INFO: [ app_init ] --START--
INFO: Run Behavior\BuildLiteBehavior [ RunTime:0.000022s ]
INFO: [ app_init ] --END-- [ RunTime:0.000458s ]
ERR: 无法加载模块:Public

[ 2016-11-03T09:27:49+08:00 ] 117.36.116.73 /cnconsum/Public/Uploads/addImage/%E7%8E%8B%E5%A4%A7%E7%88%B7%E7%83%A7%E7%83%A4.png
INFO: [ app_init ] --START--
INFO: Run Behavior\BuildLiteBehavior [ RunTime:0.000024s ]
INFO: [ app_init ] --END-- [ RunTime:0.000304s ]
ERR: 无法加载模块:Public

[ 2016-11-03T09:27:49+08:00 ] 117.36.116.73 /cnconsum/Public/Uploads/addImage/%E4%B9%9D%E9%83%A1%E5%BC%98%E5%95%86%E8%B4%B8%E7%92%9F%E6%B3%B0%E7%83%9F%E9%85%92%E8%8C%B6%E5%95%86%E8%A1%8C.png
INFO: [ app_init ] --START--
INFO: Run Behavior\BuildLiteBehavior [ RunTime:0.000025s ]
INFO: [ app_init ] --END-- [ RunTime:0.000394s ]
ERR: 无法加载模块:Public

[ 2016-11-03T09:29:33+08:00 ] 117.36.116.73 /cnconsum/Public/Uploads/addImage/face_02.jpg
INFO: [ app_init ] --START--
INFO: Run Behavior\BuildLiteBehavior [ RunTime:0.000013s ]
INFO: [ app_init ] --END-- [ RunTime:0.000259s ]
ERR: 无法加载模块:Public

[ 2016-11-03T09:29:33+08:00 ] 117.36.116.73 /cnconsum/Public/Uploads/addImage/%E5%B0%9A%E8%89%BA%E8%BD%A9_0002.png
INFO: [ app_init ] --START--
INFO: Run Behavior\BuildLiteBehavior [ RunTime:0.000015s ]
INFO: [ app_init ] --END-- [ RunTime:0.000280s ]
ERR: 无法加载模块:Public

[ 2016-11-03T09:29:33+08:00 ] 117.36.116.73 /cnconsum/Public/Uploads/addImage/%E9%A2%86%E7%A7%80%E7%9A%AE%E5%85%B7.png
INFO: [ app_init ] --START--
INFO: Run Behavior\BuildLiteBehavior [ RunTime:0.000019s ]
INFO: [ app_init ] --END-- [ RunTime:0.000480s ]
ERR: 无法加载模块:Public

[ 2016-11-03T09:29:33+08:00 ] 117.36.116.73 /cnconsum/Public/Uploads/addImage/%E7%8E%8B%E5%A4%A7%E7%88%B7%E7%83%A7%E7%83%A4.png
INFO: [ app_init ] --START--
INFO: Run Behavior\BuildLiteBehavior [ RunTime:0.000022s ]
INFO: [ app_init ] --END-- [ RunTime:0.001676s ]
ERR: 无法加载模块:Public

[ 2016-11-03T09:29:33+08:00 ] 117.36.116.73 /cnconsum/Public/Uploads/addImage/%E4%B9%9D%E9%83%A1%E5%BC%98%E5%95%86%E8%B4%B8%E7%92%9F%E6%B3%B0%E7%83%9F%E9%85%92%E8%8C%B6%E5%95%86%E8%A1%8C.png
INFO: [ app_init ] --START--
INFO: Run Behavior\BuildLiteBehavior [ RunTime:0.000015s ]
INFO: [ app_init ] --END-- [ RunTime:0.000286s ]
ERR: 无法加载模块:Public

[ 2016-11-03T09:30:53+08:00 ] 117.36.116.73 /cnconsum/Public/Uploads/addImage/%E9%A2%86%E7%A7%80%E7%9A%AE%E5%85%B7.png
INFO: [ app_init ] --START--
INFO: Run Behavior\BuildLiteBehavior [ RunTime:0.000014s ]
INFO: [ app_init ] --END-- [ RunTime:0.000355s ]
ERR: 无法加载模块:Public

[ 2016-11-03T09:30:53+08:00 ] 117.36.116.73 /cnconsum/Public/Uploads/addImage/face_02.jpg
INFO: [ app_init ] --START--
INFO: Run Behavior\BuildLiteBehavior [ RunTime:0.000021s ]
INFO: [ app_init ] --END-- [ RunTime:0.000393s ]
ERR: 无法加载模块:Public

[ 2016-11-03T09:30:53+08:00 ] 117.36.116.73 /cnconsum/Public/Uploads/addImage/%E5%B0%9A%E8%89%BA%E8%BD%A9_0002.png
INFO: [ app_init ] --START--
INFO: Run Behavior\BuildLiteBehavior [ RunTime:0.000014s ]
INFO: [ app_init ] --END-- [ RunTime:0.000267s ]
ERR: 无法加载模块:Public

[ 2016-11-03T09:30:53+08:00 ] 117.36.116.73 /cnconsum/Public/Uploads/addImage/%E7%8E%8B%E5%A4%A7%E7%88%B7%E7%83%A7%E7%83%A4.png
INFO: [ app_init ] --START--
INFO: Run Behavior\BuildLiteBehavior [ RunTime:0.000019s ]
INFO: [ app_init ] --END-- [ RunTime:0.000323s ]
ERR: 无法加载模块:Public

[ 2016-11-03T09:30:53+08:00 ] 117.36.116.73 /cnconsum/Public/Uploads/addImage/%E4%B9%9D%E9%83%A1%E5%BC%98%E5%95%86%E8%B4%B8%E7%92%9F%E6%B3%B0%E7%83%9F%E9%85%92%E8%8C%B6%E5%95%86%E8%A1%8C.png
INFO: [ app_init ] --START--
INFO: Run Behavior\BuildLiteBehavior [ RunTime:0.000018s ]
INFO: [ app_init ] --END-- [ RunTime:0.000320s ]
ERR: 无法加载模块:Public

[ 2016-11-03T09:31:28+08:00 ] 117.36.116.73 /cnconsum/Public/Uploads/addImage/face_02.jpg
INFO: [ app_init ] --START--
INFO: Run Behavior\BuildLiteBehavior [ RunTime:0.000015s ]
INFO: [ app_init ] --END-- [ RunTime:0.000287s ]
ERR: 无法加载模块:Public

[ 2016-11-03T09:31:28+08:00 ] 117.36.116.73 /cnconsum/Public/Uploads/addImage/%E9%A2%86%E7%A7%80%E7%9A%AE%E5%85%B7.png
INFO: [ app_init ] --START--
INFO: Run Behavior\BuildLiteBehavior [ RunTime:0.000013s ]
INFO: [ app_init ] --END-- [ RunTime:0.000293s ]
ERR: 无法加载模块:Public

[ 2016-11-03T09:31:28+08:00 ] 117.36.116.73 /cnconsum/Public/Uploads/addImage/%E7%8E%8B%E5%A4%A7%E7%88%B7%E7%83%A7%E7%83%A4.png
INFO: [ app_init ] --START--
INFO: Run Behavior\BuildLiteBehavior [ RunTime:0.000014s ]
INFO: [ app_init ] --END-- [ RunTime:0.000365s ]
ERR: 无法加载模块:Public

[ 2016-11-03T09:31:28+08:00 ] 117.36.116.73 /cnconsum/Public/Uploads/addImage/%E5%B0%9A%E8%89%BA%E8%BD%A9_0002.png
INFO: [ app_init ] --START--
INFO: Run Behavior\BuildLiteBehavior [ RunTime:0.000013s ]
INFO: [ app_init ] --END-- [ RunTime:0.000261s ]
ERR: 无法加载模块:Public

[ 2016-11-03T09:31:28+08:00 ] 117.36.116.73 /cnconsum/Public/Uploads/addImage/%E4%B9%9D%E9%83%A1%E5%BC%98%E5%95%86%E8%B4%B8%E7%92%9F%E6%B3%B0%E7%83%9F%E9%85%92%E8%8C%B6%E5%95%86%E8%A1%8C.png
INFO: [ app_init ] --START--
INFO: Run Behavior\BuildLiteBehavior [ RunTime:0.000013s ]
INFO: [ app_init ] --END-- [ RunTime:0.000253s ]
ERR: 无法加载模块:Public

[ 2016-11-03T09:32:45+08:00 ] 117.36.116.73 /cnconsum/Public/Uploads/addImage/face_02.jpg
INFO: [ app_init ] --START--
INFO: Run Behavior\BuildLiteBehavior [ RunTime:0.000017s ]
INFO: [ app_init ] --END-- [ RunTime:0.000317s ]
ERR: 无法加载模块:Public

[ 2016-11-03T09:32:45+08:00 ] 117.36.116.73 /cnconsum/Public/Uploads/addImage/%E9%A2%86%E7%A7%80%E7%9A%AE%E5%85%B7.png
INFO: [ app_init ] --START--
INFO: Run Behavior\BuildLiteBehavior [ RunTime:0.000016s ]
INFO: [ app_init ] --END-- [ RunTime:0.000283s ]
ERR: 无法加载模块:Public

[ 2016-11-03T09:32:45+08:00 ] 117.36.116.73 /cnconsum/Public/Uploads/addImage/%E5%B0%9A%E8%89%BA%E8%BD%A9_0002.png
INFO: [ app_init ] --START--
INFO: Run Behavior\BuildLiteBehavior [ RunTime:0.000017s ]
INFO: [ app_init ] --END-- [ RunTime:0.000371s ]
ERR: 无法加载模块:Public

[ 2016-11-03T09:32:45+08:00 ] 117.36.116.73 /cnconsum/Public/Uploads/addImage/%E7%8E%8B%E5%A4%A7%E7%88%B7%E7%83%A7%E7%83%A4.png
INFO: [ app_init ] --START--
INFO: Run Behavior\BuildLiteBehavior [ RunTime:0.000018s ]
INFO: [ app_init ] --END-- [ RunTime:0.000388s ]
ERR: 无法加载模块:Public

[ 2016-11-03T09:32:45+08:00 ] 117.36.116.73 /cnconsum/Public/Uploads/addImage/%E4%B9%9D%E9%83%A1%E5%BC%98%E5%95%86%E8%B4%B8%E7%92%9F%E6%B3%B0%E7%83%9F%E9%85%92%E8%8C%B6%E5%95%86%E8%A1%8C.png
INFO: [ app_init ] --START--
INFO: Run Behavior\BuildLiteBehavior [ RunTime:0.000016s ]
INFO: [ app_init ] --END-- [ RunTime:0.000283s ]
ERR: 无法加载模块:Public

[ 2016-11-03T09:35:10+08:00 ] 117.36.116.73 /cnconsum/Public/Uploads/addImage/face_02.jpg
INFO: [ app_init ] --START--
INFO: Run Behavior\BuildLiteBehavior [ RunTime:0.000014s ]
INFO: [ app_init ] --END-- [ RunTime:0.000261s ]
ERR: 无法加载模块:Public

[ 2016-11-03T09:35:10+08:00 ] 117.36.116.73 /cnconsum/Public/Uploads/addImage/%E9%A2%86%E7%A7%80%E7%9A%AE%E5%85%B7.png
INFO: [ app_init ] --START--
INFO: Run Behavior\BuildLiteBehavior [ RunTime:0.000015s ]
INFO: [ app_init ] --END-- [ RunTime:0.000350s ]
ERR: 无法加载模块:Public

[ 2016-11-03T09:35:10+08:00 ] 117.36.116.73 /cnconsum/Public/Uploads/addImage/%E5%B0%9A%E8%89%BA%E8%BD%A9_0002.png
INFO: [ app_init ] --START--
INFO: Run Behavior\BuildLiteBehavior [ RunTime:0.000017s ]
INFO: [ app_init ] --END-- [ RunTime:0.000419s ]
ERR: 无法加载模块:Public

[ 2016-11-03T09:35:10+08:00 ] 117.36.116.73 /cnconsum/Public/Uploads/addImage/%E7%8E%8B%E5%A4%A7%E7%88%B7%E7%83%A7%E7%83%A4.png
INFO: [ app_init ] --START--
INFO: Run Behavior\BuildLiteBehavior [ RunTime:0.000018s ]
INFO: [ app_init ] --END-- [ RunTime:0.000276s ]
ERR: 无法加载模块:Public

[ 2016-11-03T09:35:10+08:00 ] 117.36.116.73 /cnconsum/Public/Uploads/addImage/%E4%B9%9D%E9%83%A1%E5%BC%98%E5%95%86%E8%B4%B8%E7%92%9F%E6%B3%B0%E7%83%9F%E9%85%92%E8%8C%B6%E5%95%86%E8%A1%8C.png
INFO: [ app_init ] --START--
INFO: Run Behavior\BuildLiteBehavior [ RunTime:0.000012s ]
INFO: [ app_init ] --END-- [ RunTime:0.000246s ]
ERR: 无法加载模块:Public

[ 2016-11-03T09:37:41+08:00 ] 117.36.116.73 /cnconsum/Public/Uploads/addImage/face_02.jpg
INFO: [ app_init ] --START--
INFO: Run Behavior\BuildLiteBehavior [ RunTime:0.000020s ]
INFO: [ app_init ] --END-- [ RunTime:0.000334s ]
ERR: 无法加载模块:Public

[ 2016-11-03T09:37:41+08:00 ] 117.36.116.73 /cnconsum/Public/Uploads/addImage/%E9%A2%86%E7%A7%80%E7%9A%AE%E5%85%B7.png
INFO: [ app_init ] --START--
INFO: Run Behavior\BuildLiteBehavior [ RunTime:0.000014s ]
INFO: [ app_init ] --END-- [ RunTime:0.000257s ]
ERR: 无法加载模块:Public

[ 2016-11-03T09:37:41+08:00 ] 117.36.116.73 /cnconsum/Public/Uploads/addImage/%E5%B0%9A%E8%89%BA%E8%BD%A9_0002.png
INFO: [ app_init ] --START--
INFO: Run Behavior\BuildLiteBehavior [ RunTime:0.000013s ]
INFO: [ app_init ] --END-- [ RunTime:0.000314s ]
ERR: 无法加载模块:Public

[ 2016-11-03T09:37:41+08:00 ] 117.36.116.73 /cnconsum/Public/Uploads/addImage/%E7%8E%8B%E5%A4%A7%E7%88%B7%E7%83%A7%E7%83%A4.png
INFO: [ app_init ] --START--
INFO: Run Behavior\BuildLiteBehavior [ RunTime:0.000012s ]
INFO: [ app_init ] --END-- [ RunTime:0.000323s ]
ERR: 无法加载模块:Public

[ 2016-11-03T09:37:41+08:00 ] 117.36.116.73 /cnconsum/Public/Uploads/addImage/%E4%B9%9D%E9%83%A1%E5%BC%98%E5%95%86%E8%B4%B8%E7%92%9F%E6%B3%B0%E7%83%9F%E9%85%92%E8%8C%B6%E5%95%86%E8%A1%8C.png
INFO: [ app_init ] --START--
INFO: Run Behavior\BuildLiteBehavior [ RunTime:0.000013s ]
INFO: [ app_init ] --END-- [ RunTime:0.000280s ]
ERR: 无法加载模块:Public

[ 2016-11-03T10:30:07+08:00 ] 117.36.116.73 /cnconsum/Public/Uploads/addImage/%E9%A2%86%E7%A7%80%E7%9A%AE%E5%85%B7.png
INFO: [ app_init ] --START--
INFO: Run Behavior\BuildLiteBehavior [ RunTime:0.000014s ]
INFO: [ app_init ] --END-- [ RunTime:0.000306s ]
ERR: 无法加载模块:Public

[ 2016-11-03T10:30:07+08:00 ] 117.36.116.73 /cnconsum/Public/Uploads/addImage/%E5%B0%9A%E8%89%BA%E8%BD%A9_0002.png
INFO: [ app_init ] --START--
INFO: Run Behavior\BuildLiteBehavior [ RunTime:0.000014s ]
INFO: [ app_init ] --END-- [ RunTime:0.000338s ]
ERR: 无法加载模块:Public

[ 2016-11-03T10:30:07+08:00 ] 117.36.116.73 /cnconsum/Public/Uploads/addImage/%E7%8E%8B%E5%A4%A7%E7%88%B7%E7%83%A7%E7%83%A4.png
INFO: [ app_init ] --START--
INFO: Run Behavior\BuildLiteBehavior [ RunTime:0.000013s ]
INFO: [ app_init ] --END-- [ RunTime:0.000253s ]
ERR: 无法加载模块:Public

[ 2016-11-03T10:30:07+08:00 ] 117.36.116.73 /cnconsum/Public/Uploads/addImage/%E4%B9%9D%E9%83%A1%E5%BC%98%E5%95%86%E8%B4%B8%E7%92%9F%E6%B3%B0%E7%83%9F%E9%85%92%E8%8C%B6%E5%95%86%E8%A1%8C.png
INFO: [ app_init ] --START--
INFO: Run Behavior\BuildLiteBehavior [ RunTime:0.000012s ]
INFO: [ app_init ] --END-- [ RunTime:0.000251s ]
ERR: 无法加载模块:Public

[ 2016-11-03T10:37:48+08:00 ] 117.36.116.73 /cnconsum/Public/Uploads/addImage/%E9%A2%86%E7%A7%80%E7%9A%AE%E5%85%B7.png
INFO: [ app_init ] --START--
INFO: Run Behavior\BuildLiteBehavior [ RunTime:0.000015s ]
INFO: [ app_init ] --END-- [ RunTime:0.000278s ]
ERR: 无法加载模块:Public

[ 2016-11-03T10:37:48+08:00 ] 117.36.116.73 /cnconsum/Public/Uploads/addImage/%E5%B0%9A%E8%89%BA%E8%BD%A9_0002.png
INFO: [ app_init ] --START--
INFO: Run Behavior\BuildLiteBehavior [ RunTime:0.000013s ]
INFO: [ app_init ] --END-- [ RunTime:0.000304s ]
ERR: 无法加载模块:Public

[ 2016-11-03T10:37:48+08:00 ] 117.36.116.73 /cnconsum/Public/Uploads/addImage/%E7%8E%8B%E5%A4%A7%E7%88%B7%E7%83%A7%E7%83%A4.png
INFO: [ app_init ] --START--
INFO: Run Behavior\BuildLiteBehavior [ RunTime:0.000019s ]
INFO: [ app_init ] --END-- [ RunTime:0.000410s ]
ERR: 无法加载模块:Public

[ 2016-11-03T10:37:48+08:00 ] 117.36.116.73 /cnconsum/Public/Uploads/addImage/%E4%B9%9D%E9%83%A1%E5%BC%98%E5%95%86%E8%B4%B8%E7%92%9F%E6%B3%B0%E7%83%9F%E9%85%92%E8%8C%B6%E5%95%86%E8%A1%8C.png
INFO: [ app_init ] --START--
INFO: Run Behavior\BuildLiteBehavior [ RunTime:0.000014s ]
INFO: [ app_init ] --END-- [ RunTime:0.000293s ]
ERR: 无法加载模块:Public

[ 2016-11-03T10:40:24+08:00 ] 117.36.116.73 /cnconsum/Public/Uploads/addImage/%E9%A2%86%E7%A7%80%E7%9A%AE%E5%85%B7.png
INFO: [ app_init ] --START--
INFO: Run Behavior\BuildLiteBehavior [ RunTime:0.000020s ]
INFO: [ app_init ] --END-- [ RunTime:0.000366s ]
ERR: 无法加载模块:Public

[ 2016-11-03T10:40:24+08:00 ] 117.36.116.73 /cnconsum/Public/Uploads/addImage/%E7%8E%8B%E5%A4%A7%E7%88%B7%E7%83%A7%E7%83%A4.png
INFO: [ app_init ] --START--
INFO: Run Behavior\BuildLiteBehavior [ RunTime:0.000014s ]
INFO: [ app_init ] --END-- [ RunTime:0.000292s ]
ERR: 无法加载模块:Public

[ 2016-11-03T10:40:24+08:00 ] 117.36.116.73 /cnconsum/Public/Uploads/addImage/%E5%B0%9A%E8%89%BA%E8%BD%A9_0002.png
INFO: [ app_init ] --START--
INFO: Run Behavior\BuildLiteBehavior [ RunTime:0.000014s ]
INFO: [ app_init ] --END-- [ RunTime:0.000304s ]
ERR: 无法加载模块:Public

[ 2016-11-03T10:40:24+08:00 ] 117.36.116.73 /cnconsum/Public/Uploads/addImage/%E4%B9%9D%E9%83%A1%E5%BC%98%E5%95%86%E8%B4%B8%E7%92%9F%E6%B3%B0%E7%83%9F%E9%85%92%E8%8C%B6%E5%95%86%E8%A1%8C.png
INFO: [ app_init ] --START--
INFO: Run Behavior\BuildLiteBehavior [ RunTime:0.000014s ]
INFO: [ app_init ] --END-- [ RunTime:0.000263s ]
ERR: 无法加载模块:Public

[ 2016-11-03T10:41:45+08:00 ] 117.36.116.73 /cnconsum/Public/Uploads/addImage/%E9%A2%86%E7%A7%80%E7%9A%AE%E5%85%B7.png
INFO: [ app_init ] --START--
INFO: Run Behavior\BuildLiteBehavior [ RunTime:0.000032s ]
INFO: [ app_init ] --END-- [ RunTime:0.000284s ]
ERR: 无法加载模块:Public

[ 2016-11-03T10:41:45+08:00 ] 117.36.116.73 /cnconsum/Public/Uploads/addImage/%E7%8E%8B%E5%A4%A7%E7%88%B7%E7%83%A7%E7%83%A4.png
INFO: [ app_init ] --START--
INFO: Run Behavior\BuildLiteBehavior [ RunTime:0.000014s ]
INFO: [ app_init ] --END-- [ RunTime:0.000256s ]
ERR: 无法加载模块:Public

[ 2016-11-03T10:41:45+08:00 ] 117.36.116.73 /cnconsum/Public/Uploads/addImage/%E5%B0%9A%E8%89%BA%E8%BD%A9_0002.png
INFO: [ app_init ] --START--
INFO: Run Behavior\BuildLiteBehavior [ RunTime:0.000017s ]
INFO: [ app_init ] --END-- [ RunTime:0.000324s ]
ERR: 无法加载模块:Public

[ 2016-11-03T10:41:45+08:00 ] 117.36.116.73 /cnconsum/Public/Uploads/addImage/%E4%B9%9D%E9%83%A1%E5%BC%98%E5%95%86%E8%B4%B8%E7%92%9F%E6%B3%B0%E7%83%9F%E9%85%92%E8%8C%B6%E5%95%86%E8%A1%8C.png
INFO: [ app_init ] --START--
INFO: Run Behavior\BuildLiteBehavior [ RunTime:0.000014s ]
INFO: [ app_init ] --END-- [ RunTime:0.000340s ]
ERR: 无法加载模块:Public

[ 2016-11-03T10:53:10+08:00 ] 117.36.116.73 /cnconsum/Public/Uploads/addImage/%E5%B0%9A%E8%89%BA%E8%BD%A9_0002.png
INFO: [ app_init ] --START--
INFO: Run Behavior\BuildLiteBehavior [ RunTime:0.000015s ]
INFO: [ app_init ] --END-- [ RunTime:0.000290s ]
ERR: 无法加载模块:Public

[ 2016-11-03T10:53:10+08:00 ] 117.36.116.73 /cnconsum/Public/Uploads/addImage/%E9%A2%86%E7%A7%80%E7%9A%AE%E5%85%B7.png
INFO: [ app_init ] --START--
INFO: Run Behavior\BuildLiteBehavior [ RunTime:0.000026s ]
INFO: [ app_init ] --END-- [ RunTime:0.000504s ]
ERR: 无法加载模块:Public

[ 2016-11-03T10:53:10+08:00 ] 117.36.116.73 /cnconsum/Public/Uploads/addImage/%E7%8E%8B%E5%A4%A7%E7%88%B7%E7%83%A7%E7%83%A4.png
INFO: [ app_init ] --START--
INFO: Run Behavior\BuildLiteBehavior [ RunTime:0.000019s ]
INFO: [ app_init ] --END-- [ RunTime:0.000400s ]
ERR: 无法加载模块:Public

[ 2016-11-03T10:53:10+08:00 ] 117.36.116.73 /cnconsum/Public/Uploads/addImage/%E4%B9%9D%E9%83%A1%E5%BC%98%E5%95%86%E8%B4%B8%E7%92%9F%E6%B3%B0%E7%83%9F%E9%85%92%E8%8C%B6%E5%95%86%E8%A1%8C.png
INFO: [ app_init ] --START--
INFO: Run Behavior\BuildLiteBehavior [ RunTime:0.000021s ]
INFO: [ app_init ] --END-- [ RunTime:0.000315s ]
ERR: 无法加载模块:Public

[ 2016-11-03T10:55:19+08:00 ] 117.36.116.73 /cnconsum/Public/Uploads/addImage/face_02.jpg
INFO: [ app_init ] --START--
INFO: Run Behavior\BuildLiteBehavior [ RunTime:0.000024s ]
INFO: [ app_init ] --END-- [ RunTime:0.000444s ]
ERR: 无法加载模块:Public

[ 2016-11-03T11:03:45+08:00 ] 117.36.116.73 /cnconsum/Public/Uploads/addImage/face_02.jpg
INFO: [ app_init ] --START--
INFO: Run Behavior\BuildLiteBehavior [ RunTime:0.000115s ]
INFO: [ app_init ] --END-- [ RunTime:0.000508s ]
ERR: 无法加载模块:Public

[ 2016-11-03T11:03:45+08:00 ] 117.36.116.73 /cnconsum/Public/Uploads/addImage/%E9%A2%86%E7%A7%80%E7%9A%AE%E5%85%B7.png
INFO: [ app_init ] --START--
INFO: Run Behavior\BuildLiteBehavior [ RunTime:0.000032s ]
INFO: [ app_init ] --END-- [ RunTime:0.000352s ]
ERR: 无法加载模块:Public

[ 2016-11-03T11:03:46+08:00 ] 117.36.116.73 /cnconsum/Public/Uploads/addImage/%E5%B0%9A%E8%89%BA%E8%BD%A9_0002.png
INFO: [ app_init ] --START--
INFO: Run Behavior\BuildLiteBehavior [ RunTime:0.000015s ]
INFO: [ app_init ] --END-- [ RunTime:0.000302s ]
ERR: 无法加载模块:Public

[ 2016-11-03T11:03:46+08:00 ] 117.36.116.73 /cnconsum/Public/Uploads/addImage/%E4%B9%9D%E9%83%A1%E5%BC%98%E5%95%86%E8%B4%B8%E7%92%9F%E6%B3%B0%E7%83%9F%E9%85%92%E8%8C%B6%E5%95%86%E8%A1%8C.png
INFO: [ app_init ] --START--
INFO: Run Behavior\BuildLiteBehavior [ RunTime:0.000014s ]
INFO: [ app_init ] --END-- [ RunTime:0.000264s ]
ERR: 无法加载模块:Public

[ 2016-11-03T11:03:46+08:00 ] 117.36.116.73 /cnconsum/Public/Uploads/addImage/%E7%8E%8B%E5%A4%A7%E7%88%B7%E7%83%A7%E7%83%A4.png
INFO: [ app_init ] --START--
INFO: Run Behavior\BuildLiteBehavior [ RunTime:0.000012s ]
INFO: [ app_init ] --END-- [ RunTime:0.000284s ]
ERR: 无法加载模块:Public

[ 2016-11-03T11:38:20+08:00 ] 117.36.116.73 /cnconsum/Public/Uploads/addImage/face_02.jpg
INFO: [ app_init ] --START--
INFO: Run Behavior\BuildLiteBehavior [ RunTime:0.000021s ]
INFO: [ app_init ] --END-- [ RunTime:0.000490s ]
ERR: 无法加载模块:Public

[ 2016-11-03T11:38:20+08:00 ] 117.36.116.73 /cnconsum/Public/Uploads/addImage/%E9%A2%86%E7%A7%80%E7%9A%AE%E5%85%B7.png
INFO: [ app_init ] --START--
INFO: Run Behavior\BuildLiteBehavior [ RunTime:0.000019s ]
INFO: [ app_init ] --END-- [ RunTime:0.000435s ]
ERR: 无法加载模块:Public

[ 2016-11-03T11:38:20+08:00 ] 117.36.116.73 /cnconsum/Public/Uploads/addImage/%E5%B0%9A%E8%89%BA%E8%BD%A9_0002.png
INFO: [ app_init ] --START--
INFO: Run Behavior\BuildLiteBehavior [ RunTime:0.000013s ]
INFO: [ app_init ] --END-- [ RunTime:0.000309s ]
ERR: 无法加载模块:Public

[ 2016-11-03T11:38:21+08:00 ] 117.36.116.73 /cnconsum/Public/Uploads/addImage/%E7%8E%8B%E5%A4%A7%E7%88%B7%E7%83%A7%E7%83%A4.png
INFO: [ app_init ] --START--
INFO: Run Behavior\BuildLiteBehavior [ RunTime:0.000020s ]
INFO: [ app_init ] --END-- [ RunTime:0.000390s ]
ERR: 无法加载模块:Public

[ 2016-11-03T11:38:21+08:00 ] 117.36.116.73 /cnconsum/Public/Uploads/addImage/%E4%B9%9D%E9%83%A1%E5%BC%98%E5%95%86%E8%B4%B8%E7%92%9F%E6%B3%B0%E7%83%9F%E9%85%92%E8%8C%B6%E5%95%86%E8%A1%8C.png
INFO: [ app_init ] --START--
INFO: Run Behavior\BuildLiteBehavior [ RunTime:0.000012s ]
INFO: [ app_init ] --END-- [ RunTime:0.000255s ]
ERR: 无法加载模块:Public

[ 2016-11-03T11:40:17+08:00 ] 117.36.116.73 /cnconsum/Public/Uploads/addImage/%E9%A2%86%E7%A7%80%E7%9A%AE%E5%85%B7.png
INFO: [ app_init ] --START--
INFO: Run Behavior\BuildLiteBehavior [ RunTime:0.000013s ]
INFO: [ app_init ] --END-- [ RunTime:0.000267s ]
ERR: 无法加载模块:Public

[ 2016-11-03T11:40:17+08:00 ] 117.36.116.73 /cnconsum/Public/Uploads/addImage/face_02.jpg
INFO: [ app_init ] --START--
INFO: Run Behavior\BuildLiteBehavior [ RunTime:0.000020s ]
INFO: [ app_init ] --END-- [ RunTime:0.000374s ]
ERR: 无法加载模块:Public

[ 2016-11-03T11:40:17+08:00 ] 117.36.116.73 /cnconsum/Public/Uploads/addImage/%E5%B0%9A%E8%89%BA%E8%BD%A9_0002.png
INFO: [ app_init ] --START--
INFO: Run Behavior\BuildLiteBehavior [ RunTime:0.000020s ]
INFO: [ app_init ] --END-- [ RunTime:0.000398s ]
ERR: 无法加载模块:Public

[ 2016-11-03T11:40:17+08:00 ] 117.36.116.73 /cnconsum/Public/Uploads/addImage/%E7%8E%8B%E5%A4%A7%E7%88%B7%E7%83%A7%E7%83%A4.png
INFO: [ app_init ] --START--
INFO: Run Behavior\BuildLiteBehavior [ RunTime:0.000017s ]
INFO: [ app_init ] --END-- [ RunTime:0.000334s ]
ERR: 无法加载模块:Public

[ 2016-11-03T11:40:18+08:00 ] 117.36.116.73 /cnconsum/Public/Uploads/addImage/%E4%B9%9D%E9%83%A1%E5%BC%98%E5%95%86%E8%B4%B8%E7%92%9F%E6%B3%B0%E7%83%9F%E9%85%92%E8%8C%B6%E5%95%86%E8%A1%8C.png
INFO: [ app_init ] --START--
INFO: Run Behavior\BuildLiteBehavior [ RunTime:0.000014s ]
INFO: [ app_init ] --END-- [ RunTime:0.000290s ]
ERR: 无法加载模块:Public

[ 2016-11-03T11:41:48+08:00 ] 117.36.116.73 /cnconsum/Public/Uploads/addImage/face_02.jpg
INFO: [ app_init ] --START--
INFO: Run Behavior\BuildLiteBehavior [ RunTime:0.000015s ]
INFO: [ app_init ] --END-- [ RunTime:0.000311s ]
ERR: 无法加载模块:Public

[ 2016-11-03T11:41:48+08:00 ] 117.36.116.73 /cnconsum/Public/Uploads/addImage/%E9%A2%86%E7%A7%80%E7%9A%AE%E5%85%B7.png
INFO: [ app_init ] --START--
INFO: Run Behavior\BuildLiteBehavior [ RunTime:0.000017s ]
INFO: [ app_init ] --END-- [ RunTime:0.000306s ]
ERR: 无法加载模块:Public

[ 2016-11-03T11:41:48+08:00 ] 117.36.116.73 /cnconsum/Public/Uploads/addImage/%E5%B0%9A%E8%89%BA%E8%BD%A9_0002.png
INFO: [ app_init ] --START--
INFO: Run Behavior\BuildLiteBehavior [ RunTime:0.000021s ]
INFO: [ app_init ] --END-- [ RunTime:0.000377s ]
ERR: 无法加载模块:Public

[ 2016-11-03T11:41:48+08:00 ] 117.36.116.73 /cnconsum/Public/Uploads/addImage/%E7%8E%8B%E5%A4%A7%E7%88%B7%E7%83%A7%E7%83%A4.png
INFO: [ app_init ] --START--
INFO: Run Behavior\BuildLiteBehavior [ RunTime:0.000020s ]
INFO: [ app_init ] --END-- [ RunTime:0.000435s ]
ERR: 无法加载模块:Public

[ 2016-11-03T11:41:48+08:00 ] 117.36.116.73 /cnconsum/Public/Uploads/addImage/%E4%B9%9D%E9%83%A1%E5%BC%98%E5%95%86%E8%B4%B8%E7%92%9F%E6%B3%B0%E7%83%9F%E9%85%92%E8%8C%B6%E5%95%86%E8%A1%8C.png
INFO: [ app_init ] --START--
INFO: Run Behavior\BuildLiteBehavior [ RunTime:0.000014s ]
INFO: [ app_init ] --END-- [ RunTime:0.000362s ]
ERR: 无法加载模块:Public

[ 2016-11-03T13:24:43+08:00 ] 117.36.116.73 /cnconsum/Public/Uploads/addImage/%E5%B0%9A%E8%89%BA%E8%BD%A9_0002.png
INFO: [ app_init ] --START--
INFO: Run Behavior\BuildLiteBehavior [ RunTime:0.000021s ]
INFO: [ app_init ] --END-- [ RunTime:0.000453s ]
ERR: 无法加载模块:Public

[ 2016-11-03T13:24:43+08:00 ] 117.36.116.73 /cnconsum/Public/Uploads/addImage/%E9%A2%86%E7%A7%80%E7%9A%AE%E5%85%B7.png
INFO: [ app_init ] --START--
INFO: Run Behavior\BuildLiteBehavior [ RunTime:0.000018s ]
INFO: [ app_init ] --END-- [ RunTime:0.000306s ]
ERR: 无法加载模块:Public

[ 2016-11-03T13:24:43+08:00 ] 117.36.116.73 /cnconsum/Public/Uploads/addImage/%E7%8E%8B%E5%A4%A7%E7%88%B7%E7%83%A7%E7%83%A4.png
INFO: [ app_init ] --START--
INFO: Run Behavior\BuildLiteBehavior [ RunTime:0.000019s ]
INFO: [ app_init ] --END-- [ RunTime:0.000452s ]
ERR: 无法加载模块:Public

[ 2016-11-03T13:24:43+08:00 ] 117.36.116.73 /cnconsum/Public/Uploads/addImage/%E4%B9%9D%E9%83%A1%E5%BC%98%E5%95%86%E8%B4%B8%E7%92%9F%E6%B3%B0%E7%83%9F%E9%85%92%E8%8C%B6%E5%95%86%E8%A1%8C.png
INFO: [ app_init ] --START--
INFO: Run Behavior\BuildLiteBehavior [ RunTime:0.000015s ]
INFO: [ app_init ] --END-- [ RunTime:0.000374s ]
ERR: 无法加载模块:Public

[ 2016-11-03T13:29:10+08:00 ] 117.36.116.73 /cnconsum/Public/Uploads/idFrontImage/m_6d4e76ca11.png
INFO: [ app_init ] --START--
INFO: Run Behavior\BuildLiteBehavior [ RunTime:0.000023s ]
INFO: [ app_init ] --END-- [ RunTime:0.000440s ]
ERR: 无法加载模块:Public

[ 2016-11-03T13:29:10+08:00 ] 117.36.116.73 /cnconsum/Public/Uploads/idBackImage/m_6d4e76ca11.png
INFO: [ app_init ] --START--
INFO: Run Behavior\BuildLiteBehavior [ RunTime:0.000020s ]
INFO: [ app_init ] --END-- [ RunTime:0.000295s ]
ERR: 无法加载模块:Public

[ 2016-11-03T13:29:11+08:00 ] 117.36.116.73 /cnconsum/Public/Uploads/idHandImage/m_6d4e76ca11.png
INFO: [ app_init ] --START--
INFO: Run Behavior\BuildLiteBehavior [ RunTime:0.000019s ]
INFO: [ app_init ] --END-- [ RunTime:0.000369s ]
ERR: 无法加载模块:Public

[ 2016-11-03T13:29:20+08:00 ] 117.36.116.73 /cnconsum/Public/Uploads/addImage/face_02.jpg
INFO: [ app_init ] --START--
INFO: Run Behavior\BuildLiteBehavior [ RunTime:0.000017s ]
INFO: [ app_init ] --END-- [ RunTime:0.000334s ]
ERR: 无法加载模块:Public

[ 2016-11-03T13:29:20+08:00 ] 117.36.116.73 /cnconsum/Public/Uploads/addImage/%E9%A2%86%E7%A7%80%E7%9A%AE%E5%85%B7.png
INFO: [ app_init ] --START--
INFO: Run Behavior\BuildLiteBehavior [ RunTime:0.000014s ]
INFO: [ app_init ] --END-- [ RunTime:0.000343s ]
ERR: 无法加载模块:Public

[ 2016-11-03T13:29:20+08:00 ] 117.36.116.73 /cnconsum/Public/Uploads/addImage/%E5%B0%9A%E8%89%BA%E8%BD%A9_0002.png
INFO: [ app_init ] --START--
INFO: Run Behavior\BuildLiteBehavior [ RunTime:0.000013s ]
INFO: [ app_init ] --END-- [ RunTime:0.000287s ]
ERR: 无法加载模块:Public

[ 2016-11-03T13:29:20+08:00 ] 117.36.116.73 /cnconsum/Public/Uploads/addImage/%E7%8E%8B%E5%A4%A7%E7%88%B7%E7%83%A7%E7%83%A4.png
INFO: [ app_init ] --START--
INFO: Run Behavior\BuildLiteBehavior [ RunTime:0.000018s ]
INFO: [ app_init ] --END-- [ RunTime:0.000279s ]
ERR: 无法加载模块:Public

[ 2016-11-03T13:29:20+08:00 ] 117.36.116.73 /cnconsum/Public/Uploads/addImage/%E4%B9%9D%E9%83%A1%E5%BC%98%E5%95%86%E8%B4%B8%E7%92%9F%E6%B3%B0%E7%83%9F%E9%85%92%E8%8C%B6%E5%95%86%E8%A1%8C.png
INFO: [ app_init ] --START--
INFO: Run Behavior\BuildLiteBehavior [ RunTime:0.000017s ]
INFO: [ app_init ] --END-- [ RunTime:0.000667s ]
ERR: 无法加载模块:Public

[ 2016-11-03T13:33:15+08:00 ] 117.36.116.73 /cnconsum/Public/Uploads/addImage/face_02.jpg
INFO: [ app_init ] --START--
INFO: Run Behavior\BuildLiteBehavior [ RunTime:0.000025s ]
INFO: [ app_init ] --END-- [ RunTime:0.000428s ]
ERR: 无法加载模块:Public

[ 2016-11-03T13:33:15+08:00 ] 117.36.116.73 /cnconsum/Public/Uploads/addImage/%E9%A2%86%E7%A7%80%E7%9A%AE%E5%85%B7.png
INFO: [ app_init ] --START--
INFO: Run Behavior\BuildLiteBehavior [ RunTime:0.000049s ]
INFO: [ app_init ] --END-- [ RunTime:0.000476s ]
ERR: 无法加载模块:Public

[ 2016-11-03T13:33:15+08:00 ] 117.36.116.73 /cnconsum/Public/Uploads/addImage/%E5%B0%9A%E8%89%BA%E8%BD%A9_0002.png
INFO: [ app_init ] --START--
INFO: Run Behavior\BuildLiteBehavior [ RunTime:0.000016s ]
INFO: [ app_init ] --END-- [ RunTime:0.000290s ]
ERR: 无法加载模块:Public

[ 2016-11-03T13:33:16+08:00 ] 117.36.116.73 /cnconsum/Public/Uploads/addImage/%E7%8E%8B%E5%A4%A7%E7%88%B7%E7%83%A7%E7%83%A4.png
INFO: [ app_init ] --START--
INFO: Run Behavior\BuildLiteBehavior [ RunTime:0.000014s ]
INFO: [ app_init ] --END-- [ RunTime:0.000273s ]
ERR: 无法加载模块:Public

[ 2016-11-03T13:33:16+08:00 ] 117.36.116.73 /cnconsum/Public/Uploads/addImage/%E4%B9%9D%E9%83%A1%E5%BC%98%E5%95%86%E8%B4%B8%E7%92%9F%E6%B3%B0%E7%83%9F%E9%85%92%E8%8C%B6%E5%95%86%E8%A1%8C.png
INFO: [ app_init ] --START--
INFO: Run Behavior\BuildLiteBehavior [ RunTime:0.000019s ]
INFO: [ app_init ] --END-- [ RunTime:0.000308s ]
ERR: 无法加载模块:Public

[ 2016-11-03T13:34:03+08:00 ] 117.36.116.73 /cnconsum/Public/Uploads/addImage/%E9%A2%86%E7%A7%80%E7%9A%AE%E5%85%B7.png
INFO: [ app_init ] --START--
INFO: Run Behavior\BuildLiteBehavior [ RunTime:0.000017s ]
INFO: [ app_init ] --END-- [ RunTime:0.000310s ]
ERR: 无法加载模块:Public

[ 2016-11-03T13:34:03+08:00 ] 117.36.116.73 /cnconsum/Public/Uploads/addImage/face_02.jpg
INFO: [ app_init ] --START--
INFO: Run Behavior\BuildLiteBehavior [ RunTime:0.000018s ]
INFO: [ app_init ] --END-- [ RunTime:0.000293s ]
ERR: 无法加载模块:Public

[ 2016-11-03T13:34:03+08:00 ] 117.36.116.73 /cnconsum/Public/Uploads/addImage/%E5%B0%9A%E8%89%BA%E8%BD%A9_0002.png
INFO: [ app_init ] --START--
INFO: Run Behavior\BuildLiteBehavior [ RunTime:0.000020s ]
INFO: [ app_init ] --END-- [ RunTime:0.000365s ]
ERR: 无法加载模块:Public

[ 2016-11-03T13:34:03+08:00 ] 117.36.116.73 /cnconsum/Public/Uploads/addImage/%E7%8E%8B%E5%A4%A7%E7%88%B7%E7%83%A7%E7%83%A4.png
INFO: [ app_init ] --START--
INFO: Run Behavior\BuildLiteBehavior [ RunTime:0.000021s ]
INFO: [ app_init ] --END-- [ RunTime:0.000414s ]
ERR: 无法加载模块:Public

[ 2016-11-03T13:34:03+08:00 ] 117.36.116.73 /cnconsum/Public/Uploads/addImage/%E4%B9%9D%E9%83%A1%E5%BC%98%E5%95%86%E8%B4%B8%E7%92%9F%E6%B3%B0%E7%83%9F%E9%85%92%E8%8C%B6%E5%95%86%E8%A1%8C.png
INFO: [ app_init ] --START--
INFO: Run Behavior\BuildLiteBehavior [ RunTime:0.000013s ]
INFO: [ app_init ] --END-- [ RunTime:0.000291s ]
ERR: 无法加载模块:Public

[ 2016-11-03T13:35:37+08:00 ] 117.36.116.73 /cnconsum/Public/Uploads/addImage/face_02.jpg
INFO: [ app_init ] --START--
INFO: Run Behavior\BuildLiteBehavior [ RunTime:0.000015s ]
INFO: [ app_init ] --END-- [ RunTime:0.000355s ]
ERR: 无法加载模块:Public

[ 2016-11-03T13:35:37+08:00 ] 117.36.116.73 /cnconsum/Public/Uploads/addImage/%E9%A2%86%E7%A7%80%E7%9A%AE%E5%85%B7.png
INFO: [ app_init ] --START--
INFO: Run Behavior\BuildLiteBehavior [ RunTime:0.000021s ]
INFO: [ app_init ] --END-- [ RunTime:0.000380s ]
ERR: 无法加载模块:Public

[ 2016-11-03T13:35:37+08:00 ] 117.36.116.73 /cnconsum/Public/Uploads/addImage/%E5%B0%9A%E8%89%BA%E8%BD%A9_0002.png
INFO: [ app_init ] --START--
INFO: Run Behavior\BuildLiteBehavior [ RunTime:0.000014s ]
INFO: [ app_init ] --END-- [ RunTime:0.000348s ]
ERR: 无法加载模块:Public

[ 2016-11-03T13:35:37+08:00 ] 117.36.116.73 /cnconsum/Public/Uploads/addImage/%E7%8E%8B%E5%A4%A7%E7%88%B7%E7%83%A7%E7%83%A4.png
INFO: [ app_init ] --START--
INFO: Run Behavior\BuildLiteBehavior [ RunTime:0.000022s ]
INFO: [ app_init ] --END-- [ RunTime:0.000465s ]
ERR: 无法加载模块:Public

[ 2016-11-03T13:35:37+08:00 ] 117.36.116.73 /cnconsum/Public/Uploads/addImage/%E4%B9%9D%E9%83%A1%E5%BC%98%E5%95%86%E8%B4%B8%E7%92%9F%E6%B3%B0%E7%83%9F%E9%85%92%E8%8C%B6%E5%95%86%E8%A1%8C.png
INFO: [ app_init ] --START--
INFO: Run Behavior\BuildLiteBehavior [ RunTime:0.000020s ]
INFO: [ app_init ] --END-- [ RunTime:0.000455s ]
ERR: 无法加载模块:Public

[ 2016-11-03T13:35:56+08:00 ] 117.36.116.73 /cnconsum/Public/Uploads/addImage/%E5%B0%9A%E8%89%BA%E8%BD%A9_0002.png
INFO: [ app_init ] --START--
INFO: Run Behavior\BuildLiteBehavior [ RunTime:0.000016s ]
INFO: [ app_init ] --END-- [ RunTime:0.000326s ]
ERR: 无法加载模块:Public

[ 2016-11-03T13:35:56+08:00 ] 117.36.116.73 /cnconsum/Public/Uploads/addImage/%E9%A2%86%E7%A7%80%E7%9A%AE%E5%85%B7.png
INFO: [ app_init ] --START--
INFO: Run Behavior\BuildLiteBehavior [ RunTime:0.000019s ]
INFO: [ app_init ] --END-- [ RunTime:0.000537s ]
ERR: 无法加载模块:Public

[ 2016-11-03T13:35:56+08:00 ] 117.36.116.73 /cnconsum/Public/Uploads/addImage/%E4%B9%9D%E9%83%A1%E5%BC%98%E5%95%86%E8%B4%B8%E7%92%9F%E6%B3%B0%E7%83%9F%E9%85%92%E8%8C%B6%E5%95%86%E8%A1%8C.png
INFO: [ app_init ] --START--
INFO: Run Behavior\BuildLiteBehavior [ RunTime:0.000015s ]
INFO: [ app_init ] --END-- [ RunTime:0.000261s ]
ERR: 无法加载模块:Public

[ 2016-11-03T13:35:56+08:00 ] 117.36.116.73 /cnconsum/Public/Uploads/addImage/%E7%8E%8B%E5%A4%A7%E7%88%B7%E7%83%A7%E7%83%A4.png
INFO: [ app_init ] --START--
INFO: Run Behavior\BuildLiteBehavior [ RunTime:0.000016s ]
INFO: [ app_init ] --END-- [ RunTime:0.000313s ]
ERR: 无法加载模块:Public

[ 2016-11-03T13:53:40+08:00 ] 117.36.116.73 /cnconsum/Public/Uploads/addImage/%E5%B0%9A%E8%89%BA%E8%BD%A9_0002.png
INFO: [ app_init ] --START--
INFO: Run Behavior\BuildLiteBehavior [ RunTime:0.000023s ]
INFO: [ app_init ] --END-- [ RunTime:0.000375s ]
ERR: 无法加载模块:Public

[ 2016-11-03T13:53:40+08:00 ] 117.36.116.73 /cnconsum/Public/Uploads/addImage/%E7%8E%8B%E5%A4%A7%E7%88%B7%E7%83%A7%E7%83%A4.png
INFO: [ app_init ] --START--
INFO: Run Behavior\BuildLiteBehavior [ RunTime:0.000013s ]
INFO: [ app_init ] --END-- [ RunTime:0.000351s ]
ERR: 无法加载模块:Public

[ 2016-11-03T13:53:40+08:00 ] 117.36.116.73 /cnconsum/Public/Uploads/addImage/%E9%A2%86%E7%A7%80%E7%9A%AE%E5%85%B7.png
INFO: [ app_init ] --START--
INFO: Run Behavior\BuildLiteBehavior [ RunTime:0.000019s ]
INFO: [ app_init ] --END-- [ RunTime:0.000422s ]
ERR: 无法加载模块:Public

[ 2016-11-03T13:53:41+08:00 ] 117.36.116.73 /cnconsum/Public/Uploads/addImage/%E4%B9%9D%E9%83%A1%E5%BC%98%E5%95%86%E8%B4%B8%E7%92%9F%E6%B3%B0%E7%83%9F%E9%85%92%E8%8C%B6%E5%95%86%E8%A1%8C.png
INFO: [ app_init ] --START--
INFO: Run Behavior\BuildLiteBehavior [ RunTime:0.000017s ]
INFO: [ app_init ] --END-- [ RunTime:0.000286s ]
ERR: 无法加载模块:Public

[ 2016-11-03T13:59:20+08:00 ] 117.36.116.73 /cnconsum/Public/Uploads/addImage/%E5%B0%9A%E8%89%BA%E8%BD%A9_0002.png
INFO: [ app_init ] --START--
INFO: Run Behavior\BuildLiteBehavior [ RunTime:0.000017s ]
INFO: [ app_init ] --END-- [ RunTime:0.000382s ]
ERR: 无法加载模块:Public

[ 2016-11-03T13:59:20+08:00 ] 117.36.116.73 /cnconsum/Public/Uploads/addImage/%E9%A2%86%E7%A7%80%E7%9A%AE%E5%85%B7.png
INFO: [ app_init ] --START--
INFO: Run Behavior\BuildLiteBehavior [ RunTime:0.000021s ]
INFO: [ app_init ] --END-- [ RunTime:0.000314s ]
ERR: 无法加载模块:Public

[ 2016-11-03T13:59:20+08:00 ] 117.36.116.73 /cnconsum/Public/Uploads/addImage/%E7%8E%8B%E5%A4%A7%E7%88%B7%E7%83%A7%E7%83%A4.png
INFO: [ app_init ] --START--
INFO: Run Behavior\BuildLiteBehavior [ RunTime:0.000013s ]
INFO: [ app_init ] --END-- [ RunTime:0.000374s ]
ERR: 无法加载模块:Public

[ 2016-11-03T13:59:20+08:00 ] 117.36.116.73 /cnconsum/Public/Uploads/addImage/%E4%B9%9D%E9%83%A1%E5%BC%98%E5%95%86%E8%B4%B8%E7%92%9F%E6%B3%B0%E7%83%9F%E9%85%92%E8%8C%B6%E5%95%86%E8%A1%8C.png
INFO: [ app_init ] --START--
INFO: Run Behavior\BuildLiteBehavior [ RunTime:0.000020s ]
INFO: [ app_init ] --END-- [ RunTime:0.000395s ]
ERR: 无法加载模块:Public

[ 2016-11-03T14:02:10+08:00 ] 117.36.116.73 /cnconsum/Public/Uploads/addImage/%E5%B0%9A%E8%89%BA%E8%BD%A9_0002.png
INFO: [ app_init ] --START--
INFO: Run Behavior\BuildLiteBehavior [ RunTime:0.000018s ]
INFO: [ app_init ] --END-- [ RunTime:0.000400s ]
ERR: 无法加载模块:Public

[ 2016-11-03T14:02:10+08:00 ] 117.36.116.73 /cnconsum/Public/Uploads/addImage/%E7%8E%8B%E5%A4%A7%E7%88%B7%E7%83%A7%E7%83%A4.png
INFO: [ app_init ] --START--
INFO: Run Behavior\BuildLiteBehavior [ RunTime:0.000019s ]
INFO: [ app_init ] --END-- [ RunTime:0.000424s ]
ERR: 无法加载模块:Public

[ 2016-11-03T14:02:10+08:00 ] 117.36.116.73 /cnconsum/Public/Uploads/addImage/%E9%A2%86%E7%A7%80%E7%9A%AE%E5%85%B7.png
INFO: [ app_init ] --START--
INFO: Run Behavior\BuildLiteBehavior [ RunTime:0.000013s ]
INFO: [ app_init ] --END-- [ RunTime:0.000341s ]
ERR: 无法加载模块:Public

[ 2016-11-03T14:02:10+08:00 ] 117.36.116.73 /cnconsum/Public/Uploads/addImage/%E4%B9%9D%E9%83%A1%E5%BC%98%E5%95%86%E8%B4%B8%E7%92%9F%E6%B3%B0%E7%83%9F%E9%85%92%E8%8C%B6%E5%95%86%E8%A1%8C.png
INFO: [ app_init ] --START--
INFO: Run Behavior\BuildLiteBehavior [ RunTime:0.000023s ]
INFO: [ app_init ] --END-- [ RunTime:0.000454s ]
ERR: 无法加载模块:Public

[ 2016-11-03T14:03:20+08:00 ] 117.36.116.73 /cnconsum/Public/Uploads/addImage/%E5%B0%9A%E8%89%BA%E8%BD%A9_0002.png
INFO: [ app_init ] --START--
INFO: Run Behavior\BuildLiteBehavior [ RunTime:0.000018s ]
INFO: [ app_init ] --END-- [ RunTime:0.000441s ]
ERR: 无法加载模块:Public

[ 2016-11-03T14:03:20+08:00 ] 117.36.116.73 /cnconsum/Public/Uploads/addImage/%E9%A2%86%E7%A7%80%E7%9A%AE%E5%85%B7.png
INFO: [ app_init ] --START--
INFO: Run Behavior\BuildLiteBehavior [ RunTime:0.000014s ]
INFO: [ app_init ] --END-- [ RunTime:0.000302s ]
ERR: 无法加载模块:Public

[ 2016-11-03T14:03:20+08:00 ] 117.36.116.73 /cnconsum/Public/Uploads/addImage/%E7%8E%8B%E5%A4%A7%E7%88%B7%E7%83%A7%E7%83%A4.png
INFO: [ app_init ] --START--
INFO: Run Behavior\BuildLiteBehavior [ RunTime:0.000013s ]
INFO: [ app_init ] --END-- [ RunTime:0.000362s ]
ERR: 无法加载模块:Public

[ 2016-11-03T14:03:20+08:00 ] 117.36.116.73 /cnconsum/Public/Uploads/addImage/%E4%B9%9D%E9%83%A1%E5%BC%98%E5%95%86%E8%B4%B8%E7%92%9F%E6%B3%B0%E7%83%9F%E9%85%92%E8%8C%B6%E5%95%86%E8%A1%8C.png
INFO: [ app_init ] --START--
INFO: Run Behavior\BuildLiteBehavior [ RunTime:0.000021s ]
INFO: [ app_init ] --END-- [ RunTime:0.000459s ]
ERR: 无法加载模块:Public

[ 2016-11-03T14:05:40+08:00 ] 117.36.116.73 /cnconsum/Public/Uploads/addImage/%E5%B0%9A%E8%89%BA%E8%BD%A9_0002.png
INFO: [ app_init ] --START--
INFO: Run Behavior\BuildLiteBehavior [ RunTime:0.000015s ]
INFO: [ app_init ] --END-- [ RunTime:0.000268s ]
ERR: 无法加载模块:Public

[ 2016-11-03T14:05:40+08:00 ] 117.36.116.73 /cnconsum/Public/Uploads/addImage/%E9%A2%86%E7%A7%80%E7%9A%AE%E5%85%B7.png
INFO: [ app_init ] --START--
INFO: Run Behavior\BuildLiteBehavior [ RunTime:0.000017s ]
INFO: [ app_init ] --END-- [ RunTime:0.000388s ]
ERR: 无法加载模块:Public

[ 2016-11-03T14:05:40+08:00 ] 117.36.116.73 /cnconsum/Public/Uploads/addImage/%E4%B9%9D%E9%83%A1%E5%BC%98%E5%95%86%E8%B4%B8%E7%92%9F%E6%B3%B0%E7%83%9F%E9%85%92%E8%8C%B6%E5%95%86%E8%A1%8C.png
INFO: [ app_init ] --START--
INFO: Run Behavior\BuildLiteBehavior [ RunTime:0.000022s ]
INFO: [ app_init ] --END-- [ RunTime:0.000459s ]
ERR: 无法加载模块:Public

[ 2016-11-03T14:05:41+08:00 ] 117.36.116.73 /cnconsum/Public/Uploads/addImage/%E7%8E%8B%E5%A4%A7%E7%88%B7%E7%83%A7%E7%83%A4.png
INFO: [ app_init ] --START--
INFO: Run Behavior\BuildLiteBehavior [ RunTime:0.000015s ]
INFO: [ app_init ] --END-- [ RunTime:0.000321s ]
ERR: 无法加载模块:Public

[ 2016-11-03T14:14:24+08:00 ] 117.36.116.73 /cnconsum/Public/Uploads/addImage/%E5%B0%9A%E8%89%BA%E8%BD%A9_0002.png
INFO: [ app_init ] --START--
INFO: Run Behavior\BuildLiteBehavior [ RunTime:0.000025s ]
INFO: [ app_init ] --END-- [ RunTime:0.000468s ]
ERR: 无法加载模块:Public

[ 2016-11-03T14:14:24+08:00 ] 117.36.116.73 /cnconsum/Public/Uploads/addImage/%E7%8E%8B%E5%A4%A7%E7%88%B7%E7%83%A7%E7%83%A4.png
INFO: [ app_init ] --START--
INFO: Run Behavior\BuildLiteBehavior [ RunTime:0.000021s ]
INFO: [ app_init ] --END-- [ RunTime:0.000396s ]
ERR: 无法加载模块:Public

[ 2016-11-03T14:14:24+08:00 ] 117.36.116.73 /cnconsum/Public/Uploads/addImage/%E9%A2%86%E7%A7%80%E7%9A%AE%E5%85%B7.png
INFO: [ app_init ] --START--
INFO: Run Behavior\BuildLiteBehavior [ RunTime:0.000016s ]
INFO: [ app_init ] --END-- [ RunTime:0.000406s ]
ERR: 无法加载模块:Public

[ 2016-11-03T14:14:24+08:00 ] 117.36.116.73 /cnconsum/Public/Uploads/addImage/%E4%B9%9D%E9%83%A1%E5%BC%98%E5%95%86%E8%B4%B8%E7%92%9F%E6%B3%B0%E7%83%9F%E9%85%92%E8%8C%B6%E5%95%86%E8%A1%8C.png
INFO: [ app_init ] --START--
INFO: Run Behavior\BuildLiteBehavior [ RunTime:0.000026s ]
INFO: [ app_init ] --END-- [ RunTime:0.000442s ]
ERR: 无法加载模块:Public

[ 2016-11-03T14:15:40+08:00 ] 117.36.116.73 /cnconsum/Public/Uploads/addImage/face_02.jpg
INFO: [ app_init ] --START--
INFO: Run Behavior\BuildLiteBehavior [ RunTime:0.000016s ]
INFO: [ app_init ] --END-- [ RunTime:0.000326s ]
ERR: 无法加载模块:Public

[ 2016-11-03T14:15:40+08:00 ] 117.36.116.73 /cnconsum/Public/Uploads/addImage/%E9%A2%86%E7%A7%80%E7%9A%AE%E5%85%B7.png
INFO: [ app_init ] --START--
INFO: Run Behavior\BuildLiteBehavior [ RunTime:0.000015s ]
INFO: [ app_init ] --END-- [ RunTime:0.000372s ]
ERR: 无法加载模块:Public

[ 2016-11-03T14:15:40+08:00 ] 117.36.116.73 /cnconsum/Public/Uploads/addImage/%E5%B0%9A%E8%89%BA%E8%BD%A9_0002.png
INFO: [ app_init ] --START--
INFO: Run Behavior\BuildLiteBehavior [ RunTime:0.000021s ]
INFO: [ app_init ] --END-- [ RunTime:0.000445s ]
ERR: 无法加载模块:Public

[ 2016-11-03T14:15:41+08:00 ] 117.36.116.73 /cnconsum/Public/Uploads/addImage/%E7%8E%8B%E5%A4%A7%E7%88%B7%E7%83%A7%E7%83%A4.png
INFO: [ app_init ] --START--
INFO: Run Behavior\BuildLiteBehavior [ RunTime:0.000015s ]
INFO: [ app_init ] --END-- [ RunTime:0.000341s ]
ERR: 无法加载模块:Public

[ 2016-11-03T14:15:41+08:00 ] 117.36.116.73 /cnconsum/Public/Uploads/addImage/%E4%B9%9D%E9%83%A1%E5%BC%98%E5%95%86%E8%B4%B8%E7%92%9F%E6%B3%B0%E7%83%9F%E9%85%92%E8%8C%B6%E5%95%86%E8%A1%8C.png
INFO: [ app_init ] --START--
INFO: Run Behavior\BuildLiteBehavior [ RunTime:0.000014s ]
INFO: [ app_init ] --END-- [ RunTime:0.000392s ]
ERR: 无法加载模块:Public

[ 2016-11-03T14:18:31+08:00 ] 117.36.116.73 /cnconsum/Public/Uploads/addImage/%E9%A2%86%E7%A7%80%E7%9A%AE%E5%85%B7.png
INFO: [ app_init ] --START--
INFO: Run Behavior\BuildLiteBehavior [ RunTime:0.000020s ]
INFO: [ app_init ] --END-- [ RunTime:0.000434s ]
ERR: 无法加载模块:Public

[ 2016-11-03T14:18:31+08:00 ] 117.36.116.73 /cnconsum/Public/Uploads/addImage/%E5%B0%9A%E8%89%BA%E8%BD%A9_0002.png
INFO: [ app_init ] --START--
INFO: Run Behavior\BuildLiteBehavior [ RunTime:0.000013s ]
INFO: [ app_init ] --END-- [ RunTime:0.000304s ]
ERR: 无法加载模块:Public

[ 2016-11-03T14:18:31+08:00 ] 117.36.116.73 /cnconsum/Public/Uploads/addImage/%E7%8E%8B%E5%A4%A7%E7%88%B7%E7%83%A7%E7%83%A4.png
INFO: [ app_init ] --START--
INFO: Run Behavior\BuildLiteBehavior [ RunTime:0.000022s ]
INFO: [ app_init ] --END-- [ RunTime:0.000765s ]
ERR: 无法加载模块:Public

[ 2016-11-03T14:18:31+08:00 ] 117.36.116.73 /cnconsum/Public/Uploads/addImage/%E4%B9%9D%E9%83%A1%E5%BC%98%E5%95%86%E8%B4%B8%E7%92%9F%E6%B3%B0%E7%83%9F%E9%85%92%E8%8C%B6%E5%95%86%E8%A1%8C.png
INFO: [ app_init ] --START--
INFO: Run Behavior\BuildLiteBehavior [ RunTime:0.000012s ]
INFO: [ app_init ] --END-- [ RunTime:0.000244s ]
ERR: 无法加载模块:Public

[ 2016-11-03T14:19:10+08:00 ] 117.36.116.73 /cnconsum/Public/Uploads/addImage/face_02.jpg
INFO: [ app_init ] --START--
INFO: Run Behavior\BuildLiteBehavior [ RunTime:0.000019s ]
INFO: [ app_init ] --END-- [ RunTime:0.000400s ]
ERR: 无法加载模块:Public

[ 2016-11-03T14:19:10+08:00 ] 117.36.116.73 /cnconsum/Public/Uploads/addImage/%E9%A2%86%E7%A7%80%E7%9A%AE%E5%85%B7.png
INFO: [ app_init ] --START--
INFO: Run Behavior\BuildLiteBehavior [ RunTime:0.000021s ]
INFO: [ app_init ] --END-- [ RunTime:0.001051s ]
ERR: 无法加载模块:Public

[ 2016-11-03T14:19:10+08:00 ] 117.36.116.73 /cnconsum/Public/Uploads/addImage/%E7%8E%8B%E5%A4%A7%E7%88%B7%E7%83%A7%E7%83%A4.png
INFO: [ app_init ] --START--
INFO: Run Behavior\BuildLiteBehavior [ RunTime:0.000017s ]
INFO: [ app_init ] --END-- [ RunTime:0.000359s ]
ERR: 无法加载模块:Public

[ 2016-11-03T14:19:10+08:00 ] 117.36.116.73 /cnconsum/Public/Uploads/addImage/%E5%B0%9A%E8%89%BA%E8%BD%A9_0002.png
INFO: [ app_init ] --START--
INFO: Run Behavior\BuildLiteBehavior [ RunTime:0.000014s ]
INFO: [ app_init ] --END-- [ RunTime:0.000342s ]
ERR: 无法加载模块:Public

[ 2016-11-03T14:19:10+08:00 ] 117.36.116.73 /cnconsum/Public/Uploads/addImage/%E4%B9%9D%E9%83%A1%E5%BC%98%E5%95%86%E8%B4%B8%E7%92%9F%E6%B3%B0%E7%83%9F%E9%85%92%E8%8C%B6%E5%95%86%E8%A1%8C.png
INFO: [ app_init ] --START--
INFO: Run Behavior\BuildLiteBehavior [ RunTime:0.000014s ]
INFO: [ app_init ] --END-- [ RunTime:0.000258s ]
ERR: 无法加载模块:Public

[ 2016-11-03T14:19:54+08:00 ] 117.36.116.73 /cnconsum/Public/Uploads/addImage/%E9%A2%86%E7%A7%80%E7%9A%AE%E5%85%B7.png
INFO: [ app_init ] --START--
INFO: Run Behavior\BuildLiteBehavior [ RunTime:0.000038s ]
INFO: [ app_init ] --END-- [ RunTime:0.000311s ]
ERR: 无法加载模块:Public

[ 2016-11-03T14:19:54+08:00 ] 117.36.116.73 /cnconsum/Public/Uploads/addImage/%E7%8E%8B%E5%A4%A7%E7%88%B7%E7%83%A7%E7%83%A4.png
INFO: [ app_init ] --START--
INFO: Run Behavior\BuildLiteBehavior [ RunTime:0.000022s ]
INFO: [ app_init ] --END-- [ RunTime:0.000435s ]
ERR: 无法加载模块:Public

[ 2016-11-03T14:19:55+08:00 ] 117.36.116.73 /cnconsum/Public/Uploads/addImage/%E4%B9%9D%E9%83%A1%E5%BC%98%E5%95%86%E8%B4%B8%E7%92%9F%E6%B3%B0%E7%83%9F%E9%85%92%E8%8C%B6%E5%95%86%E8%A1%8C.png
INFO: [ app_init ] --START--
INFO: Run Behavior\BuildLiteBehavior [ RunTime:0.000016s ]
INFO: [ app_init ] --END-- [ RunTime:0.000322s ]
ERR: 无法加载模块:Public

[ 2016-11-03T14:19:55+08:00 ] 117.36.116.73 /cnconsum/Public/Uploads/addImage/%E5%B0%9A%E8%89%BA%E8%BD%A9_0002.png
INFO: [ app_init ] --START--
INFO: Run Behavior\BuildLiteBehavior [ RunTime:0.000024s ]
INFO: [ app_init ] --END-- [ RunTime:0.000498s ]
ERR: 无法加载模块:Public

[ 2016-11-03T14:23:34+08:00 ] 117.36.116.73 /cnconsum/Public/Uploads/addImage/%E5%B0%9A%E8%89%BA%E8%BD%A9_0002.png
INFO: [ app_init ] --START--
INFO: Run Behavior\BuildLiteBehavior [ RunTime:0.000021s ]
INFO: [ app_init ] --END-- [ RunTime:0.000662s ]
ERR: 无法加载模块:Public

[ 2016-11-03T14:23:34+08:00 ] 117.36.116.73 /cnconsum/Public/Uploads/addImage/%E9%A2%86%E7%A7%80%E7%9A%AE%E5%85%B7.png
INFO: [ app_init ] --START--
INFO: Run Behavior\BuildLiteBehavior [ RunTime:0.000026s ]
INFO: [ app_init ] --END-- [ RunTime:0.000436s ]
ERR: 无法加载模块:Public

[ 2016-11-03T14:23:34+08:00 ] 117.36.116.73 /cnconsum/Public/Uploads/addImage/%E4%B9%9D%E9%83%A1%E5%BC%98%E5%95%86%E8%B4%B8%E7%92%9F%E6%B3%B0%E7%83%9F%E9%85%92%E8%8C%B6%E5%95%86%E8%A1%8C.png
INFO: [ app_init ] --START--
INFO: Run Behavior\BuildLiteBehavior [ RunTime:0.000017s ]
INFO: [ app_init ] --END-- [ RunTime:0.000356s ]
ERR: 无法加载模块:Public

[ 2016-11-03T14:23:34+08:00 ] 117.36.116.73 /cnconsum/Public/Uploads/addImage/%E7%8E%8B%E5%A4%A7%E7%88%B7%E7%83%A7%E7%83%A4.png
INFO: [ app_init ] --START--
INFO: Run Behavior\BuildLiteBehavior [ RunTime:0.000020s ]
INFO: [ app_init ] --END-- [ RunTime:0.000657s ]
ERR: 无法加载模块:Public

[ 2016-11-03T14:24:30+08:00 ] 117.36.116.73 /cnconsum/Public/Uploads/addImage/face_02.jpg
INFO: [ app_init ] --START--
INFO: Run Behavior\BuildLiteBehavior [ RunTime:0.000015s ]
INFO: [ app_init ] --END-- [ RunTime:0.000332s ]
ERR: 无法加载模块:Public

[ 2016-11-03T14:26:13+08:00 ] 117.36.116.73 /cnconsum/Public/Uploads/addImage/%E9%A2%86%E7%A7%80%E7%9A%AE%E5%85%B7.png
INFO: [ app_init ] --START--
INFO: Run Behavior\BuildLiteBehavior [ RunTime:0.000019s ]
INFO: [ app_init ] --END-- [ RunTime:0.000489s ]
ERR: 无法加载模块:Public

[ 2016-11-03T14:26:13+08:00 ] 117.36.116.73 /cnconsum/Public/Uploads/addImage/%E5%B0%9A%E8%89%BA%E8%BD%A9_0002.png
INFO: [ app_init ] --START--
INFO: Run Behavior\BuildLiteBehavior [ RunTime:0.000021s ]
INFO: [ app_init ] --END-- [ RunTime:0.000382s ]
ERR: 无法加载模块:Public

[ 2016-11-03T14:26:13+08:00 ] 117.36.116.73 /cnconsum/Public/Uploads/addImage/%E7%8E%8B%E5%A4%A7%E7%88%B7%E7%83%A7%E7%83%A4.png
INFO: [ app_init ] --START--
INFO: Run Behavior\BuildLiteBehavior [ RunTime:0.000014s ]
INFO: [ app_init ] --END-- [ RunTime:0.000266s ]
ERR: 无法加载模块:Public

[ 2016-11-03T14:26:13+08:00 ] 117.36.116.73 /cnconsum/Public/Uploads/addImage/%E4%B9%9D%E9%83%A1%E5%BC%98%E5%95%86%E8%B4%B8%E7%92%9F%E6%B3%B0%E7%83%9F%E9%85%92%E8%8C%B6%E5%95%86%E8%A1%8C.png
INFO: [ app_init ] --START--
INFO: Run Behavior\BuildLiteBehavior [ RunTime:0.000016s ]
INFO: [ app_init ] --END-- [ RunTime:0.000297s ]
ERR: 无法加载模块:Public

[ 2016-11-03T14:27:17+08:00 ] 117.36.116.73 /cnconsum/Public/Uploads/addImage/%E9%A2%86%E7%A7%80%E7%9A%AE%E5%85%B7.png
INFO: [ app_init ] --START--
INFO: Run Behavior\BuildLiteBehavior [ RunTime:0.000016s ]
INFO: [ app_init ] --END-- [ RunTime:0.000272s ]
ERR: 无法加载模块:Public

[ 2016-11-03T14:27:17+08:00 ] 117.36.116.73 /cnconsum/Public/Uploads/addImage/%E7%8E%8B%E5%A4%A7%E7%88%B7%E7%83%A7%E7%83%A4.png
INFO: [ app_init ] --START--
INFO: Run Behavior\BuildLiteBehavior [ RunTime:0.000020s ]
INFO: [ app_init ] --END-- [ RunTime:0.000363s ]
ERR: 无法加载模块:Public

[ 2016-11-03T14:27:17+08:00 ] 117.36.116.73 /cnconsum/Public/Uploads/addImage/%E5%B0%9A%E8%89%BA%E8%BD%A9_0002.png
INFO: [ app_init ] --START--
INFO: Run Behavior\BuildLiteBehavior [ RunTime:0.000014s ]
INFO: [ app_init ] --END-- [ RunTime:0.000297s ]
ERR: 无法加载模块:Public

[ 2016-11-03T14:27:17+08:00 ] 117.36.116.73 /cnconsum/Public/Uploads/addImage/%E4%B9%9D%E9%83%A1%E5%BC%98%E5%95%86%E8%B4%B8%E7%92%9F%E6%B3%B0%E7%83%9F%E9%85%92%E8%8C%B6%E5%95%86%E8%A1%8C.png
INFO: [ app_init ] --START--
INFO: Run Behavior\BuildLiteBehavior [ RunTime:0.000016s ]
INFO: [ app_init ] --END-- [ RunTime:0.000381s ]
ERR: 无法加载模块:Public

[ 2016-11-03T14:31:18+08:00 ] 117.36.116.73 /cnconsum/Public/Uploads/addImage/%E9%A2%86%E7%A7%80%E7%9A%AE%E5%85%B7.png
INFO: [ app_init ] --START--
INFO: Run Behavior\BuildLiteBehavior [ RunTime:0.000016s ]
INFO: [ app_init ] --END-- [ RunTime:0.000342s ]
ERR: 无法加载模块:Public

[ 2016-11-03T14:31:18+08:00 ] 117.36.116.73 /cnconsum/Public/Uploads/addImage/%E7%8E%8B%E5%A4%A7%E7%88%B7%E7%83%A7%E7%83%A4.png
INFO: [ app_init ] --START--
INFO: Run Behavior\BuildLiteBehavior [ RunTime:0.000019s ]
INFO: [ app_init ] --END-- [ RunTime:0.000410s ]
ERR: 无法加载模块:Public

[ 2016-11-03T14:31:18+08:00 ] 117.36.116.73 /cnconsum/Public/Uploads/addImage/%E5%B0%9A%E8%89%BA%E8%BD%A9_0002.png
INFO: [ app_init ] --START--
INFO: Run Behavior\BuildLiteBehavior [ RunTime:0.000019s ]
INFO: [ app_init ] --END-- [ RunTime:0.000410s ]
ERR: 无法加载模块:Public

[ 2016-11-03T14:31:18+08:00 ] 117.36.116.73 /cnconsum/Public/Uploads/addImage/%E4%B9%9D%E9%83%A1%E5%BC%98%E5%95%86%E8%B4%B8%E7%92%9F%E6%B3%B0%E7%83%9F%E9%85%92%E8%8C%B6%E5%95%86%E8%A1%8C.png
INFO: [ app_init ] --START--
INFO: Run Behavior\BuildLiteBehavior [ RunTime:0.000036s ]
INFO: [ app_init ] --END-- [ RunTime:0.000389s ]
ERR: 无法加载模块:Public

[ 2016-11-03T14:37:38+08:00 ] 117.36.116.73 /cnconsum/Public/Uploads/addImage/%E9%A2%86%E7%A7%80%E7%9A%AE%E5%85%B7.png
INFO: [ app_init ] --START--
INFO: Run Behavior\BuildLiteBehavior [ RunTime:0.000015s ]
INFO: [ app_init ] --END-- [ RunTime:0.000322s ]
ERR: 无法加载模块:Public

[ 2016-11-03T14:37:38+08:00 ] 117.36.116.73 /cnconsum/Public/Uploads/addImage/%E7%8E%8B%E5%A4%A7%E7%88%B7%E7%83%A7%E7%83%A4.png
INFO: [ app_init ] --START--
INFO: Run Behavior\BuildLiteBehavior [ RunTime:0.000021s ]
INFO: [ app_init ] --END-- [ RunTime:0.000417s ]
ERR: 无法加载模块:Public

[ 2016-11-03T14:37:38+08:00 ] 117.36.116.73 /cnconsum/Public/Uploads/addImage/%E4%B9%9D%E9%83%A1%E5%BC%98%E5%95%86%E8%B4%B8%E7%92%9F%E6%B3%B0%E7%83%9F%E9%85%92%E8%8C%B6%E5%95%86%E8%A1%8C.png
INFO: [ app_init ] --START--
INFO: Run Behavior\BuildLiteBehavior [ RunTime:0.000049s ]
INFO: [ app_init ] --END-- [ RunTime:0.000409s ]
ERR: 无法加载模块:Public

[ 2016-11-03T14:37:39+08:00 ] 117.36.116.73 /cnconsum/Public/Uploads/addImage/%E5%B0%9A%E8%89%BA%E8%BD%A9_0002.png
INFO: [ app_init ] --START--
INFO: Run Behavior\BuildLiteBehavior [ RunTime:0.000019s ]
INFO: [ app_init ] --END-- [ RunTime:0.000427s ]
ERR: 无法加载模块:Public

[ 2016-11-03T14:41:26+08:00 ] 117.36.116.73 /cnconsum/Public/Uploads/addImage/face_02.jpg
INFO: [ app_init ] --START--
INFO: Run Behavior\BuildLiteBehavior [ RunTime:0.000014s ]
INFO: [ app_init ] --END-- [ RunTime:0.000259s ]
ERR: 无法加载模块:Public

[ 2016-11-03T14:41:26+08:00 ] 117.36.116.73 /cnconsum/Public/Uploads/addImage/%E9%A2%86%E7%A7%80%E7%9A%AE%E5%85%B7.png
INFO: [ app_init ] --START--
INFO: Run Behavior\BuildLiteBehavior [ RunTime:0.000013s ]
INFO: [ app_init ] --END-- [ RunTime:0.000295s ]
ERR: 无法加载模块:Public

[ 2016-11-03T14:41:26+08:00 ] 117.36.116.73 /cnconsum/Public/Uploads/addImage/%E5%B0%9A%E8%89%BA%E8%BD%A9_0002.png
INFO: [ app_init ] --START--
INFO: Run Behavior\BuildLiteBehavior [ RunTime:0.000013s ]
INFO: [ app_init ] --END-- [ RunTime:0.000309s ]
ERR: 无法加载模块:Public

[ 2016-11-03T14:41:26+08:00 ] 117.36.116.73 /cnconsum/Public/Uploads/addImage/%E4%B9%9D%E9%83%A1%E5%BC%98%E5%95%86%E8%B4%B8%E7%92%9F%E6%B3%B0%E7%83%9F%E9%85%92%E8%8C%B6%E5%95%86%E8%A1%8C.png
INFO: [ app_init ] --START--
INFO: Run Behavior\BuildLiteBehavior [ RunTime:0.000021s ]
INFO: [ app_init ] --END-- [ RunTime:0.000320s ]
ERR: 无法加载模块:Public

[ 2016-11-03T14:41:26+08:00 ] 117.36.116.73 /cnconsum/Public/Uploads/addImage/%E7%8E%8B%E5%A4%A7%E7%88%B7%E7%83%A7%E7%83%A4.png
INFO: [ app_init ] --START--
INFO: Run Behavior\BuildLiteBehavior [ RunTime:0.000019s ]
INFO: [ app_init ] --END-- [ RunTime:0.000430s ]
ERR: 无法加载模块:Public

[ 2016-11-03T14:48:12+08:00 ] 117.36.116.73 /cnconsum/Public/Uploads/addImage/%E9%A2%86%E7%A7%80%E7%9A%AE%E5%85%B7.png
INFO: [ app_init ] --START--
INFO: Run Behavior\BuildLiteBehavior [ RunTime:0.000013s ]
INFO: [ app_init ] --END-- [ RunTime:0.000257s ]
ERR: 无法加载模块:Public

[ 2016-11-03T14:48:12+08:00 ] 117.36.116.73 /cnconsum/Public/Uploads/addImage/face_02.jpg
INFO: [ app_init ] --START--
INFO: Run Behavior\BuildLiteBehavior [ RunTime:0.000019s ]
INFO: [ app_init ] --END-- [ RunTime:0.000422s ]
ERR: 无法加载模块:Public

[ 2016-11-03T14:48:12+08:00 ] 117.36.116.73 /cnconsum/Public/Uploads/addImage/%E5%B0%9A%E8%89%BA%E8%BD%A9_0002.png
INFO: [ app_init ] --START--
INFO: Run Behavior\BuildLiteBehavior [ RunTime:0.000019s ]
INFO: [ app_init ] --END-- [ RunTime:0.000354s ]
ERR: 无法加载模块:Public

[ 2016-11-03T14:48:12+08:00 ] 117.36.116.73 /cnconsum/Public/Uploads/addImage/%E7%8E%8B%E5%A4%A7%E7%88%B7%E7%83%A7%E7%83%A4.png
INFO: [ app_init ] --START--
INFO: Run Behavior\BuildLiteBehavior [ RunTime:0.000018s ]
INFO: [ app_init ] --END-- [ RunTime:0.000418s ]
ERR: 无法加载模块:Public

[ 2016-11-03T14:48:12+08:00 ] 117.36.116.73 /cnconsum/Public/Uploads/addImage/%E4%B9%9D%E9%83%A1%E5%BC%98%E5%95%86%E8%B4%B8%E7%92%9F%E6%B3%B0%E7%83%9F%E9%85%92%E8%8C%B6%E5%95%86%E8%A1%8C.png
INFO: [ app_init ] --START--
INFO: Run Behavior\BuildLiteBehavior [ RunTime:0.000014s ]
INFO: [ app_init ] --END-- [ RunTime:0.000270s ]
ERR: 无法加载模块:Public

[ 2016-11-03T14:48:27+08:00 ] 117.36.116.73 /cnconsum/Public/Uploads/addImage/%E9%A2%86%E7%A7%80%E7%9A%AE%E5%85%B7.png
INFO: [ app_init ] --START--
INFO: Run Behavior\BuildLiteBehavior [ RunTime:0.000019s ]
INFO: [ app_init ] --END-- [ RunTime:0.000344s ]
ERR: 无法加载模块:Public

[ 2016-11-03T14:48:27+08:00 ] 117.36.116.73 /cnconsum/Public/Uploads/addImage/%E7%8E%8B%E5%A4%A7%E7%88%B7%E7%83%A7%E7%83%A4.png
INFO: [ app_init ] --START--
INFO: Run Behavior\BuildLiteBehavior [ RunTime:0.000013s ]
INFO: [ app_init ] --END-- [ RunTime:0.000298s ]
ERR: 无法加载模块:Public

[ 2016-11-03T14:48:27+08:00 ] 117.36.116.73 /cnconsum/Public/Uploads/addImage/%E5%B0%9A%E8%89%BA%E8%BD%A9_0002.png
INFO: [ app_init ] --START--
INFO: Run Behavior\BuildLiteBehavior [ RunTime:0.000012s ]
INFO: [ app_init ] --END-- [ RunTime:0.000240s ]
ERR: 无法加载模块:Public

[ 2016-11-03T14:48:27+08:00 ] 117.36.116.73 /cnconsum/Public/Uploads/addImage/%E4%B9%9D%E9%83%A1%E5%BC%98%E5%95%86%E8%B4%B8%E7%92%9F%E6%B3%B0%E7%83%9F%E9%85%92%E8%8C%B6%E5%95%86%E8%A1%8C.png
INFO: [ app_init ] --START--
INFO: Run Behavior\BuildLiteBehavior [ RunTime:0.000014s ]
INFO: [ app_init ] --END-- [ RunTime:0.000324s ]
ERR: 无法加载模块:Public

[ 2016-11-03T14:48:50+08:00 ] 117.36.116.73 /cnconsum/Public/Uploads/addImage/face_02.jpg
INFO: [ app_init ] --START--
INFO: Run Behavior\BuildLiteBehavior [ RunTime:0.000024s ]
INFO: [ app_init ] --END-- [ RunTime:0.000486s ]
ERR: 无法加载模块:Public

[ 2016-11-03T14:48:50+08:00 ] 117.36.116.73 /cnconsum/Public/Uploads/addImage/%E9%A2%86%E7%A7%80%E7%9A%AE%E5%85%B7.png
INFO: [ app_init ] --START--
INFO: Run Behavior\BuildLiteBehavior [ RunTime:0.000015s ]
INFO: [ app_init ] --END-- [ RunTime:0.000336s ]
ERR: 无法加载模块:Public

[ 2016-11-03T14:48:50+08:00 ] 117.36.116.73 /cnconsum/Public/Uploads/addImage/%E5%B0%9A%E8%89%BA%E8%BD%A9_0002.png
INFO: [ app_init ] --START--
INFO: Run Behavior\BuildLiteBehavior [ RunTime:0.000013s ]
INFO: [ app_init ] --END-- [ RunTime:0.000281s ]
ERR: 无法加载模块:Public

[ 2016-11-03T14:48:50+08:00 ] 117.36.116.73 /cnconsum/Public/Uploads/addImage/%E7%8E%8B%E5%A4%A7%E7%88%B7%E7%83%A7%E7%83%A4.png
INFO: [ app_init ] --START--
INFO: Run Behavior\BuildLiteBehavior [ RunTime:0.000015s ]
INFO: [ app_init ] --END-- [ RunTime:0.000270s ]
ERR: 无法加载模块:Public

[ 2016-11-03T14:48:50+08:00 ] 117.36.116.73 /cnconsum/Public/Uploads/addImage/%E4%B9%9D%E9%83%A1%E5%BC%98%E5%95%86%E8%B4%B8%E7%92%9F%E6%B3%B0%E7%83%9F%E9%85%92%E8%8C%B6%E5%95%86%E8%A1%8C.png
INFO: [ app_init ] --START--
INFO: Run Behavior\BuildLiteBehavior [ RunTime:0.000011s ]
INFO: [ app_init ] --END-- [ RunTime:0.000240s ]
ERR: 无法加载模块:Public

[ 2016-11-03T14:53:57+08:00 ] 117.36.116.73 /cnconsum/Public/Uploads/addImage/face_02.jpg
INFO: [ app_init ] --START--
INFO: Run Behavior\BuildLiteBehavior [ RunTime:0.000014s ]
INFO: [ app_init ] --END-- [ RunTime:0.000279s ]
ERR: 无法加载模块:Public

[ 2016-11-03T14:53:57+08:00 ] 117.36.116.73 /cnconsum/Public/Uploads/addImage/%E9%A2%86%E7%A7%80%E7%9A%AE%E5%85%B7.png
INFO: [ app_init ] --START--
INFO: Run Behavior\BuildLiteBehavior [ RunTime:0.000019s ]
INFO: [ app_init ] --END-- [ RunTime:0.000396s ]
ERR: 无法加载模块:Public

[ 2016-11-03T14:53:57+08:00 ] 117.36.116.73 /cnconsum/Public/Uploads/addImage/%E5%B0%9A%E8%89%BA%E8%BD%A9_0002.png
INFO: [ app_init ] --START--
INFO: Run Behavior\BuildLiteBehavior [ RunTime:0.000012s ]
INFO: [ app_init ] --END-- [ RunTime:0.000279s ]
ERR: 无法加载模块:Public

[ 2016-11-03T14:53:57+08:00 ] 117.36.116.73 /cnconsum/Public/Uploads/addImage/%E4%B9%9D%E9%83%A1%E5%BC%98%E5%95%86%E8%B4%B8%E7%92%9F%E6%B3%B0%E7%83%9F%E9%85%92%E8%8C%B6%E5%95%86%E8%A1%8C.png
INFO: [ app_init ] --START--
INFO: Run Behavior\BuildLiteBehavior [ RunTime:0.000020s ]
INFO: [ app_init ] --END-- [ RunTime:0.000426s ]
ERR: 无法加载模块:Public

[ 2016-11-03T14:53:57+08:00 ] 117.36.116.73 /cnconsum/Public/Uploads/addImage/%E7%8E%8B%E5%A4%A7%E7%88%B7%E7%83%A7%E7%83%A4.png
INFO: [ app_init ] --START--
INFO: Run Behavior\BuildLiteBehavior [ RunTime:0.000012s ]
INFO: [ app_init ] --END-- [ RunTime:0.000313s ]
ERR: 无法加载模块:Public

[ 2016-11-03T14:59:27+08:00 ] 117.36.116.73 /cnconsum/Public/Uploads/addImage/face_02.jpg
INFO: [ app_init ] --START--
INFO: Run Behavior\BuildLiteBehavior [ RunTime:0.000019s ]
INFO: [ app_init ] --END-- [ RunTime:0.000322s ]
ERR: 无法加载模块:Public

[ 2016-11-03T14:59:27+08:00 ] 117.36.116.73 /cnconsum/Public/Uploads/addImage/%E9%A2%86%E7%A7%80%E7%9A%AE%E5%85%B7.png
INFO: [ app_init ] --START--
INFO: Run Behavior\BuildLiteBehavior [ RunTime:0.000040s ]
INFO: [ app_init ] --END-- [ RunTime:0.000369s ]
ERR: 无法加载模块:Public

[ 2016-11-03T14:59:27+08:00 ] 117.36.116.73 /cnconsum/Public/Uploads/addImage/%E5%B0%9A%E8%89%BA%E8%BD%A9_0002.png
INFO: [ app_init ] --START--
INFO: Run Behavior\BuildLiteBehavior [ RunTime:0.000015s ]
INFO: [ app_init ] --END-- [ RunTime:0.000275s ]
ERR: 无法加载模块:Public

[ 2016-11-03T14:59:28+08:00 ] 117.36.116.73 /cnconsum/Public/Uploads/addImage/%E7%8E%8B%E5%A4%A7%E7%88%B7%E7%83%A7%E7%83%A4.png
INFO: [ app_init ] --START--
INFO: Run Behavior\BuildLiteBehavior [ RunTime:0.000018s ]
INFO: [ app_init ] --END-- [ RunTime:0.000337s ]
ERR: 无法加载模块:Public

[ 2016-11-03T14:59:28+08:00 ] 117.36.116.73 /cnconsum/Public/Uploads/addImage/%E4%B9%9D%E9%83%A1%E5%BC%98%E5%95%86%E8%B4%B8%E7%92%9F%E6%B3%B0%E7%83%9F%E9%85%92%E8%8C%B6%E5%95%86%E8%A1%8C.png
INFO: [ app_init ] --START--
INFO: Run Behavior\BuildLiteBehavior [ RunTime:0.000018s ]
INFO: [ app_init ] --END-- [ RunTime:0.000430s ]
ERR: 无法加载模块:Public

[ 2016-11-03T15:00:07+08:00 ] 117.36.116.73 /cnconsum/Public/Uploads/addImage/%E9%A2%86%E7%A7%80%E7%9A%AE%E5%85%B7.png
INFO: [ app_init ] --START--
INFO: Run Behavior\BuildLiteBehavior [ RunTime:0.000051s ]
INFO: [ app_init ] --END-- [ RunTime:0.000452s ]
ERR: 无法加载模块:Public

[ 2016-11-03T15:00:08+08:00 ] 117.36.116.73 /cnconsum/Public/Uploads/addImage/%E5%B0%9A%E8%89%BA%E8%BD%A9_0002.png
INFO: [ app_init ] --START--
INFO: Run Behavior\BuildLiteBehavior [ RunTime:0.000019s ]
INFO: [ app_init ] --END-- [ RunTime:0.000397s ]
ERR: 无法加载模块:Public

[ 2016-11-03T15:00:08+08:00 ] 117.36.116.73 /cnconsum/Public/Uploads/addImage/%E7%8E%8B%E5%A4%A7%E7%88%B7%E7%83%A7%E7%83%A4.png
INFO: [ app_init ] --START--
INFO: Run Behavior\BuildLiteBehavior [ RunTime:0.000013s ]
INFO: [ app_init ] --END-- [ RunTime:0.000288s ]
ERR: 无法加载模块:Public

[ 2016-11-03T15:00:08+08:00 ] 117.36.116.73 /cnconsum/Public/Uploads/addImage/%E4%B9%9D%E9%83%A1%E5%BC%98%E5%95%86%E8%B4%B8%E7%92%9F%E6%B3%B0%E7%83%9F%E9%85%92%E8%8C%B6%E5%95%86%E8%A1%8C.png
INFO: [ app_init ] --START--
INFO: Run Behavior\BuildLiteBehavior [ RunTime:0.000020s ]
INFO: [ app_init ] --END-- [ RunTime:0.000461s ]
ERR: 无法加载模块:Public

[ 2016-11-03T15:01:07+08:00 ] 117.36.116.73 /cnconsum/Public/Uploads/addImage/%E9%A2%86%E7%A7%80%E7%9A%AE%E5%85%B7.png
INFO: [ app_init ] --START--
INFO: Run Behavior\BuildLiteBehavior [ RunTime:0.000019s ]
INFO: [ app_init ] --END-- [ RunTime:0.000309s ]
ERR: 无法加载模块:Public

[ 2016-11-03T15:01:07+08:00 ] 117.36.116.73 /cnconsum/Public/Uploads/addImage/%E5%B0%9A%E8%89%BA%E8%BD%A9_0002.png
INFO: [ app_init ] --START--
INFO: Run Behavior\BuildLiteBehavior [ RunTime:0.000022s ]
INFO: [ app_init ] --END-- [ RunTime:0.000436s ]
ERR: 无法加载模块:Public

[ 2016-11-03T15:01:07+08:00 ] 117.36.116.73 /cnconsum/Public/Uploads/addImage/%E7%8E%8B%E5%A4%A7%E7%88%B7%E7%83%A7%E7%83%A4.png
INFO: [ app_init ] --START--
INFO: Run Behavior\BuildLiteBehavior [ RunTime:0.000021s ]
INFO: [ app_init ] --END-- [ RunTime:0.000342s ]
ERR: 无法加载模块:Public

[ 2016-11-03T15:01:07+08:00 ] 117.36.116.73 /cnconsum/Public/Uploads/addImage/%E4%B9%9D%E9%83%A1%E5%BC%98%E5%95%86%E8%B4%B8%E7%92%9F%E6%B3%B0%E7%83%9F%E9%85%92%E8%8C%B6%E5%95%86%E8%A1%8C.png
INFO: [ app_init ] --START--
INFO: Run Behavior\BuildLiteBehavior [ RunTime:0.000020s ]
INFO: [ app_init ] --END-- [ RunTime:0.000404s ]
ERR: 无法加载模块:Public

[ 2016-11-03T15:01:37+08:00 ] 117.36.116.73 /cnconsum/Public/Uploads/addImage/%E5%B0%9A%E8%89%BA%E8%BD%A9_0002.png
INFO: [ app_init ] --START--
INFO: Run Behavior\BuildLiteBehavior [ RunTime:0.000023s ]
INFO: [ app_init ] --END-- [ RunTime:0.000478s ]
ERR: 无法加载模块:Public

[ 2016-11-03T15:01:37+08:00 ] 117.36.116.73 /cnconsum/Public/Uploads/addImage/%E9%A2%86%E7%A7%80%E7%9A%AE%E5%85%B7.png
INFO: [ app_init ] --START--
INFO: Run Behavior\BuildLiteBehavior [ RunTime:0.000023s ]
INFO: [ app_init ] --END-- [ RunTime:0.000444s ]
ERR: 无法加载模块:Public

[ 2016-11-03T15:01:37+08:00 ] 117.36.116.73 /cnconsum/Public/Uploads/addImage/%E7%8E%8B%E5%A4%A7%E7%88%B7%E7%83%A7%E7%83%A4.png
INFO: [ app_init ] --START--
INFO: Run Behavior\BuildLiteBehavior [ RunTime:0.000017s ]
INFO: [ app_init ] --END-- [ RunTime:0.000323s ]
ERR: 无法加载模块:Public

[ 2016-11-03T15:01:37+08:00 ] 117.36.116.73 /cnconsum/Public/Uploads/addImage/%E4%B9%9D%E9%83%A1%E5%BC%98%E5%95%86%E8%B4%B8%E7%92%9F%E6%B3%B0%E7%83%9F%E9%85%92%E8%8C%B6%E5%95%86%E8%A1%8C.png
INFO: [ app_init ] --START--
INFO: Run Behavior\BuildLiteBehavior [ RunTime:0.000019s ]
INFO: [ app_init ] --END-- [ RunTime:0.000481s ]
ERR: 无法加载模块:Public

[ 2016-11-03T15:03:08+08:00 ] 117.36.116.73 /cnconsum/Public/Uploads/addImage/face_02.jpg
INFO: [ app_init ] --START--
INFO: Run Behavior\BuildLiteBehavior [ RunTime:0.000015s ]
INFO: [ app_init ] --END-- [ RunTime:0.000260s ]
ERR: 无法加载模块:Public

[ 2016-11-03T15:03:09+08:00 ] 117.36.116.73 /cnconsum/Public/Uploads/addImage/%E9%A2%86%E7%A7%80%E7%9A%AE%E5%85%B7.png
INFO: [ app_init ] --START--
INFO: Run Behavior\BuildLiteBehavior [ RunTime:0.000017s ]
INFO: [ app_init ] --END-- [ RunTime:0.000410s ]
ERR: 无法加载模块:Public

[ 2016-11-03T15:03:10+08:00 ] 117.36.116.73 /cnconsum/Public/Uploads/addImage/%E5%B0%9A%E8%89%BA%E8%BD%A9_0002.png
INFO: [ app_init ] --START--
INFO: Run Behavior\BuildLiteBehavior [ RunTime:0.000022s ]
INFO: [ app_init ] --END-- [ RunTime:0.000455s ]
ERR: 无法加载模块:Public

[ 2016-11-03T15:03:10+08:00 ] 117.36.116.73 /cnconsum/Public/Uploads/addImage/%E7%8E%8B%E5%A4%A7%E7%88%B7%E7%83%A7%E7%83%A4.png
INFO: [ app_init ] --START--
INFO: Run Behavior\BuildLiteBehavior [ RunTime:0.000014s ]
INFO: [ app_init ] --END-- [ RunTime:0.000287s ]
ERR: 无法加载模块:Public

[ 2016-11-03T15:03:11+08:00 ] 117.36.116.73 /cnconsum/Public/Uploads/addImage/%E4%B9%9D%E9%83%A1%E5%BC%98%E5%95%86%E8%B4%B8%E7%92%9F%E6%B3%B0%E7%83%9F%E9%85%92%E8%8C%B6%E5%95%86%E8%A1%8C.png
INFO: [ app_init ] --START--
INFO: Run Behavior\BuildLiteBehavior [ RunTime:0.000019s ]
INFO: [ app_init ] --END-- [ RunTime:0.000444s ]
ERR: 无法加载模块:Public

[ 2016-11-03T15:13:46+08:00 ] 117.36.116.73 /cnconsum/Public/js/registers.js
INFO: [ app_init ] --START--
INFO: Run Behavior\BuildLiteBehavior [ RunTime:0.000015s ]
INFO: [ app_init ] --END-- [ RunTime:0.000282s ]
ERR: 无法加载模块:Public

[ 2016-11-03T15:14:11+08:00 ] 117.36.116.73 /cnconsum/Public/js/registers.js
INFO: [ app_init ] --START--
INFO: Run Behavior\BuildLiteBehavior [ RunTime:0.000014s ]
INFO: [ app_init ] --END-- [ RunTime:0.000334s ]
ERR: 无法加载模块:Public

[ 2016-11-03T15:14:56+08:00 ] 117.36.116.73 /cnconsum/Public/js/registers.js
INFO: [ app_init ] --START--
INFO: Run Behavior\BuildLiteBehavior [ RunTime:0.000018s ]
INFO: [ app_init ] --END-- [ RunTime:0.000336s ]
ERR: 无法加载模块:Public

[ 2016-11-03T15:15:28+08:00 ] 117.36.116.73 /cnconsum/Public/js/registers.js
INFO: [ app_init ] --START--
INFO: Run Behavior\BuildLiteBehavior [ RunTime:0.000030s ]
INFO: [ app_init ] --END-- [ RunTime:0.000518s ]
ERR: 无法加载模块:Public

[ 2016-11-03T15:17:20+08:00 ] 117.36.116.73 /cnconsum/Public/js/registers.js
INFO: [ app_init ] --START--
INFO: Run Behavior\BuildLiteBehavior [ RunTime:0.000019s ]
INFO: [ app_init ] --END-- [ RunTime:0.000365s ]
ERR: 无法加载模块:Public

[ 2016-11-03T15:18:23+08:00 ] 117.36.116.73 /cnconsum/Public/js/registers.js
INFO: [ app_init ] --START--
INFO: Run Behavior\BuildLiteBehavior [ RunTime:0.000017s ]
INFO: [ app_init ] --END-- [ RunTime:0.000355s ]
ERR: 无法加载模块:Public

[ 2016-11-03T15:20:06+08:00 ] 117.36.116.73 /cnconsum/Public/js/registers.js
INFO: [ app_init ] --START--
INFO: Run Behavior\BuildLiteBehavior [ RunTime:0.000018s ]
INFO: [ app_init ] --END-- [ RunTime:0.000404s ]
ERR: 无法加载模块:Public

[ 2016-11-03T15:20:08+08:00 ] 117.36.116.73 /cnconsum/Public/js/registers.js
INFO: [ app_init ] --START--
INFO: Run Behavior\BuildLiteBehavior [ RunTime:0.000023s ]
INFO: [ app_init ] --END-- [ RunTime:0.000494s ]
ERR: 无法加载模块:Public

[ 2016-11-03T15:20:18+08:00 ] 101.226.125.104 /cnconsum/Public/js/registers.js
INFO: [ app_init ] --START--
INFO: Run Behavior\BuildLiteBehavior [ RunTime:0.000015s ]
INFO: [ app_init ] --END-- [ RunTime:0.000287s ]
ERR: 无法加载模块:Public

[ 2016-11-03T15:20:48+08:00 ] 117.36.116.73 /cnconsum/Public/js/registers.js
INFO: [ app_init ] --START--
INFO: Run Behavior\BuildLiteBehavior [ RunTime:0.000021s ]
INFO: [ app_init ] --END-- [ RunTime:0.000307s ]
ERR: 无法加载模块:Public

[ 2016-11-03T15:21:43+08:00 ] 117.36.116.73 /cnconsum/Public/js/registers.js
INFO: [ app_init ] --START--
INFO: Run Behavior\BuildLiteBehavior [ RunTime:0.000019s ]
INFO: [ app_init ] --END-- [ RunTime:0.000354s ]
ERR: 无法加载模块:Public

[ 2016-11-03T15:21:45+08:00 ] 117.36.116.73 /cnconsum/Public/js/registers.js
INFO: [ app_init ] --START--
INFO: Run Behavior\BuildLiteBehavior [ RunTime:0.000015s ]
INFO: [ app_init ] --END-- [ RunTime:0.000407s ]
ERR: 无法加载模块:Public

[ 2016-11-03T15:21:55+08:00 ] 117.36.116.73 /cnconsum/Public/js/registers.js
INFO: [ app_init ] --START--
INFO: Run Behavior\BuildLiteBehavior [ RunTime:0.000018s ]
INFO: [ app_init ] --END-- [ RunTime:0.000348s ]
ERR: 无法加载模块:Public

[ 2016-11-03T15:21:57+08:00 ] 117.36.116.73 /cnconsum/Public/js/registers.js
INFO: [ app_init ] --START--
INFO: Run Behavior\BuildLiteBehavior [ RunTime:0.000014s ]
INFO: [ app_init ] --END-- [ RunTime:0.000274s ]
ERR: 无法加载模块:Public

[ 2016-11-03T15:21:58+08:00 ] 117.36.116.73 /cnconsum/Public/js/registers.js
INFO: [ app_init ] --START--
INFO: Run Behavior\BuildLiteBehavior [ RunTime:0.000020s ]
INFO: [ app_init ] --END-- [ RunTime:0.000371s ]
ERR: 无法加载模块:Public

[ 2016-11-03T15:23:23+08:00 ] 117.36.116.73 /cnconsum/Public/js/registers.js
INFO: [ app_init ] --START--
INFO: Run Behavior\BuildLiteBehavior [ RunTime:0.000014s ]
INFO: [ app_init ] --END-- [ RunTime:0.000299s ]
ERR: 无法加载模块:Public

[ 2016-11-03T15:23:26+08:00 ] 117.36.116.73 /cnconsum/Public/js/registers.js
INFO: [ app_init ] --START--
INFO: Run Behavior\BuildLiteBehavior [ RunTime:0.000021s ]
INFO: [ app_init ] --END-- [ RunTime:0.000407s ]
ERR: 无法加载模块:Public

[ 2016-11-03T15:24:18+08:00 ] 117.36.116.73 /cnconsum/Public/js/registers.js
INFO: [ app_init ] --START--
INFO: Run Behavior\BuildLiteBehavior [ RunTime:0.000024s ]
INFO: [ app_init ] --END-- [ RunTime:0.000498s ]
ERR: 无法加载模块:Public

[ 2016-11-03T15:27:04+08:00 ] 117.36.116.73 /cnconsum/Public/js/registers.js
INFO: [ app_init ] --START--
INFO: Run Behavior\BuildLiteBehavior [ RunTime:0.000016s ]
INFO: [ app_init ] --END-- [ RunTime:0.000298s ]
ERR: 无法加载模块:Public

[ 2016-11-03T15:27:13+08:00 ] 117.36.116.73 /cnconsum/Public/js/registers.js
INFO: [ app_init ] --START--
INFO: Run Behavior\BuildLiteBehavior [ RunTime:0.000016s ]
INFO: [ app_init ] --END-- [ RunTime:0.000364s ]
ERR: 无法加载模块:Public

[ 2016-11-03T15:28:17+08:00 ] 117.36.116.73 /cnconsum/Public/js/registers.js
INFO: [ app_init ] --START--
INFO: Run Behavior\BuildLiteBehavior [ RunTime:0.000019s ]
INFO: [ app_init ] --END-- [ RunTime:0.000465s ]
ERR: 无法加载模块:Public

[ 2016-11-03T15:40:22+08:00 ] 117.36.116.73 /cnconsum/Public/js/registers.js
INFO: [ app_init ] --START--
INFO: Run Behavior\BuildLiteBehavior [ RunTime:0.000015s ]
INFO: [ app_init ] --END-- [ RunTime:0.000568s ]
ERR: 无法加载模块:Public

[ 2016-11-03T15:40:29+08:00 ] 117.36.116.73 /cnconsum/Public/js/registers.js
INFO: [ app_init ] --START--
INFO: Run Behavior\BuildLiteBehavior [ RunTime:0.000018s ]
INFO: [ app_init ] --END-- [ RunTime:0.000374s ]
ERR: 无法加载模块:Public

[ 2016-11-03T15:40:31+08:00 ] 117.36.116.73 /cnconsum/Public/js/registers.js
INFO: [ app_init ] --START--
INFO: Run Behavior\BuildLiteBehavior [ RunTime:0.000020s ]
INFO: [ app_init ] --END-- [ RunTime:0.000414s ]
ERR: 无法加载模块:Public

[ 2016-11-03T15:40:34+08:00 ] 117.36.116.73 /cnconsum/Public/js/registers.js
INFO: [ app_init ] --START--
INFO: Run Behavior\BuildLiteBehavior [ RunTime:0.000018s ]
INFO: [ app_init ] --END-- [ RunTime:0.000381s ]
ERR: 无法加载模块:Public

[ 2016-11-03T15:47:21+08:00 ] 117.36.116.73 /cnconsum/Public/js/registers.js
INFO: [ app_init ] --START--
INFO: Run Behavior\BuildLiteBehavior [ RunTime:0.000042s ]
INFO: [ app_init ] --END-- [ RunTime:0.001089s ]
ERR: 无法加载模块:Public

[ 2016-11-03T15:47:41+08:00 ] 117.36.116.73 /cnconsum/Public/js/registers.js
INFO: [ app_init ] --START--
INFO: Run Behavior\BuildLiteBehavior [ RunTime:0.000032s ]
INFO: [ app_init ] --END-- [ RunTime:0.000398s ]
ERR: 无法加载模块:Public

[ 2016-11-03T15:49:52+08:00 ] 117.36.116.73 /cnconsum/Public/js/registers.js
INFO: [ app_init ] --START--
INFO: Run Behavior\BuildLiteBehavior [ RunTime:0.000024s ]
INFO: [ app_init ] --END-- [ RunTime:0.000480s ]
ERR: 无法加载模块:Public

[ 2016-11-03T15:49:59+08:00 ] 117.36.116.73 /cnconsum/Public/js/registers.js
INFO: [ app_init ] --START--
INFO: Run Behavior\BuildLiteBehavior [ RunTime:0.000022s ]
INFO: [ app_init ] --END-- [ RunTime:0.000429s ]
ERR: 无法加载模块:Public

[ 2016-11-03T15:50:03+08:00 ] 117.36.116.73 /cnconsum/Public/js/registers.js
INFO: [ app_init ] --START--
INFO: Run Behavior\BuildLiteBehavior [ RunTime:0.000020s ]
INFO: [ app_init ] --END-- [ RunTime:0.000397s ]
ERR: 无法加载模块:Public

[ 2016-11-03T16:11:11+08:00 ] 117.36.116.73 /cnconsum/Public/js/registers.js
INFO: [ app_init ] --START--
INFO: Run Behavior\BuildLiteBehavior [ RunTime:0.000018s ]
INFO: [ app_init ] --END-- [ RunTime:0.000340s ]
ERR: 无法加载模块:Public

[ 2016-11-03T16:11:33+08:00 ] 117.36.116.73 /cnconsum/Public/js/registers.js
INFO: [ app_init ] --START--
INFO: Run Behavior\BuildLiteBehavior [ RunTime:0.000013s ]
INFO: [ app_init ] --END-- [ RunTime:0.000281s ]
ERR: 无法加载模块:Public

[ 2016-11-03T16:11:36+08:00 ] 117.36.116.73 /cnconsum/Public/js/registers.js
INFO: [ app_init ] --START--
INFO: Run Behavior\BuildLiteBehavior [ RunTime:0.000015s ]
INFO: [ app_init ] --END-- [ RunTime:0.000270s ]
ERR: 无法加载模块:Public

[ 2016-11-03T16:11:39+08:00 ] 117.36.116.73 /cnconsum/Public/js/registers.js
INFO: [ app_init ] --START--
INFO: Run Behavior\BuildLiteBehavior [ RunTime:0.000014s ]
INFO: [ app_init ] --END-- [ RunTime:0.000300s ]
ERR: 无法加载模块:Public

[ 2016-11-03T16:11:42+08:00 ] 117.36.116.73 /cnconsum/Public/js/registers.js
INFO: [ app_init ] --START--
INFO: Run Behavior\BuildLiteBehavior [ RunTime:0.000015s ]
INFO: [ app_init ] --END-- [ RunTime:0.000289s ]
ERR: 无法加载模块:Public

[ 2016-11-03T16:13:18+08:00 ] 117.36.116.73 /cnconsum/Public/js/registers.js
INFO: [ app_init ] --START--
INFO: Run Behavior\BuildLiteBehavior [ RunTime:0.000022s ]
INFO: [ app_init ] --END-- [ RunTime:0.000536s ]
ERR: 无法加载模块:Public

[ 2016-11-03T16:14:39+08:00 ] 117.36.116.73 /cnconsum/Public/Uploads/addImage/%E5%B0%9A%E8%89%BA%E8%BD%A9_0002.png
INFO: [ app_init ] --START--
INFO: Run Behavior\BuildLiteBehavior [ RunTime:0.000020s ]
INFO: [ app_init ] --END-- [ RunTime:0.000413s ]
ERR: 无法加载模块:Public

[ 2016-11-03T16:14:39+08:00 ] 117.36.116.73 /cnconsum/Public/Uploads/addImage/%E9%A2%86%E7%A7%80%E7%9A%AE%E5%85%B7.png
INFO: [ app_init ] --START--
INFO: Run Behavior\BuildLiteBehavior [ RunTime:0.000021s ]
INFO: [ app_init ] --END-- [ RunTime:0.000423s ]
ERR: 无法加载模块:Public

[ 2016-11-03T16:14:39+08:00 ] 117.36.116.73 /cnconsum/Public/Uploads/addImage/%E7%8E%8B%E5%A4%A7%E7%88%B7%E7%83%A7%E7%83%A4.png
INFO: [ app_init ] --START--
INFO: Run Behavior\BuildLiteBehavior [ RunTime:0.000017s ]
INFO: [ app_init ] --END-- [ RunTime:0.000364s ]
ERR: 无法加载模块:Public

[ 2016-11-03T16:14:39+08:00 ] 117.36.116.73 /cnconsum/Public/Uploads/addImage/%E4%B9%9D%E9%83%A1%E5%BC%98%E5%95%86%E8%B4%B8%E7%92%9F%E6%B3%B0%E7%83%9F%E9%85%92%E8%8C%B6%E5%95%86%E8%A1%8C.png
INFO: [ app_init ] --START--
INFO: Run Behavior\BuildLiteBehavior [ RunTime:0.000022s ]
INFO: [ app_init ] --END-- [ RunTime:0.000464s ]
ERR: 无法加载模块:Public

[ 2016-11-03T16:16:55+08:00 ] 117.36.116.73 /cnconsum/Public/js/registers.js
INFO: [ app_init ] --START--
INFO: Run Behavior\BuildLiteBehavior [ RunTime:0.000022s ]
INFO: [ app_init ] --END-- [ RunTime:0.000383s ]
ERR: 无法加载模块:Public

[ 2016-11-03T16:18:16+08:00 ] 117.36.116.73 /cnconsum/Public/Uploads/addImage/%E9%A2%86%E7%A7%80%E7%9A%AE%E5%85%B7.png
INFO: [ app_init ] --START--
INFO: Run Behavior\BuildLiteBehavior [ RunTime:0.000020s ]
INFO: [ app_init ] --END-- [ RunTime:0.000324s ]
ERR: 无法加载模块:Public

[ 2016-11-03T16:18:16+08:00 ] 117.36.116.73 /cnconsum/Public/Uploads/addImage/%E5%B0%9A%E8%89%BA%E8%BD%A9_0002.png
INFO: [ app_init ] --START--
INFO: Run Behavior\BuildLiteBehavior [ RunTime:0.000025s ]
INFO: [ app_init ] --END-- [ RunTime:0.000501s ]
ERR: 无法加载模块:Public

[ 2016-11-03T16:18:16+08:00 ] 117.36.116.73 /cnconsum/Public/Uploads/addImage/%E7%8E%8B%E5%A4%A7%E7%88%B7%E7%83%A7%E7%83%A4.png
INFO: [ app_init ] --START--
INFO: Run Behavior\BuildLiteBehavior [ RunTime:0.000019s ]
INFO: [ app_init ] --END-- [ RunTime:0.000378s ]
ERR: 无法加载模块:Public

[ 2016-11-03T16:18:16+08:00 ] 117.36.116.73 /cnconsum/Public/Uploads/addImage/%E4%B9%9D%E9%83%A1%E5%BC%98%E5%95%86%E8%B4%B8%E7%92%9F%E6%B3%B0%E7%83%9F%E9%85%92%E8%8C%B6%E5%95%86%E8%A1%8C.png
INFO: [ app_init ] --START--
INFO: Run Behavior\BuildLiteBehavior [ RunTime:0.000022s ]
INFO: [ app_init ] --END-- [ RunTime:0.000492s ]
ERR: 无法加载模块:Public

[ 2016-11-03T16:18:44+08:00 ] 117.36.116.73 /cnconsum/Public/js/registers.js
INFO: [ app_init ] --START--
INFO: Run Behavior\BuildLiteBehavior [ RunTime:0.000020s ]
INFO: [ app_init ] --END-- [ RunTime:0.000357s ]
ERR: 无法加载模块:Public

[ 2016-11-03T16:19:40+08:00 ] 117.36.116.73 /cnconsum/Public/Uploads/addImage/%E9%A2%86%E7%A7%80%E7%9A%AE%E5%85%B7.png
INFO: [ app_init ] --START--
INFO: Run Behavior\BuildLiteBehavior [ RunTime:0.000016s ]
INFO: [ app_init ] --END-- [ RunTime:0.000299s ]
ERR: 无法加载模块:Public

[ 2016-11-03T16:19:40+08:00 ] 117.36.116.73 /cnconsum/Public/Uploads/addImage/%E5%B0%9A%E8%89%BA%E8%BD%A9_0002.png
INFO: [ app_init ] --START--
INFO: Run Behavior\BuildLiteBehavior [ RunTime:0.000019s ]
INFO: [ app_init ] --END-- [ RunTime:0.000307s ]
ERR: 无法加载模块:Public

[ 2016-11-03T16:19:40+08:00 ] 117.36.116.73 /cnconsum/Public/Uploads/addImage/%E7%8E%8B%E5%A4%A7%E7%88%B7%E7%83%A7%E7%83%A4.png
INFO: [ app_init ] --START--
INFO: Run Behavior\BuildLiteBehavior [ RunTime:0.000014s ]
INFO: [ app_init ] --END-- [ RunTime:0.000275s ]
ERR: 无法加载模块:Public

[ 2016-11-03T16:19:41+08:00 ] 117.36.116.73 /cnconsum/Public/Uploads/addImage/%E4%B9%9D%E9%83%A1%E5%BC%98%E5%95%86%E8%B4%B8%E7%92%9F%E6%B3%B0%E7%83%9F%E9%85%92%E8%8C%B6%E5%95%86%E8%A1%8C.png
INFO: [ app_init ] --START--
INFO: Run Behavior\BuildLiteBehavior [ RunTime:0.000028s ]
INFO: [ app_init ] --END-- [ RunTime:0.000528s ]
ERR: 无法加载模块:Public

[ 2016-11-03T16:21:19+08:00 ] 117.36.116.73 /cnconsum/Public/js/registers.js
INFO: [ app_init ] --START--
INFO: Run Behavior\BuildLiteBehavior [ RunTime:0.000018s ]
INFO: [ app_init ] --END-- [ RunTime:0.000399s ]
ERR: 无法加载模块:Public

[ 2016-11-03T16:21:37+08:00 ] 117.36.116.73 /cnconsum/Public/Uploads/addImage/face_02.jpg
INFO: [ app_init ] --START--
INFO: Run Behavior\BuildLiteBehavior [ RunTime:0.000019s ]
INFO: [ app_init ] --END-- [ RunTime:0.000390s ]
ERR: 无法加载模块:Public

[ 2016-11-03T16:21:37+08:00 ] 117.36.116.73 /cnconsum/Public/Uploads/addImage/%E5%B0%9A%E8%89%BA%E8%BD%A9_0002.png
INFO: [ app_init ] --START--
INFO: Run Behavior\BuildLiteBehavior [ RunTime:0.000043s ]
INFO: [ app_init ] --END-- [ RunTime:0.000476s ]
ERR: 无法加载模块:Public

[ 2016-11-03T16:21:37+08:00 ] 117.36.116.73 /cnconsum/Public/Uploads/addImage/%E9%A2%86%E7%A7%80%E7%9A%AE%E5%85%B7.png
INFO: [ app_init ] --START--
INFO: Run Behavior\BuildLiteBehavior [ RunTime:0.000018s ]
INFO: [ app_init ] --END-- [ RunTime:0.000384s ]
ERR: 无法加载模块:Public

[ 2016-11-03T16:21:37+08:00 ] 117.36.116.73 /cnconsum/Public/Uploads/addImage/%E7%8E%8B%E5%A4%A7%E7%88%B7%E7%83%A7%E7%83%A4.png
INFO: [ app_init ] --START--
INFO: Run Behavior\BuildLiteBehavior [ RunTime:0.000019s ]
INFO: [ app_init ] --END-- [ RunTime:0.000430s ]
ERR: 无法加载模块:Public

[ 2016-11-03T16:21:38+08:00 ] 117.36.116.73 /cnconsum/Public/Uploads/addImage/%E4%B9%9D%E9%83%A1%E5%BC%98%E5%95%86%E8%B4%B8%E7%92%9F%E6%B3%B0%E7%83%9F%E9%85%92%E8%8C%B6%E5%95%86%E8%A1%8C.png
INFO: [ app_init ] --START--
INFO: Run Behavior\BuildLiteBehavior [ RunTime:0.000015s ]
INFO: [ app_init ] --END-- [ RunTime:0.000356s ]
ERR: 无法加载模块:Public

[ 2016-11-03T16:22:06+08:00 ] 117.36.116.73 /cnconsum/Public/js/registers.js
INFO: [ app_init ] --START--
INFO: Run Behavior\BuildLiteBehavior [ RunTime:0.000017s ]
INFO: [ app_init ] --END-- [ RunTime:0.000386s ]
ERR: 无法加载模块:Public

[ 2016-11-03T16:22:08+08:00 ] 117.36.116.73 /cnconsum/Public/js/registers.js
INFO: [ app_init ] --START--
INFO: Run Behavior\BuildLiteBehavior [ RunTime:0.000022s ]
INFO: [ app_init ] --END-- [ RunTime:0.000456s ]
ERR: 无法加载模块:Public

[ 2016-11-03T16:48:40+08:00 ] 117.36.116.73 /cnconsum/Public/Uploads/addImage/%E9%A2%86%E7%A7%80%E7%9A%AE%E5%85%B7.png
INFO: [ app_init ] --START--
INFO: Run Behavior\BuildLiteBehavior [ RunTime:0.000022s ]
INFO: [ app_init ] --END-- [ RunTime:0.000379s ]
ERR: 无法加载模块:Public

[ 2016-11-03T16:48:40+08:00 ] 117.36.116.73 /cnconsum/Public/Uploads/addImage/%E7%8E%8B%E5%A4%A7%E7%88%B7%E7%83%A7%E7%83%A4.png
INFO: [ app_init ] --START--
INFO: Run Behavior\BuildLiteBehavior [ RunTime:0.000027s ]
INFO: [ app_init ] --END-- [ RunTime:0.000496s ]
ERR: 无法加载模块:Public

[ 2016-11-03T16:48:40+08:00 ] 117.36.116.73 /cnconsum/Public/Uploads/addImage/%E4%B9%9D%E9%83%A1%E5%BC%98%E5%95%86%E8%B4%B8%E7%92%9F%E6%B3%B0%E7%83%9F%E9%85%92%E8%8C%B6%E5%95%86%E8%A1%8C.png
INFO: [ app_init ] --START--
INFO: Run Behavior\BuildLiteBehavior [ RunTime:0.000020s ]
INFO: [ app_init ] --END-- [ RunTime:0.000417s ]
ERR: 无法加载模块:Public

[ 2016-11-03T16:48:41+08:00 ] 117.36.116.73 /cnconsum/Public/Uploads/addImage/%E5%B0%9A%E8%89%BA%E8%BD%A9_0002.png
INFO: [ app_init ] --START--
INFO: Run Behavior\BuildLiteBehavior [ RunTime:0.000023s ]
INFO: [ app_init ] --END-- [ RunTime:0.000455s ]
ERR: 无法加载模块:Public

[ 2016-11-03T16:54:38+08:00 ] 117.36.116.73 /cnconsum/Public/Uploads/headImage/13309206465_1471243071290.png
INFO: [ app_init ] --START--
INFO: Run Behavior\BuildLiteBehavior [ RunTime:0.000018s ]
INFO: [ app_init ] --END-- [ RunTime:0.000363s ]
ERR: 无法加载模块:Public

[ 2016-11-03T16:56:55+08:00 ] 117.36.116.73 /cnconsum/Public/Uploads/addImage/%E9%A2%86%E7%A7%80%E7%9A%AE%E5%85%B7.png
INFO: [ app_init ] --START--
INFO: Run Behavior\BuildLiteBehavior [ RunTime:0.000024s ]
INFO: [ app_init ] --END-- [ RunTime:0.000368s ]
ERR: 无法加载模块:Public

[ 2016-11-03T16:56:55+08:00 ] 117.36.116.73 /cnconsum/Public/Uploads/addImage/%E5%B0%9A%E8%89%BA%E8%BD%A9_0002.png
INFO: [ app_init ] --START--
INFO: Run Behavior\BuildLiteBehavior [ RunTime:0.000021s ]
INFO: [ app_init ] --END-- [ RunTime:0.000453s ]
ERR: 无法加载模块:Public

[ 2016-11-03T16:56:55+08:00 ] 117.36.116.73 /cnconsum/Public/Uploads/addImage/%E7%8E%8B%E5%A4%A7%E7%88%B7%E7%83%A7%E7%83%A4.png
INFO: [ app_init ] --START--
INFO: Run Behavior\BuildLiteBehavior [ RunTime:0.000015s ]
INFO: [ app_init ] --END-- [ RunTime:0.000308s ]
ERR: 无法加载模块:Public

[ 2016-11-03T16:56:55+08:00 ] 117.36.116.73 /cnconsum/Public/Uploads/addImage/%E4%B9%9D%E9%83%A1%E5%BC%98%E5%95%86%E8%B4%B8%E7%92%9F%E6%B3%B0%E7%83%9F%E9%85%92%E8%8C%B6%E5%95%86%E8%A1%8C.png
INFO: [ app_init ] --START--
INFO: Run Behavior\BuildLiteBehavior [ RunTime:0.000023s ]
INFO: [ app_init ] --END-- [ RunTime:0.000458s ]
ERR: 无法加载模块:Public

[ 2016-11-03T17:11:40+08:00 ] 117.36.116.73 /cnconsum/Public/js/registers.js
INFO: [ app_init ] --START--
INFO: Run Behavior\BuildLiteBehavior [ RunTime:0.000019s ]
INFO: [ app_init ] --END-- [ RunTime:0.000336s ]
ERR: 无法加载模块:Public

[ 2016-11-03T17:14:13+08:00 ] 117.36.116.73 /cnconsum/Public/js/registers.js
INFO: [ app_init ] --START--
INFO: Run Behavior\BuildLiteBehavior [ RunTime:0.000019s ]
INFO: [ app_init ] --END-- [ RunTime:0.000319s ]
ERR: 无法加载模块:Public

[ 2016-11-03T17:15:03+08:00 ] 117.36.116.73 /cnconsum/Public/js/registers.js
INFO: [ app_init ] --START--
INFO: Run Behavior\BuildLiteBehavior [ RunTime:0.000015s ]
INFO: [ app_init ] --END-- [ RunTime:0.000341s ]
ERR: 无法加载模块:Public

[ 2016-11-03T17:16:40+08:00 ] 117.36.116.73 /cnconsum/Public/js/registers.js
INFO: [ app_init ] --START--
INFO: Run Behavior\BuildLiteBehavior [ RunTime:0.000022s ]
INFO: [ app_init ] --END-- [ RunTime:0.000419s ]
ERR: 无法加载模块:Public

[ 2016-11-03T17:18:16+08:00 ] 117.36.116.73 /cnconsum/Public/js/registers.js
INFO: [ app_init ] --START--
INFO: Run Behavior\BuildLiteBehavior [ RunTime:0.000114s ]
INFO: [ app_init ] --END-- [ RunTime:0.000762s ]
ERR: 无法加载模块:Public

[ 2016-11-03T17:19:40+08:00 ] 117.36.116.73 /cnconsum/Public/js/registers.js
INFO: [ app_init ] --START--
INFO: Run Behavior\BuildLiteBehavior [ RunTime:0.000031s ]
INFO: [ app_init ] --END-- [ RunTime:0.000616s ]
ERR: 无法加载模块:Public

[ 2016-11-03T17:20:21+08:00 ] 117.36.116.73 /cnconsum/Public/js/registers.js
INFO: [ app_init ] --START--
INFO: Run Behavior\BuildLiteBehavior [ RunTime:0.000148s ]
INFO: [ app_init ] --END-- [ RunTime:0.000470s ]
ERR: 无法加载模块:Public

[ 2016-11-03T17:35:22+08:00 ] 117.36.116.73 /cnconsum/Public/js/registers.js
INFO: [ app_init ] --START--
INFO: Run Behavior\BuildLiteBehavior [ RunTime:0.000014s ]
INFO: [ app_init ] --END-- [ RunTime:0.000361s ]
ERR: 无法加载模块:Public

[ 2016-11-03T17:37:11+08:00 ] 117.36.116.73 /cnconsum/Public/js/registers.js
INFO: [ app_init ] --START--
INFO: Run Behavior\BuildLiteBehavior [ RunTime:0.000027s ]
INFO: [ app_init ] --END-- [ RunTime:0.000479s ]
ERR: 无法加载模块:Public

[ 2016-11-03T17:37:15+08:00 ] 117.36.116.73 /cnconsum/Public/js/registers.js
INFO: [ app_init ] --START--
INFO: Run Behavior\BuildLiteBehavior [ RunTime:0.000022s ]
INFO: [ app_init ] --END-- [ RunTime:0.000486s ]
ERR: 无法加载模块:Public

[ 2016-11-03T17:37:19+08:00 ] 117.36.116.73 /cnconsum/Public/js/registers.js
INFO: [ app_init ] --START--
INFO: Run Behavior\BuildLiteBehavior [ RunTime:0.000014s ]
INFO: [ app_init ] --END-- [ RunTime:0.000281s ]
ERR: 无法加载模块:Public

[ 2016-11-03T17:37:52+08:00 ] 117.36.116.73 /cnconsum/Public/js/registers.js
INFO: [ app_init ] --START--
INFO: Run Behavior\BuildLiteBehavior [ RunTime:0.000016s ]
INFO: [ app_init ] --END-- [ RunTime:0.000384s ]
ERR: 无法加载模块:Public

[ 2016-11-03T17:38:43+08:00 ] 113.132.11.164 /cnconsum/Public/js/registers.js
INFO: [ app_init ] --START--
INFO: Run Behavior\BuildLiteBehavior [ RunTime:0.000015s ]
INFO: [ app_init ] --END-- [ RunTime:0.000309s ]
ERR: 无法加载模块:Public

[ 2016-11-03T17:39:06+08:00 ] 101.226.125.15 /cnconsum/Public/js/registers.js
INFO: [ app_init ] --START--
INFO: Run Behavior\BuildLiteBehavior [ RunTime:0.000015s ]
INFO: [ app_init ] --END-- [ RunTime:0.000334s ]
ERR: 无法加载模块:Public

[ 2016-11-03T17:47:29+08:00 ] 101.227.131.246 /cnconsum/Public/js/registers.js
INFO: [ app_init ] --START--
INFO: Run Behavior\BuildLiteBehavior [ RunTime:0.000022s ]
INFO: [ app_init ] --END-- [ RunTime:0.000397s ]
ERR: 无法加载模块:Public

[ 2016-11-03T17:49:28+08:00 ] 117.36.116.73 /cnconsum/Public/Uploads/addImage/%E9%A2%86%E7%A7%80%E7%9A%AE%E5%85%B7.png
INFO: [ app_init ] --START--
INFO: Run Behavior\BuildLiteBehavior [ RunTime:0.000019s ]
INFO: [ app_init ] --END-- [ RunTime:0.000369s ]
ERR: 无法加载模块:Public

[ 2016-11-03T17:49:28+08:00 ] 117.36.116.73 /cnconsum/Public/Uploads/addImage/%E5%B0%9A%E8%89%BA%E8%BD%A9_0002.png
INFO: [ app_init ] --START--
INFO: Run Behavior\BuildLiteBehavior [ RunTime:0.000024s ]
INFO: [ app_init ] --END-- [ RunTime:0.000519s ]
ERR: 无法加载模块:Public

[ 2016-11-03T17:49:28+08:00 ] 117.36.116.73 /cnconsum/Public/Uploads/addImage/%E7%8E%8B%E5%A4%A7%E7%88%B7%E7%83%A7%E7%83%A4.png
INFO: [ app_init ] --START--
INFO: Run Behavior\BuildLiteBehavior [ RunTime:0.000019s ]
INFO: [ app_init ] --END-- [ RunTime:0.000429s ]
ERR: 无法加载模块:Public

[ 2016-11-03T17:49:28+08:00 ] 117.36.116.73 /cnconsum/Public/Uploads/addImage/%E4%B9%9D%E9%83%A1%E5%BC%98%E5%95%86%E8%B4%B8%E7%92%9F%E6%B3%B0%E7%83%9F%E9%85%92%E8%8C%B6%E5%95%86%E8%A1%8C.png
INFO: [ app_init ] --START--
INFO: Run Behavior\BuildLiteBehavior [ RunTime:0.000019s ]
INFO: [ app_init ] --END-- [ RunTime:0.000407s ]
ERR: 无法加载模块:Public

[ 2016-11-03T17:51:18+08:00 ] 117.36.116.73 /cnconsum/Public/Uploads/addImage/%E9%A2%86%E7%A7%80%E7%9A%AE%E5%85%B7.png
INFO: [ app_init ] --START--
INFO: Run Behavior\BuildLiteBehavior [ RunTime:0.000014s ]
INFO: [ app_init ] --END-- [ RunTime:0.000306s ]
ERR: 无法加载模块:Public

[ 2016-11-03T17:51:18+08:00 ] 117.36.116.73 /cnconsum/Public/Uploads/addImage/%E5%B0%9A%E8%89%BA%E8%BD%A9_0002.png
INFO: [ app_init ] --START--
INFO: Run Behavior\BuildLiteBehavior [ RunTime:0.000018s ]
INFO: [ app_init ] --END-- [ RunTime:0.000322s ]
ERR: 无法加载模块:Public

[ 2016-11-03T17:51:18+08:00 ] 117.36.116.73 /cnconsum/Public/Uploads/addImage/%E7%8E%8B%E5%A4%A7%E7%88%B7%E7%83%A7%E7%83%A4.png
INFO: [ app_init ] --START--
INFO: Run Behavior\BuildLiteBehavior [ RunTime:0.000020s ]
INFO: [ app_init ] --END-- [ RunTime:0.000409s ]
ERR: 无法加载模块:Public

[ 2016-11-03T17:51:18+08:00 ] 117.36.116.73 /cnconsum/Public/Uploads/addImage/%E4%B9%9D%E9%83%A1%E5%BC%98%E5%95%86%E8%B4%B8%E7%92%9F%E6%B3%B0%E7%83%9F%E9%85%92%E8%8C%B6%E5%95%86%E8%A1%8C.png
INFO: [ app_init ] --START--
INFO: Run Behavior\BuildLiteBehavior [ RunTime:0.000026s ]
INFO: [ app_init ] --END-- [ RunTime:0.000508s ]
ERR: 无法加载模块:Public

[ 2016-11-03T17:52:38+08:00 ] 101.226.125.15 /cnconsum/Public/js/registers.js
INFO: [ app_init ] --START--
INFO: Run Behavior\BuildLiteBehavior [ RunTime:0.000023s ]
INFO: [ app_init ] --END-- [ RunTime:0.000457s ]
ERR: 无法加载模块:Public

[ 2016-11-03T17:52:51+08:00 ] 101.226.125.15 /cnconsum/Public/js/registers.js
INFO: [ app_init ] --START--
INFO: Run Behavior\BuildLiteBehavior [ RunTime:0.000015s ]
INFO: [ app_init ] --END-- [ RunTime:0.000291s ]
ERR: 无法加载模块:Public

[ 2016-11-03T18:19:24+08:00 ] 117.36.116.73 /cnconsum/Public/js/registers.js
INFO: [ app_init ] --START--
INFO: Run Behavior\BuildLiteBehavior [ RunTime:0.000029s ]
INFO: [ app_init ] --END-- [ RunTime:0.000621s ]
ERR: 无法加载模块:Public

[ 2016-11-03T18:20:51+08:00 ] 117.36.116.73 /cnconsum/Public/Uploads/addImage/%E9%A2%86%E7%A7%80%E7%9A%AE%E5%85%B7.png
INFO: [ app_init ] --START--
INFO: Run Behavior\BuildLiteBehavior [ RunTime:0.000015s ]
INFO: [ app_init ] --END-- [ RunTime:0.000293s ]
ERR: 无法加载模块:Public

[ 2016-11-03T18:20:52+08:00 ] 117.36.116.73 /cnconsum/Public/Uploads/addImage/%E7%8E%8B%E5%A4%A7%E7%88%B7%E7%83%A7%E7%83%A4.png
INFO: [ app_init ] --START--
INFO: Run Behavior\BuildLiteBehavior [ RunTime:0.000016s ]
INFO: [ app_init ] --END-- [ RunTime:0.000314s ]
ERR: 无法加载模块:Public

[ 2016-11-03T18:20:52+08:00 ] 117.36.116.73 /cnconsum/Public/Uploads/addImage/%E5%B0%9A%E8%89%BA%E8%BD%A9_0002.png
INFO: [ app_init ] --START--
INFO: Run Behavior\BuildLiteBehavior [ RunTime:0.000023s ]
INFO: [ app_init ] --END-- [ RunTime:0.000441s ]
ERR: 无法加载模块:Public

[ 2016-11-03T18:20:52+08:00 ] 117.36.116.73 /cnconsum/Public/Uploads/addImage/%E4%B9%9D%E9%83%A1%E5%BC%98%E5%95%86%E8%B4%B8%E7%92%9F%E6%B3%B0%E7%83%9F%E9%85%92%E8%8C%B6%E5%95%86%E8%A1%8C.png
INFO: [ app_init ] --START--
INFO: Run Behavior\BuildLiteBehavior [ RunTime:0.000016s ]
INFO: [ app_init ] --END-- [ RunTime:0.000517s ]
ERR: 无法加载模块:Public

