[ 2016-10-31T09:28:44+08:00 ] 113.132.9.50 /cnconsum/Public/Uploads/licenseImage/m_20db380de9.png
INFO: [ app_init ] --START--
INFO: Run Behavior\BuildLiteBehavior [ RunTime:0.000014s ]
INFO: [ app_init ] --END-- [ RunTime:0.000321s ]
ERR: 无法加载模块:Public

[ 2016-10-31T09:28:44+08:00 ] 113.132.9.50 /cnconsum/Public/Uploads/houseImage/m_20db380de9_01.png
INFO: [ app_init ] --START--
INFO: Run Behavior\BuildLiteBehavior [ RunTime:0.000014s ]
INFO: [ app_init ] --END-- [ RunTime:0.000259s ]
ERR: 无法加载模块:Public

[ 2016-10-31T09:28:44+08:00 ] 113.132.9.50 /cnconsum/Public/Uploads/houseImage/m_20db380de9_02.png
INFO: [ app_init ] --START--
INFO: Run Behavior\BuildLiteBehavior [ RunTime:0.000020s ]
INFO: [ app_init ] --END-- [ RunTime:0.000407s ]
ERR: 无法加载模块:Public

[ 2016-10-31T09:28:44+08:00 ] 113.132.9.50 /cnconsum/Public/Uploads/tenancyImage/m_20db380de9_01.png
INFO: [ app_init ] --START--
INFO: Run Behavior\BuildLiteBehavior [ RunTime:0.000014s ]
INFO: [ app_init ] --END-- [ RunTime:0.000267s ]
ERR: 无法加载模块:Public

[ 2016-10-31T09:28:44+08:00 ] 113.132.9.50 /cnconsum/Public/Uploads/tenancyImage/m_20db380de9_02.png
INFO: [ app_init ] --START--
INFO: Run Behavior\BuildLiteBehavior [ RunTime:0.000018s ]
INFO: [ app_init ] --END-- [ RunTime:0.000394s ]
ERR: 无法加载模块:Public

[ 2016-10-31T09:28:44+08:00 ] 113.132.9.50 /cnconsum/Public/Uploads/lpImage/m_20db380de9.png
INFO: [ app_init ] --START--
INFO: Run Behavior\BuildLiteBehavior [ RunTime:0.000015s ]
INFO: [ app_init ] --END-- [ RunTime:0.000292s ]
ERR: 无法加载模块:Public

[ 2016-10-31T09:28:44+08:00 ] 113.132.9.50 /cnconsum/Public/Uploads/addImage/m_20db380de9.png
INFO: [ app_init ] --START--
INFO: Run Behavior\BuildLiteBehavior [ RunTime:0.000014s ]
INFO: [ app_init ] --END-- [ RunTime:0.000261s ]
ERR: 无法加载模块:Public

[ 2016-10-31T09:28:45+08:00 ] 113.132.9.50 /cnconsum/Public/Uploads/wepImage/m_20db380de9.png
INFO: [ app_init ] --START--
INFO: Run Behavior\BuildLiteBehavior [ RunTime:0.000017s ]
INFO: [ app_init ] --END-- [ RunTime:0.000331s ]
ERR: 无法加载模块:Public

[ 2016-10-31T09:30:59+08:00 ] 113.132.9.50 /cnconsum/Public/Uploads/addImage/face_02.jpg
INFO: [ app_init ] --START--
INFO: Run Behavior\BuildLiteBehavior [ RunTime:0.000014s ]
INFO: [ app_init ] --END-- [ RunTime:0.000293s ]
ERR: 无法加载模块:Public

[ 2016-10-31T09:30:59+08:00 ] 113.132.9.50 /cnconsum/Public/Uploads/addImage/%E9%A2%86%E7%A7%80%E7%9A%AE%E5%85%B7.png
INFO: [ app_init ] --START--
INFO: Run Behavior\BuildLiteBehavior [ RunTime:0.000012s ]
INFO: [ app_init ] --END-- [ RunTime:0.000251s ]
ERR: 无法加载模块:Public

[ 2016-10-31T09:30:59+08:00 ] 113.132.9.50 /cnconsum/Public/Uploads/addImage/%E5%B0%9A%E8%89%BA%E8%BD%A9_0002.png
INFO: [ app_init ] --START--
INFO: Run Behavior\BuildLiteBehavior [ RunTime:0.000021s ]
INFO: [ app_init ] --END-- [ RunTime:0.000321s ]
ERR: 无法加载模块:Public

[ 2016-10-31T09:30:59+08:00 ] 113.132.9.50 /cnconsum/Public/Uploads/addImage/%E7%8E%8B%E5%A4%A7%E7%88%B7%E7%83%A7%E7%83%A4.png
INFO: [ app_init ] --START--
INFO: Run Behavior\BuildLiteBehavior [ RunTime:0.000017s ]
INFO: [ app_init ] --END-- [ RunTime:0.000307s ]
ERR: 无法加载模块:Public

[ 2016-10-31T09:30:59+08:00 ] 113.132.9.50 /cnconsum/Public/Uploads/addImage/%E4%B9%9D%E9%83%A1%E5%BC%98%E5%95%86%E8%B4%B8%E7%92%9F%E6%B3%B0%E7%83%9F%E9%85%92%E8%8C%B6%E5%95%86%E8%A1%8C.png
INFO: [ app_init ] --START--
INFO: Run Behavior\BuildLiteBehavior [ RunTime:0.000018s ]
INFO: [ app_init ] --END-- [ RunTime:0.000608s ]
ERR: 无法加载模块:Public

[ 2016-10-31T09:46:05+08:00 ] 113.132.9.50 /cnconsum/Public/Uploads/licenseImage/m_20db380de9.png
INFO: [ app_init ] --START--
INFO: Run Behavior\BuildLiteBehavior [ RunTime:0.000015s ]
INFO: [ app_init ] --END-- [ RunTime:0.000383s ]
ERR: 无法加载模块:Public

[ 2016-10-31T09:46:05+08:00 ] 113.132.9.50 /cnconsum/Public/Uploads/houseImage/m_20db380de9_01.png
INFO: [ app_init ] --START--
INFO: Run Behavior\BuildLiteBehavior [ RunTime:0.000014s ]
INFO: [ app_init ] --END-- [ RunTime:0.000343s ]
ERR: 无法加载模块:Public

[ 2016-10-31T09:46:05+08:00 ] 113.132.9.50 /cnconsum/Public/Uploads/houseImage/m_20db380de9_02.png
INFO: [ app_init ] --START--
INFO: Run Behavior\BuildLiteBehavior [ RunTime:0.000019s ]
INFO: [ app_init ] --END-- [ RunTime:0.000391s ]
ERR: 无法加载模块:Public

[ 2016-10-31T09:46:05+08:00 ] 113.132.9.50 /cnconsum/Public/Uploads/tenancyImage/m_20db380de9_01.png
INFO: [ app_init ] --START--
INFO: Run Behavior\BuildLiteBehavior [ RunTime:0.000014s ]
INFO: [ app_init ] --END-- [ RunTime:0.000270s ]
ERR: 无法加载模块:Public

[ 2016-10-31T09:46:05+08:00 ] 113.132.9.50 /cnconsum/Public/Uploads/tenancyImage/m_20db380de9_02.png
INFO: [ app_init ] --START--
INFO: Run Behavior\BuildLiteBehavior [ RunTime:0.000014s ]
INFO: [ app_init ] --END-- [ RunTime:0.000291s ]
ERR: 无法加载模块:Public

[ 2016-10-31T09:46:05+08:00 ] 113.132.9.50 /cnconsum/Public/Uploads/lpImage/m_20db380de9.png
INFO: [ app_init ] --START--
INFO: Run Behavior\BuildLiteBehavior [ RunTime:0.000014s ]
INFO: [ app_init ] --END-- [ RunTime:0.000275s ]
ERR: 无法加载模块:Public

[ 2016-10-31T09:46:06+08:00 ] 113.132.9.50 /cnconsum/Public/Uploads/addImage/m_20db380de9.png
INFO: [ app_init ] --START--
INFO: Run Behavior\BuildLiteBehavior [ RunTime:0.000020s ]
INFO: [ app_init ] --END-- [ RunTime:0.000317s ]
ERR: 无法加载模块:Public

[ 2016-10-31T09:46:06+08:00 ] 113.132.9.50 /cnconsum/Public/Uploads/wepImage/m_20db380de9.png
INFO: [ app_init ] --START--
INFO: Run Behavior\BuildLiteBehavior [ RunTime:0.000021s ]
INFO: [ app_init ] --END-- [ RunTime:0.000333s ]
ERR: 无法加载模块:Public

[ 2016-10-31T09:51:34+08:00 ] 113.132.9.50 /cnconsum/Public/Uploads/addImage/face_02.jpg
INFO: [ app_init ] --START--
INFO: Run Behavior\BuildLiteBehavior [ RunTime:0.000015s ]
INFO: [ app_init ] --END-- [ RunTime:0.000325s ]
ERR: 无法加载模块:Public

[ 2016-10-31T09:51:34+08:00 ] 113.132.9.50 /cnconsum/Public/Uploads/addImage/%E9%A2%86%E7%A7%80%E7%9A%AE%E5%85%B7.png
INFO: [ app_init ] --START--
INFO: Run Behavior\BuildLiteBehavior [ RunTime:0.000022s ]
INFO: [ app_init ] --END-- [ RunTime:0.000311s ]
ERR: 无法加载模块:Public

[ 2016-10-31T09:51:34+08:00 ] 113.132.9.50 /cnconsum/Public/Uploads/addImage/%E5%B0%9A%E8%89%BA%E8%BD%A9_0002.png
INFO: [ app_init ] --START--
INFO: Run Behavior\BuildLiteBehavior [ RunTime:0.000013s ]
INFO: [ app_init ] --END-- [ RunTime:0.000261s ]
ERR: 无法加载模块:Public

[ 2016-10-31T09:51:34+08:00 ] 113.132.9.50 /cnconsum/Public/Uploads/addImage/%E7%8E%8B%E5%A4%A7%E7%88%B7%E7%83%A7%E7%83%A4.png
INFO: [ app_init ] --START--
INFO: Run Behavior\BuildLiteBehavior [ RunTime:0.000014s ]
INFO: [ app_init ] --END-- [ RunTime:0.000306s ]
ERR: 无法加载模块:Public

[ 2016-10-31T09:51:34+08:00 ] 113.132.9.50 /cnconsum/Public/Uploads/addImage/%E4%B9%9D%E9%83%A1%E5%BC%98%E5%95%86%E8%B4%B8%E7%92%9F%E6%B3%B0%E7%83%9F%E9%85%92%E8%8C%B6%E5%95%86%E8%A1%8C.png
INFO: [ app_init ] --START--
INFO: Run Behavior\BuildLiteBehavior [ RunTime:0.000015s ]
INFO: [ app_init ] --END-- [ RunTime:0.000323s ]
ERR: 无法加载模块:Public

[ 2016-10-31T09:54:06+08:00 ] 113.132.9.50 /cnconsum/Public/Uploads/licenseImage/m_20db380de9.png
INFO: [ app_init ] --START--
INFO: Run Behavior\BuildLiteBehavior [ RunTime:0.000019s ]
INFO: [ app_init ] --END-- [ RunTime:0.000293s ]
ERR: 无法加载模块:Public

[ 2016-10-31T09:54:06+08:00 ] 113.132.9.50 /cnconsum/Public/Uploads/houseImage/m_20db380de9_01.png
INFO: [ app_init ] --START--
INFO: Run Behavior\BuildLiteBehavior [ RunTime:0.000031s ]
INFO: [ app_init ] --END-- [ RunTime:0.000303s ]
ERR: 无法加载模块:Public

[ 2016-10-31T09:54:06+08:00 ] 113.132.9.50 /cnconsum/Public/Uploads/houseImage/m_20db380de9_02.png
INFO: [ app_init ] --START--
INFO: Run Behavior\BuildLiteBehavior [ RunTime:0.000013s ]
INFO: [ app_init ] --END-- [ RunTime:0.000301s ]
ERR: 无法加载模块:Public

[ 2016-10-31T09:54:06+08:00 ] 113.132.9.50 /cnconsum/Public/Uploads/tenancyImage/m_20db380de9_01.png
INFO: [ app_init ] --START--
INFO: Run Behavior\BuildLiteBehavior [ RunTime:0.000021s ]
INFO: [ app_init ] --END-- [ RunTime:0.000412s ]
ERR: 无法加载模块:Public

[ 2016-10-31T09:54:07+08:00 ] 113.132.9.50 /cnconsum/Public/Uploads/tenancyImage/m_20db380de9_02.png
INFO: [ app_init ] --START--
INFO: Run Behavior\BuildLiteBehavior [ RunTime:0.000024s ]
INFO: [ app_init ] --END-- [ RunTime:0.000340s ]
ERR: 无法加载模块:Public

[ 2016-10-31T09:54:07+08:00 ] 113.132.9.50 /cnconsum/Public/Uploads/lpImage/m_20db380de9.png
INFO: [ app_init ] --START--
INFO: Run Behavior\BuildLiteBehavior [ RunTime:0.000014s ]
INFO: [ app_init ] --END-- [ RunTime:0.000289s ]
ERR: 无法加载模块:Public

[ 2016-10-31T09:54:07+08:00 ] 113.132.9.50 /cnconsum/Public/Uploads/addImage/m_20db380de9.png
INFO: [ app_init ] --START--
INFO: Run Behavior\BuildLiteBehavior [ RunTime:0.000014s ]
INFO: [ app_init ] --END-- [ RunTime:0.000259s ]
ERR: 无法加载模块:Public

[ 2016-10-31T09:54:07+08:00 ] 113.132.9.50 /cnconsum/Public/Uploads/wepImage/m_20db380de9.png
INFO: [ app_init ] --START--
INFO: Run Behavior\BuildLiteBehavior [ RunTime:0.000020s ]
INFO: [ app_init ] --END-- [ RunTime:0.000279s ]
ERR: 无法加载模块:Public

[ 2016-10-31T09:54:15+08:00 ] 113.132.9.50 /cnconsum/Public/Uploads/addImage/%E7%8E%8B%E5%A4%A7%E7%88%B7%E7%83%A7%E7%83%A4.png
INFO: [ app_init ] --START--
INFO: Run Behavior\BuildLiteBehavior [ RunTime:0.000014s ]
INFO: [ app_init ] --END-- [ RunTime:0.000325s ]
ERR: 无法加载模块:Public

[ 2016-10-31T09:54:18+08:00 ] 113.132.9.50 /cnconsum/Public/Uploads/addImage/%E5%B0%9A%E8%89%BA%E8%BD%A9_0002.png
INFO: [ app_init ] --START--
INFO: Run Behavior\BuildLiteBehavior [ RunTime:0.000015s ]
INFO: [ app_init ] --END-- [ RunTime:0.000283s ]
ERR: 无法加载模块:Public

[ 2016-10-31T09:54:22+08:00 ] 113.132.9.50 /cnconsum/Public/Uploads/addImage/%E4%B9%9D%E9%83%A1%E5%BC%98%E5%95%86%E8%B4%B8%E7%92%9F%E6%B3%B0%E7%83%9F%E9%85%92%E8%8C%B6%E5%95%86%E8%A1%8C.png
INFO: [ app_init ] --START--
INFO: Run Behavior\BuildLiteBehavior [ RunTime:0.000013s ]
INFO: [ app_init ] --END-- [ RunTime:0.000285s ]
ERR: 无法加载模块:Public

[ 2016-10-31T09:54:28+08:00 ] 113.132.9.50 /cnconsum/Public/Uploads/addImage/%E9%A2%86%E7%A7%80%E7%9A%AE%E5%85%B7.png
INFO: [ app_init ] --START--
INFO: Run Behavior\BuildLiteBehavior [ RunTime:0.000015s ]
INFO: [ app_init ] --END-- [ RunTime:0.000340s ]
ERR: 无法加载模块:Public

[ 2016-10-31T09:54:28+08:00 ] 113.132.9.50 /cnconsum/Public/Uploads/addImage/%E5%B0%9A%E8%89%BA%E8%BD%A9_0002.png
INFO: [ app_init ] --START--
INFO: Run Behavior\BuildLiteBehavior [ RunTime:0.000011s ]
INFO: [ app_init ] --END-- [ RunTime:0.000248s ]
ERR: 无法加载模块:Public

[ 2016-10-31T09:54:28+08:00 ] 113.132.9.50 /cnconsum/Public/Uploads/addImage/%E7%8E%8B%E5%A4%A7%E7%88%B7%E7%83%A7%E7%83%A4.png
INFO: [ app_init ] --START--
INFO: Run Behavior\BuildLiteBehavior [ RunTime:0.000018s ]
INFO: [ app_init ] --END-- [ RunTime:0.000287s ]
ERR: 无法加载模块:Public

[ 2016-10-31T09:54:28+08:00 ] 113.132.9.50 /cnconsum/Public/Uploads/addImage/face_02.jpg
INFO: [ app_init ] --START--
INFO: Run Behavior\BuildLiteBehavior [ RunTime:0.000017s ]
INFO: [ app_init ] --END-- [ RunTime:0.000297s ]
ERR: 无法加载模块:Public

[ 2016-10-31T09:57:06+08:00 ] 113.132.9.50 /cnconsum/Public/Uploads/addImage/face_02.jpg
INFO: [ app_init ] --START--
INFO: Run Behavior\BuildLiteBehavior [ RunTime:0.000016s ]
INFO: [ app_init ] --END-- [ RunTime:0.000309s ]
ERR: 无法加载模块:Public

[ 2016-10-31T09:57:06+08:00 ] 113.132.9.50 /cnconsum/Public/Uploads/addImage/%E9%A2%86%E7%A7%80%E7%9A%AE%E5%85%B7.png
INFO: [ app_init ] --START--
INFO: Run Behavior\BuildLiteBehavior [ RunTime:0.000019s ]
INFO: [ app_init ] --END-- [ RunTime:0.000293s ]
ERR: 无法加载模块:Public

[ 2016-10-31T09:57:06+08:00 ] 113.132.9.50 /cnconsum/Public/Uploads/addImage/%E5%B0%9A%E8%89%BA%E8%BD%A9_0002.png
INFO: [ app_init ] --START--
INFO: Run Behavior\BuildLiteBehavior [ RunTime:0.000019s ]
INFO: [ app_init ] --END-- [ RunTime:0.000367s ]
ERR: 无法加载模块:Public

[ 2016-10-31T09:57:06+08:00 ] 113.132.9.50 /cnconsum/Public/Uploads/addImage/%E7%8E%8B%E5%A4%A7%E7%88%B7%E7%83%A7%E7%83%A4.png
INFO: [ app_init ] --START--
INFO: Run Behavior\BuildLiteBehavior [ RunTime:0.000013s ]
INFO: [ app_init ] --END-- [ RunTime:0.000521s ]
ERR: 无法加载模块:Public

[ 2016-10-31T09:57:06+08:00 ] 113.132.9.50 /cnconsum/Public/Uploads/addImage/%E4%B9%9D%E9%83%A1%E5%BC%98%E5%95%86%E8%B4%B8%E7%92%9F%E6%B3%B0%E7%83%9F%E9%85%92%E8%8C%B6%E5%95%86%E8%A1%8C.png
INFO: [ app_init ] --START--
INFO: Run Behavior\BuildLiteBehavior [ RunTime:0.000014s ]
INFO: [ app_init ] --END-- [ RunTime:0.000305s ]
ERR: 无法加载模块:Public

[ 2016-10-31T10:02:55+08:00 ] 113.132.9.50 /cnconsum/Public/Uploads/licenseImage/m_20db380de9.png
INFO: [ app_init ] --START--
INFO: Run Behavior\BuildLiteBehavior [ RunTime:0.000015s ]
INFO: [ app_init ] --END-- [ RunTime:0.000321s ]
ERR: 无法加载模块:Public

[ 2016-10-31T10:02:55+08:00 ] 113.132.9.50 /cnconsum/Public/Uploads/houseImage/m_20db380de9_01.png
INFO: [ app_init ] --START--
INFO: Run Behavior\BuildLiteBehavior [ RunTime:0.000012s ]
INFO: [ app_init ] --END-- [ RunTime:0.000247s ]
ERR: 无法加载模块:Public

[ 2016-10-31T10:02:55+08:00 ] 113.132.9.50 /cnconsum/Public/Uploads/houseImage/m_20db380de9_02.png
INFO: [ app_init ] --START--
INFO: Run Behavior\BuildLiteBehavior [ RunTime:0.000012s ]
INFO: [ app_init ] --END-- [ RunTime:0.000243s ]
ERR: 无法加载模块:Public

[ 2016-10-31T10:02:55+08:00 ] 113.132.9.50 /cnconsum/Public/Uploads/tenancyImage/m_20db380de9_01.png
INFO: [ app_init ] --START--
INFO: Run Behavior\BuildLiteBehavior [ RunTime:0.000013s ]
INFO: [ app_init ] --END-- [ RunTime:0.000288s ]
ERR: 无法加载模块:Public

[ 2016-10-31T10:02:55+08:00 ] 113.132.9.50 /cnconsum/Public/Uploads/tenancyImage/m_20db380de9_02.png
INFO: [ app_init ] --START--
INFO: Run Behavior\BuildLiteBehavior [ RunTime:0.000019s ]
INFO: [ app_init ] --END-- [ RunTime:0.000274s ]
ERR: 无法加载模块:Public

[ 2016-10-31T10:02:55+08:00 ] 113.132.9.50 /cnconsum/Public/Uploads/lpImage/m_20db380de9.png
INFO: [ app_init ] --START--
INFO: Run Behavior\BuildLiteBehavior [ RunTime:0.000013s ]
INFO: [ app_init ] --END-- [ RunTime:0.000254s ]
ERR: 无法加载模块:Public

[ 2016-10-31T10:02:55+08:00 ] 113.132.9.50 /cnconsum/Public/Uploads/addImage/m_20db380de9.png
INFO: [ app_init ] --START--
INFO: Run Behavior\BuildLiteBehavior [ RunTime:0.000018s ]
INFO: [ app_init ] --END-- [ RunTime:0.000341s ]
ERR: 无法加载模块:Public

[ 2016-10-31T10:02:55+08:00 ] 113.132.9.50 /cnconsum/Public/Uploads/wepImage/m_20db380de9.png
INFO: [ app_init ] --START--
INFO: Run Behavior\BuildLiteBehavior [ RunTime:0.000018s ]
INFO: [ app_init ] --END-- [ RunTime:0.000270s ]
ERR: 无法加载模块:Public

[ 2016-10-31T10:05:39+08:00 ] 113.132.9.50 /cnconsum/Public/Uploads/licenseImage/m_20db380de9.png
INFO: [ app_init ] --START--
INFO: Run Behavior\BuildLiteBehavior [ RunTime:0.000014s ]
INFO: [ app_init ] --END-- [ RunTime:0.000260s ]
ERR: 无法加载模块:Public

[ 2016-10-31T10:05:39+08:00 ] 113.132.9.50 /cnconsum/Public/Uploads/houseImage/m_20db380de9_01.png
INFO: [ app_init ] --START--
INFO: Run Behavior\BuildLiteBehavior [ RunTime:0.000013s ]
INFO: [ app_init ] --END-- [ RunTime:0.000258s ]
ERR: 无法加载模块:Public

[ 2016-10-31T10:05:39+08:00 ] 113.132.9.50 /cnconsum/Public/Uploads/houseImage/m_20db380de9_02.png
INFO: [ app_init ] --START--
INFO: Run Behavior\BuildLiteBehavior [ RunTime:0.000016s ]
INFO: [ app_init ] --END-- [ RunTime:0.000276s ]
ERR: 无法加载模块:Public

[ 2016-10-31T10:05:39+08:00 ] 113.132.9.50 /cnconsum/Public/Uploads/tenancyImage/m_20db380de9_01.png
INFO: [ app_init ] --START--
INFO: Run Behavior\BuildLiteBehavior [ RunTime:0.000023s ]
INFO: [ app_init ] --END-- [ RunTime:0.000332s ]
ERR: 无法加载模块:Public

[ 2016-10-31T10:05:39+08:00 ] 113.132.9.50 /cnconsum/Public/Uploads/tenancyImage/m_20db380de9_02.png
INFO: [ app_init ] --START--
INFO: Run Behavior\BuildLiteBehavior [ RunTime:0.000019s ]
INFO: [ app_init ] --END-- [ RunTime:0.000456s ]
ERR: 无法加载模块:Public

[ 2016-10-31T10:05:39+08:00 ] 113.132.9.50 /cnconsum/Public/Uploads/lpImage/m_20db380de9.png
INFO: [ app_init ] --START--
INFO: Run Behavior\BuildLiteBehavior [ RunTime:0.000016s ]
INFO: [ app_init ] --END-- [ RunTime:0.000367s ]
ERR: 无法加载模块:Public

[ 2016-10-31T10:05:39+08:00 ] 113.132.9.50 /cnconsum/Public/Uploads/addImage/m_20db380de9.png
INFO: [ app_init ] --START--
INFO: Run Behavior\BuildLiteBehavior [ RunTime:0.000016s ]
INFO: [ app_init ] --END-- [ RunTime:0.000295s ]
ERR: 无法加载模块:Public

[ 2016-10-31T10:05:39+08:00 ] 113.132.9.50 /cnconsum/Public/Uploads/wepImage/m_20db380de9.png
INFO: [ app_init ] --START--
INFO: Run Behavior\BuildLiteBehavior [ RunTime:0.000013s ]
INFO: [ app_init ] --END-- [ RunTime:0.000252s ]
ERR: 无法加载模块:Public

[ 2016-10-31T10:23:39+08:00 ] 113.132.9.50 /cnconsum/Public/Uploads/addImage/face_02.jpg
INFO: [ app_init ] --START--
INFO: Run Behavior\BuildLiteBehavior [ RunTime:0.000032s ]
INFO: [ app_init ] --END-- [ RunTime:0.000461s ]
ERR: 无法加载模块:Public

[ 2016-10-31T10:23:39+08:00 ] 113.132.9.50 /cnconsum/Public/Uploads/addImage/%E9%A2%86%E7%A7%80%E7%9A%AE%E5%85%B7.png
INFO: [ app_init ] --START--
INFO: Run Behavior\BuildLiteBehavior [ RunTime:0.000021s ]
INFO: [ app_init ] --END-- [ RunTime:0.000387s ]
ERR: 无法加载模块:Public

[ 2016-10-31T10:23:39+08:00 ] 113.132.9.50 /cnconsum/Public/Uploads/addImage/%E5%B0%9A%E8%89%BA%E8%BD%A9_0002.png
INFO: [ app_init ] --START--
INFO: Run Behavior\BuildLiteBehavior [ RunTime:0.000024s ]
INFO: [ app_init ] --END-- [ RunTime:0.000454s ]
ERR: 无法加载模块:Public

[ 2016-10-31T10:23:39+08:00 ] 113.132.9.50 /cnconsum/Public/Uploads/addImage/%E7%8E%8B%E5%A4%A7%E7%88%B7%E7%83%A7%E7%83%A4.png
INFO: [ app_init ] --START--
INFO: Run Behavior\BuildLiteBehavior [ RunTime:0.000014s ]
INFO: [ app_init ] --END-- [ RunTime:0.000264s ]
ERR: 无法加载模块:Public

[ 2016-10-31T10:23:39+08:00 ] 113.132.9.50 /cnconsum/Public/Uploads/addImage/%E4%B9%9D%E9%83%A1%E5%BC%98%E5%95%86%E8%B4%B8%E7%92%9F%E6%B3%B0%E7%83%9F%E9%85%92%E8%8C%B6%E5%95%86%E8%A1%8C.png
INFO: [ app_init ] --START--
INFO: Run Behavior\BuildLiteBehavior [ RunTime:0.000018s ]
INFO: [ app_init ] --END-- [ RunTime:0.000275s ]
ERR: 无法加载模块:Public

[ 2016-10-31T10:24:07+08:00 ] 113.132.9.50 /cnconsum/Public/Uploads/addImage/%E9%A2%86%E7%A7%80%E7%9A%AE%E5%85%B7.png
INFO: [ app_init ] --START--
INFO: Run Behavior\BuildLiteBehavior [ RunTime:0.000014s ]
INFO: [ app_init ] --END-- [ RunTime:0.000302s ]
ERR: 无法加载模块:Public

[ 2016-10-31T10:24:07+08:00 ] 113.132.9.50 /cnconsum/Public/Uploads/addImage/%E5%B0%9A%E8%89%BA%E8%BD%A9_0002.png
INFO: [ app_init ] --START--
INFO: Run Behavior\BuildLiteBehavior [ RunTime:0.000020s ]
INFO: [ app_init ] --END-- [ RunTime:0.000405s ]
ERR: 无法加载模块:Public

[ 2016-10-31T10:24:07+08:00 ] 113.132.9.50 /cnconsum/Public/Uploads/addImage/%E7%8E%8B%E5%A4%A7%E7%88%B7%E7%83%A7%E7%83%A4.png
INFO: [ app_init ] --START--
INFO: Run Behavior\BuildLiteBehavior [ RunTime:0.000016s ]
INFO: [ app_init ] --END-- [ RunTime:0.000301s ]
ERR: 无法加载模块:Public

[ 2016-10-31T10:24:07+08:00 ] 113.132.9.50 /cnconsum/Public/Uploads/addImage/face_02.jpg
INFO: [ app_init ] --START--
INFO: Run Behavior\BuildLiteBehavior [ RunTime:0.000016s ]
INFO: [ app_init ] --END-- [ RunTime:0.000273s ]
ERR: 无法加载模块:Public

[ 2016-10-31T10:24:10+08:00 ] 113.132.9.50 /cnconsum/Public/Uploads/addImage/%E9%A2%86%E7%A7%80%E7%9A%AE%E5%85%B7.png
INFO: [ app_init ] --START--
INFO: Run Behavior\BuildLiteBehavior [ RunTime:0.000012s ]
INFO: [ app_init ] --END-- [ RunTime:0.000277s ]
ERR: 无法加载模块:Public

[ 2016-10-31T10:24:10+08:00 ] 113.132.9.50 /cnconsum/Public/Uploads/addImage/%E5%B0%9A%E8%89%BA%E8%BD%A9_0002.png
INFO: [ app_init ] --START--
INFO: Run Behavior\BuildLiteBehavior [ RunTime:0.000017s ]
INFO: [ app_init ] --END-- [ RunTime:0.000264s ]
ERR: 无法加载模块:Public

[ 2016-10-31T10:24:10+08:00 ] 113.132.9.50 /cnconsum/Public/Uploads/addImage/%E7%8E%8B%E5%A4%A7%E7%88%B7%E7%83%A7%E7%83%A4.png
INFO: [ app_init ] --START--
INFO: Run Behavior\BuildLiteBehavior [ RunTime:0.000012s ]
INFO: [ app_init ] --END-- [ RunTime:0.000250s ]
ERR: 无法加载模块:Public

[ 2016-10-31T10:24:10+08:00 ] 113.132.9.50 /cnconsum/Public/Uploads/addImage/face_02.jpg
INFO: [ app_init ] --START--
INFO: Run Behavior\BuildLiteBehavior [ RunTime:0.000013s ]
INFO: [ app_init ] --END-- [ RunTime:0.000317s ]
ERR: 无法加载模块:Public

[ 2016-10-31T10:24:10+08:00 ] 113.132.9.50 /cnconsum/Public/Uploads/addImage/%E9%A2%86%E7%A7%80%E7%9A%AE%E5%85%B7.png
INFO: [ app_init ] --START--
INFO: Run Behavior\BuildLiteBehavior [ RunTime:0.000070s ]
INFO: [ app_init ] --END-- [ RunTime:0.000522s ]
ERR: 无法加载模块:Public

[ 2016-10-31T10:24:10+08:00 ] 113.132.9.50 /cnconsum/Public/Uploads/addImage/%E5%B0%9A%E8%89%BA%E8%BD%A9_0002.png
INFO: [ app_init ] --START--
INFO: Run Behavior\BuildLiteBehavior [ RunTime:0.000012s ]
INFO: [ app_init ] --END-- [ RunTime:0.000244s ]
ERR: 无法加载模块:Public

[ 2016-10-31T10:24:37+08:00 ] 113.132.9.50 /cnconsum/Public/Uploads/addImage/%E9%A2%86%E7%A7%80%E7%9A%AE%E5%85%B7.png
INFO: [ app_init ] --START--
INFO: Run Behavior\BuildLiteBehavior [ RunTime:0.000016s ]
INFO: [ app_init ] --END-- [ RunTime:0.000363s ]
ERR: 无法加载模块:Public

[ 2016-10-31T10:24:37+08:00 ] 113.132.9.50 /cnconsum/Public/Uploads/addImage/%E5%B0%9A%E8%89%BA%E8%BD%A9_0002.png
INFO: [ app_init ] --START--
INFO: Run Behavior\BuildLiteBehavior [ RunTime:0.000012s ]
INFO: [ app_init ] --END-- [ RunTime:0.000249s ]
ERR: 无法加载模块:Public

[ 2016-10-31T10:24:38+08:00 ] 113.132.9.50 /cnconsum/Public/Uploads/addImage/face_02.jpg
INFO: [ app_init ] --START--
INFO: Run Behavior\BuildLiteBehavior [ RunTime:0.000014s ]
INFO: [ app_init ] --END-- [ RunTime:0.000261s ]
ERR: 无法加载模块:Public

[ 2016-10-31T10:24:38+08:00 ] 113.132.9.50 /cnconsum/Public/Uploads/addImage/%E4%B9%9D%E9%83%A1%E5%BC%98%E5%95%86%E8%B4%B8%E7%92%9F%E6%B3%B0%E7%83%9F%E9%85%92%E8%8C%B6%E5%95%86%E8%A1%8C.png
INFO: [ app_init ] --START--
INFO: Run Behavior\BuildLiteBehavior [ RunTime:0.000050s ]
INFO: [ app_init ] --END-- [ RunTime:0.000475s ]
ERR: 无法加载模块:Public

[ 2016-10-31T10:24:52+08:00 ] 113.132.9.50 /cnconsum/Public/Uploads/addImage/%E5%B0%9A%E8%89%BA%E8%BD%A9_0002.png
INFO: [ app_init ] --START--
INFO: Run Behavior\BuildLiteBehavior [ RunTime:0.000014s ]
INFO: [ app_init ] --END-- [ RunTime:0.000309s ]
ERR: 无法加载模块:Public

[ 2016-10-31T10:24:52+08:00 ] 113.132.9.50 /cnconsum/Public/Uploads/addImage/%E9%A2%86%E7%A7%80%E7%9A%AE%E5%85%B7.png
INFO: [ app_init ] --START--
INFO: Run Behavior\BuildLiteBehavior [ RunTime:0.000015s ]
INFO: [ app_init ] --END-- [ RunTime:0.000275s ]
ERR: 无法加载模块:Public

[ 2016-10-31T10:24:52+08:00 ] 113.132.9.50 /cnconsum/Public/Uploads/addImage/face_02.jpg
INFO: [ app_init ] --START--
INFO: Run Behavior\BuildLiteBehavior [ RunTime:0.000013s ]
INFO: [ app_init ] --END-- [ RunTime:0.000260s ]
ERR: 无法加载模块:Public

[ 2016-10-31T10:24:53+08:00 ] 113.132.9.50 /cnconsum/Public/Uploads/addImage/%E4%B9%9D%E9%83%A1%E5%BC%98%E5%95%86%E8%B4%B8%E7%92%9F%E6%B3%B0%E7%83%9F%E9%85%92%E8%8C%B6%E5%95%86%E8%A1%8C.png
INFO: [ app_init ] --START--
INFO: Run Behavior\BuildLiteBehavior [ RunTime:0.000021s ]
INFO: [ app_init ] --END-- [ RunTime:0.000398s ]
ERR: 无法加载模块:Public

[ 2016-10-31T10:24:53+08:00 ] 113.132.9.50 /cnconsum/Public/Uploads/addImage/%E9%A2%86%E7%A7%80%E7%9A%AE%E5%85%B7.png
INFO: [ app_init ] --START--
INFO: Run Behavior\BuildLiteBehavior [ RunTime:0.000013s ]
INFO: [ app_init ] --END-- [ RunTime:0.000268s ]
ERR: 无法加载模块:Public

[ 2016-10-31T10:24:53+08:00 ] 113.132.9.50 /cnconsum/Public/Uploads/addImage/%E5%B0%9A%E8%89%BA%E8%BD%A9_0002.png
INFO: [ app_init ] --START--
INFO: Run Behavior\BuildLiteBehavior [ RunTime:0.000013s ]
INFO: [ app_init ] --END-- [ RunTime:0.000274s ]
ERR: 无法加载模块:Public

[ 2016-10-31T10:24:53+08:00 ] 113.132.9.50 /cnconsum/Public/Uploads/addImage/%E7%8E%8B%E5%A4%A7%E7%88%B7%E7%83%A7%E7%83%A4.png
INFO: [ app_init ] --START--
INFO: Run Behavior\BuildLiteBehavior [ RunTime:0.000013s ]
INFO: [ app_init ] --END-- [ RunTime:0.000259s ]
ERR: 无法加载模块:Public

[ 2016-10-31T10:24:53+08:00 ] 113.132.9.50 /cnconsum/Public/Uploads/addImage/face_02.jpg
INFO: [ app_init ] --START--
INFO: Run Behavior\BuildLiteBehavior [ RunTime:0.000013s ]
INFO: [ app_init ] --END-- [ RunTime:0.000312s ]
ERR: 无法加载模块:Public

[ 2016-10-31T10:24:53+08:00 ] 113.132.9.50 /cnconsum/Public/Uploads/addImage/%E9%A2%86%E7%A7%80%E7%9A%AE%E5%85%B7.png
INFO: [ app_init ] --START--
INFO: Run Behavior\BuildLiteBehavior [ RunTime:0.000014s ]
INFO: [ app_init ] --END-- [ RunTime:0.000260s ]
ERR: 无法加载模块:Public

[ 2016-10-31T10:24:53+08:00 ] 113.132.9.50 /cnconsum/Public/Uploads/addImage/%E5%B0%9A%E8%89%BA%E8%BD%A9_0002.png
INFO: [ app_init ] --START--
INFO: Run Behavior\BuildLiteBehavior [ RunTime:0.000012s ]
INFO: [ app_init ] --END-- [ RunTime:0.000276s ]
ERR: 无法加载模块:Public

[ 2016-10-31T10:24:53+08:00 ] 113.132.9.50 /cnconsum/Public/Uploads/addImage/%E7%8E%8B%E5%A4%A7%E7%88%B7%E7%83%A7%E7%83%A4.png
INFO: [ app_init ] --START--
INFO: Run Behavior\BuildLiteBehavior [ RunTime:0.000014s ]
INFO: [ app_init ] --END-- [ RunTime:0.000256s ]
ERR: 无法加载模块:Public

[ 2016-10-31T10:24:53+08:00 ] 113.132.9.50 /cnconsum/Public/Uploads/addImage/face_02.jpg
INFO: [ app_init ] --START--
INFO: Run Behavior\BuildLiteBehavior [ RunTime:0.000012s ]
INFO: [ app_init ] --END-- [ RunTime:0.000246s ]
ERR: 无法加载模块:Public

[ 2016-10-31T10:24:53+08:00 ] 113.132.9.50 /cnconsum/Public/Uploads/addImage/%E4%B9%9D%E9%83%A1%E5%BC%98%E5%95%86%E8%B4%B8%E7%92%9F%E6%B3%B0%E7%83%9F%E9%85%92%E8%8C%B6%E5%95%86%E8%A1%8C.png
INFO: [ app_init ] --START--
INFO: Run Behavior\BuildLiteBehavior [ RunTime:0.000014s ]
INFO: [ app_init ] --END-- [ RunTime:0.000263s ]
ERR: 无法加载模块:Public

[ 2016-10-31T10:41:41+08:00 ] 113.132.9.50 /cnconsum/Public/Uploads/addImage/face_02.jpg
INFO: [ app_init ] --START--
INFO: Run Behavior\BuildLiteBehavior [ RunTime:0.000014s ]
INFO: [ app_init ] --END-- [ RunTime:0.000370s ]
ERR: 无法加载模块:Public

[ 2016-10-31T10:41:41+08:00 ] 113.132.9.50 /cnconsum/Public/Uploads/addImage/%E9%A2%86%E7%A7%80%E7%9A%AE%E5%85%B7.png
INFO: [ app_init ] --START--
INFO: Run Behavior\BuildLiteBehavior [ RunTime:0.000013s ]
INFO: [ app_init ] --END-- [ RunTime:0.000375s ]
ERR: 无法加载模块:Public

[ 2016-10-31T10:41:42+08:00 ] 113.132.9.50 /cnconsum/Public/Uploads/addImage/%E5%B0%9A%E8%89%BA%E8%BD%A9_0002.png
INFO: [ app_init ] --START--
INFO: Run Behavior\BuildLiteBehavior [ RunTime:0.000013s ]
INFO: [ app_init ] --END-- [ RunTime:0.000259s ]
ERR: 无法加载模块:Public

[ 2016-10-31T10:41:42+08:00 ] 113.132.9.50 /cnconsum/Public/Uploads/addImage/%E7%8E%8B%E5%A4%A7%E7%88%B7%E7%83%A7%E7%83%A4.png
INFO: [ app_init ] --START--
INFO: Run Behavior\BuildLiteBehavior [ RunTime:0.000018s ]
INFO: [ app_init ] --END-- [ RunTime:0.000284s ]
ERR: 无法加载模块:Public

[ 2016-10-31T10:41:42+08:00 ] 113.132.9.50 /cnconsum/Public/Uploads/addImage/%E4%B9%9D%E9%83%A1%E5%BC%98%E5%95%86%E8%B4%B8%E7%92%9F%E6%B3%B0%E7%83%9F%E9%85%92%E8%8C%B6%E5%95%86%E8%A1%8C.png
INFO: [ app_init ] --START--
INFO: Run Behavior\BuildLiteBehavior [ RunTime:0.000014s ]
INFO: [ app_init ] --END-- [ RunTime:0.000257s ]
ERR: 无法加载模块:Public

[ 2016-10-31T10:48:28+08:00 ] 113.132.9.50 /cnconsum/Public/Uploads/addImage/face_02.jpg
INFO: [ app_init ] --START--
INFO: Run Behavior\BuildLiteBehavior [ RunTime:0.000013s ]
INFO: [ app_init ] --END-- [ RunTime:0.000258s ]
ERR: 无法加载模块:Public

[ 2016-10-31T10:48:40+08:00 ] 113.132.9.50 /cnconsum/Public/Uploads/addImage/face_02.jpg
INFO: [ app_init ] --START--
INFO: Run Behavior\BuildLiteBehavior [ RunTime:0.000015s ]
INFO: [ app_init ] --END-- [ RunTime:0.000318s ]
ERR: 无法加载模块:Public

[ 2016-10-31T10:48:40+08:00 ] 113.132.9.50 /cnconsum/Public/Uploads/addImage/%E5%B0%9A%E8%89%BA%E8%BD%A9_0002.png
INFO: [ app_init ] --START--
INFO: Run Behavior\BuildLiteBehavior [ RunTime:0.000014s ]
INFO: [ app_init ] --END-- [ RunTime:0.000282s ]
ERR: 无法加载模块:Public

[ 2016-10-31T10:48:40+08:00 ] 113.132.9.50 /cnconsum/Public/Uploads/addImage/%E9%A2%86%E7%A7%80%E7%9A%AE%E5%85%B7.png
INFO: [ app_init ] --START--
INFO: Run Behavior\BuildLiteBehavior [ RunTime:0.000012s ]
INFO: [ app_init ] --END-- [ RunTime:0.000286s ]
ERR: 无法加载模块:Public

[ 2016-10-31T10:48:40+08:00 ] 113.132.9.50 /cnconsum/Public/Uploads/addImage/%E7%8E%8B%E5%A4%A7%E7%88%B7%E7%83%A7%E7%83%A4.png
INFO: [ app_init ] --START--
INFO: Run Behavior\BuildLiteBehavior [ RunTime:0.000013s ]
INFO: [ app_init ] --END-- [ RunTime:0.000286s ]
ERR: 无法加载模块:Public

[ 2016-10-31T10:48:40+08:00 ] 113.132.9.50 /cnconsum/Public/Uploads/addImage/face_02.jpg
INFO: [ app_init ] --START--
INFO: Run Behavior\BuildLiteBehavior [ RunTime:0.000012s ]
INFO: [ app_init ] --END-- [ RunTime:0.000255s ]
ERR: 无法加载模块:Public

[ 2016-10-31T10:48:40+08:00 ] 113.132.9.50 /cnconsum/Public/Uploads/addImage/%E9%A2%86%E7%A7%80%E7%9A%AE%E5%85%B7.png
INFO: [ app_init ] --START--
INFO: Run Behavior\BuildLiteBehavior [ RunTime:0.000017s ]
INFO: [ app_init ] --END-- [ RunTime:0.000376s ]
ERR: 无法加载模块:Public

[ 2016-10-31T10:48:40+08:00 ] 113.132.9.50 /cnconsum/Public/Uploads/addImage/%E5%B0%9A%E8%89%BA%E8%BD%A9_0002.png
INFO: [ app_init ] --START--
INFO: Run Behavior\BuildLiteBehavior [ RunTime:0.000016s ]
INFO: [ app_init ] --END-- [ RunTime:0.000361s ]
ERR: 无法加载模块:Public

[ 2016-10-31T10:48:43+08:00 ] 113.132.9.50 /cnconsum/Public/Uploads/addImage/%E9%A2%86%E7%A7%80%E7%9A%AE%E5%85%B7.png
INFO: [ app_init ] --START--
INFO: Run Behavior\BuildLiteBehavior [ RunTime:0.000013s ]
INFO: [ app_init ] --END-- [ RunTime:0.000313s ]
ERR: 无法加载模块:Public

[ 2016-10-31T10:48:43+08:00 ] 113.132.9.50 /cnconsum/Public/Uploads/addImage/%E5%B0%9A%E8%89%BA%E8%BD%A9_0002.png
INFO: [ app_init ] --START--
INFO: Run Behavior\BuildLiteBehavior [ RunTime:0.000013s ]
INFO: [ app_init ] --END-- [ RunTime:0.000256s ]
ERR: 无法加载模块:Public

[ 2016-10-31T10:48:43+08:00 ] 113.132.9.50 /cnconsum/Public/Uploads/addImage/%E7%8E%8B%E5%A4%A7%E7%88%B7%E7%83%A7%E7%83%A4.png
INFO: [ app_init ] --START--
INFO: Run Behavior\BuildLiteBehavior [ RunTime:0.000014s ]
INFO: [ app_init ] --END-- [ RunTime:0.000259s ]
ERR: 无法加载模块:Public

[ 2016-10-31T10:48:43+08:00 ] 113.132.9.50 /cnconsum/Public/Uploads/addImage/face_02.jpg
INFO: [ app_init ] --START--
INFO: Run Behavior\BuildLiteBehavior [ RunTime:0.000014s ]
INFO: [ app_init ] --END-- [ RunTime:0.000289s ]
ERR: 无法加载模块:Public

[ 2016-10-31T10:48:43+08:00 ] 113.132.9.50 /cnconsum/Public/Uploads/addImage/%E9%A2%86%E7%A7%80%E7%9A%AE%E5%85%B7.png
INFO: [ app_init ] --START--
INFO: Run Behavior\BuildLiteBehavior [ RunTime:0.000013s ]
INFO: [ app_init ] --END-- [ RunTime:0.000285s ]
ERR: 无法加载模块:Public

[ 2016-10-31T10:48:43+08:00 ] 113.132.9.50 /cnconsum/Public/Uploads/addImage/%E5%B0%9A%E8%89%BA%E8%BD%A9_0002.png
INFO: [ app_init ] --START--
INFO: Run Behavior\BuildLiteBehavior [ RunTime:0.000013s ]
INFO: [ app_init ] --END-- [ RunTime:0.000313s ]
ERR: 无法加载模块:Public

[ 2016-10-31T10:48:44+08:00 ] 113.132.9.50 /cnconsum/Public/Uploads/addImage/%E4%B9%9D%E9%83%A1%E5%BC%98%E5%95%86%E8%B4%B8%E7%92%9F%E6%B3%B0%E7%83%9F%E9%85%92%E8%8C%B6%E5%95%86%E8%A1%8C.png
INFO: [ app_init ] --START--
INFO: Run Behavior\BuildLiteBehavior [ RunTime:0.000014s ]
INFO: [ app_init ] --END-- [ RunTime:0.000258s ]
ERR: 无法加载模块:Public

[ 2016-10-31T10:48:48+08:00 ] 113.132.9.50 /cnconsum/Public/Uploads/addImage/%E9%A2%86%E7%A7%80%E7%9A%AE%E5%85%B7.png
INFO: [ app_init ] --START--
INFO: Run Behavior\BuildLiteBehavior [ RunTime:0.000017s ]
INFO: [ app_init ] --END-- [ RunTime:0.000385s ]
ERR: 无法加载模块:Public

[ 2016-10-31T10:48:48+08:00 ] 113.132.9.50 /cnconsum/Public/Uploads/addImage/%E5%B0%9A%E8%89%BA%E8%BD%A9_0002.png
INFO: [ app_init ] --START--
INFO: Run Behavior\BuildLiteBehavior [ RunTime:0.000012s ]
INFO: [ app_init ] --END-- [ RunTime:0.000408s ]
ERR: 无法加载模块:Public

[ 2016-10-31T10:48:48+08:00 ] 113.132.9.50 /cnconsum/Public/Uploads/addImage/face_02.jpg
INFO: [ app_init ] --START--
INFO: Run Behavior\BuildLiteBehavior [ RunTime:0.000018s ]
INFO: [ app_init ] --END-- [ RunTime:0.000344s ]
ERR: 无法加载模块:Public

[ 2016-10-31T10:48:48+08:00 ] 113.132.9.50 /cnconsum/Public/Uploads/addImage/%E7%8E%8B%E5%A4%A7%E7%88%B7%E7%83%A7%E7%83%A4.png
INFO: [ app_init ] --START--
INFO: Run Behavior\BuildLiteBehavior [ RunTime:0.000017s ]
INFO: [ app_init ] --END-- [ RunTime:0.000326s ]
ERR: 无法加载模块:Public

[ 2016-10-31T10:48:48+08:00 ] 113.132.9.50 /cnconsum/Public/Uploads/addImage/%E9%A2%86%E7%A7%80%E7%9A%AE%E5%85%B7.png
INFO: [ app_init ] --START--
INFO: Run Behavior\BuildLiteBehavior [ RunTime:0.000018s ]
INFO: [ app_init ] --END-- [ RunTime:0.000376s ]
ERR: 无法加载模块:Public

[ 2016-10-31T10:48:48+08:00 ] 113.132.9.50 /cnconsum/Public/Uploads/addImage/%E5%B0%9A%E8%89%BA%E8%BD%A9_0002.png
INFO: [ app_init ] --START--
INFO: Run Behavior\BuildLiteBehavior [ RunTime:0.000012s ]
INFO: [ app_init ] --END-- [ RunTime:0.000271s ]
ERR: 无法加载模块:Public

[ 2016-10-31T10:48:53+08:00 ] 113.132.9.50 /cnconsum/Public/Uploads/addImage/%E9%A2%86%E7%A7%80%E7%9A%AE%E5%85%B7.png
INFO: [ app_init ] --START--
INFO: Run Behavior\BuildLiteBehavior [ RunTime:0.000014s ]
INFO: [ app_init ] --END-- [ RunTime:0.000283s ]
ERR: 无法加载模块:Public

[ 2016-10-31T10:48:53+08:00 ] 113.132.9.50 /cnconsum/Public/Uploads/addImage/%E5%B0%9A%E8%89%BA%E8%BD%A9_0002.png
INFO: [ app_init ] --START--
INFO: Run Behavior\BuildLiteBehavior [ RunTime:0.000012s ]
INFO: [ app_init ] --END-- [ RunTime:0.000279s ]
ERR: 无法加载模块:Public

[ 2016-10-31T10:48:53+08:00 ] 113.132.9.50 /cnconsum/Public/Uploads/addImage/face_02.jpg
INFO: [ app_init ] --START--
INFO: Run Behavior\BuildLiteBehavior [ RunTime:0.000012s ]
INFO: [ app_init ] --END-- [ RunTime:0.000262s ]
ERR: 无法加载模块:Public

[ 2016-10-31T10:48:53+08:00 ] 113.132.9.50 /cnconsum/Public/Uploads/addImage/%E7%8E%8B%E5%A4%A7%E7%88%B7%E7%83%A7%E7%83%A4.png
INFO: [ app_init ] --START--
INFO: Run Behavior\BuildLiteBehavior [ RunTime:0.000018s ]
INFO: [ app_init ] --END-- [ RunTime:0.000287s ]
ERR: 无法加载模块:Public

[ 2016-10-31T10:48:53+08:00 ] 113.132.9.50 /cnconsum/Public/Uploads/addImage/%E9%A2%86%E7%A7%80%E7%9A%AE%E5%85%B7.png
INFO: [ app_init ] --START--
INFO: Run Behavior\BuildLiteBehavior [ RunTime:0.000014s ]
INFO: [ app_init ] --END-- [ RunTime:0.000261s ]
ERR: 无法加载模块:Public

[ 2016-10-31T10:48:53+08:00 ] 113.132.9.50 /cnconsum/Public/Uploads/addImage/%E5%B0%9A%E8%89%BA%E8%BD%A9_0002.png
INFO: [ app_init ] --START--
INFO: Run Behavior\BuildLiteBehavior [ RunTime:0.000021s ]
INFO: [ app_init ] --END-- [ RunTime:0.000433s ]
ERR: 无法加载模块:Public

[ 2016-10-31T10:48:53+08:00 ] 113.132.9.50 /cnconsum/Public/Uploads/addImage/%E4%B9%9D%E9%83%A1%E5%BC%98%E5%95%86%E8%B4%B8%E7%92%9F%E6%B3%B0%E7%83%9F%E9%85%92%E8%8C%B6%E5%95%86%E8%A1%8C.png
INFO: [ app_init ] --START--
INFO: Run Behavior\BuildLiteBehavior [ RunTime:0.000013s ]
INFO: [ app_init ] --END-- [ RunTime:0.000260s ]
ERR: 无法加载模块:Public

[ 2016-10-31T11:04:08+08:00 ] 113.132.9.50 /cnconsum/Public/Uploads/addImage/%E9%A2%86%E7%A7%80%E7%9A%AE%E5%85%B7.png
INFO: [ app_init ] --START--
INFO: Run Behavior\BuildLiteBehavior [ RunTime:0.000013s ]
INFO: [ app_init ] --END-- [ RunTime:0.000272s ]
ERR: 无法加载模块:Public

[ 2016-10-31T11:04:08+08:00 ] 113.132.9.50 /cnconsum/Public/Uploads/addImage/%E5%B0%9A%E8%89%BA%E8%BD%A9_0002.png
INFO: [ app_init ] --START--
INFO: Run Behavior\BuildLiteBehavior [ RunTime:0.000017s ]
INFO: [ app_init ] --END-- [ RunTime:0.000271s ]
ERR: 无法加载模块:Public

[ 2016-10-31T11:04:08+08:00 ] 113.132.9.50 /cnconsum/Public/Uploads/addImage/%E7%8E%8B%E5%A4%A7%E7%88%B7%E7%83%A7%E7%83%A4.png
INFO: [ app_init ] --START--
INFO: Run Behavior\BuildLiteBehavior [ RunTime:0.000016s ]
INFO: [ app_init ] --END-- [ RunTime:0.000382s ]
ERR: 无法加载模块:Public

[ 2016-10-31T11:04:08+08:00 ] 113.132.9.50 /cnconsum/Public/Uploads/addImage/face_02.jpg
INFO: [ app_init ] --START--
INFO: Run Behavior\BuildLiteBehavior [ RunTime:0.000011s ]
INFO: [ app_init ] --END-- [ RunTime:0.000281s ]
ERR: 无法加载模块:Public

[ 2016-10-31T14:23:16+08:00 ] 113.132.9.50 /cnconsum/Public/Uploads/licenseImage/m_20db380de9.png
INFO: [ app_init ] --START--
INFO: Run Behavior\BuildLiteBehavior [ RunTime:0.000023s ]
INFO: [ app_init ] --END-- [ RunTime:0.000447s ]
ERR: 无法加载模块:Public

[ 2016-10-31T14:23:16+08:00 ] 113.132.9.50 /cnconsum/Public/Uploads/houseImage/m_20db380de9_01.png
INFO: [ app_init ] --START--
INFO: Run Behavior\BuildLiteBehavior [ RunTime:0.000020s ]
INFO: [ app_init ] --END-- [ RunTime:0.000282s ]
ERR: 无法加载模块:Public

[ 2016-10-31T14:23:16+08:00 ] 113.132.9.50 /cnconsum/Public/Uploads/houseImage/m_20db380de9_02.png
INFO: [ app_init ] --START--
INFO: Run Behavior\BuildLiteBehavior [ RunTime:0.000013s ]
INFO: [ app_init ] --END-- [ RunTime:0.000284s ]
ERR: 无法加载模块:Public

[ 2016-10-31T14:23:16+08:00 ] 113.132.9.50 /cnconsum/Public/Uploads/tenancyImage/m_20db380de9_01.png
INFO: [ app_init ] --START--
INFO: Run Behavior\BuildLiteBehavior [ RunTime:0.000014s ]
INFO: [ app_init ] --END-- [ RunTime:0.000263s ]
ERR: 无法加载模块:Public

[ 2016-10-31T14:23:16+08:00 ] 113.132.9.50 /cnconsum/Public/Uploads/tenancyImage/m_20db380de9_02.png
INFO: [ app_init ] --START--
INFO: Run Behavior\BuildLiteBehavior [ RunTime:0.000014s ]
INFO: [ app_init ] --END-- [ RunTime:0.000399s ]
ERR: 无法加载模块:Public

[ 2016-10-31T14:23:16+08:00 ] 113.132.9.50 /cnconsum/Public/Uploads/lpImage/m_20db380de9.png
INFO: [ app_init ] --START--
INFO: Run Behavior\BuildLiteBehavior [ RunTime:0.000013s ]
INFO: [ app_init ] --END-- [ RunTime:0.000261s ]
ERR: 无法加载模块:Public

[ 2016-10-31T14:23:16+08:00 ] 113.132.9.50 /cnconsum/Public/Uploads/addImage/m_20db380de9.png
INFO: [ app_init ] --START--
INFO: Run Behavior\BuildLiteBehavior [ RunTime:0.000014s ]
INFO: [ app_init ] --END-- [ RunTime:0.000264s ]
ERR: 无法加载模块:Public

[ 2016-10-31T14:23:16+08:00 ] 113.132.9.50 /cnconsum/Public/Uploads/wepImage/m_20db380de9.png
INFO: [ app_init ] --START--
INFO: Run Behavior\BuildLiteBehavior [ RunTime:0.000014s ]
INFO: [ app_init ] --END-- [ RunTime:0.000284s ]
ERR: 无法加载模块:Public

[ 2016-10-31T14:30:03+08:00 ] 113.132.9.50 /cnconsum/Public/Uploads/licenseImage/m_20db380de9.png
INFO: [ app_init ] --START--
INFO: Run Behavior\BuildLiteBehavior [ RunTime:0.000020s ]
INFO: [ app_init ] --END-- [ RunTime:0.000297s ]
ERR: 无法加载模块:Public

[ 2016-10-31T14:30:03+08:00 ] 113.132.9.50 /cnconsum/Public/Uploads/houseImage/m_20db380de9_01.png
INFO: [ app_init ] --START--
INFO: Run Behavior\BuildLiteBehavior [ RunTime:0.000014s ]
INFO: [ app_init ] --END-- [ RunTime:0.000262s ]
ERR: 无法加载模块:Public

[ 2016-10-31T14:30:03+08:00 ] 113.132.9.50 /cnconsum/Public/Uploads/houseImage/m_20db380de9_02.png
INFO: [ app_init ] --START--
INFO: Run Behavior\BuildLiteBehavior [ RunTime:0.000012s ]
INFO: [ app_init ] --END-- [ RunTime:0.000260s ]
ERR: 无法加载模块:Public

[ 2016-10-31T14:30:03+08:00 ] 113.132.9.50 /cnconsum/Public/Uploads/tenancyImage/m_20db380de9_01.png
INFO: [ app_init ] --START--
INFO: Run Behavior\BuildLiteBehavior [ RunTime:0.000013s ]
INFO: [ app_init ] --END-- [ RunTime:0.000256s ]
ERR: 无法加载模块:Public

[ 2016-10-31T14:30:03+08:00 ] 113.132.9.50 /cnconsum/Public/Uploads/tenancyImage/m_20db380de9_02.png
INFO: [ app_init ] --START--
INFO: Run Behavior\BuildLiteBehavior [ RunTime:0.000011s ]
INFO: [ app_init ] --END-- [ RunTime:0.000237s ]
ERR: 无法加载模块:Public

[ 2016-10-31T14:30:03+08:00 ] 113.132.9.50 /cnconsum/Public/Uploads/lpImage/m_20db380de9.png
INFO: [ app_init ] --START--
INFO: Run Behavior\BuildLiteBehavior [ RunTime:0.000018s ]
INFO: [ app_init ] --END-- [ RunTime:0.000337s ]
ERR: 无法加载模块:Public

[ 2016-10-31T14:30:03+08:00 ] 113.132.9.50 /cnconsum/Public/Uploads/addImage/m_20db380de9.png
INFO: [ app_init ] --START--
INFO: Run Behavior\BuildLiteBehavior [ RunTime:0.000013s ]
INFO: [ app_init ] --END-- [ RunTime:0.000263s ]
ERR: 无法加载模块:Public

[ 2016-10-31T14:30:03+08:00 ] 113.132.9.50 /cnconsum/Public/Uploads/wepImage/m_20db380de9.png
INFO: [ app_init ] --START--
INFO: Run Behavior\BuildLiteBehavior [ RunTime:0.000015s ]
INFO: [ app_init ] --END-- [ RunTime:0.000300s ]
ERR: 无法加载模块:Public

[ 2016-10-31T14:31:55+08:00 ] 113.132.9.50 /cnconsum/Public/Uploads/houseImage/m_20db380de9_01.png
INFO: [ app_init ] --START--
INFO: Run Behavior\BuildLiteBehavior [ RunTime:0.000015s ]
INFO: [ app_init ] --END-- [ RunTime:0.000268s ]
ERR: 无法加载模块:Public

[ 2016-10-31T14:31:55+08:00 ] 113.132.9.50 /cnconsum/Public/Uploads/houseImage/m_20db380de9_02.png
INFO: [ app_init ] --START--
INFO: Run Behavior\BuildLiteBehavior [ RunTime:0.000013s ]
INFO: [ app_init ] --END-- [ RunTime:0.000260s ]
ERR: 无法加载模块:Public

[ 2016-10-31T14:31:55+08:00 ] 113.132.9.50 /cnconsum/Public/Uploads/tenancyImage/m_20db380de9_01.png
INFO: [ app_init ] --START--
INFO: Run Behavior\BuildLiteBehavior [ RunTime:0.000023s ]
INFO: [ app_init ] --END-- [ RunTime:0.000564s ]
ERR: 无法加载模块:Public

[ 2016-10-31T14:31:55+08:00 ] 113.132.9.50 /cnconsum/Public/Uploads/tenancyImage/m_20db380de9_02.png
INFO: [ app_init ] --START--
INFO: Run Behavior\BuildLiteBehavior [ RunTime:0.000014s ]
INFO: [ app_init ] --END-- [ RunTime:0.000347s ]
ERR: 无法加载模块:Public

[ 2016-10-31T14:31:56+08:00 ] 113.132.9.50 /cnconsum/Public/Uploads/wepImage/m_20db380de9.png
INFO: [ app_init ] --START--
INFO: Run Behavior\BuildLiteBehavior [ RunTime:0.000014s ]
INFO: [ app_init ] --END-- [ RunTime:0.000262s ]
ERR: 无法加载模块:Public

[ 2016-10-31T15:00:17+08:00 ] 113.132.9.50 /cnconsum/Public/Uploads/licenseImage/m_0464327d8b.png
INFO: [ app_init ] --START--
INFO: Run Behavior\BuildLiteBehavior [ RunTime:0.000015s ]
INFO: [ app_init ] --END-- [ RunTime:0.000279s ]
ERR: 无法加载模块:Public

[ 2016-10-31T15:00:17+08:00 ] 113.132.9.50 /cnconsum/Public/Uploads/houseImage/m_0464327d8b_01.png
INFO: [ app_init ] --START--
INFO: Run Behavior\BuildLiteBehavior [ RunTime:0.000014s ]
INFO: [ app_init ] --END-- [ RunTime:0.000287s ]
ERR: 无法加载模块:Public

[ 2016-10-31T15:00:17+08:00 ] 113.132.9.50 /cnconsum/Public/Uploads/houseImage/m_0464327d8b_02.png
INFO: [ app_init ] --START--
INFO: Run Behavior\BuildLiteBehavior [ RunTime:0.000016s ]
INFO: [ app_init ] --END-- [ RunTime:0.000305s ]
ERR: 无法加载模块:Public

[ 2016-10-31T15:00:17+08:00 ] 113.132.9.50 /cnconsum/Public/Uploads/tenancyImage/m_0464327d8b_01.png
INFO: [ app_init ] --START--
INFO: Run Behavior\BuildLiteBehavior [ RunTime:0.000020s ]
INFO: [ app_init ] --END-- [ RunTime:0.000406s ]
ERR: 无法加载模块:Public

[ 2016-10-31T15:00:17+08:00 ] 113.132.9.50 /cnconsum/Public/Uploads/tenancyImage/m_0464327d8b_02.png
INFO: [ app_init ] --START--
INFO: Run Behavior\BuildLiteBehavior [ RunTime:0.000014s ]
INFO: [ app_init ] --END-- [ RunTime:0.000292s ]
ERR: 无法加载模块:Public

[ 2016-10-31T15:00:17+08:00 ] 113.132.9.50 /cnconsum/Public/Uploads/lpImage/m_0464327d8b.png
INFO: [ app_init ] --START--
INFO: Run Behavior\BuildLiteBehavior [ RunTime:0.000016s ]
INFO: [ app_init ] --END-- [ RunTime:0.000304s ]
ERR: 无法加载模块:Public

[ 2016-10-31T15:00:17+08:00 ] 113.132.9.50 /cnconsum/Public/Uploads/addImage/m_0464327d8b.png
INFO: [ app_init ] --START--
INFO: Run Behavior\BuildLiteBehavior [ RunTime:0.000014s ]
INFO: [ app_init ] --END-- [ RunTime:0.000273s ]
ERR: 无法加载模块:Public

[ 2016-10-31T15:00:17+08:00 ] 113.132.9.50 /cnconsum/Public/Uploads/wepImage/m_0464327d8b.png
INFO: [ app_init ] --START--
INFO: Run Behavior\BuildLiteBehavior [ RunTime:0.000024s ]
INFO: [ app_init ] --END-- [ RunTime:0.000326s ]
ERR: 无法加载模块:Public

[ 2016-10-31T15:06:01+08:00 ] 113.132.9.50 /cnconsum/Public/Uploads/licenseImage/m_0464327d8b.png
INFO: [ app_init ] --START--
INFO: Run Behavior\BuildLiteBehavior [ RunTime:0.000014s ]
INFO: [ app_init ] --END-- [ RunTime:0.000260s ]
ERR: 无法加载模块:Public

[ 2016-10-31T15:06:01+08:00 ] 113.132.9.50 /cnconsum/Public/Uploads/houseImage/m_0464327d8b_01.png
INFO: [ app_init ] --START--
INFO: Run Behavior\BuildLiteBehavior [ RunTime:0.000014s ]
INFO: [ app_init ] --END-- [ RunTime:0.000271s ]
ERR: 无法加载模块:Public

[ 2016-10-31T15:06:01+08:00 ] 113.132.9.50 /cnconsum/Public/Uploads/houseImage/m_0464327d8b_02.png
INFO: [ app_init ] --START--
INFO: Run Behavior\BuildLiteBehavior [ RunTime:0.000014s ]
INFO: [ app_init ] --END-- [ RunTime:0.000291s ]
ERR: 无法加载模块:Public

[ 2016-10-31T15:06:01+08:00 ] 113.132.9.50 /cnconsum/Public/Uploads/tenancyImage/m_0464327d8b_01.png
INFO: [ app_init ] --START--
INFO: Run Behavior\BuildLiteBehavior [ RunTime:0.000015s ]
INFO: [ app_init ] --END-- [ RunTime:0.000313s ]
ERR: 无法加载模块:Public

[ 2016-10-31T15:06:01+08:00 ] 113.132.9.50 /cnconsum/Public/Uploads/tenancyImage/m_0464327d8b_02.png
INFO: [ app_init ] --START--
INFO: Run Behavior\BuildLiteBehavior [ RunTime:0.000015s ]
INFO: [ app_init ] --END-- [ RunTime:0.000298s ]
ERR: 无法加载模块:Public

[ 2016-10-31T15:06:01+08:00 ] 113.132.9.50 /cnconsum/Public/Uploads/lpImage/m_0464327d8b.png
INFO: [ app_init ] --START--
INFO: Run Behavior\BuildLiteBehavior [ RunTime:0.000013s ]
INFO: [ app_init ] --END-- [ RunTime:0.000350s ]
ERR: 无法加载模块:Public

[ 2016-10-31T15:06:01+08:00 ] 113.132.9.50 /cnconsum/Public/Uploads/addImage/m_0464327d8b.png
INFO: [ app_init ] --START--
INFO: Run Behavior\BuildLiteBehavior [ RunTime:0.000013s ]
INFO: [ app_init ] --END-- [ RunTime:0.000270s ]
ERR: 无法加载模块:Public

[ 2016-10-31T15:06:01+08:00 ] 113.132.9.50 /cnconsum/Public/Uploads/wepImage/m_0464327d8b.png
INFO: [ app_init ] --START--
INFO: Run Behavior\BuildLiteBehavior [ RunTime:0.000014s ]
INFO: [ app_init ] --END-- [ RunTime:0.000290s ]
ERR: 无法加载模块:Public

[ 2016-10-31T15:08:04+08:00 ] 113.132.9.50 /cnconsum/Public/Uploads/licenseImage/m_0464327d8b.png
INFO: [ app_init ] --START--
INFO: Run Behavior\BuildLiteBehavior [ RunTime:0.000014s ]
INFO: [ app_init ] --END-- [ RunTime:0.000256s ]
ERR: 无法加载模块:Public

[ 2016-10-31T15:08:04+08:00 ] 113.132.9.50 /cnconsum/Public/Uploads/houseImage/m_0464327d8b_01.png
INFO: [ app_init ] --START--
INFO: Run Behavior\BuildLiteBehavior [ RunTime:0.000015s ]
INFO: [ app_init ] --END-- [ RunTime:0.000258s ]
ERR: 无法加载模块:Public

[ 2016-10-31T15:08:04+08:00 ] 113.132.9.50 /cnconsum/Public/Uploads/houseImage/m_0464327d8b_02.png
INFO: [ app_init ] --START--
INFO: Run Behavior\BuildLiteBehavior [ RunTime:0.000014s ]
INFO: [ app_init ] --END-- [ RunTime:0.000253s ]
ERR: 无法加载模块:Public

[ 2016-10-31T15:08:04+08:00 ] 113.132.9.50 /cnconsum/Public/Uploads/tenancyImage/m_0464327d8b_01.png
INFO: [ app_init ] --START--
INFO: Run Behavior\BuildLiteBehavior [ RunTime:0.000014s ]
INFO: [ app_init ] --END-- [ RunTime:0.000286s ]
ERR: 无法加载模块:Public

[ 2016-10-31T15:08:04+08:00 ] 113.132.9.50 /cnconsum/Public/Uploads/tenancyImage/m_0464327d8b_02.png
INFO: [ app_init ] --START--
INFO: Run Behavior\BuildLiteBehavior [ RunTime:0.000013s ]
INFO: [ app_init ] --END-- [ RunTime:0.000284s ]
ERR: 无法加载模块:Public

[ 2016-10-31T15:08:04+08:00 ] 113.132.9.50 /cnconsum/Public/Uploads/wepImage/m_0464327d8b.png
INFO: [ app_init ] --START--
INFO: Run Behavior\BuildLiteBehavior [ RunTime:0.000014s ]
INFO: [ app_init ] --END-- [ RunTime:0.000314s ]
ERR: 无法加载模块:Public

[ 2016-10-31T15:09:59+08:00 ] 113.132.9.50 /cnconsum/Public/Uploads/licenseImage/m_0464327d8b.png
INFO: [ app_init ] --START--
INFO: Run Behavior\BuildLiteBehavior [ RunTime:0.000014s ]
INFO: [ app_init ] --END-- [ RunTime:0.000257s ]
ERR: 无法加载模块:Public

[ 2016-10-31T15:09:59+08:00 ] 113.132.9.50 /cnconsum/Public/Uploads/houseImage/m_0464327d8b_01.png
INFO: [ app_init ] --START--
INFO: Run Behavior\BuildLiteBehavior [ RunTime:0.000020s ]
INFO: [ app_init ] --END-- [ RunTime:0.000307s ]
ERR: 无法加载模块:Public

[ 2016-10-31T15:09:59+08:00 ] 113.132.9.50 /cnconsum/Public/Uploads/houseImage/m_0464327d8b_02.png
INFO: [ app_init ] --START--
INFO: Run Behavior\BuildLiteBehavior [ RunTime:0.000013s ]
INFO: [ app_init ] --END-- [ RunTime:0.000257s ]
ERR: 无法加载模块:Public

[ 2016-10-31T15:09:59+08:00 ] 113.132.9.50 /cnconsum/Public/Uploads/tenancyImage/m_0464327d8b_01.png
INFO: [ app_init ] --START--
INFO: Run Behavior\BuildLiteBehavior [ RunTime:0.000018s ]
INFO: [ app_init ] --END-- [ RunTime:0.000320s ]
ERR: 无法加载模块:Public

[ 2016-10-31T15:09:59+08:00 ] 113.132.9.50 /cnconsum/Public/Uploads/tenancyImage/m_0464327d8b_02.png
INFO: [ app_init ] --START--
INFO: Run Behavior\BuildLiteBehavior [ RunTime:0.000013s ]
INFO: [ app_init ] --END-- [ RunTime:0.000336s ]
ERR: 无法加载模块:Public

[ 2016-10-31T15:10:00+08:00 ] 113.132.9.50 /cnconsum/Public/Uploads/wepImage/m_0464327d8b.png
INFO: [ app_init ] --START--
INFO: Run Behavior\BuildLiteBehavior [ RunTime:0.000015s ]
INFO: [ app_init ] --END-- [ RunTime:0.000342s ]
ERR: 无法加载模块:Public

[ 2016-10-31T15:34:05+08:00 ] 113.132.9.50 /cnconsum/Public/Uploads/licenseImage/m_0464327d8b.png
INFO: [ app_init ] --START--
INFO: Run Behavior\BuildLiteBehavior [ RunTime:0.000021s ]
INFO: [ app_init ] --END-- [ RunTime:0.000374s ]
ERR: 无法加载模块:Public

[ 2016-10-31T15:34:06+08:00 ] 113.132.9.50 /cnconsum/Public/Uploads/houseImage/m_0464327d8b_01.png
INFO: [ app_init ] --START--
INFO: Run Behavior\BuildLiteBehavior [ RunTime:0.000024s ]
INFO: [ app_init ] --END-- [ RunTime:0.000321s ]
ERR: 无法加载模块:Public

[ 2016-10-31T15:34:06+08:00 ] 113.132.9.50 /cnconsum/Public/Uploads/houseImage/m_0464327d8b_02.png
INFO: [ app_init ] --START--
INFO: Run Behavior\BuildLiteBehavior [ RunTime:0.000021s ]
INFO: [ app_init ] --END-- [ RunTime:0.000364s ]
ERR: 无法加载模块:Public

[ 2016-10-31T15:34:06+08:00 ] 113.132.9.50 /cnconsum/Public/Uploads/tenancyImage/m_0464327d8b_01.png
INFO: [ app_init ] --START--
INFO: Run Behavior\BuildLiteBehavior [ RunTime:0.000013s ]
INFO: [ app_init ] --END-- [ RunTime:0.000251s ]
ERR: 无法加载模块:Public

[ 2016-10-31T15:34:06+08:00 ] 113.132.9.50 /cnconsum/Public/Uploads/tenancyImage/m_0464327d8b_02.png
INFO: [ app_init ] --START--
INFO: Run Behavior\BuildLiteBehavior [ RunTime:0.000017s ]
INFO: [ app_init ] --END-- [ RunTime:0.000341s ]
ERR: 无法加载模块:Public

[ 2016-10-31T15:34:06+08:00 ] 113.132.9.50 /cnconsum/Public/Uploads/wepImage/m_0464327d8b.png
INFO: [ app_init ] --START--
INFO: Run Behavior\BuildLiteBehavior [ RunTime:0.000018s ]
INFO: [ app_init ] --END-- [ RunTime:0.000387s ]
ERR: 无法加载模块:Public

[ 2016-10-31T15:35:02+08:00 ] 113.132.9.50 /cnconsum/Public/Uploads/licenseImage/m_0464327d8b.png
INFO: [ app_init ] --START--
INFO: Run Behavior\BuildLiteBehavior [ RunTime:0.000014s ]
INFO: [ app_init ] --END-- [ RunTime:0.000299s ]
ERR: 无法加载模块:Public

[ 2016-10-31T15:35:02+08:00 ] 113.132.9.50 /cnconsum/Public/Uploads/houseImage/m_0464327d8b_01.png
INFO: [ app_init ] --START--
INFO: Run Behavior\BuildLiteBehavior [ RunTime:0.000017s ]
INFO: [ app_init ] --END-- [ RunTime:0.000358s ]
ERR: 无法加载模块:Public

[ 2016-10-31T15:35:02+08:00 ] 113.132.9.50 /cnconsum/Public/Uploads/houseImage/m_0464327d8b_02.png
INFO: [ app_init ] --START--
INFO: Run Behavior\BuildLiteBehavior [ RunTime:0.000014s ]
INFO: [ app_init ] --END-- [ RunTime:0.000257s ]
ERR: 无法加载模块:Public

[ 2016-10-31T15:35:02+08:00 ] 113.132.9.50 /cnconsum/Public/Uploads/tenancyImage/m_0464327d8b_01.png
INFO: [ app_init ] --START--
INFO: Run Behavior\BuildLiteBehavior [ RunTime:0.000014s ]
INFO: [ app_init ] --END-- [ RunTime:0.000290s ]
ERR: 无法加载模块:Public

[ 2016-10-31T15:35:02+08:00 ] 113.132.9.50 /cnconsum/Public/Uploads/tenancyImage/m_0464327d8b_02.png
INFO: [ app_init ] --START--
INFO: Run Behavior\BuildLiteBehavior [ RunTime:0.000014s ]
INFO: [ app_init ] --END-- [ RunTime:0.000361s ]
ERR: 无法加载模块:Public

[ 2016-10-31T15:35:03+08:00 ] 113.132.9.50 /cnconsum/Public/Uploads/wepImage/m_0464327d8b.png
INFO: [ app_init ] --START--
INFO: Run Behavior\BuildLiteBehavior [ RunTime:0.000015s ]
INFO: [ app_init ] --END-- [ RunTime:0.000319s ]
ERR: 无法加载模块:Public

[ 2016-10-31T16:50:15+08:00 ] 113.132.9.50 /cnconsum/Public/Uploads/addImage/face_02.jpg
INFO: [ app_init ] --START--
INFO: Run Behavior\BuildLiteBehavior [ RunTime:0.000024s ]
INFO: [ app_init ] --END-- [ RunTime:0.000443s ]
ERR: 无法加载模块:Public

[ 2016-10-31T16:50:15+08:00 ] 113.132.9.50 /cnconsum/Public/Uploads/addImage/%E9%A2%86%E7%A7%80%E7%9A%AE%E5%85%B7.png
INFO: [ app_init ] --START--
INFO: Run Behavior\BuildLiteBehavior [ RunTime:0.000018s ]
INFO: [ app_init ] --END-- [ RunTime:0.000363s ]
ERR: 无法加载模块:Public

[ 2016-10-31T16:50:15+08:00 ] 113.132.9.50 /cnconsum/Public/Uploads/addImage/%E5%B0%9A%E8%89%BA%E8%BD%A9_0002.png
INFO: [ app_init ] --START--
INFO: Run Behavior\BuildLiteBehavior [ RunTime:0.000025s ]
INFO: [ app_init ] --END-- [ RunTime:0.000502s ]
ERR: 无法加载模块:Public

[ 2016-10-31T16:50:15+08:00 ] 113.132.9.50 /cnconsum/Public/Uploads/addImage/%E7%8E%8B%E5%A4%A7%E7%88%B7%E7%83%A7%E7%83%A4.png
INFO: [ app_init ] --START--
INFO: Run Behavior\BuildLiteBehavior [ RunTime:0.000019s ]
INFO: [ app_init ] --END-- [ RunTime:0.000428s ]
ERR: 无法加载模块:Public

[ 2016-10-31T16:50:15+08:00 ] 113.132.9.50 /cnconsum/Public/Uploads/addImage/%E4%B9%9D%E9%83%A1%E5%BC%98%E5%95%86%E8%B4%B8%E7%92%9F%E6%B3%B0%E7%83%9F%E9%85%92%E8%8C%B6%E5%95%86%E8%A1%8C.png
INFO: [ app_init ] --START--
INFO: Run Behavior\BuildLiteBehavior [ RunTime:0.000018s ]
INFO: [ app_init ] --END-- [ RunTime:0.000576s ]
ERR: 无法加载模块:Public

