[ 2016-12-29T16:14:13+08:00 ] 117.22.26.69 /cnconsum/Public/Uploads/activity/(null)
INFO: [ app_init ] --START--
INFO: Run Behavior\BuildLiteBehavior [ RunTime:0.000014s ]
INFO: [ app_init ] --END-- [ RunTime:0.000275s ]
ERR: 无法加载模块:Public

[ 2016-12-29T17:03:36+08:00 ] 117.22.26.69 /cnconsum/Public/Uploads/activity/(null)
INFO: [ app_init ] --START--
INFO: Run Behavior\BuildLiteBehavior [ RunTime:0.000015s ]
INFO: [ app_init ] --END-- [ RunTime:0.000270s ]
ERR: 无法加载模块:Public

[ 2016-12-29T17:03:45+08:00 ] 117.22.26.69 /cnconsum/Public/Uploads/activity/(null)
INFO: [ app_init ] --START--
INFO: Run Behavior\BuildLiteBehavior [ RunTime:0.000014s ]
INFO: [ app_init ] --END-- [ RunTime:0.000256s ]
ERR: 无法加载模块:Public

[ 2016-12-29T17:05:13+08:00 ] 117.22.26.69 /cnconsum/Public/Uploads/lead/lead01.png
INFO: [ app_init ] --START--
INFO: Run Behavior\BuildLiteBehavior [ RunTime:0.000014s ]
INFO: [ app_init ] --END-- [ RunTime:0.000285s ]
ERR: 无法加载模块:Public

[ 2016-12-29T17:05:13+08:00 ] 117.22.26.69 /cnconsum/Public/Uploads/lead/lead01.png
INFO: [ app_init ] --START--
INFO: Run Behavior\BuildLiteBehavior [ RunTime:0.000012s ]
INFO: [ app_init ] --END-- [ RunTime:0.000241s ]
ERR: 无法加载模块:Public

[ 2016-12-29T17:10:19+08:00 ] 117.22.26.69 /cnconsum/Public/Uploads/lead/lead01.png
INFO: [ app_init ] --START--
INFO: Run Behavior\BuildLiteBehavior [ RunTime:0.000014s ]
INFO: [ app_init ] --END-- [ RunTime:0.000271s ]
ERR: 无法加载模块:Public

[ 2016-12-29T17:10:19+08:00 ] 117.22.26.69 /cnconsum/Public/Uploads/lead/lead01.png
INFO: [ app_init ] --START--
INFO: Run Behavior\BuildLiteBehavior [ RunTime:0.000022s ]
INFO: [ app_init ] --END-- [ RunTime:0.000299s ]
ERR: 无法加载模块:Public

[ 2016-12-29T17:16:32+08:00 ] 117.22.26.69 /cnconsum/Public/Uploads/lead/lead01.png
INFO: [ app_init ] --START--
INFO: Run Behavior\BuildLiteBehavior [ RunTime:0.000014s ]
INFO: [ app_init ] --END-- [ RunTime:0.000266s ]
ERR: 无法加载模块:Public

[ 2016-12-29T17:16:32+08:00 ] 117.22.26.69 /cnconsum/Public/Uploads/lead/lead01.png
INFO: [ app_init ] --START--
INFO: Run Behavior\BuildLiteBehavior [ RunTime:0.000014s ]
INFO: [ app_init ] --END-- [ RunTime:0.000259s ]
ERR: 无法加载模块:Public

[ 2016-12-29T17:18:06+08:00 ] 117.22.26.69 /cnconsum/Public/Uploads/lead/lead01.png
INFO: [ app_init ] --START--
INFO: Run Behavior\BuildLiteBehavior [ RunTime:0.000013s ]
INFO: [ app_init ] --END-- [ RunTime:0.000339s ]
ERR: 无法加载模块:Public

[ 2016-12-29T17:18:06+08:00 ] 117.22.26.69 /cnconsum/Public/Uploads/lead/lead01.png
INFO: [ app_init ] --START--
INFO: Run Behavior\BuildLiteBehavior [ RunTime:0.000013s ]
INFO: [ app_init ] --END-- [ RunTime:0.000255s ]
ERR: 无法加载模块:Public

[ 2016-12-29T17:19:14+08:00 ] 117.22.26.69 /cnconsum/Public/Uploads/activity/(null)
INFO: [ app_init ] --START--
INFO: Run Behavior\BuildLiteBehavior [ RunTime:0.000013s ]
INFO: [ app_init ] --END-- [ RunTime:0.000302s ]
ERR: 无法加载模块:Public

[ 2016-12-29T17:31:42+08:00 ] 117.22.26.69 /cnconsum/Public/Uploads/lead/lead01.png
INFO: [ app_init ] --START--
INFO: Run Behavior\BuildLiteBehavior [ RunTime:0.000014s ]
INFO: [ app_init ] --END-- [ RunTime:0.000327s ]
ERR: 无法加载模块:Public

[ 2016-12-29T17:31:42+08:00 ] 117.22.26.69 /cnconsum/Public/Uploads/lead/lead01.png
INFO: [ app_init ] --START--
INFO: Run Behavior\BuildLiteBehavior [ RunTime:0.000013s ]
INFO: [ app_init ] --END-- [ RunTime:0.000266s ]
ERR: 无法加载模块:Public

[ 2016-12-29T17:33:02+08:00 ] 117.22.26.69 /cnconsum/Public/Uploads/addImage/null
INFO: [ app_init ] --START--
INFO: Run Behavior\BuildLiteBehavior [ RunTime:0.000014s ]
INFO: [ app_init ] --END-- [ RunTime:0.000257s ]
ERR: 无法加载模块:Public

[ 2016-12-29T17:33:02+08:00 ] 117.22.26.69 /cnconsum/Public/Uploads/addImage/null
INFO: [ app_init ] --START--
INFO: Run Behavior\BuildLiteBehavior [ RunTime:0.000017s ]
INFO: [ app_init ] --END-- [ RunTime:0.000393s ]
ERR: 无法加载模块:Public

[ 2016-12-29T17:33:02+08:00 ] 117.22.26.69 /cnconsum/Public/Uploads/addImage/null
INFO: [ app_init ] --START--
INFO: Run Behavior\BuildLiteBehavior [ RunTime:0.000013s ]
INFO: [ app_init ] --END-- [ RunTime:0.000253s ]
ERR: 无法加载模块:Public

[ 2016-12-29T17:33:02+08:00 ] 117.22.26.69 /cnconsum/Public/Uploads/addImage/null
INFO: [ app_init ] --START--
INFO: Run Behavior\BuildLiteBehavior [ RunTime:0.000014s ]
INFO: [ app_init ] --END-- [ RunTime:0.000276s ]
ERR: 无法加载模块:Public

[ 2016-12-29T17:42:33+08:00 ] 117.22.26.69 /cnconsum/Public/Uploads/lead/lead01.png
INFO: [ app_init ] --START--
INFO: Run Behavior\BuildLiteBehavior [ RunTime:0.000016s ]
INFO: [ app_init ] --END-- [ RunTime:0.000297s ]
ERR: 无法加载模块:Public

[ 2016-12-29T17:42:33+08:00 ] 117.22.26.69 /cnconsum/Public/Uploads/lead/lead01.png
INFO: [ app_init ] --START--
INFO: Run Behavior\BuildLiteBehavior [ RunTime:0.000014s ]
INFO: [ app_init ] --END-- [ RunTime:0.000294s ]
ERR: 无法加载模块:Public

[ 2016-12-29T17:42:33+08:00 ] 117.22.26.69 /cnconsum/Public/Uploads/lead/lead01.png
INFO: [ app_init ] --START--
INFO: Run Behavior\BuildLiteBehavior [ RunTime:0.000015s ]
INFO: [ app_init ] --END-- [ RunTime:0.000268s ]
ERR: 无法加载模块:Public

[ 2016-12-29T17:42:34+08:00 ] 117.22.26.69 /cnconsum/Public/Uploads/lead/lead01.png
INFO: [ app_init ] --START--
INFO: Run Behavior\BuildLiteBehavior [ RunTime:0.000013s ]
INFO: [ app_init ] --END-- [ RunTime:0.000320s ]
ERR: 无法加载模块:Public

[ 2016-12-29T17:47:06+08:00 ] 117.22.26.69 /cnconsum/Public/Uploads/lead/lead01.png
INFO: [ app_init ] --START--
INFO: Run Behavior\BuildLiteBehavior [ RunTime:0.000013s ]
INFO: [ app_init ] --END-- [ RunTime:0.000311s ]
ERR: 无法加载模块:Public

[ 2016-12-29T17:47:06+08:00 ] 117.22.26.69 /cnconsum/Public/Uploads/lead/lead01.png
INFO: [ app_init ] --START--
INFO: Run Behavior\BuildLiteBehavior [ RunTime:0.000011s ]
INFO: [ app_init ] --END-- [ RunTime:0.000229s ]
ERR: 无法加载模块:Public

[ 2016-12-29T17:47:08+08:00 ] 117.22.26.69 /cnconsum/Public/Uploads/lead/lead01.png
INFO: [ app_init ] --START--
INFO: Run Behavior\BuildLiteBehavior [ RunTime:0.000014s ]
INFO: [ app_init ] --END-- [ RunTime:0.000320s ]
ERR: 无法加载模块:Public

[ 2016-12-29T17:47:08+08:00 ] 117.22.26.69 /cnconsum/Public/Uploads/lead/lead01.png
INFO: [ app_init ] --START--
INFO: Run Behavior\BuildLiteBehavior [ RunTime:0.000014s ]
INFO: [ app_init ] --END-- [ RunTime:0.000268s ]
ERR: 无法加载模块:Public

[ 2016-12-29T17:51:08+08:00 ] 117.22.26.69 /cnconsum/Public/Uploads/lead/lead01.png
INFO: [ app_init ] --START--
INFO: Run Behavior\BuildLiteBehavior [ RunTime:0.000014s ]
INFO: [ app_init ] --END-- [ RunTime:0.000328s ]
ERR: 无法加载模块:Public

[ 2016-12-29T17:51:08+08:00 ] 117.22.26.69 /cnconsum/Public/Uploads/lead/lead01.png
INFO: [ app_init ] --START--
INFO: Run Behavior\BuildLiteBehavior [ RunTime:0.000014s ]
INFO: [ app_init ] --END-- [ RunTime:0.000261s ]
ERR: 无法加载模块:Public

[ 2016-12-29T17:51:11+08:00 ] 117.22.26.69 /cnconsum/Public/Uploads/lead/lead01.png
INFO: [ app_init ] --START--
INFO: Run Behavior\BuildLiteBehavior [ RunTime:0.000013s ]
INFO: [ app_init ] --END-- [ RunTime:0.000277s ]
ERR: 无法加载模块:Public

[ 2016-12-29T17:51:11+08:00 ] 117.22.26.69 /cnconsum/Public/Uploads/lead/lead01.png
INFO: [ app_init ] --START--
INFO: Run Behavior\BuildLiteBehavior [ RunTime:0.000015s ]
INFO: [ app_init ] --END-- [ RunTime:0.000259s ]
ERR: 无法加载模块:Public

[ 2016-12-29T17:54:51+08:00 ] 117.22.26.69 /cnconsum/Public/Uploads/lead/lead01.png
INFO: [ app_init ] --START--
INFO: Run Behavior\BuildLiteBehavior [ RunTime:0.000019s ]
INFO: [ app_init ] --END-- [ RunTime:0.000314s ]
ERR: 无法加载模块:Public

[ 2016-12-29T17:54:51+08:00 ] 117.22.26.69 /cnconsum/Public/Uploads/lead/lead01.png
INFO: [ app_init ] --START--
INFO: Run Behavior\BuildLiteBehavior [ RunTime:0.000011s ]
INFO: [ app_init ] --END-- [ RunTime:0.000233s ]
ERR: 无法加载模块:Public

[ 2016-12-29T17:54:52+08:00 ] 117.22.26.69 /cnconsum/Public/Uploads/lead/lead01.png
INFO: [ app_init ] --START--
INFO: Run Behavior\BuildLiteBehavior [ RunTime:0.000014s ]
INFO: [ app_init ] --END-- [ RunTime:0.000310s ]
ERR: 无法加载模块:Public

[ 2016-12-29T17:54:53+08:00 ] 117.22.26.69 /cnconsum/Public/Uploads/lead/lead01.png
INFO: [ app_init ] --START--
INFO: Run Behavior\BuildLiteBehavior [ RunTime:0.000014s ]
INFO: [ app_init ] --END-- [ RunTime:0.000296s ]
ERR: 无法加载模块:Public

[ 2016-12-29T17:54:53+08:00 ] 117.22.26.69 /cnconsum/Public/Uploads/lead/lead01.png
INFO: [ app_init ] --START--
INFO: Run Behavior\BuildLiteBehavior [ RunTime:0.000013s ]
INFO: [ app_init ] --END-- [ RunTime:0.000308s ]
ERR: 无法加载模块:Public

[ 2016-12-29T17:54:53+08:00 ] 117.22.26.69 /cnconsum/Public/Uploads/lead/lead01.png
INFO: [ app_init ] --START--
INFO: Run Behavior\BuildLiteBehavior [ RunTime:0.000018s ]
INFO: [ app_init ] --END-- [ RunTime:0.000268s ]
ERR: 无法加载模块:Public

[ 2016-12-29T17:55:13+08:00 ] 117.22.26.69 /cnconsum/Public/Uploads/lead/lead01.png
INFO: [ app_init ] --START--
INFO: Run Behavior\BuildLiteBehavior [ RunTime:0.000013s ]
INFO: [ app_init ] --END-- [ RunTime:0.000263s ]
ERR: 无法加载模块:Public

[ 2016-12-29T17:55:14+08:00 ] 117.22.26.69 /cnconsum/Public/Uploads/lead/lead01.png
INFO: [ app_init ] --START--
INFO: Run Behavior\BuildLiteBehavior [ RunTime:0.000013s ]
INFO: [ app_init ] --END-- [ RunTime:0.000268s ]
ERR: 无法加载模块:Public

[ 2016-12-29T17:56:30+08:00 ] 117.22.26.69 /cnconsum/Public/Uploads/lead/lead01.png
INFO: [ app_init ] --START--
INFO: Run Behavior\BuildLiteBehavior [ RunTime:0.000019s ]
INFO: [ app_init ] --END-- [ RunTime:0.000388s ]
ERR: 无法加载模块:Public

[ 2016-12-29T17:56:30+08:00 ] 117.22.26.69 /cnconsum/Public/Uploads/lead/lead01.png
INFO: [ app_init ] --START--
INFO: Run Behavior\BuildLiteBehavior [ RunTime:0.000014s ]
INFO: [ app_init ] --END-- [ RunTime:0.000279s ]
ERR: 无法加载模块:Public

[ 2016-12-29T17:58:52+08:00 ] 117.22.26.69 /cnconsum/Public/Uploads/lead/lead01.png
INFO: [ app_init ] --START--
INFO: Run Behavior\BuildLiteBehavior [ RunTime:0.000022s ]
INFO: [ app_init ] --END-- [ RunTime:0.000309s ]
ERR: 无法加载模块:Public

[ 2016-12-29T17:58:52+08:00 ] 117.22.26.69 /cnconsum/Public/Uploads/lead/lead01.png
INFO: [ app_init ] --START--
INFO: Run Behavior\BuildLiteBehavior [ RunTime:0.000011s ]
INFO: [ app_init ] --END-- [ RunTime:0.000249s ]
ERR: 无法加载模块:Public

[ 2016-12-29T17:58:53+08:00 ] 117.22.26.69 /cnconsum/Public/Uploads/lead/lead01.png
INFO: [ app_init ] --START--
INFO: Run Behavior\BuildLiteBehavior [ RunTime:0.000019s ]
INFO: [ app_init ] --END-- [ RunTime:0.000336s ]
ERR: 无法加载模块:Public

[ 2016-12-29T17:58:53+08:00 ] 117.22.26.69 /cnconsum/Public/Uploads/lead/lead01.png
INFO: [ app_init ] --START--
INFO: Run Behavior\BuildLiteBehavior [ RunTime:0.000030s ]
INFO: [ app_init ] --END-- [ RunTime:0.000274s ]
ERR: 无法加载模块:Public

[ 2016-12-29T17:58:54+08:00 ] 117.22.26.69 /cnconsum/Public/Uploads/lead/lead01.png
INFO: [ app_init ] --START--
INFO: Run Behavior\BuildLiteBehavior [ RunTime:0.000014s ]
INFO: [ app_init ] --END-- [ RunTime:0.000283s ]
ERR: 无法加载模块:Public

[ 2016-12-29T17:58:54+08:00 ] 117.22.26.69 /cnconsum/Public/Uploads/lead/lead01.png
INFO: [ app_init ] --START--
INFO: Run Behavior\BuildLiteBehavior [ RunTime:0.000013s ]
INFO: [ app_init ] --END-- [ RunTime:0.000265s ]
ERR: 无法加载模块:Public

[ 2016-12-29T18:03:09+08:00 ] 117.22.26.69 /cnconsum/Public/Uploads/lead/lead01.png
INFO: [ app_init ] --START--
INFO: Run Behavior\BuildLiteBehavior [ RunTime:0.000014s ]
INFO: [ app_init ] --END-- [ RunTime:0.000281s ]
ERR: 无法加载模块:Public

[ 2016-12-29T18:03:09+08:00 ] 117.22.26.69 /cnconsum/Public/Uploads/lead/lead01.png
INFO: [ app_init ] --START--
INFO: Run Behavior\BuildLiteBehavior [ RunTime:0.000013s ]
INFO: [ app_init ] --END-- [ RunTime:0.000263s ]
ERR: 无法加载模块:Public

[ 2016-12-29T18:06:10+08:00 ] 117.22.26.69 /cnconsum/Public/Uploads/lead/lead01.png
INFO: [ app_init ] --START--
INFO: Run Behavior\BuildLiteBehavior [ RunTime:0.000013s ]
INFO: [ app_init ] --END-- [ RunTime:0.000268s ]
ERR: 无法加载模块:Public

[ 2016-12-29T18:06:10+08:00 ] 117.22.26.69 /cnconsum/Public/Uploads/lead/lead01.png
INFO: [ app_init ] --START--
INFO: Run Behavior\BuildLiteBehavior [ RunTime:0.000013s ]
INFO: [ app_init ] --END-- [ RunTime:0.000352s ]
ERR: 无法加载模块:Public

[ 2016-12-29T18:06:52+08:00 ] 117.22.26.69 /cnconsum/Public/Uploads/addImage/null
INFO: [ app_init ] --START--
INFO: Run Behavior\BuildLiteBehavior [ RunTime:0.000029s ]
INFO: [ app_init ] --END-- [ RunTime:0.000425s ]
ERR: 无法加载模块:Public

[ 2016-12-29T18:06:52+08:00 ] 117.22.26.69 /cnconsum/Public/Uploads/addImage/null
INFO: [ app_init ] --START--
INFO: Run Behavior\BuildLiteBehavior [ RunTime:0.000019s ]
INFO: [ app_init ] --END-- [ RunTime:0.000409s ]
ERR: 无法加载模块:Public

[ 2016-12-29T18:06:52+08:00 ] 117.22.26.69 /cnconsum/Public/Uploads/addImage/null
INFO: [ app_init ] --START--
INFO: Run Behavior\BuildLiteBehavior [ RunTime:0.000018s ]
INFO: [ app_init ] --END-- [ RunTime:0.000386s ]
ERR: 无法加载模块:Public

[ 2016-12-29T18:06:56+08:00 ] 117.22.26.69 /cnconsum/Public/Uploads/addImage/null
INFO: [ app_init ] --START--
INFO: Run Behavior\BuildLiteBehavior [ RunTime:0.000015s ]
INFO: [ app_init ] --END-- [ RunTime:0.000303s ]
ERR: 无法加载模块:Public

[ 2016-12-29T18:06:56+08:00 ] 117.22.26.69 /cnconsum/Public/Uploads/addImage/null
INFO: [ app_init ] --START--
INFO: Run Behavior\BuildLiteBehavior [ RunTime:0.000012s ]
INFO: [ app_init ] --END-- [ RunTime:0.000236s ]
ERR: 无法加载模块:Public

[ 2016-12-29T18:06:56+08:00 ] 117.22.26.69 /cnconsum/Public/Uploads/addImage/null
INFO: [ app_init ] --START--
INFO: Run Behavior\BuildLiteBehavior [ RunTime:0.000012s ]
INFO: [ app_init ] --END-- [ RunTime:0.000249s ]
ERR: 无法加载模块:Public

[ 2016-12-29T18:06:56+08:00 ] 117.22.26.69 /cnconsum/Public/Uploads/addImage/null
INFO: [ app_init ] --START--
INFO: Run Behavior\BuildLiteBehavior [ RunTime:0.000012s ]
INFO: [ app_init ] --END-- [ RunTime:0.000257s ]
ERR: 无法加载模块:Public

