[ 2016-10-14T09:19:19+08:00 ] 113.132.11.218 /cnconsum/Public/Uploads/addImage/face_02.jpg
INFO: [ app_init ] --START--
INFO: Run Behavior\BuildLiteBehavior [ RunTime:0.000012s ]
INFO: [ app_init ] --END-- [ RunTime:0.000303s ]
ERR: 无法加载模块:Public

[ 2016-10-14T09:19:19+08:00 ] 113.132.11.218 /cnconsum/Public/Uploads/addImage/face_02.jpg
INFO: [ app_init ] --START--
INFO: Run Behavior\BuildLiteBehavior [ RunTime:0.000021s ]
INFO: [ app_init ] --END-- [ RunTime:0.000326s ]
ERR: 无法加载模块:Public

[ 2016-10-14T09:50:48+08:00 ] 113.132.11.218 /cnconsum/Public/Uploads/addImage/face_02.jpg
INFO: [ app_init ] --START--
INFO: Run Behavior\BuildLiteBehavior [ RunTime:0.000014s ]
INFO: [ app_init ] --END-- [ RunTime:0.000267s ]
ERR: 无法加载模块:Public

[ 2016-10-14T09:50:48+08:00 ] 113.132.11.218 /cnconsum/Public/Uploads/addImage/face_02.jpg
INFO: [ app_init ] --START--
INFO: Run Behavior\BuildLiteBehavior [ RunTime:0.000019s ]
INFO: [ app_init ] --END-- [ RunTime:0.000320s ]
ERR: 无法加载模块:Public

[ 2016-10-14T09:50:48+08:00 ] 113.132.11.218 /cnconsum/Public/Uploads/addImage/face_02.jpg
INFO: [ app_init ] --START--
INFO: Run Behavior\BuildLiteBehavior [ RunTime:0.000021s ]
INFO: [ app_init ] --END-- [ RunTime:0.000431s ]
ERR: 无法加载模块:Public

[ 2016-10-14T09:50:48+08:00 ] 113.132.11.218 /cnconsum/Public/Uploads/addImage/face_02.jpg
INFO: [ app_init ] --START--
INFO: Run Behavior\BuildLiteBehavior [ RunTime:0.000014s ]
INFO: [ app_init ] --END-- [ RunTime:0.000296s ]
ERR: 无法加载模块:Public

[ 2016-10-14T09:50:48+08:00 ] 113.132.11.218 /cnconsum/Public/Uploads/addImage/face_02.jpg
INFO: [ app_init ] --START--
INFO: Run Behavior\BuildLiteBehavior [ RunTime:0.000013s ]
INFO: [ app_init ] --END-- [ RunTime:0.000294s ]
ERR: 无法加载模块:Public

[ 2016-10-14T09:50:49+08:00 ] 113.132.11.218 /cnconsum/Public/Uploads/addImage/face_02.jpg
INFO: [ app_init ] --START--
INFO: Run Behavior\BuildLiteBehavior [ RunTime:0.000025s ]
INFO: [ app_init ] --END-- [ RunTime:0.000512s ]
ERR: 无法加载模块:Public

[ 2016-10-14T09:55:37+08:00 ] 113.132.11.218 /cnconsum/Public/Uploads/addImage/face_02.jpg
INFO: [ app_init ] --START--
INFO: Run Behavior\BuildLiteBehavior [ RunTime:0.000014s ]
INFO: [ app_init ] --END-- [ RunTime:0.000312s ]
ERR: 无法加载模块:Public

[ 2016-10-14T09:55:37+08:00 ] 113.132.11.218 /cnconsum/Public/Uploads/addImage/face_02.jpg
INFO: [ app_init ] --START--
INFO: Run Behavior\BuildLiteBehavior [ RunTime:0.000023s ]
INFO: [ app_init ] --END-- [ RunTime:0.000342s ]
ERR: 无法加载模块:Public

[ 2016-10-14T09:55:37+08:00 ] 113.132.11.218 /cnconsum/Public/Uploads/addImage/face_02.jpg
INFO: [ app_init ] --START--
INFO: Run Behavior\BuildLiteBehavior [ RunTime:0.000013s ]
INFO: [ app_init ] --END-- [ RunTime:0.000289s ]
ERR: 无法加载模块:Public

[ 2016-10-14T09:55:37+08:00 ] 113.132.11.218 /cnconsum/Public/Uploads/addImage/face_02.jpg
INFO: [ app_init ] --START--
INFO: Run Behavior\BuildLiteBehavior [ RunTime:0.000012s ]
INFO: [ app_init ] --END-- [ RunTime:0.000293s ]
ERR: 无法加载模块:Public

[ 2016-10-14T09:55:37+08:00 ] 113.132.11.218 /cnconsum/Public/Uploads/addImage/face_02.jpg
INFO: [ app_init ] --START--
INFO: Run Behavior\BuildLiteBehavior [ RunTime:0.000014s ]
INFO: [ app_init ] --END-- [ RunTime:0.000292s ]
ERR: 无法加载模块:Public

[ 2016-10-14T09:55:37+08:00 ] 113.132.11.218 /cnconsum/Public/Uploads/addImage/face_02.jpg
INFO: [ app_init ] --START--
INFO: Run Behavior\BuildLiteBehavior [ RunTime:0.000017s ]
INFO: [ app_init ] --END-- [ RunTime:0.000454s ]
ERR: 无法加载模块:Public

[ 2016-10-14T09:56:36+08:00 ] 113.132.11.218 /cnconsum/Public/Uploads/addImage/%E6%B5%8B%E8%AF%95_1234567.png
INFO: [ app_init ] --START--
INFO: Run Behavior\BuildLiteBehavior [ RunTime:0.000014s ]
INFO: [ app_init ] --END-- [ RunTime:0.000311s ]
ERR: 无法加载模块:Public

[ 2016-10-14T09:56:36+08:00 ] 113.132.11.218 /cnconsum/Public/Uploads/addImage/%E6%B5%8B%E8%AF%95_1234567.png
INFO: [ app_init ] --START--
INFO: Run Behavior\BuildLiteBehavior [ RunTime:0.000014s ]
INFO: [ app_init ] --END-- [ RunTime:0.000277s ]
ERR: 无法加载模块:Public

[ 2016-10-14T09:56:36+08:00 ] 113.132.11.218 /cnconsum/Public/Uploads/addImage/%E6%B5%8B%E8%AF%95_1234567.png
INFO: [ app_init ] --START--
INFO: Run Behavior\BuildLiteBehavior [ RunTime:0.000012s ]
INFO: [ app_init ] --END-- [ RunTime:0.000269s ]
ERR: 无法加载模块:Public

[ 2016-10-14T09:56:36+08:00 ] 113.132.11.218 /cnconsum/Public/Uploads/addImage/%E6%B5%8B%E8%AF%95_1234567.png
INFO: [ app_init ] --START--
INFO: Run Behavior\BuildLiteBehavior [ RunTime:0.000013s ]
INFO: [ app_init ] --END-- [ RunTime:0.000298s ]
ERR: 无法加载模块:Public

[ 2016-10-14T09:56:36+08:00 ] 113.132.11.218 /cnconsum/Public/Uploads/addImage/%E6%B5%8B%E8%AF%95_1234567.png
INFO: [ app_init ] --START--
INFO: Run Behavior\BuildLiteBehavior [ RunTime:0.000018s ]
INFO: [ app_init ] --END-- [ RunTime:0.000402s ]
ERR: 无法加载模块:Public

[ 2016-10-14T09:56:36+08:00 ] 113.132.11.218 /cnconsum/Public/Uploads/addImage/%E6%B5%8B%E8%AF%95_1234567.png
INFO: [ app_init ] --START--
INFO: Run Behavior\BuildLiteBehavior [ RunTime:0.000030s ]
INFO: [ app_init ] --END-- [ RunTime:0.000365s ]
ERR: 无法加载模块:Public

[ 2016-10-14T09:56:36+08:00 ] 113.132.11.218 /cnconsum/Public/Uploads/addImage/%E6%B5%8B%E8%AF%95_1234567.png
INFO: [ app_init ] --START--
INFO: Run Behavior\BuildLiteBehavior [ RunTime:0.000018s ]
INFO: [ app_init ] --END-- [ RunTime:0.000289s ]
ERR: 无法加载模块:Public

[ 2016-10-14T09:56:36+08:00 ] 113.132.11.218 /cnconsum/Public/Uploads/addImage/%E6%B5%8B%E8%AF%95_1234567.png
INFO: [ app_init ] --START--
INFO: Run Behavior\BuildLiteBehavior [ RunTime:0.000013s ]
INFO: [ app_init ] --END-- [ RunTime:0.000281s ]
ERR: 无法加载模块:Public

[ 2016-10-14T09:56:36+08:00 ] 113.132.11.218 /cnconsum/Public/Uploads/addImage/%E6%B5%8B%E8%AF%95_1234567.png
INFO: [ app_init ] --START--
INFO: Run Behavior\BuildLiteBehavior [ RunTime:0.000012s ]
INFO: [ app_init ] --END-- [ RunTime:0.000262s ]
ERR: 无法加载模块:Public

[ 2016-10-14T09:56:36+08:00 ] 113.132.11.218 /cnconsum/Public/Uploads/addImage/%E6%B5%8B%E8%AF%95_1234567.png
INFO: [ app_init ] --START--
INFO: Run Behavior\BuildLiteBehavior [ RunTime:0.000015s ]
INFO: [ app_init ] --END-- [ RunTime:0.000384s ]
ERR: 无法加载模块:Public

[ 2016-10-14T09:56:36+08:00 ] 113.132.11.218 /cnconsum/Public/Uploads/addImage/%E6%B5%8B%E8%AF%95_1234567.png
INFO: [ app_init ] --START--
INFO: Run Behavior\BuildLiteBehavior [ RunTime:0.000013s ]
INFO: [ app_init ] --END-- [ RunTime:0.000258s ]
ERR: 无法加载模块:Public

[ 2016-10-14T09:56:36+08:00 ] 113.132.11.218 /cnconsum/Public/Uploads/addImage/%E6%B5%8B%E8%AF%95_1234567.png
INFO: [ app_init ] --START--
INFO: Run Behavior\BuildLiteBehavior [ RunTime:0.000019s ]
INFO: [ app_init ] --END-- [ RunTime:0.000283s ]
ERR: 无法加载模块:Public

[ 2016-10-14T10:31:38+08:00 ] 113.132.11.218 /cnconsum/Public/Uploads/licenseImage/null_15191582111.png
INFO: [ app_init ] --START--
INFO: Run Behavior\BuildLiteBehavior [ RunTime:0.000013s ]
INFO: [ app_init ] --END-- [ RunTime:0.000326s ]
ERR: 无法加载模块:Public

[ 2016-10-14T10:31:38+08:00 ] 113.132.11.218 /cnconsum/Public/Uploads/houseImage/null_15191582111_01.png
INFO: [ app_init ] --START--
INFO: Run Behavior\BuildLiteBehavior [ RunTime:0.000015s ]
INFO: [ app_init ] --END-- [ RunTime:0.000295s ]
ERR: 无法加载模块:Public

[ 2016-10-14T10:31:38+08:00 ] 113.132.11.218 /cnconsum/Public/Uploads/houseImage/null_15191582111_02.png
INFO: [ app_init ] --START--
INFO: Run Behavior\BuildLiteBehavior [ RunTime:0.000014s ]
INFO: [ app_init ] --END-- [ RunTime:0.000264s ]
ERR: 无法加载模块:Public

[ 2016-10-14T10:33:35+08:00 ] 113.132.11.218 /cnconsum/Public/Uploads/licenseImage/null_15191582111.png
INFO: [ app_init ] --START--
INFO: Run Behavior\BuildLiteBehavior [ RunTime:0.000022s ]
INFO: [ app_init ] --END-- [ RunTime:0.000456s ]
ERR: 无法加载模块:Public

[ 2016-10-14T10:33:35+08:00 ] 113.132.11.218 /cnconsum/Public/Uploads/houseImage/null_15191582111_02.png
INFO: [ app_init ] --START--
INFO: Run Behavior\BuildLiteBehavior [ RunTime:0.000013s ]
INFO: [ app_init ] --END-- [ RunTime:0.000278s ]
ERR: 无法加载模块:Public

[ 2016-10-14T10:34:43+08:00 ] 113.132.11.218 /cnconsum/Public/Uploads/licenseImage/null_15191582111.png
INFO: [ app_init ] --START--
INFO: Run Behavior\BuildLiteBehavior [ RunTime:0.000014s ]
INFO: [ app_init ] --END-- [ RunTime:0.000275s ]
ERR: 无法加载模块:Public

[ 2016-10-14T10:34:43+08:00 ] 113.132.11.218 /cnconsum/Public/Uploads/houseImage/null_15191582111_02.png
INFO: [ app_init ] --START--
INFO: Run Behavior\BuildLiteBehavior [ RunTime:0.000032s ]
INFO: [ app_init ] --END-- [ RunTime:0.000337s ]
ERR: 无法加载模块:Public

[ 2016-10-14T10:37:24+08:00 ] 113.132.11.218 /cnconsum/Public/Uploads/licenseImage/null_15191582111.png
INFO: [ app_init ] --START--
INFO: Run Behavior\BuildLiteBehavior [ RunTime:0.000014s ]
INFO: [ app_init ] --END-- [ RunTime:0.000255s ]
ERR: 无法加载模块:Public

[ 2016-10-14T10:37:25+08:00 ] 113.132.11.218 /cnconsum/Public/Uploads/houseImage/null_15191582111_02.png
INFO: [ app_init ] --START--
INFO: Run Behavior\BuildLiteBehavior [ RunTime:0.000021s ]
INFO: [ app_init ] --END-- [ RunTime:0.000377s ]
ERR: 无法加载模块:Public

[ 2016-10-14T11:17:40+08:00 ] 113.132.11.218 /cnconsum/Public/Uploads/licenseImage/null_15191582111.png
INFO: [ app_init ] --START--
INFO: Run Behavior\BuildLiteBehavior [ RunTime:0.000020s ]
INFO: [ app_init ] --END-- [ RunTime:0.000335s ]
ERR: 无法加载模块:Public

[ 2016-10-14T11:21:13+08:00 ] 113.132.11.218 /cnconsum/Public/Uploads/cardImage/100
INFO: [ app_init ] --START--
INFO: Run Behavior\BuildLiteBehavior [ RunTime:0.000014s ]
INFO: [ app_init ] --END-- [ RunTime:0.000259s ]
ERR: 无法加载模块:Public

[ 2016-10-14T11:21:13+08:00 ] 113.132.11.218 /cnconsum/Public/Uploads/cardImage/100
INFO: [ app_init ] --START--
INFO: Run Behavior\BuildLiteBehavior [ RunTime:0.000015s ]
INFO: [ app_init ] --END-- [ RunTime:0.000302s ]
ERR: 无法加载模块:Public

[ 2016-10-14T11:28:11+08:00 ] 113.132.11.218 /cnconsum/Public/Uploads/licenseImage/Asa_15191582111.png
INFO: [ app_init ] --START--
INFO: Run Behavior\BuildLiteBehavior [ RunTime:0.000013s ]
INFO: [ app_init ] --END-- [ RunTime:0.000263s ]
ERR: 无法加载模块:Public

[ 2016-10-14T11:28:11+08:00 ] 113.132.11.218 /cnconsum/Public/Uploads/houseImage/Asa_15191582111_01.png
INFO: [ app_init ] --START--
INFO: Run Behavior\BuildLiteBehavior [ RunTime:0.000013s ]
INFO: [ app_init ] --END-- [ RunTime:0.000285s ]
ERR: 无法加载模块:Public

[ 2016-10-14T11:28:11+08:00 ] 113.132.11.218 /cnconsum/Public/Uploads/houseImage/Asa_15191582111_02.png
INFO: [ app_init ] --START--
INFO: Run Behavior\BuildLiteBehavior [ RunTime:0.000020s ]
INFO: [ app_init ] --END-- [ RunTime:0.000344s ]
ERR: 无法加载模块:Public

[ 2016-10-14T11:28:11+08:00 ] 113.132.11.218 /cnconsum/Public/Uploads/tenancyImage/Asa_15191582111_01.png
INFO: [ app_init ] --START--
INFO: Run Behavior\BuildLiteBehavior [ RunTime:0.000013s ]
INFO: [ app_init ] --END-- [ RunTime:0.000267s ]
ERR: 无法加载模块:Public

[ 2016-10-14T11:28:11+08:00 ] 113.132.11.218 /cnconsum/Public/Uploads/tenancyImage/Asa_15191582111_02.png
INFO: [ app_init ] --START--
INFO: Run Behavior\BuildLiteBehavior [ RunTime:0.000013s ]
INFO: [ app_init ] --END-- [ RunTime:0.000275s ]
ERR: 无法加载模块:Public

[ 2016-10-14T11:28:11+08:00 ] 113.132.11.218 /cnconsum/Public/Uploads/lpImage/Asa_15191582111.png
INFO: [ app_init ] --START--
INFO: Run Behavior\BuildLiteBehavior [ RunTime:0.000013s ]
INFO: [ app_init ] --END-- [ RunTime:0.000309s ]
ERR: 无法加载模块:Public

[ 2016-10-14T11:28:11+08:00 ] 113.132.11.218 /cnconsum/Public/Uploads/addImage/Asa_15191582111.png
INFO: [ app_init ] --START--
INFO: Run Behavior\BuildLiteBehavior [ RunTime:0.000022s ]
INFO: [ app_init ] --END-- [ RunTime:0.000361s ]
ERR: 无法加载模块:Public

[ 2016-10-14T11:28:11+08:00 ] 113.132.11.218 /cnconsum/Public/Uploads/wepImage/Asa_15191582111.png
INFO: [ app_init ] --START--
INFO: Run Behavior\BuildLiteBehavior [ RunTime:0.000012s ]
INFO: [ app_init ] --END-- [ RunTime:0.000252s ]
ERR: 无法加载模块:Public

[ 2016-10-14T11:29:49+08:00 ] 113.132.11.218 /cnconsum/Public/Uploads/licenseImage/Asa_15191582111.png
INFO: [ app_init ] --START--
INFO: Run Behavior\BuildLiteBehavior [ RunTime:0.000014s ]
INFO: [ app_init ] --END-- [ RunTime:0.000272s ]
ERR: 无法加载模块:Public

[ 2016-10-14T11:29:49+08:00 ] 113.132.11.218 /cnconsum/Public/Uploads/houseImage/Asa_15191582111_01.png
INFO: [ app_init ] --START--
INFO: Run Behavior\BuildLiteBehavior [ RunTime:0.000014s ]
INFO: [ app_init ] --END-- [ RunTime:0.000283s ]
ERR: 无法加载模块:Public

[ 2016-10-14T11:29:50+08:00 ] 113.132.11.218 /cnconsum/Public/Uploads/houseImage/Asa_15191582111_02.png
INFO: [ app_init ] --START--
INFO: Run Behavior\BuildLiteBehavior [ RunTime:0.000022s ]
INFO: [ app_init ] --END-- [ RunTime:0.000436s ]
ERR: 无法加载模块:Public

[ 2016-10-14T11:30:47+08:00 ] 113.132.11.218 /cnconsum/Public/Uploads/cardImage/100
INFO: [ app_init ] --START--
INFO: Run Behavior\BuildLiteBehavior [ RunTime:0.000013s ]
INFO: [ app_init ] --END-- [ RunTime:0.000291s ]
ERR: 无法加载模块:Public

[ 2016-10-14T11:30:47+08:00 ] 113.132.11.218 /cnconsum/Public/Uploads/cardImage/100
INFO: [ app_init ] --START--
INFO: Run Behavior\BuildLiteBehavior [ RunTime:0.000013s ]
INFO: [ app_init ] --END-- [ RunTime:0.000260s ]
ERR: 无法加载模块:Public

[ 2016-10-14T11:31:31+08:00 ] 113.132.11.218 /cnconsum/Public/Uploads/cardImage/100
INFO: [ app_init ] --START--
INFO: Run Behavior\BuildLiteBehavior [ RunTime:0.000014s ]
INFO: [ app_init ] --END-- [ RunTime:0.000265s ]
ERR: 无法加载模块:Public

[ 2016-10-14T11:31:31+08:00 ] 113.132.11.218 /cnconsum/Public/Uploads/cardImage/100
INFO: [ app_init ] --START--
INFO: Run Behavior\BuildLiteBehavior [ RunTime:0.000014s ]
INFO: [ app_init ] --END-- [ RunTime:0.000304s ]
ERR: 无法加载模块:Public

[ 2016-10-14T11:37:07+08:00 ] 113.132.11.218 /cnconsum/Public/Uploads/licenseImage/Asa_15191582111.png
INFO: [ app_init ] --START--
INFO: Run Behavior\BuildLiteBehavior [ RunTime:0.000014s ]
INFO: [ app_init ] --END-- [ RunTime:0.000340s ]
ERR: 无法加载模块:Public

[ 2016-10-14T11:37:08+08:00 ] 113.132.11.218 /cnconsum/Public/Uploads/houseImage/Asa_15191582111_01.png
INFO: [ app_init ] --START--
INFO: Run Behavior\BuildLiteBehavior [ RunTime:0.000026s ]
INFO: [ app_init ] --END-- [ RunTime:0.000492s ]
ERR: 无法加载模块:Public

[ 2016-10-14T11:37:08+08:00 ] 113.132.11.218 /cnconsum/Public/Uploads/houseImage/Asa_15191582111_02.png
INFO: [ app_init ] --START--
INFO: Run Behavior\BuildLiteBehavior [ RunTime:0.000014s ]
INFO: [ app_init ] --END-- [ RunTime:0.000268s ]
ERR: 无法加载模块:Public

[ 2016-10-14T13:33:01+08:00 ] 113.132.11.218 /cnconsum/Public/Uploads/headImage/13309206465_1471243071290.png
INFO: [ app_init ] --START--
INFO: Run Behavior\BuildLiteBehavior [ RunTime:0.000020s ]
INFO: [ app_init ] --END-- [ RunTime:0.000376s ]
ERR: 无法加载模块:Public

[ 2016-10-14T13:33:21+08:00 ] 113.132.11.218 /cnconsum/Public/Uploads/headImage/13309206465_1471243071290.png
INFO: [ app_init ] --START--
INFO: Run Behavior\BuildLiteBehavior [ RunTime:0.000021s ]
INFO: [ app_init ] --END-- [ RunTime:0.000387s ]
ERR: 无法加载模块:Public

[ 2016-10-14T13:33:28+08:00 ] 113.132.11.218 /cnconsum/Public/Uploads/headImage/13309206465_1471243071290.png
INFO: [ app_init ] --START--
INFO: Run Behavior\BuildLiteBehavior [ RunTime:0.000013s ]
INFO: [ app_init ] --END-- [ RunTime:0.000279s ]
ERR: 无法加载模块:Public

[ 2016-10-14T13:35:35+08:00 ] 113.132.11.218 /cnconsum/Public/Uploads/headImage/13309206465_1471243071290.png
INFO: [ app_init ] --START--
INFO: Run Behavior\BuildLiteBehavior [ RunTime:0.000014s ]
INFO: [ app_init ] --END-- [ RunTime:0.000333s ]
ERR: 无法加载模块:Public

[ 2016-10-14T13:35:44+08:00 ] 113.132.11.218 /cnconsum/Public/Uploads/headImage/13309206465_1471243071290.png
INFO: [ app_init ] --START--
INFO: Run Behavior\BuildLiteBehavior [ RunTime:0.000017s ]
INFO: [ app_init ] --END-- [ RunTime:0.000324s ]
ERR: 无法加载模块:Public

[ 2016-10-14T13:37:47+08:00 ] 113.132.11.218 /cnconsum/Public/Uploads/headImage/13309206465_1471243071290.png
INFO: [ app_init ] --START--
INFO: Run Behavior\BuildLiteBehavior [ RunTime:0.000013s ]
INFO: [ app_init ] --END-- [ RunTime:0.000256s ]
ERR: 无法加载模块:Public

[ 2016-10-14T13:39:31+08:00 ] 113.132.11.218 /cnconsum/Public/Uploads/headImage/13309206465_1471243071290.png
INFO: [ app_init ] --START--
INFO: Run Behavior\BuildLiteBehavior [ RunTime:0.000021s ]
INFO: [ app_init ] --END-- [ RunTime:0.000424s ]
ERR: 无法加载模块:Public

[ 2016-10-14T14:29:34+08:00 ] 113.132.11.218 /cnconsum/Public/Uploads/advert1Image/advert_01.jpg
INFO: [ app_init ] --START--
INFO: Run Behavior\BuildLiteBehavior [ RunTime:0.000013s ]
INFO: [ app_init ] --END-- [ RunTime:0.000338s ]
ERR: 无法加载模块:Public

[ 2016-10-14T14:29:34+08:00 ] 113.132.11.218 /cnconsum/Public/Uploads/advert1Image/advert_02.jpg
INFO: [ app_init ] --START--
INFO: Run Behavior\BuildLiteBehavior [ RunTime:0.000013s ]
INFO: [ app_init ] --END-- [ RunTime:0.000264s ]
ERR: 无法加载模块:Public

[ 2016-10-14T14:29:34+08:00 ] 113.132.11.218 /cnconsum/Public/Uploads/advert1Image/advert_03.jpg
INFO: [ app_init ] --START--
INFO: Run Behavior\BuildLiteBehavior [ RunTime:0.000017s ]
INFO: [ app_init ] --END-- [ RunTime:0.000274s ]
ERR: 无法加载模块:Public

[ 2016-10-14T14:29:34+08:00 ] 113.132.11.218 /cnconsum/Public/Uploads/addImage/%E5%B0%9A%E8%89%BA%E8%BD%A9_0002.png
INFO: [ app_init ] --START--
INFO: Run Behavior\BuildLiteBehavior [ RunTime:0.000022s ]
INFO: [ app_init ] --END-- [ RunTime:0.000412s ]
ERR: 无法加载模块:Public

[ 2016-10-14T14:29:35+08:00 ] 113.132.11.218 /cnconsum/Public/Uploads/addImage/null_13991301562.png
INFO: [ app_init ] --START--
INFO: Run Behavior\BuildLiteBehavior [ RunTime:0.000025s ]
INFO: [ app_init ] --END-- [ RunTime:0.000322s ]
ERR: 无法加载模块:Public

[ 2016-10-14T14:29:35+08:00 ] 113.132.11.218 /cnconsum/Public/Uploads/addImage/%E5%B0%9A%E8%89%BA%E8%BD%A9_0002.png
INFO: [ app_init ] --START--
INFO: Run Behavior\BuildLiteBehavior [ RunTime:0.000017s ]
INFO: [ app_init ] --END-- [ RunTime:0.000303s ]
ERR: 无法加载模块:Public

[ 2016-10-14T14:29:35+08:00 ] 113.132.11.218 /cnconsum/Public/Uploads/addImage/%E5%B0%9A%E8%89%BA%E8%BD%A9_0002.png
INFO: [ app_init ] --START--
INFO: Run Behavior\BuildLiteBehavior [ RunTime:0.000019s ]
INFO: [ app_init ] --END-- [ RunTime:0.000317s ]
ERR: 无法加载模块:Public

[ 2016-10-14T14:29:35+08:00 ] 113.132.11.218 /cnconsum/Public/Uploads/addImage/null_13991301562.png
INFO: [ app_init ] --START--
INFO: Run Behavior\BuildLiteBehavior [ RunTime:0.000017s ]
INFO: [ app_init ] --END-- [ RunTime:0.000379s ]
ERR: 无法加载模块:Public

[ 2016-10-14T14:29:35+08:00 ] 113.132.11.218 /cnconsum/Public/Uploads/addImage/%E9%A2%86%E7%A7%80%E7%9A%AE%E5%85%B7.png
INFO: [ app_init ] --START--
INFO: Run Behavior\BuildLiteBehavior [ RunTime:0.000021s ]
INFO: [ app_init ] --END-- [ RunTime:0.000443s ]
ERR: 无法加载模块:Public

[ 2016-10-14T14:29:35+08:00 ] 113.132.11.218 /cnconsum/Public/Uploads/addImage/%E9%A2%86%E7%A7%80%E7%9A%AE%E5%85%B7.png
INFO: [ app_init ] --START--
INFO: Run Behavior\BuildLiteBehavior [ RunTime:0.000031s ]
INFO: [ app_init ] --END-- [ RunTime:0.000348s ]
ERR: 无法加载模块:Public

[ 2016-10-14T14:29:35+08:00 ] 113.132.11.218 /cnconsum/Public/Uploads/addImage/%E9%A3%98%E9%80%B8%E9%80%A0%E5%9E%8B_18966746132.png
INFO: [ app_init ] --START--
INFO: Run Behavior\BuildLiteBehavior [ RunTime:0.000019s ]
INFO: [ app_init ] --END-- [ RunTime:0.000279s ]
ERR: 无法加载模块:Public

[ 2016-10-14T14:29:35+08:00 ] 113.132.11.218 /cnconsum/Public/Uploads/addImage/%E4%B9%9D%E9%83%A1%E5%BC%98%E5%95%86%E8%B4%B8%E7%92%9F%E6%B3%B0%E7%83%9F%E9%85%92%E8%8C%B6%E5%95%86%E8%A1%8C.png
INFO: [ app_init ] --START--
INFO: Run Behavior\BuildLiteBehavior [ RunTime:0.000012s ]
INFO: [ app_init ] --END-- [ RunTime:0.000266s ]
ERR: 无法加载模块:Public

[ 2016-10-14T14:29:35+08:00 ] 113.132.11.218 /cnconsum/Public/Uploads/addImage/%E7%8E%8B%E5%A4%A7%E7%88%B7%E7%83%A7%E7%83%A4.png
INFO: [ app_init ] --START--
INFO: Run Behavior\BuildLiteBehavior [ RunTime:0.000014s ]
INFO: [ app_init ] --END-- [ RunTime:0.000286s ]
ERR: 无法加载模块:Public

[ 2016-10-14T14:29:35+08:00 ] 113.132.11.218 /cnconsum/Public/Uploads/addImage/%E9%A3%98%E9%80%B8%E9%80%A0%E5%9E%8B_18966746132.png
INFO: [ app_init ] --START--
INFO: Run Behavior\BuildLiteBehavior [ RunTime:0.000022s ]
INFO: [ app_init ] --END-- [ RunTime:0.000306s ]
ERR: 无法加载模块:Public

[ 2016-10-14T14:29:35+08:00 ] 113.132.11.218 /cnconsum/Public/Uploads/addImage/%E7%8E%8B%E5%A4%A7%E7%88%B7%E7%83%A7%E7%83%A4.png
INFO: [ app_init ] --START--
INFO: Run Behavior\BuildLiteBehavior [ RunTime:0.000020s ]
INFO: [ app_init ] --END-- [ RunTime:0.000442s ]
ERR: 无法加载模块:Public

[ 2016-10-14T14:29:35+08:00 ] 113.132.11.218 /cnconsum/Public/Uploads/addImage/%E4%B9%9D%E9%83%A1%E5%BC%98%E5%95%86%E8%B4%B8%E7%92%9F%E6%B3%B0%E7%83%9F%E9%85%92%E8%8C%B6%E5%95%86%E8%A1%8C.png
INFO: [ app_init ] --START--
INFO: Run Behavior\BuildLiteBehavior [ RunTime:0.000013s ]
INFO: [ app_init ] --END-- [ RunTime:0.000250s ]
ERR: 无法加载模块:Public

[ 2016-10-14T14:29:35+08:00 ] 113.132.11.218 /cnconsum/Public/Uploads/addImage/%E5%B0%9A%E8%89%BA%E8%BD%A9_0002.png
INFO: [ app_init ] --START--
INFO: Run Behavior\BuildLiteBehavior [ RunTime:0.000018s ]
INFO: [ app_init ] --END-- [ RunTime:0.000327s ]
ERR: 无法加载模块:Public

[ 2016-10-14T14:29:35+08:00 ] 113.132.11.218 /cnconsum/Public/Uploads/addImage/null_13991301562.png
INFO: [ app_init ] --START--
INFO: Run Behavior\BuildLiteBehavior [ RunTime:0.000018s ]
INFO: [ app_init ] --END-- [ RunTime:0.000285s ]
ERR: 无法加载模块:Public

[ 2016-10-14T14:29:35+08:00 ] 113.132.11.218 /cnconsum/Public/Uploads/addImage/%E9%A2%86%E7%A7%80%E7%9A%AE%E5%85%B7.png
INFO: [ app_init ] --START--
INFO: Run Behavior\BuildLiteBehavior [ RunTime:0.000017s ]
INFO: [ app_init ] --END-- [ RunTime:0.000345s ]
ERR: 无法加载模块:Public

[ 2016-10-14T14:29:35+08:00 ] 113.132.11.218 /cnconsum/Public/Uploads/addImage/%E5%B0%9A%E8%89%BA%E8%BD%A9_0002.png
INFO: [ app_init ] --START--
INFO: Run Behavior\BuildLiteBehavior [ RunTime:0.000021s ]
INFO: [ app_init ] --END-- [ RunTime:0.000427s ]
ERR: 无法加载模块:Public

[ 2016-10-14T14:29:35+08:00 ] 113.132.11.218 /cnconsum/Public/Uploads/addImage/null_13991301562.png
INFO: [ app_init ] --START--
INFO: Run Behavior\BuildLiteBehavior [ RunTime:0.000019s ]
INFO: [ app_init ] --END-- [ RunTime:0.000385s ]
ERR: 无法加载模块:Public

[ 2016-10-14T14:29:35+08:00 ] 113.132.11.218 /cnconsum/Public/Uploads/addImage/%E9%A2%86%E7%A7%80%E7%9A%AE%E5%85%B7.png
INFO: [ app_init ] --START--
INFO: Run Behavior\BuildLiteBehavior [ RunTime:0.000011s ]
INFO: [ app_init ] --END-- [ RunTime:0.000253s ]
ERR: 无法加载模块:Public

[ 2016-10-14T14:29:36+08:00 ] 113.132.11.218 /cnconsum/Public/Uploads/addImage/%E4%B9%9D%E9%83%A1%E5%BC%98%E5%95%86%E8%B4%B8%E7%92%9F%E6%B3%B0%E7%83%9F%E9%85%92%E8%8C%B6%E5%95%86%E8%A1%8C.png
INFO: [ app_init ] --START--
INFO: Run Behavior\BuildLiteBehavior [ RunTime:0.000017s ]
INFO: [ app_init ] --END-- [ RunTime:0.000280s ]
ERR: 无法加载模块:Public

[ 2016-10-14T14:29:36+08:00 ] 113.132.11.218 /cnconsum/Public/Uploads/addImage/%E9%A2%86%E7%A7%80%E7%9A%AE%E5%85%B7.png
INFO: [ app_init ] --START--
INFO: Run Behavior\BuildLiteBehavior [ RunTime:0.000021s ]
INFO: [ app_init ] --END-- [ RunTime:0.000326s ]
ERR: 无法加载模块:Public

[ 2016-10-14T14:29:36+08:00 ] 113.132.11.218 /cnconsum/Public/Uploads/addImage/%E5%B0%9A%E8%89%BA%E8%BD%A9_0002.png
INFO: [ app_init ] --START--
INFO: Run Behavior\BuildLiteBehavior [ RunTime:0.000015s ]
INFO: [ app_init ] --END-- [ RunTime:0.000290s ]
ERR: 无法加载模块:Public

[ 2016-10-14T14:29:36+08:00 ] 113.132.11.218 /cnconsum/Public/Uploads/addImage/%E9%A2%86%E7%A7%80%E7%9A%AE%E5%85%B7.png
INFO: [ app_init ] --START--
INFO: Run Behavior\BuildLiteBehavior [ RunTime:0.000018s ]
INFO: [ app_init ] --END-- [ RunTime:0.000350s ]
ERR: 无法加载模块:Public

[ 2016-10-14T14:29:36+08:00 ] 113.132.11.218 /cnconsum/Public/Uploads/addImage/%E5%B0%9A%E8%89%BA%E8%BD%A9_0002.png
INFO: [ app_init ] --START--
INFO: Run Behavior\BuildLiteBehavior [ RunTime:0.000016s ]
INFO: [ app_init ] --END-- [ RunTime:0.000290s ]
ERR: 无法加载模块:Public

[ 2016-10-14T14:29:36+08:00 ] 113.132.11.218 /cnconsum/Public/Uploads/addImage/%E9%A3%98%E9%80%B8%E9%80%A0%E5%9E%8B_18966746132.png
INFO: [ app_init ] --START--
INFO: Run Behavior\BuildLiteBehavior [ RunTime:0.000012s ]
INFO: [ app_init ] --END-- [ RunTime:0.000264s ]
ERR: 无法加载模块:Public

[ 2016-10-14T14:29:36+08:00 ] 113.132.11.218 /cnconsum/Public/Uploads/addImage/%E9%A3%98%E9%80%B8%E9%80%A0%E5%9E%8B_18966746132.png
INFO: [ app_init ] --START--
INFO: Run Behavior\BuildLiteBehavior [ RunTime:0.000013s ]
INFO: [ app_init ] --END-- [ RunTime:0.000287s ]
ERR: 无法加载模块:Public

[ 2016-10-14T14:29:36+08:00 ] 113.132.11.218 /cnconsum/Public/Uploads/addImage/%E4%B9%9D%E9%83%A1%E5%BC%98%E5%95%86%E8%B4%B8%E7%92%9F%E6%B3%B0%E7%83%9F%E9%85%92%E8%8C%B6%E5%95%86%E8%A1%8C.png
INFO: [ app_init ] --START--
INFO: Run Behavior\BuildLiteBehavior [ RunTime:0.000014s ]
INFO: [ app_init ] --END-- [ RunTime:0.000317s ]
ERR: 无法加载模块:Public

[ 2016-10-14T14:29:36+08:00 ] 113.132.11.218 /cnconsum/Public/Uploads/addImage/%E7%8E%8B%E5%A4%A7%E7%88%B7%E7%83%A7%E7%83%A4.png
INFO: [ app_init ] --START--
INFO: Run Behavior\BuildLiteBehavior [ RunTime:0.000015s ]
INFO: [ app_init ] --END-- [ RunTime:0.000330s ]
ERR: 无法加载模块:Public

[ 2016-10-14T14:29:36+08:00 ] 113.132.11.218 /cnconsum/Public/Uploads/addImage/null_13991301562.png
INFO: [ app_init ] --START--
INFO: Run Behavior\BuildLiteBehavior [ RunTime:0.000020s ]
INFO: [ app_init ] --END-- [ RunTime:0.000411s ]
ERR: 无法加载模块:Public

[ 2016-10-14T14:29:36+08:00 ] 113.132.11.218 /cnconsum/Public/Uploads/addImage/%E7%8E%8B%E5%A4%A7%E7%88%B7%E7%83%A7%E7%83%A4.png
INFO: [ app_init ] --START--
INFO: Run Behavior\BuildLiteBehavior [ RunTime:0.000078s ]
INFO: [ app_init ] --END-- [ RunTime:0.000542s ]
ERR: 无法加载模块:Public

[ 2016-10-14T14:29:36+08:00 ] 113.132.11.218 /cnconsum/Public/Uploads/addImage/%E4%B9%9D%E9%83%A1%E5%BC%98%E5%95%86%E8%B4%B8%E7%92%9F%E6%B3%B0%E7%83%9F%E9%85%92%E8%8C%B6%E5%95%86%E8%A1%8C.png
INFO: [ app_init ] --START--
INFO: Run Behavior\BuildLiteBehavior [ RunTime:0.000012s ]
INFO: [ app_init ] --END-- [ RunTime:0.000268s ]
ERR: 无法加载模块:Public

[ 2016-10-14T14:29:36+08:00 ] 113.132.11.218 /cnconsum/Public/Uploads/addImage/null_13991301562.png
INFO: [ app_init ] --START--
INFO: Run Behavior\BuildLiteBehavior [ RunTime:0.000013s ]
INFO: [ app_init ] --END-- [ RunTime:0.000250s ]
ERR: 无法加载模块:Public

[ 2016-10-14T14:29:36+08:00 ] 113.132.11.218 /cnconsum/Public/Uploads/addImage/%E9%A2%86%E7%A7%80%E7%9A%AE%E5%85%B7.png
INFO: [ app_init ] --START--
INFO: Run Behavior\BuildLiteBehavior [ RunTime:0.000014s ]
INFO: [ app_init ] --END-- [ RunTime:0.000297s ]
ERR: 无法加载模块:Public

[ 2016-10-14T14:29:36+08:00 ] 113.132.11.218 /cnconsum/Public/Uploads/addImage/null_13991301562.png
INFO: [ app_init ] --START--
INFO: Run Behavior\BuildLiteBehavior [ RunTime:0.000014s ]
INFO: [ app_init ] --END-- [ RunTime:0.000263s ]
ERR: 无法加载模块:Public

[ 2016-10-14T14:29:36+08:00 ] 113.132.11.218 /cnconsum/Public/Uploads/addImage/%E5%B0%9A%E8%89%BA%E8%BD%A9_0002.png
INFO: [ app_init ] --START--
INFO: Run Behavior\BuildLiteBehavior [ RunTime:0.000013s ]
INFO: [ app_init ] --END-- [ RunTime:0.000314s ]
ERR: 无法加载模块:Public

[ 2016-10-14T14:29:36+08:00 ] 113.132.11.218 /cnconsum/Public/Uploads/addImage/%E4%B9%9D%E9%83%A1%E5%BC%98%E5%95%86%E8%B4%B8%E7%92%9F%E6%B3%B0%E7%83%9F%E9%85%92%E8%8C%B6%E5%95%86%E8%A1%8C.png
INFO: [ app_init ] --START--
INFO: Run Behavior\BuildLiteBehavior [ RunTime:0.000024s ]
INFO: [ app_init ] --END-- [ RunTime:0.000391s ]
ERR: 无法加载模块:Public

[ 2016-10-14T14:29:37+08:00 ] 113.132.11.218 /cnconsum/Public/Uploads/addImage/%E9%A2%86%E7%A7%80%E7%9A%AE%E5%85%B7.png
INFO: [ app_init ] --START--
INFO: Run Behavior\BuildLiteBehavior [ RunTime:0.000020s ]
INFO: [ app_init ] --END-- [ RunTime:0.000394s ]
ERR: 无法加载模块:Public

[ 2016-10-14T14:29:37+08:00 ] 113.132.11.218 /cnconsum/Public/Uploads/addImage/%E5%B0%9A%E8%89%BA%E8%BD%A9_0002.png
INFO: [ app_init ] --START--
INFO: Run Behavior\BuildLiteBehavior [ RunTime:0.000017s ]
INFO: [ app_init ] --END-- [ RunTime:0.000380s ]
ERR: 无法加载模块:Public

[ 2016-10-14T14:29:37+08:00 ] 113.132.11.218 /cnconsum/Public/Uploads/addImage/null_13991301562.png
INFO: [ app_init ] --START--
INFO: Run Behavior\BuildLiteBehavior [ RunTime:0.000012s ]
INFO: [ app_init ] --END-- [ RunTime:0.000281s ]
ERR: 无法加载模块:Public

[ 2016-10-14T14:29:37+08:00 ] 113.132.11.218 /cnconsum/Public/Uploads/addImage/%E5%B0%9A%E8%89%BA%E8%BD%A9_0002.png
INFO: [ app_init ] --START--
INFO: Run Behavior\BuildLiteBehavior [ RunTime:0.000017s ]
INFO: [ app_init ] --END-- [ RunTime:0.000289s ]
ERR: 无法加载模块:Public

[ 2016-10-14T14:29:37+08:00 ] 113.132.11.218 /cnconsum/Public/Uploads/addImage/%E9%A2%86%E7%A7%80%E7%9A%AE%E5%85%B7.png
INFO: [ app_init ] --START--
INFO: Run Behavior\BuildLiteBehavior [ RunTime:0.000624s ]
INFO: [ app_init ] --END-- [ RunTime:0.001239s ]
ERR: 无法加载模块:Public

[ 2016-10-14T14:29:37+08:00 ] 113.132.11.218 /cnconsum/Public/Uploads/addImage/null_13991301562.png
INFO: [ app_init ] --START--
INFO: Run Behavior\BuildLiteBehavior [ RunTime:0.000013s ]
INFO: [ app_init ] --END-- [ RunTime:0.000306s ]
ERR: 无法加载模块:Public

[ 2016-10-14T14:29:37+08:00 ] 113.132.11.218 /cnconsum/Public/Uploads/addImage/null_13991301562.png
INFO: [ app_init ] --START--
INFO: Run Behavior\BuildLiteBehavior [ RunTime:0.000018s ]
INFO: [ app_init ] --END-- [ RunTime:0.000402s ]
ERR: 无法加载模块:Public

[ 2016-10-14T14:29:37+08:00 ] 113.132.11.218 /cnconsum/Public/Uploads/addImage/%E5%B0%9A%E8%89%BA%E8%BD%A9_0002.png
INFO: [ app_init ] --START--
INFO: Run Behavior\BuildLiteBehavior [ RunTime:0.000017s ]
INFO: [ app_init ] --END-- [ RunTime:0.000375s ]
ERR: 无法加载模块:Public

[ 2016-10-14T14:29:37+08:00 ] 113.132.11.218 /cnconsum/Public/Uploads/addImage/%E9%A2%86%E7%A7%80%E7%9A%AE%E5%85%B7.png
INFO: [ app_init ] --START--
INFO: Run Behavior\BuildLiteBehavior [ RunTime:0.000012s ]
INFO: [ app_init ] --END-- [ RunTime:0.000334s ]
ERR: 无法加载模块:Public

[ 2016-10-14T14:29:37+08:00 ] 113.132.11.218 /cnconsum/Public/Uploads/addImage/%E9%A3%98%E9%80%B8%E9%80%A0%E5%9E%8B_18966746132.png
INFO: [ app_init ] --START--
INFO: Run Behavior\BuildLiteBehavior [ RunTime:0.000013s ]
INFO: [ app_init ] --END-- [ RunTime:0.000286s ]
ERR: 无法加载模块:Public

[ 2016-10-14T14:29:37+08:00 ] 113.132.11.218 /cnconsum/Public/Uploads/addImage/%E7%8E%8B%E5%A4%A7%E7%88%B7%E7%83%A7%E7%83%A4.png
INFO: [ app_init ] --START--
INFO: Run Behavior\BuildLiteBehavior [ RunTime:0.000016s ]
INFO: [ app_init ] --END-- [ RunTime:0.000275s ]
ERR: 无法加载模块:Public

[ 2016-10-14T14:29:37+08:00 ] 113.132.11.218 /cnconsum/Public/Uploads/addImage/%E9%A3%98%E9%80%B8%E9%80%A0%E5%9E%8B_18966746132.png
INFO: [ app_init ] --START--
INFO: Run Behavior\BuildLiteBehavior [ RunTime:0.000023s ]
INFO: [ app_init ] --END-- [ RunTime:0.000450s ]
ERR: 无法加载模块:Public

[ 2016-10-14T14:29:37+08:00 ] 113.132.11.218 /cnconsum/Public/Uploads/addImage/%E4%B9%9D%E9%83%A1%E5%BC%98%E5%95%86%E8%B4%B8%E7%92%9F%E6%B3%B0%E7%83%9F%E9%85%92%E8%8C%B6%E5%95%86%E8%A1%8C.png
INFO: [ app_init ] --START--
INFO: Run Behavior\BuildLiteBehavior [ RunTime:0.000012s ]
INFO: [ app_init ] --END-- [ RunTime:0.000265s ]
ERR: 无法加载模块:Public

[ 2016-10-14T14:29:37+08:00 ] 113.132.11.218 /cnconsum/Public/Uploads/addImage/%E7%8E%8B%E5%A4%A7%E7%88%B7%E7%83%A7%E7%83%A4.png
INFO: [ app_init ] --START--
INFO: Run Behavior\BuildLiteBehavior [ RunTime:0.000015s ]
INFO: [ app_init ] --END-- [ RunTime:0.000352s ]
ERR: 无法加载模块:Public

[ 2016-10-14T14:29:37+08:00 ] 113.132.11.218 /cnconsum/Public/Uploads/addImage/%E4%B9%9D%E9%83%A1%E5%BC%98%E5%95%86%E8%B4%B8%E7%92%9F%E6%B3%B0%E7%83%9F%E9%85%92%E8%8C%B6%E5%95%86%E8%A1%8C.png
INFO: [ app_init ] --START--
INFO: Run Behavior\BuildLiteBehavior [ RunTime:0.000019s ]
INFO: [ app_init ] --END-- [ RunTime:0.000348s ]
ERR: 无法加载模块:Public

[ 2016-10-14T14:29:37+08:00 ] 113.132.11.218 /cnconsum/Public/Uploads/addImage/%E9%A2%86%E7%A7%80%E7%9A%AE%E5%85%B7.png
INFO: [ app_init ] --START--
INFO: Run Behavior\BuildLiteBehavior [ RunTime:0.000014s ]
INFO: [ app_init ] --END-- [ RunTime:0.000339s ]
ERR: 无法加载模块:Public

[ 2016-10-14T14:29:37+08:00 ] 113.132.11.218 /cnconsum/Public/Uploads/addImage/null_13991301562.png
INFO: [ app_init ] --START--
INFO: Run Behavior\BuildLiteBehavior [ RunTime:0.000012s ]
INFO: [ app_init ] --END-- [ RunTime:0.000292s ]
ERR: 无法加载模块:Public

[ 2016-10-14T14:29:37+08:00 ] 113.132.11.218 /cnconsum/Public/Uploads/addImage/%E7%8E%8B%E5%A4%A7%E7%88%B7%E7%83%A7%E7%83%A4.png
INFO: [ app_init ] --START--
INFO: Run Behavior\BuildLiteBehavior [ RunTime:0.000013s ]
INFO: [ app_init ] --END-- [ RunTime:0.000253s ]
ERR: 无法加载模块:Public

[ 2016-10-14T14:29:37+08:00 ] 113.132.11.218 /cnconsum/Public/Uploads/addImage/%E5%B0%9A%E8%89%BA%E8%BD%A9_0002.png
INFO: [ app_init ] --START--
INFO: Run Behavior\BuildLiteBehavior [ RunTime:0.000015s ]
INFO: [ app_init ] --END-- [ RunTime:0.000293s ]
ERR: 无法加载模块:Public

[ 2016-10-14T14:29:37+08:00 ] 113.132.11.218 /cnconsum/Public/Uploads/addImage/%E9%A2%86%E7%A7%80%E7%9A%AE%E5%85%B7.png
INFO: [ app_init ] --START--
INFO: Run Behavior\BuildLiteBehavior [ RunTime:0.000012s ]
INFO: [ app_init ] --END-- [ RunTime:0.000335s ]
ERR: 无法加载模块:Public

[ 2016-10-14T14:29:37+08:00 ] 113.132.11.218 /cnconsum/Public/Uploads/addImage/null_13991301562.png
INFO: [ app_init ] --START--
INFO: Run Behavior\BuildLiteBehavior [ RunTime:0.000013s ]
INFO: [ app_init ] --END-- [ RunTime:0.000271s ]
ERR: 无法加载模块:Public

[ 2016-10-14T14:33:20+08:00 ] 113.132.11.218 /cnconsum/Public/Uploads/headImage/13309206465_1471243071290.png
INFO: [ app_init ] --START--
INFO: Run Behavior\BuildLiteBehavior [ RunTime:0.000018s ]
INFO: [ app_init ] --END-- [ RunTime:0.000343s ]
ERR: 无法加载模块:Public

[ 2016-10-14T14:33:22+08:00 ] 113.132.11.218 /cnconsum/Public/Uploads/headImage/13309206465_1471243071290.png
INFO: [ app_init ] --START--
INFO: Run Behavior\BuildLiteBehavior [ RunTime:0.000017s ]
INFO: [ app_init ] --END-- [ RunTime:0.000416s ]
ERR: 无法加载模块:Public

[ 2016-10-14T14:33:24+08:00 ] 113.132.11.218 /cnconsum/Public/Uploads/headImage/13309206465_1471243071290.png
INFO: [ app_init ] --START--
INFO: Run Behavior\BuildLiteBehavior [ RunTime:0.000014s ]
INFO: [ app_init ] --END-- [ RunTime:0.000305s ]
ERR: 无法加载模块:Public

[ 2016-10-14T14:34:54+08:00 ] 113.132.11.218 /cnconsum/Public/Uploads/advert1Image/advert_01.jpg
INFO: [ app_init ] --START--
INFO: Run Behavior\BuildLiteBehavior [ RunTime:0.000020s ]
INFO: [ app_init ] --END-- [ RunTime:0.000347s ]
ERR: 无法加载模块:Public

[ 2016-10-14T14:34:54+08:00 ] 113.132.11.218 /cnconsum/Public/Uploads/advert1Image/advert_02.jpg
INFO: [ app_init ] --START--
INFO: Run Behavior\BuildLiteBehavior [ RunTime:0.000029s ]
INFO: [ app_init ] --END-- [ RunTime:0.000346s ]
ERR: 无法加载模块:Public

[ 2016-10-14T14:34:54+08:00 ] 113.132.11.218 /cnconsum/Public/Uploads/advert1Image/advert_03.jpg
INFO: [ app_init ] --START--
INFO: Run Behavior\BuildLiteBehavior [ RunTime:0.000020s ]
INFO: [ app_init ] --END-- [ RunTime:0.000404s ]
ERR: 无法加载模块:Public

[ 2016-10-14T14:34:54+08:00 ] 113.132.11.218 /cnconsum/Public/Uploads/addImage/%E9%A3%98%E9%80%B8%E9%80%A0%E5%9E%8B_18966746132.png
INFO: [ app_init ] --START--
INFO: Run Behavior\BuildLiteBehavior [ RunTime:0.000020s ]
INFO: [ app_init ] --END-- [ RunTime:0.000411s ]
ERR: 无法加载模块:Public

[ 2016-10-14T14:34:54+08:00 ] 113.132.11.218 /cnconsum/Public/Uploads/addImage/%E9%A3%98%E9%80%B8%E9%80%A0%E5%9E%8B_18966746132.png
INFO: [ app_init ] --START--
INFO: Run Behavior\BuildLiteBehavior [ RunTime:0.000021s ]
INFO: [ app_init ] --END-- [ RunTime:0.000467s ]
ERR: 无法加载模块:Public

[ 2016-10-14T14:34:54+08:00 ] 113.132.11.218 /cnconsum/Public/Uploads/addImage/null_13991301562.png
INFO: [ app_init ] --START--
INFO: Run Behavior\BuildLiteBehavior [ RunTime:0.000021s ]
INFO: [ app_init ] --END-- [ RunTime:0.000326s ]
ERR: 无法加载模块:Public

[ 2016-10-14T14:34:54+08:00 ] 113.132.11.218 /cnconsum/Public/Uploads/addImage/null_13991301562.png
INFO: [ app_init ] --START--
INFO: Run Behavior\BuildLiteBehavior [ RunTime:0.000015s ]
INFO: [ app_init ] --END-- [ RunTime:0.000333s ]
ERR: 无法加载模块:Public

[ 2016-10-14T14:34:55+08:00 ] 113.132.11.218 /cnconsum/Public/Uploads/addImage/%E5%B0%9A%E8%89%BA%E8%BD%A9_0002.png
INFO: [ app_init ] --START--
INFO: Run Behavior\BuildLiteBehavior [ RunTime:0.000014s ]
INFO: [ app_init ] --END-- [ RunTime:0.000293s ]
ERR: 无法加载模块:Public

[ 2016-10-14T14:34:55+08:00 ] 113.132.11.218 /cnconsum/Public/Uploads/addImage/%E5%B0%9A%E8%89%BA%E8%BD%A9_0002.png
INFO: [ app_init ] --START--
INFO: Run Behavior\BuildLiteBehavior [ RunTime:0.000022s ]
INFO: [ app_init ] --END-- [ RunTime:0.000273s ]
ERR: 无法加载模块:Public

[ 2016-10-14T14:34:55+08:00 ] 113.132.11.218 /cnconsum/Public/Uploads/addImage/%E5%B0%9A%E8%89%BA%E8%BD%A9_0002.png
INFO: [ app_init ] --START--
INFO: Run Behavior\BuildLiteBehavior [ RunTime:0.000014s ]
INFO: [ app_init ] --END-- [ RunTime:0.000301s ]
ERR: 无法加载模块:Public

[ 2016-10-14T14:34:55+08:00 ] 113.132.11.218 /cnconsum/Public/Uploads/addImage/%E9%A3%98%E9%80%B8%E9%80%A0%E5%9E%8B_18966746132.png
INFO: [ app_init ] --START--
INFO: Run Behavior\BuildLiteBehavior [ RunTime:0.000014s ]
INFO: [ app_init ] --END-- [ RunTime:0.000324s ]
ERR: 无法加载模块:Public

[ 2016-10-14T14:34:55+08:00 ] 113.132.11.218 /cnconsum/Public/Uploads/addImage/%E4%B9%9D%E9%83%A1%E5%BC%98%E5%95%86%E8%B4%B8%E7%92%9F%E6%B3%B0%E7%83%9F%E9%85%92%E8%8C%B6%E5%95%86%E8%A1%8C.png
INFO: [ app_init ] --START--
INFO: Run Behavior\BuildLiteBehavior [ RunTime:0.000018s ]
INFO: [ app_init ] --END-- [ RunTime:0.000267s ]
ERR: 无法加载模块:Public

[ 2016-10-14T14:34:55+08:00 ] 113.132.11.218 /cnconsum/Public/Uploads/addImage/%E9%A3%98%E9%80%B8%E9%80%A0%E5%9E%8B_18966746132.png
INFO: [ app_init ] --START--
INFO: Run Behavior\BuildLiteBehavior [ RunTime:0.000011s ]
INFO: [ app_init ] --END-- [ RunTime:0.000273s ]
ERR: 无法加载模块:Public

[ 2016-10-14T14:34:55+08:00 ] 113.132.11.218 /cnconsum/Public/Uploads/addImage/%E7%8E%8B%E5%A4%A7%E7%88%B7%E7%83%A7%E7%83%A4.png
INFO: [ app_init ] --START--
INFO: Run Behavior\BuildLiteBehavior [ RunTime:0.000012s ]
INFO: [ app_init ] --END-- [ RunTime:0.000254s ]
ERR: 无法加载模块:Public

[ 2016-10-14T14:34:55+08:00 ] 113.132.11.218 /cnconsum/Public/Uploads/addImage/%E4%B9%9D%E9%83%A1%E5%BC%98%E5%95%86%E8%B4%B8%E7%92%9F%E6%B3%B0%E7%83%9F%E9%85%92%E8%8C%B6%E5%95%86%E8%A1%8C.png
INFO: [ app_init ] --START--
INFO: Run Behavior\BuildLiteBehavior [ RunTime:0.000020s ]
INFO: [ app_init ] --END-- [ RunTime:0.000445s ]
ERR: 无法加载模块:Public

[ 2016-10-14T14:34:55+08:00 ] 113.132.11.218 /cnconsum/Public/Uploads/addImage/null_13991301562.png
INFO: [ app_init ] --START--
INFO: Run Behavior\BuildLiteBehavior [ RunTime:0.000011s ]
INFO: [ app_init ] --END-- [ RunTime:0.000270s ]
ERR: 无法加载模块:Public

[ 2016-10-14T14:34:55+08:00 ] 113.132.11.218 /cnconsum/Public/Uploads/addImage/%E7%8E%8B%E5%A4%A7%E7%88%B7%E7%83%A7%E7%83%A4.png
INFO: [ app_init ] --START--
INFO: Run Behavior\BuildLiteBehavior [ RunTime:0.000012s ]
INFO: [ app_init ] --END-- [ RunTime:0.000251s ]
ERR: 无法加载模块:Public

[ 2016-10-14T14:34:55+08:00 ] 113.132.11.218 /cnconsum/Public/Uploads/addImage/null_13991301562.png
INFO: [ app_init ] --START--
INFO: Run Behavior\BuildLiteBehavior [ RunTime:0.000013s ]
INFO: [ app_init ] --END-- [ RunTime:0.000285s ]
ERR: 无法加载模块:Public

[ 2016-10-14T14:34:55+08:00 ] 113.132.11.218 /cnconsum/Public/Uploads/addImage/%E5%B0%9A%E8%89%BA%E8%BD%A9_0002.png
INFO: [ app_init ] --START--
INFO: Run Behavior\BuildLiteBehavior [ RunTime:0.000012s ]
INFO: [ app_init ] --END-- [ RunTime:0.000249s ]
ERR: 无法加载模块:Public

[ 2016-10-14T14:34:55+08:00 ] 113.132.11.218 /cnconsum/Public/Uploads/addImage/%E9%A2%86%E7%A7%80%E7%9A%AE%E5%85%B7.png
INFO: [ app_init ] --START--
INFO: Run Behavior\BuildLiteBehavior [ RunTime:0.000019s ]
INFO: [ app_init ] --END-- [ RunTime:0.000298s ]
ERR: 无法加载模块:Public

[ 2016-10-14T14:34:55+08:00 ] 113.132.11.218 /cnconsum/Public/Uploads/addImage/%E5%B0%9A%E8%89%BA%E8%BD%A9_0002.png
INFO: [ app_init ] --START--
INFO: Run Behavior\BuildLiteBehavior [ RunTime:0.000014s ]
INFO: [ app_init ] --END-- [ RunTime:0.000256s ]
ERR: 无法加载模块:Public

[ 2016-10-14T14:34:56+08:00 ] 113.132.11.218 /cnconsum/Public/Uploads/addImage/%E9%A2%86%E7%A7%80%E7%9A%AE%E5%85%B7.png
INFO: [ app_init ] --START--
INFO: Run Behavior\BuildLiteBehavior [ RunTime:0.000020s ]
INFO: [ app_init ] --END-- [ RunTime:0.000324s ]
ERR: 无法加载模块:Public

[ 2016-10-14T14:34:56+08:00 ] 113.132.11.218 /cnconsum/Public/Uploads/addImage/%E9%A2%86%E7%A7%80%E7%9A%AE%E5%85%B7.png
INFO: [ app_init ] --START--
INFO: Run Behavior\BuildLiteBehavior [ RunTime:0.000020s ]
INFO: [ app_init ] --END-- [ RunTime:0.000312s ]
ERR: 无法加载模块:Public

[ 2016-10-14T14:34:56+08:00 ] 113.132.11.218 /cnconsum/Public/Uploads/addImage/%E9%A2%86%E7%A7%80%E7%9A%AE%E5%85%B7.png
INFO: [ app_init ] --START--
INFO: Run Behavior\BuildLiteBehavior [ RunTime:0.000016s ]
INFO: [ app_init ] --END-- [ RunTime:0.000280s ]
ERR: 无法加载模块:Public

[ 2016-10-14T14:34:56+08:00 ] 113.132.11.218 /cnconsum/Public/Uploads/addImage/%E9%A2%86%E7%A7%80%E7%9A%AE%E5%85%B7.png
INFO: [ app_init ] --START--
INFO: Run Behavior\BuildLiteBehavior [ RunTime:0.000013s ]
INFO: [ app_init ] --END-- [ RunTime:0.000257s ]
ERR: 无法加载模块:Public

[ 2016-10-14T14:34:56+08:00 ] 113.132.11.218 /cnconsum/Public/Uploads/addImage/null_13991301562.png
INFO: [ app_init ] --START--
INFO: Run Behavior\BuildLiteBehavior [ RunTime:0.000014s ]
INFO: [ app_init ] --END-- [ RunTime:0.000304s ]
ERR: 无法加载模块:Public

[ 2016-10-14T14:34:56+08:00 ] 113.132.11.218 /cnconsum/Public/Uploads/addImage/%E5%B0%9A%E8%89%BA%E8%BD%A9_0002.png
INFO: [ app_init ] --START--
INFO: Run Behavior\BuildLiteBehavior [ RunTime:0.000012s ]
INFO: [ app_init ] --END-- [ RunTime:0.000264s ]
ERR: 无法加载模块:Public

[ 2016-10-14T14:34:56+08:00 ] 113.132.11.218 /cnconsum/Public/Uploads/addImage/null_13991301562.png
INFO: [ app_init ] --START--
INFO: Run Behavior\BuildLiteBehavior [ RunTime:0.000018s ]
INFO: [ app_init ] --END-- [ RunTime:0.000314s ]
ERR: 无法加载模块:Public

[ 2016-10-14T14:34:56+08:00 ] 113.132.11.218 /cnconsum/Public/Uploads/addImage/%E5%B0%9A%E8%89%BA%E8%BD%A9_0002.png
INFO: [ app_init ] --START--
INFO: Run Behavior\BuildLiteBehavior [ RunTime:0.000012s ]
INFO: [ app_init ] --END-- [ RunTime:0.000243s ]
ERR: 无法加载模块:Public

[ 2016-10-14T14:34:56+08:00 ] 113.132.11.218 /cnconsum/Public/Uploads/addImage/%E9%A2%86%E7%A7%80%E7%9A%AE%E5%85%B7.png
INFO: [ app_init ] --START--
INFO: Run Behavior\BuildLiteBehavior [ RunTime:0.000014s ]
INFO: [ app_init ] --END-- [ RunTime:0.000309s ]
ERR: 无法加载模块:Public

[ 2016-10-14T14:34:56+08:00 ] 113.132.11.218 /cnconsum/Public/Uploads/addImage/%E9%A3%98%E9%80%B8%E9%80%A0%E5%9E%8B_18966746132.png
INFO: [ app_init ] --START--
INFO: Run Behavior\BuildLiteBehavior [ RunTime:0.000013s ]
INFO: [ app_init ] --END-- [ RunTime:0.000258s ]
ERR: 无法加载模块:Public

[ 2016-10-14T14:34:56+08:00 ] 113.132.11.218 /cnconsum/Public/Uploads/addImage/%E4%B9%9D%E9%83%A1%E5%BC%98%E5%95%86%E8%B4%B8%E7%92%9F%E6%B3%B0%E7%83%9F%E9%85%92%E8%8C%B6%E5%95%86%E8%A1%8C.png
INFO: [ app_init ] --START--
INFO: Run Behavior\BuildLiteBehavior [ RunTime:0.000011s ]
INFO: [ app_init ] --END-- [ RunTime:0.000239s ]
ERR: 无法加载模块:Public

[ 2016-10-14T14:34:56+08:00 ] 113.132.11.218 /cnconsum/Public/Uploads/addImage/%E7%8E%8B%E5%A4%A7%E7%88%B7%E7%83%A7%E7%83%A4.png
INFO: [ app_init ] --START--
INFO: Run Behavior\BuildLiteBehavior [ RunTime:0.000012s ]
INFO: [ app_init ] --END-- [ RunTime:0.000276s ]
ERR: 无法加载模块:Public

[ 2016-10-14T14:34:56+08:00 ] 113.132.11.218 /cnconsum/Public/Uploads/addImage/%E9%A3%98%E9%80%B8%E9%80%A0%E5%9E%8B_18966746132.png
INFO: [ app_init ] --START--
INFO: Run Behavior\BuildLiteBehavior [ RunTime:0.000011s ]
INFO: [ app_init ] --END-- [ RunTime:0.000252s ]
ERR: 无法加载模块:Public

[ 2016-10-14T14:34:56+08:00 ] 113.132.11.218 /cnconsum/Public/Uploads/addImage/%E4%B9%9D%E9%83%A1%E5%BC%98%E5%95%86%E8%B4%B8%E7%92%9F%E6%B3%B0%E7%83%9F%E9%85%92%E8%8C%B6%E5%95%86%E8%A1%8C.png
INFO: [ app_init ] --START--
INFO: Run Behavior\BuildLiteBehavior [ RunTime:0.000012s ]
INFO: [ app_init ] --END-- [ RunTime:0.000268s ]
ERR: 无法加载模块:Public

[ 2016-10-14T14:34:56+08:00 ] 113.132.11.218 /cnconsum/Public/Uploads/addImage/%E7%8E%8B%E5%A4%A7%E7%88%B7%E7%83%A7%E7%83%A4.png
INFO: [ app_init ] --START--
INFO: Run Behavior\BuildLiteBehavior [ RunTime:0.000012s ]
INFO: [ app_init ] --END-- [ RunTime:0.000320s ]
ERR: 无法加载模块:Public

[ 2016-10-14T14:34:56+08:00 ] 113.132.11.218 /cnconsum/Public/Uploads/addImage/%E5%B0%9A%E8%89%BA%E8%BD%A9_0002.png
INFO: [ app_init ] --START--
INFO: Run Behavior\BuildLiteBehavior [ RunTime:0.000013s ]
INFO: [ app_init ] --END-- [ RunTime:0.000280s ]
ERR: 无法加载模块:Public

[ 2016-10-14T14:34:56+08:00 ] 113.132.11.218 /cnconsum/Public/Uploads/addImage/null_13991301562.png
INFO: [ app_init ] --START--
INFO: Run Behavior\BuildLiteBehavior [ RunTime:0.000017s ]
INFO: [ app_init ] --END-- [ RunTime:0.000325s ]
ERR: 无法加载模块:Public

[ 2016-10-14T14:34:56+08:00 ] 113.132.11.218 /cnconsum/Public/Uploads/addImage/%E9%A2%86%E7%A7%80%E7%9A%AE%E5%85%B7.png
INFO: [ app_init ] --START--
INFO: Run Behavior\BuildLiteBehavior [ RunTime:0.000011s ]
INFO: [ app_init ] --END-- [ RunTime:0.000250s ]
ERR: 无法加载模块:Public

[ 2016-10-14T14:34:57+08:00 ] 113.132.11.218 /cnconsum/Public/Uploads/addImage/%E9%A2%86%E7%A7%80%E7%9A%AE%E5%85%B7.png
INFO: [ app_init ] --START--
INFO: Run Behavior\BuildLiteBehavior [ RunTime:0.000013s ]
INFO: [ app_init ] --END-- [ RunTime:0.000295s ]
ERR: 无法加载模块:Public

[ 2016-10-14T14:34:57+08:00 ] 113.132.11.218 /cnconsum/Public/Uploads/addImage/%E5%B0%9A%E8%89%BA%E8%BD%A9_0002.png
INFO: [ app_init ] --START--
INFO: Run Behavior\BuildLiteBehavior [ RunTime:0.000011s ]
INFO: [ app_init ] --END-- [ RunTime:0.000254s ]
ERR: 无法加载模块:Public

[ 2016-10-14T14:34:57+08:00 ] 113.132.11.218 /cnconsum/Public/Uploads/addImage/null_13991301562.png
INFO: [ app_init ] --START--
INFO: Run Behavior\BuildLiteBehavior [ RunTime:0.000018s ]
INFO: [ app_init ] --END-- [ RunTime:0.000278s ]
ERR: 无法加载模块:Public

[ 2016-10-14T15:36:45+08:00 ] 113.132.11.218 /cnconsum/Public/Uploads/headImage/13309206465_1471243071290.png
INFO: [ app_init ] --START--
INFO: Run Behavior\BuildLiteBehavior [ RunTime:0.000015s ]
INFO: [ app_init ] --END-- [ RunTime:0.000297s ]
ERR: 无法加载模块:Public

[ 2016-10-14T15:38:30+08:00 ] 113.132.11.218 /cnconsum/Public/Uploads/headImage/13309206465_1471243071290.png
INFO: [ app_init ] --START--
INFO: Run Behavior\BuildLiteBehavior [ RunTime:0.000014s ]
INFO: [ app_init ] --END-- [ RunTime:0.000265s ]
ERR: 无法加载模块:Public

[ 2016-10-14T15:38:35+08:00 ] 113.132.11.218 /cnconsum/Public/Uploads/headImage/(null)
INFO: [ app_init ] --START--
INFO: Run Behavior\BuildLiteBehavior [ RunTime:0.000016s ]
INFO: [ app_init ] --END-- [ RunTime:0.000308s ]
ERR: 无法加载模块:Public

[ 2016-10-14T15:57:42+08:00 ] 113.132.11.218 /cnconsum/Public/Uploads/advert1Image/advert_01.jpg
INFO: [ app_init ] --START--
INFO: Run Behavior\BuildLiteBehavior [ RunTime:0.000013s ]
INFO: [ app_init ] --END-- [ RunTime:0.000273s ]
ERR: 无法加载模块:Public

[ 2016-10-14T15:57:42+08:00 ] 113.132.11.218 /cnconsum/Public/Uploads/advert1Image/advert_02.jpg
INFO: [ app_init ] --START--
INFO: Run Behavior\BuildLiteBehavior [ RunTime:0.000014s ]
INFO: [ app_init ] --END-- [ RunTime:0.000267s ]
ERR: 无法加载模块:Public

[ 2016-10-14T15:57:42+08:00 ] 113.132.11.218 /cnconsum/Public/Uploads/advert1Image/advert_03.jpg
INFO: [ app_init ] --START--
INFO: Run Behavior\BuildLiteBehavior [ RunTime:0.000015s ]
INFO: [ app_init ] --END-- [ RunTime:0.000400s ]
ERR: 无法加载模块:Public

[ 2016-10-14T15:57:42+08:00 ] 113.132.11.218 /cnconsum/Public/Uploads/addImage/%E9%A2%86%E7%A7%80%E7%9A%AE%E5%85%B7.png
INFO: [ app_init ] --START--
INFO: Run Behavior\BuildLiteBehavior [ RunTime:0.000020s ]
INFO: [ app_init ] --END-- [ RunTime:0.000310s ]
ERR: 无法加载模块:Public

[ 2016-10-14T15:57:42+08:00 ] 113.132.11.218 /cnconsum/Public/Uploads/addImage/%E5%B0%9A%E8%89%BA%E8%BD%A9_0002.png
INFO: [ app_init ] --START--
INFO: Run Behavior\BuildLiteBehavior [ RunTime:0.000012s ]
INFO: [ app_init ] --END-- [ RunTime:0.000284s ]
ERR: 无法加载模块:Public

[ 2016-10-14T15:57:43+08:00 ] 113.132.11.218 /cnconsum/Public/Uploads/addImage/%E9%A2%86%E7%A7%80%E7%9A%AE%E5%85%B7.png
INFO: [ app_init ] --START--
INFO: Run Behavior\BuildLiteBehavior [ RunTime:0.000018s ]
INFO: [ app_init ] --END-- [ RunTime:0.000367s ]
ERR: 无法加载模块:Public

[ 2016-10-14T15:57:43+08:00 ] 113.132.11.218 /cnconsum/Public/Uploads/addImage/%E5%B0%9A%E8%89%BA%E8%BD%A9_0002.png
INFO: [ app_init ] --START--
INFO: Run Behavior\BuildLiteBehavior [ RunTime:0.000019s ]
INFO: [ app_init ] --END-- [ RunTime:0.000333s ]
ERR: 无法加载模块:Public

[ 2016-10-14T15:57:43+08:00 ] 113.132.11.218 /cnconsum/Public/Uploads/addImage/%E9%A3%98%E9%80%B8%E9%80%A0%E5%9E%8B_18966746132.png
INFO: [ app_init ] --START--
INFO: Run Behavior\BuildLiteBehavior [ RunTime:0.000018s ]
INFO: [ app_init ] --END-- [ RunTime:0.000280s ]
ERR: 无法加载模块:Public

[ 2016-10-14T15:57:43+08:00 ] 113.132.11.218 /cnconsum/Public/Uploads/addImage/%E9%A3%98%E9%80%B8%E9%80%A0%E5%9E%8B_18966746132.png
INFO: [ app_init ] --START--
INFO: Run Behavior\BuildLiteBehavior [ RunTime:0.000016s ]
INFO: [ app_init ] --END-- [ RunTime:0.000281s ]
ERR: 无法加载模块:Public

[ 2016-10-14T15:57:43+08:00 ] 113.132.11.218 /cnconsum/Public/Uploads/addImage/%E4%B9%9D%E9%83%A1%E5%BC%98%E5%95%86%E8%B4%B8%E7%92%9F%E6%B3%B0%E7%83%9F%E9%85%92%E8%8C%B6%E5%95%86%E8%A1%8C.png
INFO: [ app_init ] --START--
INFO: Run Behavior\BuildLiteBehavior [ RunTime:0.000040s ]
INFO: [ app_init ] --END-- [ RunTime:0.000329s ]
ERR: 无法加载模块:Public

[ 2016-10-14T15:57:43+08:00 ] 113.132.11.218 /cnconsum/Public/Uploads/addImage/%E7%8E%8B%E5%A4%A7%E7%88%B7%E7%83%A7%E7%83%A4.png
INFO: [ app_init ] --START--
INFO: Run Behavior\BuildLiteBehavior [ RunTime:0.000019s ]
INFO: [ app_init ] --END-- [ RunTime:0.000528s ]
ERR: 无法加载模块:Public

[ 2016-10-14T15:57:43+08:00 ] 113.132.11.218 /cnconsum/Public/Uploads/addImage/%E4%B9%9D%E9%83%A1%E5%BC%98%E5%95%86%E8%B4%B8%E7%92%9F%E6%B3%B0%E7%83%9F%E9%85%92%E8%8C%B6%E5%95%86%E8%A1%8C.png
INFO: [ app_init ] --START--
INFO: Run Behavior\BuildLiteBehavior [ RunTime:0.000012s ]
INFO: [ app_init ] --END-- [ RunTime:0.000351s ]
ERR: 无法加载模块:Public

[ 2016-10-14T15:57:44+08:00 ] 113.132.11.218 /cnconsum/Public/Uploads/addImage/%E7%8E%8B%E5%A4%A7%E7%88%B7%E7%83%A7%E7%83%A4.png
INFO: [ app_init ] --START--
INFO: Run Behavior\BuildLiteBehavior [ RunTime:0.000018s ]
INFO: [ app_init ] --END-- [ RunTime:0.000478s ]
ERR: 无法加载模块:Public

[ 2016-10-14T15:57:44+08:00 ] 113.132.11.218 /cnconsum/Public/Uploads/addImage/null_13991301562.png
INFO: [ app_init ] --START--
INFO: Run Behavior\BuildLiteBehavior [ RunTime:0.000016s ]
INFO: [ app_init ] --END-- [ RunTime:0.000380s ]
ERR: 无法加载模块:Public

[ 2016-10-14T15:57:44+08:00 ] 113.132.11.218 /cnconsum/Public/Uploads/addImage/%E9%A2%86%E7%A7%80%E7%9A%AE%E5%85%B7.png
INFO: [ app_init ] --START--
INFO: Run Behavior\BuildLiteBehavior [ RunTime:0.000012s ]
INFO: [ app_init ] --END-- [ RunTime:0.000243s ]
ERR: 无法加载模块:Public

[ 2016-10-14T15:57:44+08:00 ] 113.132.11.218 /cnconsum/Public/Uploads/addImage/null_13991301562.png
INFO: [ app_init ] --START--
INFO: Run Behavior\BuildLiteBehavior [ RunTime:0.000012s ]
INFO: [ app_init ] --END-- [ RunTime:0.000260s ]
ERR: 无法加载模块:Public

[ 2016-10-14T15:57:44+08:00 ] 113.132.11.218 /cnconsum/Public/Uploads/addImage/%E5%B0%9A%E8%89%BA%E8%BD%A9_0002.png
INFO: [ app_init ] --START--
INFO: Run Behavior\BuildLiteBehavior [ RunTime:0.000020s ]
INFO: [ app_init ] --END-- [ RunTime:0.000328s ]
ERR: 无法加载模块:Public

[ 2016-10-14T15:57:44+08:00 ] 113.132.11.218 /cnconsum/Public/Uploads/addImage/%E7%8E%8B%E5%A4%A7%E7%88%B7%E7%83%A7%E7%83%A4.png
INFO: [ app_init ] --START--
INFO: Run Behavior\BuildLiteBehavior [ RunTime:0.000015s ]
INFO: [ app_init ] --END-- [ RunTime:0.000326s ]
ERR: 无法加载模块:Public

[ 2016-10-14T15:57:44+08:00 ] 113.132.11.218 /cnconsum/Public/Uploads/addImage/%E5%B0%9A%E8%89%BA%E8%BD%A9_0002.png
INFO: [ app_init ] --START--
INFO: Run Behavior\BuildLiteBehavior [ RunTime:0.000012s ]
INFO: [ app_init ] --END-- [ RunTime:0.000247s ]
ERR: 无法加载模块:Public

[ 2016-10-14T15:57:44+08:00 ] 113.132.11.218 /cnconsum/Public/Uploads/addImage/%E7%8E%8B%E5%A4%A7%E7%88%B7%E7%83%A7%E7%83%A4.png
INFO: [ app_init ] --START--
INFO: Run Behavior\BuildLiteBehavior [ RunTime:0.000021s ]
INFO: [ app_init ] --END-- [ RunTime:0.000430s ]
ERR: 无法加载模块:Public

[ 2016-10-14T15:57:44+08:00 ] 113.132.11.218 /cnconsum/Public/Uploads/addImage/%E9%A2%86%E7%A7%80%E7%9A%AE%E5%85%B7.png
INFO: [ app_init ] --START--
INFO: Run Behavior\BuildLiteBehavior [ RunTime:0.000015s ]
INFO: [ app_init ] --END-- [ RunTime:0.000266s ]
ERR: 无法加载模块:Public

[ 2016-10-14T15:57:44+08:00 ] 113.132.11.218 /cnconsum/Public/Uploads/addImage/%E9%A3%98%E9%80%B8%E9%80%A0%E5%9E%8B_18966746132.png
INFO: [ app_init ] --START--
INFO: Run Behavior\BuildLiteBehavior [ RunTime:0.000013s ]
INFO: [ app_init ] --END-- [ RunTime:0.000263s ]
ERR: 无法加载模块:Public

[ 2016-10-14T15:57:44+08:00 ] 113.132.11.218 /cnconsum/Public/Uploads/addImage/%E4%B9%9D%E9%83%A1%E5%BC%98%E5%95%86%E8%B4%B8%E7%92%9F%E6%B3%B0%E7%83%9F%E9%85%92%E8%8C%B6%E5%95%86%E8%A1%8C.png
INFO: [ app_init ] --START--
INFO: Run Behavior\BuildLiteBehavior [ RunTime:0.000012s ]
INFO: [ app_init ] --END-- [ RunTime:0.000316s ]
ERR: 无法加载模块:Public

[ 2016-10-14T15:57:44+08:00 ] 113.132.11.218 /cnconsum/Public/Uploads/addImage/%E9%A2%86%E7%A7%80%E7%9A%AE%E5%85%B7.png
INFO: [ app_init ] --START--
INFO: Run Behavior\BuildLiteBehavior [ RunTime:0.000016s ]
INFO: [ app_init ] --END-- [ RunTime:0.000273s ]
ERR: 无法加载模块:Public

[ 2016-10-14T15:57:44+08:00 ] 113.132.11.218 /cnconsum/Public/Uploads/addImage/%E9%A3%98%E9%80%B8%E9%80%A0%E5%9E%8B_18966746132.png
INFO: [ app_init ] --START--
INFO: Run Behavior\BuildLiteBehavior [ RunTime:0.000014s ]
INFO: [ app_init ] --END-- [ RunTime:0.000310s ]
ERR: 无法加载模块:Public

[ 2016-10-14T15:57:44+08:00 ] 113.132.11.218 /cnconsum/Public/Uploads/addImage/%E4%B9%9D%E9%83%A1%E5%BC%98%E5%95%86%E8%B4%B8%E7%92%9F%E6%B3%B0%E7%83%9F%E9%85%92%E8%8C%B6%E5%95%86%E8%A1%8C.png
INFO: [ app_init ] --START--
INFO: Run Behavior\BuildLiteBehavior [ RunTime:0.000016s ]
INFO: [ app_init ] --END-- [ RunTime:0.000330s ]
ERR: 无法加载模块:Public

[ 2016-10-14T15:57:44+08:00 ] 113.132.11.218 /cnconsum/Public/Uploads/addImage/null_13991301562.png
INFO: [ app_init ] --START--
INFO: Run Behavior\BuildLiteBehavior [ RunTime:0.000011s ]
INFO: [ app_init ] --END-- [ RunTime:0.000245s ]
ERR: 无法加载模块:Public

[ 2016-10-14T15:57:44+08:00 ] 113.132.11.218 /cnconsum/Public/Uploads/addImage/%E5%B0%9A%E8%89%BA%E8%BD%A9_0002.png
INFO: [ app_init ] --START--
INFO: Run Behavior\BuildLiteBehavior [ RunTime:0.000013s ]
INFO: [ app_init ] --END-- [ RunTime:0.000274s ]
ERR: 无法加载模块:Public

[ 2016-10-14T15:57:44+08:00 ] 113.132.11.218 /cnconsum/Public/Uploads/addImage/null_13991301562.png
INFO: [ app_init ] --START--
INFO: Run Behavior\BuildLiteBehavior [ RunTime:0.000012s ]
INFO: [ app_init ] --END-- [ RunTime:0.000249s ]
ERR: 无法加载模块:Public

[ 2016-10-14T15:57:44+08:00 ] 113.132.11.218 /cnconsum/Public/Uploads/addImage/%E5%B0%9A%E8%89%BA%E8%BD%A9_0002.png
INFO: [ app_init ] --START--
INFO: Run Behavior\BuildLiteBehavior [ RunTime:0.000018s ]
INFO: [ app_init ] --END-- [ RunTime:0.000414s ]
ERR: 无法加载模块:Public

[ 2016-10-14T15:57:44+08:00 ] 113.132.11.218 /cnconsum/Public/Uploads/addImage/%E9%A2%86%E7%A7%80%E7%9A%AE%E5%85%B7.png
INFO: [ app_init ] --START--
INFO: Run Behavior\BuildLiteBehavior [ RunTime:0.000017s ]
INFO: [ app_init ] --END-- [ RunTime:0.000266s ]
ERR: 无法加载模块:Public

[ 2016-10-14T15:57:44+08:00 ] 113.132.11.218 /cnconsum/Public/Uploads/addImage/null_13991301562.png
INFO: [ app_init ] --START--
INFO: Run Behavior\BuildLiteBehavior [ RunTime:0.000012s ]
INFO: [ app_init ] --END-- [ RunTime:0.000273s ]
ERR: 无法加载模块:Public

[ 2016-10-14T15:57:44+08:00 ] 113.132.11.218 /cnconsum/Public/Uploads/addImage/null_13991301562.png
INFO: [ app_init ] --START--
INFO: Run Behavior\BuildLiteBehavior [ RunTime:0.000016s ]
INFO: [ app_init ] --END-- [ RunTime:0.000341s ]
ERR: 无法加载模块:Public

[ 2016-10-14T15:57:44+08:00 ] 113.132.11.218 /cnconsum/Public/Uploads/addImage/%E9%A2%86%E7%A7%80%E7%9A%AE%E5%85%B7.png
INFO: [ app_init ] --START--
INFO: Run Behavior\BuildLiteBehavior [ RunTime:0.000015s ]
INFO: [ app_init ] --END-- [ RunTime:0.000307s ]
ERR: 无法加载模块:Public

[ 2016-10-14T15:57:44+08:00 ] 113.132.11.218 /cnconsum/Public/Uploads/addImage/%E9%A2%86%E7%A7%80%E7%9A%AE%E5%85%B7.png
INFO: [ app_init ] --START--
INFO: Run Behavior\BuildLiteBehavior [ RunTime:0.000020s ]
INFO: [ app_init ] --END-- [ RunTime:0.000305s ]
ERR: 无法加载模块:Public

[ 2016-10-14T15:57:44+08:00 ] 113.132.11.218 /cnconsum/Public/Uploads/addImage/%E5%B0%9A%E8%89%BA%E8%BD%A9_0002.png
INFO: [ app_init ] --START--
INFO: Run Behavior\BuildLiteBehavior [ RunTime:0.000013s ]
INFO: [ app_init ] --END-- [ RunTime:0.000297s ]
ERR: 无法加载模块:Public

[ 2016-10-14T15:57:44+08:00 ] 113.132.11.218 /cnconsum/Public/Uploads/addImage/%E4%B9%9D%E9%83%A1%E5%BC%98%E5%95%86%E8%B4%B8%E7%92%9F%E6%B3%B0%E7%83%9F%E9%85%92%E8%8C%B6%E5%95%86%E8%A1%8C.png
INFO: [ app_init ] --START--
INFO: Run Behavior\BuildLiteBehavior [ RunTime:0.000020s ]
INFO: [ app_init ] --END-- [ RunTime:0.000418s ]
ERR: 无法加载模块:Public

[ 2016-10-14T15:57:45+08:00 ] 113.132.11.218 /cnconsum/Public/Uploads/addImage/null_13991301562.png
INFO: [ app_init ] --START--
INFO: Run Behavior\BuildLiteBehavior [ RunTime:0.000014s ]
INFO: [ app_init ] --END-- [ RunTime:0.000292s ]
ERR: 无法加载模块:Public

[ 2016-10-14T15:57:45+08:00 ] 113.132.11.218 /cnconsum/Public/Uploads/addImage/%E9%A2%86%E7%A7%80%E7%9A%AE%E5%85%B7.png
INFO: [ app_init ] --START--
INFO: Run Behavior\BuildLiteBehavior [ RunTime:0.000012s ]
INFO: [ app_init ] --END-- [ RunTime:0.000256s ]
ERR: 无法加载模块:Public

[ 2016-10-14T15:57:45+08:00 ] 113.132.11.218 /cnconsum/Public/Uploads/addImage/%E5%B0%9A%E8%89%BA%E8%BD%A9_0002.png
INFO: [ app_init ] --START--
INFO: Run Behavior\BuildLiteBehavior [ RunTime:0.000018s ]
INFO: [ app_init ] --END-- [ RunTime:0.000398s ]
ERR: 无法加载模块:Public

[ 2016-10-14T15:57:45+08:00 ] 113.132.11.218 /cnconsum/Public/Uploads/addImage/%E9%A2%86%E7%A7%80%E7%9A%AE%E5%85%B7.png
INFO: [ app_init ] --START--
INFO: Run Behavior\BuildLiteBehavior [ RunTime:0.000013s ]
INFO: [ app_init ] --END-- [ RunTime:0.000269s ]
ERR: 无法加载模块:Public

[ 2016-10-14T15:57:45+08:00 ] 113.132.11.218 /cnconsum/Public/Uploads/addImage/%E5%B0%9A%E8%89%BA%E8%BD%A9_0002.png
INFO: [ app_init ] --START--
INFO: Run Behavior\BuildLiteBehavior [ RunTime:0.000012s ]
INFO: [ app_init ] --END-- [ RunTime:0.000262s ]
ERR: 无法加载模块:Public

[ 2016-10-14T15:57:45+08:00 ] 113.132.11.218 /cnconsum/Public/Uploads/addImage/%E7%8E%8B%E5%A4%A7%E7%88%B7%E7%83%A7%E7%83%A4.png
INFO: [ app_init ] --START--
INFO: Run Behavior\BuildLiteBehavior [ RunTime:0.000012s ]
INFO: [ app_init ] --END-- [ RunTime:0.000263s ]
ERR: 无法加载模块:Public

[ 2016-10-14T15:57:45+08:00 ] 113.132.11.218 /cnconsum/Public/Uploads/addImage/%E7%8E%8B%E5%A4%A7%E7%88%B7%E7%83%A7%E7%83%A4.png
INFO: [ app_init ] --START--
INFO: Run Behavior\BuildLiteBehavior [ RunTime:0.000016s ]
INFO: [ app_init ] --END-- [ RunTime:0.000277s ]
ERR: 无法加载模块:Public

[ 2016-10-14T15:57:45+08:00 ] 113.132.11.218 /cnconsum/Public/Uploads/addImage/%E9%A2%86%E7%A7%80%E7%9A%AE%E5%85%B7.png
INFO: [ app_init ] --START--
INFO: Run Behavior\BuildLiteBehavior [ RunTime:0.000013s ]
INFO: [ app_init ] --END-- [ RunTime:0.000299s ]
ERR: 无法加载模块:Public

[ 2016-10-14T15:57:45+08:00 ] 113.132.11.218 /cnconsum/Public/Uploads/addImage/%E5%B0%9A%E8%89%BA%E8%BD%A9_0002.png
INFO: [ app_init ] --START--
INFO: Run Behavior\BuildLiteBehavior [ RunTime:0.000013s ]
INFO: [ app_init ] --END-- [ RunTime:0.000260s ]
ERR: 无法加载模块:Public

[ 2016-10-14T15:57:45+08:00 ] 113.132.11.218 /cnconsum/Public/Uploads/addImage/%E9%A3%98%E9%80%B8%E9%80%A0%E5%9E%8B_18966746132.png
INFO: [ app_init ] --START--
INFO: Run Behavior\BuildLiteBehavior [ RunTime:0.000021s ]
INFO: [ app_init ] --END-- [ RunTime:0.000342s ]
ERR: 无法加载模块:Public

[ 2016-10-14T15:57:45+08:00 ] 113.132.11.218 /cnconsum/Public/Uploads/addImage/null_13991301562.png
INFO: [ app_init ] --START--
INFO: Run Behavior\BuildLiteBehavior [ RunTime:0.000020s ]
INFO: [ app_init ] --END-- [ RunTime:0.000318s ]
ERR: 无法加载模块:Public

[ 2016-10-14T15:57:45+08:00 ] 113.132.11.218 /cnconsum/Public/Uploads/addImage/%E4%B9%9D%E9%83%A1%E5%BC%98%E5%95%86%E8%B4%B8%E7%92%9F%E6%B3%B0%E7%83%9F%E9%85%92%E8%8C%B6%E5%95%86%E8%A1%8C.png
INFO: [ app_init ] --START--
INFO: Run Behavior\BuildLiteBehavior [ RunTime:0.000020s ]
INFO: [ app_init ] --END-- [ RunTime:0.000487s ]
ERR: 无法加载模块:Public

[ 2016-10-14T15:57:45+08:00 ] 113.132.11.218 /cnconsum/Public/Uploads/addImage/null_13991301562.png
INFO: [ app_init ] --START--
INFO: Run Behavior\BuildLiteBehavior [ RunTime:0.000032s ]
INFO: [ app_init ] --END-- [ RunTime:0.000303s ]
ERR: 无法加载模块:Public

[ 2016-10-14T15:57:45+08:00 ] 113.132.11.218 /cnconsum/Public/Uploads/addImage/%E9%A3%98%E9%80%B8%E9%80%A0%E5%9E%8B_18966746132.png
INFO: [ app_init ] --START--
INFO: Run Behavior\BuildLiteBehavior [ RunTime:0.000016s ]
INFO: [ app_init ] --END-- [ RunTime:0.000333s ]
ERR: 无法加载模块:Public

[ 2016-10-14T15:57:45+08:00 ] 113.132.11.218 /cnconsum/Public/Uploads/addImage/%E4%B9%9D%E9%83%A1%E5%BC%98%E5%95%86%E8%B4%B8%E7%92%9F%E6%B3%B0%E7%83%9F%E9%85%92%E8%8C%B6%E5%95%86%E8%A1%8C.png
INFO: [ app_init ] --START--
INFO: Run Behavior\BuildLiteBehavior [ RunTime:0.000012s ]
INFO: [ app_init ] --END-- [ RunTime:0.000252s ]
ERR: 无法加载模块:Public

[ 2016-10-14T15:57:45+08:00 ] 113.132.11.218 /cnconsum/Public/Uploads/addImage/%E9%A2%86%E7%A7%80%E7%9A%AE%E5%85%B7.png
INFO: [ app_init ] --START--
INFO: Run Behavior\BuildLiteBehavior [ RunTime:0.000022s ]
INFO: [ app_init ] --END-- [ RunTime:0.000307s ]
ERR: 无法加载模块:Public

[ 2016-10-14T15:57:45+08:00 ] 113.132.11.218 /cnconsum/Public/Uploads/addImage/%E7%8E%8B%E5%A4%A7%E7%88%B7%E7%83%A7%E7%83%A4.png
INFO: [ app_init ] --START--
INFO: Run Behavior\BuildLiteBehavior [ RunTime:0.000014s ]
INFO: [ app_init ] --END-- [ RunTime:0.000285s ]
ERR: 无法加载模块:Public

[ 2016-10-14T15:57:45+08:00 ] 113.132.11.218 /cnconsum/Public/Uploads/addImage/%E4%B9%9D%E9%83%A1%E5%BC%98%E5%95%86%E8%B4%B8%E7%92%9F%E6%B3%B0%E7%83%9F%E9%85%92%E8%8C%B6%E5%95%86%E8%A1%8C.png
INFO: [ app_init ] --START--
INFO: Run Behavior\BuildLiteBehavior [ RunTime:0.000015s ]
INFO: [ app_init ] --END-- [ RunTime:0.000307s ]
ERR: 无法加载模块:Public

[ 2016-10-14T15:57:45+08:00 ] 113.132.11.218 /cnconsum/Public/Uploads/addImage/%E5%B0%9A%E8%89%BA%E8%BD%A9_0002.png
INFO: [ app_init ] --START--
INFO: Run Behavior\BuildLiteBehavior [ RunTime:0.000012s ]
INFO: [ app_init ] --END-- [ RunTime:0.000338s ]
ERR: 无法加载模块:Public

[ 2016-10-14T15:57:45+08:00 ] 113.132.11.218 /cnconsum/Public/Uploads/addImage/%E9%A2%86%E7%A7%80%E7%9A%AE%E5%85%B7.png
INFO: [ app_init ] --START--
INFO: Run Behavior\BuildLiteBehavior [ RunTime:0.000019s ]
INFO: [ app_init ] --END-- [ RunTime:0.000311s ]
ERR: 无法加载模块:Public

[ 2016-10-14T15:57:45+08:00 ] 113.132.11.218 /cnconsum/Public/Uploads/addImage/null_13991301562.png
INFO: [ app_init ] --START--
INFO: Run Behavior\BuildLiteBehavior [ RunTime:0.000019s ]
INFO: [ app_init ] --END-- [ RunTime:0.000443s ]
ERR: 无法加载模块:Public

[ 2016-10-14T15:57:46+08:00 ] 113.132.11.218 /cnconsum/Public/Uploads/addImage/%E9%A2%86%E7%A7%80%E7%9A%AE%E5%85%B7.png
INFO: [ app_init ] --START--
INFO: Run Behavior\BuildLiteBehavior [ RunTime:0.000014s ]
INFO: [ app_init ] --END-- [ RunTime:0.000254s ]
ERR: 无法加载模块:Public

[ 2016-10-14T15:57:46+08:00 ] 113.132.11.218 /cnconsum/Public/Uploads/addImage/null_13991301562.png
INFO: [ app_init ] --START--
INFO: Run Behavior\BuildLiteBehavior [ RunTime:0.000012s ]
INFO: [ app_init ] --END-- [ RunTime:0.000251s ]
ERR: 无法加载模块:Public

[ 2016-10-14T15:57:46+08:00 ] 113.132.11.218 /cnconsum/Public/Uploads/addImage/%E7%8E%8B%E5%A4%A7%E7%88%B7%E7%83%A7%E7%83%A4.png
INFO: [ app_init ] --START--
INFO: Run Behavior\BuildLiteBehavior [ RunTime:0.000012s ]
INFO: [ app_init ] --END-- [ RunTime:0.000245s ]
ERR: 无法加载模块:Public

[ 2016-10-14T15:57:46+08:00 ] 113.132.11.218 /cnconsum/Public/Uploads/addImage/%E5%B0%9A%E8%89%BA%E8%BD%A9_0002.png
INFO: [ app_init ] --START--
INFO: Run Behavior\BuildLiteBehavior [ RunTime:0.000014s ]
INFO: [ app_init ] --END-- [ RunTime:0.000330s ]
ERR: 无法加载模块:Public

[ 2016-10-14T15:57:46+08:00 ] 113.132.11.218 /cnconsum/Public/Uploads/addImage/%E9%A2%86%E7%A7%80%E7%9A%AE%E5%85%B7.png
INFO: [ app_init ] --START--
INFO: Run Behavior\BuildLiteBehavior [ RunTime:0.000015s ]
INFO: [ app_init ] --END-- [ RunTime:0.000300s ]
ERR: 无法加载模块:Public

[ 2016-10-14T15:57:46+08:00 ] 113.132.11.218 /cnconsum/Public/Uploads/addImage/null_13991301562.png
INFO: [ app_init ] --START--
INFO: Run Behavior\BuildLiteBehavior [ RunTime:0.000011s ]
INFO: [ app_init ] --END-- [ RunTime:0.000256s ]
ERR: 无法加载模块:Public

