[ 2016-12-05T09:32:56+08:00 ] 1.80.219.236 /cnconsum/Public/Uploads/advertImage/null
INFO: [ app_init ] --START--
INFO: Run Behavior\BuildLiteBehavior [ RunTime:0.000014s ]
INFO: [ app_init ] --END-- [ RunTime:0.000316s ]
ERR: 无法加载模块:Public

[ 2016-12-05T09:32:57+08:00 ] 1.80.219.236 /cnconsum/Public/Uploads/advertImage/activity_1.png
INFO: [ app_init ] --START--
INFO: Run Behavior\BuildLiteBehavior [ RunTime:0.000015s ]
INFO: [ app_init ] --END-- [ RunTime:0.000264s ]
ERR: 无法加载模块:Public

[ 2016-12-05T09:32:57+08:00 ] 1.80.219.236 /cnconsum/Public/Uploads/advertImage/activity_0.png
INFO: [ app_init ] --START--
INFO: Run Behavior\BuildLiteBehavior [ RunTime:0.000013s ]
INFO: [ app_init ] --END-- [ RunTime:0.000286s ]
ERR: 无法加载模块:Public

[ 2016-12-05T09:33:05+08:00 ] 1.80.219.236 /cnconsum/Public/Uploads/advertImage/activity_1.png
INFO: [ app_init ] --START--
INFO: Run Behavior\BuildLiteBehavior [ RunTime:0.000015s ]
INFO: [ app_init ] --END-- [ RunTime:0.000463s ]
ERR: 无法加载模块:Public

[ 2016-12-05T09:33:05+08:00 ] 1.80.219.236 /cnconsum/Public/Uploads/advertImage/activity_0.png
INFO: [ app_init ] --START--
INFO: Run Behavior\BuildLiteBehavior [ RunTime:0.000011s ]
INFO: [ app_init ] --END-- [ RunTime:0.000249s ]
ERR: 无法加载模块:Public

[ 2016-12-05T09:33:05+08:00 ] 1.80.219.236 /cnconsum/Public/Uploads/advertImage/null
INFO: [ app_init ] --START--
INFO: Run Behavior\BuildLiteBehavior [ RunTime:0.000014s ]
INFO: [ app_init ] --END-- [ RunTime:0.000270s ]
ERR: 无法加载模块:Public

[ 2016-12-05T10:02:40+08:00 ] 1.80.219.236 /cnconsum/Public/Uploads/advertImage/null
INFO: [ app_init ] --START--
INFO: Run Behavior\BuildLiteBehavior [ RunTime:0.000011s ]
INFO: [ app_init ] --END-- [ RunTime:0.000239s ]
ERR: 无法加载模块:Public

[ 2016-12-05T10:02:40+08:00 ] 1.80.219.236 /cnconsum/Public/Uploads/advertImage/activity_0.png
INFO: [ app_init ] --START--
INFO: Run Behavior\BuildLiteBehavior [ RunTime:0.000019s ]
INFO: [ app_init ] --END-- [ RunTime:0.000386s ]
ERR: 无法加载模块:Public

[ 2016-12-05T10:02:40+08:00 ] 1.80.219.236 /cnconsum/Public/Uploads/advertImage/activity_1.png
INFO: [ app_init ] --START--
INFO: Run Behavior\BuildLiteBehavior [ RunTime:0.000020s ]
INFO: [ app_init ] --END-- [ RunTime:0.000254s ]
ERR: 无法加载模块:Public

[ 2016-12-05T11:14:51+08:00 ] 1.80.217.25 /cnconsum/Public/Uploads/advertImage/activity_1.png
INFO: [ app_init ] --START--
INFO: Run Behavior\BuildLiteBehavior [ RunTime:0.000014s ]
INFO: [ app_init ] --END-- [ RunTime:0.000258s ]
ERR: 无法加载模块:Public

[ 2016-12-05T11:14:51+08:00 ] 1.80.217.25 /cnconsum/Public/Uploads/advertImage/null
INFO: [ app_init ] --START--
INFO: Run Behavior\BuildLiteBehavior [ RunTime:0.000012s ]
INFO: [ app_init ] --END-- [ RunTime:0.000275s ]
ERR: 无法加载模块:Public

[ 2016-12-05T11:14:52+08:00 ] 1.80.217.25 /cnconsum/Public/Uploads/advertImage/activity_0.png
INFO: [ app_init ] --START--
INFO: Run Behavior\BuildLiteBehavior [ RunTime:0.000015s ]
INFO: [ app_init ] --END-- [ RunTime:0.000302s ]
ERR: 无法加载模块:Public

[ 2016-12-05T11:25:47+08:00 ] 1.80.219.236 /cnconsum/Public/Uploads/advertImage/null
INFO: [ app_init ] --START--
INFO: Run Behavior\BuildLiteBehavior [ RunTime:0.000017s ]
INFO: [ app_init ] --END-- [ RunTime:0.000329s ]
ERR: 无法加载模块:Public

[ 2016-12-05T11:25:47+08:00 ] 1.80.219.236 /cnconsum/Public/Uploads/advertImage/activity_0.png
INFO: [ app_init ] --START--
INFO: Run Behavior\BuildLiteBehavior [ RunTime:0.000018s ]
INFO: [ app_init ] --END-- [ RunTime:0.000295s ]
ERR: 无法加载模块:Public

[ 2016-12-05T11:25:47+08:00 ] 1.80.219.236 /cnconsum/Public/Uploads/advertImage/activity_1.png
INFO: [ app_init ] --START--
INFO: Run Behavior\BuildLiteBehavior [ RunTime:0.000012s ]
INFO: [ app_init ] --END-- [ RunTime:0.000301s ]
ERR: 无法加载模块:Public

[ 2016-12-05T11:27:04+08:00 ] 1.80.219.236 /cnconsum/Public/Uploads/advertImage/activity_1.png
INFO: [ app_init ] --START--
INFO: Run Behavior\BuildLiteBehavior [ RunTime:0.000017s ]
INFO: [ app_init ] --END-- [ RunTime:0.000361s ]
ERR: 无法加载模块:Public

[ 2016-12-05T11:27:04+08:00 ] 1.80.219.236 /cnconsum/Public/Uploads/advertImage/activity_0.png
INFO: [ app_init ] --START--
INFO: Run Behavior\BuildLiteBehavior [ RunTime:0.000016s ]
INFO: [ app_init ] --END-- [ RunTime:0.000381s ]
ERR: 无法加载模块:Public

[ 2016-12-05T11:27:04+08:00 ] 1.80.219.236 /cnconsum/Public/Uploads/advertImage/null
INFO: [ app_init ] --START--
INFO: Run Behavior\BuildLiteBehavior [ RunTime:0.000012s ]
INFO: [ app_init ] --END-- [ RunTime:0.000289s ]
ERR: 无法加载模块:Public

[ 2016-12-05T11:30:48+08:00 ] 1.80.219.236 /cnconsum/Public/Uploads/advertImage/activity_0.png
INFO: [ app_init ] --START--
INFO: Run Behavior\BuildLiteBehavior [ RunTime:0.000012s ]
INFO: [ app_init ] --END-- [ RunTime:0.000282s ]
ERR: 无法加载模块:Public

[ 2016-12-05T11:30:48+08:00 ] 1.80.219.236 /cnconsum/Public/Uploads/advertImage/activity_1.png
INFO: [ app_init ] --START--
INFO: Run Behavior\BuildLiteBehavior [ RunTime:0.000017s ]
INFO: [ app_init ] --END-- [ RunTime:0.000387s ]
ERR: 无法加载模块:Public

[ 2016-12-05T11:30:48+08:00 ] 1.80.219.236 /cnconsum/Public/Uploads/advertImage/null
INFO: [ app_init ] --START--
INFO: Run Behavior\BuildLiteBehavior [ RunTime:0.000012s ]
INFO: [ app_init ] --END-- [ RunTime:0.000287s ]
ERR: 无法加载模块:Public

[ 2016-12-05T11:32:44+08:00 ] 1.80.219.236 /cnconsum/Public/Uploads/advertImage/activity_0.png
INFO: [ app_init ] --START--
INFO: Run Behavior\BuildLiteBehavior [ RunTime:0.000013s ]
INFO: [ app_init ] --END-- [ RunTime:0.000267s ]
ERR: 无法加载模块:Public

[ 2016-12-05T11:32:44+08:00 ] 1.80.219.236 /cnconsum/Public/Uploads/advertImage/activity_1.png
INFO: [ app_init ] --START--
INFO: Run Behavior\BuildLiteBehavior [ RunTime:0.000011s ]
INFO: [ app_init ] --END-- [ RunTime:0.000303s ]
ERR: 无法加载模块:Public

[ 2016-12-05T11:32:44+08:00 ] 1.80.219.236 /cnconsum/Public/Uploads/advertImage/null
INFO: [ app_init ] --START--
INFO: Run Behavior\BuildLiteBehavior [ RunTime:0.000013s ]
INFO: [ app_init ] --END-- [ RunTime:0.000257s ]
ERR: 无法加载模块:Public

[ 2016-12-05T11:33:46+08:00 ] 1.80.219.236 /cnconsum/Public/Uploads/advertImage/activity_0.png
INFO: [ app_init ] --START--
INFO: Run Behavior\BuildLiteBehavior [ RunTime:0.000013s ]
INFO: [ app_init ] --END-- [ RunTime:0.000252s ]
ERR: 无法加载模块:Public

[ 2016-12-05T11:33:46+08:00 ] 1.80.219.236 /cnconsum/Public/Uploads/advertImage/activity_1.png
INFO: [ app_init ] --START--
INFO: Run Behavior\BuildLiteBehavior [ RunTime:0.000012s ]
INFO: [ app_init ] --END-- [ RunTime:0.000255s ]
ERR: 无法加载模块:Public

[ 2016-12-05T11:33:46+08:00 ] 1.80.219.236 /cnconsum/Public/Uploads/advertImage/null
INFO: [ app_init ] --START--
INFO: Run Behavior\BuildLiteBehavior [ RunTime:0.000017s ]
INFO: [ app_init ] --END-- [ RunTime:0.000374s ]
ERR: 无法加载模块:Public

[ 2016-12-05T11:34:42+08:00 ] 1.80.219.236 /cnconsum/Public/Uploads/advertImage/activity_0.png
INFO: [ app_init ] --START--
INFO: Run Behavior\BuildLiteBehavior [ RunTime:0.000019s ]
INFO: [ app_init ] --END-- [ RunTime:0.000376s ]
ERR: 无法加载模块:Public

[ 2016-12-05T11:34:42+08:00 ] 1.80.219.236 /cnconsum/Public/Uploads/advertImage/activity_1.png
INFO: [ app_init ] --START--
INFO: Run Behavior\BuildLiteBehavior [ RunTime:0.000017s ]
INFO: [ app_init ] --END-- [ RunTime:0.000400s ]
ERR: 无法加载模块:Public

[ 2016-12-05T11:34:42+08:00 ] 1.80.219.236 /cnconsum/Public/Uploads/advertImage/null
INFO: [ app_init ] --START--
INFO: Run Behavior\BuildLiteBehavior [ RunTime:0.000012s ]
INFO: [ app_init ] --END-- [ RunTime:0.000264s ]
ERR: 无法加载模块:Public

[ 2016-12-05T11:36:05+08:00 ] 1.80.219.236 /cnconsum/Public/Uploads/advertImage/activity_0.png
INFO: [ app_init ] --START--
INFO: Run Behavior\BuildLiteBehavior [ RunTime:0.000012s ]
INFO: [ app_init ] --END-- [ RunTime:0.000274s ]
ERR: 无法加载模块:Public

[ 2016-12-05T11:36:05+08:00 ] 1.80.219.236 /cnconsum/Public/Uploads/advertImage/activity_1.png
INFO: [ app_init ] --START--
INFO: Run Behavior\BuildLiteBehavior [ RunTime:0.000011s ]
INFO: [ app_init ] --END-- [ RunTime:0.000251s ]
ERR: 无法加载模块:Public

[ 2016-12-05T11:36:05+08:00 ] 1.80.219.236 /cnconsum/Public/Uploads/advertImage/null
INFO: [ app_init ] --START--
INFO: Run Behavior\BuildLiteBehavior [ RunTime:0.000013s ]
INFO: [ app_init ] --END-- [ RunTime:0.000268s ]
ERR: 无法加载模块:Public

[ 2016-12-05T11:36:55+08:00 ] 1.80.219.236 /cnconsum/Public/Uploads/advertImage/activity_0.png
INFO: [ app_init ] --START--
INFO: Run Behavior\BuildLiteBehavior [ RunTime:0.000019s ]
INFO: [ app_init ] --END-- [ RunTime:0.000291s ]
ERR: 无法加载模块:Public

[ 2016-12-05T11:36:55+08:00 ] 1.80.219.236 /cnconsum/Public/Uploads/advertImage/activity_1.png
INFO: [ app_init ] --START--
INFO: Run Behavior\BuildLiteBehavior [ RunTime:0.000017s ]
INFO: [ app_init ] --END-- [ RunTime:0.000397s ]
ERR: 无法加载模块:Public

[ 2016-12-05T11:36:55+08:00 ] 1.80.219.236 /cnconsum/Public/Uploads/advertImage/null
INFO: [ app_init ] --START--
INFO: Run Behavior\BuildLiteBehavior [ RunTime:0.000012s ]
INFO: [ app_init ] --END-- [ RunTime:0.000278s ]
ERR: 无法加载模块:Public

[ 2016-12-05T11:37:54+08:00 ] 1.80.219.236 /cnconsum/Public/Uploads/advertImage/activity_1.png
INFO: [ app_init ] --START--
INFO: Run Behavior\BuildLiteBehavior [ RunTime:0.000012s ]
INFO: [ app_init ] --END-- [ RunTime:0.000292s ]
ERR: 无法加载模块:Public

[ 2016-12-05T11:37:54+08:00 ] 1.80.219.236 /cnconsum/Public/Uploads/advertImage/activity_0.png
INFO: [ app_init ] --START--
INFO: Run Behavior\BuildLiteBehavior [ RunTime:0.000012s ]
INFO: [ app_init ] --END-- [ RunTime:0.000349s ]
ERR: 无法加载模块:Public

[ 2016-12-05T11:37:54+08:00 ] 1.80.219.236 /cnconsum/Public/Uploads/advertImage/null
INFO: [ app_init ] --START--
INFO: Run Behavior\BuildLiteBehavior [ RunTime:0.000013s ]
INFO: [ app_init ] --END-- [ RunTime:0.000324s ]
ERR: 无法加载模块:Public

[ 2016-12-05T11:38:49+08:00 ] 1.80.219.236 /cnconsum/Public/Uploads/advertImage/activity_0.png
INFO: [ app_init ] --START--
INFO: Run Behavior\BuildLiteBehavior [ RunTime:0.000012s ]
INFO: [ app_init ] --END-- [ RunTime:0.000248s ]
ERR: 无法加载模块:Public

[ 2016-12-05T11:38:49+08:00 ] 1.80.219.236 /cnconsum/Public/Uploads/advertImage/activity_1.png
INFO: [ app_init ] --START--
INFO: Run Behavior\BuildLiteBehavior [ RunTime:0.000012s ]
INFO: [ app_init ] --END-- [ RunTime:0.000275s ]
ERR: 无法加载模块:Public

[ 2016-12-05T11:38:49+08:00 ] 1.80.219.236 /cnconsum/Public/Uploads/advertImage/null
INFO: [ app_init ] --START--
INFO: Run Behavior\BuildLiteBehavior [ RunTime:0.000012s ]
INFO: [ app_init ] --END-- [ RunTime:0.000250s ]
ERR: 无法加载模块:Public

[ 2016-12-05T11:39:37+08:00 ] 1.80.219.236 /cnconsum/Public/Uploads/advertImage/activity_1.png
INFO: [ app_init ] --START--
INFO: Run Behavior\BuildLiteBehavior [ RunTime:0.000012s ]
INFO: [ app_init ] --END-- [ RunTime:0.000312s ]
ERR: 无法加载模块:Public

[ 2016-12-05T11:39:37+08:00 ] 1.80.219.236 /cnconsum/Public/Uploads/advertImage/activity_0.png
INFO: [ app_init ] --START--
INFO: Run Behavior\BuildLiteBehavior [ RunTime:0.000011s ]
INFO: [ app_init ] --END-- [ RunTime:0.000304s ]
ERR: 无法加载模块:Public

[ 2016-12-05T11:39:37+08:00 ] 1.80.219.236 /cnconsum/Public/Uploads/advertImage/null
INFO: [ app_init ] --START--
INFO: Run Behavior\BuildLiteBehavior [ RunTime:0.000012s ]
INFO: [ app_init ] --END-- [ RunTime:0.000248s ]
ERR: 无法加载模块:Public

[ 2016-12-05T11:49:43+08:00 ] 1.80.219.236 /cnconsum/Public/Uploads/advertImage/activity_0.png
INFO: [ app_init ] --START--
INFO: Run Behavior\BuildLiteBehavior [ RunTime:0.000012s ]
INFO: [ app_init ] --END-- [ RunTime:0.000280s ]
ERR: 无法加载模块:Public

[ 2016-12-05T11:49:43+08:00 ] 1.80.219.236 /cnconsum/Public/Uploads/advertImage/activity_1.png
INFO: [ app_init ] --START--
INFO: Run Behavior\BuildLiteBehavior [ RunTime:0.000028s ]
INFO: [ app_init ] --END-- [ RunTime:0.000268s ]
ERR: 无法加载模块:Public

[ 2016-12-05T11:49:43+08:00 ] 1.80.219.236 /cnconsum/Public/Uploads/advertImage/null
INFO: [ app_init ] --START--
INFO: Run Behavior\BuildLiteBehavior [ RunTime:0.000012s ]
INFO: [ app_init ] --END-- [ RunTime:0.000293s ]
ERR: 无法加载模块:Public

[ 2016-12-05T11:52:21+08:00 ] 1.80.219.236 /cnconsum/Public/Uploads/advertImage/activity_0.png
INFO: [ app_init ] --START--
INFO: Run Behavior\BuildLiteBehavior [ RunTime:0.000012s ]
INFO: [ app_init ] --END-- [ RunTime:0.000269s ]
ERR: 无法加载模块:Public

[ 2016-12-05T11:52:21+08:00 ] 1.80.219.236 /cnconsum/Public/Uploads/advertImage/activity_1.png
INFO: [ app_init ] --START--
INFO: Run Behavior\BuildLiteBehavior [ RunTime:0.000022s ]
INFO: [ app_init ] --END-- [ RunTime:0.000252s ]
ERR: 无法加载模块:Public

[ 2016-12-05T11:52:21+08:00 ] 1.80.219.236 /cnconsum/Public/Uploads/advertImage/null
INFO: [ app_init ] --START--
INFO: Run Behavior\BuildLiteBehavior [ RunTime:0.000014s ]
INFO: [ app_init ] --END-- [ RunTime:0.000272s ]
ERR: 无法加载模块:Public

[ 2016-12-05T11:54:02+08:00 ] 1.80.219.236 /cnconsum/Public/Uploads/addImage/null
INFO: [ app_init ] --START--
INFO: Run Behavior\BuildLiteBehavior [ RunTime:0.000014s ]
INFO: [ app_init ] --END-- [ RunTime:0.000272s ]
ERR: 无法加载模块:Public

[ 2016-12-05T11:54:02+08:00 ] 1.80.219.236 /cnconsum/Public/Uploads/addImage/null
INFO: [ app_init ] --START--
INFO: Run Behavior\BuildLiteBehavior [ RunTime:0.000020s ]
INFO: [ app_init ] --END-- [ RunTime:0.000641s ]
ERR: 无法加载模块:Public

[ 2016-12-05T11:54:02+08:00 ] 1.80.219.236 /cnconsum/Public/Uploads/addImage/null
INFO: [ app_init ] --START--
INFO: Run Behavior\BuildLiteBehavior [ RunTime:0.000014s ]
INFO: [ app_init ] --END-- [ RunTime:0.000277s ]
ERR: 无法加载模块:Public

[ 2016-12-05T11:54:02+08:00 ] 1.80.219.236 /cnconsum/Public/Uploads/addImage/null
INFO: [ app_init ] --START--
INFO: Run Behavior\BuildLiteBehavior [ RunTime:0.000013s ]
INFO: [ app_init ] --END-- [ RunTime:0.000278s ]
ERR: 无法加载模块:Public

[ 2016-12-05T11:54:09+08:00 ] 1.80.219.236 /cnconsum/Public/Uploads/advertImage/activity_0.png
INFO: [ app_init ] --START--
INFO: Run Behavior\BuildLiteBehavior [ RunTime:0.000014s ]
INFO: [ app_init ] --END-- [ RunTime:0.000300s ]
ERR: 无法加载模块:Public

[ 2016-12-05T11:54:09+08:00 ] 1.80.219.236 /cnconsum/Public/Uploads/advertImage/activity_1.png
INFO: [ app_init ] --START--
INFO: Run Behavior\BuildLiteBehavior [ RunTime:0.000012s ]
INFO: [ app_init ] --END-- [ RunTime:0.000244s ]
ERR: 无法加载模块:Public

[ 2016-12-05T11:54:09+08:00 ] 1.80.219.236 /cnconsum/Public/Uploads/advertImage/null
INFO: [ app_init ] --START--
INFO: Run Behavior\BuildLiteBehavior [ RunTime:0.000013s ]
INFO: [ app_init ] --END-- [ RunTime:0.000254s ]
ERR: 无法加载模块:Public

[ 2016-12-05T11:55:13+08:00 ] 1.80.219.236 /cnconsum/Public/Uploads/advertImage/null
INFO: [ app_init ] --START--
INFO: Run Behavior\BuildLiteBehavior [ RunTime:0.000015s ]
INFO: [ app_init ] --END-- [ RunTime:0.000274s ]
ERR: 无法加载模块:Public

[ 2016-12-05T11:55:13+08:00 ] 1.80.219.236 /cnconsum/Public/Uploads/advertImage/activity_1.png
INFO: [ app_init ] --START--
INFO: Run Behavior\BuildLiteBehavior [ RunTime:0.000013s ]
INFO: [ app_init ] --END-- [ RunTime:0.000289s ]
ERR: 无法加载模块:Public

[ 2016-12-05T11:55:13+08:00 ] 1.80.219.236 /cnconsum/Public/Uploads/advertImage/activity_0.png
INFO: [ app_init ] --START--
INFO: Run Behavior\BuildLiteBehavior [ RunTime:0.000011s ]
INFO: [ app_init ] --END-- [ RunTime:0.000244s ]
ERR: 无法加载模块:Public

[ 2016-12-05T13:08:55+08:00 ] 1.80.219.236 /cnconsum/Public/Uploads/advertImage/activity_0.png
INFO: [ app_init ] --START--
INFO: Run Behavior\BuildLiteBehavior [ RunTime:0.000014s ]
INFO: [ app_init ] --END-- [ RunTime:0.000290s ]
ERR: 无法加载模块:Public

[ 2016-12-05T13:08:55+08:00 ] 1.80.219.236 /cnconsum/Public/Uploads/advertImage/activity_1.png
INFO: [ app_init ] --START--
INFO: Run Behavior\BuildLiteBehavior [ RunTime:0.000016s ]
INFO: [ app_init ] --END-- [ RunTime:0.000341s ]
ERR: 无法加载模块:Public

[ 2016-12-05T13:08:55+08:00 ] 1.80.219.236 /cnconsum/Public/Uploads/advertImage/null
INFO: [ app_init ] --START--
INFO: Run Behavior\BuildLiteBehavior [ RunTime:0.000014s ]
INFO: [ app_init ] --END-- [ RunTime:0.000261s ]
ERR: 无法加载模块:Public

[ 2016-12-05T13:35:09+08:00 ] 1.80.219.236 /cnconsum/Public/Uploads/addImage/null
INFO: [ app_init ] --START--
INFO: Run Behavior\BuildLiteBehavior [ RunTime:0.000014s ]
INFO: [ app_init ] --END-- [ RunTime:0.000288s ]
ERR: 无法加载模块:Public

[ 2016-12-05T13:35:09+08:00 ] 1.80.219.236 /cnconsum/Public/Uploads/addImage/null
INFO: [ app_init ] --START--
INFO: Run Behavior\BuildLiteBehavior [ RunTime:0.000019s ]
INFO: [ app_init ] --END-- [ RunTime:0.000395s ]
ERR: 无法加载模块:Public

[ 2016-12-05T13:35:09+08:00 ] 1.80.219.236 /cnconsum/Public/Uploads/addImage/null
INFO: [ app_init ] --START--
INFO: Run Behavior\BuildLiteBehavior [ RunTime:0.000013s ]
INFO: [ app_init ] --END-- [ RunTime:0.000305s ]
ERR: 无法加载模块:Public

[ 2016-12-05T13:35:10+08:00 ] 1.80.219.236 /cnconsum/Public/Uploads/addImage/null
INFO: [ app_init ] --START--
INFO: Run Behavior\BuildLiteBehavior [ RunTime:0.000014s ]
INFO: [ app_init ] --END-- [ RunTime:0.000308s ]
ERR: 无法加载模块:Public

[ 2016-12-05T13:58:56+08:00 ] 1.80.219.236 /cnconsum/Public/Uploads/advertImage/activity_1.png
INFO: [ app_init ] --START--
INFO: Run Behavior\BuildLiteBehavior [ RunTime:0.000012s ]
INFO: [ app_init ] --END-- [ RunTime:0.000276s ]
ERR: 无法加载模块:Public

[ 2016-12-05T13:58:56+08:00 ] 1.80.219.236 /cnconsum/Public/Uploads/advertImage/activity_0.png
INFO: [ app_init ] --START--
INFO: Run Behavior\BuildLiteBehavior [ RunTime:0.000011s ]
INFO: [ app_init ] --END-- [ RunTime:0.000288s ]
ERR: 无法加载模块:Public

[ 2016-12-05T13:58:56+08:00 ] 1.80.219.236 /cnconsum/Public/Uploads/advertImage/null
INFO: [ app_init ] --START--
INFO: Run Behavior\BuildLiteBehavior [ RunTime:0.000012s ]
INFO: [ app_init ] --END-- [ RunTime:0.000268s ]
ERR: 无法加载模块:Public

[ 2016-12-05T14:30:13+08:00 ] 1.80.219.236 /cnconsum/Public/Uploads/advertImage/activity_1.png
INFO: [ app_init ] --START--
INFO: Run Behavior\BuildLiteBehavior [ RunTime:0.000017s ]
INFO: [ app_init ] --END-- [ RunTime:0.000396s ]
ERR: 无法加载模块:Public

[ 2016-12-05T14:30:13+08:00 ] 1.80.219.236 /cnconsum/Public/Uploads/advertImage/activity_0.png
INFO: [ app_init ] --START--
INFO: Run Behavior\BuildLiteBehavior [ RunTime:0.000011s ]
INFO: [ app_init ] --END-- [ RunTime:0.000245s ]
ERR: 无法加载模块:Public

[ 2016-12-05T14:30:14+08:00 ] 1.80.219.236 /cnconsum/Public/Uploads/advertImage/null
INFO: [ app_init ] --START--
INFO: Run Behavior\BuildLiteBehavior [ RunTime:0.000014s ]
INFO: [ app_init ] --END-- [ RunTime:0.000281s ]
ERR: 无法加载模块:Public

[ 2016-12-05T14:55:00+08:00 ] 1.80.219.236 /cnconsum/Public/Uploads/advertImage/activity_0.png
INFO: [ app_init ] --START--
INFO: Run Behavior\BuildLiteBehavior [ RunTime:0.000020s ]
INFO: [ app_init ] --END-- [ RunTime:0.005740s ]
ERR: 无法加载模块:Public

[ 2016-12-05T14:55:00+08:00 ] 1.80.219.236 /cnconsum/Public/Uploads/advertImage/null
INFO: [ app_init ] --START--
INFO: Run Behavior\BuildLiteBehavior [ RunTime:0.000012s ]
INFO: [ app_init ] --END-- [ RunTime:0.000250s ]
ERR: 无法加载模块:Public

[ 2016-12-05T14:55:00+08:00 ] 1.80.219.236 /cnconsum/Public/Uploads/advertImage/activity_1.png
INFO: [ app_init ] --START--
INFO: Run Behavior\BuildLiteBehavior [ RunTime:0.000011s ]
INFO: [ app_init ] --END-- [ RunTime:0.000262s ]
ERR: 无法加载模块:Public

[ 2016-12-05T14:58:59+08:00 ] 1.80.219.236 /cnconsum/Public/Uploads/advertImage/activity_1.png
INFO: [ app_init ] --START--
INFO: Run Behavior\BuildLiteBehavior [ RunTime:0.000013s ]
INFO: [ app_init ] --END-- [ RunTime:0.000311s ]
ERR: 无法加载模块:Public

[ 2016-12-05T14:58:59+08:00 ] 1.80.219.236 /cnconsum/Public/Uploads/advertImage/activity_0.png
INFO: [ app_init ] --START--
INFO: Run Behavior\BuildLiteBehavior [ RunTime:0.000019s ]
INFO: [ app_init ] --END-- [ RunTime:0.000302s ]
ERR: 无法加载模块:Public

[ 2016-12-05T14:58:59+08:00 ] 1.80.219.236 /cnconsum/Public/Uploads/advertImage/null
INFO: [ app_init ] --START--
INFO: Run Behavior\BuildLiteBehavior [ RunTime:0.000014s ]
INFO: [ app_init ] --END-- [ RunTime:0.000337s ]
ERR: 无法加载模块:Public

[ 2016-12-05T15:04:15+08:00 ] 1.80.219.236 /cnconsum/Public/Uploads/advertImage/activity_1.png
INFO: [ app_init ] --START--
INFO: Run Behavior\BuildLiteBehavior [ RunTime:0.000012s ]
INFO: [ app_init ] --END-- [ RunTime:0.000277s ]
ERR: 无法加载模块:Public

[ 2016-12-05T15:04:15+08:00 ] 1.80.219.236 /cnconsum/Public/Uploads/advertImage/activity_0.png
INFO: [ app_init ] --START--
INFO: Run Behavior\BuildLiteBehavior [ RunTime:0.000027s ]
INFO: [ app_init ] --END-- [ RunTime:0.000398s ]
ERR: 无法加载模块:Public

[ 2016-12-05T15:04:15+08:00 ] 1.80.219.236 /cnconsum/Public/Uploads/advertImage/null
INFO: [ app_init ] --START--
INFO: Run Behavior\BuildLiteBehavior [ RunTime:0.000011s ]
INFO: [ app_init ] --END-- [ RunTime:0.000241s ]
ERR: 无法加载模块:Public

[ 2016-12-05T15:07:47+08:00 ] 1.80.219.236 /cnconsum/Public/Uploads/advertImage/null
INFO: [ app_init ] --START--
INFO: Run Behavior\BuildLiteBehavior [ RunTime:0.000013s ]
INFO: [ app_init ] --END-- [ RunTime:0.000248s ]
ERR: 无法加载模块:Public

[ 2016-12-05T15:07:47+08:00 ] 1.80.219.236 /cnconsum/Public/Uploads/advertImage/activity_1.png
INFO: [ app_init ] --START--
INFO: Run Behavior\BuildLiteBehavior [ RunTime:0.000012s ]
INFO: [ app_init ] --END-- [ RunTime:0.000261s ]
ERR: 无法加载模块:Public

[ 2016-12-05T15:07:47+08:00 ] 1.80.219.236 /cnconsum/Public/Uploads/advertImage/activity_0.png
INFO: [ app_init ] --START--
INFO: Run Behavior\BuildLiteBehavior [ RunTime:0.000011s ]
INFO: [ app_init ] --END-- [ RunTime:0.000242s ]
ERR: 无法加载模块:Public

[ 2016-12-05T15:08:43+08:00 ] 1.80.219.236 /cnconsum/Public/Uploads/advertImage/activity_0.png
INFO: [ app_init ] --START--
INFO: Run Behavior\BuildLiteBehavior [ RunTime:0.000019s ]
INFO: [ app_init ] --END-- [ RunTime:0.000425s ]
ERR: 无法加载模块:Public

[ 2016-12-05T15:08:43+08:00 ] 1.80.219.236 /cnconsum/Public/Uploads/advertImage/activity_1.png
INFO: [ app_init ] --START--
INFO: Run Behavior\BuildLiteBehavior [ RunTime:0.000012s ]
INFO: [ app_init ] --END-- [ RunTime:0.000278s ]
ERR: 无法加载模块:Public

[ 2016-12-05T15:08:43+08:00 ] 1.80.219.236 /cnconsum/Public/Uploads/advertImage/null
INFO: [ app_init ] --START--
INFO: Run Behavior\BuildLiteBehavior [ RunTime:0.000018s ]
INFO: [ app_init ] --END-- [ RunTime:0.000282s ]
ERR: 无法加载模块:Public

[ 2016-12-05T15:11:07+08:00 ] 1.80.219.236 /cnconsum/Public/Uploads/advertImage/activity_0.png
INFO: [ app_init ] --START--
INFO: Run Behavior\BuildLiteBehavior [ RunTime:0.000012s ]
INFO: [ app_init ] --END-- [ RunTime:0.001840s ]
ERR: 无法加载模块:Public

[ 2016-12-05T15:11:07+08:00 ] 1.80.219.236 /cnconsum/Public/Uploads/advertImage/activity_1.png
INFO: [ app_init ] --START--
INFO: Run Behavior\BuildLiteBehavior [ RunTime:0.000012s ]
INFO: [ app_init ] --END-- [ RunTime:0.000249s ]
ERR: 无法加载模块:Public

[ 2016-12-05T15:11:07+08:00 ] 1.80.219.236 /cnconsum/Public/Uploads/advertImage/null
INFO: [ app_init ] --START--
INFO: Run Behavior\BuildLiteBehavior [ RunTime:0.000012s ]
INFO: [ app_init ] --END-- [ RunTime:0.000268s ]
ERR: 无法加载模块:Public

[ 2016-12-05T15:13:35+08:00 ] 1.80.219.236 /cnconsum/Public/Uploads/advertImage/activity_1.png
INFO: [ app_init ] --START--
INFO: Run Behavior\BuildLiteBehavior [ RunTime:0.000013s ]
INFO: [ app_init ] --END-- [ RunTime:0.000284s ]
ERR: 无法加载模块:Public

[ 2016-12-05T15:13:35+08:00 ] 1.80.219.236 /cnconsum/Public/Uploads/advertImage/activity_0.png
INFO: [ app_init ] --START--
INFO: Run Behavior\BuildLiteBehavior [ RunTime:0.000016s ]
INFO: [ app_init ] --END-- [ RunTime:0.000278s ]
ERR: 无法加载模块:Public

[ 2016-12-05T15:13:35+08:00 ] 1.80.219.236 /cnconsum/Public/Uploads/advertImage/null
INFO: [ app_init ] --START--
INFO: Run Behavior\BuildLiteBehavior [ RunTime:0.000013s ]
INFO: [ app_init ] --END-- [ RunTime:0.000316s ]
ERR: 无法加载模块:Public

[ 2016-12-05T15:15:28+08:00 ] 1.80.219.236 /cnconsum/Public/Uploads/advertImage/activity_1.png
INFO: [ app_init ] --START--
INFO: Run Behavior\BuildLiteBehavior [ RunTime:0.000013s ]
INFO: [ app_init ] --END-- [ RunTime:0.000270s ]
ERR: 无法加载模块:Public

[ 2016-12-05T15:15:28+08:00 ] 1.80.219.236 /cnconsum/Public/Uploads/advertImage/null
INFO: [ app_init ] --START--
INFO: Run Behavior\BuildLiteBehavior [ RunTime:0.000014s ]
INFO: [ app_init ] --END-- [ RunTime:0.000252s ]
ERR: 无法加载模块:Public

[ 2016-12-05T15:15:28+08:00 ] 1.80.219.236 /cnconsum/Public/Uploads/advertImage/activity_0.png
INFO: [ app_init ] --START--
INFO: Run Behavior\BuildLiteBehavior [ RunTime:0.000014s ]
INFO: [ app_init ] --END-- [ RunTime:0.000255s ]
ERR: 无法加载模块:Public

[ 2016-12-05T15:17:20+08:00 ] 1.80.219.236 /cnconsum/Public/Uploads/advertImage/activity_0.png
INFO: [ app_init ] --START--
INFO: Run Behavior\BuildLiteBehavior [ RunTime:0.000020s ]
INFO: [ app_init ] --END-- [ RunTime:0.000283s ]
ERR: 无法加载模块:Public

[ 2016-12-05T15:17:20+08:00 ] 1.80.219.236 /cnconsum/Public/Uploads/advertImage/activity_1.png
INFO: [ app_init ] --START--
INFO: Run Behavior\BuildLiteBehavior [ RunTime:0.000017s ]
INFO: [ app_init ] --END-- [ RunTime:0.000412s ]
ERR: 无法加载模块:Public

[ 2016-12-05T15:17:20+08:00 ] 1.80.219.236 /cnconsum/Public/Uploads/advertImage/null
INFO: [ app_init ] --START--
INFO: Run Behavior\BuildLiteBehavior [ RunTime:0.000014s ]
INFO: [ app_init ] --END-- [ RunTime:0.000266s ]
ERR: 无法加载模块:Public

[ 2016-12-05T15:30:15+08:00 ] 1.80.219.236 /cnconsum/Public/Uploads/advertImage/activity_0.png
INFO: [ app_init ] --START--
INFO: Run Behavior\BuildLiteBehavior [ RunTime:0.000012s ]
INFO: [ app_init ] --END-- [ RunTime:0.000263s ]
ERR: 无法加载模块:Public

[ 2016-12-05T15:30:15+08:00 ] 1.80.219.236 /cnconsum/Public/Uploads/advertImage/activity_1.png
INFO: [ app_init ] --START--
INFO: Run Behavior\BuildLiteBehavior [ RunTime:0.000011s ]
INFO: [ app_init ] --END-- [ RunTime:0.000238s ]
ERR: 无法加载模块:Public

[ 2016-12-05T15:30:15+08:00 ] 1.80.219.236 /cnconsum/Public/Uploads/advertImage/null
INFO: [ app_init ] --START--
INFO: Run Behavior\BuildLiteBehavior [ RunTime:0.000016s ]
INFO: [ app_init ] --END-- [ RunTime:0.000348s ]
ERR: 无法加载模块:Public

[ 2016-12-05T15:32:50+08:00 ] 1.80.219.236 /cnconsum/Public/Uploads/advertImage/null
INFO: [ app_init ] --START--
INFO: Run Behavior\BuildLiteBehavior [ RunTime:0.000014s ]
INFO: [ app_init ] --END-- [ RunTime:0.000276s ]
ERR: 无法加载模块:Public

[ 2016-12-05T15:32:51+08:00 ] 1.80.219.236 /cnconsum/Public/Uploads/advertImage/activity_0.png
INFO: [ app_init ] --START--
INFO: Run Behavior\BuildLiteBehavior [ RunTime:0.000013s ]
INFO: [ app_init ] --END-- [ RunTime:0.000295s ]
ERR: 无法加载模块:Public

[ 2016-12-05T15:32:51+08:00 ] 1.80.219.236 /cnconsum/Public/Uploads/advertImage/activity_1.png
INFO: [ app_init ] --START--
INFO: Run Behavior\BuildLiteBehavior [ RunTime:0.000012s ]
INFO: [ app_init ] --END-- [ RunTime:0.000297s ]
ERR: 无法加载模块:Public

[ 2016-12-05T15:34:21+08:00 ] 1.80.219.236 /cnconsum/Public/Uploads/advertImage/activity_1.png
INFO: [ app_init ] --START--
INFO: Run Behavior\BuildLiteBehavior [ RunTime:0.000016s ]
INFO: [ app_init ] --END-- [ RunTime:0.000410s ]
ERR: 无法加载模块:Public

[ 2016-12-05T15:34:21+08:00 ] 1.80.219.236 /cnconsum/Public/Uploads/advertImage/activity_0.png
INFO: [ app_init ] --START--
INFO: Run Behavior\BuildLiteBehavior [ RunTime:0.000017s ]
INFO: [ app_init ] --END-- [ RunTime:0.002152s ]
ERR: 无法加载模块:Public

[ 2016-12-05T15:34:21+08:00 ] 1.80.219.236 /cnconsum/Public/Uploads/advertImage/null
INFO: [ app_init ] --START--
INFO: Run Behavior\BuildLiteBehavior [ RunTime:0.000014s ]
INFO: [ app_init ] --END-- [ RunTime:0.000274s ]
ERR: 无法加载模块:Public

[ 2016-12-05T15:39:35+08:00 ] 1.80.219.236 /cnconsum/Public/Uploads/advertImage/activity_0.png
INFO: [ app_init ] --START--
INFO: Run Behavior\BuildLiteBehavior [ RunTime:0.000014s ]
INFO: [ app_init ] --END-- [ RunTime:0.000372s ]
ERR: 无法加载模块:Public

[ 2016-12-05T15:39:35+08:00 ] 1.80.219.236 /cnconsum/Public/Uploads/advertImage/activity_1.png
INFO: [ app_init ] --START--
INFO: Run Behavior\BuildLiteBehavior [ RunTime:0.000017s ]
INFO: [ app_init ] --END-- [ RunTime:0.000413s ]
ERR: 无法加载模块:Public

[ 2016-12-05T15:39:35+08:00 ] 1.80.219.236 /cnconsum/Public/Uploads/advertImage/null
INFO: [ app_init ] --START--
INFO: Run Behavior\BuildLiteBehavior [ RunTime:0.000012s ]
INFO: [ app_init ] --END-- [ RunTime:0.000244s ]
ERR: 无法加载模块:Public

[ 2016-12-05T16:15:23+08:00 ] 1.80.219.236 /cnconsum/Public/Uploads/advertImage/null
INFO: [ app_init ] --START--
INFO: Run Behavior\BuildLiteBehavior [ RunTime:0.000012s ]
INFO: [ app_init ] --END-- [ RunTime:0.000293s ]
ERR: 无法加载模块:Public

[ 2016-12-05T16:15:23+08:00 ] 1.80.219.236 /cnconsum/Public/Uploads/advertImage/activity_0.png
INFO: [ app_init ] --START--
INFO: Run Behavior\BuildLiteBehavior [ RunTime:0.000014s ]
INFO: [ app_init ] --END-- [ RunTime:0.000274s ]
ERR: 无法加载模块:Public

[ 2016-12-05T16:15:23+08:00 ] 1.80.219.236 /cnconsum/Public/Uploads/advertImage/activity_1.png
INFO: [ app_init ] --START--
INFO: Run Behavior\BuildLiteBehavior [ RunTime:0.000011s ]
INFO: [ app_init ] --END-- [ RunTime:0.000244s ]
ERR: 无法加载模块:Public

[ 2016-12-05T16:46:16+08:00 ] 1.80.219.236 /cnconsum/Public/Uploads/advertImage/activity_0.png
INFO: [ app_init ] --START--
INFO: Run Behavior\BuildLiteBehavior [ RunTime:0.000012s ]
INFO: [ app_init ] --END-- [ RunTime:0.000263s ]
ERR: 无法加载模块:Public

[ 2016-12-05T16:46:16+08:00 ] 1.80.219.236 /cnconsum/Public/Uploads/advertImage/activity_1.png
INFO: [ app_init ] --START--
INFO: Run Behavior\BuildLiteBehavior [ RunTime:0.000014s ]
INFO: [ app_init ] --END-- [ RunTime:0.000384s ]
ERR: 无法加载模块:Public

[ 2016-12-05T16:46:16+08:00 ] 1.80.219.236 /cnconsum/Public/Uploads/advertImage/null
INFO: [ app_init ] --START--
INFO: Run Behavior\BuildLiteBehavior [ RunTime:0.000012s ]
INFO: [ app_init ] --END-- [ RunTime:0.000261s ]
ERR: 无法加载模块:Public

[ 2016-12-05T17:01:48+08:00 ] 1.80.219.236 /cnconsum/Public/Uploads/advertImage/null
INFO: [ app_init ] --START--
INFO: Run Behavior\BuildLiteBehavior [ RunTime:0.000019s ]
INFO: [ app_init ] --END-- [ RunTime:0.000367s ]
ERR: 无法加载模块:Public

[ 2016-12-05T17:01:48+08:00 ] 1.80.219.236 /cnconsum/Public/Uploads/advertImage/activity_1.png
INFO: [ app_init ] --START--
INFO: Run Behavior\BuildLiteBehavior [ RunTime:0.000019s ]
INFO: [ app_init ] --END-- [ RunTime:0.000426s ]
ERR: 无法加载模块:Public

[ 2016-12-05T17:01:48+08:00 ] 1.80.219.236 /cnconsum/Public/Uploads/advertImage/activity_0.png
INFO: [ app_init ] --START--
INFO: Run Behavior\BuildLiteBehavior [ RunTime:0.000016s ]
INFO: [ app_init ] --END-- [ RunTime:0.000365s ]
ERR: 无法加载模块:Public

[ 2016-12-05T17:06:46+08:00 ] 1.80.219.236 /cnconsum/Public/Uploads/advertImage/null
INFO: [ app_init ] --START--
INFO: Run Behavior\BuildLiteBehavior [ RunTime:0.000014s ]
INFO: [ app_init ] --END-- [ RunTime:0.000364s ]
ERR: 无法加载模块:Public

[ 2016-12-05T17:06:46+08:00 ] 1.80.219.236 /cnconsum/Public/Uploads/advertImage/activity_0.png
INFO: [ app_init ] --START--
INFO: Run Behavior\BuildLiteBehavior [ RunTime:0.000014s ]
INFO: [ app_init ] --END-- [ RunTime:0.000270s ]
ERR: 无法加载模块:Public

[ 2016-12-05T17:06:46+08:00 ] 1.80.219.236 /cnconsum/Public/Uploads/advertImage/activity_1.png
INFO: [ app_init ] --START--
INFO: Run Behavior\BuildLiteBehavior [ RunTime:0.000018s ]
INFO: [ app_init ] --END-- [ RunTime:0.000291s ]
ERR: 无法加载模块:Public

[ 2016-12-05T17:08:13+08:00 ] 1.80.219.236 /cnconsum/Public/Uploads/advertImage/null
INFO: [ app_init ] --START--
INFO: Run Behavior\BuildLiteBehavior [ RunTime:0.000018s ]
INFO: [ app_init ] --END-- [ RunTime:0.000401s ]
ERR: 无法加载模块:Public

[ 2016-12-05T17:08:13+08:00 ] 1.80.219.236 /cnconsum/Public/Uploads/advertImage/activity_0.png
INFO: [ app_init ] --START--
INFO: Run Behavior\BuildLiteBehavior [ RunTime:0.000014s ]
INFO: [ app_init ] --END-- [ RunTime:0.000259s ]
ERR: 无法加载模块:Public

[ 2016-12-05T17:08:13+08:00 ] 1.80.219.236 /cnconsum/Public/Uploads/advertImage/activity_1.png
INFO: [ app_init ] --START--
INFO: Run Behavior\BuildLiteBehavior [ RunTime:0.000013s ]
INFO: [ app_init ] --END-- [ RunTime:0.000290s ]
ERR: 无法加载模块:Public

[ 2016-12-05T17:23:20+08:00 ] 1.80.219.236 /cnconsum/Public/Uploads/advertImage/activity_1.png
INFO: [ app_init ] --START--
INFO: Run Behavior\BuildLiteBehavior [ RunTime:0.000012s ]
INFO: [ app_init ] --END-- [ RunTime:0.000268s ]
ERR: 无法加载模块:Public

[ 2016-12-05T17:23:20+08:00 ] 1.80.219.236 /cnconsum/Public/Uploads/advertImage/activity_0.png
INFO: [ app_init ] --START--
INFO: Run Behavior\BuildLiteBehavior [ RunTime:0.000011s ]
INFO: [ app_init ] --END-- [ RunTime:0.000257s ]
ERR: 无法加载模块:Public

[ 2016-12-05T17:23:20+08:00 ] 1.80.219.236 /cnconsum/Public/Uploads/advertImage/null
INFO: [ app_init ] --START--
INFO: Run Behavior\BuildLiteBehavior [ RunTime:0.000012s ]
INFO: [ app_init ] --END-- [ RunTime:0.000276s ]
ERR: 无法加载模块:Public

[ 2016-12-05T17:26:35+08:00 ] 1.80.219.236 /cnconsum/Public/Uploads/advertImage/activity_1.png
INFO: [ app_init ] --START--
INFO: Run Behavior\BuildLiteBehavior [ RunTime:0.000017s ]
INFO: [ app_init ] --END-- [ RunTime:0.000392s ]
ERR: 无法加载模块:Public

[ 2016-12-05T17:26:35+08:00 ] 1.80.219.236 /cnconsum/Public/Uploads/advertImage/null
INFO: [ app_init ] --START--
INFO: Run Behavior\BuildLiteBehavior [ RunTime:0.000012s ]
INFO: [ app_init ] --END-- [ RunTime:0.000293s ]
ERR: 无法加载模块:Public

[ 2016-12-05T17:26:35+08:00 ] 1.80.219.236 /cnconsum/Public/Uploads/advertImage/activity_0.png
INFO: [ app_init ] --START--
INFO: Run Behavior\BuildLiteBehavior [ RunTime:0.000020s ]
INFO: [ app_init ] --END-- [ RunTime:0.000344s ]
ERR: 无法加载模块:Public

[ 2016-12-05T17:34:45+08:00 ] 1.80.219.236 /cnconsum/Public/Uploads/advertImage/null
INFO: [ app_init ] --START--
INFO: Run Behavior\BuildLiteBehavior [ RunTime:0.000013s ]
INFO: [ app_init ] --END-- [ RunTime:0.000277s ]
ERR: 无法加载模块:Public

[ 2016-12-05T17:34:46+08:00 ] 1.80.219.236 /cnconsum/Public/Uploads/advertImage/activity_0.png
INFO: [ app_init ] --START--
INFO: Run Behavior\BuildLiteBehavior [ RunTime:0.000014s ]
INFO: [ app_init ] --END-- [ RunTime:0.000289s ]
ERR: 无法加载模块:Public

[ 2016-12-05T17:34:46+08:00 ] 1.80.219.236 /cnconsum/Public/Uploads/advertImage/activity_1.png
INFO: [ app_init ] --START--
INFO: Run Behavior\BuildLiteBehavior [ RunTime:0.000013s ]
INFO: [ app_init ] --END-- [ RunTime:0.000331s ]
ERR: 无法加载模块:Public

[ 2016-12-05T17:39:24+08:00 ] 1.80.219.236 /cnconsum/Public/Uploads/advertImage/activity_0.png
INFO: [ app_init ] --START--
INFO: Run Behavior\BuildLiteBehavior [ RunTime:0.000020s ]
INFO: [ app_init ] --END-- [ RunTime:0.000252s ]
ERR: 无法加载模块:Public

[ 2016-12-05T17:39:24+08:00 ] 1.80.219.236 /cnconsum/Public/Uploads/advertImage/null
INFO: [ app_init ] --START--
INFO: Run Behavior\BuildLiteBehavior [ RunTime:0.000011s ]
INFO: [ app_init ] --END-- [ RunTime:0.000243s ]
ERR: 无法加载模块:Public

[ 2016-12-05T17:39:24+08:00 ] 1.80.219.236 /cnconsum/Public/Uploads/advertImage/activity_1.png
INFO: [ app_init ] --START--
INFO: Run Behavior\BuildLiteBehavior [ RunTime:0.000013s ]
INFO: [ app_init ] --END-- [ RunTime:0.000266s ]
ERR: 无法加载模块:Public

[ 2016-12-05T17:48:23+08:00 ] 1.80.219.236 /cnconsum/Public/Uploads/advertImage/activity_0.png
INFO: [ app_init ] --START--
INFO: Run Behavior\BuildLiteBehavior [ RunTime:0.000012s ]
INFO: [ app_init ] --END-- [ RunTime:0.000250s ]
ERR: 无法加载模块:Public

[ 2016-12-05T17:48:23+08:00 ] 1.80.219.236 /cnconsum/Public/Uploads/advertImage/activity_1.png
INFO: [ app_init ] --START--
INFO: Run Behavior\BuildLiteBehavior [ RunTime:0.000012s ]
INFO: [ app_init ] --END-- [ RunTime:0.000266s ]
ERR: 无法加载模块:Public

[ 2016-12-05T17:48:23+08:00 ] 1.80.219.236 /cnconsum/Public/Uploads/advertImage/null
INFO: [ app_init ] --START--
INFO: Run Behavior\BuildLiteBehavior [ RunTime:0.000014s ]
INFO: [ app_init ] --END-- [ RunTime:0.000252s ]
ERR: 无法加载模块:Public

[ 2016-12-05T17:49:58+08:00 ] 1.80.219.236 /cnconsum/Public/Uploads/advertImage/activity_1.png
INFO: [ app_init ] --START--
INFO: Run Behavior\BuildLiteBehavior [ RunTime:0.000018s ]
INFO: [ app_init ] --END-- [ RunTime:0.000335s ]
ERR: 无法加载模块:Public

[ 2016-12-05T17:49:58+08:00 ] 1.80.219.236 /cnconsum/Public/Uploads/advertImage/null
INFO: [ app_init ] --START--
INFO: Run Behavior\BuildLiteBehavior [ RunTime:0.000012s ]
INFO: [ app_init ] --END-- [ RunTime:0.001007s ]
ERR: 无法加载模块:Public

[ 2016-12-05T17:49:58+08:00 ] 1.80.219.236 /cnconsum/Public/Uploads/advertImage/activity_0.png
INFO: [ app_init ] --START--
INFO: Run Behavior\BuildLiteBehavior [ RunTime:0.000013s ]
INFO: [ app_init ] --END-- [ RunTime:0.000246s ]
ERR: 无法加载模块:Public

[ 2016-12-05T17:52:13+08:00 ] 1.80.219.236 /cnconsum/Public/Uploads/advertImage/null
INFO: [ app_init ] --START--
INFO: Run Behavior\BuildLiteBehavior [ RunTime:0.000017s ]
INFO: [ app_init ] --END-- [ RunTime:0.000294s ]
ERR: 无法加载模块:Public

[ 2016-12-05T17:52:13+08:00 ] 1.80.219.236 /cnconsum/Public/Uploads/advertImage/activity_0.png
INFO: [ app_init ] --START--
INFO: Run Behavior\BuildLiteBehavior [ RunTime:0.000012s ]
INFO: [ app_init ] --END-- [ RunTime:0.000260s ]
ERR: 无法加载模块:Public

[ 2016-12-05T17:52:13+08:00 ] 1.80.219.236 /cnconsum/Public/Uploads/advertImage/activity_1.png
INFO: [ app_init ] --START--
INFO: Run Behavior\BuildLiteBehavior [ RunTime:0.000016s ]
INFO: [ app_init ] --END-- [ RunTime:0.000308s ]
ERR: 无法加载模块:Public

[ 2016-12-05T17:53:12+08:00 ] 1.80.219.236 /cnconsum/Public/Uploads/advertImage/activity_0.png
INFO: [ app_init ] --START--
INFO: Run Behavior\BuildLiteBehavior [ RunTime:0.000012s ]
INFO: [ app_init ] --END-- [ RunTime:0.000296s ]
ERR: 无法加载模块:Public

[ 2016-12-05T17:53:12+08:00 ] 1.80.219.236 /cnconsum/Public/Uploads/advertImage/activity_1.png
INFO: [ app_init ] --START--
INFO: Run Behavior\BuildLiteBehavior [ RunTime:0.000012s ]
INFO: [ app_init ] --END-- [ RunTime:0.000247s ]
ERR: 无法加载模块:Public

[ 2016-12-05T17:53:12+08:00 ] 1.80.219.236 /cnconsum/Public/Uploads/advertImage/null
INFO: [ app_init ] --START--
INFO: Run Behavior\BuildLiteBehavior [ RunTime:0.000016s ]
INFO: [ app_init ] --END-- [ RunTime:0.000380s ]
ERR: 无法加载模块:Public

[ 2016-12-05T17:54:08+08:00 ] 1.80.219.236 /cnconsum/Public/Uploads/advertImage/activity_0.png
INFO: [ app_init ] --START--
INFO: Run Behavior\BuildLiteBehavior [ RunTime:0.000013s ]
INFO: [ app_init ] --END-- [ RunTime:0.000275s ]
ERR: 无法加载模块:Public

[ 2016-12-05T17:54:08+08:00 ] 1.80.219.236 /cnconsum/Public/Uploads/advertImage/activity_1.png
INFO: [ app_init ] --START--
INFO: Run Behavior\BuildLiteBehavior [ RunTime:0.000017s ]
INFO: [ app_init ] --END-- [ RunTime:0.000291s ]
ERR: 无法加载模块:Public

[ 2016-12-05T17:54:08+08:00 ] 1.80.219.236 /cnconsum/Public/Uploads/advertImage/null
INFO: [ app_init ] --START--
INFO: Run Behavior\BuildLiteBehavior [ RunTime:0.000020s ]
INFO: [ app_init ] --END-- [ RunTime:0.000432s ]
ERR: 无法加载模块:Public

[ 2016-12-05T17:55:36+08:00 ] 1.80.219.236 /cnconsum/Public/Uploads/advertImage/null
INFO: [ app_init ] --START--
INFO: Run Behavior\BuildLiteBehavior [ RunTime:0.000017s ]
INFO: [ app_init ] --END-- [ RunTime:0.000381s ]
ERR: 无法加载模块:Public

[ 2016-12-05T17:55:36+08:00 ] 1.80.219.236 /cnconsum/Public/Uploads/advertImage/activity_0.png
INFO: [ app_init ] --START--
INFO: Run Behavior\BuildLiteBehavior [ RunTime:0.000012s ]
INFO: [ app_init ] --END-- [ RunTime:0.000264s ]
ERR: 无法加载模块:Public

[ 2016-12-05T17:55:36+08:00 ] 1.80.219.236 /cnconsum/Public/Uploads/advertImage/activity_1.png
INFO: [ app_init ] --START--
INFO: Run Behavior\BuildLiteBehavior [ RunTime:0.000014s ]
INFO: [ app_init ] --END-- [ RunTime:0.000279s ]
ERR: 无法加载模块:Public

[ 2016-12-05T17:56:21+08:00 ] 1.80.219.236 /cnconsum/Public/Uploads/advertImage/activity_1.png
INFO: [ app_init ] --START--
INFO: Run Behavior\BuildLiteBehavior [ RunTime:0.000019s ]
INFO: [ app_init ] --END-- [ RunTime:0.000403s ]
ERR: 无法加载模块:Public

[ 2016-12-05T17:56:21+08:00 ] 1.80.219.236 /cnconsum/Public/Uploads/advertImage/activity_0.png
INFO: [ app_init ] --START--
INFO: Run Behavior\BuildLiteBehavior [ RunTime:0.000019s ]
INFO: [ app_init ] --END-- [ RunTime:0.000434s ]
ERR: 无法加载模块:Public

[ 2016-12-05T17:56:21+08:00 ] 1.80.219.236 /cnconsum/Public/Uploads/advertImage/null
INFO: [ app_init ] --START--
INFO: Run Behavior\BuildLiteBehavior [ RunTime:0.000013s ]
INFO: [ app_init ] --END-- [ RunTime:0.000278s ]
ERR: 无法加载模块:Public

[ 2016-12-05T17:58:01+08:00 ] 1.80.219.236 /cnconsum/Public/Uploads/advertImage/activity_1.png
INFO: [ app_init ] --START--
INFO: Run Behavior\BuildLiteBehavior [ RunTime:0.000020s ]
INFO: [ app_init ] --END-- [ RunTime:0.000458s ]
ERR: 无法加载模块:Public

[ 2016-12-05T17:58:01+08:00 ] 1.80.219.236 /cnconsum/Public/Uploads/advertImage/null
INFO: [ app_init ] --START--
INFO: Run Behavior\BuildLiteBehavior [ RunTime:0.000012s ]
INFO: [ app_init ] --END-- [ RunTime:0.000249s ]
ERR: 无法加载模块:Public

[ 2016-12-05T17:58:01+08:00 ] 1.80.219.236 /cnconsum/Public/Uploads/advertImage/activity_0.png
INFO: [ app_init ] --START--
INFO: Run Behavior\BuildLiteBehavior [ RunTime:0.000015s ]
INFO: [ app_init ] --END-- [ RunTime:0.000280s ]
ERR: 无法加载模块:Public

[ 2016-12-05T17:58:39+08:00 ] 1.80.219.236 /cnconsum/Public/Uploads/advertImage/null
INFO: [ app_init ] --START--
INFO: Run Behavior\BuildLiteBehavior [ RunTime:0.000014s ]
INFO: [ app_init ] --END-- [ RunTime:0.000331s ]
ERR: 无法加载模块:Public

[ 2016-12-05T17:58:39+08:00 ] 1.80.219.236 /cnconsum/Public/Uploads/advertImage/activity_1.png
INFO: [ app_init ] --START--
INFO: Run Behavior\BuildLiteBehavior [ RunTime:0.000012s ]
INFO: [ app_init ] --END-- [ RunTime:0.000273s ]
ERR: 无法加载模块:Public

[ 2016-12-05T17:58:39+08:00 ] 1.80.219.236 /cnconsum/Public/Uploads/advertImage/activity_0.png
INFO: [ app_init ] --START--
INFO: Run Behavior\BuildLiteBehavior [ RunTime:0.000013s ]
INFO: [ app_init ] --END-- [ RunTime:0.000264s ]
ERR: 无法加载模块:Public

[ 2016-12-05T18:00:21+08:00 ] 1.80.219.236 /cnconsum/Public/Uploads/advertImage/null
INFO: [ app_init ] --START--
INFO: Run Behavior\BuildLiteBehavior [ RunTime:0.000012s ]
INFO: [ app_init ] --END-- [ RunTime:0.000319s ]
ERR: 无法加载模块:Public

[ 2016-12-05T18:00:21+08:00 ] 1.80.219.236 /cnconsum/Public/Uploads/advertImage/activity_1.png
INFO: [ app_init ] --START--
INFO: Run Behavior\BuildLiteBehavior [ RunTime:0.000012s ]
INFO: [ app_init ] --END-- [ RunTime:0.000250s ]
ERR: 无法加载模块:Public

[ 2016-12-05T18:00:21+08:00 ] 1.80.219.236 /cnconsum/Public/Uploads/advertImage/activity_0.png
INFO: [ app_init ] --START--
INFO: Run Behavior\BuildLiteBehavior [ RunTime:0.000013s ]
INFO: [ app_init ] --END-- [ RunTime:0.000264s ]
ERR: 无法加载模块:Public

[ 2016-12-05T18:02:17+08:00 ] 1.80.219.236 /cnconsum/Public/Uploads/advertImage/activity_0.png
INFO: [ app_init ] --START--
INFO: Run Behavior\BuildLiteBehavior [ RunTime:0.000013s ]
INFO: [ app_init ] --END-- [ RunTime:0.000254s ]
ERR: 无法加载模块:Public

[ 2016-12-05T18:02:17+08:00 ] 1.80.219.236 /cnconsum/Public/Uploads/advertImage/activity_1.png
INFO: [ app_init ] --START--
INFO: Run Behavior\BuildLiteBehavior [ RunTime:0.000016s ]
INFO: [ app_init ] --END-- [ RunTime:0.000274s ]
ERR: 无法加载模块:Public

[ 2016-12-05T18:02:17+08:00 ] 1.80.219.236 /cnconsum/Public/Uploads/advertImage/null
INFO: [ app_init ] --START--
INFO: Run Behavior\BuildLiteBehavior [ RunTime:0.000012s ]
INFO: [ app_init ] --END-- [ RunTime:0.000257s ]
ERR: 无法加载模块:Public

[ 2016-12-05T18:03:39+08:00 ] 1.80.219.236 /cnconsum/Public/Uploads/advertImage/null
INFO: [ app_init ] --START--
INFO: Run Behavior\BuildLiteBehavior [ RunTime:0.000012s ]
INFO: [ app_init ] --END-- [ RunTime:0.000339s ]
ERR: 无法加载模块:Public

[ 2016-12-05T18:03:39+08:00 ] 1.80.219.236 /cnconsum/Public/Uploads/advertImage/activity_1.png
INFO: [ app_init ] --START--
INFO: Run Behavior\BuildLiteBehavior [ RunTime:0.000012s ]
INFO: [ app_init ] --END-- [ RunTime:0.000262s ]
ERR: 无法加载模块:Public

[ 2016-12-05T18:03:39+08:00 ] 1.80.219.236 /cnconsum/Public/Uploads/advertImage/activity_0.png
INFO: [ app_init ] --START--
INFO: Run Behavior\BuildLiteBehavior [ RunTime:0.000014s ]
INFO: [ app_init ] --END-- [ RunTime:0.000292s ]
ERR: 无法加载模块:Public

[ 2016-12-05T18:04:36+08:00 ] 1.80.219.236 /cnconsum/Public/Uploads/advertImage/activity_1.png
INFO: [ app_init ] --START--
INFO: Run Behavior\BuildLiteBehavior [ RunTime:0.000014s ]
INFO: [ app_init ] --END-- [ RunTime:0.000327s ]
ERR: 无法加载模块:Public

[ 2016-12-05T18:04:36+08:00 ] 1.80.219.236 /cnconsum/Public/Uploads/advertImage/null
INFO: [ app_init ] --START--
INFO: Run Behavior\BuildLiteBehavior [ RunTime:0.000011s ]
INFO: [ app_init ] --END-- [ RunTime:0.000260s ]
ERR: 无法加载模块:Public

[ 2016-12-05T18:04:36+08:00 ] 1.80.219.236 /cnconsum/Public/Uploads/advertImage/activity_0.png
INFO: [ app_init ] --START--
INFO: Run Behavior\BuildLiteBehavior [ RunTime:0.000013s ]
INFO: [ app_init ] --END-- [ RunTime:0.000259s ]
ERR: 无法加载模块:Public

[ 2016-12-05T18:06:53+08:00 ] 1.80.219.236 /cnconsum/Public/Uploads/advertImage/activity_0.png
INFO: [ app_init ] --START--
INFO: Run Behavior\BuildLiteBehavior [ RunTime:0.000012s ]
INFO: [ app_init ] --END-- [ RunTime:0.000285s ]
ERR: 无法加载模块:Public

[ 2016-12-05T18:06:53+08:00 ] 1.80.219.236 /cnconsum/Public/Uploads/advertImage/activity_1.png
INFO: [ app_init ] --START--
INFO: Run Behavior\BuildLiteBehavior [ RunTime:0.000012s ]
INFO: [ app_init ] --END-- [ RunTime:0.000297s ]
ERR: 无法加载模块:Public

[ 2016-12-05T18:06:53+08:00 ] 1.80.219.236 /cnconsum/Public/Uploads/advertImage/null
INFO: [ app_init ] --START--
INFO: Run Behavior\BuildLiteBehavior [ RunTime:0.000013s ]
INFO: [ app_init ] --END-- [ RunTime:0.000265s ]
ERR: 无法加载模块:Public

[ 2016-12-05T18:07:41+08:00 ] 1.80.219.236 /cnconsum/Public/Uploads/advertImage/activity_0.png
INFO: [ app_init ] --START--
INFO: Run Behavior\BuildLiteBehavior [ RunTime:0.000018s ]
INFO: [ app_init ] --END-- [ RunTime:0.000323s ]
ERR: 无法加载模块:Public

[ 2016-12-05T18:07:41+08:00 ] 1.80.219.236 /cnconsum/Public/Uploads/advertImage/activity_1.png
INFO: [ app_init ] --START--
INFO: Run Behavior\BuildLiteBehavior [ RunTime:0.000012s ]
INFO: [ app_init ] --END-- [ RunTime:0.000277s ]
ERR: 无法加载模块:Public

[ 2016-12-05T18:07:41+08:00 ] 1.80.219.236 /cnconsum/Public/Uploads/advertImage/null
INFO: [ app_init ] --START--
INFO: Run Behavior\BuildLiteBehavior [ RunTime:0.000012s ]
INFO: [ app_init ] --END-- [ RunTime:0.000270s ]
ERR: 无法加载模块:Public

[ 2016-12-05T18:09:19+08:00 ] 1.80.219.236 /cnconsum/Public/Uploads/advertImage/activity_1.png
INFO: [ app_init ] --START--
INFO: Run Behavior\BuildLiteBehavior [ RunTime:0.000016s ]
INFO: [ app_init ] --END-- [ RunTime:0.000364s ]
ERR: 无法加载模块:Public

[ 2016-12-05T18:09:19+08:00 ] 1.80.219.236 /cnconsum/Public/Uploads/advertImage/activity_0.png
INFO: [ app_init ] --START--
INFO: Run Behavior\BuildLiteBehavior [ RunTime:0.000016s ]
INFO: [ app_init ] --END-- [ RunTime:0.000368s ]
ERR: 无法加载模块:Public

[ 2016-12-05T18:09:19+08:00 ] 1.80.219.236 /cnconsum/Public/Uploads/advertImage/null
INFO: [ app_init ] --START--
INFO: Run Behavior\BuildLiteBehavior [ RunTime:0.000012s ]
INFO: [ app_init ] --END-- [ RunTime:0.000254s ]
ERR: 无法加载模块:Public

[ 2016-12-05T18:21:25+08:00 ] 1.80.219.236 /cnconsum/Public/Uploads/advertImage/activity_0.png
INFO: [ app_init ] --START--
INFO: Run Behavior\BuildLiteBehavior [ RunTime:0.000012s ]
INFO: [ app_init ] --END-- [ RunTime:0.000253s ]
ERR: 无法加载模块:Public

[ 2016-12-05T18:21:25+08:00 ] 1.80.219.236 /cnconsum/Public/Uploads/advertImage/activity_1.png
INFO: [ app_init ] --START--
INFO: Run Behavior\BuildLiteBehavior [ RunTime:0.000012s ]
INFO: [ app_init ] --END-- [ RunTime:0.000247s ]
ERR: 无法加载模块:Public

[ 2016-12-05T18:21:25+08:00 ] 1.80.219.236 /cnconsum/Public/Uploads/advertImage/null
INFO: [ app_init ] --START--
INFO: Run Behavior\BuildLiteBehavior [ RunTime:0.000012s ]
INFO: [ app_init ] --END-- [ RunTime:0.000320s ]
ERR: 无法加载模块:Public

[ 2016-12-05T18:22:50+08:00 ] 1.80.219.236 /cnconsum/Public/Uploads/advertImage/activity_0.png
INFO: [ app_init ] --START--
INFO: Run Behavior\BuildLiteBehavior [ RunTime:0.000017s ]
INFO: [ app_init ] --END-- [ RunTime:0.000392s ]
ERR: 无法加载模块:Public

[ 2016-12-05T18:22:50+08:00 ] 1.80.219.236 /cnconsum/Public/Uploads/advertImage/null
INFO: [ app_init ] --START--
INFO: Run Behavior\BuildLiteBehavior [ RunTime:0.000018s ]
INFO: [ app_init ] --END-- [ RunTime:0.000393s ]
ERR: 无法加载模块:Public

[ 2016-12-05T18:22:50+08:00 ] 1.80.219.236 /cnconsum/Public/Uploads/advertImage/activity_1.png
INFO: [ app_init ] --START--
INFO: Run Behavior\BuildLiteBehavior [ RunTime:0.000016s ]
INFO: [ app_init ] --END-- [ RunTime:0.000311s ]
ERR: 无法加载模块:Public

[ 2016-12-05T18:23:34+08:00 ] 1.80.219.236 /cnconsum/Public/Uploads/advertImage/null
INFO: [ app_init ] --START--
INFO: Run Behavior\BuildLiteBehavior [ RunTime:0.000012s ]
INFO: [ app_init ] --END-- [ RunTime:0.000272s ]
ERR: 无法加载模块:Public

[ 2016-12-05T18:23:34+08:00 ] 1.80.219.236 /cnconsum/Public/Uploads/advertImage/activity_0.png
INFO: [ app_init ] --START--
INFO: Run Behavior\BuildLiteBehavior [ RunTime:0.000015s ]
INFO: [ app_init ] --END-- [ RunTime:0.000300s ]
ERR: 无法加载模块:Public

[ 2016-12-05T18:23:34+08:00 ] 1.80.219.236 /cnconsum/Public/Uploads/advertImage/activity_1.png
INFO: [ app_init ] --START--
INFO: Run Behavior\BuildLiteBehavior [ RunTime:0.000013s ]
INFO: [ app_init ] --END-- [ RunTime:0.000259s ]
ERR: 无法加载模块:Public

[ 2016-12-05T18:24:07+08:00 ] 1.80.219.236 /cnconsum/Public/Uploads/advertImage/null
INFO: [ app_init ] --START--
INFO: Run Behavior\BuildLiteBehavior [ RunTime:0.000020s ]
INFO: [ app_init ] --END-- [ RunTime:0.000449s ]
ERR: 无法加载模块:Public

[ 2016-12-05T18:24:07+08:00 ] 1.80.219.236 /cnconsum/Public/Uploads/advertImage/activity_0.png
INFO: [ app_init ] --START--
INFO: Run Behavior\BuildLiteBehavior [ RunTime:0.000012s ]
INFO: [ app_init ] --END-- [ RunTime:0.000291s ]
ERR: 无法加载模块:Public

[ 2016-12-05T18:24:07+08:00 ] 1.80.219.236 /cnconsum/Public/Uploads/advertImage/activity_1.png
INFO: [ app_init ] --START--
INFO: Run Behavior\BuildLiteBehavior [ RunTime:0.000012s ]
INFO: [ app_init ] --END-- [ RunTime:0.000249s ]
ERR: 无法加载模块:Public

[ 2016-12-05T18:24:43+08:00 ] 1.80.219.236 /cnconsum/Public/Uploads/advertImage/activity_0.png
INFO: [ app_init ] --START--
INFO: Run Behavior\BuildLiteBehavior [ RunTime:0.000013s ]
INFO: [ app_init ] --END-- [ RunTime:0.000270s ]
ERR: 无法加载模块:Public

[ 2016-12-05T18:24:43+08:00 ] 1.80.219.236 /cnconsum/Public/Uploads/advertImage/activity_1.png
INFO: [ app_init ] --START--
INFO: Run Behavior\BuildLiteBehavior [ RunTime:0.000012s ]
INFO: [ app_init ] --END-- [ RunTime:0.000245s ]
ERR: 无法加载模块:Public

[ 2016-12-05T18:24:43+08:00 ] 1.80.219.236 /cnconsum/Public/Uploads/advertImage/null
INFO: [ app_init ] --START--
INFO: Run Behavior\BuildLiteBehavior [ RunTime:0.000013s ]
INFO: [ app_init ] --END-- [ RunTime:0.000285s ]
ERR: 无法加载模块:Public

