[ 2016-11-29T09:03:54+08:00 ] 1.80.218.189 /cnconsum/Public/Uploads/advertImage/activity_0.png
INFO: [ app_init ] --START--
INFO: Run Behavior\BuildLiteBehavior [ RunTime:0.000012s ]
INFO: [ app_init ] --END-- [ RunTime:0.000247s ]
ERR: 无法加载模块:Public

[ 2016-11-29T09:03:54+08:00 ] 1.80.218.189 /cnconsum/Public/Uploads/advertImage/activity_1.png
INFO: [ app_init ] --START--
INFO: Run Behavior\BuildLiteBehavior [ RunTime:0.000012s ]
INFO: [ app_init ] --END-- [ RunTime:0.000267s ]
ERR: 无法加载模块:Public

[ 2016-11-29T09:03:54+08:00 ] 1.80.218.189 /cnconsum/Public/Uploads/advertImage/null
INFO: [ app_init ] --START--
INFO: Run Behavior\BuildLiteBehavior [ RunTime:0.000016s ]
INFO: [ app_init ] --END-- [ RunTime:0.000336s ]
ERR: 无法加载模块:Public

[ 2016-11-29T09:08:15+08:00 ] 1.80.218.189 /cnconsum/Public/Uploads/advertImage/activity_0.png
INFO: [ app_init ] --START--
INFO: Run Behavior\BuildLiteBehavior [ RunTime:0.000013s ]
INFO: [ app_init ] --END-- [ RunTime:0.000271s ]
ERR: 无法加载模块:Public

[ 2016-11-29T09:08:15+08:00 ] 1.80.218.189 /cnconsum/Public/Uploads/advertImage/activity_1.png
INFO: [ app_init ] --START--
INFO: Run Behavior\BuildLiteBehavior [ RunTime:0.000017s ]
INFO: [ app_init ] --END-- [ RunTime:0.000417s ]
ERR: 无法加载模块:Public

[ 2016-11-29T09:08:15+08:00 ] 1.80.218.189 /cnconsum/Public/Uploads/advertImage/null
INFO: [ app_init ] --START--
INFO: Run Behavior\BuildLiteBehavior [ RunTime:0.000012s ]
INFO: [ app_init ] --END-- [ RunTime:0.000330s ]
ERR: 无法加载模块:Public

[ 2016-11-29T09:08:35+08:00 ] 1.80.218.189 /cnconsum/Public/Uploads/advertImage/null
INFO: [ app_init ] --START--
INFO: Run Behavior\BuildLiteBehavior [ RunTime:0.000013s ]
INFO: [ app_init ] --END-- [ RunTime:0.000295s ]
ERR: 无法加载模块:Public

[ 2016-11-29T09:08:35+08:00 ] 1.80.218.189 /cnconsum/Public/Uploads/advertImage/activity_0.png
INFO: [ app_init ] --START--
INFO: Run Behavior\BuildLiteBehavior [ RunTime:0.000011s ]
INFO: [ app_init ] --END-- [ RunTime:0.000264s ]
ERR: 无法加载模块:Public

[ 2016-11-29T09:08:35+08:00 ] 1.80.218.189 /cnconsum/Public/Uploads/advertImage/activity_1.png
INFO: [ app_init ] --START--
INFO: Run Behavior\BuildLiteBehavior [ RunTime:0.000012s ]
INFO: [ app_init ] --END-- [ RunTime:0.000248s ]
ERR: 无法加载模块:Public

[ 2016-11-29T09:08:50+08:00 ] 1.80.218.189 /cnconsum/Public/Uploads/addImage/face_02.jpg
INFO: [ app_init ] --START--
INFO: Run Behavior\BuildLiteBehavior [ RunTime:0.000013s ]
INFO: [ app_init ] --END-- [ RunTime:0.000256s ]
ERR: 无法加载模块:Public

[ 2016-11-29T09:09:08+08:00 ] 1.80.218.189 /cnconsum/Public/Uploads/addImage/face_02.jpg
INFO: [ app_init ] --START--
INFO: Run Behavior\BuildLiteBehavior [ RunTime:0.000015s ]
INFO: [ app_init ] --END-- [ RunTime:0.000269s ]
ERR: 无法加载模块:Public

[ 2016-11-29T09:09:08+08:00 ] 1.80.218.189 /cnconsum/Public/Uploads/addImage/face_02.jpg
INFO: [ app_init ] --START--
INFO: Run Behavior\BuildLiteBehavior [ RunTime:0.000014s ]
INFO: [ app_init ] --END-- [ RunTime:0.000274s ]
ERR: 无法加载模块:Public

[ 2016-11-29T09:09:11+08:00 ] 1.80.218.189 /cnconsum/Public/Uploads/advertImage/activity_0.png
INFO: [ app_init ] --START--
INFO: Run Behavior\BuildLiteBehavior [ RunTime:0.000017s ]
INFO: [ app_init ] --END-- [ RunTime:0.000362s ]
ERR: 无法加载模块:Public

[ 2016-11-29T09:09:11+08:00 ] 1.80.218.189 /cnconsum/Public/Uploads/advertImage/activity_1.png
INFO: [ app_init ] --START--
INFO: Run Behavior\BuildLiteBehavior [ RunTime:0.000011s ]
INFO: [ app_init ] --END-- [ RunTime:0.000273s ]
ERR: 无法加载模块:Public

[ 2016-11-29T09:09:11+08:00 ] 1.80.218.189 /cnconsum/Public/Uploads/advertImage/null
INFO: [ app_init ] --START--
INFO: Run Behavior\BuildLiteBehavior [ RunTime:0.000012s ]
INFO: [ app_init ] --END-- [ RunTime:0.000258s ]
ERR: 无法加载模块:Public

[ 2016-11-29T09:09:11+08:00 ] 1.80.218.189 /cnconsum/Public/Uploads/addImage/face_02.jpg
INFO: [ app_init ] --START--
INFO: Run Behavior\BuildLiteBehavior [ RunTime:0.000015s ]
INFO: [ app_init ] --END-- [ RunTime:0.000276s ]
ERR: 无法加载模块:Public

[ 2016-11-29T09:10:51+08:00 ] 1.80.218.189 /cnconsum/Public/Uploads/advertImage/activity_0.png
INFO: [ app_init ] --START--
INFO: Run Behavior\BuildLiteBehavior [ RunTime:0.000014s ]
INFO: [ app_init ] --END-- [ RunTime:0.000297s ]
ERR: 无法加载模块:Public

[ 2016-11-29T09:10:51+08:00 ] 1.80.218.189 /cnconsum/Public/Uploads/advertImage/activity_1.png
INFO: [ app_init ] --START--
INFO: Run Behavior\BuildLiteBehavior [ RunTime:0.000012s ]
INFO: [ app_init ] --END-- [ RunTime:0.000334s ]
ERR: 无法加载模块:Public

[ 2016-11-29T09:10:51+08:00 ] 1.80.218.189 /cnconsum/Public/Uploads/advertImage/null
INFO: [ app_init ] --START--
INFO: Run Behavior\BuildLiteBehavior [ RunTime:0.000018s ]
INFO: [ app_init ] --END-- [ RunTime:0.000351s ]
ERR: 无法加载模块:Public

[ 2016-11-29T09:10:59+08:00 ] 1.80.218.189 /cnconsum/Public/Uploads/addImage/face_02.jpg
INFO: [ app_init ] --START--
INFO: Run Behavior\BuildLiteBehavior [ RunTime:0.000013s ]
INFO: [ app_init ] --END-- [ RunTime:0.000273s ]
ERR: 无法加载模块:Public

[ 2016-11-29T09:11:23+08:00 ] 1.80.218.189 /cnconsum/Public/Uploads/addImage/face_02.jpg
INFO: [ app_init ] --START--
INFO: Run Behavior\BuildLiteBehavior [ RunTime:0.000015s ]
INFO: [ app_init ] --END-- [ RunTime:0.000293s ]
ERR: 无法加载模块:Public

[ 2016-11-29T09:12:38+08:00 ] 1.80.218.189 /cnconsum/Public/Uploads/addImage/face_02.jpg
INFO: [ app_init ] --START--
INFO: Run Behavior\BuildLiteBehavior [ RunTime:0.000015s ]
INFO: [ app_init ] --END-- [ RunTime:0.000310s ]
ERR: 无法加载模块:Public

[ 2016-11-29T09:12:39+08:00 ] 1.80.218.189 /cnconsum/Public/Uploads/addImage/face_02.jpg
INFO: [ app_init ] --START--
INFO: Run Behavior\BuildLiteBehavior [ RunTime:0.000013s ]
INFO: [ app_init ] --END-- [ RunTime:0.000287s ]
ERR: 无法加载模块:Public

[ 2016-11-29T09:26:59+08:00 ] 1.80.218.189 /cnconsum/Public/Uploads/addImage/face_02.jpg
INFO: [ app_init ] --START--
INFO: Run Behavior\BuildLiteBehavior [ RunTime:0.000014s ]
INFO: [ app_init ] --END-- [ RunTime:0.000273s ]
ERR: 无法加载模块:Public

[ 2016-11-29T09:26:59+08:00 ] 1.80.218.189 /cnconsum/Public/Uploads/addImage/face_02.jpg
INFO: [ app_init ] --START--
INFO: Run Behavior\BuildLiteBehavior [ RunTime:0.000015s ]
INFO: [ app_init ] --END-- [ RunTime:0.000302s ]
ERR: 无法加载模块:Public

[ 2016-11-29T09:28:40+08:00 ] 1.80.218.189 /cnconsum/Public/Uploads/cardImage/null
INFO: [ app_init ] --START--
INFO: Run Behavior\BuildLiteBehavior [ RunTime:0.000013s ]
INFO: [ app_init ] --END-- [ RunTime:0.000297s ]
ERR: 无法加载模块:Public

[ 2016-11-29T09:28:40+08:00 ] 1.80.218.189 /cnconsum/Public/Uploads/cardImage/null
INFO: [ app_init ] --START--
INFO: Run Behavior\BuildLiteBehavior [ RunTime:0.000020s ]
INFO: [ app_init ] --END-- [ RunTime:0.000326s ]
ERR: 无法加载模块:Public

[ 2016-11-29T09:28:42+08:00 ] 1.80.218.189 /cnconsum/Public/Uploads/cardImage/null
INFO: [ app_init ] --START--
INFO: Run Behavior\BuildLiteBehavior [ RunTime:0.000013s ]
INFO: [ app_init ] --END-- [ RunTime:0.000255s ]
ERR: 无法加载模块:Public

[ 2016-11-29T09:28:42+08:00 ] 1.80.218.189 /cnconsum/Public/Uploads/cardImage/null
INFO: [ app_init ] --START--
INFO: Run Behavior\BuildLiteBehavior [ RunTime:0.000013s ]
INFO: [ app_init ] --END-- [ RunTime:0.000313s ]
ERR: 无法加载模块:Public

[ 2016-11-29T09:29:04+08:00 ] 1.80.218.189 /cnconsum/Public/Uploads/addImage/face_02.jpg
INFO: [ app_init ] --START--
INFO: Run Behavior\BuildLiteBehavior [ RunTime:0.000014s ]
INFO: [ app_init ] --END-- [ RunTime:0.000273s ]
ERR: 无法加载模块:Public

[ 2016-11-29T09:29:04+08:00 ] 1.80.218.189 /cnconsum/Public/Uploads/addImage/face_02.jpg
INFO: [ app_init ] --START--
INFO: Run Behavior\BuildLiteBehavior [ RunTime:0.000013s ]
INFO: [ app_init ] --END-- [ RunTime:0.000302s ]
ERR: 无法加载模块:Public

[ 2016-11-29T09:42:50+08:00 ] 1.80.218.189 /cnconsum/Public/Uploads/addImage/face_02.jpg
INFO: [ app_init ] --START--
INFO: Run Behavior\BuildLiteBehavior [ RunTime:0.000019s ]
INFO: [ app_init ] --END-- [ RunTime:0.000350s ]
ERR: 无法加载模块:Public

[ 2016-11-29T09:42:50+08:00 ] 1.80.218.189 /cnconsum/Public/Uploads/addImage/face_02.jpg
INFO: [ app_init ] --START--
INFO: Run Behavior\BuildLiteBehavior [ RunTime:0.000014s ]
INFO: [ app_init ] --END-- [ RunTime:0.000265s ]
ERR: 无法加载模块:Public

[ 2016-11-29T09:44:20+08:00 ] 1.80.218.189 /cnconsum/Public/Uploads/addImage/face_02.jpg
INFO: [ app_init ] --START--
INFO: Run Behavior\BuildLiteBehavior [ RunTime:0.000013s ]
INFO: [ app_init ] --END-- [ RunTime:0.000290s ]
ERR: 无法加载模块:Public

[ 2016-11-29T09:44:21+08:00 ] 1.80.218.189 /cnconsum/Public/Uploads/addImage/face_02.jpg
INFO: [ app_init ] --START--
INFO: Run Behavior\BuildLiteBehavior [ RunTime:0.000013s ]
INFO: [ app_init ] --END-- [ RunTime:0.000313s ]
ERR: 无法加载模块:Public

[ 2016-11-29T09:44:47+08:00 ] 1.80.218.189 /cnconsum/Public/Uploads/headImage/%E6%9C%AA%E8%AE%BE%E7%BD%AE
INFO: [ app_init ] --START--
INFO: Run Behavior\BuildLiteBehavior [ RunTime:0.000015s ]
INFO: [ app_init ] --END-- [ RunTime:0.000457s ]
ERR: 无法加载模块:Public

[ 2016-11-29T09:44:47+08:00 ] 1.80.218.189 /cnconsum/Public/Uploads/headImage/%E6%9C%AA%E8%AE%BE%E7%BD%AE
INFO: [ app_init ] --START--
INFO: Run Behavior\BuildLiteBehavior [ RunTime:0.000021s ]
INFO: [ app_init ] --END-- [ RunTime:0.000387s ]
ERR: 无法加载模块:Public

[ 2016-11-29T09:44:47+08:00 ] 1.80.218.189 /cnconsum/Public/Uploads/headImage/%E6%9C%AA%E8%AE%BE%E7%BD%AE
INFO: [ app_init ] --START--
INFO: Run Behavior\BuildLiteBehavior [ RunTime:0.000014s ]
INFO: [ app_init ] --END-- [ RunTime:0.000301s ]
ERR: 无法加载模块:Public

[ 2016-11-29T09:44:47+08:00 ] 1.80.218.189 /cnconsum/Public/Uploads/headImage/%E6%9C%AA%E8%AE%BE%E7%BD%AE
INFO: [ app_init ] --START--
INFO: Run Behavior\BuildLiteBehavior [ RunTime:0.000014s ]
INFO: [ app_init ] --END-- [ RunTime:0.000312s ]
ERR: 无法加载模块:Public

[ 2016-11-29T09:45:39+08:00 ] 1.80.218.189 /cnconsum/Public/Uploads/headImage/%E6%9C%AA%E8%AE%BE%E7%BD%AE
INFO: [ app_init ] --START--
INFO: Run Behavior\BuildLiteBehavior [ RunTime:0.000018s ]
INFO: [ app_init ] --END-- [ RunTime:0.000429s ]
ERR: 无法加载模块:Public

[ 2016-11-29T09:45:39+08:00 ] 1.80.218.189 /cnconsum/Public/Uploads/headImage/%E6%9C%AA%E8%AE%BE%E7%BD%AE
INFO: [ app_init ] --START--
INFO: Run Behavior\BuildLiteBehavior [ RunTime:0.000013s ]
INFO: [ app_init ] --END-- [ RunTime:0.000251s ]
ERR: 无法加载模块:Public

[ 2016-11-29T09:45:40+08:00 ] 1.80.218.189 /cnconsum/Public/Uploads/headImage/%E6%9C%AA%E8%AE%BE%E7%BD%AE
INFO: [ app_init ] --START--
INFO: Run Behavior\BuildLiteBehavior [ RunTime:0.000013s ]
INFO: [ app_init ] --END-- [ RunTime:0.000314s ]
ERR: 无法加载模块:Public

[ 2016-11-29T09:45:40+08:00 ] 1.80.218.189 /cnconsum/Public/Uploads/headImage/%E6%9C%AA%E8%AE%BE%E7%BD%AE
INFO: [ app_init ] --START--
INFO: Run Behavior\BuildLiteBehavior [ RunTime:0.000014s ]
INFO: [ app_init ] --END-- [ RunTime:0.000287s ]
ERR: 无法加载模块:Public

[ 2016-11-29T09:46:45+08:00 ] 1.80.218.189 /cnconsum/Public/Uploads/headImage/%E6%9C%AA%E8%AE%BE%E7%BD%AE
INFO: [ app_init ] --START--
INFO: Run Behavior\BuildLiteBehavior [ RunTime:0.000018s ]
INFO: [ app_init ] --END-- [ RunTime:0.000393s ]
ERR: 无法加载模块:Public

[ 2016-11-29T09:46:45+08:00 ] 1.80.218.189 /cnconsum/Public/Uploads/headImage/%E6%9C%AA%E8%AE%BE%E7%BD%AE
INFO: [ app_init ] --START--
INFO: Run Behavior\BuildLiteBehavior [ RunTime:0.000014s ]
INFO: [ app_init ] --END-- [ RunTime:0.000273s ]
ERR: 无法加载模块:Public

[ 2016-11-29T09:50:28+08:00 ] 1.80.218.189 /cnconsum/Public/Uploads/advertImage/activity_1.png
INFO: [ app_init ] --START--
INFO: Run Behavior\BuildLiteBehavior [ RunTime:0.000021s ]
INFO: [ app_init ] --END-- [ RunTime:0.000474s ]
ERR: 无法加载模块:Public

[ 2016-11-29T09:50:28+08:00 ] 1.80.218.189 /cnconsum/Public/Uploads/advertImage/null
INFO: [ app_init ] --START--
INFO: Run Behavior\BuildLiteBehavior [ RunTime:0.000011s ]
INFO: [ app_init ] --END-- [ RunTime:0.000242s ]
ERR: 无法加载模块:Public

[ 2016-11-29T09:50:28+08:00 ] 1.80.218.189 /cnconsum/Public/Uploads/advertImage/activity_0.png
INFO: [ app_init ] --START--
INFO: Run Behavior\BuildLiteBehavior [ RunTime:0.000013s ]
INFO: [ app_init ] --END-- [ RunTime:0.000279s ]
ERR: 无法加载模块:Public

[ 2016-11-29T09:56:59+08:00 ] 1.80.218.189 /cnconsum/Public/Uploads/advertImage/activity_1.png
INFO: [ app_init ] --START--
INFO: Run Behavior\BuildLiteBehavior [ RunTime:0.000013s ]
INFO: [ app_init ] --END-- [ RunTime:0.000263s ]
ERR: 无法加载模块:Public

[ 2016-11-29T09:56:59+08:00 ] 1.80.218.189 /cnconsum/Public/Uploads/advertImage/null
INFO: [ app_init ] --START--
INFO: Run Behavior\BuildLiteBehavior [ RunTime:0.000011s ]
INFO: [ app_init ] --END-- [ RunTime:0.000238s ]
ERR: 无法加载模块:Public

[ 2016-11-29T09:56:59+08:00 ] 1.80.218.189 /cnconsum/Public/Uploads/advertImage/activity_0.png
INFO: [ app_init ] --START--
INFO: Run Behavior\BuildLiteBehavior [ RunTime:0.000021s ]
INFO: [ app_init ] --END-- [ RunTime:0.000358s ]
ERR: 无法加载模块:Public

[ 2016-11-29T09:57:39+08:00 ] 1.80.218.189 /cnconsum/Public/Uploads/headImage/%E6%9C%AA%E8%AE%BE%E7%BD%AE
INFO: [ app_init ] --START--
INFO: Run Behavior\BuildLiteBehavior [ RunTime:0.000020s ]
INFO: [ app_init ] --END-- [ RunTime:0.000288s ]
ERR: 无法加载模块:Public

[ 2016-11-29T09:57:39+08:00 ] 1.80.218.189 /cnconsum/Public/Uploads/headImage/%E6%9C%AA%E8%AE%BE%E7%BD%AE
INFO: [ app_init ] --START--
INFO: Run Behavior\BuildLiteBehavior [ RunTime:0.000014s ]
INFO: [ app_init ] --END-- [ RunTime:0.000256s ]
ERR: 无法加载模块:Public

[ 2016-11-29T09:59:22+08:00 ] 1.80.218.189 /cnconsum/Public/Uploads/headImage/%E6%9C%AA%E8%AE%BE%E7%BD%AE
INFO: [ app_init ] --START--
INFO: Run Behavior\BuildLiteBehavior [ RunTime:0.000015s ]
INFO: [ app_init ] --END-- [ RunTime:0.000426s ]
ERR: 无法加载模块:Public

[ 2016-11-29T09:59:22+08:00 ] 1.80.218.189 /cnconsum/Public/Uploads/headImage/%E6%9C%AA%E8%AE%BE%E7%BD%AE
INFO: [ app_init ] --START--
INFO: Run Behavior\BuildLiteBehavior [ RunTime:0.000019s ]
INFO: [ app_init ] --END-- [ RunTime:0.000486s ]
ERR: 无法加载模块:Public

[ 2016-11-29T10:05:19+08:00 ] 1.80.218.189 /cnconsum/Public/Uploads/advertImage/activity_0.png
INFO: [ app_init ] --START--
INFO: Run Behavior\BuildLiteBehavior [ RunTime:0.000019s ]
INFO: [ app_init ] --END-- [ RunTime:0.000348s ]
ERR: 无法加载模块:Public

[ 2016-11-29T10:05:19+08:00 ] 1.80.218.189 /cnconsum/Public/Uploads/advertImage/activity_1.png
INFO: [ app_init ] --START--
INFO: Run Behavior\BuildLiteBehavior [ RunTime:0.000017s ]
INFO: [ app_init ] --END-- [ RunTime:0.000386s ]
ERR: 无法加载模块:Public

[ 2016-11-29T10:05:19+08:00 ] 1.80.218.189 /cnconsum/Public/Uploads/advertImage/null
INFO: [ app_init ] --START--
INFO: Run Behavior\BuildLiteBehavior [ RunTime:0.000013s ]
INFO: [ app_init ] --END-- [ RunTime:0.000253s ]
ERR: 无法加载模块:Public

[ 2016-11-29T10:10:34+08:00 ] 1.80.218.189 /cnconsum/Public/Uploads/addImage/face_02.jpg
INFO: [ app_init ] --START--
INFO: Run Behavior\BuildLiteBehavior [ RunTime:0.000014s ]
INFO: [ app_init ] --END-- [ RunTime:0.000288s ]
ERR: 无法加载模块:Public

[ 2016-11-29T10:10:34+08:00 ] 1.80.218.189 /cnconsum/Public/Uploads/addImage/face_02.jpg
INFO: [ app_init ] --START--
INFO: Run Behavior\BuildLiteBehavior [ RunTime:0.000013s ]
INFO: [ app_init ] --END-- [ RunTime:0.000272s ]
ERR: 无法加载模块:Public

[ 2016-11-29T10:12:31+08:00 ] 1.80.218.189 /cnconsum/Public/Uploads/addImage/face_02.jpg
INFO: [ app_init ] --START--
INFO: Run Behavior\BuildLiteBehavior [ RunTime:0.000020s ]
INFO: [ app_init ] --END-- [ RunTime:0.000329s ]
ERR: 无法加载模块:Public

[ 2016-11-29T10:12:31+08:00 ] 1.80.218.189 /cnconsum/Public/Uploads/addImage/face_02.jpg
INFO: [ app_init ] --START--
INFO: Run Behavior\BuildLiteBehavior [ RunTime:0.000014s ]
INFO: [ app_init ] --END-- [ RunTime:0.000335s ]
ERR: 无法加载模块:Public

[ 2016-11-29T10:16:18+08:00 ] 1.80.218.189 /cnconsum/Public/Uploads/addImage/face_02.jpg
INFO: [ app_init ] --START--
INFO: Run Behavior\BuildLiteBehavior [ RunTime:0.000013s ]
INFO: [ app_init ] --END-- [ RunTime:0.000260s ]
ERR: 无法加载模块:Public

[ 2016-11-29T10:16:18+08:00 ] 1.80.218.189 /cnconsum/Public/Uploads/addImage/face_02.jpg
INFO: [ app_init ] --START--
INFO: Run Behavior\BuildLiteBehavior [ RunTime:0.000011s ]
INFO: [ app_init ] --END-- [ RunTime:0.000268s ]
ERR: 无法加载模块:Public

[ 2016-11-29T10:17:24+08:00 ] 1.80.218.189 /cnconsum/Public/Uploads/addImage/face_02.jpg
INFO: [ app_init ] --START--
INFO: Run Behavior\BuildLiteBehavior [ RunTime:0.000017s ]
INFO: [ app_init ] --END-- [ RunTime:0.000392s ]
ERR: 无法加载模块:Public

[ 2016-11-29T10:17:24+08:00 ] 1.80.218.189 /cnconsum/Public/Uploads/addImage/face_02.jpg
INFO: [ app_init ] --START--
INFO: Run Behavior\BuildLiteBehavior [ RunTime:0.000014s ]
INFO: [ app_init ] --END-- [ RunTime:0.000262s ]
ERR: 无法加载模块:Public

[ 2016-11-29T10:21:54+08:00 ] 1.80.218.189 /cnconsum/Public/Uploads/addImage/face_02.jpg
INFO: [ app_init ] --START--
INFO: Run Behavior\BuildLiteBehavior [ RunTime:0.000022s ]
INFO: [ app_init ] --END-- [ RunTime:0.000289s ]
ERR: 无法加载模块:Public

[ 2016-11-29T10:21:54+08:00 ] 1.80.218.189 /cnconsum/Public/Uploads/addImage/face_02.jpg
INFO: [ app_init ] --START--
INFO: Run Behavior\BuildLiteBehavior [ RunTime:0.000013s ]
INFO: [ app_init ] --END-- [ RunTime:0.000297s ]
ERR: 无法加载模块:Public

[ 2016-11-29T10:24:40+08:00 ] 1.80.218.189 /cnconsum/Public/Uploads/addImage/face_02.jpg
INFO: [ app_init ] --START--
INFO: Run Behavior\BuildLiteBehavior [ RunTime:0.000019s ]
INFO: [ app_init ] --END-- [ RunTime:0.000467s ]
ERR: 无法加载模块:Public

[ 2016-11-29T10:24:40+08:00 ] 1.80.218.189 /cnconsum/Public/Uploads/addImage/face_02.jpg
INFO: [ app_init ] --START--
INFO: Run Behavior\BuildLiteBehavior [ RunTime:0.000014s ]
INFO: [ app_init ] --END-- [ RunTime:0.000348s ]
ERR: 无法加载模块:Public

[ 2016-11-29T10:27:50+08:00 ] 1.80.218.189 /cnconsum/Public/Uploads/addImage/face_02.jpg
INFO: [ app_init ] --START--
INFO: Run Behavior\BuildLiteBehavior [ RunTime:0.000018s ]
INFO: [ app_init ] --END-- [ RunTime:0.000309s ]
ERR: 无法加载模块:Public

[ 2016-11-29T10:27:50+08:00 ] 1.80.218.189 /cnconsum/Public/Uploads/addImage/face_02.jpg
INFO: [ app_init ] --START--
INFO: Run Behavior\BuildLiteBehavior [ RunTime:0.000020s ]
INFO: [ app_init ] --END-- [ RunTime:0.000299s ]
ERR: 无法加载模块:Public

[ 2016-11-29T10:30:55+08:00 ] 1.80.218.189 /cnconsum/Public/Uploads/addImage/face_02.jpg
INFO: [ app_init ] --START--
INFO: Run Behavior\BuildLiteBehavior [ RunTime:0.000017s ]
INFO: [ app_init ] --END-- [ RunTime:0.000364s ]
ERR: 无法加载模块:Public

[ 2016-11-29T10:30:55+08:00 ] 1.80.218.189 /cnconsum/Public/Uploads/addImage/face_02.jpg
INFO: [ app_init ] --START--
INFO: Run Behavior\BuildLiteBehavior [ RunTime:0.000015s ]
INFO: [ app_init ] --END-- [ RunTime:0.000302s ]
ERR: 无法加载模块:Public

[ 2016-11-29T10:34:40+08:00 ] 1.80.218.189 /cnconsum/Public/Uploads/addImage/face_02.jpg
INFO: [ app_init ] --START--
INFO: Run Behavior\BuildLiteBehavior [ RunTime:0.000015s ]
INFO: [ app_init ] --END-- [ RunTime:0.000347s ]
ERR: 无法加载模块:Public

[ 2016-11-29T10:34:40+08:00 ] 1.80.218.189 /cnconsum/Public/Uploads/addImage/face_02.jpg
INFO: [ app_init ] --START--
INFO: Run Behavior\BuildLiteBehavior [ RunTime:0.000015s ]
INFO: [ app_init ] --END-- [ RunTime:0.000266s ]
ERR: 无法加载模块:Public

[ 2016-11-29T10:38:49+08:00 ] 1.80.218.189 /cnconsum/Public/Uploads/addImage/face_02.jpg
INFO: [ app_init ] --START--
INFO: Run Behavior\BuildLiteBehavior [ RunTime:0.000016s ]
INFO: [ app_init ] --END-- [ RunTime:0.000308s ]
ERR: 无法加载模块:Public

[ 2016-11-29T10:38:49+08:00 ] 1.80.218.189 /cnconsum/Public/Uploads/addImage/face_02.jpg
INFO: [ app_init ] --START--
INFO: Run Behavior\BuildLiteBehavior [ RunTime:0.000015s ]
INFO: [ app_init ] --END-- [ RunTime:0.000329s ]
ERR: 无法加载模块:Public

[ 2016-11-29T10:45:28+08:00 ] 1.80.218.189 /cnconsum/Public/Uploads/advertImage/activity_1.png
INFO: [ app_init ] --START--
INFO: Run Behavior\BuildLiteBehavior [ RunTime:0.000012s ]
INFO: [ app_init ] --END-- [ RunTime:0.000248s ]
ERR: 无法加载模块:Public

[ 2016-11-29T10:45:28+08:00 ] 1.80.218.189 /cnconsum/Public/Uploads/advertImage/activity_0.png
INFO: [ app_init ] --START--
INFO: Run Behavior\BuildLiteBehavior [ RunTime:0.000015s ]
INFO: [ app_init ] --END-- [ RunTime:0.000344s ]
ERR: 无法加载模块:Public

[ 2016-11-29T10:45:28+08:00 ] 1.80.218.189 /cnconsum/Public/Uploads/advertImage/null
INFO: [ app_init ] --START--
INFO: Run Behavior\BuildLiteBehavior [ RunTime:0.000014s ]
INFO: [ app_init ] --END-- [ RunTime:0.000391s ]
ERR: 无法加载模块:Public

[ 2016-11-29T10:47:39+08:00 ] 1.80.218.189 /cnconsum/Public/Uploads/addImage/face_02.jpg
INFO: [ app_init ] --START--
INFO: Run Behavior\BuildLiteBehavior [ RunTime:0.000020s ]
INFO: [ app_init ] --END-- [ RunTime:0.000445s ]
ERR: 无法加载模块:Public

[ 2016-11-29T10:47:39+08:00 ] 1.80.218.189 /cnconsum/Public/Uploads/addImage/face_02.jpg
INFO: [ app_init ] --START--
INFO: Run Behavior\BuildLiteBehavior [ RunTime:0.000013s ]
INFO: [ app_init ] --END-- [ RunTime:0.000289s ]
ERR: 无法加载模块:Public

[ 2016-11-29T10:50:39+08:00 ] 1.80.218.189 /cnconsum/Public/Uploads/addImage/face_02.jpg
INFO: [ app_init ] --START--
INFO: Run Behavior\BuildLiteBehavior [ RunTime:0.000014s ]
INFO: [ app_init ] --END-- [ RunTime:0.000293s ]
ERR: 无法加载模块:Public

[ 2016-11-29T10:50:39+08:00 ] 1.80.218.189 /cnconsum/Public/Uploads/addImage/face_02.jpg
INFO: [ app_init ] --START--
INFO: Run Behavior\BuildLiteBehavior [ RunTime:0.000013s ]
INFO: [ app_init ] --END-- [ RunTime:0.000264s ]
ERR: 无法加载模块:Public

[ 2016-11-29T10:54:13+08:00 ] 1.80.218.189 /cnconsum/Public/Uploads/addImage/face_02.jpg
INFO: [ app_init ] --START--
INFO: Run Behavior\BuildLiteBehavior [ RunTime:0.000030s ]
INFO: [ app_init ] --END-- [ RunTime:0.000533s ]
ERR: 无法加载模块:Public

[ 2016-11-29T10:54:13+08:00 ] 1.80.218.189 /cnconsum/Public/Uploads/addImage/face_02.jpg
INFO: [ app_init ] --START--
INFO: Run Behavior\BuildLiteBehavior [ RunTime:0.000014s ]
INFO: [ app_init ] --END-- [ RunTime:0.000268s ]
ERR: 无法加载模块:Public

[ 2016-11-29T11:13:25+08:00 ] 1.80.218.189 /cnconsum/Public/Uploads/advertImage/activity_1.png
INFO: [ app_init ] --START--
INFO: Run Behavior\BuildLiteBehavior [ RunTime:0.000020s ]
INFO: [ app_init ] --END-- [ RunTime:0.000445s ]
ERR: 无法加载模块:Public

[ 2016-11-29T11:13:25+08:00 ] 1.80.218.189 /cnconsum/Public/Uploads/advertImage/activity_0.png
INFO: [ app_init ] --START--
INFO: Run Behavior\BuildLiteBehavior [ RunTime:0.000013s ]
INFO: [ app_init ] --END-- [ RunTime:0.000267s ]
ERR: 无法加载模块:Public

[ 2016-11-29T11:13:26+08:00 ] 1.80.218.189 /cnconsum/Public/Uploads/advertImage/null
INFO: [ app_init ] --START--
INFO: Run Behavior\BuildLiteBehavior [ RunTime:0.000021s ]
INFO: [ app_init ] --END-- [ RunTime:0.000338s ]
ERR: 无法加载模块:Public

[ 2016-11-29T11:18:37+08:00 ] 1.80.218.189 /cnconsum/Public/Uploads/addImage/face_02.jpg
INFO: [ app_init ] --START--
INFO: Run Behavior\BuildLiteBehavior [ RunTime:0.000021s ]
INFO: [ app_init ] --END-- [ RunTime:0.000462s ]
ERR: 无法加载模块:Public

[ 2016-11-29T11:18:37+08:00 ] 1.80.218.189 /cnconsum/Public/Uploads/addImage/face_02.jpg
INFO: [ app_init ] --START--
INFO: Run Behavior\BuildLiteBehavior [ RunTime:0.000021s ]
INFO: [ app_init ] --END-- [ RunTime:0.000437s ]
ERR: 无法加载模块:Public

[ 2016-11-29T13:57:34+08:00 ] 1.80.218.189 /cnconsum/Public/Uploads/addImage/face_02.jpg
INFO: [ app_init ] --START--
INFO: Run Behavior\BuildLiteBehavior [ RunTime:0.000023s ]
INFO: [ app_init ] --END-- [ RunTime:0.000367s ]
ERR: 无法加载模块:Public

[ 2016-11-29T13:57:34+08:00 ] 1.80.218.189 /cnconsum/Public/Uploads/addImage/face_02.jpg
INFO: [ app_init ] --START--
INFO: Run Behavior\BuildLiteBehavior [ RunTime:0.000014s ]
INFO: [ app_init ] --END-- [ RunTime:0.000263s ]
ERR: 无法加载模块:Public

[ 2016-11-29T14:09:51+08:00 ] 1.80.218.189 /cnconsum/Public/Uploads/advertImage/null
INFO: [ app_init ] --START--
INFO: Run Behavior\BuildLiteBehavior [ RunTime:0.000018s ]
INFO: [ app_init ] --END-- [ RunTime:0.000287s ]
ERR: 无法加载模块:Public

[ 2016-11-29T14:09:52+08:00 ] 1.80.218.189 /cnconsum/Public/Uploads/advertImage/activity_0.png
INFO: [ app_init ] --START--
INFO: Run Behavior\BuildLiteBehavior [ RunTime:0.000035s ]
INFO: [ app_init ] --END-- [ RunTime:0.000355s ]
ERR: 无法加载模块:Public

[ 2016-11-29T14:09:52+08:00 ] 1.80.218.189 /cnconsum/Public/Uploads/advertImage/activity_1.png
INFO: [ app_init ] --START--
INFO: Run Behavior\BuildLiteBehavior [ RunTime:0.000014s ]
INFO: [ app_init ] --END-- [ RunTime:0.000266s ]
ERR: 无法加载模块:Public

[ 2016-11-29T14:10:51+08:00 ] 1.80.218.189 /cnconsum/Public/Uploads/addImage/face_02.jpg
INFO: [ app_init ] --START--
INFO: Run Behavior\BuildLiteBehavior [ RunTime:0.000026s ]
INFO: [ app_init ] --END-- [ RunTime:0.000340s ]
ERR: 无法加载模块:Public

[ 2016-11-29T14:11:07+08:00 ] 1.80.218.189 /cnconsum/Public/Uploads/addImage/face_02.jpg
INFO: [ app_init ] --START--
INFO: Run Behavior\BuildLiteBehavior [ RunTime:0.000014s ]
INFO: [ app_init ] --END-- [ RunTime:0.000262s ]
ERR: 无法加载模块:Public

[ 2016-11-29T14:11:08+08:00 ] 1.80.218.189 /cnconsum/Public/Uploads/addImage/face_02.jpg
INFO: [ app_init ] --START--
INFO: Run Behavior\BuildLiteBehavior [ RunTime:0.000021s ]
INFO: [ app_init ] --END-- [ RunTime:0.000319s ]
ERR: 无法加载模块:Public

[ 2016-11-29T14:11:11+08:00 ] 1.80.218.189 /cnconsum/Public/Uploads/addImage/face_02.jpg
INFO: [ app_init ] --START--
INFO: Run Behavior\BuildLiteBehavior [ RunTime:0.000020s ]
INFO: [ app_init ] --END-- [ RunTime:0.000523s ]
ERR: 无法加载模块:Public

[ 2016-11-29T14:11:14+08:00 ] 1.80.218.189 /cnconsum/Public/Uploads/addImage/face_02.jpg
INFO: [ app_init ] --START--
INFO: Run Behavior\BuildLiteBehavior [ RunTime:0.000017s ]
INFO: [ app_init ] --END-- [ RunTime:0.000382s ]
ERR: 无法加载模块:Public

[ 2016-11-29T14:15:09+08:00 ] 1.80.218.189 /cnconsum/Public/Uploads/addImage/face_02.jpg
INFO: [ app_init ] --START--
INFO: Run Behavior\BuildLiteBehavior [ RunTime:0.000020s ]
INFO: [ app_init ] --END-- [ RunTime:0.000363s ]
ERR: 无法加载模块:Public

[ 2016-11-29T14:15:10+08:00 ] 1.80.218.189 /cnconsum/Public/Uploads/addImage/face_02.jpg
INFO: [ app_init ] --START--
INFO: Run Behavior\BuildLiteBehavior [ RunTime:0.000013s ]
INFO: [ app_init ] --END-- [ RunTime:0.000285s ]
ERR: 无法加载模块:Public

[ 2016-11-29T14:15:45+08:00 ] 1.80.218.189 /cnconsum/Public/Uploads/advertImage/activity_0.png
INFO: [ app_init ] --START--
INFO: Run Behavior\BuildLiteBehavior [ RunTime:0.000015s ]
INFO: [ app_init ] --END-- [ RunTime:0.000358s ]
ERR: 无法加载模块:Public

[ 2016-11-29T14:15:45+08:00 ] 1.80.218.189 /cnconsum/Public/Uploads/advertImage/activity_1.png
INFO: [ app_init ] --START--
INFO: Run Behavior\BuildLiteBehavior [ RunTime:0.000024s ]
INFO: [ app_init ] --END-- [ RunTime:0.000455s ]
ERR: 无法加载模块:Public

[ 2016-11-29T14:15:45+08:00 ] 1.80.218.189 /cnconsum/Public/Uploads/advertImage/null
INFO: [ app_init ] --START--
INFO: Run Behavior\BuildLiteBehavior [ RunTime:0.000020s ]
INFO: [ app_init ] --END-- [ RunTime:0.000447s ]
ERR: 无法加载模块:Public

[ 2016-11-29T14:16:07+08:00 ] 1.80.218.189 /cnconsum/Public/Uploads/addImage/face_02.jpg
INFO: [ app_init ] --START--
INFO: Run Behavior\BuildLiteBehavior [ RunTime:0.000019s ]
INFO: [ app_init ] --END-- [ RunTime:0.000296s ]
ERR: 无法加载模块:Public

[ 2016-11-29T14:16:08+08:00 ] 1.80.218.189 /cnconsum/Public/Uploads/addImage/face_02.jpg
INFO: [ app_init ] --START--
INFO: Run Behavior\BuildLiteBehavior [ RunTime:0.000015s ]
INFO: [ app_init ] --END-- [ RunTime:0.000382s ]
ERR: 无法加载模块:Public

[ 2016-11-29T14:23:00+08:00 ] 1.80.218.189 /cnconsum/Public/Uploads/advertImage/null
INFO: [ app_init ] --START--
INFO: Run Behavior\BuildLiteBehavior [ RunTime:0.000016s ]
INFO: [ app_init ] --END-- [ RunTime:0.000346s ]
ERR: 无法加载模块:Public

[ 2016-11-29T14:23:00+08:00 ] 1.80.218.189 /cnconsum/Public/Uploads/advertImage/activity_0.png
INFO: [ app_init ] --START--
INFO: Run Behavior\BuildLiteBehavior [ RunTime:0.000018s ]
INFO: [ app_init ] --END-- [ RunTime:0.000359s ]
ERR: 无法加载模块:Public

[ 2016-11-29T14:23:00+08:00 ] 1.80.218.189 /cnconsum/Public/Uploads/advertImage/activity_1.png
INFO: [ app_init ] --START--
INFO: Run Behavior\BuildLiteBehavior [ RunTime:0.000022s ]
INFO: [ app_init ] --END-- [ RunTime:0.000461s ]
ERR: 无法加载模块:Public

[ 2016-11-29T14:26:24+08:00 ] 1.80.218.189 /cnconsum/Public/Uploads/addImage/face_02.jpg
INFO: [ app_init ] --START--
INFO: Run Behavior\BuildLiteBehavior [ RunTime:0.000020s ]
INFO: [ app_init ] --END-- [ RunTime:0.000393s ]
ERR: 无法加载模块:Public

[ 2016-11-29T14:26:24+08:00 ] 1.80.218.189 /cnconsum/Public/Uploads/addImage/face_02.jpg
INFO: [ app_init ] --START--
INFO: Run Behavior\BuildLiteBehavior [ RunTime:0.000026s ]
INFO: [ app_init ] --END-- [ RunTime:0.000366s ]
ERR: 无法加载模块:Public

[ 2016-11-29T14:28:29+08:00 ] 1.80.218.189 /cnconsum/Public/Uploads/addImage/face_02.jpg
INFO: [ app_init ] --START--
INFO: Run Behavior\BuildLiteBehavior [ RunTime:0.000016s ]
INFO: [ app_init ] --END-- [ RunTime:0.000299s ]
ERR: 无法加载模块:Public

[ 2016-11-29T14:28:30+08:00 ] 1.80.218.189 /cnconsum/Public/Uploads/addImage/face_02.jpg
INFO: [ app_init ] --START--
INFO: Run Behavior\BuildLiteBehavior [ RunTime:0.000020s ]
INFO: [ app_init ] --END-- [ RunTime:0.000398s ]
ERR: 无法加载模块:Public

[ 2016-11-29T14:36:03+08:00 ] 1.80.218.189 /cnconsum/Public/Uploads/addImage/face_02.jpg
INFO: [ app_init ] --START--
INFO: Run Behavior\BuildLiteBehavior [ RunTime:0.000015s ]
INFO: [ app_init ] --END-- [ RunTime:0.000270s ]
ERR: 无法加载模块:Public

[ 2016-11-29T14:36:03+08:00 ] 1.80.218.189 /cnconsum/Public/Uploads/addImage/face_02.jpg
INFO: [ app_init ] --START--
INFO: Run Behavior\BuildLiteBehavior [ RunTime:0.000020s ]
INFO: [ app_init ] --END-- [ RunTime:0.000389s ]
ERR: 无法加载模块:Public

[ 2016-11-29T14:40:27+08:00 ] 1.80.218.189 /cnconsum/Public/Uploads/advertImage/null
INFO: [ app_init ] --START--
INFO: Run Behavior\BuildLiteBehavior [ RunTime:0.000013s ]
INFO: [ app_init ] --END-- [ RunTime:0.000251s ]
ERR: 无法加载模块:Public

[ 2016-11-29T14:40:27+08:00 ] 1.80.218.189 /cnconsum/Public/Uploads/advertImage/activity_0.png
INFO: [ app_init ] --START--
INFO: Run Behavior\BuildLiteBehavior [ RunTime:0.000019s ]
INFO: [ app_init ] --END-- [ RunTime:0.000382s ]
ERR: 无法加载模块:Public

[ 2016-11-29T14:40:27+08:00 ] 1.80.218.189 /cnconsum/Public/Uploads/advertImage/activity_1.png
INFO: [ app_init ] --START--
INFO: Run Behavior\BuildLiteBehavior [ RunTime:0.000024s ]
INFO: [ app_init ] --END-- [ RunTime:0.000424s ]
ERR: 无法加载模块:Public

[ 2016-11-29T14:44:32+08:00 ] 1.80.218.189 /cnconsum/Public/Uploads/advertImage/null
INFO: [ app_init ] --START--
INFO: Run Behavior\BuildLiteBehavior [ RunTime:0.000021s ]
INFO: [ app_init ] --END-- [ RunTime:0.000423s ]
ERR: 无法加载模块:Public

[ 2016-11-29T14:44:32+08:00 ] 1.80.218.189 /cnconsum/Public/Uploads/advertImage/activity_0.png
INFO: [ app_init ] --START--
INFO: Run Behavior\BuildLiteBehavior [ RunTime:0.000018s ]
INFO: [ app_init ] --END-- [ RunTime:0.000280s ]
ERR: 无法加载模块:Public

[ 2016-11-29T14:44:32+08:00 ] 1.80.218.189 /cnconsum/Public/Uploads/advertImage/activity_1.png
INFO: [ app_init ] --START--
INFO: Run Behavior\BuildLiteBehavior [ RunTime:0.000012s ]
INFO: [ app_init ] --END-- [ RunTime:0.000268s ]
ERR: 无法加载模块:Public

[ 2016-11-29T14:48:23+08:00 ] 1.80.218.189 /cnconsum/Public/Uploads/advertImage/activity_0.png
INFO: [ app_init ] --START--
INFO: Run Behavior\BuildLiteBehavior [ RunTime:0.000018s ]
INFO: [ app_init ] --END-- [ RunTime:0.000384s ]
ERR: 无法加载模块:Public

[ 2016-11-29T14:48:23+08:00 ] 1.80.218.189 /cnconsum/Public/Uploads/advertImage/activity_1.png
INFO: [ app_init ] --START--
INFO: Run Behavior\BuildLiteBehavior [ RunTime:0.000015s ]
INFO: [ app_init ] --END-- [ RunTime:0.000336s ]
ERR: 无法加载模块:Public

[ 2016-11-29T14:48:23+08:00 ] 1.80.218.189 /cnconsum/Public/Uploads/advertImage/null
INFO: [ app_init ] --START--
INFO: Run Behavior\BuildLiteBehavior [ RunTime:0.000021s ]
INFO: [ app_init ] --END-- [ RunTime:0.000397s ]
ERR: 无法加载模块:Public

[ 2016-11-29T14:50:28+08:00 ] 1.80.218.189 /cnconsum/Public/Uploads/addImage/face_02.jpg
INFO: [ app_init ] --START--
INFO: Run Behavior\BuildLiteBehavior [ RunTime:0.000018s ]
INFO: [ app_init ] --END-- [ RunTime:0.000453s ]
ERR: 无法加载模块:Public

[ 2016-11-29T14:50:28+08:00 ] 1.80.218.189 /cnconsum/Public/Uploads/addImage/face_02.jpg
INFO: [ app_init ] --START--
INFO: Run Behavior\BuildLiteBehavior [ RunTime:0.000016s ]
INFO: [ app_init ] --END-- [ RunTime:0.000410s ]
ERR: 无法加载模块:Public

[ 2016-11-29T14:51:15+08:00 ] 1.80.218.189 /cnconsum/Public/Uploads/addImage/face_02.jpg
INFO: [ app_init ] --START--
INFO: Run Behavior\BuildLiteBehavior [ RunTime:0.000023s ]
INFO: [ app_init ] --END-- [ RunTime:0.000402s ]
ERR: 无法加载模块:Public

[ 2016-11-29T14:51:15+08:00 ] 1.80.218.189 /cnconsum/Public/Uploads/addImage/face_02.jpg
INFO: [ app_init ] --START--
INFO: Run Behavior\BuildLiteBehavior [ RunTime:0.000023s ]
INFO: [ app_init ] --END-- [ RunTime:0.000464s ]
ERR: 无法加载模块:Public

[ 2016-11-29T14:52:17+08:00 ] 1.80.218.189 /cnconsum/Public/Uploads/addImage/face_02.jpg
INFO: [ app_init ] --START--
INFO: Run Behavior\BuildLiteBehavior [ RunTime:0.000014s ]
INFO: [ app_init ] --END-- [ RunTime:0.000295s ]
ERR: 无法加载模块:Public

[ 2016-11-29T14:52:17+08:00 ] 1.80.218.189 /cnconsum/Public/Uploads/addImage/face_02.jpg
INFO: [ app_init ] --START--
INFO: Run Behavior\BuildLiteBehavior [ RunTime:0.000022s ]
INFO: [ app_init ] --END-- [ RunTime:0.000427s ]
ERR: 无法加载模块:Public

[ 2016-11-29T14:53:59+08:00 ] 1.80.218.189 /cnconsum/Public/Uploads/advertImage/null
INFO: [ app_init ] --START--
INFO: Run Behavior\BuildLiteBehavior [ RunTime:0.000036s ]
INFO: [ app_init ] --END-- [ RunTime:0.000507s ]
ERR: 无法加载模块:Public

[ 2016-11-29T14:53:59+08:00 ] 1.80.218.189 /cnconsum/Public/Uploads/advertImage/activity_0.png
INFO: [ app_init ] --START--
INFO: Run Behavior\BuildLiteBehavior [ RunTime:0.000014s ]
INFO: [ app_init ] --END-- [ RunTime:0.000311s ]
ERR: 无法加载模块:Public

[ 2016-11-29T14:53:59+08:00 ] 1.80.218.189 /cnconsum/Public/Uploads/advertImage/activity_1.png
INFO: [ app_init ] --START--
INFO: Run Behavior\BuildLiteBehavior [ RunTime:0.000014s ]
INFO: [ app_init ] --END-- [ RunTime:0.000314s ]
ERR: 无法加载模块:Public

[ 2016-11-29T14:54:38+08:00 ] 1.80.218.189 /cnconsum/Public/Uploads/addImage/face_02.jpg
INFO: [ app_init ] --START--
INFO: Run Behavior\BuildLiteBehavior [ RunTime:0.000019s ]
INFO: [ app_init ] --END-- [ RunTime:0.000378s ]
ERR: 无法加载模块:Public

[ 2016-11-29T14:56:04+08:00 ] 1.80.218.189 /cnconsum/Public/Uploads/addImage/face_02.jpg
INFO: [ app_init ] --START--
INFO: Run Behavior\BuildLiteBehavior [ RunTime:0.000015s ]
INFO: [ app_init ] --END-- [ RunTime:0.000280s ]
ERR: 无法加载模块:Public

[ 2016-11-29T14:56:04+08:00 ] 1.80.218.189 /cnconsum/Public/Uploads/addImage/face_02.jpg
INFO: [ app_init ] --START--
INFO: Run Behavior\BuildLiteBehavior [ RunTime:0.000015s ]
INFO: [ app_init ] --END-- [ RunTime:0.000369s ]
ERR: 无法加载模块:Public

[ 2016-11-29T14:58:42+08:00 ] 1.80.218.189 /cnconsum/Public/Uploads/addImage/face_02.jpg
INFO: [ app_init ] --START--
INFO: Run Behavior\BuildLiteBehavior [ RunTime:0.000013s ]
INFO: [ app_init ] --END-- [ RunTime:0.000314s ]
ERR: 无法加载模块:Public

[ 2016-11-29T14:58:42+08:00 ] 1.80.218.189 /cnconsum/Public/Uploads/addImage/face_02.jpg
INFO: [ app_init ] --START--
INFO: Run Behavior\BuildLiteBehavior [ RunTime:0.000020s ]
INFO: [ app_init ] --END-- [ RunTime:0.000416s ]
ERR: 无法加载模块:Public

[ 2016-11-29T15:01:14+08:00 ] 1.80.218.189 /cnconsum/Public/Uploads/addImage/face_02.jpg
INFO: [ app_init ] --START--
INFO: Run Behavior\BuildLiteBehavior [ RunTime:0.000018s ]
INFO: [ app_init ] --END-- [ RunTime:0.000301s ]
ERR: 无法加载模块:Public

[ 2016-11-29T15:01:14+08:00 ] 1.80.218.189 /cnconsum/Public/Uploads/addImage/face_02.jpg
INFO: [ app_init ] --START--
INFO: Run Behavior\BuildLiteBehavior [ RunTime:0.000014s ]
INFO: [ app_init ] --END-- [ RunTime:0.000269s ]
ERR: 无法加载模块:Public

[ 2016-11-29T15:04:06+08:00 ] 1.80.218.189 /cnconsum/Public/Uploads/addImage/face_02.jpg
INFO: [ app_init ] --START--
INFO: Run Behavior\BuildLiteBehavior [ RunTime:0.000013s ]
INFO: [ app_init ] --END-- [ RunTime:0.000257s ]
ERR: 无法加载模块:Public

[ 2016-11-29T15:04:06+08:00 ] 1.80.218.189 /cnconsum/Public/Uploads/addImage/face_02.jpg
INFO: [ app_init ] --START--
INFO: Run Behavior\BuildLiteBehavior [ RunTime:0.000017s ]
INFO: [ app_init ] --END-- [ RunTime:0.000317s ]
ERR: 无法加载模块:Public

[ 2016-11-29T15:06:43+08:00 ] 1.80.218.189 /cnconsum/Public/Uploads/advertImage/activity_0.png
INFO: [ app_init ] --START--
INFO: Run Behavior\BuildLiteBehavior [ RunTime:0.000013s ]
INFO: [ app_init ] --END-- [ RunTime:0.000254s ]
ERR: 无法加载模块:Public

[ 2016-11-29T15:06:43+08:00 ] 1.80.218.189 /cnconsum/Public/Uploads/advertImage/activity_1.png
INFO: [ app_init ] --START--
INFO: Run Behavior\BuildLiteBehavior [ RunTime:0.000011s ]
INFO: [ app_init ] --END-- [ RunTime:0.000242s ]
ERR: 无法加载模块:Public

[ 2016-11-29T15:06:43+08:00 ] 1.80.218.189 /cnconsum/Public/Uploads/advertImage/null
INFO: [ app_init ] --START--
INFO: Run Behavior\BuildLiteBehavior [ RunTime:0.000015s ]
INFO: [ app_init ] --END-- [ RunTime:0.000307s ]
ERR: 无法加载模块:Public

[ 2016-11-29T15:08:40+08:00 ] 1.80.218.189 /cnconsum/Public/Uploads/addImage/face_02.jpg
INFO: [ app_init ] --START--
INFO: Run Behavior\BuildLiteBehavior [ RunTime:0.000019s ]
INFO: [ app_init ] --END-- [ RunTime:0.000368s ]
ERR: 无法加载模块:Public

[ 2016-11-29T15:08:40+08:00 ] 1.80.218.189 /cnconsum/Public/Uploads/addImage/face_02.jpg
INFO: [ app_init ] --START--
INFO: Run Behavior\BuildLiteBehavior [ RunTime:0.000015s ]
INFO: [ app_init ] --END-- [ RunTime:0.000301s ]
ERR: 无法加载模块:Public

[ 2016-11-29T15:13:05+08:00 ] 1.80.218.189 /cnconsum/Public/Uploads/addImage/face_02.jpg
INFO: [ app_init ] --START--
INFO: Run Behavior\BuildLiteBehavior [ RunTime:0.000022s ]
INFO: [ app_init ] --END-- [ RunTime:0.000389s ]
ERR: 无法加载模块:Public

[ 2016-11-29T15:13:05+08:00 ] 1.80.218.189 /cnconsum/Public/Uploads/addImage/face_02.jpg
INFO: [ app_init ] --START--
INFO: Run Behavior\BuildLiteBehavior [ RunTime:0.000016s ]
INFO: [ app_init ] --END-- [ RunTime:0.000392s ]
ERR: 无法加载模块:Public

[ 2016-11-29T15:33:26+08:00 ] 1.80.218.189 /cnconsum/Public/Uploads/addImage/null
INFO: [ app_init ] --START--
INFO: Run Behavior\BuildLiteBehavior [ RunTime:0.000020s ]
INFO: [ app_init ] --END-- [ RunTime:0.000394s ]
ERR: 无法加载模块:Public

[ 2016-11-29T15:33:26+08:00 ] 1.80.218.189 /cnconsum/Public/Uploads/addImage/null
INFO: [ app_init ] --START--
INFO: Run Behavior\BuildLiteBehavior [ RunTime:0.000020s ]
INFO: [ app_init ] --END-- [ RunTime:0.000437s ]
ERR: 无法加载模块:Public

[ 2016-11-29T15:37:30+08:00 ] 1.80.218.189 /cnconsum/Public/Uploads/addImage/face_02.jpg
INFO: [ app_init ] --START--
INFO: Run Behavior\BuildLiteBehavior [ RunTime:0.000026s ]
INFO: [ app_init ] --END-- [ RunTime:0.000484s ]
ERR: 无法加载模块:Public

[ 2016-11-29T15:37:30+08:00 ] 1.80.218.189 /cnconsum/Public/Uploads/addImage/face_02.jpg
INFO: [ app_init ] --START--
INFO: Run Behavior\BuildLiteBehavior [ RunTime:0.000025s ]
INFO: [ app_init ] --END-- [ RunTime:0.000651s ]
ERR: 无法加载模块:Public

[ 2016-11-29T15:40:24+08:00 ] 1.80.218.189 /cnconsum/Public/Uploads/addImage/face_02.jpg
INFO: [ app_init ] --START--
INFO: Run Behavior\BuildLiteBehavior [ RunTime:0.000022s ]
INFO: [ app_init ] --END-- [ RunTime:0.000369s ]
ERR: 无法加载模块:Public

[ 2016-11-29T15:40:24+08:00 ] 1.80.218.189 /cnconsum/Public/Uploads/addImage/face_02.jpg
INFO: [ app_init ] --START--
INFO: Run Behavior\BuildLiteBehavior [ RunTime:0.000018s ]
INFO: [ app_init ] --END-- [ RunTime:0.000280s ]
ERR: 无法加载模块:Public

[ 2016-11-29T15:41:05+08:00 ] 1.80.218.189 /cnconsum/Public/Uploads/addImage/face_02.jpg
INFO: [ app_init ] --START--
INFO: Run Behavior\BuildLiteBehavior [ RunTime:0.000024s ]
INFO: [ app_init ] --END-- [ RunTime:0.000553s ]
ERR: 无法加载模块:Public

[ 2016-11-29T15:41:05+08:00 ] 1.80.218.189 /cnconsum/Public/Uploads/addImage/face_02.jpg
INFO: [ app_init ] --START--
INFO: Run Behavior\BuildLiteBehavior [ RunTime:0.000028s ]
INFO: [ app_init ] --END-- [ RunTime:0.000513s ]
ERR: 无法加载模块:Public

[ 2016-11-29T15:41:05+08:00 ] 1.80.218.189 /cnconsum/Public/Uploads/addImage/face_02.jpg
INFO: [ app_init ] --START--
INFO: Run Behavior\BuildLiteBehavior [ RunTime:0.000023s ]
INFO: [ app_init ] --END-- [ RunTime:0.000454s ]
ERR: 无法加载模块:Public

[ 2016-11-29T15:41:05+08:00 ] 1.80.218.189 /cnconsum/Public/Uploads/addImage/face_02.jpg
INFO: [ app_init ] --START--
INFO: Run Behavior\BuildLiteBehavior [ RunTime:0.000015s ]
INFO: [ app_init ] --END-- [ RunTime:0.000283s ]
ERR: 无法加载模块:Public

[ 2016-11-29T15:41:05+08:00 ] 1.80.218.189 /cnconsum/Public/Uploads/addImage/face_02.jpg
INFO: [ app_init ] --START--
INFO: Run Behavior\BuildLiteBehavior [ RunTime:0.000022s ]
INFO: [ app_init ] --END-- [ RunTime:0.000698s ]
ERR: 无法加载模块:Public

[ 2016-11-29T15:41:05+08:00 ] 1.80.218.189 /cnconsum/Public/Uploads/addImage/face_02.jpg
INFO: [ app_init ] --START--
INFO: Run Behavior\BuildLiteBehavior [ RunTime:0.000017s ]
INFO: [ app_init ] --END-- [ RunTime:0.000609s ]
ERR: 无法加载模块:Public

[ 2016-11-29T15:41:06+08:00 ] 1.80.218.189 /cnconsum/Public/Uploads/addImage/face_02.jpg
INFO: [ app_init ] --START--
INFO: Run Behavior\BuildLiteBehavior [ RunTime:0.000024s ]
INFO: [ app_init ] --END-- [ RunTime:0.000479s ]
ERR: 无法加载模块:Public

[ 2016-11-29T15:41:06+08:00 ] 1.80.218.189 /cnconsum/Public/Uploads/addImage/face_02.jpg
INFO: [ app_init ] --START--
INFO: Run Behavior\BuildLiteBehavior [ RunTime:0.000026s ]
INFO: [ app_init ] --END-- [ RunTime:0.000510s ]
ERR: 无法加载模块:Public

[ 2016-11-29T15:41:07+08:00 ] 1.80.218.189 /cnconsum/Public/Uploads/addImage/face_02.jpg
INFO: [ app_init ] --START--
INFO: Run Behavior\BuildLiteBehavior [ RunTime:0.000021s ]
INFO: [ app_init ] --END-- [ RunTime:0.000441s ]
ERR: 无法加载模块:Public

[ 2016-11-29T15:41:07+08:00 ] 1.80.218.189 /cnconsum/Public/Uploads/addImage/face_02.jpg
INFO: [ app_init ] --START--
INFO: Run Behavior\BuildLiteBehavior [ RunTime:0.000016s ]
INFO: [ app_init ] --END-- [ RunTime:0.000347s ]
ERR: 无法加载模块:Public

[ 2016-11-29T15:41:07+08:00 ] 1.80.218.189 /cnconsum/Public/Uploads/addImage/face_02.jpg
INFO: [ app_init ] --START--
INFO: Run Behavior\BuildLiteBehavior [ RunTime:0.000024s ]
INFO: [ app_init ] --END-- [ RunTime:0.000453s ]
ERR: 无法加载模块:Public

[ 2016-11-29T15:41:07+08:00 ] 1.80.218.189 /cnconsum/Public/Uploads/addImage/face_02.jpg
INFO: [ app_init ] --START--
INFO: Run Behavior\BuildLiteBehavior [ RunTime:0.000013s ]
INFO: [ app_init ] --END-- [ RunTime:0.000261s ]
ERR: 无法加载模块:Public

[ 2016-11-29T15:41:08+08:00 ] 1.80.218.189 /cnconsum/Public/Uploads/addImage/face_02.jpg
INFO: [ app_init ] --START--
INFO: Run Behavior\BuildLiteBehavior [ RunTime:0.000023s ]
INFO: [ app_init ] --END-- [ RunTime:0.000473s ]
ERR: 无法加载模块:Public

[ 2016-11-29T15:41:08+08:00 ] 1.80.218.189 /cnconsum/Public/Uploads/addImage/face_02.jpg
INFO: [ app_init ] --START--
INFO: Run Behavior\BuildLiteBehavior [ RunTime:0.000019s ]
INFO: [ app_init ] --END-- [ RunTime:0.000372s ]
ERR: 无法加载模块:Public

[ 2016-11-29T15:41:08+08:00 ] 1.80.218.189 /cnconsum/Public/Uploads/addImage/face_02.jpg
INFO: [ app_init ] --START--
INFO: Run Behavior\BuildLiteBehavior [ RunTime:0.000024s ]
INFO: [ app_init ] --END-- [ RunTime:0.000321s ]
ERR: 无法加载模块:Public

[ 2016-11-29T15:41:08+08:00 ] 1.80.218.189 /cnconsum/Public/Uploads/addImage/face_02.jpg
INFO: [ app_init ] --START--
INFO: Run Behavior\BuildLiteBehavior [ RunTime:0.000020s ]
INFO: [ app_init ] --END-- [ RunTime:0.000341s ]
ERR: 无法加载模块:Public

[ 2016-11-29T15:41:08+08:00 ] 1.80.218.189 /cnconsum/Public/Uploads/addImage/face_02.jpg
INFO: [ app_init ] --START--
INFO: Run Behavior\BuildLiteBehavior [ RunTime:0.000015s ]
INFO: [ app_init ] --END-- [ RunTime:0.000274s ]
ERR: 无法加载模块:Public

[ 2016-11-29T15:41:09+08:00 ] 1.80.218.189 /cnconsum/Public/Uploads/addImage/face_02.jpg
INFO: [ app_init ] --START--
INFO: Run Behavior\BuildLiteBehavior [ RunTime:0.000014s ]
INFO: [ app_init ] --END-- [ RunTime:0.000274s ]
ERR: 无法加载模块:Public

[ 2016-11-29T15:41:09+08:00 ] 1.80.218.189 /cnconsum/Public/Uploads/addImage/face_02.jpg
INFO: [ app_init ] --START--
INFO: Run Behavior\BuildLiteBehavior [ RunTime:0.000018s ]
INFO: [ app_init ] --END-- [ RunTime:0.000321s ]
ERR: 无法加载模块:Public

[ 2016-11-29T15:41:09+08:00 ] 1.80.218.189 /cnconsum/Public/Uploads/addImage/face_02.jpg
INFO: [ app_init ] --START--
INFO: Run Behavior\BuildLiteBehavior [ RunTime:0.000019s ]
INFO: [ app_init ] --END-- [ RunTime:0.000349s ]
ERR: 无法加载模块:Public

[ 2016-11-29T15:41:09+08:00 ] 1.80.218.189 /cnconsum/Public/Uploads/addImage/face_02.jpg
INFO: [ app_init ] --START--
INFO: Run Behavior\BuildLiteBehavior [ RunTime:0.000013s ]
INFO: [ app_init ] --END-- [ RunTime:0.000256s ]
ERR: 无法加载模块:Public

[ 2016-11-29T15:41:09+08:00 ] 1.80.218.189 /cnconsum/Public/Uploads/addImage/face_02.jpg
INFO: [ app_init ] --START--
INFO: Run Behavior\BuildLiteBehavior [ RunTime:0.000014s ]
INFO: [ app_init ] --END-- [ RunTime:0.000293s ]
ERR: 无法加载模块:Public

[ 2016-11-29T15:41:09+08:00 ] 1.80.218.189 /cnconsum/Public/Uploads/addImage/face_02.jpg
INFO: [ app_init ] --START--
INFO: Run Behavior\BuildLiteBehavior [ RunTime:0.000015s ]
INFO: [ app_init ] --END-- [ RunTime:0.000329s ]
ERR: 无法加载模块:Public

[ 2016-11-29T15:41:10+08:00 ] 1.80.218.189 /cnconsum/Public/Uploads/addImage/face_02.jpg
INFO: [ app_init ] --START--
INFO: Run Behavior\BuildLiteBehavior [ RunTime:0.000017s ]
INFO: [ app_init ] --END-- [ RunTime:0.000326s ]
ERR: 无法加载模块:Public

[ 2016-11-29T15:41:10+08:00 ] 1.80.218.189 /cnconsum/Public/Uploads/addImage/face_02.jpg
INFO: [ app_init ] --START--
INFO: Run Behavior\BuildLiteBehavior [ RunTime:0.000027s ]
INFO: [ app_init ] --END-- [ RunTime:0.000460s ]
ERR: 无法加载模块:Public

[ 2016-11-29T15:41:10+08:00 ] 1.80.218.189 /cnconsum/Public/Uploads/addImage/face_02.jpg
INFO: [ app_init ] --START--
INFO: Run Behavior\BuildLiteBehavior [ RunTime:0.000015s ]
INFO: [ app_init ] --END-- [ RunTime:0.000276s ]
ERR: 无法加载模块:Public

[ 2016-11-29T15:41:10+08:00 ] 1.80.218.189 /cnconsum/Public/Uploads/addImage/face_02.jpg
INFO: [ app_init ] --START--
INFO: Run Behavior\BuildLiteBehavior [ RunTime:0.000020s ]
INFO: [ app_init ] --END-- [ RunTime:0.000395s ]
ERR: 无法加载模块:Public

[ 2016-11-29T15:41:11+08:00 ] 1.80.218.189 /cnconsum/Public/Uploads/addImage/face_02.jpg
INFO: [ app_init ] --START--
INFO: Run Behavior\BuildLiteBehavior [ RunTime:0.000019s ]
INFO: [ app_init ] --END-- [ RunTime:0.000356s ]
ERR: 无法加载模块:Public

[ 2016-11-29T15:41:12+08:00 ] 1.80.218.189 /cnconsum/Public/Uploads/addImage/face_02.jpg
INFO: [ app_init ] --START--
INFO: Run Behavior\BuildLiteBehavior [ RunTime:0.000040s ]
INFO: [ app_init ] --END-- [ RunTime:0.000353s ]
ERR: 无法加载模块:Public

[ 2016-11-29T15:41:12+08:00 ] 1.80.218.189 /cnconsum/Public/Uploads/addImage/face_02.jpg
INFO: [ app_init ] --START--
INFO: Run Behavior\BuildLiteBehavior [ RunTime:0.000020s ]
INFO: [ app_init ] --END-- [ RunTime:0.000416s ]
ERR: 无法加载模块:Public

[ 2016-11-29T15:41:12+08:00 ] 1.80.218.189 /cnconsum/Public/Uploads/addImage/face_02.jpg
INFO: [ app_init ] --START--
INFO: Run Behavior\BuildLiteBehavior [ RunTime:0.000020s ]
INFO: [ app_init ] --END-- [ RunTime:0.000671s ]
ERR: 无法加载模块:Public

[ 2016-11-29T15:53:24+08:00 ] 1.80.218.189 /cnconsum/Public/Uploads/advertImage/activity_0.png
INFO: [ app_init ] --START--
INFO: Run Behavior\BuildLiteBehavior [ RunTime:0.000014s ]
INFO: [ app_init ] --END-- [ RunTime:0.000294s ]
ERR: 无法加载模块:Public

[ 2016-11-29T15:53:24+08:00 ] 1.80.218.189 /cnconsum/Public/Uploads/advertImage/activity_1.png
INFO: [ app_init ] --START--
INFO: Run Behavior\BuildLiteBehavior [ RunTime:0.000014s ]
INFO: [ app_init ] --END-- [ RunTime:0.000296s ]
ERR: 无法加载模块:Public

[ 2016-11-29T15:53:24+08:00 ] 1.80.218.189 /cnconsum/Public/Uploads/advertImage/null
INFO: [ app_init ] --START--
INFO: Run Behavior\BuildLiteBehavior [ RunTime:0.000012s ]
INFO: [ app_init ] --END-- [ RunTime:0.000249s ]
ERR: 无法加载模块:Public

[ 2016-11-29T16:02:23+08:00 ] 1.80.218.189 /cnconsum/Public/Uploads/addImage/face_02.jpg
INFO: [ app_init ] --START--
INFO: Run Behavior\BuildLiteBehavior [ RunTime:0.000016s ]
INFO: [ app_init ] --END-- [ RunTime:0.000379s ]
ERR: 无法加载模块:Public

[ 2016-11-29T16:02:23+08:00 ] 1.80.218.189 /cnconsum/Public/Uploads/addImage/face_02.jpg
INFO: [ app_init ] --START--
INFO: Run Behavior\BuildLiteBehavior [ RunTime:0.000015s ]
INFO: [ app_init ] --END-- [ RunTime:0.000294s ]
ERR: 无法加载模块:Public

[ 2016-11-29T16:07:33+08:00 ] 1.80.218.189 /cnconsum/Public/Uploads/headImage/13309206465_1471243071290.png
INFO: [ app_init ] --START--
INFO: Run Behavior\BuildLiteBehavior [ RunTime:0.000014s ]
INFO: [ app_init ] --END-- [ RunTime:0.000267s ]
ERR: 无法加载模块:Public

[ 2016-11-29T16:08:31+08:00 ] 1.80.218.189 /cnconsum/Public/Uploads/headImage/13309206465_1471243071290.png
INFO: [ app_init ] --START--
INFO: Run Behavior\BuildLiteBehavior [ RunTime:0.000014s ]
INFO: [ app_init ] --END-- [ RunTime:0.000262s ]
ERR: 无法加载模块:Public

[ 2016-11-29T16:11:07+08:00 ] 1.80.218.189 /cnconsum/Public/Uploads/headImage/13309206465_1471243071290.png
INFO: [ app_init ] --START--
INFO: Run Behavior\BuildLiteBehavior [ RunTime:0.000014s ]
INFO: [ app_init ] --END-- [ RunTime:0.000260s ]
ERR: 无法加载模块:Public

[ 2016-11-29T16:11:33+08:00 ] 1.80.218.189 /cnconsum/Public/Uploads/headImage/13309206465_1471243071290.png
INFO: [ app_init ] --START--
INFO: Run Behavior\BuildLiteBehavior [ RunTime:0.000024s ]
INFO: [ app_init ] --END-- [ RunTime:0.000324s ]
ERR: 无法加载模块:Public

[ 2016-11-29T16:13:07+08:00 ] 1.80.218.189 /cnconsum/Public/Uploads/headImage/13309206465_1471243071290.png
INFO: [ app_init ] --START--
INFO: Run Behavior\BuildLiteBehavior [ RunTime:0.000017s ]
INFO: [ app_init ] --END-- [ RunTime:0.000312s ]
ERR: 无法加载模块:Public

[ 2016-11-29T16:13:11+08:00 ] 1.80.218.189 /cnconsum/Public/Uploads/headImage/13309206465_1471243071290.png
INFO: [ app_init ] --START--
INFO: Run Behavior\BuildLiteBehavior [ RunTime:0.000027s ]
INFO: [ app_init ] --END-- [ RunTime:0.000532s ]
ERR: 无法加载模块:Public

[ 2016-11-29T16:13:14+08:00 ] 1.80.218.189 /cnconsum/Public/Uploads/headImage/13309206465_1471243071290.png
INFO: [ app_init ] --START--
INFO: Run Behavior\BuildLiteBehavior [ RunTime:0.000014s ]
INFO: [ app_init ] --END-- [ RunTime:0.000272s ]
ERR: 无法加载模块:Public

[ 2016-11-29T16:13:16+08:00 ] 1.80.218.189 /cnconsum/Public/Uploads/headImage/13309206465_1471243071290.png
INFO: [ app_init ] --START--
INFO: Run Behavior\BuildLiteBehavior [ RunTime:0.000044s ]
INFO: [ app_init ] --END-- [ RunTime:0.000440s ]
ERR: 无法加载模块:Public

[ 2016-11-29T16:13:20+08:00 ] 1.80.218.189 /cnconsum/Public/Uploads/headImage/13309206465_1471243071290.png
INFO: [ app_init ] --START--
INFO: Run Behavior\BuildLiteBehavior [ RunTime:0.000023s ]
INFO: [ app_init ] --END-- [ RunTime:0.000377s ]
ERR: 无法加载模块:Public

[ 2016-11-29T16:14:19+08:00 ] 1.80.218.189 /cnconsum/Public/Uploads/advertImage/activity_1.png
INFO: [ app_init ] --START--
INFO: Run Behavior\BuildLiteBehavior [ RunTime:0.000016s ]
INFO: [ app_init ] --END-- [ RunTime:0.000269s ]
ERR: 无法加载模块:Public

[ 2016-11-29T16:14:19+08:00 ] 1.80.218.189 /cnconsum/Public/Uploads/advertImage/activity_0.png
INFO: [ app_init ] --START--
INFO: Run Behavior\BuildLiteBehavior [ RunTime:0.000013s ]
INFO: [ app_init ] --END-- [ RunTime:0.000354s ]
ERR: 无法加载模块:Public

[ 2016-11-29T16:14:19+08:00 ] 1.80.218.189 /cnconsum/Public/Uploads/advertImage/null
INFO: [ app_init ] --START--
INFO: Run Behavior\BuildLiteBehavior [ RunTime:0.000036s ]
INFO: [ app_init ] --END-- [ RunTime:0.000473s ]
ERR: 无法加载模块:Public

[ 2016-11-29T16:15:23+08:00 ] 1.80.218.189 /cnconsum/Public/Uploads/headImage/13309206465_1471243071290.png
INFO: [ app_init ] --START--
INFO: Run Behavior\BuildLiteBehavior [ RunTime:0.000015s ]
INFO: [ app_init ] --END-- [ RunTime:0.000341s ]
ERR: 无法加载模块:Public

[ 2016-11-29T16:15:29+08:00 ] 1.80.218.189 /cnconsum/Public/Uploads/headImage/13309206465_1471243071290.png
INFO: [ app_init ] --START--
INFO: Run Behavior\BuildLiteBehavior [ RunTime:0.000014s ]
INFO: [ app_init ] --END-- [ RunTime:0.000268s ]
ERR: 无法加载模块:Public

[ 2016-11-29T16:15:38+08:00 ] 1.80.218.189 /cnconsum/Public/Uploads/headImage/13309206465_1471243071290.png
INFO: [ app_init ] --START--
INFO: Run Behavior\BuildLiteBehavior [ RunTime:0.000019s ]
INFO: [ app_init ] --END-- [ RunTime:0.000392s ]
ERR: 无法加载模块:Public

[ 2016-11-29T16:15:40+08:00 ] 1.80.218.189 /cnconsum/Public/Uploads/headImage/13309206465_1471243071290.png
INFO: [ app_init ] --START--
INFO: Run Behavior\BuildLiteBehavior [ RunTime:0.000015s ]
INFO: [ app_init ] --END-- [ RunTime:0.000414s ]
ERR: 无法加载模块:Public

[ 2016-11-29T16:15:41+08:00 ] 1.80.218.189 /cnconsum/Public/Uploads/headImage/13309206465_1471243071290.png
INFO: [ app_init ] --START--
INFO: Run Behavior\BuildLiteBehavior [ RunTime:0.000015s ]
INFO: [ app_init ] --END-- [ RunTime:0.000327s ]
ERR: 无法加载模块:Public

[ 2016-11-29T16:15:44+08:00 ] 1.80.218.189 /cnconsum/Public/Uploads/headImage/13309206465_1471243071290.png
INFO: [ app_init ] --START--
INFO: Run Behavior\BuildLiteBehavior [ RunTime:0.000023s ]
INFO: [ app_init ] --END-- [ RunTime:0.000383s ]
ERR: 无法加载模块:Public

[ 2016-11-29T16:15:46+08:00 ] 1.80.218.189 /cnconsum/Public/Uploads/headImage/13309206465_1471243071290.png
INFO: [ app_init ] --START--
INFO: Run Behavior\BuildLiteBehavior [ RunTime:0.000018s ]
INFO: [ app_init ] --END-- [ RunTime:0.000317s ]
ERR: 无法加载模块:Public

[ 2016-11-29T16:15:47+08:00 ] 1.80.218.189 /cnconsum/Public/Uploads/headImage/13309206465_1471243071290.png
INFO: [ app_init ] --START--
INFO: Run Behavior\BuildLiteBehavior [ RunTime:0.000023s ]
INFO: [ app_init ] --END-- [ RunTime:0.000442s ]
ERR: 无法加载模块:Public

[ 2016-11-29T16:15:48+08:00 ] 1.80.218.189 /cnconsum/Public/Uploads/headImage/13309206465_1471243071290.png
INFO: [ app_init ] --START--
INFO: Run Behavior\BuildLiteBehavior [ RunTime:0.000022s ]
INFO: [ app_init ] --END-- [ RunTime:0.000395s ]
ERR: 无法加载模块:Public

[ 2016-11-29T16:16:28+08:00 ] 1.80.218.189 /cnconsum/Public/Uploads/headImage/13309206465_1471243071290.png
INFO: [ app_init ] --START--
INFO: Run Behavior\BuildLiteBehavior [ RunTime:0.000014s ]
INFO: [ app_init ] --END-- [ RunTime:0.000288s ]
ERR: 无法加载模块:Public

[ 2016-11-29T16:16:31+08:00 ] 1.80.218.189 /cnconsum/Public/Uploads/headImage/13309206465_1471243071290.png
INFO: [ app_init ] --START--
INFO: Run Behavior\BuildLiteBehavior [ RunTime:0.000019s ]
INFO: [ app_init ] --END-- [ RunTime:0.000488s ]
ERR: 无法加载模块:Public

[ 2016-11-29T16:23:21+08:00 ] 1.80.218.189 /cnconsum/Public/Uploads/headImage/13309206465_1471243071290.png
INFO: [ app_init ] --START--
INFO: Run Behavior\BuildLiteBehavior [ RunTime:0.000017s ]
INFO: [ app_init ] --END-- [ RunTime:0.000323s ]
ERR: 无法加载模块:Public

[ 2016-11-29T16:23:25+08:00 ] 1.80.218.189 /cnconsum/Public/Uploads/headImage/13309206465_1471243071290.png
INFO: [ app_init ] --START--
INFO: Run Behavior\BuildLiteBehavior [ RunTime:0.000023s ]
INFO: [ app_init ] --END-- [ RunTime:0.000413s ]
ERR: 无法加载模块:Public

[ 2016-11-29T16:23:53+08:00 ] 1.80.218.189 /cnconsum/Public/Uploads/headImage/13309206465_1471243071290.png
INFO: [ app_init ] --START--
INFO: Run Behavior\BuildLiteBehavior [ RunTime:0.000020s ]
INFO: [ app_init ] --END-- [ RunTime:0.000361s ]
ERR: 无法加载模块:Public

[ 2016-11-29T16:24:17+08:00 ] 1.80.218.189 /cnconsum/Public/Uploads/headImage/13309206465_1471243071290.png
INFO: [ app_init ] --START--
INFO: Run Behavior\BuildLiteBehavior [ RunTime:0.000013s ]
INFO: [ app_init ] --END-- [ RunTime:0.000256s ]
ERR: 无法加载模块:Public

[ 2016-11-29T16:25:00+08:00 ] 1.80.218.189 /cnconsum/Public/Uploads/advertImage/activity_0.png
INFO: [ app_init ] --START--
INFO: Run Behavior\BuildLiteBehavior [ RunTime:0.000013s ]
INFO: [ app_init ] --END-- [ RunTime:0.000296s ]
ERR: 无法加载模块:Public

[ 2016-11-29T16:25:00+08:00 ] 1.80.218.189 /cnconsum/Public/Uploads/advertImage/activity_1.png
INFO: [ app_init ] --START--
INFO: Run Behavior\BuildLiteBehavior [ RunTime:0.000013s ]
INFO: [ app_init ] --END-- [ RunTime:0.000399s ]
ERR: 无法加载模块:Public

[ 2016-11-29T16:25:00+08:00 ] 1.80.218.189 /cnconsum/Public/Uploads/advertImage/null
INFO: [ app_init ] --START--
INFO: Run Behavior\BuildLiteBehavior [ RunTime:0.000013s ]
INFO: [ app_init ] --END-- [ RunTime:0.000384s ]
ERR: 无法加载模块:Public

[ 2016-11-29T16:46:08+08:00 ] 1.80.218.189 /cnconsum/Public/Uploads/headImage/13309206465_1471243071290.png
INFO: [ app_init ] --START--
INFO: Run Behavior\BuildLiteBehavior [ RunTime:0.000014s ]
INFO: [ app_init ] --END-- [ RunTime:0.000339s ]
ERR: 无法加载模块:Public

[ 2016-11-29T16:48:40+08:00 ] 1.80.218.189 /cnconsum/Public/Uploads/headImage/13309206465_1471243071290.png
INFO: [ app_init ] --START--
INFO: Run Behavior\BuildLiteBehavior [ RunTime:0.000021s ]
INFO: [ app_init ] --END-- [ RunTime:0.000311s ]
ERR: 无法加载模块:Public

[ 2016-11-29T16:50:20+08:00 ] 1.80.218.189 /cnconsum/Public/Uploads/headImage/13309206465_1471243071290.png
INFO: [ app_init ] --START--
INFO: Run Behavior\BuildLiteBehavior [ RunTime:0.000013s ]
INFO: [ app_init ] --END-- [ RunTime:0.000276s ]
ERR: 无法加载模块:Public

[ 2016-11-29T17:30:59+08:00 ] 1.80.218.189 /cnconsum/Public/Uploads/addImage/face_02.jpg
INFO: [ app_init ] --START--
INFO: Run Behavior\BuildLiteBehavior [ RunTime:0.000013s ]
INFO: [ app_init ] --END-- [ RunTime:0.000267s ]
ERR: 无法加载模块:Public

[ 2016-11-29T17:30:59+08:00 ] 1.80.218.189 /cnconsum/Public/Uploads/addImage/face_02.jpg
INFO: [ app_init ] --START--
INFO: Run Behavior\BuildLiteBehavior [ RunTime:0.000012s ]
INFO: [ app_init ] --END-- [ RunTime:0.000245s ]
ERR: 无法加载模块:Public

[ 2016-11-29T17:38:11+08:00 ] 1.80.218.189 /cnconsum/Public/Uploads/addImage/face_02.jpg
INFO: [ app_init ] --START--
INFO: Run Behavior\BuildLiteBehavior [ RunTime:0.000017s ]
INFO: [ app_init ] --END-- [ RunTime:0.000319s ]
ERR: 无法加载模块:Public

[ 2016-11-29T17:38:11+08:00 ] 1.80.218.189 /cnconsum/Public/Uploads/addImage/face_02.jpg
INFO: [ app_init ] --START--
INFO: Run Behavior\BuildLiteBehavior [ RunTime:0.000017s ]
INFO: [ app_init ] --END-- [ RunTime:0.000412s ]
ERR: 无法加载模块:Public

[ 2016-11-29T17:52:38+08:00 ] 1.80.218.189 /cnconsum/Public/Uploads/addImage/face_02.jpg
INFO: [ app_init ] --START--
INFO: Run Behavior\BuildLiteBehavior [ RunTime:0.000014s ]
INFO: [ app_init ] --END-- [ RunTime:0.000278s ]
ERR: 无法加载模块:Public

[ 2016-11-29T17:52:38+08:00 ] 1.80.218.189 /cnconsum/Public/Uploads/addImage/face_02.jpg
INFO: [ app_init ] --START--
INFO: Run Behavior\BuildLiteBehavior [ RunTime:0.000017s ]
INFO: [ app_init ] --END-- [ RunTime:0.000453s ]
ERR: 无法加载模块:Public

[ 2016-11-29T21:13:20+08:00 ] 115.120.109.78 /cnconsum/Public/Uploads/advertImage/activity_0.png
INFO: [ app_init ] --START--
INFO: Run Behavior\BuildLiteBehavior [ RunTime:0.000020s ]
INFO: [ app_init ] --END-- [ RunTime:0.000437s ]
ERR: 无法加载模块:Public

[ 2016-11-29T21:13:20+08:00 ] 115.120.109.78 /cnconsum/Public/Uploads/advertImage/(null)
INFO: [ app_init ] --START--
INFO: Run Behavior\BuildLiteBehavior [ RunTime:0.000020s ]
INFO: [ app_init ] --END-- [ RunTime:0.000523s ]
ERR: 无法加载模块:Public

[ 2016-11-29T21:13:33+08:00 ] 115.120.109.78 /cnconsum/Public/Uploads/advertImage/activity_0.png
INFO: [ app_init ] --START--
INFO: Run Behavior\BuildLiteBehavior [ RunTime:0.000034s ]
INFO: [ app_init ] --END-- [ RunTime:0.000372s ]
ERR: 无法加载模块:Public

[ 2016-11-29T21:13:33+08:00 ] 115.120.109.78 /cnconsum/Public/Uploads/advertImage/activity_1.png
INFO: [ app_init ] --START--
INFO: Run Behavior\BuildLiteBehavior [ RunTime:0.000017s ]
INFO: [ app_init ] --END-- [ RunTime:0.000348s ]
ERR: 无法加载模块:Public

[ 2016-11-29T21:13:38+08:00 ] 115.120.109.78 /cnconsum/Public/Uploads/advertImage/activity_1.png
INFO: [ app_init ] --START--
INFO: Run Behavior\BuildLiteBehavior [ RunTime:0.000013s ]
INFO: [ app_init ] --END-- [ RunTime:0.000306s ]
ERR: 无法加载模块:Public

[ 2016-11-29T21:13:38+08:00 ] 115.120.109.78 /cnconsum/Public/Uploads/advertImage/(null)
INFO: [ app_init ] --START--
INFO: Run Behavior\BuildLiteBehavior [ RunTime:0.000012s ]
INFO: [ app_init ] --END-- [ RunTime:0.000371s ]
ERR: 无法加载模块:Public

[ 2016-11-29T22:20:48+08:00 ] 36.40.136.214 /cnconsum/Public/Uploads/advertImage/activity_0.png
INFO: [ app_init ] --START--
INFO: Run Behavior\BuildLiteBehavior [ RunTime:0.000022s ]
INFO: [ app_init ] --END-- [ RunTime:0.000406s ]
ERR: 无法加载模块:Public

[ 2016-11-29T22:20:48+08:00 ] 36.40.136.214 /cnconsum/Public/Uploads/advertImage/activity_1.png
INFO: [ app_init ] --START--
INFO: Run Behavior\BuildLiteBehavior [ RunTime:0.000013s ]
INFO: [ app_init ] --END-- [ RunTime:0.000254s ]
ERR: 无法加载模块:Public

[ 2016-11-29T22:20:48+08:00 ] 36.40.136.214 /cnconsum/Public/Uploads/advertImage/null
INFO: [ app_init ] --START--
INFO: Run Behavior\BuildLiteBehavior [ RunTime:0.000020s ]
INFO: [ app_init ] --END-- [ RunTime:0.000364s ]
ERR: 无法加载模块:Public

[ 2016-11-29T22:21:26+08:00 ] 36.40.136.214 /cnconsum/Public/Uploads/addImage/face_02.jpg
INFO: [ app_init ] --START--
INFO: Run Behavior\BuildLiteBehavior [ RunTime:0.000017s ]
INFO: [ app_init ] --END-- [ RunTime:0.000332s ]
ERR: 无法加载模块:Public

[ 2016-11-29T22:21:26+08:00 ] 36.40.136.214 /cnconsum/Public/Uploads/addImage/face_02.jpg
INFO: [ app_init ] --START--
INFO: Run Behavior\BuildLiteBehavior [ RunTime:0.000014s ]
INFO: [ app_init ] --END-- [ RunTime:0.000278s ]
ERR: 无法加载模块:Public

[ 2016-11-29T22:22:26+08:00 ] 36.40.136.214 /cnconsum/Public/Uploads/addImage/face_02.jpg
INFO: [ app_init ] --START--
INFO: Run Behavior\BuildLiteBehavior [ RunTime:0.000014s ]
INFO: [ app_init ] --END-- [ RunTime:0.000526s ]
ERR: 无法加载模块:Public

[ 2016-11-29T22:22:56+08:00 ] 36.40.136.214 /cnconsum/Public/Uploads/addImage/face_02.jpg
INFO: [ app_init ] --START--
INFO: Run Behavior\BuildLiteBehavior [ RunTime:0.000021s ]
INFO: [ app_init ] --END-- [ RunTime:0.000435s ]
ERR: 无法加载模块:Public

[ 2016-11-29T22:22:56+08:00 ] 36.40.136.214 /cnconsum/Public/Uploads/addImage/face_02.jpg
INFO: [ app_init ] --START--
INFO: Run Behavior\BuildLiteBehavior [ RunTime:0.000013s ]
INFO: [ app_init ] --END-- [ RunTime:0.000325s ]
ERR: 无法加载模块:Public

[ 2016-11-29T22:24:01+08:00 ] 36.40.136.214 /cnconsum/Public/Uploads/addImage/face_02.jpg
INFO: [ app_init ] --START--
INFO: Run Behavior\BuildLiteBehavior [ RunTime:0.000014s ]
INFO: [ app_init ] --END-- [ RunTime:0.000339s ]
ERR: 无法加载模块:Public

[ 2016-11-29T22:24:02+08:00 ] 36.40.136.214 /cnconsum/Public/Uploads/addImage/face_02.jpg
INFO: [ app_init ] --START--
INFO: Run Behavior\BuildLiteBehavior [ RunTime:0.000020s ]
INFO: [ app_init ] --END-- [ RunTime:0.000355s ]
ERR: 无法加载模块:Public

[ 2016-11-29T23:08:10+08:00 ] 36.40.136.214 /cnconsum/Public/Uploads/addImage/face_02.jpg
INFO: [ app_init ] --START--
INFO: Run Behavior\BuildLiteBehavior [ RunTime:0.000021s ]
INFO: [ app_init ] --END-- [ RunTime:0.000401s ]
ERR: 无法加载模块:Public

[ 2016-11-29T23:08:10+08:00 ] 36.40.136.214 /cnconsum/Public/Uploads/addImage/face_02.jpg
INFO: [ app_init ] --START--
INFO: Run Behavior\BuildLiteBehavior [ RunTime:0.000023s ]
INFO: [ app_init ] --END-- [ RunTime:0.000446s ]
ERR: 无法加载模块:Public

[ 2016-11-29T23:08:13+08:00 ] 36.40.136.214 /cnconsum/Public/Uploads/addImage/face_02.jpg
INFO: [ app_init ] --START--
INFO: Run Behavior\BuildLiteBehavior [ RunTime:0.000039s ]
INFO: [ app_init ] --END-- [ RunTime:0.000652s ]
ERR: 无法加载模块:Public

[ 2016-11-29T23:08:15+08:00 ] 36.40.136.214 /cnconsum/Public/Uploads/addImage/face_02.jpg
INFO: [ app_init ] --START--
INFO: Run Behavior\BuildLiteBehavior [ RunTime:0.000027s ]
INFO: [ app_init ] --END-- [ RunTime:0.000520s ]
ERR: 无法加载模块:Public

[ 2016-11-29T23:08:15+08:00 ] 36.40.136.214 /cnconsum/Public/Uploads/addImage/face_02.jpg
INFO: [ app_init ] --START--
INFO: Run Behavior\BuildLiteBehavior [ RunTime:0.000027s ]
INFO: [ app_init ] --END-- [ RunTime:0.000495s ]
ERR: 无法加载模块:Public

[ 2016-11-29T23:09:46+08:00 ] 36.40.136.214 /cnconsum/Public/Uploads/addImage/face_02.jpg
INFO: [ app_init ] --START--
INFO: Run Behavior\BuildLiteBehavior [ RunTime:0.000019s ]
INFO: [ app_init ] --END-- [ RunTime:0.000408s ]
ERR: 无法加载模块:Public

[ 2016-11-29T23:09:47+08:00 ] 36.40.136.214 /cnconsum/Public/Uploads/addImage/face_02.jpg
INFO: [ app_init ] --START--
INFO: Run Behavior\BuildLiteBehavior [ RunTime:0.000018s ]
INFO: [ app_init ] --END-- [ RunTime:0.000297s ]
ERR: 无法加载模块:Public

[ 2016-11-29T23:14:03+08:00 ] 36.40.136.214 /cnconsum/Public/Uploads/addImage/face_02.jpg
INFO: [ app_init ] --START--
INFO: Run Behavior\BuildLiteBehavior [ RunTime:0.000023s ]
INFO: [ app_init ] --END-- [ RunTime:0.000442s ]
ERR: 无法加载模块:Public

[ 2016-11-29T23:14:04+08:00 ] 36.40.136.214 /cnconsum/Public/Uploads/addImage/face_02.jpg
INFO: [ app_init ] --START--
INFO: Run Behavior\BuildLiteBehavior [ RunTime:0.000028s ]
INFO: [ app_init ] --END-- [ RunTime:0.000685s ]
ERR: 无法加载模块:Public

[ 2016-11-29T23:14:09+08:00 ] 36.40.136.214 /cnconsum/Public/Uploads/addImage/face_02.jpg
INFO: [ app_init ] --START--
INFO: Run Behavior\BuildLiteBehavior [ RunTime:0.000025s ]
INFO: [ app_init ] --END-- [ RunTime:0.000570s ]
ERR: 无法加载模块:Public

