[ 2017-03-07T09:47:02+08:00 ] 49.77.141.207 /cnconsum/Public/Uploads/insert/(null)
INFO: [ app_init ] --START--
INFO: Run Behavior\BuildLiteBehavior [ RunTime:0.000011s ]
INFO: [ app_init ] --END-- [ RunTime:0.000236s ]
ERR: 无法加载模块:Public

[ 2017-03-07T09:48:58+08:00 ] 49.77.141.207 /cnconsum/Public/Uploads/idFrontImage/m_7013c700d8.png
INFO: [ app_init ] --START--
INFO: Run Behavior\BuildLiteBehavior [ RunTime:0.000016s ]
INFO: [ app_init ] --END-- [ RunTime:0.000311s ]
ERR: 无法加载模块:Public

[ 2017-03-07T09:48:58+08:00 ] 49.77.141.207 /cnconsum/Public/Uploads/idBackImage/m_7013c700d8.png
INFO: [ app_init ] --START--
INFO: Run Behavior\BuildLiteBehavior [ RunTime:0.000016s ]
INFO: [ app_init ] --END-- [ RunTime:0.000360s ]
ERR: 无法加载模块:Public

[ 2017-03-07T09:48:58+08:00 ] 49.77.141.207 /cnconsum/Public/Uploads/idHandImage/m_7013c700d8.png
INFO: [ app_init ] --START--
INFO: Run Behavior\BuildLiteBehavior [ RunTime:0.000015s ]
INFO: [ app_init ] --END-- [ RunTime:0.000289s ]
ERR: 无法加载模块:Public

[ 2017-03-07T09:49:11+08:00 ] 49.77.141.207 /cnconsum/Public/Uploads/idFrontImage/m_7013c700d8.png
INFO: [ app_init ] --START--
INFO: Run Behavior\BuildLiteBehavior [ RunTime:0.000020s ]
INFO: [ app_init ] --END-- [ RunTime:0.000397s ]
ERR: 无法加载模块:Public

[ 2017-03-07T09:49:11+08:00 ] 49.77.141.207 /cnconsum/Public/Uploads/idBackImage/m_7013c700d8.png
INFO: [ app_init ] --START--
INFO: Run Behavior\BuildLiteBehavior [ RunTime:0.000013s ]
INFO: [ app_init ] --END-- [ RunTime:0.000258s ]
ERR: 无法加载模块:Public

[ 2017-03-07T09:49:11+08:00 ] 49.77.141.207 /cnconsum/Public/Uploads/idHandImage/m_7013c700d8.png
INFO: [ app_init ] --START--
INFO: Run Behavior\BuildLiteBehavior [ RunTime:0.000018s ]
INFO: [ app_init ] --END-- [ RunTime:0.000323s ]
ERR: 无法加载模块:Public

[ 2017-03-07T10:56:51+08:00 ] 117.22.26.103 /cnconsum/Public/Uploads/headImage/%E6%9C%AA%E8%AE%BE%E7%BD%AE
INFO: [ app_init ] --START--
INFO: Run Behavior\BuildLiteBehavior [ RunTime:0.000020s ]
INFO: [ app_init ] --END-- [ RunTime:0.000349s ]
ERR: 无法加载模块:Public

[ 2017-03-07T16:40:36+08:00 ] 101.226.125.103 /cnconsum/Public/Uploads/systemImage/cardTemp
INFO: [ app_init ] --START--
INFO: Run Behavior\BuildLiteBehavior [ RunTime:0.000018s ]
INFO: [ app_init ] --END-- [ RunTime:0.013364s ]
ERR: 无法加载模块:Public

