[ 2017-02-14T09:16:28+08:00 ] 117.22.24.112 /cnconsum/Public/Uploads/addImage/(null)
INFO: [ app_init ] --START--
INFO: Run Behavior\BuildLiteBehavior [ RunTime:0.000017s ]
INFO: [ app_init ] --END-- [ RunTime:0.000333s ]
ERR: 无法加载模块:Public

[ 2017-02-14T10:11:26+08:00 ] 117.22.24.112 /cnconsum/Public/Uploads/headImage/15399063269_1468307841167.png
INFO: [ app_init ] --START--
INFO: Run Behavior\BuildLiteBehavior [ RunTime:0.000013s ]
INFO: [ app_init ] --END-- [ RunTime:0.000249s ]
ERR: 无法加载模块:Public

[ 2017-02-14T10:11:26+08:00 ] 117.22.24.112 /cnconsum/Public/Uploads/headImage/15399063269_1468307841167.png
INFO: [ app_init ] --START--
INFO: Run Behavior\BuildLiteBehavior [ RunTime:0.000014s ]
INFO: [ app_init ] --END-- [ RunTime:0.000271s ]
ERR: 无法加载模块:Public

[ 2017-02-14T10:11:26+08:00 ] 117.22.24.112 /cnconsum/Public/Uploads/headImage/15399063269_1468307841167.png
INFO: [ app_init ] --START--
INFO: Run Behavior\BuildLiteBehavior [ RunTime:0.000014s ]
INFO: [ app_init ] --END-- [ RunTime:0.000369s ]
ERR: 无法加载模块:Public

[ 2017-02-14T10:11:26+08:00 ] 117.22.24.112 /cnconsum/Public/Uploads/headImage/15399063269_1468307841167.png
INFO: [ app_init ] --START--
INFO: Run Behavior\BuildLiteBehavior [ RunTime:0.000013s ]
INFO: [ app_init ] --END-- [ RunTime:0.000332s ]
ERR: 无法加载模块:Public

[ 2017-02-14T10:11:58+08:00 ] 117.22.24.112 /cnconsum/Public/Uploads/headImage/15399063269_1468307841167.png
INFO: [ app_init ] --START--
INFO: Run Behavior\BuildLiteBehavior [ RunTime:0.000012s ]
INFO: [ app_init ] --END-- [ RunTime:0.000272s ]
ERR: 无法加载模块:Public

[ 2017-02-14T10:11:58+08:00 ] 117.22.24.112 /cnconsum/Public/Uploads/headImage/15399063269_1468307841167.png
INFO: [ app_init ] --START--
INFO: Run Behavior\BuildLiteBehavior [ RunTime:0.000012s ]
INFO: [ app_init ] --END-- [ RunTime:0.000274s ]
ERR: 无法加载模块:Public

[ 2017-02-14T10:14:52+08:00 ] 117.22.24.112 /cnconsum/Public/Uploads/headImage/15399063269_1468307841167.png
INFO: [ app_init ] --START--
INFO: Run Behavior\BuildLiteBehavior [ RunTime:0.000012s ]
INFO: [ app_init ] --END-- [ RunTime:0.000334s ]
ERR: 无法加载模块:Public

[ 2017-02-14T10:14:52+08:00 ] 117.22.24.112 /cnconsum/Public/Uploads/headImage/15399063269_1468307841167.png
INFO: [ app_init ] --START--
INFO: Run Behavior\BuildLiteBehavior [ RunTime:0.000015s ]
INFO: [ app_init ] --END-- [ RunTime:0.000262s ]
ERR: 无法加载模块:Public

[ 2017-02-14T10:15:01+08:00 ] 117.22.24.112 /cnconsum/Public/Uploads/headImage/15399063269_1468307841167.png
INFO: [ app_init ] --START--
INFO: Run Behavior\BuildLiteBehavior [ RunTime:0.000021s ]
INFO: [ app_init ] --END-- [ RunTime:0.000405s ]
ERR: 无法加载模块:Public

[ 2017-02-14T10:15:01+08:00 ] 117.22.24.112 /cnconsum/Public/Uploads/headImage/15399063269_1468307841167.png
INFO: [ app_init ] --START--
INFO: Run Behavior\BuildLiteBehavior [ RunTime:0.000017s ]
INFO: [ app_init ] --END-- [ RunTime:0.000295s ]
ERR: 无法加载模块:Public

[ 2017-02-14T10:15:03+08:00 ] 117.22.24.112 /cnconsum/Public/Uploads/headImage/15399063269_1468307841167.png
INFO: [ app_init ] --START--
INFO: Run Behavior\BuildLiteBehavior [ RunTime:0.000019s ]
INFO: [ app_init ] --END-- [ RunTime:0.000290s ]
ERR: 无法加载模块:Public

[ 2017-02-14T10:15:03+08:00 ] 117.22.24.112 /cnconsum/Public/Uploads/headImage/15399063269_1468307841167.png
INFO: [ app_init ] --START--
INFO: Run Behavior\BuildLiteBehavior [ RunTime:0.000013s ]
INFO: [ app_init ] --END-- [ RunTime:0.000276s ]
ERR: 无法加载模块:Public

[ 2017-02-14T10:15:17+08:00 ] 117.22.24.112 /cnconsum/Public/Uploads/headImage/15399063269_1468307841167.png
INFO: [ app_init ] --START--
INFO: Run Behavior\BuildLiteBehavior [ RunTime:0.000013s ]
INFO: [ app_init ] --END-- [ RunTime:0.000271s ]
ERR: 无法加载模块:Public

[ 2017-02-14T10:15:17+08:00 ] 117.22.24.112 /cnconsum/Public/Uploads/headImage/15399063269_1468307841167.png
INFO: [ app_init ] --START--
INFO: Run Behavior\BuildLiteBehavior [ RunTime:0.000013s ]
INFO: [ app_init ] --END-- [ RunTime:0.000347s ]
ERR: 无法加载模块:Public

[ 2017-02-14T10:15:17+08:00 ] 117.22.24.112 /cnconsum/Public/Uploads/headImage/15399063269_1468307841167.png
INFO: [ app_init ] --START--
INFO: Run Behavior\BuildLiteBehavior [ RunTime:0.000013s ]
INFO: [ app_init ] --END-- [ RunTime:0.000253s ]
ERR: 无法加载模块:Public

[ 2017-02-14T10:15:17+08:00 ] 117.22.24.112 /cnconsum/Public/Uploads/headImage/15399063269_1468307841167.png
INFO: [ app_init ] --START--
INFO: Run Behavior\BuildLiteBehavior [ RunTime:0.000012s ]
INFO: [ app_init ] --END-- [ RunTime:0.000243s ]
ERR: 无法加载模块:Public

[ 2017-02-14T10:15:30+08:00 ] 117.22.24.112 /cnconsum/Public/Uploads/headImage/15399063269_1468307841167.png
INFO: [ app_init ] --START--
INFO: Run Behavior\BuildLiteBehavior [ RunTime:0.000020s ]
INFO: [ app_init ] --END-- [ RunTime:0.000247s ]
ERR: 无法加载模块:Public

[ 2017-02-14T10:15:30+08:00 ] 117.22.24.112 /cnconsum/Public/Uploads/headImage/15399063269_1468307841167.png
INFO: [ app_init ] --START--
INFO: Run Behavior\BuildLiteBehavior [ RunTime:0.000013s ]
INFO: [ app_init ] --END-- [ RunTime:0.000277s ]
ERR: 无法加载模块:Public

[ 2017-02-14T10:16:44+08:00 ] 117.22.24.112 /cnconsum/Public/Uploads/headImage/15399063269_1468307841167.png
INFO: [ app_init ] --START--
INFO: Run Behavior\BuildLiteBehavior [ RunTime:0.000012s ]
INFO: [ app_init ] --END-- [ RunTime:0.000271s ]
ERR: 无法加载模块:Public

[ 2017-02-14T10:16:44+08:00 ] 117.22.24.112 /cnconsum/Public/Uploads/headImage/15399063269_1468307841167.png
INFO: [ app_init ] --START--
INFO: Run Behavior\BuildLiteBehavior [ RunTime:0.000012s ]
INFO: [ app_init ] --END-- [ RunTime:0.000247s ]
ERR: 无法加载模块:Public

[ 2017-02-14T10:16:47+08:00 ] 117.22.24.112 /cnconsum/Public/Uploads/headImage/15399063269_1468307841167.png
INFO: [ app_init ] --START--
INFO: Run Behavior\BuildLiteBehavior [ RunTime:0.000013s ]
INFO: [ app_init ] --END-- [ RunTime:0.000259s ]
ERR: 无法加载模块:Public

[ 2017-02-14T10:16:47+08:00 ] 117.22.24.112 /cnconsum/Public/Uploads/headImage/15399063269_1468307841167.png
INFO: [ app_init ] --START--
INFO: Run Behavior\BuildLiteBehavior [ RunTime:0.000012s ]
INFO: [ app_init ] --END-- [ RunTime:0.000279s ]
ERR: 无法加载模块:Public

[ 2017-02-14T10:19:03+08:00 ] 117.22.26.126 /cnconsum/Public/Uploads/headImage/15399063269_1468307841167.png
INFO: [ app_init ] --START--
INFO: Run Behavior\BuildLiteBehavior [ RunTime:0.000020s ]
INFO: [ app_init ] --END-- [ RunTime:0.000319s ]
ERR: 无法加载模块:Public

[ 2017-02-14T10:19:03+08:00 ] 117.22.26.126 /cnconsum/Public/Uploads/headImage/15399063269_1468307841167.png
INFO: [ app_init ] --START--
INFO: Run Behavior\BuildLiteBehavior [ RunTime:0.000015s ]
INFO: [ app_init ] --END-- [ RunTime:0.000330s ]
ERR: 无法加载模块:Public

[ 2017-02-14T10:19:18+08:00 ] 117.22.26.126 /cnconsum/Public/Uploads/headImage/15399063269_1468307841167.png
INFO: [ app_init ] --START--
INFO: Run Behavior\BuildLiteBehavior [ RunTime:0.000019s ]
INFO: [ app_init ] --END-- [ RunTime:0.000425s ]
ERR: 无法加载模块:Public

[ 2017-02-14T10:19:18+08:00 ] 117.22.26.126 /cnconsum/Public/Uploads/headImage/15399063269_1468307841167.png
INFO: [ app_init ] --START--
INFO: Run Behavior\BuildLiteBehavior [ RunTime:0.000013s ]
INFO: [ app_init ] --END-- [ RunTime:0.000255s ]
ERR: 无法加载模块:Public

[ 2017-02-14T10:19:46+08:00 ] 117.22.26.126 /cnconsum/Public/Uploads/headImage/15399063269_1468307841167.png
INFO: [ app_init ] --START--
INFO: Run Behavior\BuildLiteBehavior [ RunTime:0.000067s ]
INFO: [ app_init ] --END-- [ RunTime:0.000399s ]
ERR: 无法加载模块:Public

[ 2017-02-14T10:19:46+08:00 ] 117.22.26.126 /cnconsum/Public/Uploads/headImage/15399063269_1468307841167.png
INFO: [ app_init ] --START--
INFO: Run Behavior\BuildLiteBehavior [ RunTime:0.000013s ]
INFO: [ app_init ] --END-- [ RunTime:0.000252s ]
ERR: 无法加载模块:Public

[ 2017-02-14T10:19:46+08:00 ] 117.22.26.126 /cnconsum/Public/Uploads/headImage/15399063269_1468307841167.png
INFO: [ app_init ] --START--
INFO: Run Behavior\BuildLiteBehavior [ RunTime:0.000014s ]
INFO: [ app_init ] --END-- [ RunTime:0.000275s ]
ERR: 无法加载模块:Public

[ 2017-02-14T10:19:46+08:00 ] 117.22.26.126 /cnconsum/Public/Uploads/headImage/15399063269_1468307841167.png
INFO: [ app_init ] --START--
INFO: Run Behavior\BuildLiteBehavior [ RunTime:0.000038s ]
INFO: [ app_init ] --END-- [ RunTime:0.000342s ]
ERR: 无法加载模块:Public

[ 2017-02-14T10:20:06+08:00 ] 117.22.26.126 /cnconsum/Public/Uploads/headImage/15399063269_1468307841167.png
INFO: [ app_init ] --START--
INFO: Run Behavior\BuildLiteBehavior [ RunTime:0.000017s ]
INFO: [ app_init ] --END-- [ RunTime:0.000317s ]
ERR: 无法加载模块:Public

[ 2017-02-14T10:20:06+08:00 ] 117.22.26.126 /cnconsum/Public/Uploads/headImage/15399063269_1468307841167.png
INFO: [ app_init ] --START--
INFO: Run Behavior\BuildLiteBehavior [ RunTime:0.000012s ]
INFO: [ app_init ] --END-- [ RunTime:0.000257s ]
ERR: 无法加载模块:Public

[ 2017-02-14T10:21:26+08:00 ] 117.22.26.126 /cnconsum/Public/Uploads/headImage/15399063269_1468307841167.png
INFO: [ app_init ] --START--
INFO: Run Behavior\BuildLiteBehavior [ RunTime:0.000014s ]
INFO: [ app_init ] --END-- [ RunTime:0.000333s ]
ERR: 无法加载模块:Public

[ 2017-02-14T10:21:26+08:00 ] 117.22.26.126 /cnconsum/Public/Uploads/headImage/15399063269_1468307841167.png
INFO: [ app_init ] --START--
INFO: Run Behavior\BuildLiteBehavior [ RunTime:0.000012s ]
INFO: [ app_init ] --END-- [ RunTime:0.000247s ]
ERR: 无法加载模块:Public

[ 2017-02-14T10:21:47+08:00 ] 117.22.26.126 /cnconsum/Public/Uploads/headImage/15399063269_1468307841167.png
INFO: [ app_init ] --START--
INFO: Run Behavior\BuildLiteBehavior [ RunTime:0.000017s ]
INFO: [ app_init ] --END-- [ RunTime:0.000353s ]
ERR: 无法加载模块:Public

[ 2017-02-14T10:21:47+08:00 ] 117.22.26.126 /cnconsum/Public/Uploads/headImage/15399063269_1468307841167.png
INFO: [ app_init ] --START--
INFO: Run Behavior\BuildLiteBehavior [ RunTime:0.000012s ]
INFO: [ app_init ] --END-- [ RunTime:0.000263s ]
ERR: 无法加载模块:Public

[ 2017-02-14T10:21:47+08:00 ] 117.22.26.126 /cnconsum/Public/Uploads/headImage/15399063269_1468307841167.png
INFO: [ app_init ] --START--
INFO: Run Behavior\BuildLiteBehavior [ RunTime:0.000013s ]
INFO: [ app_init ] --END-- [ RunTime:0.000267s ]
ERR: 无法加载模块:Public

[ 2017-02-14T10:21:47+08:00 ] 117.22.26.126 /cnconsum/Public/Uploads/headImage/15399063269_1468307841167.png
INFO: [ app_init ] --START--
INFO: Run Behavior\BuildLiteBehavior [ RunTime:0.000013s ]
INFO: [ app_init ] --END-- [ RunTime:0.000290s ]
ERR: 无法加载模块:Public

[ 2017-02-14T10:22:41+08:00 ] 117.22.26.126 /cnconsum/Public/Uploads/headImage/15399063269_1468307841167.png
INFO: [ app_init ] --START--
INFO: Run Behavior\BuildLiteBehavior [ RunTime:0.000012s ]
INFO: [ app_init ] --END-- [ RunTime:0.000285s ]
ERR: 无法加载模块:Public

[ 2017-02-14T10:22:41+08:00 ] 117.22.26.126 /cnconsum/Public/Uploads/headImage/15399063269_1468307841167.png
INFO: [ app_init ] --START--
INFO: Run Behavior\BuildLiteBehavior [ RunTime:0.000013s ]
INFO: [ app_init ] --END-- [ RunTime:0.000254s ]
ERR: 无法加载模块:Public

[ 2017-02-14T10:22:41+08:00 ] 117.22.26.126 /cnconsum/Public/Uploads/headImage/15399063269_1468307841167.png
INFO: [ app_init ] --START--
INFO: Run Behavior\BuildLiteBehavior [ RunTime:0.000014s ]
INFO: [ app_init ] --END-- [ RunTime:0.000303s ]
ERR: 无法加载模块:Public

[ 2017-02-14T10:22:41+08:00 ] 117.22.26.126 /cnconsum/Public/Uploads/headImage/15399063269_1468307841167.png
INFO: [ app_init ] --START--
INFO: Run Behavior\BuildLiteBehavior [ RunTime:0.000012s ]
INFO: [ app_init ] --END-- [ RunTime:0.000292s ]
ERR: 无法加载模块:Public

[ 2017-02-14T13:39:13+08:00 ] 117.22.26.126 /cnconsum/Public/Uploads/addImage/(null)
INFO: [ app_init ] --START--
INFO: Run Behavior\BuildLiteBehavior [ RunTime:0.000022s ]
INFO: [ app_init ] --END-- [ RunTime:0.000348s ]
ERR: 无法加载模块:Public

[ 2017-02-14T13:39:14+08:00 ] 117.22.26.126 /cnconsum/Public/Uploads/addImage/(null)
INFO: [ app_init ] --START--
INFO: Run Behavior\BuildLiteBehavior [ RunTime:0.000013s ]
INFO: [ app_init ] --END-- [ RunTime:0.000252s ]
ERR: 无法加载模块:Public

[ 2017-02-14T16:07:34+08:00 ] 117.22.26.126 /cnconsum/Public/Uploads/addImage/(null)
INFO: [ app_init ] --START--
INFO: Run Behavior\BuildLiteBehavior [ RunTime:0.000013s ]
INFO: [ app_init ] --END-- [ RunTime:0.000265s ]
ERR: 无法加载模块:Public

[ 2017-02-14T18:00:22+08:00 ] 117.22.26.126 /cnconsum/Public/Uploads/addImage/(null)
INFO: [ app_init ] --START--
INFO: Run Behavior\BuildLiteBehavior [ RunTime:0.000014s ]
INFO: [ app_init ] --END-- [ RunTime:0.000272s ]
ERR: 无法加载模块:Public

[ 2017-02-14T18:09:41+08:00 ] 117.22.26.126 /cnconsum/Public/Uploads/addImage/(null)
INFO: [ app_init ] --START--
INFO: Run Behavior\BuildLiteBehavior [ RunTime:0.000014s ]
INFO: [ app_init ] --END-- [ RunTime:0.000254s ]
ERR: 无法加载模块:Public

