[ 2017-02-27T11:10:39+08:00 ] 117.22.26.36 /cnconsum/Public/Uploads/addImage/null
INFO: [ app_init ] --START--
INFO: Run Behavior\BuildLiteBehavior [ RunTime:0.000012s ]
INFO: [ app_init ] --END-- [ RunTime:0.000254s ]
ERR: 无法加载模块:Public

[ 2017-02-27T11:10:39+08:00 ] 117.22.26.36 /cnconsum/Public/Uploads/addImage/null
INFO: [ app_init ] --START--
INFO: Run Behavior\BuildLiteBehavior [ RunTime:0.000013s ]
INFO: [ app_init ] --END-- [ RunTime:0.000256s ]
ERR: 无法加载模块:Public

[ 2017-02-27T11:10:39+08:00 ] 117.22.26.36 /cnconsum/Public/Uploads/addImage/null
INFO: [ app_init ] --START--
INFO: Run Behavior\BuildLiteBehavior [ RunTime:0.000017s ]
INFO: [ app_init ] --END-- [ RunTime:0.000339s ]
ERR: 无法加载模块:Public

[ 2017-02-27T11:19:24+08:00 ] 117.22.26.36 /cnconsum/Public/Uploads/addImage/null
INFO: [ app_init ] --START--
INFO: Run Behavior\BuildLiteBehavior [ RunTime:0.000013s ]
INFO: [ app_init ] --END-- [ RunTime:0.000303s ]
ERR: 无法加载模块:Public

[ 2017-02-27T11:19:24+08:00 ] 117.22.26.36 /cnconsum/Public/Uploads/addImage/null
INFO: [ app_init ] --START--
INFO: Run Behavior\BuildLiteBehavior [ RunTime:0.000014s ]
INFO: [ app_init ] --END-- [ RunTime:0.000341s ]
ERR: 无法加载模块:Public

[ 2017-02-27T11:19:24+08:00 ] 117.22.26.36 /cnconsum/Public/Uploads/addImage/null
INFO: [ app_init ] --START--
INFO: Run Behavior\BuildLiteBehavior [ RunTime:0.000012s ]
INFO: [ app_init ] --END-- [ RunTime:0.000289s ]
ERR: 无法加载模块:Public

[ 2017-02-27T11:19:24+08:00 ] 117.22.26.36 /cnconsum/Public/Uploads/addImage/null
INFO: [ app_init ] --START--
INFO: Run Behavior\BuildLiteBehavior [ RunTime:0.000012s ]
INFO: [ app_init ] --END-- [ RunTime:0.000275s ]
ERR: 无法加载模块:Public

[ 2017-02-27T14:32:01+08:00 ] 117.22.27.197 /cnconsum/Public/Uploads/headImage/%E6%9C%AA%E8%AE%BE%E7%BD%AE
INFO: [ app_init ] --START--
INFO: Run Behavior\BuildLiteBehavior [ RunTime:0.000014s ]
INFO: [ app_init ] --END-- [ RunTime:0.000394s ]
ERR: 无法加载模块:Public

[ 2017-02-27T14:32:01+08:00 ] 117.22.27.197 /cnconsum/Public/Uploads/headImage/%E6%9C%AA%E8%AE%BE%E7%BD%AE
INFO: [ app_init ] --START--
INFO: Run Behavior\BuildLiteBehavior [ RunTime:0.000014s ]
INFO: [ app_init ] --END-- [ RunTime:0.000296s ]
ERR: 无法加载模块:Public

[ 2017-02-27T14:32:01+08:00 ] 117.22.27.197 /cnconsum/Public/Uploads/headImage/%E6%9C%AA%E8%AE%BE%E7%BD%AE
INFO: [ app_init ] --START--
INFO: Run Behavior\BuildLiteBehavior [ RunTime:0.000014s ]
INFO: [ app_init ] --END-- [ RunTime:0.000317s ]
ERR: 无法加载模块:Public

[ 2017-02-27T14:40:40+08:00 ] 117.22.27.197 /cnconsum/Public/Uploads/addImage/null
INFO: [ app_init ] --START--
INFO: Run Behavior\BuildLiteBehavior [ RunTime:0.000014s ]
INFO: [ app_init ] --END-- [ RunTime:0.000425s ]
ERR: 无法加载模块:Public

[ 2017-02-27T14:40:40+08:00 ] 117.22.27.197 /cnconsum/Public/Uploads/addImage/null
INFO: [ app_init ] --START--
INFO: Run Behavior\BuildLiteBehavior [ RunTime:0.000014s ]
INFO: [ app_init ] --END-- [ RunTime:0.000284s ]
ERR: 无法加载模块:Public

