[ 2017-01-16T09:24:07+08:00 ] 117.22.24.108 /cnconsum/Public/Uploads/activity/(null)
INFO: [ app_init ] --START--
INFO: Run Behavior\BuildLiteBehavior [ RunTime:0.000012s ]
INFO: [ app_init ] --END-- [ RunTime:0.000274s ]
ERR: 无法加载模块:Public

[ 2017-01-16T09:37:14+08:00 ] 117.22.24.108 /cnconsum/Public/Uploads/activity/(null)
INFO: [ app_init ] --START--
INFO: Run Behavior\BuildLiteBehavior [ RunTime:0.000019s ]
INFO: [ app_init ] --END-- [ RunTime:0.000401s ]
ERR: 无法加载模块:Public

[ 2017-01-16T09:54:11+08:00 ] 117.22.24.108 /cnconsum/Public/Uploads/addImage/null
INFO: [ app_init ] --START--
INFO: Run Behavior\BuildLiteBehavior [ RunTime:0.000016s ]
INFO: [ app_init ] --END-- [ RunTime:0.000327s ]
ERR: 无法加载模块:Public

[ 2017-01-16T09:54:11+08:00 ] 117.22.24.108 /cnconsum/Public/Uploads/addImage/null
INFO: [ app_init ] --START--
INFO: Run Behavior\BuildLiteBehavior [ RunTime:0.000014s ]
INFO: [ app_init ] --END-- [ RunTime:0.000377s ]
ERR: 无法加载模块:Public

[ 2017-01-16T09:54:22+08:00 ] 117.22.24.108 /cnconsum/Public/Uploads/addImage/null
INFO: [ app_init ] --START--
INFO: Run Behavior\BuildLiteBehavior [ RunTime:0.000013s ]
INFO: [ app_init ] --END-- [ RunTime:0.000263s ]
ERR: 无法加载模块:Public

[ 2017-01-16T09:54:22+08:00 ] 117.22.24.108 /cnconsum/Public/Uploads/addImage/null
INFO: [ app_init ] --START--
INFO: Run Behavior\BuildLiteBehavior [ RunTime:0.000013s ]
INFO: [ app_init ] --END-- [ RunTime:0.000276s ]
ERR: 无法加载模块:Public

[ 2017-01-16T09:59:54+08:00 ] 117.22.24.108 /cnconsum/Public/Uploads/activity/(null)
INFO: [ app_init ] --START--
INFO: Run Behavior\BuildLiteBehavior [ RunTime:0.000014s ]
INFO: [ app_init ] --END-- [ RunTime:0.000276s ]
ERR: 无法加载模块:Public

[ 2017-01-16T10:00:42+08:00 ] 117.22.24.108 /cnconsum/Public/Uploads/activity/(null)
INFO: [ app_init ] --START--
INFO: Run Behavior\BuildLiteBehavior [ RunTime:0.000012s ]
INFO: [ app_init ] --END-- [ RunTime:0.000262s ]
ERR: 无法加载模块:Public

[ 2017-01-16T10:03:01+08:00 ] 117.22.24.108 /cnconsum/Public/Uploads/activity/(null)
INFO: [ app_init ] --START--
INFO: Run Behavior\BuildLiteBehavior [ RunTime:0.000012s ]
INFO: [ app_init ] --END-- [ RunTime:0.000253s ]
ERR: 无法加载模块:Public

[ 2017-01-16T10:15:59+08:00 ] 117.22.24.108 /cnconsum/Public/css/login.css
INFO: [ app_init ] --START--
INFO: Run Behavior\BuildLiteBehavior [ RunTime:0.000014s ]
INFO: [ app_init ] --END-- [ RunTime:0.000286s ]
ERR: 无法加载模块:Public

[ 2017-01-16T10:15:59+08:00 ] 117.22.24.108 /cnconsum/Public/images/2.png
INFO: [ app_init ] --START--
INFO: Run Behavior\BuildLiteBehavior [ RunTime:0.000012s ]
INFO: [ app_init ] --END-- [ RunTime:0.000248s ]
ERR: 无法加载模块:Public

[ 2017-01-16T10:15:59+08:00 ] 117.22.24.108 /cnconsum/Public/images/title.png
INFO: [ app_init ] --START--
INFO: Run Behavior\BuildLiteBehavior [ RunTime:0.000014s ]
INFO: [ app_init ] --END-- [ RunTime:0.000295s ]
ERR: 无法加载模块:Public

[ 2017-01-16T10:15:59+08:00 ] 117.22.24.108 /cnconsum/Public/images/1.png
INFO: [ app_init ] --START--
INFO: Run Behavior\BuildLiteBehavior [ RunTime:0.000019s ]
INFO: [ app_init ] --END-- [ RunTime:0.000294s ]
ERR: 无法加载模块:Public

[ 2017-01-16T10:15:59+08:00 ] 117.22.24.108 /cnconsum/Public/images/2.png
INFO: [ app_init ] --START--
INFO: Run Behavior\BuildLiteBehavior [ RunTime:0.000014s ]
INFO: [ app_init ] --END-- [ RunTime:0.000277s ]
ERR: 无法加载模块:Public

[ 2017-01-16T10:17:08+08:00 ] 117.22.24.108 /cnconsum/Public/images/2.png
INFO: [ app_init ] --START--
INFO: Run Behavior\BuildLiteBehavior [ RunTime:0.000013s ]
INFO: [ app_init ] --END-- [ RunTime:0.000255s ]
ERR: 无法加载模块:Public

[ 2017-01-16T10:17:08+08:00 ] 117.22.24.108 /cnconsum/Public/images/2.png
INFO: [ app_init ] --START--
INFO: Run Behavior\BuildLiteBehavior [ RunTime:0.000013s ]
INFO: [ app_init ] --END-- [ RunTime:0.000255s ]
ERR: 无法加载模块:Public

[ 2017-01-16T10:32:12+08:00 ] 117.22.24.108 /cnconsum/Public/Uploads/activity/(null)
INFO: [ app_init ] --START--
INFO: Run Behavior\BuildLiteBehavior [ RunTime:0.000012s ]
INFO: [ app_init ] --END-- [ RunTime:0.000290s ]
ERR: 无法加载模块:Public

[ 2017-01-16T10:35:46+08:00 ] 117.22.24.108 /cnconsum/Public/iamge/admin/toolbar.gif
INFO: [ app_init ] --START--
INFO: Run Behavior\BuildLiteBehavior [ RunTime:0.000014s ]
INFO: [ app_init ] --END-- [ RunTime:0.000329s ]
ERR: 无法加载模块:Public

[ 2017-01-16T10:35:46+08:00 ] 117.22.24.108 /cnconsum/Public/css/images/bg-head.gif
INFO: [ app_init ] --START--
INFO: Run Behavior\BuildLiteBehavior [ RunTime:0.000012s ]
INFO: [ app_init ] --END-- [ RunTime:0.000262s ]
ERR: 无法加载模块:Public

[ 2017-01-16T10:35:46+08:00 ] 117.22.24.108 /cnconsum/Public/css/images/bg-head-left.gif
INFO: [ app_init ] --START--
INFO: Run Behavior\BuildLiteBehavior [ RunTime:0.000015s ]
INFO: [ app_init ] --END-- [ RunTime:0.000319s ]
ERR: 无法加载模块:Public

[ 2017-01-16T10:35:46+08:00 ] 117.22.24.108 /cnconsum/Public/css/images/pg-act.png
INFO: [ app_init ] --START--
INFO: Run Behavior\BuildLiteBehavior [ RunTime:0.000013s ]
INFO: [ app_init ] --END-- [ RunTime:0.000280s ]
ERR: 无法加载模块:Public

[ 2017-01-16T10:35:46+08:00 ] 117.22.24.108 /cnconsum/Public/css/images/bg-menu.gif
INFO: [ app_init ] --START--
INFO: Run Behavior\BuildLiteBehavior [ RunTime:0.000015s ]
INFO: [ app_init ] --END-- [ RunTime:0.000304s ]
ERR: 无法加载模块:Public

[ 2017-01-16T10:35:46+08:00 ] 117.22.24.108 /cnconsum/Public/css/images/pg.png
INFO: [ app_init ] --START--
INFO: Run Behavior\BuildLiteBehavior [ RunTime:0.000036s ]
INFO: [ app_init ] --END-- [ RunTime:0.000299s ]
ERR: 无法加载模块:Public

[ 2017-01-16T10:36:03+08:00 ] 117.22.24.108 /cnconsum/Public/css/images/pg-act.png
INFO: [ app_init ] --START--
INFO: Run Behavior\BuildLiteBehavior [ RunTime:0.000013s ]
INFO: [ app_init ] --END-- [ RunTime:0.000304s ]
ERR: 无法加载模块:Public

[ 2017-01-16T10:36:24+08:00 ] 117.22.24.108 /cnconsum/Public/iamge/admin/toolbar.gif
INFO: [ app_init ] --START--
INFO: Run Behavior\BuildLiteBehavior [ RunTime:0.000025s ]
INFO: [ app_init ] --END-- [ RunTime:0.000483s ]
ERR: 无法加载模块:Public

[ 2017-01-16T10:39:26+08:00 ] 117.22.24.108 /cnconsum/Public/css/image/bg-head-left.gif
INFO: [ app_init ] --START--
INFO: Run Behavior\BuildLiteBehavior [ RunTime:0.000013s ]
INFO: [ app_init ] --END-- [ RunTime:0.000267s ]
ERR: 无法加载模块:Public

[ 2017-01-16T10:39:26+08:00 ] 117.22.24.108 /cnconsum/Public/css/image/bg-menu.gif
INFO: [ app_init ] --START--
INFO: Run Behavior\BuildLiteBehavior [ RunTime:0.000012s ]
INFO: [ app_init ] --END-- [ RunTime:0.000261s ]
ERR: 无法加载模块:Public

[ 2017-01-16T10:39:26+08:00 ] 117.22.24.108 /cnconsum/Public/css/image/pg-act.png
INFO: [ app_init ] --START--
INFO: Run Behavior\BuildLiteBehavior [ RunTime:0.000012s ]
INFO: [ app_init ] --END-- [ RunTime:0.000252s ]
ERR: 无法加载模块:Public

[ 2017-01-16T10:39:26+08:00 ] 117.22.24.108 /cnconsum/Public/css/image/bg-head.gif
INFO: [ app_init ] --START--
INFO: Run Behavior\BuildLiteBehavior [ RunTime:0.000012s ]
INFO: [ app_init ] --END-- [ RunTime:0.000264s ]
ERR: 无法加载模块:Public

[ 2017-01-16T10:39:26+08:00 ] 117.22.24.108 /cnconsum/Public/css/image/pg.png
INFO: [ app_init ] --START--
INFO: Run Behavior\BuildLiteBehavior [ RunTime:0.000011s ]
INFO: [ app_init ] --END-- [ RunTime:0.000253s ]
ERR: 无法加载模块:Public

[ 2017-01-16T10:39:38+08:00 ] 117.22.24.108 /cnconsum/Public/css/image/pg-act.png
INFO: [ app_init ] --START--
INFO: Run Behavior\BuildLiteBehavior [ RunTime:0.000030s ]
INFO: [ app_init ] --END-- [ RunTime:0.000286s ]
ERR: 无法加载模块:Public

[ 2017-01-16T10:40:31+08:00 ] 117.22.24.108 /cnconsum/Public/css/image/bg-head-left.gif
INFO: [ app_init ] --START--
INFO: Run Behavior\BuildLiteBehavior [ RunTime:0.000020s ]
INFO: [ app_init ] --END-- [ RunTime:0.000442s ]
ERR: 无法加载模块:Public

[ 2017-01-16T10:40:31+08:00 ] 117.22.24.108 /cnconsum/Public/css/image/bg-menu.gif
INFO: [ app_init ] --START--
INFO: Run Behavior\BuildLiteBehavior [ RunTime:0.000022s ]
INFO: [ app_init ] --END-- [ RunTime:0.000459s ]
ERR: 无法加载模块:Public

[ 2017-01-16T10:40:31+08:00 ] 117.22.24.108 /cnconsum/Public/css/image/bg-head.gif
INFO: [ app_init ] --START--
INFO: Run Behavior\BuildLiteBehavior [ RunTime:0.000012s ]
INFO: [ app_init ] --END-- [ RunTime:0.000316s ]
ERR: 无法加载模块:Public

[ 2017-01-16T10:40:31+08:00 ] 117.22.24.108 /cnconsum/Public/css/image/pg.png
INFO: [ app_init ] --START--
INFO: Run Behavior\BuildLiteBehavior [ RunTime:0.000015s ]
INFO: [ app_init ] --END-- [ RunTime:0.000326s ]
ERR: 无法加载模块:Public

[ 2017-01-16T10:40:31+08:00 ] 117.22.24.108 /cnconsum/Public/css/image/pg-act.png
INFO: [ app_init ] --START--
INFO: Run Behavior\BuildLiteBehavior [ RunTime:0.000012s ]
INFO: [ app_init ] --END-- [ RunTime:0.000243s ]
ERR: 无法加载模块:Public

[ 2017-01-16T10:43:26+08:00 ] 117.22.24.108 /cnconsum/Public/css/image/pg-act.png
INFO: [ app_init ] --START--
INFO: Run Behavior\BuildLiteBehavior [ RunTime:0.000014s ]
INFO: [ app_init ] --END-- [ RunTime:0.000270s ]
ERR: 无法加载模块:Public

[ 2017-01-16T10:43:26+08:00 ] 117.22.24.108 /cnconsum/Public/css/image/bg-head-left.gif
INFO: [ app_init ] --START--
INFO: Run Behavior\BuildLiteBehavior [ RunTime:0.000012s ]
INFO: [ app_init ] --END-- [ RunTime:0.000260s ]
ERR: 无法加载模块:Public

[ 2017-01-16T10:43:26+08:00 ] 117.22.24.108 /cnconsum/Public/css/image/pg.png
INFO: [ app_init ] --START--
INFO: Run Behavior\BuildLiteBehavior [ RunTime:0.000011s ]
INFO: [ app_init ] --END-- [ RunTime:0.000302s ]
ERR: 无法加载模块:Public

[ 2017-01-16T10:43:26+08:00 ] 117.22.24.108 /cnconsum/Public/css/image/bg-menu.gif
INFO: [ app_init ] --START--
INFO: Run Behavior\BuildLiteBehavior [ RunTime:0.000012s ]
INFO: [ app_init ] --END-- [ RunTime:0.000250s ]
ERR: 无法加载模块:Public

[ 2017-01-16T10:43:26+08:00 ] 117.22.24.108 /cnconsum/Public/css/image/bg-head.gif
INFO: [ app_init ] --START--
INFO: Run Behavior\BuildLiteBehavior [ RunTime:0.000013s ]
INFO: [ app_init ] --END-- [ RunTime:0.001281s ]
ERR: 无法加载模块:Public

[ 2017-01-16T10:43:40+08:00 ] 117.22.24.108 /cnconsum/Public/Uploads/activity/(null)
INFO: [ app_init ] --START--
INFO: Run Behavior\BuildLiteBehavior [ RunTime:0.000011s ]
INFO: [ app_init ] --END-- [ RunTime:0.000240s ]
ERR: 无法加载模块:Public

[ 2017-01-16T10:44:58+08:00 ] 117.22.24.108 /cnconsum/Public/image/bg-head.gif
INFO: [ app_init ] --START--
INFO: Run Behavior\BuildLiteBehavior [ RunTime:0.000018s ]
INFO: [ app_init ] --END-- [ RunTime:0.000335s ]
ERR: 无法加载模块:Public

[ 2017-01-16T10:44:58+08:00 ] 117.22.24.108 /cnconsum/Public/image/pg.png
INFO: [ app_init ] --START--
INFO: Run Behavior\BuildLiteBehavior [ RunTime:0.000013s ]
INFO: [ app_init ] --END-- [ RunTime:0.000274s ]
ERR: 无法加载模块:Public

[ 2017-01-16T10:44:58+08:00 ] 117.22.24.108 /cnconsum/Public/image/bg-head-left.gif
INFO: [ app_init ] --START--
INFO: Run Behavior\BuildLiteBehavior [ RunTime:0.000011s ]
INFO: [ app_init ] --END-- [ RunTime:0.000268s ]
ERR: 无法加载模块:Public

[ 2017-01-16T10:44:58+08:00 ] 117.22.24.108 /cnconsum/Public/image/pg-act.png
INFO: [ app_init ] --START--
INFO: Run Behavior\BuildLiteBehavior [ RunTime:0.000043s ]
INFO: [ app_init ] --END-- [ RunTime:0.000381s ]
ERR: 无法加载模块:Public

[ 2017-01-16T10:44:58+08:00 ] 117.22.24.108 /cnconsum/Public/image/bg-menu.gif
INFO: [ app_init ] --START--
INFO: Run Behavior\BuildLiteBehavior [ RunTime:0.000015s ]
INFO: [ app_init ] --END-- [ RunTime:0.000320s ]
ERR: 无法加载模块:Public

[ 2017-01-16T10:45:13+08:00 ] 117.22.24.108 /cnconsum/Public/image/bg-head-left.gif
INFO: [ app_init ] --START--
INFO: Run Behavior\BuildLiteBehavior [ RunTime:0.000013s ]
INFO: [ app_init ] --END-- [ RunTime:0.000324s ]
ERR: 无法加载模块:Public

[ 2017-01-16T10:45:13+08:00 ] 117.22.24.108 /cnconsum/Public/image/bg-head.gif
INFO: [ app_init ] --START--
INFO: Run Behavior\BuildLiteBehavior [ RunTime:0.000012s ]
INFO: [ app_init ] --END-- [ RunTime:0.000285s ]
ERR: 无法加载模块:Public

[ 2017-01-16T10:45:13+08:00 ] 117.22.24.108 /cnconsum/Public/image/bg-menu.gif
INFO: [ app_init ] --START--
INFO: Run Behavior\BuildLiteBehavior [ RunTime:0.000016s ]
INFO: [ app_init ] --END-- [ RunTime:0.000293s ]
ERR: 无法加载模块:Public

[ 2017-01-16T10:45:13+08:00 ] 117.22.24.108 /cnconsum/Public/image/pg.png
INFO: [ app_init ] --START--
INFO: Run Behavior\BuildLiteBehavior [ RunTime:0.000012s ]
INFO: [ app_init ] --END-- [ RunTime:0.000241s ]
ERR: 无法加载模块:Public

[ 2017-01-16T10:45:13+08:00 ] 117.22.24.108 /cnconsum/Public/image/pg-act.png
INFO: [ app_init ] --START--
INFO: Run Behavior\BuildLiteBehavior [ RunTime:0.000012s ]
INFO: [ app_init ] --END-- [ RunTime:0.000290s ]
ERR: 无法加载模块:Public

[ 2017-01-16T10:45:50+08:00 ] 117.22.24.108 /cnconsum/Public/Uploads/activity/(null)
INFO: [ app_init ] --START--
INFO: Run Behavior\BuildLiteBehavior [ RunTime:0.000016s ]
INFO: [ app_init ] --END-- [ RunTime:0.000390s ]
ERR: 无法加载模块:Public

[ 2017-01-16T10:47:12+08:00 ] 117.22.24.108 /cnconsum/Public/Uploads/activity/(null)
INFO: [ app_init ] --START--
INFO: Run Behavior\BuildLiteBehavior [ RunTime:0.000019s ]
INFO: [ app_init ] --END-- [ RunTime:0.000472s ]
ERR: 无法加载模块:Public

[ 2017-01-16T10:50:20+08:00 ] 117.22.24.108 /cnconsum/Public/Uploads/activity/(null)
INFO: [ app_init ] --START--
INFO: Run Behavior\BuildLiteBehavior [ RunTime:0.000012s ]
INFO: [ app_init ] --END-- [ RunTime:0.000340s ]
ERR: 无法加载模块:Public

[ 2017-01-16T10:51:42+08:00 ] 117.22.24.108 /cnconsum/Public/image/logo.png
INFO: [ app_init ] --START--
INFO: Run Behavior\BuildLiteBehavior [ RunTime:0.000017s ]
INFO: [ app_init ] --END-- [ RunTime:0.000341s ]
ERR: 无法加载模块:Public

[ 2017-01-16T10:51:42+08:00 ] 117.22.24.108 /cnconsum/Public/image/title.png
INFO: [ app_init ] --START--
INFO: Run Behavior\BuildLiteBehavior [ RunTime:0.000014s ]
INFO: [ app_init ] --END-- [ RunTime:0.000339s ]
ERR: 无法加载模块:Public

[ 2017-01-16T10:51:42+08:00 ] 117.22.24.108 /cnconsum/Public/image/prev.png
INFO: [ app_init ] --START--
INFO: Run Behavior\BuildLiteBehavior [ RunTime:0.000018s ]
INFO: [ app_init ] --END-- [ RunTime:0.000460s ]
ERR: 无法加载模块:Public

[ 2017-01-16T10:51:42+08:00 ] 117.22.24.108 /cnconsum/Public/image/toolbar.gif
INFO: [ app_init ] --START--
INFO: Run Behavior\BuildLiteBehavior [ RunTime:0.000017s ]
INFO: [ app_init ] --END-- [ RunTime:0.000365s ]
ERR: 无法加载模块:Public

[ 2017-01-16T10:51:42+08:00 ] 117.22.24.108 /cnconsum/Public/image/next.png
INFO: [ app_init ] --START--
INFO: Run Behavior\BuildLiteBehavior [ RunTime:0.000017s ]
INFO: [ app_init ] --END-- [ RunTime:0.000413s ]
ERR: 无法加载模块:Public

[ 2017-01-16T10:51:42+08:00 ] 117.22.24.108 /cnconsum/Public/image/exit.png
INFO: [ app_init ] --START--
INFO: Run Behavior\BuildLiteBehavior [ RunTime:0.000017s ]
INFO: [ app_init ] --END-- [ RunTime:0.000446s ]
ERR: 无法加载模块:Public

[ 2017-01-16T10:51:42+08:00 ] 117.22.24.108 /cnconsum/Public/image/logo.png
INFO: [ app_init ] --START--
INFO: Run Behavior\BuildLiteBehavior [ RunTime:0.000012s ]
INFO: [ app_init ] --END-- [ RunTime:0.000240s ]
ERR: 无法加载模块:Public

[ 2017-01-16T10:52:07+08:00 ] 117.22.24.108 /cnconsum/Public/Uploads/activity/(null)
INFO: [ app_init ] --START--
INFO: Run Behavior\BuildLiteBehavior [ RunTime:0.000012s ]
INFO: [ app_init ] --END-- [ RunTime:0.000287s ]
ERR: 无法加载模块:Public

[ 2017-01-16T10:52:44+08:00 ] 117.22.24.108 /cnconsum/Public/Uploads/activity/(null)
INFO: [ app_init ] --START--
INFO: Run Behavior\BuildLiteBehavior [ RunTime:0.000013s ]
INFO: [ app_init ] --END-- [ RunTime:0.000286s ]
ERR: 无法加载模块:Public

[ 2017-01-16T10:53:47+08:00 ] 117.22.24.108 /cnconsum/Public/Uploads/activity/(null)
INFO: [ app_init ] --START--
INFO: Run Behavior\BuildLiteBehavior [ RunTime:0.000015s ]
INFO: [ app_init ] --END-- [ RunTime:0.000361s ]
ERR: 无法加载模块:Public

[ 2017-01-16T10:55:58+08:00 ] 117.22.24.108 /cnconsum/Public/Uploads/activity/(null)
INFO: [ app_init ] --START--
INFO: Run Behavior\BuildLiteBehavior [ RunTime:0.000012s ]
INFO: [ app_init ] --END-- [ RunTime:0.000251s ]
ERR: 无法加载模块:Public

[ 2017-01-16T11:00:12+08:00 ] 117.22.24.108 /cnconsum/Public/image/logo.png
INFO: [ app_init ] --START--
INFO: Run Behavior\BuildLiteBehavior [ RunTime:0.000018s ]
INFO: [ app_init ] --END-- [ RunTime:0.000287s ]
ERR: 无法加载模块:Public

[ 2017-01-16T11:00:15+08:00 ] 117.22.24.108 /cnconsum/Public/image/title.png
INFO: [ app_init ] --START--
INFO: Run Behavior\BuildLiteBehavior [ RunTime:0.000014s ]
INFO: [ app_init ] --END-- [ RunTime:0.000255s ]
ERR: 无法加载模块:Public

[ 2017-01-16T11:00:16+08:00 ] 117.22.24.108 /cnconsum/Public/image/exit.png
INFO: [ app_init ] --START--
INFO: Run Behavior\BuildLiteBehavior [ RunTime:0.000014s ]
INFO: [ app_init ] --END-- [ RunTime:0.000262s ]
ERR: 无法加载模块:Public

[ 2017-01-16T11:00:17+08:00 ] 117.22.24.108 /cnconsum/Public/image/toolbar.gif
INFO: [ app_init ] --START--
INFO: Run Behavior\BuildLiteBehavior [ RunTime:0.000018s ]
INFO: [ app_init ] --END-- [ RunTime:0.000376s ]
ERR: 无法加载模块:Public

[ 2017-01-16T11:00:20+08:00 ] 117.22.24.108 /cnconsum/Public/image/logo.png
INFO: [ app_init ] --START--
INFO: Run Behavior\BuildLiteBehavior [ RunTime:0.000014s ]
INFO: [ app_init ] --END-- [ RunTime:0.000277s ]
ERR: 无法加载模块:Public

[ 2017-01-16T11:00:26+08:00 ] 117.22.24.108 /cnconsum/Public/image/logo.png
INFO: [ app_init ] --START--
INFO: Run Behavior\BuildLiteBehavior [ RunTime:0.000020s ]
INFO: [ app_init ] --END-- [ RunTime:0.000436s ]
ERR: 无法加载模块:Public

[ 2017-01-16T11:00:27+08:00 ] 117.22.24.108 /cnconsum/Public/image/title.png
INFO: [ app_init ] --START--
INFO: Run Behavior\BuildLiteBehavior [ RunTime:0.000019s ]
INFO: [ app_init ] --END-- [ RunTime:0.000303s ]
ERR: 无法加载模块:Public

[ 2017-01-16T11:00:28+08:00 ] 117.22.24.108 /cnconsum/Public/image/exit.png
INFO: [ app_init ] --START--
INFO: Run Behavior\BuildLiteBehavior [ RunTime:0.000013s ]
INFO: [ app_init ] --END-- [ RunTime:0.000271s ]
ERR: 无法加载模块:Public

[ 2017-01-16T11:00:30+08:00 ] 117.22.24.108 /cnconsum/Public/image/toolbar.gif
INFO: [ app_init ] --START--
INFO: Run Behavior\BuildLiteBehavior [ RunTime:0.000014s ]
INFO: [ app_init ] --END-- [ RunTime:0.000273s ]
ERR: 无法加载模块:Public

[ 2017-01-16T11:00:30+08:00 ] 117.22.24.108 /cnconsum/Public/image/prev.png
INFO: [ app_init ] --START--
INFO: Run Behavior\BuildLiteBehavior [ RunTime:0.000020s ]
INFO: [ app_init ] --END-- [ RunTime:0.000419s ]
ERR: 无法加载模块:Public

[ 2017-01-16T11:00:30+08:00 ] 117.22.24.108 /cnconsum/Public/image/next.png
INFO: [ app_init ] --START--
INFO: Run Behavior\BuildLiteBehavior [ RunTime:0.000012s ]
INFO: [ app_init ] --END-- [ RunTime:0.000595s ]
ERR: 无法加载模块:Public

[ 2017-01-16T11:00:30+08:00 ] 117.22.24.108 /cnconsum/Public/image/logo.png
INFO: [ app_init ] --START--
INFO: Run Behavior\BuildLiteBehavior [ RunTime:0.000014s ]
INFO: [ app_init ] --END-- [ RunTime:0.000301s ]
ERR: 无法加载模块:Public

[ 2017-01-16T11:00:30+08:00 ] 117.22.24.108 /cnconsum/Public/image/title.png
INFO: [ app_init ] --START--
INFO: Run Behavior\BuildLiteBehavior [ RunTime:0.000019s ]
INFO: [ app_init ] --END-- [ RunTime:0.000423s ]
ERR: 无法加载模块:Public

[ 2017-01-16T11:00:30+08:00 ] 117.22.24.108 /cnconsum/Public/image/exit.png
INFO: [ app_init ] --START--
INFO: Run Behavior\BuildLiteBehavior [ RunTime:0.000023s ]
INFO: [ app_init ] --END-- [ RunTime:0.000469s ]
ERR: 无法加载模块:Public

[ 2017-01-16T11:01:15+08:00 ] 117.22.24.108 /cnconsum/Public/image/toolbar.gif
INFO: [ app_init ] --START--
INFO: Run Behavior\BuildLiteBehavior [ RunTime:0.000018s ]
INFO: [ app_init ] --END-- [ RunTime:0.000381s ]
ERR: 无法加载模块:Public

[ 2017-01-16T11:01:15+08:00 ] 117.22.24.108 /cnconsum/Public/image/exit.png
INFO: [ app_init ] --START--
INFO: Run Behavior\BuildLiteBehavior [ RunTime:0.000016s ]
INFO: [ app_init ] --END-- [ RunTime:0.002420s ]
ERR: 无法加载模块:Public

[ 2017-01-16T11:01:15+08:00 ] 117.22.24.108 /cnconsum/Public/image/logo.png
INFO: [ app_init ] --START--
INFO: Run Behavior\BuildLiteBehavior [ RunTime:0.000017s ]
INFO: [ app_init ] --END-- [ RunTime:0.000408s ]
ERR: 无法加载模块:Public

[ 2017-01-16T11:01:15+08:00 ] 117.22.24.108 /cnconsum/Public/image/prev.png
INFO: [ app_init ] --START--
INFO: Run Behavior\BuildLiteBehavior [ RunTime:0.000016s ]
INFO: [ app_init ] --END-- [ RunTime:0.000385s ]
ERR: 无法加载模块:Public

[ 2017-01-16T11:01:15+08:00 ] 117.22.24.108 /cnconsum/Public/image/title.png
INFO: [ app_init ] --START--
INFO: Run Behavior\BuildLiteBehavior [ RunTime:0.000014s ]
INFO: [ app_init ] --END-- [ RunTime:0.000477s ]
ERR: 无法加载模块:Public

[ 2017-01-16T11:01:15+08:00 ] 117.22.24.108 /cnconsum/Public/image/next.png
INFO: [ app_init ] --START--
INFO: Run Behavior\BuildLiteBehavior [ RunTime:0.000013s ]
INFO: [ app_init ] --END-- [ RunTime:0.000290s ]
ERR: 无法加载模块:Public

[ 2017-01-16T11:06:52+08:00 ] 117.22.24.108 /cnconsum/Public/image/logo.png
INFO: [ app_init ] --START--
INFO: Run Behavior\BuildLiteBehavior [ RunTime:0.000014s ]
INFO: [ app_init ] --END-- [ RunTime:0.000285s ]
ERR: 无法加载模块:Public

[ 2017-01-16T11:06:52+08:00 ] 117.22.24.108 /cnconsum/Public/image/exit.png
INFO: [ app_init ] --START--
INFO: Run Behavior\BuildLiteBehavior [ RunTime:0.000013s ]
INFO: [ app_init ] --END-- [ RunTime:0.000259s ]
ERR: 无法加载模块:Public

[ 2017-01-16T11:06:52+08:00 ] 117.22.24.108 /cnconsum/Public/image/toolbar.gif
INFO: [ app_init ] --START--
INFO: Run Behavior\BuildLiteBehavior [ RunTime:0.000022s ]
INFO: [ app_init ] --END-- [ RunTime:0.000307s ]
ERR: 无法加载模块:Public

[ 2017-01-16T11:06:52+08:00 ] 117.22.24.108 /cnconsum/Public/image/next.png
INFO: [ app_init ] --START--
INFO: Run Behavior\BuildLiteBehavior [ RunTime:0.000012s ]
INFO: [ app_init ] --END-- [ RunTime:0.000331s ]
ERR: 无法加载模块:Public

[ 2017-01-16T11:06:52+08:00 ] 117.22.24.108 /cnconsum/Public/image/prev.png
INFO: [ app_init ] --START--
INFO: Run Behavior\BuildLiteBehavior [ RunTime:0.000012s ]
INFO: [ app_init ] --END-- [ RunTime:0.000290s ]
ERR: 无法加载模块:Public

[ 2017-01-16T11:06:52+08:00 ] 117.22.24.108 /cnconsum/Public/image/title.png
INFO: [ app_init ] --START--
INFO: Run Behavior\BuildLiteBehavior [ RunTime:0.000011s ]
INFO: [ app_init ] --END-- [ RunTime:0.000247s ]
ERR: 无法加载模块:Public

[ 2017-01-16T11:06:53+08:00 ] 117.22.24.108 /cnconsum/Public/image/logo.png
INFO: [ app_init ] --START--
INFO: Run Behavior\BuildLiteBehavior [ RunTime:0.000017s ]
INFO: [ app_init ] --END-- [ RunTime:0.000352s ]
ERR: 无法加载模块:Public

[ 2017-01-16T11:13:02+08:00 ] 117.22.24.108 /cnconsum/Public/image/title.png
INFO: [ app_init ] --START--
INFO: Run Behavior\BuildLiteBehavior [ RunTime:0.000015s ]
INFO: [ app_init ] --END-- [ RunTime:0.000287s ]
ERR: 无法加载模块:Public

[ 2017-01-16T11:13:02+08:00 ] 117.22.24.108 /cnconsum/Public/image/exit.png
INFO: [ app_init ] --START--
INFO: Run Behavior\BuildLiteBehavior [ RunTime:0.000022s ]
INFO: [ app_init ] --END-- [ RunTime:0.000268s ]
ERR: 无法加载模块:Public

[ 2017-01-16T11:13:02+08:00 ] 117.22.24.108 /cnconsum/Public/image/logo.png
INFO: [ app_init ] --START--
INFO: Run Behavior\BuildLiteBehavior [ RunTime:0.000012s ]
INFO: [ app_init ] --END-- [ RunTime:0.000300s ]
ERR: 无法加载模块:Public

[ 2017-01-16T11:13:02+08:00 ] 117.22.24.108 /cnconsum/Public/image/prev.png
INFO: [ app_init ] --START--
INFO: Run Behavior\BuildLiteBehavior [ RunTime:0.000020s ]
INFO: [ app_init ] --END-- [ RunTime:0.000352s ]
ERR: 无法加载模块:Public

[ 2017-01-16T11:13:02+08:00 ] 117.22.24.108 /cnconsum/Public/image/next.png
INFO: [ app_init ] --START--
INFO: Run Behavior\BuildLiteBehavior [ RunTime:0.000017s ]
INFO: [ app_init ] --END-- [ RunTime:0.000274s ]
ERR: 无法加载模块:Public

[ 2017-01-16T11:13:02+08:00 ] 117.22.24.108 /cnconsum/Public/image/toolbar.gif
INFO: [ app_init ] --START--
INFO: Run Behavior\BuildLiteBehavior [ RunTime:0.000011s ]
INFO: [ app_init ] --END-- [ RunTime:0.000248s ]
ERR: 无法加载模块:Public

[ 2017-01-16T11:18:27+08:00 ] 117.22.24.108 /cnconsum/Public/image/logo.png
INFO: [ app_init ] --START--
INFO: Run Behavior\BuildLiteBehavior [ RunTime:0.000013s ]
INFO: [ app_init ] --END-- [ RunTime:0.000271s ]
ERR: 无法加载模块:Public

[ 2017-01-16T11:18:27+08:00 ] 117.22.24.108 /cnconsum/Public/image/exit.png
INFO: [ app_init ] --START--
INFO: Run Behavior\BuildLiteBehavior [ RunTime:0.000012s ]
INFO: [ app_init ] --END-- [ RunTime:0.002268s ]
ERR: 无法加载模块:Public

[ 2017-01-16T11:18:27+08:00 ] 117.22.24.108 /cnconsum/Public/image/toolbar.gif
INFO: [ app_init ] --START--
INFO: Run Behavior\BuildLiteBehavior [ RunTime:0.000013s ]
INFO: [ app_init ] --END-- [ RunTime:0.000253s ]
ERR: 无法加载模块:Public

[ 2017-01-16T11:18:27+08:00 ] 117.22.24.108 /cnconsum/Public/image/next.png
INFO: [ app_init ] --START--
INFO: Run Behavior\BuildLiteBehavior [ RunTime:0.000012s ]
INFO: [ app_init ] --END-- [ RunTime:0.000301s ]
ERR: 无法加载模块:Public

[ 2017-01-16T11:18:27+08:00 ] 117.22.24.108 /cnconsum/Public/image/prev.png
INFO: [ app_init ] --START--
INFO: Run Behavior\BuildLiteBehavior [ RunTime:0.000012s ]
INFO: [ app_init ] --END-- [ RunTime:0.000319s ]
ERR: 无法加载模块:Public

[ 2017-01-16T11:18:27+08:00 ] 117.22.24.108 /cnconsum/Public/image/title.png
INFO: [ app_init ] --START--
INFO: Run Behavior\BuildLiteBehavior [ RunTime:0.000012s ]
INFO: [ app_init ] --END-- [ RunTime:0.000256s ]
ERR: 无法加载模块:Public

[ 2017-01-16T11:20:44+08:00 ] 117.22.24.108 /cnconsum/Public/Uploads/activity/(null)
INFO: [ app_init ] --START--
INFO: Run Behavior\BuildLiteBehavior [ RunTime:0.000012s ]
INFO: [ app_init ] --END-- [ RunTime:0.000239s ]
ERR: 无法加载模块:Public

[ 2017-01-16T11:22:00+08:00 ] 117.22.24.108 /cnconsum/Public/Uploads/activity/(null)
INFO: [ app_init ] --START--
INFO: Run Behavior\BuildLiteBehavior [ RunTime:0.000013s ]
INFO: [ app_init ] --END-- [ RunTime:0.000257s ]
ERR: 无法加载模块:Public

[ 2017-01-16T11:22:44+08:00 ] 117.22.24.108 /cnconsum/Public/Uploads/activity/(null)
INFO: [ app_init ] --START--
INFO: Run Behavior\BuildLiteBehavior [ RunTime:0.000010s ]
INFO: [ app_init ] --END-- [ RunTime:0.000245s ]
ERR: 无法加载模块:Public

[ 2017-01-16T11:23:40+08:00 ] 117.22.24.108 /cnconsum/Public/Uploads/activity/(null)
INFO: [ app_init ] --START--
INFO: Run Behavior\BuildLiteBehavior [ RunTime:0.000012s ]
INFO: [ app_init ] --END-- [ RunTime:0.000254s ]
ERR: 无法加载模块:Public

[ 2017-01-16T11:25:23+08:00 ] 117.22.24.108 /cnconsum/Public/Uploads/activity/(null)
INFO: [ app_init ] --START--
INFO: Run Behavior\BuildLiteBehavior [ RunTime:0.000012s ]
INFO: [ app_init ] --END-- [ RunTime:0.000253s ]
ERR: 无法加载模块:Public

[ 2017-01-16T11:26:26+08:00 ] 117.22.24.108 /cnconsum/Public/Uploads/activity/(null)
INFO: [ app_init ] --START--
INFO: Run Behavior\BuildLiteBehavior [ RunTime:0.000050s ]
INFO: [ app_init ] --END-- [ RunTime:0.000359s ]
ERR: 无法加载模块:Public

[ 2017-01-16T11:27:40+08:00 ] 117.22.24.108 /cnconsum/Public/Uploads/activity/(null)
INFO: [ app_init ] --START--
INFO: Run Behavior\BuildLiteBehavior [ RunTime:0.000014s ]
INFO: [ app_init ] --END-- [ RunTime:0.000295s ]
ERR: 无法加载模块:Public

[ 2017-01-16T11:28:34+08:00 ] 117.22.24.108 /cnconsum/Public/Uploads/activity/(null)
INFO: [ app_init ] --START--
INFO: Run Behavior\BuildLiteBehavior [ RunTime:0.000011s ]
INFO: [ app_init ] --END-- [ RunTime:0.000241s ]
ERR: 无法加载模块:Public

[ 2017-01-16T11:29:28+08:00 ] 117.22.24.108 /cnconsum/Public/Uploads/activity/(null)
INFO: [ app_init ] --START--
INFO: Run Behavior\BuildLiteBehavior [ RunTime:0.000011s ]
INFO: [ app_init ] --END-- [ RunTime:0.000294s ]
ERR: 无法加载模块:Public

[ 2017-01-16T11:30:27+08:00 ] 117.22.24.108 /cnconsum/Public/Uploads/activity/(null)
INFO: [ app_init ] --START--
INFO: Run Behavior\BuildLiteBehavior [ RunTime:0.000014s ]
INFO: [ app_init ] --END-- [ RunTime:0.000287s ]
ERR: 无法加载模块:Public

[ 2017-01-16T11:34:21+08:00 ] 117.22.24.108 /cnconsum/Public/css/login.css
INFO: [ app_init ] --START--
INFO: Run Behavior\BuildLiteBehavior [ RunTime:0.000013s ]
INFO: [ app_init ] --END-- [ RunTime:0.000279s ]
ERR: 无法加载模块:Public

[ 2017-01-16T11:34:21+08:00 ] 117.22.24.108 /cnconsum/Publicimage/2.png
INFO: [ app_init ] --START--
INFO: Run Behavior\BuildLiteBehavior [ RunTime:0.000015s ]
INFO: [ app_init ] --END-- [ RunTime:0.000311s ]
ERR: 无法加载模块:Publicimage

[ 2017-01-16T11:34:21+08:00 ] 117.22.24.108 /cnconsum/Publicimage/title.png
INFO: [ app_init ] --START--
INFO: Run Behavior\BuildLiteBehavior [ RunTime:0.000012s ]
INFO: [ app_init ] --END-- [ RunTime:0.000275s ]
ERR: 无法加载模块:Publicimage

[ 2017-01-16T11:34:21+08:00 ] 117.22.24.108 /cnconsum/Publicimage/1.png
INFO: [ app_init ] --START--
INFO: Run Behavior\BuildLiteBehavior [ RunTime:0.000014s ]
INFO: [ app_init ] --END-- [ RunTime:0.000290s ]
ERR: 无法加载模块:Publicimage

[ 2017-01-16T11:34:21+08:00 ] 117.22.24.108 /cnconsum/Publicimage/title.png
INFO: [ app_init ] --START--
INFO: Run Behavior\BuildLiteBehavior [ RunTime:0.000014s ]
INFO: [ app_init ] --END-- [ RunTime:0.000283s ]
ERR: 无法加载模块:Publicimage

[ 2017-01-16T11:34:21+08:00 ] 117.22.24.108 /cnconsum/Publicimage/2.png
INFO: [ app_init ] --START--
INFO: Run Behavior\BuildLiteBehavior [ RunTime:0.000012s ]
INFO: [ app_init ] --END-- [ RunTime:0.000253s ]
ERR: 无法加载模块:Publicimage

[ 2017-01-16T11:34:21+08:00 ] 117.22.24.108 /cnconsum/Publicimage/1.png
INFO: [ app_init ] --START--
INFO: Run Behavior\BuildLiteBehavior [ RunTime:0.000011s ]
INFO: [ app_init ] --END-- [ RunTime:0.000245s ]
ERR: 无法加载模块:Publicimage

[ 2017-01-16T11:35:24+08:00 ] 117.22.24.108 /cnconsum/Publicimage/admin/2.png
INFO: [ app_init ] --START--
INFO: Run Behavior\BuildLiteBehavior [ RunTime:0.000014s ]
INFO: [ app_init ] --END-- [ RunTime:0.000307s ]
ERR: 无法加载模块:Publicimage

[ 2017-01-16T11:35:24+08:00 ] 117.22.24.108 /cnconsum/Publicimage/admin/title.png
INFO: [ app_init ] --START--
INFO: Run Behavior\BuildLiteBehavior [ RunTime:0.000014s ]
INFO: [ app_init ] --END-- [ RunTime:0.000360s ]
ERR: 无法加载模块:Publicimage

[ 2017-01-16T11:35:24+08:00 ] 117.22.24.108 /cnconsum/Publicimage/admin/1.png
INFO: [ app_init ] --START--
INFO: Run Behavior\BuildLiteBehavior [ RunTime:0.000031s ]
INFO: [ app_init ] --END-- [ RunTime:0.000292s ]
ERR: 无法加载模块:Publicimage

[ 2017-01-16T11:46:42+08:00 ] 117.22.24.108 /cnconsum/Public/Uploads/activity/(null)
INFO: [ app_init ] --START--
INFO: Run Behavior\BuildLiteBehavior [ RunTime:0.000013s ]
INFO: [ app_init ] --END-- [ RunTime:0.000253s ]
ERR: 无法加载模块:Public

[ 2017-01-16T13:23:17+08:00 ] 117.22.24.108 /cnconsum/Public/Uploads/activity/(null)
INFO: [ app_init ] --START--
INFO: Run Behavior\BuildLiteBehavior [ RunTime:0.000011s ]
INFO: [ app_init ] --END-- [ RunTime:0.000253s ]
ERR: 无法加载模块:Public

[ 2017-01-16T13:34:04+08:00 ] 117.22.24.108 /cnconsum/Public/Uploads/activity/(null)
INFO: [ app_init ] --START--
INFO: Run Behavior\BuildLiteBehavior [ RunTime:0.000012s ]
INFO: [ app_init ] --END-- [ RunTime:0.000285s ]
ERR: 无法加载模块:Public

[ 2017-01-16T13:35:59+08:00 ] 117.22.24.108 /cnconsum/Public/Uploads/activity/(null)
INFO: [ app_init ] --START--
INFO: Run Behavior\BuildLiteBehavior [ RunTime:0.000012s ]
INFO: [ app_init ] --END-- [ RunTime:0.000241s ]
ERR: 无法加载模块:Public

[ 2017-01-16T13:37:14+08:00 ] 117.22.24.108 /cnconsum/Public/image/toolbar.gif
INFO: [ app_init ] --START--
INFO: Run Behavior\BuildLiteBehavior [ RunTime:0.000013s ]
INFO: [ app_init ] --END-- [ RunTime:0.000266s ]
ERR: 无法加载模块:Public

[ 2017-01-16T13:37:45+08:00 ] 117.22.24.108 /cnconsum/Public/Uploads/activity/(null)
INFO: [ app_init ] --START--
INFO: Run Behavior\BuildLiteBehavior [ RunTime:0.000017s ]
INFO: [ app_init ] --END-- [ RunTime:0.000421s ]
ERR: 无法加载模块:Public

[ 2017-01-16T13:39:32+08:00 ] 117.22.24.108 /cnconsum/Public/Uploads/activity/(null)
INFO: [ app_init ] --START--
INFO: Run Behavior\BuildLiteBehavior [ RunTime:0.000018s ]
INFO: [ app_init ] --END-- [ RunTime:0.000384s ]
ERR: 无法加载模块:Public

[ 2017-01-16T13:40:17+08:00 ] 117.22.24.108 /cnconsum/Public/Uploads/activity/(null)
INFO: [ app_init ] --START--
INFO: Run Behavior\BuildLiteBehavior [ RunTime:0.000016s ]
INFO: [ app_init ] --END-- [ RunTime:0.000372s ]
ERR: 无法加载模块:Public

[ 2017-01-16T13:41:28+08:00 ] 117.22.24.108 /cnconsum/Public/Uploads/activity/(null)
INFO: [ app_init ] --START--
INFO: Run Behavior\BuildLiteBehavior [ RunTime:0.000012s ]
INFO: [ app_init ] --END-- [ RunTime:0.000245s ]
ERR: 无法加载模块:Public

[ 2017-01-16T13:42:40+08:00 ] 117.22.24.108 /cnconsum/Public/Uploads/activity/(null)
INFO: [ app_init ] --START--
INFO: Run Behavior\BuildLiteBehavior [ RunTime:0.000012s ]
INFO: [ app_init ] --END-- [ RunTime:0.000241s ]
ERR: 无法加载模块:Public

[ 2017-01-16T13:44:41+08:00 ] 117.22.24.108 /cnconsum/Public/Uploads/activity/(null)
INFO: [ app_init ] --START--
INFO: Run Behavior\BuildLiteBehavior [ RunTime:0.000012s ]
INFO: [ app_init ] --END-- [ RunTime:0.000278s ]
ERR: 无法加载模块:Public

[ 2017-01-16T13:46:11+08:00 ] 117.22.24.108 /cnconsum/Public/Uploads/activity/(null)
INFO: [ app_init ] --START--
INFO: Run Behavior\BuildLiteBehavior [ RunTime:0.000011s ]
INFO: [ app_init ] --END-- [ RunTime:0.000268s ]
ERR: 无法加载模块:Public

[ 2017-01-16T13:47:29+08:00 ] 117.22.24.108 /cnconsum/Public/Uploads/activity/(null)
INFO: [ app_init ] --START--
INFO: Run Behavior\BuildLiteBehavior [ RunTime:0.000011s ]
INFO: [ app_init ] --END-- [ RunTime:0.000237s ]
ERR: 无法加载模块:Public

[ 2017-01-16T13:48:56+08:00 ] 117.22.24.108 /cnconsum/Public/Uploads/activity/(null)
INFO: [ app_init ] --START--
INFO: Run Behavior\BuildLiteBehavior [ RunTime:0.000017s ]
INFO: [ app_init ] --END-- [ RunTime:0.000381s ]
ERR: 无法加载模块:Public

[ 2017-01-16T13:51:29+08:00 ] 117.22.24.108 /cnconsum/Public/Uploads/activity/(null)
INFO: [ app_init ] --START--
INFO: Run Behavior\BuildLiteBehavior [ RunTime:0.000011s ]
INFO: [ app_init ] --END-- [ RunTime:0.000240s ]
ERR: 无法加载模块:Public

[ 2017-01-16T13:52:25+08:00 ] 117.22.24.108 /cnconsum/Public/Uploads/activity/(null)
INFO: [ app_init ] --START--
INFO: Run Behavior\BuildLiteBehavior [ RunTime:0.000012s ]
INFO: [ app_init ] --END-- [ RunTime:0.000264s ]
ERR: 无法加载模块:Public

[ 2017-01-16T13:53:06+08:00 ] 117.22.24.108 /cnconsum/Public/Uploads/activity/(null)
INFO: [ app_init ] --START--
INFO: Run Behavior\BuildLiteBehavior [ RunTime:0.000013s ]
INFO: [ app_init ] --END-- [ RunTime:0.000261s ]
ERR: 无法加载模块:Public

[ 2017-01-16T13:53:32+08:00 ] 117.22.24.108 /cnconsum/Public/Uploads/activity/(null)
INFO: [ app_init ] --START--
INFO: Run Behavior\BuildLiteBehavior [ RunTime:0.000013s ]
INFO: [ app_init ] --END-- [ RunTime:0.000332s ]
ERR: 无法加载模块:Public

[ 2017-01-16T13:54:52+08:00 ] 117.22.24.108 /cnconsum/Public/Uploads/activity/(null)
INFO: [ app_init ] --START--
INFO: Run Behavior\BuildLiteBehavior [ RunTime:0.000012s ]
INFO: [ app_init ] --END-- [ RunTime:0.000297s ]
ERR: 无法加载模块:Public

[ 2017-01-16T13:55:35+08:00 ] 117.22.24.108 /cnconsum/Public/Uploads/activity/(null)
INFO: [ app_init ] --START--
INFO: Run Behavior\BuildLiteBehavior [ RunTime:0.000011s ]
INFO: [ app_init ] --END-- [ RunTime:0.000252s ]
ERR: 无法加载模块:Public

[ 2017-01-16T13:58:01+08:00 ] 117.22.24.108 /cnconsum/Public/Uploads/activity/(null)
INFO: [ app_init ] --START--
INFO: Run Behavior\BuildLiteBehavior [ RunTime:0.000011s ]
INFO: [ app_init ] --END-- [ RunTime:0.000239s ]
ERR: 无法加载模块:Public

[ 2017-01-16T13:59:38+08:00 ] 117.22.24.108 /cnconsum/Public/Uploads/activity/(null)
INFO: [ app_init ] --START--
INFO: Run Behavior\BuildLiteBehavior [ RunTime:0.000016s ]
INFO: [ app_init ] --END-- [ RunTime:0.000267s ]
ERR: 无法加载模块:Public

[ 2017-01-16T14:00:25+08:00 ] 117.22.24.108 /cnconsum/Public/Uploads/activity/(null)
INFO: [ app_init ] --START--
INFO: Run Behavior\BuildLiteBehavior [ RunTime:0.000012s ]
INFO: [ app_init ] --END-- [ RunTime:0.000275s ]
ERR: 无法加载模块:Public

[ 2017-01-16T14:15:13+08:00 ] 117.22.24.108 /cnconsum/Public/Uploads/addImage/null
INFO: [ app_init ] --START--
INFO: Run Behavior\BuildLiteBehavior [ RunTime:0.000013s ]
INFO: [ app_init ] --END-- [ RunTime:0.000274s ]
ERR: 无法加载模块:Public

[ 2017-01-16T14:15:13+08:00 ] 117.22.24.108 /cnconsum/Public/Uploads/addImage/null
INFO: [ app_init ] --START--
INFO: Run Behavior\BuildLiteBehavior [ RunTime:0.000013s ]
INFO: [ app_init ] --END-- [ RunTime:0.000276s ]
ERR: 无法加载模块:Public

[ 2017-01-16T14:17:59+08:00 ] 117.22.24.108 /cnconsum/Public/image/share.png
INFO: [ app_init ] --START--
INFO: Run Behavior\BuildLiteBehavior [ RunTime:0.000019s ]
INFO: [ app_init ] --END-- [ RunTime:0.000411s ]
ERR: 无法加载模块:Public

[ 2017-01-16T14:17:59+08:00 ] 117.22.24.108 /cnconsum/Public/image/share.png
INFO: [ app_init ] --START--
INFO: Run Behavior\BuildLiteBehavior [ RunTime:0.000020s ]
INFO: [ app_init ] --END-- [ RunTime:0.000408s ]
ERR: 无法加载模块:Public

[ 2017-01-16T14:17:59+08:00 ] 117.22.24.108 /cnconsum/Public/image/share.png
INFO: [ app_init ] --START--
INFO: Run Behavior\BuildLiteBehavior [ RunTime:0.000014s ]
INFO: [ app_init ] --END-- [ RunTime:0.000308s ]
ERR: 无法加载模块:Public

[ 2017-01-16T14:17:59+08:00 ] 117.22.24.108 /cnconsum/Public/image/share.png
INFO: [ app_init ] --START--
INFO: Run Behavior\BuildLiteBehavior [ RunTime:0.000014s ]
INFO: [ app_init ] --END-- [ RunTime:0.000273s ]
ERR: 无法加载模块:Public

[ 2017-01-16T14:18:51+08:00 ] 117.22.24.108 /cnconsum/Public/Uploads/addImage/null
INFO: [ app_init ] --START--
INFO: Run Behavior\BuildLiteBehavior [ RunTime:0.000020s ]
INFO: [ app_init ] --END-- [ RunTime:0.000329s ]
ERR: 无法加载模块:Public

[ 2017-01-16T14:18:51+08:00 ] 117.22.24.108 /cnconsum/Public/Uploads/addImage/null
INFO: [ app_init ] --START--
INFO: Run Behavior\BuildLiteBehavior [ RunTime:0.000012s ]
INFO: [ app_init ] --END-- [ RunTime:0.000267s ]
ERR: 无法加载模块:Public

[ 2017-01-16T14:18:51+08:00 ] 117.22.24.108 /cnconsum/Public/Uploads/addImage/null
INFO: [ app_init ] --START--
INFO: Run Behavior\BuildLiteBehavior [ RunTime:0.000014s ]
INFO: [ app_init ] --END-- [ RunTime:0.000286s ]
ERR: 无法加载模块:Public

[ 2017-01-16T14:18:51+08:00 ] 117.22.24.108 /cnconsum/Public/Uploads/addImage/null
INFO: [ app_init ] --START--
INFO: Run Behavior\BuildLiteBehavior [ RunTime:0.000012s ]
INFO: [ app_init ] --END-- [ RunTime:0.000252s ]
ERR: 无法加载模块:Public

[ 2017-01-16T14:25:07+08:00 ] 113.76.181.182 /cnconsum/Public/Uploads/headImage/%E6%9C%AA%E8%AE%BE%E7%BD%AE
INFO: [ app_init ] --START--
INFO: Run Behavior\BuildLiteBehavior [ RunTime:0.000016s ]
INFO: [ app_init ] --END-- [ RunTime:0.004321s ]
ERR: 无法加载模块:Public

[ 2017-01-16T14:25:07+08:00 ] 113.76.181.182 /cnconsum/Public/Uploads/headImage/%E6%9C%AA%E8%AE%BE%E7%BD%AE
INFO: [ app_init ] --START--
INFO: Run Behavior\BuildLiteBehavior [ RunTime:0.000013s ]
INFO: [ app_init ] --END-- [ RunTime:0.000287s ]
ERR: 无法加载模块:Public

[ 2017-01-16T14:25:07+08:00 ] 113.76.181.182 /cnconsum/Public/Uploads/headImage/%E6%9C%AA%E8%AE%BE%E7%BD%AE
INFO: [ app_init ] --START--
INFO: Run Behavior\BuildLiteBehavior [ RunTime:0.000014s ]
INFO: [ app_init ] --END-- [ RunTime:0.000275s ]
ERR: 无法加载模块:Public

[ 2017-01-16T14:25:07+08:00 ] 113.76.181.182 /cnconsum/Public/Uploads/headImage/%E6%9C%AA%E8%AE%BE%E7%BD%AE
INFO: [ app_init ] --START--
INFO: Run Behavior\BuildLiteBehavior [ RunTime:0.000020s ]
INFO: [ app_init ] --END-- [ RunTime:0.000461s ]
ERR: 无法加载模块:Public

[ 2017-01-16T14:25:11+08:00 ] 113.76.181.182 /cnconsum/Public/Uploads/headImage/%E6%9C%AA%E8%AE%BE%E7%BD%AE
INFO: [ app_init ] --START--
INFO: Run Behavior\BuildLiteBehavior [ RunTime:0.000027s ]
INFO: [ app_init ] --END-- [ RunTime:0.000298s ]
ERR: 无法加载模块:Public

[ 2017-01-16T14:25:11+08:00 ] 113.76.181.182 /cnconsum/Public/Uploads/headImage/%E6%9C%AA%E8%AE%BE%E7%BD%AE
INFO: [ app_init ] --START--
INFO: Run Behavior\BuildLiteBehavior [ RunTime:0.000014s ]
INFO: [ app_init ] --END-- [ RunTime:0.000272s ]
ERR: 无法加载模块:Public

[ 2017-01-16T14:28:17+08:00 ] 117.22.24.108 /cnconsum/Public/Uploads/addImage/null
INFO: [ app_init ] --START--
INFO: Run Behavior\BuildLiteBehavior [ RunTime:0.000018s ]
INFO: [ app_init ] --END-- [ RunTime:0.000394s ]
ERR: 无法加载模块:Public

[ 2017-01-16T14:28:17+08:00 ] 117.22.24.108 /cnconsum/Public/Uploads/addImage/null
INFO: [ app_init ] --START--
INFO: Run Behavior\BuildLiteBehavior [ RunTime:0.000013s ]
INFO: [ app_init ] --END-- [ RunTime:0.000255s ]
ERR: 无法加载模块:Public

[ 2017-01-16T14:28:17+08:00 ] 117.22.24.108 /cnconsum/Public/Uploads/addImage/null
INFO: [ app_init ] --START--
INFO: Run Behavior\BuildLiteBehavior [ RunTime:0.000013s ]
INFO: [ app_init ] --END-- [ RunTime:0.000249s ]
ERR: 无法加载模块:Public

[ 2017-01-16T14:28:17+08:00 ] 117.22.24.108 /cnconsum/Public/Uploads/addImage/null
INFO: [ app_init ] --START--
INFO: Run Behavior\BuildLiteBehavior [ RunTime:0.000014s ]
INFO: [ app_init ] --END-- [ RunTime:0.000279s ]
ERR: 无法加载模块:Public

[ 2017-01-16T14:28:40+08:00 ] 117.22.24.108 /cnconsum/Public/Uploads/addImage/null
INFO: [ app_init ] --START--
INFO: Run Behavior\BuildLiteBehavior [ RunTime:0.000012s ]
INFO: [ app_init ] --END-- [ RunTime:0.000270s ]
ERR: 无法加载模块:Public

[ 2017-01-16T14:28:40+08:00 ] 117.22.24.108 /cnconsum/Public/Uploads/addImage/null
INFO: [ app_init ] --START--
INFO: Run Behavior\BuildLiteBehavior [ RunTime:0.000013s ]
INFO: [ app_init ] --END-- [ RunTime:0.000309s ]
ERR: 无法加载模块:Public

[ 2017-01-16T14:28:43+08:00 ] 117.22.24.108 /cnconsum/Public/Uploads/addImage/null
INFO: [ app_init ] --START--
INFO: Run Behavior\BuildLiteBehavior [ RunTime:0.000014s ]
INFO: [ app_init ] --END-- [ RunTime:0.000276s ]
ERR: 无法加载模块:Public

[ 2017-01-16T14:28:43+08:00 ] 117.22.24.108 /cnconsum/Public/Uploads/addImage/null
INFO: [ app_init ] --START--
INFO: Run Behavior\BuildLiteBehavior [ RunTime:0.000019s ]
INFO: [ app_init ] --END-- [ RunTime:0.000397s ]
ERR: 无法加载模块:Public

[ 2017-01-16T14:28:43+08:00 ] 117.22.24.108 /cnconsum/Public/Uploads/addImage/null
INFO: [ app_init ] --START--
INFO: Run Behavior\BuildLiteBehavior [ RunTime:0.000013s ]
INFO: [ app_init ] --END-- [ RunTime:0.000255s ]
ERR: 无法加载模块:Public

[ 2017-01-16T14:31:09+08:00 ] 117.22.24.108 /cnconsum/Public/Uploads/activity/(null)
INFO: [ app_init ] --START--
INFO: Run Behavior\BuildLiteBehavior [ RunTime:0.000020s ]
INFO: [ app_init ] --END-- [ RunTime:0.000291s ]
ERR: 无法加载模块:Public

[ 2017-01-16T14:32:31+08:00 ] 117.22.24.108 /cnconsum/Public/Uploads/activity/(null)
INFO: [ app_init ] --START--
INFO: Run Behavior\BuildLiteBehavior [ RunTime:0.000014s ]
INFO: [ app_init ] --END-- [ RunTime:0.000311s ]
ERR: 无法加载模块:Public

[ 2017-01-16T14:37:01+08:00 ] 117.22.24.108 /cnconsum/Public/Uploads/addImage/null
INFO: [ app_init ] --START--
INFO: Run Behavior\BuildLiteBehavior [ RunTime:0.000018s ]
INFO: [ app_init ] --END-- [ RunTime:0.000379s ]
ERR: 无法加载模块:Public

[ 2017-01-16T14:37:01+08:00 ] 117.22.24.108 /cnconsum/Public/Uploads/addImage/null
INFO: [ app_init ] --START--
INFO: Run Behavior\BuildLiteBehavior [ RunTime:0.000012s ]
INFO: [ app_init ] --END-- [ RunTime:0.000244s ]
ERR: 无法加载模块:Public

[ 2017-01-16T14:37:02+08:00 ] 117.22.24.108 /cnconsum/Public/Uploads/addImage/null
INFO: [ app_init ] --START--
INFO: Run Behavior\BuildLiteBehavior [ RunTime:0.000013s ]
INFO: [ app_init ] --END-- [ RunTime:0.000254s ]
ERR: 无法加载模块:Public

[ 2017-01-16T14:37:02+08:00 ] 117.22.24.108 /cnconsum/Public/Uploads/addImage/null
INFO: [ app_init ] --START--
INFO: Run Behavior\BuildLiteBehavior [ RunTime:0.000013s ]
INFO: [ app_init ] --END-- [ RunTime:0.000267s ]
ERR: 无法加载模块:Public

[ 2017-01-16T14:51:08+08:00 ] 117.22.24.108 /cnconsum/Public/Uploads/activity/(null)
INFO: [ app_init ] --START--
INFO: Run Behavior\BuildLiteBehavior [ RunTime:0.000013s ]
INFO: [ app_init ] --END-- [ RunTime:0.000255s ]
ERR: 无法加载模块:Public

[ 2017-01-16T14:51:20+08:00 ] 117.22.24.108 /cnconsum/Public/Uploads/addImage/null
INFO: [ app_init ] --START--
INFO: Run Behavior\BuildLiteBehavior [ RunTime:0.000018s ]
INFO: [ app_init ] --END-- [ RunTime:0.001375s ]
ERR: 无法加载模块:Public

[ 2017-01-16T14:51:20+08:00 ] 117.22.24.108 /cnconsum/Public/Uploads/addImage/null
INFO: [ app_init ] --START--
INFO: Run Behavior\BuildLiteBehavior [ RunTime:0.000013s ]
INFO: [ app_init ] --END-- [ RunTime:0.000252s ]
ERR: 无法加载模块:Public

[ 2017-01-16T14:58:28+08:00 ] 117.22.24.108 /cnconsum/Public/Uploads/addImage/null
INFO: [ app_init ] --START--
INFO: Run Behavior\BuildLiteBehavior [ RunTime:0.000013s ]
INFO: [ app_init ] --END-- [ RunTime:0.000266s ]
ERR: 无法加载模块:Public

[ 2017-01-16T14:58:28+08:00 ] 117.22.24.108 /cnconsum/Public/Uploads/addImage/null
INFO: [ app_init ] --START--
INFO: Run Behavior\BuildLiteBehavior [ RunTime:0.000011s ]
INFO: [ app_init ] --END-- [ RunTime:0.000244s ]
ERR: 无法加载模块:Public

[ 2017-01-16T14:58:28+08:00 ] 117.22.24.108 /cnconsum/Public/Uploads/addImage/null
INFO: [ app_init ] --START--
INFO: Run Behavior\BuildLiteBehavior [ RunTime:0.000015s ]
INFO: [ app_init ] --END-- [ RunTime:0.000262s ]
ERR: 无法加载模块:Public

[ 2017-01-16T14:58:37+08:00 ] 117.22.24.108 /cnconsum/Public/Uploads/addImage/null
INFO: [ app_init ] --START--
INFO: Run Behavior\BuildLiteBehavior [ RunTime:0.000012s ]
INFO: [ app_init ] --END-- [ RunTime:0.000267s ]
ERR: 无法加载模块:Public

[ 2017-01-16T14:58:37+08:00 ] 117.22.24.108 /cnconsum/Public/Uploads/addImage/null
INFO: [ app_init ] --START--
INFO: Run Behavior\BuildLiteBehavior [ RunTime:0.000014s ]
INFO: [ app_init ] --END-- [ RunTime:0.000267s ]
ERR: 无法加载模块:Public

[ 2017-01-16T15:01:50+08:00 ] 117.22.24.108 /cnconsum/Public/Uploads/addImage/null
INFO: [ app_init ] --START--
INFO: Run Behavior\BuildLiteBehavior [ RunTime:0.000013s ]
INFO: [ app_init ] --END-- [ RunTime:0.000260s ]
ERR: 无法加载模块:Public

[ 2017-01-16T15:01:50+08:00 ] 117.22.24.108 /cnconsum/Public/Uploads/addImage/null
INFO: [ app_init ] --START--
INFO: Run Behavior\BuildLiteBehavior [ RunTime:0.000011s ]
INFO: [ app_init ] --END-- [ RunTime:0.000280s ]
ERR: 无法加载模块:Public

[ 2017-01-16T15:01:50+08:00 ] 117.22.24.108 /cnconsum/Public/Uploads/addImage/null
INFO: [ app_init ] --START--
INFO: Run Behavior\BuildLiteBehavior [ RunTime:0.000013s ]
INFO: [ app_init ] --END-- [ RunTime:0.000257s ]
ERR: 无法加载模块:Public

[ 2017-01-16T15:16:05+08:00 ] 117.22.24.108 /cnconsum/Public/Uploads/activity/(null)
INFO: [ app_init ] --START--
INFO: Run Behavior\BuildLiteBehavior [ RunTime:0.000012s ]
INFO: [ app_init ] --END-- [ RunTime:0.000247s ]
ERR: 无法加载模块:Public

[ 2017-01-16T15:19:52+08:00 ] 117.22.24.108 /cnconsum/Public/Uploads/activity/(null)
INFO: [ app_init ] --START--
INFO: Run Behavior\BuildLiteBehavior [ RunTime:0.000013s ]
INFO: [ app_init ] --END-- [ RunTime:0.000297s ]
ERR: 无法加载模块:Public

[ 2017-01-16T15:22:02+08:00 ] 117.22.24.108 /cnconsum/Public/Uploads/activity/(null)
INFO: [ app_init ] --START--
INFO: Run Behavior\BuildLiteBehavior [ RunTime:0.000017s ]
INFO: [ app_init ] --END-- [ RunTime:0.000371s ]
ERR: 无法加载模块:Public

[ 2017-01-16T15:24:43+08:00 ] 117.22.24.108 /cnconsum/Public/Uploads/activity/(null)
INFO: [ app_init ] --START--
INFO: Run Behavior\BuildLiteBehavior [ RunTime:0.000013s ]
INFO: [ app_init ] --END-- [ RunTime:0.000278s ]
ERR: 无法加载模块:Public

[ 2017-01-16T15:25:33+08:00 ] 117.22.24.108 /cnconsum/Public/Uploads/activity/(null)
INFO: [ app_init ] --START--
INFO: Run Behavior\BuildLiteBehavior [ RunTime:0.000012s ]
INFO: [ app_init ] --END-- [ RunTime:0.000317s ]
ERR: 无法加载模块:Public

[ 2017-01-16T15:26:20+08:00 ] 117.22.24.108 /cnconsum/Public/Uploads/activity/(null)
INFO: [ app_init ] --START--
INFO: Run Behavior\BuildLiteBehavior [ RunTime:0.000013s ]
INFO: [ app_init ] --END-- [ RunTime:0.000283s ]
ERR: 无法加载模块:Public

[ 2017-01-16T15:36:47+08:00 ] 117.22.24.108 /cnconsum/Public/Uploads/activity/(null)
INFO: [ app_init ] --START--
INFO: Run Behavior\BuildLiteBehavior [ RunTime:0.000014s ]
INFO: [ app_init ] --END-- [ RunTime:0.000311s ]
ERR: 无法加载模块:Public

[ 2017-01-16T15:39:52+08:00 ] 117.22.24.108 /cnconsum/Public/Uploads/activity/(null)
INFO: [ app_init ] --START--
INFO: Run Behavior\BuildLiteBehavior [ RunTime:0.000011s ]
INFO: [ app_init ] --END-- [ RunTime:0.000241s ]
ERR: 无法加载模块:Public

[ 2017-01-16T15:44:48+08:00 ] 117.22.24.108 /cnconsum/Public/Uploads/activity/(null)
INFO: [ app_init ] --START--
INFO: Run Behavior\BuildLiteBehavior [ RunTime:0.000011s ]
INFO: [ app_init ] --END-- [ RunTime:0.000260s ]
ERR: 无法加载模块:Public

[ 2017-01-16T15:46:16+08:00 ] 117.22.24.108 /cnconsum/Public/Uploads/activity/(null)
INFO: [ app_init ] --START--
INFO: Run Behavior\BuildLiteBehavior [ RunTime:0.000013s ]
INFO: [ app_init ] --END-- [ RunTime:0.000256s ]
ERR: 无法加载模块:Public

[ 2017-01-16T15:46:59+08:00 ] 117.22.24.108 /cnconsum/Public/Uploads/insert/(null)
INFO: [ app_init ] --START--
INFO: Run Behavior\BuildLiteBehavior [ RunTime:0.000012s ]
INFO: [ app_init ] --END-- [ RunTime:0.000239s ]
ERR: 无法加载模块:Public

[ 2017-01-16T15:49:12+08:00 ] 117.22.24.108 /cnconsum/Public/Uploads/activity/(null)
INFO: [ app_init ] --START--
INFO: Run Behavior\BuildLiteBehavior [ RunTime:0.000012s ]
INFO: [ app_init ] --END-- [ RunTime:0.000257s ]
ERR: 无法加载模块:Public

[ 2017-01-16T16:02:49+08:00 ] 117.22.24.108 /cnconsum/Public/Uploads/activity/(null)
INFO: [ app_init ] --START--
INFO: Run Behavior\BuildLiteBehavior [ RunTime:0.000012s ]
INFO: [ app_init ] --END-- [ RunTime:0.000270s ]
ERR: 无法加载模块:Public

[ 2017-01-16T16:04:33+08:00 ] 117.22.24.108 /cnconsum/Public/Uploads/activity/(null)
INFO: [ app_init ] --START--
INFO: Run Behavior\BuildLiteBehavior [ RunTime:0.000017s ]
INFO: [ app_init ] --END-- [ RunTime:0.000544s ]
ERR: 无法加载模块:Public

[ 2017-01-16T16:08:12+08:00 ] 117.22.24.108 /cnconsum/Public/Uploads/activity/(null)
INFO: [ app_init ] --START--
INFO: Run Behavior\BuildLiteBehavior [ RunTime:0.000016s ]
INFO: [ app_init ] --END-- [ RunTime:0.000293s ]
ERR: 无法加载模块:Public

[ 2017-01-16T16:21:06+08:00 ] 117.22.24.108 /cnconsum/Public/Uploads/addImage/null
INFO: [ app_init ] --START--
INFO: Run Behavior\BuildLiteBehavior [ RunTime:0.000012s ]
INFO: [ app_init ] --END-- [ RunTime:0.000289s ]
ERR: 无法加载模块:Public

[ 2017-01-16T16:21:06+08:00 ] 117.22.24.108 /cnconsum/Public/Uploads/addImage/null
INFO: [ app_init ] --START--
INFO: Run Behavior\BuildLiteBehavior [ RunTime:0.000012s ]
INFO: [ app_init ] --END-- [ RunTime:0.000307s ]
ERR: 无法加载模块:Public

[ 2017-01-16T16:22:13+08:00 ] 117.22.24.108 /cnconsum/Public/Uploads/addImage/null
INFO: [ app_init ] --START--
INFO: Run Behavior\BuildLiteBehavior [ RunTime:0.000019s ]
INFO: [ app_init ] --END-- [ RunTime:0.000327s ]
ERR: 无法加载模块:Public

[ 2017-01-16T16:22:13+08:00 ] 117.22.24.108 /cnconsum/Public/Uploads/addImage/null
INFO: [ app_init ] --START--
INFO: Run Behavior\BuildLiteBehavior [ RunTime:0.000015s ]
INFO: [ app_init ] --END-- [ RunTime:0.000276s ]
ERR: 无法加载模块:Public

[ 2017-01-16T16:22:13+08:00 ] 117.22.24.108 /cnconsum/Public/Uploads/addImage/null
INFO: [ app_init ] --START--
INFO: Run Behavior\BuildLiteBehavior [ RunTime:0.000019s ]
INFO: [ app_init ] --END-- [ RunTime:0.000315s ]
ERR: 无法加载模块:Public

[ 2017-01-16T16:24:54+08:00 ] 117.22.24.108 /cnconsum/Public/Uploads/addImage/null
INFO: [ app_init ] --START--
INFO: Run Behavior\BuildLiteBehavior [ RunTime:0.000013s ]
INFO: [ app_init ] --END-- [ RunTime:0.000308s ]
ERR: 无法加载模块:Public

[ 2017-01-16T16:24:54+08:00 ] 117.22.24.108 /cnconsum/Public/Uploads/addImage/null
INFO: [ app_init ] --START--
INFO: Run Behavior\BuildLiteBehavior [ RunTime:0.000018s ]
INFO: [ app_init ] --END-- [ RunTime:0.000316s ]
ERR: 无法加载模块:Public

[ 2017-01-16T16:24:54+08:00 ] 117.22.24.108 /cnconsum/Public/Uploads/addImage/null
INFO: [ app_init ] --START--
INFO: Run Behavior\BuildLiteBehavior [ RunTime:0.000013s ]
INFO: [ app_init ] --END-- [ RunTime:0.000261s ]
ERR: 无法加载模块:Public

[ 2017-01-16T16:25:50+08:00 ] 117.22.24.108 /cnconsum/Public/Uploads/activity/(null)
INFO: [ app_init ] --START--
INFO: Run Behavior\BuildLiteBehavior [ RunTime:0.000012s ]
INFO: [ app_init ] --END-- [ RunTime:0.000253s ]
ERR: 无法加载模块:Public

[ 2017-01-16T16:26:14+08:00 ] 117.22.24.108 /cnconsum/Public/Uploads/addImage/null
INFO: [ app_init ] --START--
INFO: Run Behavior\BuildLiteBehavior [ RunTime:0.000013s ]
INFO: [ app_init ] --END-- [ RunTime:0.000259s ]
ERR: 无法加载模块:Public

[ 2017-01-16T16:26:14+08:00 ] 117.22.24.108 /cnconsum/Public/Uploads/addImage/null
INFO: [ app_init ] --START--
INFO: Run Behavior\BuildLiteBehavior [ RunTime:0.000014s ]
INFO: [ app_init ] --END-- [ RunTime:0.000264s ]
ERR: 无法加载模块:Public

[ 2017-01-16T16:26:14+08:00 ] 117.22.24.108 /cnconsum/Public/Uploads/addImage/null
INFO: [ app_init ] --START--
INFO: Run Behavior\BuildLiteBehavior [ RunTime:0.000015s ]
INFO: [ app_init ] --END-- [ RunTime:0.000305s ]
ERR: 无法加载模块:Public

[ 2017-01-16T16:27:49+08:00 ] 117.22.24.108 /cnconsum/Public/Uploads/addImage/null
INFO: [ app_init ] --START--
INFO: Run Behavior\BuildLiteBehavior [ RunTime:0.000018s ]
INFO: [ app_init ] --END-- [ RunTime:0.000407s ]
ERR: 无法加载模块:Public

[ 2017-01-16T16:27:49+08:00 ] 117.22.24.108 /cnconsum/Public/Uploads/addImage/null
INFO: [ app_init ] --START--
INFO: Run Behavior\BuildLiteBehavior [ RunTime:0.000013s ]
INFO: [ app_init ] --END-- [ RunTime:0.000295s ]
ERR: 无法加载模块:Public

[ 2017-01-16T16:27:49+08:00 ] 117.22.24.108 /cnconsum/Public/Uploads/addImage/null
INFO: [ app_init ] --START--
INFO: Run Behavior\BuildLiteBehavior [ RunTime:0.000019s ]
INFO: [ app_init ] --END-- [ RunTime:0.000498s ]
ERR: 无法加载模块:Public

[ 2017-01-16T16:31:55+08:00 ] 117.22.24.108 /cnconsum/Public/Uploads/addImage/null
INFO: [ app_init ] --START--
INFO: Run Behavior\BuildLiteBehavior [ RunTime:0.000012s ]
INFO: [ app_init ] --END-- [ RunTime:0.000267s ]
ERR: 无法加载模块:Public

[ 2017-01-16T16:31:55+08:00 ] 117.22.24.108 /cnconsum/Public/Uploads/addImage/null
INFO: [ app_init ] --START--
INFO: Run Behavior\BuildLiteBehavior [ RunTime:0.000014s ]
INFO: [ app_init ] --END-- [ RunTime:0.000261s ]
ERR: 无法加载模块:Public

[ 2017-01-16T16:33:03+08:00 ] 117.22.24.108 /cnconsum/Public/Uploads/activity/(null)
INFO: [ app_init ] --START--
INFO: Run Behavior\BuildLiteBehavior [ RunTime:0.000019s ]
INFO: [ app_init ] --END-- [ RunTime:0.000306s ]
ERR: 无法加载模块:Public

[ 2017-01-16T16:37:00+08:00 ] 117.22.24.108 /cnconsum/Public/Uploads/activity/(null)
INFO: [ app_init ] --START--
INFO: Run Behavior\BuildLiteBehavior [ RunTime:0.000014s ]
INFO: [ app_init ] --END-- [ RunTime:0.000261s ]
ERR: 无法加载模块:Public

[ 2017-01-16T16:37:52+08:00 ] 117.22.24.108 /cnconsum/Public/Uploads/activity/(null)
INFO: [ app_init ] --START--
INFO: Run Behavior\BuildLiteBehavior [ RunTime:0.000015s ]
INFO: [ app_init ] --END-- [ RunTime:0.000281s ]
ERR: 无法加载模块:Public

[ 2017-01-16T16:39:05+08:00 ] 117.22.24.108 /cnconsum/Public/Uploads/addImage/13519175050.png
INFO: [ app_init ] --START--
INFO: Run Behavior\BuildLiteBehavior [ RunTime:0.000013s ]
INFO: [ app_init ] --END-- [ RunTime:0.000279s ]
ERR: 无法加载模块:Public

[ 2017-01-16T16:39:05+08:00 ] 117.22.24.108 /cnconsum/Public/Uploads/addImage/13519175050.png
INFO: [ app_init ] --START--
INFO: Run Behavior\BuildLiteBehavior [ RunTime:0.000014s ]
INFO: [ app_init ] --END-- [ RunTime:0.000293s ]
ERR: 无法加载模块:Public

[ 2017-01-16T16:40:46+08:00 ] 117.22.24.108 /cnconsum/Public/Uploads/addImage/null
INFO: [ app_init ] --START--
INFO: Run Behavior\BuildLiteBehavior [ RunTime:0.000017s ]
INFO: [ app_init ] --END-- [ RunTime:0.000315s ]
ERR: 无法加载模块:Public

[ 2017-01-16T16:40:46+08:00 ] 117.22.24.108 /cnconsum/Public/Uploads/addImage/null
INFO: [ app_init ] --START--
INFO: Run Behavior\BuildLiteBehavior [ RunTime:0.000015s ]
INFO: [ app_init ] --END-- [ RunTime:0.000280s ]
ERR: 无法加载模块:Public

[ 2017-01-16T16:40:46+08:00 ] 117.22.24.108 /cnconsum/Public/Uploads/addImage/null
INFO: [ app_init ] --START--
INFO: Run Behavior\BuildLiteBehavior [ RunTime:0.000014s ]
INFO: [ app_init ] --END-- [ RunTime:0.000273s ]
ERR: 无法加载模块:Public

[ 2017-01-16T16:40:46+08:00 ] 117.22.24.108 /cnconsum/Public/Uploads/addImage/null
INFO: [ app_init ] --START--
INFO: Run Behavior\BuildLiteBehavior [ RunTime:0.000015s ]
INFO: [ app_init ] --END-- [ RunTime:0.000276s ]
ERR: 无法加载模块:Public

[ 2017-01-16T16:41:57+08:00 ] 117.22.24.108 /cnconsum/Public/Uploads/activity/(null)
INFO: [ app_init ] --START--
INFO: Run Behavior\BuildLiteBehavior [ RunTime:0.000012s ]
INFO: [ app_init ] --END-- [ RunTime:0.000297s ]
ERR: 无法加载模块:Public

[ 2017-01-16T16:43:01+08:00 ] 117.22.24.108 /cnconsum/Public/Uploads/activity/(null)
INFO: [ app_init ] --START--
INFO: Run Behavior\BuildLiteBehavior [ RunTime:0.000018s ]
INFO: [ app_init ] --END-- [ RunTime:0.000351s ]
ERR: 无法加载模块:Public

[ 2017-01-16T16:49:06+08:00 ] 117.22.24.108 /cnconsum/Public/Uploads/activity/(null)
INFO: [ app_init ] --START--
INFO: Run Behavior\BuildLiteBehavior [ RunTime:0.000016s ]
INFO: [ app_init ] --END-- [ RunTime:0.000282s ]
ERR: 无法加载模块:Public

[ 2017-01-16T16:56:46+08:00 ] 117.22.24.108 /cnconsum/Public/Uploads/activity/(null)
INFO: [ app_init ] --START--
INFO: Run Behavior\BuildLiteBehavior [ RunTime:0.000012s ]
INFO: [ app_init ] --END-- [ RunTime:0.000277s ]
ERR: 无法加载模块:Public

[ 2017-01-16T16:57:45+08:00 ] 117.22.24.108 /cnconsum/Public/Uploads/activity/(null)
INFO: [ app_init ] --START--
INFO: Run Behavior\BuildLiteBehavior [ RunTime:0.000012s ]
INFO: [ app_init ] --END-- [ RunTime:0.000259s ]
ERR: 无法加载模块:Public

[ 2017-01-16T16:58:55+08:00 ] 117.22.24.108 /cnconsum/Public/Uploads/activity/(null)
INFO: [ app_init ] --START--
INFO: Run Behavior\BuildLiteBehavior [ RunTime:0.000012s ]
INFO: [ app_init ] --END-- [ RunTime:0.000263s ]
ERR: 无法加载模块:Public

[ 2017-01-16T16:59:24+08:00 ] 117.22.24.108 /cnconsum/Public/Uploads/activity/(null)
INFO: [ app_init ] --START--
INFO: Run Behavior\BuildLiteBehavior [ RunTime:0.000019s ]
INFO: [ app_init ] --END-- [ RunTime:0.000383s ]
ERR: 无法加载模块:Public

[ 2017-01-16T16:59:47+08:00 ] 117.22.24.108 /cnconsum/Public/Uploads/activity/(null)
INFO: [ app_init ] --START--
INFO: Run Behavior\BuildLiteBehavior [ RunTime:0.000011s ]
INFO: [ app_init ] --END-- [ RunTime:0.000272s ]
ERR: 无法加载模块:Public

[ 2017-01-16T17:00:18+08:00 ] 117.22.24.108 /cnconsum/Public/Uploads/activity/(null)
INFO: [ app_init ] --START--
INFO: Run Behavior\BuildLiteBehavior [ RunTime:0.000012s ]
INFO: [ app_init ] --END-- [ RunTime:0.000266s ]
ERR: 无法加载模块:Public

[ 2017-01-16T17:01:48+08:00 ] 117.22.24.108 /cnconsum/Public/Uploads/activity/(null)
INFO: [ app_init ] --START--
INFO: Run Behavior\BuildLiteBehavior [ RunTime:0.000019s ]
INFO: [ app_init ] --END-- [ RunTime:0.000334s ]
ERR: 无法加载模块:Public

[ 2017-01-16T17:07:26+08:00 ] 117.22.24.108 /cnconsum/Public/Uploads/activity/(null)
INFO: [ app_init ] --START--
INFO: Run Behavior\BuildLiteBehavior [ RunTime:0.000014s ]
INFO: [ app_init ] --END-- [ RunTime:0.000259s ]
ERR: 无法加载模块:Public

[ 2017-01-16T17:13:29+08:00 ] 117.22.24.108 /cnconsum/Public/Uploads/addImage/18629030977.png
INFO: [ app_init ] --START--
INFO: Run Behavior\BuildLiteBehavior [ RunTime:0.000020s ]
INFO: [ app_init ] --END-- [ RunTime:0.000360s ]
ERR: 无法加载模块:Public

[ 2017-01-16T17:13:29+08:00 ] 117.22.24.108 /cnconsum/Public/Uploads/addImage/18629030977.png
INFO: [ app_init ] --START--
INFO: Run Behavior\BuildLiteBehavior [ RunTime:0.000014s ]
INFO: [ app_init ] --END-- [ RunTime:0.000251s ]
ERR: 无法加载模块:Public

[ 2017-01-16T17:13:32+08:00 ] 117.22.24.108 /cnconsum/Public/Uploads/addImage/null
INFO: [ app_init ] --START--
INFO: Run Behavior\BuildLiteBehavior [ RunTime:0.000014s ]
INFO: [ app_init ] --END-- [ RunTime:0.000260s ]
ERR: 无法加载模块:Public

[ 2017-01-16T17:13:32+08:00 ] 117.22.24.108 /cnconsum/Public/Uploads/addImage/null
INFO: [ app_init ] --START--
INFO: Run Behavior\BuildLiteBehavior [ RunTime:0.000012s ]
INFO: [ app_init ] --END-- [ RunTime:0.000261s ]
ERR: 无法加载模块:Public

[ 2017-01-16T17:13:32+08:00 ] 117.22.24.108 /cnconsum/Public/Uploads/addImage/null
INFO: [ app_init ] --START--
INFO: Run Behavior\BuildLiteBehavior [ RunTime:0.000021s ]
INFO: [ app_init ] --END-- [ RunTime:0.000403s ]
ERR: 无法加载模块:Public

[ 2017-01-16T17:13:32+08:00 ] 117.22.24.108 /cnconsum/Public/Uploads/addImage/18629030977.png
INFO: [ app_init ] --START--
INFO: Run Behavior\BuildLiteBehavior [ RunTime:0.000013s ]
INFO: [ app_init ] --END-- [ RunTime:0.000257s ]
ERR: 无法加载模块:Public

[ 2017-01-16T17:13:32+08:00 ] 117.22.24.108 /cnconsum/Public/Uploads/addImage/18629030977.png
INFO: [ app_init ] --START--
INFO: Run Behavior\BuildLiteBehavior [ RunTime:0.000014s ]
INFO: [ app_init ] --END-- [ RunTime:0.000284s ]
ERR: 无法加载模块:Public

[ 2017-01-16T17:13:58+08:00 ] 117.22.24.108 /cnconsum/Public/Uploads/addImage/null
INFO: [ app_init ] --START--
INFO: Run Behavior\BuildLiteBehavior [ RunTime:0.000014s ]
INFO: [ app_init ] --END-- [ RunTime:0.000263s ]
ERR: 无法加载模块:Public

[ 2017-01-16T17:13:58+08:00 ] 117.22.24.108 /cnconsum/Public/Uploads/addImage/null
INFO: [ app_init ] --START--
INFO: Run Behavior\BuildLiteBehavior [ RunTime:0.000012s ]
INFO: [ app_init ] --END-- [ RunTime:0.000275s ]
ERR: 无法加载模块:Public

[ 2017-01-16T17:13:59+08:00 ] 117.22.24.108 /cnconsum/Public/Uploads/addImage/null
INFO: [ app_init ] --START--
INFO: Run Behavior\BuildLiteBehavior [ RunTime:0.000014s ]
INFO: [ app_init ] --END-- [ RunTime:0.000307s ]
ERR: 无法加载模块:Public

[ 2017-01-16T17:19:33+08:00 ] 117.22.24.108 /cnconsum/Public/Uploads/activity/(null)
INFO: [ app_init ] --START--
INFO: Run Behavior\BuildLiteBehavior [ RunTime:0.000014s ]
INFO: [ app_init ] --END-- [ RunTime:0.000314s ]
ERR: 无法加载模块:Public

[ 2017-01-16T17:20:09+08:00 ] 117.22.24.108 /cnconsum/Public/Uploads/addImage/null
INFO: [ app_init ] --START--
INFO: Run Behavior\BuildLiteBehavior [ RunTime:0.000011s ]
INFO: [ app_init ] --END-- [ RunTime:0.000248s ]
ERR: 无法加载模块:Public

[ 2017-01-16T17:20:09+08:00 ] 117.22.24.108 /cnconsum/Public/Uploads/addImage/null
INFO: [ app_init ] --START--
INFO: Run Behavior\BuildLiteBehavior [ RunTime:0.000016s ]
INFO: [ app_init ] --END-- [ RunTime:0.000311s ]
ERR: 无法加载模块:Public

[ 2017-01-16T17:20:10+08:00 ] 117.22.24.108 /cnconsum/Public/Uploads/addImage/null
INFO: [ app_init ] --START--
INFO: Run Behavior\BuildLiteBehavior [ RunTime:0.000014s ]
INFO: [ app_init ] --END-- [ RunTime:0.000320s ]
ERR: 无法加载模块:Public

[ 2017-01-16T17:22:07+08:00 ] 117.22.24.108 /cnconsum/Public/Uploads/activity/(null)
INFO: [ app_init ] --START--
INFO: Run Behavior\BuildLiteBehavior [ RunTime:0.000013s ]
INFO: [ app_init ] --END-- [ RunTime:0.000258s ]
ERR: 无法加载模块:Public

[ 2017-01-16T17:22:45+08:00 ] 117.22.24.108 /cnconsum/Public/Uploads/addImage/null
INFO: [ app_init ] --START--
INFO: Run Behavior\BuildLiteBehavior [ RunTime:0.000013s ]
INFO: [ app_init ] --END-- [ RunTime:0.000342s ]
ERR: 无法加载模块:Public

[ 2017-01-16T17:22:46+08:00 ] 117.22.24.108 /cnconsum/Public/Uploads/addImage/null
INFO: [ app_init ] --START--
INFO: Run Behavior\BuildLiteBehavior [ RunTime:0.000013s ]
INFO: [ app_init ] --END-- [ RunTime:0.000254s ]
ERR: 无法加载模块:Public

[ 2017-01-16T17:23:13+08:00 ] 117.22.24.108 /cnconsum/Public/Uploads/addImage/null
INFO: [ app_init ] --START--
INFO: Run Behavior\BuildLiteBehavior [ RunTime:0.000012s ]
INFO: [ app_init ] --END-- [ RunTime:0.000257s ]
ERR: 无法加载模块:Public

[ 2017-01-16T17:23:13+08:00 ] 117.22.24.108 /cnconsum/Public/Uploads/addImage/null
INFO: [ app_init ] --START--
INFO: Run Behavior\BuildLiteBehavior [ RunTime:0.000012s ]
INFO: [ app_init ] --END-- [ RunTime:0.000254s ]
ERR: 无法加载模块:Public

[ 2017-01-16T17:23:27+08:00 ] 117.22.24.108 /cnconsum/Public/Uploads/addImage/null
INFO: [ app_init ] --START--
INFO: Run Behavior\BuildLiteBehavior [ RunTime:0.000016s ]
INFO: [ app_init ] --END-- [ RunTime:0.000284s ]
ERR: 无法加载模块:Public

[ 2017-01-16T17:23:27+08:00 ] 117.22.24.108 /cnconsum/Public/Uploads/addImage/null
INFO: [ app_init ] --START--
INFO: Run Behavior\BuildLiteBehavior [ RunTime:0.000013s ]
INFO: [ app_init ] --END-- [ RunTime:0.000274s ]
ERR: 无法加载模块:Public

[ 2017-01-16T17:23:27+08:00 ] 117.22.24.108 /cnconsum/Public/Uploads/addImage/null
INFO: [ app_init ] --START--
INFO: Run Behavior\BuildLiteBehavior [ RunTime:0.000013s ]
INFO: [ app_init ] --END-- [ RunTime:0.000256s ]
ERR: 无法加载模块:Public

[ 2017-01-16T17:24:15+08:00 ] 117.22.24.108 /cnconsum/Public/Uploads/addImage/null
INFO: [ app_init ] --START--
INFO: Run Behavior\BuildLiteBehavior [ RunTime:0.000022s ]
INFO: [ app_init ] --END-- [ RunTime:0.001762s ]
ERR: 无法加载模块:Public

[ 2017-01-16T17:24:15+08:00 ] 117.22.24.108 /cnconsum/Public/Uploads/addImage/null
INFO: [ app_init ] --START--
INFO: Run Behavior\BuildLiteBehavior [ RunTime:0.000013s ]
INFO: [ app_init ] --END-- [ RunTime:0.000311s ]
ERR: 无法加载模块:Public

[ 2017-01-16T17:24:36+08:00 ] 117.22.24.108 /cnconsum/Public/Uploads/addImage/null
INFO: [ app_init ] --START--
INFO: Run Behavior\BuildLiteBehavior [ RunTime:0.000013s ]
INFO: [ app_init ] --END-- [ RunTime:0.000262s ]
ERR: 无法加载模块:Public

[ 2017-01-16T17:24:36+08:00 ] 117.22.24.108 /cnconsum/Public/Uploads/addImage/null
INFO: [ app_init ] --START--
INFO: Run Behavior\BuildLiteBehavior [ RunTime:0.000029s ]
INFO: [ app_init ] --END-- [ RunTime:0.000417s ]
ERR: 无法加载模块:Public

[ 2017-01-16T17:24:36+08:00 ] 117.22.24.108 /cnconsum/Public/Uploads/addImage/null
INFO: [ app_init ] --START--
INFO: Run Behavior\BuildLiteBehavior [ RunTime:0.000012s ]
INFO: [ app_init ] --END-- [ RunTime:0.000256s ]
ERR: 无法加载模块:Public

[ 2017-01-16T17:24:42+08:00 ] 117.22.24.108 /cnconsum/Public/Uploads/addImage/null
INFO: [ app_init ] --START--
INFO: Run Behavior\BuildLiteBehavior [ RunTime:0.000025s ]
INFO: [ app_init ] --END-- [ RunTime:0.000357s ]
ERR: 无法加载模块:Public

[ 2017-01-16T17:24:43+08:00 ] 117.22.24.108 /cnconsum/Public/Uploads/addImage/null
INFO: [ app_init ] --START--
INFO: Run Behavior\BuildLiteBehavior [ RunTime:0.000013s ]
INFO: [ app_init ] --END-- [ RunTime:0.000270s ]
ERR: 无法加载模块:Public

[ 2017-01-16T17:28:52+08:00 ] 117.22.24.108 /cnconsum/Public/Uploads/addImage/null
INFO: [ app_init ] --START--
INFO: Run Behavior\BuildLiteBehavior [ RunTime:0.000021s ]
INFO: [ app_init ] --END-- [ RunTime:0.000458s ]
ERR: 无法加载模块:Public

[ 2017-01-16T17:28:52+08:00 ] 117.22.24.108 /cnconsum/Public/Uploads/addImage/null
INFO: [ app_init ] --START--
INFO: Run Behavior\BuildLiteBehavior [ RunTime:0.000012s ]
INFO: [ app_init ] --END-- [ RunTime:0.000310s ]
ERR: 无法加载模块:Public

[ 2017-01-16T17:28:52+08:00 ] 117.22.24.108 /cnconsum/Public/Uploads/addImage/null
INFO: [ app_init ] --START--
INFO: Run Behavior\BuildLiteBehavior [ RunTime:0.000015s ]
INFO: [ app_init ] --END-- [ RunTime:0.000292s ]
ERR: 无法加载模块:Public

[ 2017-01-16T17:28:52+08:00 ] 117.22.24.108 /cnconsum/Public/Uploads/addImage/null
INFO: [ app_init ] --START--
INFO: Run Behavior\BuildLiteBehavior [ RunTime:0.000021s ]
INFO: [ app_init ] --END-- [ RunTime:0.000465s ]
ERR: 无法加载模块:Public

[ 2017-01-16T17:31:50+08:00 ] 117.22.24.108 /cnconsum/Public/Uploads/activity/(null)
INFO: [ app_init ] --START--
INFO: Run Behavior\BuildLiteBehavior [ RunTime:0.000012s ]
INFO: [ app_init ] --END-- [ RunTime:0.000259s ]
ERR: 无法加载模块:Public

[ 2017-01-16T17:33:11+08:00 ] 117.22.24.108 /cnconsum/Public/Uploads/addImage/null
INFO: [ app_init ] --START--
INFO: Run Behavior\BuildLiteBehavior [ RunTime:0.000013s ]
INFO: [ app_init ] --END-- [ RunTime:0.000258s ]
ERR: 无法加载模块:Public

[ 2017-01-16T17:33:11+08:00 ] 117.22.24.108 /cnconsum/Public/Uploads/addImage/null
INFO: [ app_init ] --START--
INFO: Run Behavior\BuildLiteBehavior [ RunTime:0.000015s ]
INFO: [ app_init ] --END-- [ RunTime:0.000269s ]
ERR: 无法加载模块:Public

[ 2017-01-16T17:33:12+08:00 ] 117.22.24.108 /cnconsum/Public/Uploads/addImage/null
INFO: [ app_init ] --START--
INFO: Run Behavior\BuildLiteBehavior [ RunTime:0.000013s ]
INFO: [ app_init ] --END-- [ RunTime:0.000278s ]
ERR: 无法加载模块:Public

[ 2017-01-16T17:33:28+08:00 ] 117.22.24.108 /cnconsum/Public/Uploads/addImage/null
INFO: [ app_init ] --START--
INFO: Run Behavior\BuildLiteBehavior [ RunTime:0.000017s ]
INFO: [ app_init ] --END-- [ RunTime:0.000327s ]
ERR: 无法加载模块:Public

[ 2017-01-16T17:33:28+08:00 ] 117.22.24.108 /cnconsum/Public/Uploads/addImage/null
INFO: [ app_init ] --START--
INFO: Run Behavior\BuildLiteBehavior [ RunTime:0.000012s ]
INFO: [ app_init ] --END-- [ RunTime:0.000323s ]
ERR: 无法加载模块:Public

[ 2017-01-16T17:41:06+08:00 ] 117.22.24.108 /cnconsum/Public/Uploads/addImage/null
INFO: [ app_init ] --START--
INFO: Run Behavior\BuildLiteBehavior [ RunTime:0.000015s ]
INFO: [ app_init ] --END-- [ RunTime:0.000307s ]
ERR: 无法加载模块:Public

[ 2017-01-16T17:41:06+08:00 ] 117.22.24.108 /cnconsum/Public/Uploads/addImage/null
INFO: [ app_init ] --START--
INFO: Run Behavior\BuildLiteBehavior [ RunTime:0.000021s ]
INFO: [ app_init ] --END-- [ RunTime:0.000330s ]
ERR: 无法加载模块:Public

[ 2017-01-16T21:24:44+08:00 ] 111.19.32.10 /cnconsum/Public/Uploads/activity/(null)
INFO: [ app_init ] --START--
INFO: Run Behavior\BuildLiteBehavior [ RunTime:0.000019s ]
INFO: [ app_init ] --END-- [ RunTime:0.000310s ]
ERR: 无法加载模块:Public

