[ 2017-01-08T01:46:05+08:00 ] 113.139.223.9 /cnconsum/Public/Uploads/insert/(null)
INFO: [ app_init ] --START--
INFO: Run Behavior\BuildLiteBehavior [ RunTime:0.000013s ]
INFO: [ app_init ] --END-- [ RunTime:0.000260s ]
ERR: 无法加载模块:Public

[ 2017-01-08T01:46:05+08:00 ] 113.139.223.9 /cnconsum/Public/Uploads/activity/(null)
INFO: [ app_init ] --START--
INFO: Run Behavior\BuildLiteBehavior [ RunTime:0.000016s ]
INFO: [ app_init ] --END-- [ RunTime:0.000303s ]
ERR: 无法加载模块:Public

[ 2017-01-08T04:51:13+08:00 ] 113.76.181.129 /cnconsum/Public/Uploads/headImage/%E6%9C%AA%E8%AE%BE%E7%BD%AE
INFO: [ app_init ] --START--
INFO: Run Behavior\BuildLiteBehavior [ RunTime:0.000013s ]
INFO: [ app_init ] --END-- [ RunTime:0.000366s ]
ERR: 无法加载模块:Public

[ 2017-01-08T04:51:53+08:00 ] 113.76.181.129 /cnconsum/Public/Uploads/headImage/%E6%9C%AA%E8%AE%BE%E7%BD%AE
INFO: [ app_init ] --START--
INFO: Run Behavior\BuildLiteBehavior [ RunTime:0.000014s ]
INFO: [ app_init ] --END-- [ RunTime:0.000304s ]
ERR: 无法加载模块:Public

[ 2017-01-08T04:51:53+08:00 ] 113.76.181.129 /cnconsum/Public/Uploads/headImage/%E6%9C%AA%E8%AE%BE%E7%BD%AE
INFO: [ app_init ] --START--
INFO: Run Behavior\BuildLiteBehavior [ RunTime:0.000014s ]
INFO: [ app_init ] --END-- [ RunTime:0.000305s ]
ERR: 无法加载模块:Public

[ 2017-01-08T04:52:08+08:00 ] 113.76.181.129 /cnconsum/Public/Uploads/headImage/%E6%9C%AA%E8%AE%BE%E7%BD%AE
INFO: [ app_init ] --START--
INFO: Run Behavior\BuildLiteBehavior [ RunTime:0.000013s ]
INFO: [ app_init ] --END-- [ RunTime:0.000335s ]
ERR: 无法加载模块:Public

[ 2017-01-08T04:52:08+08:00 ] 113.76.181.129 /cnconsum/Public/Uploads/headImage/%E6%9C%AA%E8%AE%BE%E7%BD%AE
INFO: [ app_init ] --START--
INFO: Run Behavior\BuildLiteBehavior [ RunTime:0.000015s ]
INFO: [ app_init ] --END-- [ RunTime:0.000299s ]
ERR: 无法加载模块:Public

[ 2017-01-08T04:52:13+08:00 ] 113.76.181.129 /cnconsum/Public/Uploads/headImage/%E6%9C%AA%E8%AE%BE%E7%BD%AE
INFO: [ app_init ] --START--
INFO: Run Behavior\BuildLiteBehavior [ RunTime:0.000016s ]
INFO: [ app_init ] --END-- [ RunTime:0.000397s ]
ERR: 无法加载模块:Public

[ 2017-01-08T04:52:13+08:00 ] 113.76.181.129 /cnconsum/Public/Uploads/headImage/%E6%9C%AA%E8%AE%BE%E7%BD%AE
INFO: [ app_init ] --START--
INFO: Run Behavior\BuildLiteBehavior [ RunTime:0.000014s ]
INFO: [ app_init ] --END-- [ RunTime:0.000280s ]
ERR: 无法加载模块:Public

[ 2017-01-08T04:53:11+08:00 ] 113.76.181.129 /cnconsum/Public/Uploads/headImage/%E6%9C%AA%E8%AE%BE%E7%BD%AE
INFO: [ app_init ] --START--
INFO: Run Behavior\BuildLiteBehavior [ RunTime:0.000018s ]
INFO: [ app_init ] --END-- [ RunTime:0.000377s ]
ERR: 无法加载模块:Public

[ 2017-01-08T04:53:11+08:00 ] 113.76.181.129 /cnconsum/Public/Uploads/headImage/%E6%9C%AA%E8%AE%BE%E7%BD%AE
INFO: [ app_init ] --START--
INFO: Run Behavior\BuildLiteBehavior [ RunTime:0.000018s ]
INFO: [ app_init ] --END-- [ RunTime:0.000358s ]
ERR: 无法加载模块:Public

[ 2017-01-08T04:53:15+08:00 ] 113.76.181.129 /cnconsum/Public/Uploads/headImage/%E6%9C%AA%E8%AE%BE%E7%BD%AE
INFO: [ app_init ] --START--
INFO: Run Behavior\BuildLiteBehavior [ RunTime:0.000019s ]
INFO: [ app_init ] --END-- [ RunTime:0.000379s ]
ERR: 无法加载模块:Public

[ 2017-01-08T04:53:16+08:00 ] 113.76.181.129 /cnconsum/Public/Uploads/headImage/%E6%9C%AA%E8%AE%BE%E7%BD%AE
INFO: [ app_init ] --START--
INFO: Run Behavior\BuildLiteBehavior [ RunTime:0.000014s ]
INFO: [ app_init ] --END-- [ RunTime:0.000282s ]
ERR: 无法加载模块:Public

[ 2017-01-08T04:53:31+08:00 ] 113.76.181.129 /cnconsum/Public/Uploads/headImage/%E6%9C%AA%E8%AE%BE%E7%BD%AE
INFO: [ app_init ] --START--
INFO: Run Behavior\BuildLiteBehavior [ RunTime:0.000014s ]
INFO: [ app_init ] --END-- [ RunTime:0.000291s ]
ERR: 无法加载模块:Public

[ 2017-01-08T04:53:31+08:00 ] 113.76.181.129 /cnconsum/Public/Uploads/headImage/%E6%9C%AA%E8%AE%BE%E7%BD%AE
INFO: [ app_init ] --START--
INFO: Run Behavior\BuildLiteBehavior [ RunTime:0.000017s ]
INFO: [ app_init ] --END-- [ RunTime:0.000367s ]
ERR: 无法加载模块:Public

[ 2017-01-08T06:49:07+08:00 ] 124.114.241.254 /cnconsum/Public/Uploads/headImage/%E6%9C%AA%E8%AE%BE%E7%BD%AE
INFO: [ app_init ] --START--
INFO: Run Behavior\BuildLiteBehavior [ RunTime:0.000013s ]
INFO: [ app_init ] --END-- [ RunTime:0.000270s ]
ERR: 无法加载模块:Public

[ 2017-01-08T06:49:07+08:00 ] 124.114.241.254 /cnconsum/Public/Uploads/headImage/%E6%9C%AA%E8%AE%BE%E7%BD%AE
INFO: [ app_init ] --START--
INFO: Run Behavior\BuildLiteBehavior [ RunTime:0.000013s ]
INFO: [ app_init ] --END-- [ RunTime:0.000270s ]
ERR: 无法加载模块:Public

[ 2017-01-08T06:49:07+08:00 ] 124.114.241.254 /cnconsum/Public/Uploads/headImage/%E6%9C%AA%E8%AE%BE%E7%BD%AE
INFO: [ app_init ] --START--
INFO: Run Behavior\BuildLiteBehavior [ RunTime:0.000011s ]
INFO: [ app_init ] --END-- [ RunTime:0.000241s ]
ERR: 无法加载模块:Public

[ 2017-01-08T06:49:07+08:00 ] 124.114.241.254 /cnconsum/Public/Uploads/headImage/%E6%9C%AA%E8%AE%BE%E7%BD%AE
INFO: [ app_init ] --START--
INFO: Run Behavior\BuildLiteBehavior [ RunTime:0.000012s ]
INFO: [ app_init ] --END-- [ RunTime:0.000238s ]
ERR: 无法加载模块:Public

[ 2017-01-08T06:51:14+08:00 ] 124.114.243.69 /cnconsum/Public/Uploads/headImage/%E6%9C%AA%E8%AE%BE%E7%BD%AE
INFO: [ app_init ] --START--
INFO: Run Behavior\BuildLiteBehavior [ RunTime:0.000013s ]
INFO: [ app_init ] --END-- [ RunTime:0.000271s ]
ERR: 无法加载模块:Public

[ 2017-01-08T06:51:14+08:00 ] 124.114.243.69 /cnconsum/Public/Uploads/headImage/%E6%9C%AA%E8%AE%BE%E7%BD%AE
INFO: [ app_init ] --START--
INFO: Run Behavior\BuildLiteBehavior [ RunTime:0.000013s ]
INFO: [ app_init ] --END-- [ RunTime:0.000275s ]
ERR: 无法加载模块:Public

[ 2017-01-08T06:51:19+08:00 ] 124.114.247.106 /cnconsum/Public/Uploads/headImage/%E6%9C%AA%E8%AE%BE%E7%BD%AE
INFO: [ app_init ] --START--
INFO: Run Behavior\BuildLiteBehavior [ RunTime:0.000012s ]
INFO: [ app_init ] --END-- [ RunTime:0.000297s ]
ERR: 无法加载模块:Public

[ 2017-01-08T06:51:20+08:00 ] 124.114.247.106 /cnconsum/Public/Uploads/headImage/%E6%9C%AA%E8%AE%BE%E7%BD%AE
INFO: [ app_init ] --START--
INFO: Run Behavior\BuildLiteBehavior [ RunTime:0.000011s ]
INFO: [ app_init ] --END-- [ RunTime:0.000249s ]
ERR: 无法加载模块:Public

[ 2017-01-08T06:51:28+08:00 ] 124.114.243.69 /cnconsum/Public/Uploads/headImage/%E6%9C%AA%E8%AE%BE%E7%BD%AE
INFO: [ app_init ] --START--
INFO: Run Behavior\BuildLiteBehavior [ RunTime:0.000018s ]
INFO: [ app_init ] --END-- [ RunTime:0.000471s ]
ERR: 无法加载模块:Public

[ 2017-01-08T06:51:28+08:00 ] 124.114.243.69 /cnconsum/Public/Uploads/headImage/%E6%9C%AA%E8%AE%BE%E7%BD%AE
INFO: [ app_init ] --START--
INFO: Run Behavior\BuildLiteBehavior [ RunTime:0.000012s ]
INFO: [ app_init ] --END-- [ RunTime:0.000244s ]
ERR: 无法加载模块:Public

[ 2017-01-08T06:51:30+08:00 ] 124.114.247.106 /cnconsum/Public/Uploads/headImage/%E6%9C%AA%E8%AE%BE%E7%BD%AE
INFO: [ app_init ] --START--
INFO: Run Behavior\BuildLiteBehavior [ RunTime:0.000016s ]
INFO: [ app_init ] --END-- [ RunTime:0.000393s ]
ERR: 无法加载模块:Public

[ 2017-01-08T06:51:30+08:00 ] 124.114.243.69 /cnconsum/Public/Uploads/headImage/%E6%9C%AA%E8%AE%BE%E7%BD%AE
INFO: [ app_init ] --START--
INFO: Run Behavior\BuildLiteBehavior [ RunTime:0.000018s ]
INFO: [ app_init ] --END-- [ RunTime:0.000370s ]
ERR: 无法加载模块:Public

[ 2017-01-08T06:51:32+08:00 ] 124.114.243.69 /cnconsum/Public/Uploads/headImage/%E6%9C%AA%E8%AE%BE%E7%BD%AE
INFO: [ app_init ] --START--
INFO: Run Behavior\BuildLiteBehavior [ RunTime:0.000014s ]
INFO: [ app_init ] --END-- [ RunTime:0.000257s ]
ERR: 无法加载模块:Public

[ 2017-01-08T06:51:32+08:00 ] 124.114.243.69 /cnconsum/Public/Uploads/headImage/%E6%9C%AA%E8%AE%BE%E7%BD%AE
INFO: [ app_init ] --START--
INFO: Run Behavior\BuildLiteBehavior [ RunTime:0.000011s ]
INFO: [ app_init ] --END-- [ RunTime:0.000227s ]
ERR: 无法加载模块:Public

[ 2017-01-08T06:51:32+08:00 ] 124.114.243.69 /cnconsum/Public/Uploads/headImage/%E6%9C%AA%E8%AE%BE%E7%BD%AE
INFO: [ app_init ] --START--
INFO: Run Behavior\BuildLiteBehavior [ RunTime:0.000026s ]
INFO: [ app_init ] --END-- [ RunTime:0.000320s ]
ERR: 无法加载模块:Public

[ 2017-01-08T06:51:32+08:00 ] 124.114.243.69 /cnconsum/Public/Uploads/headImage/%E6%9C%AA%E8%AE%BE%E7%BD%AE
INFO: [ app_init ] --START--
INFO: Run Behavior\BuildLiteBehavior [ RunTime:0.000015s ]
INFO: [ app_init ] --END-- [ RunTime:0.000270s ]
ERR: 无法加载模块:Public

[ 2017-01-08T09:21:50+08:00 ] 113.139.223.9 /cnconsum/Public/Uploads/insert/(null)
INFO: [ app_init ] --START--
INFO: Run Behavior\BuildLiteBehavior [ RunTime:0.000013s ]
INFO: [ app_init ] --END-- [ RunTime:0.000284s ]
ERR: 无法加载模块:Public

[ 2017-01-08T09:21:50+08:00 ] 113.139.223.9 /cnconsum/Public/Uploads/activity/(null)
INFO: [ app_init ] --START--
INFO: Run Behavior\BuildLiteBehavior [ RunTime:0.000012s ]
INFO: [ app_init ] --END-- [ RunTime:0.000258s ]
ERR: 无法加载模块:Public

[ 2017-01-08T10:51:38+08:00 ] 17.199.160.45 /cnconsum/Public/Uploads/insert/(null)
INFO: [ app_init ] --START--
INFO: Run Behavior\BuildLiteBehavior [ RunTime:0.000014s ]
INFO: [ app_init ] --END-- [ RunTime:0.000306s ]
ERR: 无法加载模块:Public

[ 2017-01-08T10:51:45+08:00 ] 17.199.160.45 /cnconsum/Public/Uploads/activity/(null)
INFO: [ app_init ] --START--
INFO: Run Behavior\BuildLiteBehavior [ RunTime:0.000013s ]
INFO: [ app_init ] --END-- [ RunTime:0.000256s ]
ERR: 无法加载模块:Public

[ 2017-01-08T15:16:31+08:00 ] 36.40.7.172 /cnconsum/Public/Uploads/insert/(null)
INFO: [ app_init ] --START--
INFO: Run Behavior\BuildLiteBehavior [ RunTime:0.000011s ]
INFO: [ app_init ] --END-- [ RunTime:0.000244s ]
ERR: 无法加载模块:Public

[ 2017-01-08T15:16:31+08:00 ] 36.40.7.172 /cnconsum/Public/Uploads/activity/(null)
INFO: [ app_init ] --START--
INFO: Run Behavior\BuildLiteBehavior [ RunTime:0.000020s ]
INFO: [ app_init ] --END-- [ RunTime:0.000294s ]
ERR: 无法加载模块:Public

[ 2017-01-08T15:17:02+08:00 ] 36.40.7.172 /cnconsum/Public/Uploads/activity/(null)
INFO: [ app_init ] --START--
INFO: Run Behavior\BuildLiteBehavior [ RunTime:0.000012s ]
INFO: [ app_init ] --END-- [ RunTime:0.000278s ]
ERR: 无法加载模块:Public

[ 2017-01-08T15:17:03+08:00 ] 36.40.7.172 /cnconsum/Public/Uploads/insert/(null)
INFO: [ app_init ] --START--
INFO: Run Behavior\BuildLiteBehavior [ RunTime:0.000013s ]
INFO: [ app_init ] --END-- [ RunTime:0.000283s ]
ERR: 无法加载模块:Public

[ 2017-01-08T15:46:41+08:00 ] 36.45.10.239 /cnconsum/Public/Uploads/headImage/13309206465_1472783971495.png
INFO: [ app_init ] --START--
INFO: Run Behavior\BuildLiteBehavior [ RunTime:0.000012s ]
INFO: [ app_init ] --END-- [ RunTime:0.000258s ]
ERR: 无法加载模块:Public

[ 2017-01-08T15:46:41+08:00 ] 36.45.10.239 /cnconsum/Public/Uploads/headImage/13309206465_1472783971495.png
INFO: [ app_init ] --START--
INFO: Run Behavior\BuildLiteBehavior [ RunTime:0.000013s ]
INFO: [ app_init ] --END-- [ RunTime:0.000254s ]
ERR: 无法加载模块:Public

[ 2017-01-08T15:46:42+08:00 ] 36.45.10.239 /cnconsum/Public/Uploads/headImage/13309206465_1472783971495.png
INFO: [ app_init ] --START--
INFO: Run Behavior\BuildLiteBehavior [ RunTime:0.000014s ]
INFO: [ app_init ] --END-- [ RunTime:0.000261s ]
ERR: 无法加载模块:Public

[ 2017-01-08T15:46:42+08:00 ] 36.45.10.239 /cnconsum/Public/Uploads/headImage/13309206465_1472783971495.png
INFO: [ app_init ] --START--
INFO: Run Behavior\BuildLiteBehavior [ RunTime:0.000018s ]
INFO: [ app_init ] --END-- [ RunTime:0.000326s ]
ERR: 无法加载模块:Public

[ 2017-01-08T15:46:59+08:00 ] 36.45.10.239 /cnconsum/Public/Uploads/headImage/13309206465_1472783971495.png
INFO: [ app_init ] --START--
INFO: Run Behavior\BuildLiteBehavior [ RunTime:0.000013s ]
INFO: [ app_init ] --END-- [ RunTime:0.000254s ]
ERR: 无法加载模块:Public

[ 2017-01-08T15:46:59+08:00 ] 36.45.10.239 /cnconsum/Public/Uploads/headImage/13309206465_1472783971495.png
INFO: [ app_init ] --START--
INFO: Run Behavior\BuildLiteBehavior [ RunTime:0.000016s ]
INFO: [ app_init ] --END-- [ RunTime:0.000361s ]
ERR: 无法加载模块:Public

[ 2017-01-08T15:48:36+08:00 ] 36.45.10.239 /cnconsum/Public/Uploads/headImage/13309206465_1472783971495.png
INFO: [ app_init ] --START--
INFO: Run Behavior\BuildLiteBehavior [ RunTime:0.000040s ]
INFO: [ app_init ] --END-- [ RunTime:0.000410s ]
ERR: 无法加载模块:Public

[ 2017-01-08T15:48:36+08:00 ] 36.45.10.239 /cnconsum/Public/Uploads/headImage/13309206465_1472783971495.png
INFO: [ app_init ] --START--
INFO: Run Behavior\BuildLiteBehavior [ RunTime:0.000012s ]
INFO: [ app_init ] --END-- [ RunTime:0.000237s ]
ERR: 无法加载模块:Public

[ 2017-01-08T15:48:36+08:00 ] 36.45.10.239 /cnconsum/Public/Uploads/headImage/13309206465_1472783971495.png
INFO: [ app_init ] --START--
INFO: Run Behavior\BuildLiteBehavior [ RunTime:0.000012s ]
INFO: [ app_init ] --END-- [ RunTime:0.000244s ]
ERR: 无法加载模块:Public

[ 2017-01-08T15:48:36+08:00 ] 36.45.10.239 /cnconsum/Public/Uploads/headImage/13309206465_1472783971495.png
INFO: [ app_init ] --START--
INFO: Run Behavior\BuildLiteBehavior [ RunTime:0.000013s ]
INFO: [ app_init ] --END-- [ RunTime:0.000274s ]
ERR: 无法加载模块:Public

[ 2017-01-08T15:48:40+08:00 ] 36.45.10.239 /cnconsum/Public/Uploads/headImage/13309206465_1472783971495.png
INFO: [ app_init ] --START--
INFO: Run Behavior\BuildLiteBehavior [ RunTime:0.000013s ]
INFO: [ app_init ] --END-- [ RunTime:0.000255s ]
ERR: 无法加载模块:Public

[ 2017-01-08T15:48:40+08:00 ] 36.45.10.239 /cnconsum/Public/Uploads/headImage/13309206465_1472783971495.png
INFO: [ app_init ] --START--
INFO: Run Behavior\BuildLiteBehavior [ RunTime:0.000014s ]
INFO: [ app_init ] --END-- [ RunTime:0.000271s ]
ERR: 无法加载模块:Public

[ 2017-01-08T15:48:40+08:00 ] 36.45.10.239 /cnconsum/Public/Uploads/headImage/13309206465_1472783971495.png
INFO: [ app_init ] --START--
INFO: Run Behavior\BuildLiteBehavior [ RunTime:0.000011s ]
INFO: [ app_init ] --END-- [ RunTime:0.000239s ]
ERR: 无法加载模块:Public

[ 2017-01-08T17:43:38+08:00 ] 61.163.17.106 /cnconsum/Public/Uploads/headImage/null
INFO: [ app_init ] --START--
INFO: Run Behavior\BuildLiteBehavior [ RunTime:0.000012s ]
INFO: [ app_init ] --END-- [ RunTime:0.000261s ]
ERR: 无法加载模块:Public

[ 2017-01-08T17:43:38+08:00 ] 61.163.17.106 /cnconsum/Public/Uploads/headImage/null
INFO: [ app_init ] --START--
INFO: Run Behavior\BuildLiteBehavior [ RunTime:0.000014s ]
INFO: [ app_init ] --END-- [ RunTime:0.000283s ]
ERR: 无法加载模块:Public

[ 2017-01-08T23:24:01+08:00 ] 42.63.205.59 /cnconsum/Public/Uploads/activity/(null)
INFO: [ app_init ] --START--
INFO: Run Behavior\BuildLiteBehavior [ RunTime:0.000013s ]
INFO: [ app_init ] --END-- [ RunTime:0.000327s ]
ERR: 无法加载模块:Public

