[ 2017-03-01T17:45:16+08:00 ] 223.88.103.180 /cnconsum/Public/Uploads/idFrontImage/m_8784917c9a.png
INFO: [ app_init ] --START--
INFO: Run Behavior\BuildLiteBehavior [ RunTime:0.000017s ]
INFO: [ app_init ] --END-- [ RunTime:0.000285s ]
ERR: 无法加载模块:Public

[ 2017-03-01T17:45:17+08:00 ] 223.88.103.180 /cnconsum/Public/Uploads/idBackImage/m_8784917c9a.png
INFO: [ app_init ] --START--
INFO: Run Behavior\BuildLiteBehavior [ RunTime:0.000014s ]
INFO: [ app_init ] --END-- [ RunTime:0.000278s ]
ERR: 无法加载模块:Public

[ 2017-03-01T17:45:17+08:00 ] 223.88.103.180 /cnconsum/Public/Uploads/idHandImage/m_8784917c9a.png
INFO: [ app_init ] --START--
INFO: Run Behavior\BuildLiteBehavior [ RunTime:0.000014s ]
INFO: [ app_init ] --END-- [ RunTime:0.000255s ]
ERR: 无法加载模块:Public

[ 2017-03-01T17:45:20+08:00 ] 223.88.103.180 /cnconsum/Public/Uploads/idFrontImage/m_8784917c9a.png
INFO: [ app_init ] --START--
INFO: Run Behavior\BuildLiteBehavior [ RunTime:0.000014s ]
INFO: [ app_init ] --END-- [ RunTime:0.000261s ]
ERR: 无法加载模块:Public

[ 2017-03-01T17:45:20+08:00 ] 223.88.103.180 /cnconsum/Public/Uploads/idBackImage/m_8784917c9a.png
INFO: [ app_init ] --START--
INFO: Run Behavior\BuildLiteBehavior [ RunTime:0.000014s ]
INFO: [ app_init ] --END-- [ RunTime:0.000292s ]
ERR: 无法加载模块:Public

[ 2017-03-01T17:45:22+08:00 ] 223.88.103.180 /cnconsum/Public/Uploads/idHandImage/m_8784917c9a.png
INFO: [ app_init ] --START--
INFO: Run Behavior\BuildLiteBehavior [ RunTime:0.000014s ]
INFO: [ app_init ] --END-- [ RunTime:0.000311s ]
ERR: 无法加载模块:Public

[ 2017-03-01T17:49:38+08:00 ] 223.88.103.180 /cnconsum/Public/Uploads/idFrontImage/m_8784917c9a.png
INFO: [ app_init ] --START--
INFO: Run Behavior\BuildLiteBehavior [ RunTime:0.000015s ]
INFO: [ app_init ] --END-- [ RunTime:0.000288s ]
ERR: 无法加载模块:Public

[ 2017-03-01T17:49:38+08:00 ] 223.88.103.180 /cnconsum/Public/Uploads/idBackImage/m_8784917c9a.png
INFO: [ app_init ] --START--
INFO: Run Behavior\BuildLiteBehavior [ RunTime:0.000014s ]
INFO: [ app_init ] --END-- [ RunTime:0.000255s ]
ERR: 无法加载模块:Public

[ 2017-03-01T17:49:38+08:00 ] 223.88.103.180 /cnconsum/Public/Uploads/idHandImage/m_8784917c9a.png
INFO: [ app_init ] --START--
INFO: Run Behavior\BuildLiteBehavior [ RunTime:0.000014s ]
INFO: [ app_init ] --END-- [ RunTime:0.000268s ]
ERR: 无法加载模块:Public

