[ 2017-01-24T00:41:41+08:00 ] 42.63.73.203 /cnconsum/Public/Uploads/activity/(null)
INFO: [ app_init ] --START--
INFO: Run Behavior\BuildLiteBehavior [ RunTime:0.000013s ]
INFO: [ app_init ] --END-- [ RunTime:0.000298s ]
ERR: 无法加载模块:Public

[ 2017-01-24T00:41:41+08:00 ] 42.63.73.203 /cnconsum/Public/Uploads/insert/(null)
INFO: [ app_init ] --START--
INFO: Run Behavior\BuildLiteBehavior [ RunTime:0.000036s ]
INFO: [ app_init ] --END-- [ RunTime:0.000408s ]
ERR: 无法加载模块:Public

[ 2017-01-24T15:14:12+08:00 ] 1.81.91.166 /cnconsum/Public/Uploads/activity/(null)
INFO: [ app_init ] --START--
INFO: Run Behavior\BuildLiteBehavior [ RunTime:0.000050s ]
INFO: [ app_init ] --END-- [ RunTime:0.000417s ]
ERR: 无法加载模块:Public

[ 2017-01-24T15:14:12+08:00 ] 1.81.91.166 /cnconsum/Public/Uploads/insert/(null)
INFO: [ app_init ] --START--
INFO: Run Behavior\BuildLiteBehavior [ RunTime:0.000017s ]
INFO: [ app_init ] --END-- [ RunTime:0.000402s ]
ERR: 无法加载模块:Public

[ 2017-01-24T22:37:17+08:00 ] 221.207.136.185 /cnconsum/Public/Uploads/activity/(null)
INFO: [ app_init ] --START--
INFO: Run Behavior\BuildLiteBehavior [ RunTime:0.000012s ]
INFO: [ app_init ] --END-- [ RunTime:0.000261s ]
ERR: 无法加载模块:Public

[ 2017-01-24T23:14:50+08:00 ] 17.147.104.26 /cnconsum/Public/Uploads/insert/(null)
INFO: [ app_init ] --START--
INFO: Run Behavior\BuildLiteBehavior [ RunTime:0.000013s ]
INFO: [ app_init ] --END-- [ RunTime:0.000318s ]
ERR: 无法加载模块:Public

[ 2017-01-24T23:15:04+08:00 ] 17.199.160.103 /cnconsum/Public/Uploads/insert/(null)
INFO: [ app_init ] --START--
INFO: Run Behavior\BuildLiteBehavior [ RunTime:0.000014s ]
INFO: [ app_init ] --END-- [ RunTime:0.000278s ]
ERR: 无法加载模块:Public

