[ 2017-02-25T11:10:39+08:00 ] 117.22.24.252 /cnconsum/Public/Uploads/headImage/null
INFO: [ app_init ] --START--
INFO: Run Behavior\BuildLiteBehavior [ RunTime:0.000011s ]
INFO: [ app_init ] --END-- [ RunTime:0.000262s ]
ERR: 无法加载模块:Public

[ 2017-02-25T11:10:39+08:00 ] 117.22.24.252 /cnconsum/Public/Uploads/headImage/null
INFO: [ app_init ] --START--
INFO: Run Behavior\BuildLiteBehavior [ RunTime:0.000031s ]
INFO: [ app_init ] --END-- [ RunTime:0.000323s ]
ERR: 无法加载模块:Public

[ 2017-02-25T11:12:35+08:00 ] 117.22.24.252 /cnconsum/Public/Uploads/headImage/null
INFO: [ app_init ] --START--
INFO: Run Behavior\BuildLiteBehavior [ RunTime:0.000013s ]
INFO: [ app_init ] --END-- [ RunTime:0.000291s ]
ERR: 无法加载模块:Public

[ 2017-02-25T11:12:35+08:00 ] 117.22.24.252 /cnconsum/Public/Uploads/headImage/null
INFO: [ app_init ] --START--
INFO: Run Behavior\BuildLiteBehavior [ RunTime:0.000013s ]
INFO: [ app_init ] --END-- [ RunTime:0.000247s ]
ERR: 无法加载模块:Public

[ 2017-02-25T11:12:38+08:00 ] 117.22.24.252 /cnconsum/Public/Uploads/headImage/null
INFO: [ app_init ] --START--
INFO: Run Behavior\BuildLiteBehavior [ RunTime:0.000018s ]
INFO: [ app_init ] --END-- [ RunTime:0.000282s ]
ERR: 无法加载模块:Public

[ 2017-02-25T11:12:38+08:00 ] 117.22.24.252 /cnconsum/Public/Uploads/headImage/null
INFO: [ app_init ] --START--
INFO: Run Behavior\BuildLiteBehavior [ RunTime:0.000016s ]
INFO: [ app_init ] --END-- [ RunTime:0.000383s ]
ERR: 无法加载模块:Public

[ 2017-02-25T11:12:51+08:00 ] 117.22.24.252 /cnconsum/Public/Uploads/headImage/null
INFO: [ app_init ] --START--
INFO: Run Behavior\BuildLiteBehavior [ RunTime:0.000015s ]
INFO: [ app_init ] --END-- [ RunTime:0.000290s ]
ERR: 无法加载模块:Public

[ 2017-02-25T11:12:51+08:00 ] 117.22.24.252 /cnconsum/Public/Uploads/headImage/null
INFO: [ app_init ] --START--
INFO: Run Behavior\BuildLiteBehavior [ RunTime:0.000016s ]
INFO: [ app_init ] --END-- [ RunTime:0.000292s ]
ERR: 无法加载模块:Public

[ 2017-02-25T11:13:55+08:00 ] 117.22.24.252 /cnconsum/Public/Uploads/headImage/null
INFO: [ app_init ] --START--
INFO: Run Behavior\BuildLiteBehavior [ RunTime:0.000019s ]
INFO: [ app_init ] --END-- [ RunTime:0.000360s ]
ERR: 无法加载模块:Public

[ 2017-02-25T11:13:55+08:00 ] 117.22.24.252 /cnconsum/Public/Uploads/headImage/null
INFO: [ app_init ] --START--
INFO: Run Behavior\BuildLiteBehavior [ RunTime:0.000014s ]
INFO: [ app_init ] --END-- [ RunTime:0.000363s ]
ERR: 无法加载模块:Public

[ 2017-02-25T11:15:04+08:00 ] 117.22.24.252 /cnconsum/Public/Uploads/headImage/null
INFO: [ app_init ] --START--
INFO: Run Behavior\BuildLiteBehavior [ RunTime:0.000019s ]
INFO: [ app_init ] --END-- [ RunTime:0.000443s ]
ERR: 无法加载模块:Public

[ 2017-02-25T11:15:04+08:00 ] 117.22.24.252 /cnconsum/Public/Uploads/headImage/null
INFO: [ app_init ] --START--
INFO: Run Behavior\BuildLiteBehavior [ RunTime:0.000021s ]
INFO: [ app_init ] --END-- [ RunTime:0.000329s ]
ERR: 无法加载模块:Public

[ 2017-02-25T11:26:17+08:00 ] 117.22.24.252 /cnconsum/Public/Uploads/headImage/null
INFO: [ app_init ] --START--
INFO: Run Behavior\BuildLiteBehavior [ RunTime:0.000014s ]
INFO: [ app_init ] --END-- [ RunTime:0.000257s ]
ERR: 无法加载模块:Public

[ 2017-02-25T11:26:17+08:00 ] 117.22.24.252 /cnconsum/Public/Uploads/headImage/null
INFO: [ app_init ] --START--
INFO: Run Behavior\BuildLiteBehavior [ RunTime:0.000018s ]
INFO: [ app_init ] --END-- [ RunTime:0.000279s ]
ERR: 无法加载模块:Public

