[ 2017-01-17T10:29:24+08:00 ] 117.22.24.108 /cnconsum/Admin/Main/auditing
INFO: [ app_init ] --START--
INFO: Run Behavior\BuildLiteBehavior [ RunTime:0.000019s ]
INFO: [ app_init ] --END-- [ RunTime:0.000323s ]

[ 2017-01-17T10:29:27+08:00 ] 117.22.24.108 /cnconsum/Admin/Main/settle
INFO: [ app_init ] --START--
INFO: Run Behavior\BuildLiteBehavior [ RunTime:0.000014s ]
INFO: [ app_init ] --END-- [ RunTime:0.000279s ]

[ 2017-01-17T10:29:35+08:00 ] 117.22.24.108 /cnconsum/Admin/Main/auditing
INFO: [ app_init ] --START--
INFO: Run Behavior\BuildLiteBehavior [ RunTime:0.000021s ]
INFO: [ app_init ] --END-- [ RunTime:0.000302s ]

[ 2017-01-17T10:29:36+08:00 ] 117.22.24.108 /cnconsum/Admin/Main/audited
INFO: [ app_init ] --START--
INFO: Run Behavior\BuildLiteBehavior [ RunTime:0.000014s ]
INFO: [ app_init ] --END-- [ RunTime:0.000320s ]

[ 2017-01-17T10:29:37+08:00 ] 117.22.24.108 /cnconsum/Admin/Main/settle
INFO: [ app_init ] --START--
INFO: Run Behavior\BuildLiteBehavior [ RunTime:0.000013s ]
INFO: [ app_init ] --END-- [ RunTime:0.000273s ]

[ 2017-01-17T11:06:38+08:00 ] 117.22.24.108 /cnconsum/Admin/Main/settle
INFO: [ app_init ] --START--
INFO: Run Behavior\BuildLiteBehavior [ RunTime:0.000014s ]
INFO: [ app_init ] --END-- [ RunTime:0.000310s ]

[ 2017-01-17T11:13:09+08:00 ] 117.22.24.108 /cnconsum/Admin/Main/settle
INFO: [ app_init ] --START--
INFO: Run Behavior\BuildLiteBehavior [ RunTime:0.000014s ]
INFO: [ app_init ] --END-- [ RunTime:0.000278s ]

[ 2017-01-17T11:13:09+08:00 ] 117.22.24.108 /cnconsum/Admin/Main/__PUBLIC__/image/admin/next.png
INFO: [ app_init ] --START--
INFO: Run Behavior\BuildLiteBehavior [ RunTime:0.000019s ]
INFO: [ app_init ] --END-- [ RunTime:0.000459s ]

[ 2017-01-17T11:18:02+08:00 ] 117.22.24.108 /cnconsum/Admin/Main/settle
INFO: [ app_init ] --START--
INFO: Run Behavior\BuildLiteBehavior [ RunTime:0.000013s ]
INFO: [ app_init ] --END-- [ RunTime:0.000277s ]

[ 2017-01-17T11:18:02+08:00 ] 117.22.24.108 /cnconsum/Admin/Main/__PUBLIC__/image/admin/next.png
INFO: [ app_init ] --START--
INFO: Run Behavior\BuildLiteBehavior [ RunTime:0.000014s ]
INFO: [ app_init ] --END-- [ RunTime:0.000280s ]

[ 2017-01-17T11:18:10+08:00 ] 117.22.24.108 /cnconsum/Admin/Main/settle
INFO: [ app_init ] --START--
INFO: Run Behavior\BuildLiteBehavior [ RunTime:0.000020s ]
INFO: [ app_init ] --END-- [ RunTime:0.000353s ]

[ 2017-01-17T11:18:11+08:00 ] 117.22.24.108 /cnconsum/Admin/Main/__PUBLIC__/image/admin/next.png
INFO: [ app_init ] --START--
INFO: Run Behavior\BuildLiteBehavior [ RunTime:0.000017s ]
INFO: [ app_init ] --END-- [ RunTime:0.000322s ]

[ 2017-01-17T11:18:27+08:00 ] 117.22.24.108 /cnconsum/Admin/Main/auditing
INFO: [ app_init ] --START--
INFO: Run Behavior\BuildLiteBehavior [ RunTime:0.000013s ]
INFO: [ app_init ] --END-- [ RunTime:0.000279s ]

[ 2017-01-17T11:18:28+08:00 ] 117.22.24.108 /cnconsum/Admin/Main/settle
INFO: [ app_init ] --START--
INFO: Run Behavior\BuildLiteBehavior [ RunTime:0.000014s ]
INFO: [ app_init ] --END-- [ RunTime:0.000324s ]

[ 2017-01-17T11:18:29+08:00 ] 117.22.24.108 /cnconsum/Admin/Main/__PUBLIC__/image/admin/next.png
INFO: [ app_init ] --START--
INFO: Run Behavior\BuildLiteBehavior [ RunTime:0.000014s ]
INFO: [ app_init ] --END-- [ RunTime:0.000361s ]

[ 2017-01-17T11:20:28+08:00 ] 117.22.24.108 /cnconsum/Admin/Main/settle
INFO: [ app_init ] --START--
INFO: Run Behavior\BuildLiteBehavior [ RunTime:0.000019s ]
INFO: [ app_init ] --END-- [ RunTime:0.000555s ]

[ 2017-01-17T11:21:11+08:00 ] 117.22.24.108 /cnconsum/Admin/Main/settle
INFO: [ app_init ] --START--
INFO: Run Behavior\BuildLiteBehavior [ RunTime:0.000013s ]
INFO: [ app_init ] --END-- [ RunTime:0.000268s ]

[ 2017-01-17T11:21:28+08:00 ] 117.22.24.108 /cnconsum/Admin/Main/auditing
INFO: [ app_init ] --START--
INFO: Run Behavior\BuildLiteBehavior [ RunTime:0.000014s ]
INFO: [ app_init ] --END-- [ RunTime:0.000314s ]

[ 2017-01-17T11:21:29+08:00 ] 117.22.24.108 /cnconsum/Admin/Main/settle
INFO: [ app_init ] --START--
INFO: Run Behavior\BuildLiteBehavior [ RunTime:0.000014s ]
INFO: [ app_init ] --END-- [ RunTime:0.000316s ]

[ 2017-01-17T11:22:06+08:00 ] 117.22.24.108 /cnconsum/Admin/Main/settle
INFO: [ app_init ] --START--
INFO: Run Behavior\BuildLiteBehavior [ RunTime:0.000014s ]
INFO: [ app_init ] --END-- [ RunTime:0.000366s ]

[ 2017-01-17T11:24:59+08:00 ] 117.22.24.108 /cnconsum/Admin/Main/settle
INFO: [ app_init ] --START--
INFO: Run Behavior\BuildLiteBehavior [ RunTime:0.000014s ]
INFO: [ app_init ] --END-- [ RunTime:0.000381s ]

[ 2017-01-17T11:26:02+08:00 ] 117.22.24.108 /cnconsum/Admin/Main/settle
INFO: [ app_init ] --START--
INFO: Run Behavior\BuildLiteBehavior [ RunTime:0.000012s ]
INFO: [ app_init ] --END-- [ RunTime:0.000256s ]

[ 2017-01-17T11:27:17+08:00 ] 117.22.24.108 /cnconsum/Admin/Main/settle
INFO: [ app_init ] --START--
INFO: Run Behavior\BuildLiteBehavior [ RunTime:0.000014s ]
INFO: [ app_init ] --END-- [ RunTime:0.000272s ]

[ 2017-01-17T11:28:32+08:00 ] 117.22.24.108 /cnconsum/Admin/Main/settle
INFO: [ app_init ] --START--
INFO: Run Behavior\BuildLiteBehavior [ RunTime:0.000013s ]
INFO: [ app_init ] --END-- [ RunTime:0.000269s ]

[ 2017-01-17T11:28:35+08:00 ] 117.22.24.108 /cnconsum/Admin/Main/settle
INFO: [ app_init ] --START--
INFO: Run Behavior\BuildLiteBehavior [ RunTime:0.000013s ]
INFO: [ app_init ] --END-- [ RunTime:0.000270s ]
INFO: [ app_begin ] --START--
INFO: Run Behavior\ReadHtmlCacheBehavior [ RunTime:0.000380s ]
INFO: [ app_begin ] --END-- [ RunTime:0.000426s ]
SQL: SHOW COLUMNS FROM `cn_merchant` [ RunTime:0.0008s ]
SQL: SELECT COUNT(*) AS tp_count FROM `cn_merchant` LIMIT 1   [ RunTime:0.0002s ]
SQL: SELECT * FROM `cn_merchant` LIMIT 6,6   [ RunTime:0.0003s ]

[ 2017-01-17T11:28:58+08:00 ] 117.22.24.108 /cnconsum/Admin/Main/settle
INFO: [ app_init ] --START--
INFO: Run Behavior\BuildLiteBehavior [ RunTime:0.000014s ]
INFO: [ app_init ] --END-- [ RunTime:0.000255s ]

[ 2017-01-17T11:34:59+08:00 ] 117.22.24.108 /cnconsum/Admin/Main/settle
INFO: [ app_init ] --START--
INFO: Run Behavior\BuildLiteBehavior [ RunTime:0.000014s ]
INFO: [ app_init ] --END-- [ RunTime:0.000264s ]

[ 2017-01-17T11:35:02+08:00 ] 117.22.24.108 /cnconsum/Admin/Main/settle
INFO: [ app_init ] --START--
INFO: Run Behavior\BuildLiteBehavior [ RunTime:0.000014s ]
INFO: [ app_init ] --END-- [ RunTime:0.000272s ]
INFO: [ app_begin ] --START--
INFO: Run Behavior\ReadHtmlCacheBehavior [ RunTime:0.000368s ]
INFO: [ app_begin ] --END-- [ RunTime:0.000408s ]
SQL: SHOW COLUMNS FROM `cn_merchant` [ RunTime:0.0010s ]
SQL: SELECT COUNT(*) AS tp_count FROM `cn_merchant` LIMIT 1   [ RunTime:0.0004s ]
SQL: SELECT * FROM `cn_merchant` LIMIT 6,6   [ RunTime:0.0002s ]

[ 2017-01-17T11:35:08+08:00 ] 117.22.24.108 /cnconsum/Admin/Main/settle
INFO: [ app_init ] --START--
INFO: Run Behavior\BuildLiteBehavior [ RunTime:0.000018s ]
INFO: [ app_init ] --END-- [ RunTime:0.000316s ]
INFO: [ app_begin ] --START--
INFO: Run Behavior\ReadHtmlCacheBehavior [ RunTime:0.000342s ]
INFO: [ app_begin ] --END-- [ RunTime:0.000382s ]
SQL: SHOW COLUMNS FROM `cn_merchant` [ RunTime:0.0008s ]
SQL: SELECT COUNT(*) AS tp_count FROM `cn_merchant` LIMIT 1   [ RunTime:0.0002s ]
SQL: SELECT * FROM `cn_merchant` LIMIT 12,6   [ RunTime:0.0003s ]

[ 2017-01-17T11:35:09+08:00 ] 117.22.24.108 /cnconsum/Admin/Main/settle
INFO: [ app_init ] --START--
INFO: Run Behavior\BuildLiteBehavior [ RunTime:0.000013s ]
INFO: [ app_init ] --END-- [ RunTime:0.000256s ]
INFO: [ app_begin ] --START--
INFO: Run Behavior\ReadHtmlCacheBehavior [ RunTime:0.000336s ]
INFO: [ app_begin ] --END-- [ RunTime:0.000374s ]
SQL: SHOW COLUMNS FROM `cn_merchant` [ RunTime:0.0009s ]
SQL: SELECT COUNT(*) AS tp_count FROM `cn_merchant` LIMIT 1   [ RunTime:0.0003s ]
SQL: SELECT * FROM `cn_merchant` LIMIT 18,6   [ RunTime:0.0003s ]

[ 2017-01-17T11:36:34+08:00 ] 117.22.24.108 /cnconsum/Admin/Main/settle
INFO: [ app_init ] --START--
INFO: Run Behavior\BuildLiteBehavior [ RunTime:0.000013s ]
INFO: [ app_init ] --END-- [ RunTime:0.000315s ]

[ 2017-01-17T11:36:37+08:00 ] 117.22.24.108 /cnconsum/Admin/Main/settle
INFO: [ app_init ] --START--
INFO: Run Behavior\BuildLiteBehavior [ RunTime:0.000013s ]
INFO: [ app_init ] --END-- [ RunTime:0.000281s ]
INFO: [ app_begin ] --START--
INFO: Run Behavior\ReadHtmlCacheBehavior [ RunTime:0.000341s ]
INFO: [ app_begin ] --END-- [ RunTime:0.000379s ]
SQL: SHOW COLUMNS FROM `cn_merchant` [ RunTime:0.0008s ]
SQL: SELECT COUNT(*) AS tp_count FROM `cn_merchant` LIMIT 1   [ RunTime:0.0003s ]
SQL: SELECT * FROM `cn_merchant` LIMIT 6,6   [ RunTime:0.0003s ]

[ 2017-01-17T11:37:00+08:00 ] 117.22.24.108 /cnconsum/Admin/Main/settle
INFO: [ app_init ] --START--
INFO: Run Behavior\BuildLiteBehavior [ RunTime:0.000018s ]
INFO: [ app_init ] --END-- [ RunTime:0.000337s ]

[ 2017-01-17T11:37:05+08:00 ] 117.22.24.108 /cnconsum/Admin/Main/settle
INFO: [ app_init ] --START--
INFO: Run Behavior\BuildLiteBehavior [ RunTime:0.000014s ]
INFO: [ app_init ] --END-- [ RunTime:0.000346s ]
INFO: [ app_begin ] --START--
INFO: Run Behavior\ReadHtmlCacheBehavior [ RunTime:0.000404s ]
INFO: [ app_begin ] --END-- [ RunTime:0.000462s ]
SQL: SHOW COLUMNS FROM `cn_merchant` [ RunTime:0.0009s ]
SQL: SELECT COUNT(*) AS tp_count FROM `cn_merchant` LIMIT 1   [ RunTime:0.0003s ]
SQL: SELECT * FROM `cn_merchant` LIMIT 6,6   [ RunTime:0.0002s ]

[ 2017-01-17T11:38:27+08:00 ] 117.22.24.108 /cnconsum/Admin/Main/settle
INFO: [ app_init ] --START--
INFO: Run Behavior\BuildLiteBehavior [ RunTime:0.000014s ]
INFO: [ app_init ] --END-- [ RunTime:0.000272s ]

[ 2017-01-17T11:38:29+08:00 ] 117.22.24.108 /cnconsum/Admin/Main/settle
INFO: [ app_init ] --START--
INFO: Run Behavior\BuildLiteBehavior [ RunTime:0.000013s ]
INFO: [ app_init ] --END-- [ RunTime:0.000260s ]
INFO: [ app_begin ] --START--
INFO: Run Behavior\ReadHtmlCacheBehavior [ RunTime:0.000335s ]
INFO: [ app_begin ] --END-- [ RunTime:0.000375s ]
SQL: SHOW COLUMNS FROM `cn_merchant` [ RunTime:0.0008s ]
SQL: SELECT COUNT(*) AS tp_count FROM `cn_merchant` LIMIT 1   [ RunTime:0.0003s ]
SQL: SELECT * FROM `cn_merchant` LIMIT 6,6   [ RunTime:0.0003s ]

[ 2017-01-17T11:39:43+08:00 ] 117.22.24.108 /cnconsum/Admin/Main/settle
INFO: [ app_init ] --START--
INFO: Run Behavior\BuildLiteBehavior [ RunTime:0.000018s ]
INFO: [ app_init ] --END-- [ RunTime:0.000313s ]

[ 2017-01-17T11:39:45+08:00 ] 117.22.24.108 /cnconsum/Admin/Main/settle
INFO: [ app_init ] --START--
INFO: Run Behavior\BuildLiteBehavior [ RunTime:0.000016s ]
INFO: [ app_init ] --END-- [ RunTime:0.000265s ]
INFO: [ app_begin ] --START--
INFO: Run Behavior\ReadHtmlCacheBehavior [ RunTime:0.000326s ]
INFO: [ app_begin ] --END-- [ RunTime:0.000368s ]
SQL: SHOW COLUMNS FROM `cn_merchant` [ RunTime:0.0009s ]
SQL: SELECT COUNT(*) AS tp_count FROM `cn_merchant` LIMIT 1   [ RunTime:0.0003s ]
SQL: SELECT * FROM `cn_merchant` LIMIT 6,6   [ RunTime:0.0003s ]

[ 2017-01-17T11:39:48+08:00 ] 117.22.24.108 /cnconsum/Admin/Main/settle
INFO: [ app_init ] --START--
INFO: Run Behavior\BuildLiteBehavior [ RunTime:0.000014s ]
INFO: [ app_init ] --END-- [ RunTime:0.000273s ]
INFO: [ app_begin ] --START--
INFO: Run Behavior\ReadHtmlCacheBehavior [ RunTime:0.000390s ]
INFO: [ app_begin ] --END-- [ RunTime:0.000429s ]
SQL: SHOW COLUMNS FROM `cn_merchant` [ RunTime:0.0008s ]
SQL: SELECT COUNT(*) AS tp_count FROM `cn_merchant` LIMIT 1   [ RunTime:0.0002s ]
SQL: SELECT * FROM `cn_merchant` LIMIT 0,6   [ RunTime:0.0003s ]

[ 2017-01-17T11:39:51+08:00 ] 117.22.24.108 /cnconsum/Admin/Main/settle
INFO: [ app_init ] --START--
INFO: Run Behavior\BuildLiteBehavior [ RunTime:0.000020s ]
INFO: [ app_init ] --END-- [ RunTime:0.000375s ]

[ 2017-01-17T11:39:55+08:00 ] 117.22.24.108 /cnconsum/Admin/Main/settle
INFO: [ app_init ] --START--
INFO: Run Behavior\BuildLiteBehavior [ RunTime:0.000019s ]
INFO: [ app_init ] --END-- [ RunTime:0.000302s ]
INFO: [ app_begin ] --START--
INFO: Run Behavior\ReadHtmlCacheBehavior [ RunTime:0.000371s ]
INFO: [ app_begin ] --END-- [ RunTime:0.000451s ]
SQL: SHOW COLUMNS FROM `cn_merchant` [ RunTime:0.0009s ]
SQL: SELECT COUNT(*) AS tp_count FROM `cn_merchant` LIMIT 1   [ RunTime:0.0003s ]
SQL: SELECT * FROM `cn_merchant` LIMIT 6,6   [ RunTime:0.0003s ]

[ 2017-01-17T11:39:57+08:00 ] 117.22.24.108 /cnconsum/Admin/Main/settle
INFO: [ app_init ] --START--
INFO: Run Behavior\BuildLiteBehavior [ RunTime:0.000043s ]
INFO: [ app_init ] --END-- [ RunTime:0.000398s ]

[ 2017-01-17T11:42:12+08:00 ] 117.22.24.108 /cnconsum/Admin/Main/settle
INFO: [ app_init ] --START--
INFO: Run Behavior\BuildLiteBehavior [ RunTime:0.000014s ]
INFO: [ app_init ] --END-- [ RunTime:0.000291s ]

[ 2017-01-17T11:42:14+08:00 ] 117.22.24.108 /cnconsum/Admin/Main/settle
INFO: [ app_init ] --START--
INFO: Run Behavior\BuildLiteBehavior [ RunTime:0.000014s ]
INFO: [ app_init ] --END-- [ RunTime:0.000292s ]
INFO: [ app_begin ] --START--
INFO: Run Behavior\ReadHtmlCacheBehavior [ RunTime:0.000322s ]
INFO: [ app_begin ] --END-- [ RunTime:0.000362s ]
SQL: SHOW COLUMNS FROM `cn_merchant` [ RunTime:0.0008s ]
SQL: SELECT COUNT(*) AS tp_count FROM `cn_merchant` LIMIT 1   [ RunTime:0.0003s ]
SQL: SELECT * FROM `cn_merchant` LIMIT 6,6   [ RunTime:0.0004s ]

[ 2017-01-17T11:42:17+08:00 ] 117.22.24.108 /cnconsum/Admin/Main/settle
INFO: [ app_init ] --START--
INFO: Run Behavior\BuildLiteBehavior [ RunTime:0.000020s ]
INFO: [ app_init ] --END-- [ RunTime:0.000367s ]
INFO: [ app_begin ] --START--
INFO: Run Behavior\ReadHtmlCacheBehavior [ RunTime:0.000484s ]
INFO: [ app_begin ] --END-- [ RunTime:0.000540s ]
SQL: SHOW COLUMNS FROM `cn_merchant` [ RunTime:0.0009s ]
SQL: SELECT COUNT(*) AS tp_count FROM `cn_merchant` LIMIT 1   [ RunTime:0.0002s ]
SQL: SELECT * FROM `cn_merchant` LIMIT 0,6   [ RunTime:0.0002s ]

[ 2017-01-17T11:42:19+08:00 ] 117.22.24.108 /cnconsum/Admin/Main/settle
INFO: [ app_init ] --START--
INFO: Run Behavior\BuildLiteBehavior [ RunTime:0.000019s ]
INFO: [ app_init ] --END-- [ RunTime:0.000289s ]
INFO: [ app_begin ] --START--
INFO: Run Behavior\ReadHtmlCacheBehavior [ RunTime:0.000326s ]
INFO: [ app_begin ] --END-- [ RunTime:0.000367s ]
SQL: SHOW COLUMNS FROM `cn_merchant` [ RunTime:0.0008s ]
SQL: SELECT COUNT(*) AS tp_count FROM `cn_merchant` LIMIT 1   [ RunTime:0.0003s ]
SQL: SELECT * FROM `cn_merchant` LIMIT 36,6   [ RunTime:0.0003s ]

[ 2017-01-17T11:42:20+08:00 ] 117.22.24.108 /cnconsum/Admin/Main/settle
INFO: [ app_init ] --START--
INFO: Run Behavior\BuildLiteBehavior [ RunTime:0.000014s ]
INFO: [ app_init ] --END-- [ RunTime:0.000292s ]
INFO: [ app_begin ] --START--
INFO: Run Behavior\ReadHtmlCacheBehavior [ RunTime:0.000412s ]
INFO: [ app_begin ] --END-- [ RunTime:0.000452s ]
SQL: SHOW COLUMNS FROM `cn_merchant` [ RunTime:0.0009s ]
SQL: SELECT COUNT(*) AS tp_count FROM `cn_merchant` LIMIT 1   [ RunTime:0.0003s ]
SQL: SELECT * FROM `cn_merchant` LIMIT 24,6   [ RunTime:0.0004s ]

[ 2017-01-17T11:42:20+08:00 ] 117.22.24.108 /cnconsum/Admin/Main/settle
INFO: [ app_init ] --START--
INFO: Run Behavior\BuildLiteBehavior [ RunTime:0.000020s ]
INFO: [ app_init ] --END-- [ RunTime:0.000385s ]
INFO: [ app_begin ] --START--
INFO: Run Behavior\ReadHtmlCacheBehavior [ RunTime:0.000497s ]
INFO: [ app_begin ] --END-- [ RunTime:0.000551s ]
SQL: SHOW COLUMNS FROM `cn_merchant` [ RunTime:0.0027s ]
SQL: SELECT COUNT(*) AS tp_count FROM `cn_merchant` LIMIT 1   [ RunTime:0.0002s ]
SQL: SELECT * FROM `cn_merchant` LIMIT 12,6   [ RunTime:0.0003s ]

[ 2017-01-17T11:42:21+08:00 ] 117.22.24.108 /cnconsum/Admin/Main/settle
INFO: [ app_init ] --START--
INFO: Run Behavior\BuildLiteBehavior [ RunTime:0.000018s ]
INFO: [ app_init ] --END-- [ RunTime:0.000275s ]
INFO: [ app_begin ] --START--
INFO: Run Behavior\ReadHtmlCacheBehavior [ RunTime:0.000331s ]
INFO: [ app_begin ] --END-- [ RunTime:0.000370s ]
SQL: SHOW COLUMNS FROM `cn_merchant` [ RunTime:0.0008s ]
SQL: SELECT COUNT(*) AS tp_count FROM `cn_merchant` LIMIT 1   [ RunTime:0.0003s ]
SQL: SELECT * FROM `cn_merchant` LIMIT 6,6   [ RunTime:0.0003s ]

[ 2017-01-17T11:42:21+08:00 ] 117.22.24.108 /cnconsum/Admin/Main/settle
INFO: [ app_init ] --START--
INFO: Run Behavior\BuildLiteBehavior [ RunTime:0.000014s ]
INFO: [ app_init ] --END-- [ RunTime:0.000276s ]
INFO: [ app_begin ] --START--
INFO: Run Behavior\ReadHtmlCacheBehavior [ RunTime:0.000410s ]
INFO: [ app_begin ] --END-- [ RunTime:0.000456s ]
SQL: SHOW COLUMNS FROM `cn_merchant` [ RunTime:0.0010s ]
SQL: SELECT COUNT(*) AS tp_count FROM `cn_merchant` LIMIT 1   [ RunTime:0.0004s ]
SQL: SELECT * FROM `cn_merchant` LIMIT 0,6   [ RunTime:0.0003s ]

[ 2017-01-17T11:42:28+08:00 ] 117.22.24.108 /cnconsum/Admin/Main/settle
INFO: [ app_init ] --START--
INFO: Run Behavior\BuildLiteBehavior [ RunTime:0.000013s ]
INFO: [ app_init ] --END-- [ RunTime:0.000276s ]

[ 2017-01-17T11:43:06+08:00 ] 117.22.24.108 /cnconsum/Admin/Main/settle
INFO: [ app_init ] --START--
INFO: Run Behavior\BuildLiteBehavior [ RunTime:0.000021s ]
INFO: [ app_init ] --END-- [ RunTime:0.000326s ]

[ 2017-01-17T11:43:17+08:00 ] 117.22.24.108 /cnconsum/Admin/Main/settle
INFO: [ app_init ] --START--
INFO: Run Behavior\BuildLiteBehavior [ RunTime:0.000013s ]
INFO: [ app_init ] --END-- [ RunTime:0.000264s ]
INFO: [ app_begin ] --START--
INFO: Run Behavior\ReadHtmlCacheBehavior [ RunTime:0.000322s ]
INFO: [ app_begin ] --END-- [ RunTime:0.000361s ]
SQL: SHOW COLUMNS FROM `cn_merchant` [ RunTime:0.0009s ]
SQL: SELECT COUNT(*) AS tp_count FROM `cn_merchant` LIMIT 1   [ RunTime:0.0003s ]
SQL: SELECT * FROM `cn_merchant` LIMIT 6,6   [ RunTime:0.0003s ]

[ 2017-01-17T11:43:19+08:00 ] 117.22.24.108 /cnconsum/Admin/Main/settle
INFO: [ app_init ] --START--
INFO: Run Behavior\BuildLiteBehavior [ RunTime:0.000013s ]
INFO: [ app_init ] --END-- [ RunTime:0.000269s ]
INFO: [ app_begin ] --START--
INFO: Run Behavior\ReadHtmlCacheBehavior [ RunTime:0.000365s ]
INFO: [ app_begin ] --END-- [ RunTime:0.000404s ]
SQL: SHOW COLUMNS FROM `cn_merchant` [ RunTime:0.0008s ]
SQL: SELECT COUNT(*) AS tp_count FROM `cn_merchant` LIMIT 1   [ RunTime:0.0002s ]
SQL: SELECT * FROM `cn_merchant` LIMIT 18,6   [ RunTime:0.0003s ]

[ 2017-01-17T11:43:20+08:00 ] 117.22.24.108 /cnconsum/Admin/Main/settle
INFO: [ app_init ] --START--
INFO: Run Behavior\BuildLiteBehavior [ RunTime:0.000013s ]
INFO: [ app_init ] --END-- [ RunTime:0.000274s ]
INFO: [ app_begin ] --START--
INFO: Run Behavior\ReadHtmlCacheBehavior [ RunTime:0.000405s ]
INFO: [ app_begin ] --END-- [ RunTime:0.000444s ]
SQL: SHOW COLUMNS FROM `cn_merchant` [ RunTime:0.0008s ]
SQL: SELECT COUNT(*) AS tp_count FROM `cn_merchant` LIMIT 1   [ RunTime:0.0003s ]
SQL: SELECT * FROM `cn_merchant` LIMIT 24,6   [ RunTime:0.0003s ]

[ 2017-01-17T11:43:21+08:00 ] 117.22.24.108 /cnconsum/Admin/Main/settle
INFO: [ app_init ] --START--
INFO: Run Behavior\BuildLiteBehavior [ RunTime:0.000014s ]
INFO: [ app_init ] --END-- [ RunTime:0.000280s ]
INFO: [ app_begin ] --START--
INFO: Run Behavior\ReadHtmlCacheBehavior [ RunTime:0.000316s ]
INFO: [ app_begin ] --END-- [ RunTime:0.000354s ]
SQL: SHOW COLUMNS FROM `cn_merchant` [ RunTime:0.0008s ]
SQL: SELECT COUNT(*) AS tp_count FROM `cn_merchant` LIMIT 1   [ RunTime:0.0003s ]
SQL: SELECT * FROM `cn_merchant` LIMIT 0,6   [ RunTime:0.0002s ]

[ 2017-01-17T11:43:23+08:00 ] 117.22.24.108 /cnconsum/Admin/Main/settle
INFO: [ app_init ] --START--
INFO: Run Behavior\BuildLiteBehavior [ RunTime:0.000014s ]
INFO: [ app_init ] --END-- [ RunTime:0.000266s ]
INFO: [ app_begin ] --START--
INFO: Run Behavior\ReadHtmlCacheBehavior [ RunTime:0.000337s ]
INFO: [ app_begin ] --END-- [ RunTime:0.000376s ]
SQL: SHOW COLUMNS FROM `cn_merchant` [ RunTime:0.0009s ]
SQL: SELECT COUNT(*) AS tp_count FROM `cn_merchant` LIMIT 1   [ RunTime:0.0003s ]
SQL: SELECT * FROM `cn_merchant` LIMIT 12,6   [ RunTime:0.0003s ]

[ 2017-01-17T11:43:24+08:00 ] 117.22.24.108 /cnconsum/Admin/Main/settle
INFO: [ app_init ] --START--
INFO: Run Behavior\BuildLiteBehavior [ RunTime:0.000013s ]
INFO: [ app_init ] --END-- [ RunTime:0.000259s ]
INFO: [ app_begin ] --START--
INFO: Run Behavior\ReadHtmlCacheBehavior [ RunTime:0.000318s ]
INFO: [ app_begin ] --END-- [ RunTime:0.000357s ]
SQL: SHOW COLUMNS FROM `cn_merchant` [ RunTime:0.0027s ]
SQL: SELECT COUNT(*) AS tp_count FROM `cn_merchant` LIMIT 1   [ RunTime:0.0003s ]
SQL: SELECT * FROM `cn_merchant` LIMIT 30,6   [ RunTime:0.0003s ]

[ 2017-01-17T11:43:24+08:00 ] 117.22.24.108 /cnconsum/Admin/Main/settle
INFO: [ app_init ] --START--
INFO: Run Behavior\BuildLiteBehavior [ RunTime:0.000014s ]
INFO: [ app_init ] --END-- [ RunTime:0.000257s ]
INFO: [ app_begin ] --START--
INFO: Run Behavior\ReadHtmlCacheBehavior [ RunTime:0.000520s ]
INFO: [ app_begin ] --END-- [ RunTime:0.000610s ]
SQL: SHOW COLUMNS FROM `cn_merchant` [ RunTime:0.0008s ]
SQL: SELECT COUNT(*) AS tp_count FROM `cn_merchant` LIMIT 1   [ RunTime:0.0003s ]
SQL: SELECT * FROM `cn_merchant` LIMIT 36,6   [ RunTime:0.0003s ]

[ 2017-01-17T11:43:25+08:00 ] 117.22.24.108 /cnconsum/Admin/Main/settle
INFO: [ app_init ] --START--
INFO: Run Behavior\BuildLiteBehavior [ RunTime:0.000014s ]
INFO: [ app_init ] --END-- [ RunTime:0.000257s ]
INFO: [ app_begin ] --START--
INFO: Run Behavior\ReadHtmlCacheBehavior [ RunTime:0.000332s ]
INFO: [ app_begin ] --END-- [ RunTime:0.000371s ]
SQL: SHOW COLUMNS FROM `cn_merchant` [ RunTime:0.0009s ]
SQL: SELECT COUNT(*) AS tp_count FROM `cn_merchant` LIMIT 1   [ RunTime:0.0003s ]
SQL: SELECT * FROM `cn_merchant` LIMIT 42,6   [ RunTime:0.0004s ]

[ 2017-01-17T11:43:26+08:00 ] 117.22.24.108 /cnconsum/Admin/Main/settle
INFO: [ app_init ] --START--
INFO: Run Behavior\BuildLiteBehavior [ RunTime:0.000013s ]
INFO: [ app_init ] --END-- [ RunTime:0.000285s ]
INFO: [ app_begin ] --START--
INFO: Run Behavior\ReadHtmlCacheBehavior [ RunTime:0.000348s ]
INFO: [ app_begin ] --END-- [ RunTime:0.000395s ]
SQL: SHOW COLUMNS FROM `cn_merchant` [ RunTime:0.0011s ]
SQL: SELECT COUNT(*) AS tp_count FROM `cn_merchant` LIMIT 1   [ RunTime:0.0003s ]
SQL: SELECT * FROM `cn_merchant` LIMIT 24,6   [ RunTime:0.0003s ]

[ 2017-01-17T11:43:27+08:00 ] 117.22.24.108 /cnconsum/Admin/Main/settle
INFO: [ app_init ] --START--
INFO: Run Behavior\BuildLiteBehavior [ RunTime:0.000019s ]
INFO: [ app_init ] --END-- [ RunTime:0.000447s ]

[ 2017-01-17T11:43:38+08:00 ] 117.22.24.108 /cnconsum/Admin/Main/settle
INFO: [ app_init ] --START--
INFO: Run Behavior\BuildLiteBehavior [ RunTime:0.000014s ]
INFO: [ app_init ] --END-- [ RunTime:0.000271s ]
INFO: [ app_begin ] --START--
INFO: Run Behavior\ReadHtmlCacheBehavior [ RunTime:0.000339s ]
INFO: [ app_begin ] --END-- [ RunTime:0.000377s ]
SQL: SHOW COLUMNS FROM `cn_merchant` [ RunTime:0.0009s ]
SQL: SELECT COUNT(*) AS tp_count FROM `cn_merchant` LIMIT 1   [ RunTime:0.0003s ]
SQL: SELECT * FROM `cn_merchant` LIMIT 6,6   [ RunTime:0.0003s ]

[ 2017-01-17T11:44:09+08:00 ] 117.22.24.108 /cnconsum/Admin/Main/settle
INFO: [ app_init ] --START--
INFO: Run Behavior\BuildLiteBehavior [ RunTime:0.000017s ]
INFO: [ app_init ] --END-- [ RunTime:0.000317s ]
INFO: [ app_begin ] --START--
INFO: Run Behavior\ReadHtmlCacheBehavior [ RunTime:0.000357s ]
INFO: [ app_begin ] --END-- [ RunTime:0.000402s ]
SQL: SHOW COLUMNS FROM `cn_merchant` [ RunTime:0.0009s ]
SQL: SELECT COUNT(*) AS tp_count FROM `cn_merchant` LIMIT 1   [ RunTime:0.0003s ]
SQL: SELECT * FROM `cn_merchant` LIMIT 0,6   [ RunTime:0.0003s ]

[ 2017-01-17T11:44:18+08:00 ] 117.22.24.108 /cnconsum/Admin/Main/settle
INFO: [ app_init ] --START--
INFO: Run Behavior\BuildLiteBehavior [ RunTime:0.000013s ]
INFO: [ app_init ] --END-- [ RunTime:0.000260s ]
INFO: [ app_begin ] --START--
INFO: Run Behavior\ReadHtmlCacheBehavior [ RunTime:0.000357s ]
INFO: [ app_begin ] --END-- [ RunTime:0.000396s ]
SQL: SHOW COLUMNS FROM `cn_merchant` [ RunTime:0.0009s ]
SQL: SELECT COUNT(*) AS tp_count FROM `cn_merchant` LIMIT 1   [ RunTime:0.0003s ]
SQL: SELECT * FROM `cn_merchant` LIMIT 6,6   [ RunTime:0.0003s ]

[ 2017-01-17T11:44:19+08:00 ] 117.22.24.108 /cnconsum/Admin/Main/settle
INFO: [ app_init ] --START--
INFO: Run Behavior\BuildLiteBehavior [ RunTime:0.000015s ]
INFO: [ app_init ] --END-- [ RunTime:0.000304s ]
INFO: [ app_begin ] --START--
INFO: Run Behavior\ReadHtmlCacheBehavior [ RunTime:0.000341s ]
INFO: [ app_begin ] --END-- [ RunTime:0.000388s ]
SQL: SHOW COLUMNS FROM `cn_merchant` [ RunTime:0.0008s ]
SQL: SELECT COUNT(*) AS tp_count FROM `cn_merchant` LIMIT 1   [ RunTime:0.0003s ]
SQL: SELECT * FROM `cn_merchant` LIMIT 0,6   [ RunTime:0.0003s ]

[ 2017-01-17T11:44:20+08:00 ] 117.22.24.108 /cnconsum/Admin/Main/settle
INFO: [ app_init ] --START--
INFO: Run Behavior\BuildLiteBehavior [ RunTime:0.000015s ]
INFO: [ app_init ] --END-- [ RunTime:0.000380s ]
INFO: [ app_begin ] --START--
INFO: Run Behavior\ReadHtmlCacheBehavior [ RunTime:0.000354s ]
INFO: [ app_begin ] --END-- [ RunTime:0.000402s ]
SQL: SHOW COLUMNS FROM `cn_merchant` [ RunTime:0.0009s ]
SQL: SELECT COUNT(*) AS tp_count FROM `cn_merchant` LIMIT 1   [ RunTime:0.0003s ]
SQL: SELECT * FROM `cn_merchant` LIMIT 6,6   [ RunTime:0.0003s ]

[ 2017-01-17T11:44:21+08:00 ] 117.22.24.108 /cnconsum/Admin/Main/settle
INFO: [ app_init ] --START--
INFO: Run Behavior\BuildLiteBehavior [ RunTime:0.000012s ]
INFO: [ app_init ] --END-- [ RunTime:0.000244s ]
INFO: [ app_begin ] --START--
INFO: Run Behavior\ReadHtmlCacheBehavior [ RunTime:0.000334s ]
INFO: [ app_begin ] --END-- [ RunTime:0.000373s ]
SQL: SHOW COLUMNS FROM `cn_merchant` [ RunTime:0.0007s ]
SQL: SELECT COUNT(*) AS tp_count FROM `cn_merchant` LIMIT 1   [ RunTime:0.0002s ]
SQL: SELECT * FROM `cn_merchant` LIMIT 0,6   [ RunTime:0.0003s ]

[ 2017-01-17T11:44:23+08:00 ] 117.22.24.108 /cnconsum/Admin/Main/settle
INFO: [ app_init ] --START--
INFO: Run Behavior\BuildLiteBehavior [ RunTime:0.000013s ]
INFO: [ app_init ] --END-- [ RunTime:0.000267s ]
INFO: [ app_begin ] --START--
INFO: Run Behavior\ReadHtmlCacheBehavior [ RunTime:0.000420s ]
INFO: [ app_begin ] --END-- [ RunTime:0.000459s ]
SQL: SHOW COLUMNS FROM `cn_merchant` [ RunTime:0.0008s ]
SQL: SELECT COUNT(*) AS tp_count FROM `cn_merchant` LIMIT 1   [ RunTime:0.0002s ]
SQL: SELECT * FROM `cn_merchant` LIMIT 6,6   [ RunTime:0.0002s ]

[ 2017-01-17T11:44:24+08:00 ] 117.22.24.108 /cnconsum/Admin/Main/settle
INFO: [ app_init ] --START--
INFO: Run Behavior\BuildLiteBehavior [ RunTime:0.000014s ]
INFO: [ app_init ] --END-- [ RunTime:0.000269s ]
INFO: [ app_begin ] --START--
INFO: Run Behavior\ReadHtmlCacheBehavior [ RunTime:0.000336s ]
INFO: [ app_begin ] --END-- [ RunTime:0.000375s ]
SQL: SHOW COLUMNS FROM `cn_merchant` [ RunTime:0.0009s ]
SQL: SELECT COUNT(*) AS tp_count FROM `cn_merchant` LIMIT 1   [ RunTime:0.0003s ]
SQL: SELECT * FROM `cn_merchant` LIMIT 12,6   [ RunTime:0.0003s ]

[ 2017-01-17T11:44:25+08:00 ] 117.22.24.108 /cnconsum/Admin/Main/settle
INFO: [ app_init ] --START--
INFO: Run Behavior\BuildLiteBehavior [ RunTime:0.000014s ]
INFO: [ app_init ] --END-- [ RunTime:0.000253s ]
INFO: [ app_begin ] --START--
INFO: Run Behavior\ReadHtmlCacheBehavior [ RunTime:0.000330s ]
INFO: [ app_begin ] --END-- [ RunTime:0.000369s ]
SQL: SHOW COLUMNS FROM `cn_merchant` [ RunTime:0.0008s ]
SQL: SELECT COUNT(*) AS tp_count FROM `cn_merchant` LIMIT 1   [ RunTime:0.0003s ]
SQL: SELECT * FROM `cn_merchant` LIMIT 18,6   [ RunTime:0.0003s ]

[ 2017-01-17T11:44:27+08:00 ] 117.22.24.108 /cnconsum/Admin/Main/settle
INFO: [ app_init ] --START--
INFO: Run Behavior\BuildLiteBehavior [ RunTime:0.000013s ]
INFO: [ app_init ] --END-- [ RunTime:0.000277s ]
INFO: [ app_begin ] --START--
INFO: Run Behavior\ReadHtmlCacheBehavior [ RunTime:0.000390s ]
INFO: [ app_begin ] --END-- [ RunTime:0.000435s ]
SQL: SHOW COLUMNS FROM `cn_merchant` [ RunTime:0.0008s ]
SQL: SELECT COUNT(*) AS tp_count FROM `cn_merchant` LIMIT 1   [ RunTime:0.0003s ]
SQL: SELECT * FROM `cn_merchant` LIMIT 24,6   [ RunTime:0.0004s ]

[ 2017-01-17T11:44:28+08:00 ] 117.22.24.108 /cnconsum/Admin/Main/settle
INFO: [ app_init ] --START--
INFO: Run Behavior\BuildLiteBehavior [ RunTime:0.000014s ]
INFO: [ app_init ] --END-- [ RunTime:0.000275s ]
INFO: [ app_begin ] --START--
INFO: Run Behavior\ReadHtmlCacheBehavior [ RunTime:0.000440s ]
INFO: [ app_begin ] --END-- [ RunTime:0.000479s ]
SQL: SHOW COLUMNS FROM `cn_merchant` [ RunTime:0.0009s ]
SQL: SELECT COUNT(*) AS tp_count FROM `cn_merchant` LIMIT 1   [ RunTime:0.0003s ]
SQL: SELECT * FROM `cn_merchant` LIMIT 30,6   [ RunTime:0.0003s ]

[ 2017-01-17T11:44:29+08:00 ] 117.22.24.108 /cnconsum/Admin/Main/settle
INFO: [ app_init ] --START--
INFO: Run Behavior\BuildLiteBehavior [ RunTime:0.000014s ]
INFO: [ app_init ] --END-- [ RunTime:0.000293s ]
INFO: [ app_begin ] --START--
INFO: Run Behavior\ReadHtmlCacheBehavior [ RunTime:0.000389s ]
INFO: [ app_begin ] --END-- [ RunTime:0.000436s ]
SQL: SHOW COLUMNS FROM `cn_merchant` [ RunTime:0.0008s ]
SQL: SELECT COUNT(*) AS tp_count FROM `cn_merchant` LIMIT 1   [ RunTime:0.0003s ]
SQL: SELECT * FROM `cn_merchant` LIMIT 36,6   [ RunTime:0.0003s ]

[ 2017-01-17T11:45:32+08:00 ] 117.22.24.108 /cnconsum/Admin/Main/settle
INFO: [ app_init ] --START--
INFO: Run Behavior\BuildLiteBehavior [ RunTime:0.000013s ]
INFO: [ app_init ] --END-- [ RunTime:0.000315s ]

[ 2017-01-17T11:45:44+08:00 ] 117.22.24.108 /cnconsum/Admin/Main/settle
INFO: [ app_init ] --START--
INFO: Run Behavior\BuildLiteBehavior [ RunTime:0.000014s ]
INFO: [ app_init ] --END-- [ RunTime:0.000258s ]
INFO: [ app_begin ] --START--
INFO: Run Behavior\ReadHtmlCacheBehavior [ RunTime:0.000313s ]
INFO: [ app_begin ] --END-- [ RunTime:0.000351s ]
SQL: SHOW COLUMNS FROM `cn_merchant` [ RunTime:0.0009s ]
SQL: SELECT COUNT(*) AS tp_count FROM `cn_merchant` LIMIT 1   [ RunTime:0.0003s ]
SQL: SELECT * FROM `cn_merchant` LIMIT 6,6   [ RunTime:0.0002s ]

[ 2017-01-17T11:45:49+08:00 ] 117.22.24.108 /cnconsum/Admin/Main/settle
INFO: [ app_init ] --START--
INFO: Run Behavior\BuildLiteBehavior [ RunTime:0.000013s ]
INFO: [ app_init ] --END-- [ RunTime:0.000257s ]
INFO: [ app_begin ] --START--
INFO: Run Behavior\ReadHtmlCacheBehavior [ RunTime:0.000388s ]
INFO: [ app_begin ] --END-- [ RunTime:0.000427s ]
SQL: SHOW COLUMNS FROM `cn_merchant` [ RunTime:0.0009s ]
SQL: SELECT COUNT(*) AS tp_count FROM `cn_merchant` LIMIT 1   [ RunTime:0.0003s ]
SQL: SELECT * FROM `cn_merchant` LIMIT 0,6   [ RunTime:0.0003s ]

[ 2017-01-17T11:45:58+08:00 ] 117.22.24.108 /cnconsum/Admin/Main/settle
INFO: [ app_init ] --START--
INFO: Run Behavior\BuildLiteBehavior [ RunTime:0.000013s ]
INFO: [ app_init ] --END-- [ RunTime:0.000280s ]

[ 2017-01-17T11:46:02+08:00 ] 117.22.24.108 /cnconsum/Admin/Main/settle
INFO: [ app_init ] --START--
INFO: Run Behavior\BuildLiteBehavior [ RunTime:0.000014s ]
INFO: [ app_init ] --END-- [ RunTime:0.000288s ]
INFO: [ app_begin ] --START--
INFO: Run Behavior\ReadHtmlCacheBehavior [ RunTime:0.000464s ]
INFO: [ app_begin ] --END-- [ RunTime:0.000510s ]
SQL: SHOW COLUMNS FROM `cn_merchant` [ RunTime:0.0034s ]
SQL: SELECT COUNT(*) AS tp_count FROM `cn_merchant` LIMIT 1   [ RunTime:0.0003s ]
SQL: SELECT * FROM `cn_merchant` LIMIT 6,6   [ RunTime:0.0003s ]

[ 2017-01-17T11:46:03+08:00 ] 117.22.24.108 /cnconsum/Admin/Main/settle
INFO: [ app_init ] --START--
INFO: Run Behavior\BuildLiteBehavior [ RunTime:0.000014s ]
INFO: [ app_init ] --END-- [ RunTime:0.000298s ]
INFO: [ app_begin ] --START--
INFO: Run Behavior\ReadHtmlCacheBehavior [ RunTime:0.000402s ]
INFO: [ app_begin ] --END-- [ RunTime:0.000453s ]
SQL: SHOW COLUMNS FROM `cn_merchant` [ RunTime:0.0008s ]
SQL: SELECT COUNT(*) AS tp_count FROM `cn_merchant` LIMIT 1   [ RunTime:0.0003s ]
SQL: SELECT * FROM `cn_merchant` LIMIT 0,6   [ RunTime:0.0003s ]

[ 2017-01-17T11:46:09+08:00 ] 117.22.24.108 /cnconsum/Admin/Main/settle
INFO: [ app_init ] --START--
INFO: Run Behavior\BuildLiteBehavior [ RunTime:0.000013s ]
INFO: [ app_init ] --END-- [ RunTime:0.000262s ]

[ 2017-01-17T11:47:28+08:00 ] 117.22.24.108 /cnconsum/Admin/Main/settle
INFO: [ app_init ] --START--
INFO: Run Behavior\BuildLiteBehavior [ RunTime:0.000015s ]
INFO: [ app_init ] --END-- [ RunTime:0.000313s ]

[ 2017-01-17T11:47:31+08:00 ] 117.22.24.108 /cnconsum/Admin/Main/settle
INFO: [ app_init ] --START--
INFO: Run Behavior\BuildLiteBehavior [ RunTime:0.000015s ]
INFO: [ app_init ] --END-- [ RunTime:0.000314s ]
INFO: [ app_begin ] --START--
INFO: Run Behavior\ReadHtmlCacheBehavior [ RunTime:0.000317s ]
INFO: [ app_begin ] --END-- [ RunTime:0.000356s ]
SQL: SHOW COLUMNS FROM `cn_merchant` [ RunTime:0.0008s ]
SQL: SELECT COUNT(*) AS tp_count FROM `cn_merchant` LIMIT 1   [ RunTime:0.0002s ]
SQL: SELECT * FROM `cn_merchant` LIMIT 6,6   [ RunTime:0.0002s ]

[ 2017-01-17T11:47:32+08:00 ] 117.22.24.108 /cnconsum/Admin/Main/settle
INFO: [ app_init ] --START--
INFO: Run Behavior\BuildLiteBehavior [ RunTime:0.000014s ]
INFO: [ app_init ] --END-- [ RunTime:0.000310s ]
INFO: [ app_begin ] --START--
INFO: Run Behavior\ReadHtmlCacheBehavior [ RunTime:0.000339s ]
INFO: [ app_begin ] --END-- [ RunTime:0.000377s ]
SQL: SHOW COLUMNS FROM `cn_merchant` [ RunTime:0.0010s ]
SQL: SELECT COUNT(*) AS tp_count FROM `cn_merchant` LIMIT 1   [ RunTime:0.0003s ]
SQL: SELECT * FROM `cn_merchant` LIMIT 12,6   [ RunTime:0.0003s ]

[ 2017-01-17T11:47:32+08:00 ] 117.22.24.108 /cnconsum/Admin/Main/settle
INFO: [ app_init ] --START--
INFO: Run Behavior\BuildLiteBehavior [ RunTime:0.000013s ]
INFO: [ app_init ] --END-- [ RunTime:0.000353s ]
INFO: [ app_begin ] --START--
INFO: Run Behavior\ReadHtmlCacheBehavior [ RunTime:0.000320s ]
INFO: [ app_begin ] --END-- [ RunTime:0.000378s ]
SQL: SHOW COLUMNS FROM `cn_merchant` [ RunTime:0.0009s ]
SQL: SELECT COUNT(*) AS tp_count FROM `cn_merchant` LIMIT 1   [ RunTime:0.0003s ]
SQL: SELECT * FROM `cn_merchant` LIMIT 18,6   [ RunTime:0.0003s ]

[ 2017-01-17T11:47:33+08:00 ] 117.22.24.108 /cnconsum/Admin/Main/settle
INFO: [ app_init ] --START--
INFO: Run Behavior\BuildLiteBehavior [ RunTime:0.000013s ]
INFO: [ app_init ] --END-- [ RunTime:0.000279s ]
INFO: [ app_begin ] --START--
INFO: Run Behavior\ReadHtmlCacheBehavior [ RunTime:0.000334s ]
INFO: [ app_begin ] --END-- [ RunTime:0.000373s ]
SQL: SHOW COLUMNS FROM `cn_merchant` [ RunTime:0.0008s ]
SQL: SELECT COUNT(*) AS tp_count FROM `cn_merchant` LIMIT 1   [ RunTime:0.0003s ]
SQL: SELECT * FROM `cn_merchant` LIMIT 36,6   [ RunTime:0.0003s ]

[ 2017-01-17T11:47:33+08:00 ] 117.22.24.108 /cnconsum/Admin/Main/settle
INFO: [ app_init ] --START--
INFO: Run Behavior\BuildLiteBehavior [ RunTime:0.000014s ]
INFO: [ app_init ] --END-- [ RunTime:0.000282s ]
INFO: [ app_begin ] --START--
INFO: Run Behavior\ReadHtmlCacheBehavior [ RunTime:0.000363s ]
INFO: [ app_begin ] --END-- [ RunTime:0.000418s ]
SQL: SHOW COLUMNS FROM `cn_merchant` [ RunTime:0.0010s ]
SQL: SELECT COUNT(*) AS tp_count FROM `cn_merchant` LIMIT 1   [ RunTime:0.0003s ]
SQL: SELECT * FROM `cn_merchant` LIMIT 30,6   [ RunTime:0.0004s ]

[ 2017-01-17T11:47:35+08:00 ] 117.22.24.108 /cnconsum/Admin/Main/settle
INFO: [ app_init ] --START--
INFO: Run Behavior\BuildLiteBehavior [ RunTime:0.000013s ]
INFO: [ app_init ] --END-- [ RunTime:0.000259s ]
INFO: [ app_begin ] --START--
INFO: Run Behavior\ReadHtmlCacheBehavior [ RunTime:0.000376s ]
INFO: [ app_begin ] --END-- [ RunTime:0.000415s ]
SQL: SHOW COLUMNS FROM `cn_merchant` [ RunTime:0.0030s ]
SQL: SELECT COUNT(*) AS tp_count FROM `cn_merchant` LIMIT 1   [ RunTime:0.0003s ]
SQL: SELECT * FROM `cn_merchant` LIMIT 0,6   [ RunTime:0.0003s ]

[ 2017-01-17T11:48:05+08:00 ] 117.22.24.108 /cnconsum/Admin/Main/settle
INFO: [ app_init ] --START--
INFO: Run Behavior\BuildLiteBehavior [ RunTime:0.000013s ]
INFO: [ app_init ] --END-- [ RunTime:0.000298s ]

[ 2017-01-17T11:48:07+08:00 ] 117.22.24.108 /cnconsum/Admin/Main/settle
INFO: [ app_init ] --START--
INFO: Run Behavior\BuildLiteBehavior [ RunTime:0.000018s ]
INFO: [ app_init ] --END-- [ RunTime:0.000363s ]
INFO: [ app_begin ] --START--
INFO: Run Behavior\ReadHtmlCacheBehavior [ RunTime:0.000346s ]
INFO: [ app_begin ] --END-- [ RunTime:0.000384s ]
SQL: SHOW COLUMNS FROM `cn_merchant` [ RunTime:0.0008s ]
SQL: SELECT COUNT(*) AS tp_count FROM `cn_merchant` LIMIT 1   [ RunTime:0.0003s ]
SQL: SELECT * FROM `cn_merchant` LIMIT 6,6   [ RunTime:0.0003s ]

[ 2017-01-17T11:48:08+08:00 ] 117.22.24.108 /cnconsum/Admin/Main/settle
INFO: [ app_init ] --START--
INFO: Run Behavior\BuildLiteBehavior [ RunTime:0.000014s ]
INFO: [ app_init ] --END-- [ RunTime:0.000291s ]
INFO: [ app_begin ] --START--
INFO: Run Behavior\ReadHtmlCacheBehavior [ RunTime:0.000394s ]
INFO: [ app_begin ] --END-- [ RunTime:0.000433s ]
SQL: SHOW COLUMNS FROM `cn_merchant` [ RunTime:0.0010s ]
SQL: SELECT COUNT(*) AS tp_count FROM `cn_merchant` LIMIT 1   [ RunTime:0.0003s ]
SQL: SELECT * FROM `cn_merchant` LIMIT 12,6   [ RunTime:0.0003s ]

[ 2017-01-17T11:48:08+08:00 ] 117.22.24.108 /cnconsum/Admin/Main/settle
INFO: [ app_init ] --START--
INFO: Run Behavior\BuildLiteBehavior [ RunTime:0.000017s ]
INFO: [ app_init ] --END-- [ RunTime:0.000335s ]
INFO: [ app_begin ] --START--
INFO: Run Behavior\ReadHtmlCacheBehavior [ RunTime:0.000432s ]
INFO: [ app_begin ] --END-- [ RunTime:0.000471s ]
SQL: SHOW COLUMNS FROM `cn_merchant` [ RunTime:0.0009s ]
SQL: SELECT COUNT(*) AS tp_count FROM `cn_merchant` LIMIT 1   [ RunTime:0.0003s ]
SQL: SELECT * FROM `cn_merchant` LIMIT 36,6   [ RunTime:0.0004s ]

[ 2017-01-17T11:48:09+08:00 ] 117.22.24.108 /cnconsum/Admin/Main/settle
INFO: [ app_init ] --START--
INFO: Run Behavior\BuildLiteBehavior [ RunTime:0.000013s ]
INFO: [ app_init ] --END-- [ RunTime:0.000310s ]
INFO: [ app_begin ] --START--
INFO: Run Behavior\ReadHtmlCacheBehavior [ RunTime:0.000388s ]
INFO: [ app_begin ] --END-- [ RunTime:0.000436s ]
SQL: SHOW COLUMNS FROM `cn_merchant` [ RunTime:0.0008s ]
SQL: SELECT COUNT(*) AS tp_count FROM `cn_merchant` LIMIT 1   [ RunTime:0.0003s ]
SQL: SELECT * FROM `cn_merchant` LIMIT 18,6   [ RunTime:0.0003s ]

[ 2017-01-17T11:48:10+08:00 ] 117.22.24.108 /cnconsum/Admin/Main/settle
INFO: [ app_init ] --START--
INFO: Run Behavior\BuildLiteBehavior [ RunTime:0.000014s ]
INFO: [ app_init ] --END-- [ RunTime:0.000258s ]
INFO: [ app_begin ] --START--
INFO: Run Behavior\ReadHtmlCacheBehavior [ RunTime:0.000372s ]
INFO: [ app_begin ] --END-- [ RunTime:0.000410s ]
SQL: SHOW COLUMNS FROM `cn_merchant` [ RunTime:0.0009s ]
SQL: SELECT COUNT(*) AS tp_count FROM `cn_merchant` LIMIT 1   [ RunTime:0.0003s ]
SQL: SELECT * FROM `cn_merchant` LIMIT 12,6   [ RunTime:0.0003s ]

[ 2017-01-17T11:48:31+08:00 ] 117.22.24.108 /cnconsum/Admin/Main/settle
INFO: [ app_init ] --START--
INFO: Run Behavior\BuildLiteBehavior [ RunTime:0.000020s ]
INFO: [ app_init ] --END-- [ RunTime:0.000353s ]

[ 2017-01-17T11:48:36+08:00 ] 117.22.24.108 /cnconsum/Admin/Main/settle
INFO: [ app_init ] --START--
INFO: Run Behavior\BuildLiteBehavior [ RunTime:0.000021s ]
INFO: [ app_init ] --END-- [ RunTime:0.000337s ]
INFO: [ app_begin ] --START--
INFO: Run Behavior\ReadHtmlCacheBehavior [ RunTime:0.000413s ]
INFO: [ app_begin ] --END-- [ RunTime:0.000466s ]
SQL: SHOW COLUMNS FROM `cn_merchant` [ RunTime:0.0009s ]
SQL: SELECT COUNT(*) AS tp_count FROM `cn_merchant` LIMIT 1   [ RunTime:0.0003s ]
SQL: SELECT * FROM `cn_merchant` LIMIT 6,6   [ RunTime:0.0003s ]

[ 2017-01-17T11:48:37+08:00 ] 117.22.24.108 /cnconsum/Admin/Main/settle
INFO: [ app_init ] --START--
INFO: Run Behavior\BuildLiteBehavior [ RunTime:0.000014s ]
INFO: [ app_init ] --END-- [ RunTime:0.000293s ]
INFO: [ app_begin ] --START--
INFO: Run Behavior\ReadHtmlCacheBehavior [ RunTime:0.000396s ]
INFO: [ app_begin ] --END-- [ RunTime:0.000456s ]
SQL: SHOW COLUMNS FROM `cn_merchant` [ RunTime:0.0009s ]
SQL: SELECT COUNT(*) AS tp_count FROM `cn_merchant` LIMIT 1   [ RunTime:0.0003s ]
SQL: SELECT * FROM `cn_merchant` LIMIT 42,6   [ RunTime:0.0004s ]

[ 2017-01-17T11:48:38+08:00 ] 117.22.24.108 /cnconsum/Admin/Main/settle
INFO: [ app_init ] --START--
INFO: Run Behavior\BuildLiteBehavior [ RunTime:0.000014s ]
INFO: [ app_init ] --END-- [ RunTime:0.000293s ]
INFO: [ app_begin ] --START--
INFO: Run Behavior\ReadHtmlCacheBehavior [ RunTime:0.000319s ]
INFO: [ app_begin ] --END-- [ RunTime:0.000357s ]
SQL: SHOW COLUMNS FROM `cn_merchant` [ RunTime:0.0009s ]
SQL: SELECT COUNT(*) AS tp_count FROM `cn_merchant` LIMIT 1   [ RunTime:0.0003s ]
SQL: SELECT * FROM `cn_merchant` LIMIT 24,6   [ RunTime:0.0004s ]

[ 2017-01-17T11:49:03+08:00 ] 117.22.24.108 /cnconsum/Admin/Main/settle
INFO: [ app_init ] --START--
INFO: Run Behavior\BuildLiteBehavior [ RunTime:0.000013s ]
INFO: [ app_init ] --END-- [ RunTime:0.000341s ]

[ 2017-01-17T11:49:05+08:00 ] 117.22.24.108 /cnconsum/Admin/Main/settle
INFO: [ app_init ] --START--
INFO: Run Behavior\BuildLiteBehavior [ RunTime:0.000013s ]
INFO: [ app_init ] --END-- [ RunTime:0.000296s ]

[ 2017-01-17T11:51:08+08:00 ] 117.22.24.108 /cnconsum/Admin/Main/settle
INFO: [ app_init ] --START--
INFO: Run Behavior\BuildLiteBehavior [ RunTime:0.000020s ]
INFO: [ app_init ] --END-- [ RunTime:0.000405s ]

[ 2017-01-17T11:51:13+08:00 ] 117.22.24.108 /cnconsum/Admin/Main/settle
INFO: [ app_init ] --START--
INFO: Run Behavior\BuildLiteBehavior [ RunTime:0.000018s ]
INFO: [ app_init ] --END-- [ RunTime:0.000440s ]
INFO: [ app_begin ] --START--
INFO: Run Behavior\ReadHtmlCacheBehavior [ RunTime:0.000483s ]
INFO: [ app_begin ] --END-- [ RunTime:0.000524s ]
SQL: SHOW COLUMNS FROM `cn_merchant` [ RunTime:0.0008s ]
SQL: SELECT COUNT(*) AS tp_count FROM `cn_merchant` LIMIT 1   [ RunTime:0.0002s ]
SQL: SELECT * FROM `cn_merchant` LIMIT 6,6   [ RunTime:0.0002s ]

[ 2017-01-17T11:51:15+08:00 ] 117.22.24.108 /cnconsum/Admin/Main/settle
INFO: [ app_init ] --START--
INFO: Run Behavior\BuildLiteBehavior [ RunTime:0.000015s ]
INFO: [ app_init ] --END-- [ RunTime:0.000299s ]
INFO: [ app_begin ] --START--
INFO: Run Behavior\ReadHtmlCacheBehavior [ RunTime:0.000354s ]
INFO: [ app_begin ] --END-- [ RunTime:0.000393s ]
SQL: SHOW COLUMNS FROM `cn_merchant` [ RunTime:0.0010s ]
SQL: SELECT COUNT(*) AS tp_count FROM `cn_merchant` LIMIT 1   [ RunTime:0.0004s ]
SQL: SELECT * FROM `cn_merchant` LIMIT 0,6   [ RunTime:0.0003s ]

[ 2017-01-17T11:51:16+08:00 ] 117.22.24.108 /cnconsum/Admin/Main/settle
INFO: [ app_init ] --START--
INFO: Run Behavior\BuildLiteBehavior [ RunTime:0.000014s ]
INFO: [ app_init ] --END-- [ RunTime:0.000310s ]
INFO: [ app_begin ] --START--
INFO: Run Behavior\ReadHtmlCacheBehavior [ RunTime:0.000370s ]
INFO: [ app_begin ] --END-- [ RunTime:0.000417s ]
SQL: SHOW COLUMNS FROM `cn_merchant` [ RunTime:0.0030s ]
SQL: SELECT COUNT(*) AS tp_count FROM `cn_merchant` LIMIT 1   [ RunTime:0.0003s ]
SQL: SELECT * FROM `cn_merchant` LIMIT 6,6   [ RunTime:0.0003s ]

[ 2017-01-17T11:51:17+08:00 ] 117.22.24.108 /cnconsum/Admin/Main/settle
INFO: [ app_init ] --START--
INFO: Run Behavior\BuildLiteBehavior [ RunTime:0.000014s ]
INFO: [ app_init ] --END-- [ RunTime:0.000258s ]
INFO: [ app_begin ] --START--
INFO: Run Behavior\ReadHtmlCacheBehavior [ RunTime:0.000344s ]
INFO: [ app_begin ] --END-- [ RunTime:0.000382s ]
SQL: SHOW COLUMNS FROM `cn_merchant` [ RunTime:0.0008s ]
SQL: SELECT COUNT(*) AS tp_count FROM `cn_merchant` LIMIT 1   [ RunTime:0.0002s ]
SQL: SELECT * FROM `cn_merchant` LIMIT 0,6   [ RunTime:0.0002s ]

[ 2017-01-17T11:53:05+08:00 ] 117.22.24.108 /cnconsum/Admin/Main/settle
INFO: [ app_init ] --START--
INFO: Run Behavior\BuildLiteBehavior [ RunTime:0.000015s ]
INFO: [ app_init ] --END-- [ RunTime:0.000273s ]

[ 2017-01-17T11:53:09+08:00 ] 117.22.24.108 /cnconsum/Admin/Main/settle
INFO: [ app_init ] --START--
INFO: Run Behavior\BuildLiteBehavior [ RunTime:0.000016s ]
INFO: [ app_init ] --END-- [ RunTime:0.000276s ]
INFO: [ app_begin ] --START--
INFO: Run Behavior\ReadHtmlCacheBehavior [ RunTime:0.000326s ]
INFO: [ app_begin ] --END-- [ RunTime:0.000384s ]
SQL: SHOW COLUMNS FROM `cn_merchant` [ RunTime:0.0010s ]
SQL: SELECT COUNT(*) AS tp_count FROM `cn_merchant` LIMIT 1   [ RunTime:0.0002s ]
SQL: SELECT * FROM `cn_merchant` LIMIT 6,6   [ RunTime:0.0002s ]

[ 2017-01-17T11:53:12+08:00 ] 117.22.24.108 /cnconsum/Admin/Main/settle
INFO: [ app_init ] --START--
INFO: Run Behavior\BuildLiteBehavior [ RunTime:0.000014s ]
INFO: [ app_init ] --END-- [ RunTime:0.000255s ]
INFO: [ app_begin ] --START--
INFO: Run Behavior\ReadHtmlCacheBehavior [ RunTime:0.000334s ]
INFO: [ app_begin ] --END-- [ RunTime:0.000373s ]
SQL: SHOW COLUMNS FROM `cn_merchant` [ RunTime:0.0008s ]
SQL: SELECT COUNT(*) AS tp_count FROM `cn_merchant` LIMIT 1   [ RunTime:0.0003s ]
SQL: SELECT * FROM `cn_merchant` LIMIT 12,6   [ RunTime:0.0003s ]

[ 2017-01-17T11:53:13+08:00 ] 117.22.24.108 /cnconsum/Admin/Main/settle
INFO: [ app_init ] --START--
INFO: Run Behavior\BuildLiteBehavior [ RunTime:0.000018s ]
INFO: [ app_init ] --END-- [ RunTime:0.000305s ]
INFO: [ app_begin ] --START--
INFO: Run Behavior\ReadHtmlCacheBehavior [ RunTime:0.000410s ]
INFO: [ app_begin ] --END-- [ RunTime:0.000449s ]
SQL: SHOW COLUMNS FROM `cn_merchant` [ RunTime:0.0008s ]
SQL: SELECT COUNT(*) AS tp_count FROM `cn_merchant` LIMIT 1   [ RunTime:0.0003s ]
SQL: SELECT * FROM `cn_merchant` LIMIT 6,6   [ RunTime:0.0003s ]

[ 2017-01-17T11:53:14+08:00 ] 117.22.24.108 /cnconsum/Admin/Main/settle
INFO: [ app_init ] --START--
INFO: Run Behavior\BuildLiteBehavior [ RunTime:0.000013s ]
INFO: [ app_init ] --END-- [ RunTime:0.000257s ]
INFO: [ app_begin ] --START--
INFO: Run Behavior\ReadHtmlCacheBehavior [ RunTime:0.000317s ]
INFO: [ app_begin ] --END-- [ RunTime:0.000356s ]
SQL: SHOW COLUMNS FROM `cn_merchant` [ RunTime:0.0012s ]
SQL: SELECT COUNT(*) AS tp_count FROM `cn_merchant` LIMIT 1   [ RunTime:0.0003s ]
SQL: SELECT * FROM `cn_merchant` LIMIT 0,6   [ RunTime:0.0002s ]

[ 2017-01-17T11:53:16+08:00 ] 117.22.24.108 /cnconsum/Admin/Main/settle
INFO: [ app_init ] --START--
INFO: Run Behavior\BuildLiteBehavior [ RunTime:0.000014s ]
INFO: [ app_init ] --END-- [ RunTime:0.000255s ]

[ 2017-01-17T11:53:40+08:00 ] 117.22.24.108 /cnconsum/Admin/Main/settle
INFO: [ app_init ] --START--
INFO: Run Behavior\BuildLiteBehavior [ RunTime:0.000020s ]
INFO: [ app_init ] --END-- [ RunTime:0.000409s ]

[ 2017-01-17T11:53:41+08:00 ] 117.22.24.108 /cnconsum/Admin/Main/settle
INFO: [ app_init ] --START--
INFO: Run Behavior\BuildLiteBehavior [ RunTime:0.000018s ]
INFO: [ app_init ] --END-- [ RunTime:0.000280s ]
INFO: [ app_begin ] --START--
INFO: Run Behavior\ReadHtmlCacheBehavior [ RunTime:0.000347s ]
INFO: [ app_begin ] --END-- [ RunTime:0.000386s ]
SQL: SHOW COLUMNS FROM `cn_merchant` [ RunTime:0.0034s ]
SQL: SELECT COUNT(*) AS tp_count FROM `cn_merchant` LIMIT 1   [ RunTime:0.0003s ]
SQL: SELECT * FROM `cn_merchant` LIMIT 6,6   [ RunTime:0.0003s ]

[ 2017-01-17T11:53:42+08:00 ] 117.22.24.108 /cnconsum/Admin/Main/settle
INFO: [ app_init ] --START--
INFO: Run Behavior\BuildLiteBehavior [ RunTime:0.000013s ]
INFO: [ app_init ] --END-- [ RunTime:0.000269s ]
INFO: [ app_begin ] --START--
INFO: Run Behavior\ReadHtmlCacheBehavior [ RunTime:0.000381s ]
INFO: [ app_begin ] --END-- [ RunTime:0.000431s ]
SQL: SHOW COLUMNS FROM `cn_merchant` [ RunTime:0.0008s ]
SQL: SELECT COUNT(*) AS tp_count FROM `cn_merchant` LIMIT 1   [ RunTime:0.0003s ]
SQL: SELECT * FROM `cn_merchant` LIMIT 12,6   [ RunTime:0.0003s ]

[ 2017-01-17T11:54:04+08:00 ] 117.22.24.108 /cnconsum/Admin/Main/settle
INFO: [ app_init ] --START--
INFO: Run Behavior\BuildLiteBehavior [ RunTime:0.000014s ]
INFO: [ app_init ] --END-- [ RunTime:0.000302s ]

[ 2017-01-17T11:54:07+08:00 ] 117.22.24.108 /cnconsum/Admin/Main/settle
INFO: [ app_init ] --START--
INFO: Run Behavior\BuildLiteBehavior [ RunTime:0.000013s ]
INFO: [ app_init ] --END-- [ RunTime:0.000337s ]
INFO: [ app_begin ] --START--
INFO: Run Behavior\ReadHtmlCacheBehavior [ RunTime:0.000358s ]
INFO: [ app_begin ] --END-- [ RunTime:0.000397s ]
SQL: SHOW COLUMNS FROM `cn_merchant` [ RunTime:0.0011s ]
SQL: SELECT COUNT(*) AS tp_count FROM `cn_merchant` LIMIT 1   [ RunTime:0.0003s ]
SQL: SELECT * FROM `cn_merchant` LIMIT 6,6   [ RunTime:0.0003s ]

[ 2017-01-17T11:54:08+08:00 ] 117.22.24.108 /cnconsum/Admin/Main/settle
INFO: [ app_init ] --START--
INFO: Run Behavior\BuildLiteBehavior [ RunTime:0.000018s ]
INFO: [ app_init ] --END-- [ RunTime:0.000319s ]
INFO: [ app_begin ] --START--
INFO: Run Behavior\ReadHtmlCacheBehavior [ RunTime:0.000373s ]
INFO: [ app_begin ] --END-- [ RunTime:0.000412s ]
SQL: SHOW COLUMNS FROM `cn_merchant` [ RunTime:0.0009s ]
SQL: SELECT COUNT(*) AS tp_count FROM `cn_merchant` LIMIT 1   [ RunTime:0.0003s ]
SQL: SELECT * FROM `cn_merchant` LIMIT 0,6   [ RunTime:0.0003s ]

[ 2017-01-17T11:54:12+08:00 ] 117.22.24.108 /cnconsum/Admin/Main/settle
INFO: [ app_init ] --START--
INFO: Run Behavior\BuildLiteBehavior [ RunTime:0.000016s ]
INFO: [ app_init ] --END-- [ RunTime:0.000381s ]

[ 2017-01-17T11:54:15+08:00 ] 117.22.24.108 /cnconsum/Admin/Main/settle
INFO: [ app_init ] --START--
INFO: Run Behavior\BuildLiteBehavior [ RunTime:0.000014s ]
INFO: [ app_init ] --END-- [ RunTime:0.000263s ]
INFO: [ app_begin ] --START--
INFO: Run Behavior\ReadHtmlCacheBehavior [ RunTime:0.000323s ]
INFO: [ app_begin ] --END-- [ RunTime:0.000362s ]
SQL: SHOW COLUMNS FROM `cn_merchant` [ RunTime:0.0009s ]
SQL: SELECT COUNT(*) AS tp_count FROM `cn_merchant` LIMIT 1   [ RunTime:0.0004s ]
SQL: SELECT * FROM `cn_merchant` LIMIT 6,6   [ RunTime:0.0003s ]

[ 2017-01-17T14:11:50+08:00 ] 117.22.24.108 /cnconsum/Admin/Main/settle
INFO: [ app_init ] --START--
INFO: Run Behavior\BuildLiteBehavior [ RunTime:0.000014s ]
INFO: [ app_init ] --END-- [ RunTime:0.000267s ]
INFO: [ app_begin ] --START--
INFO: Run Behavior\ReadHtmlCacheBehavior [ RunTime:0.000333s ]
INFO: [ app_begin ] --END-- [ RunTime:0.000372s ]
SQL: SHOW COLUMNS FROM `cn_merchant` [ RunTime:0.0008s ]
SQL: SELECT COUNT(*) AS tp_count FROM `cn_merchant` LIMIT 1   [ RunTime:0.0003s ]
SQL: SELECT * FROM `cn_merchant` LIMIT 12,6   [ RunTime:0.0003s ]

[ 2017-01-17T14:11:51+08:00 ] 117.22.24.108 /cnconsum/Admin/Main/settle
INFO: [ app_init ] --START--
INFO: Run Behavior\BuildLiteBehavior [ RunTime:0.000015s ]
INFO: [ app_init ] --END-- [ RunTime:0.000321s ]
INFO: [ app_begin ] --START--
INFO: Run Behavior\ReadHtmlCacheBehavior [ RunTime:0.000396s ]
INFO: [ app_begin ] --END-- [ RunTime:0.000436s ]
SQL: SHOW COLUMNS FROM `cn_merchant` [ RunTime:0.0011s ]
SQL: SELECT COUNT(*) AS tp_count FROM `cn_merchant` LIMIT 1   [ RunTime:0.0003s ]
SQL: SELECT * FROM `cn_merchant` LIMIT 6,6   [ RunTime:0.0003s ]

[ 2017-01-17T14:11:52+08:00 ] 117.22.24.108 /cnconsum/Admin/Main/settle
INFO: [ app_init ] --START--
INFO: Run Behavior\BuildLiteBehavior [ RunTime:0.000014s ]
INFO: [ app_init ] --END-- [ RunTime:0.000276s ]
INFO: [ app_begin ] --START--
INFO: Run Behavior\ReadHtmlCacheBehavior [ RunTime:0.000379s ]
INFO: [ app_begin ] --END-- [ RunTime:0.000421s ]
SQL: SHOW COLUMNS FROM `cn_merchant` [ RunTime:0.0009s ]
SQL: SELECT COUNT(*) AS tp_count FROM `cn_merchant` LIMIT 1   [ RunTime:0.0003s ]
SQL: SELECT * FROM `cn_merchant` LIMIT 12,6   [ RunTime:0.0003s ]

[ 2017-01-17T14:11:53+08:00 ] 117.22.24.108 /cnconsum/Admin/Main/settle
INFO: [ app_init ] --START--
INFO: Run Behavior\BuildLiteBehavior [ RunTime:0.000014s ]
INFO: [ app_init ] --END-- [ RunTime:0.000318s ]
INFO: [ app_begin ] --START--
INFO: Run Behavior\ReadHtmlCacheBehavior [ RunTime:0.000487s ]
INFO: [ app_begin ] --END-- [ RunTime:0.000538s ]
SQL: SHOW COLUMNS FROM `cn_merchant` [ RunTime:0.0013s ]
SQL: SELECT COUNT(*) AS tp_count FROM `cn_merchant` LIMIT 1   [ RunTime:0.0003s ]
SQL: SELECT * FROM `cn_merchant` LIMIT 18,6   [ RunTime:0.0003s ]

[ 2017-01-17T14:11:53+08:00 ] 117.22.24.108 /cnconsum/Admin/Main/settle
INFO: [ app_init ] --START--
INFO: Run Behavior\BuildLiteBehavior [ RunTime:0.000014s ]
INFO: [ app_init ] --END-- [ RunTime:0.000256s ]
INFO: [ app_begin ] --START--
INFO: Run Behavior\ReadHtmlCacheBehavior [ RunTime:0.000332s ]
INFO: [ app_begin ] --END-- [ RunTime:0.000370s ]
SQL: SHOW COLUMNS FROM `cn_merchant` [ RunTime:0.0009s ]
SQL: SELECT COUNT(*) AS tp_count FROM `cn_merchant` LIMIT 1   [ RunTime:0.0002s ]
SQL: SELECT * FROM `cn_merchant` LIMIT 24,6   [ RunTime:0.0003s ]

[ 2017-01-17T14:11:54+08:00 ] 117.22.24.108 /cnconsum/Admin/Main/settle
INFO: [ app_init ] --START--
INFO: Run Behavior\BuildLiteBehavior [ RunTime:0.000019s ]
INFO: [ app_init ] --END-- [ RunTime:0.000284s ]
INFO: [ app_begin ] --START--
INFO: Run Behavior\ReadHtmlCacheBehavior [ RunTime:0.000409s ]
INFO: [ app_begin ] --END-- [ RunTime:0.000448s ]
SQL: SHOW COLUMNS FROM `cn_merchant` [ RunTime:0.0030s ]
SQL: SELECT COUNT(*) AS tp_count FROM `cn_merchant` LIMIT 1   [ RunTime:0.0003s ]
SQL: SELECT * FROM `cn_merchant` LIMIT 30,6   [ RunTime:0.0004s ]

[ 2017-01-17T14:11:54+08:00 ] 117.22.24.108 /cnconsum/Admin/Main/settle
INFO: [ app_init ] --START--
INFO: Run Behavior\BuildLiteBehavior [ RunTime:0.000014s ]
INFO: [ app_init ] --END-- [ RunTime:0.000268s ]
INFO: [ app_begin ] --START--
INFO: Run Behavior\ReadHtmlCacheBehavior [ RunTime:0.000361s ]
INFO: [ app_begin ] --END-- [ RunTime:0.000427s ]
SQL: SHOW COLUMNS FROM `cn_merchant` [ RunTime:0.0009s ]
SQL: SELECT COUNT(*) AS tp_count FROM `cn_merchant` LIMIT 1   [ RunTime:0.0003s ]
SQL: SELECT * FROM `cn_merchant` LIMIT 36,6   [ RunTime:0.0004s ]

[ 2017-01-17T14:11:54+08:00 ] 117.22.24.108 /cnconsum/Admin/Main/settle
INFO: [ app_init ] --START--
INFO: Run Behavior\BuildLiteBehavior [ RunTime:0.000014s ]
INFO: [ app_init ] --END-- [ RunTime:0.000290s ]
INFO: [ app_begin ] --START--
INFO: Run Behavior\ReadHtmlCacheBehavior [ RunTime:0.000510s ]
INFO: [ app_begin ] --END-- [ RunTime:0.000571s ]
SQL: SHOW COLUMNS FROM `cn_merchant` [ RunTime:0.0010s ]
SQL: SELECT COUNT(*) AS tp_count FROM `cn_merchant` LIMIT 1   [ RunTime:0.0003s ]
SQL: SELECT * FROM `cn_merchant` LIMIT 42,6   [ RunTime:0.0004s ]

[ 2017-01-17T14:11:57+08:00 ] 117.22.24.108 /cnconsum/Admin/Main/settle
INFO: [ app_init ] --START--
INFO: Run Behavior\BuildLiteBehavior [ RunTime:0.000013s ]
INFO: [ app_init ] --END-- [ RunTime:0.000257s ]
INFO: [ app_begin ] --START--
INFO: Run Behavior\ReadHtmlCacheBehavior [ RunTime:0.000357s ]
INFO: [ app_begin ] --END-- [ RunTime:0.000404s ]
SQL: SHOW COLUMNS FROM `cn_merchant` [ RunTime:0.0011s ]
SQL: SELECT COUNT(*) AS tp_count FROM `cn_merchant` LIMIT 1   [ RunTime:0.0003s ]
SQL: SELECT * FROM `cn_merchant` LIMIT 36,6   [ RunTime:0.0004s ]

[ 2017-01-17T14:11:58+08:00 ] 117.22.24.108 /cnconsum/Admin/Main/settle
INFO: [ app_init ] --START--
INFO: Run Behavior\BuildLiteBehavior [ RunTime:0.000014s ]
INFO: [ app_init ] --END-- [ RunTime:0.000306s ]
INFO: [ app_begin ] --START--
INFO: Run Behavior\ReadHtmlCacheBehavior [ RunTime:0.000364s ]
INFO: [ app_begin ] --END-- [ RunTime:0.000402s ]
SQL: SHOW COLUMNS FROM `cn_merchant` [ RunTime:0.0009s ]
SQL: SELECT COUNT(*) AS tp_count FROM `cn_merchant` LIMIT 1   [ RunTime:0.0003s ]
SQL: SELECT * FROM `cn_merchant` LIMIT 30,6   [ RunTime:0.0004s ]

[ 2017-01-17T14:11:58+08:00 ] 117.22.24.108 /cnconsum/Admin/Main/settle
INFO: [ app_init ] --START--
INFO: Run Behavior\BuildLiteBehavior [ RunTime:0.000013s ]
INFO: [ app_init ] --END-- [ RunTime:0.000261s ]
INFO: [ app_begin ] --START--
INFO: Run Behavior\ReadHtmlCacheBehavior [ RunTime:0.000330s ]
INFO: [ app_begin ] --END-- [ RunTime:0.000369s ]
SQL: SHOW COLUMNS FROM `cn_merchant` [ RunTime:0.0009s ]
SQL: SELECT COUNT(*) AS tp_count FROM `cn_merchant` LIMIT 1   [ RunTime:0.0003s ]
SQL: SELECT * FROM `cn_merchant` LIMIT 24,6   [ RunTime:0.0003s ]

[ 2017-01-17T14:11:59+08:00 ] 117.22.24.108 /cnconsum/Admin/Main/settle
INFO: [ app_init ] --START--
INFO: Run Behavior\BuildLiteBehavior [ RunTime:0.000013s ]
INFO: [ app_init ] --END-- [ RunTime:0.000273s ]
INFO: [ app_begin ] --START--
INFO: Run Behavior\ReadHtmlCacheBehavior [ RunTime:0.000314s ]
INFO: [ app_begin ] --END-- [ RunTime:0.000352s ]
SQL: SHOW COLUMNS FROM `cn_merchant` [ RunTime:0.0009s ]
SQL: SELECT COUNT(*) AS tp_count FROM `cn_merchant` LIMIT 1   [ RunTime:0.0003s ]
SQL: SELECT * FROM `cn_merchant` LIMIT 18,6   [ RunTime:0.0003s ]

[ 2017-01-17T14:11:59+08:00 ] 117.22.24.108 /cnconsum/Admin/Main/settle
INFO: [ app_init ] --START--
INFO: Run Behavior\BuildLiteBehavior [ RunTime:0.000013s ]
INFO: [ app_init ] --END-- [ RunTime:0.000272s ]
INFO: [ app_begin ] --START--
INFO: Run Behavior\ReadHtmlCacheBehavior [ RunTime:0.000341s ]
INFO: [ app_begin ] --END-- [ RunTime:0.000379s ]
SQL: SHOW COLUMNS FROM `cn_merchant` [ RunTime:0.0010s ]
SQL: SELECT COUNT(*) AS tp_count FROM `cn_merchant` LIMIT 1   [ RunTime:0.0003s ]
SQL: SELECT * FROM `cn_merchant` LIMIT 12,6   [ RunTime:0.0003s ]

[ 2017-01-17T14:11:59+08:00 ] 117.22.24.108 /cnconsum/Admin/Main/settle
INFO: [ app_init ] --START--
INFO: Run Behavior\BuildLiteBehavior [ RunTime:0.000014s ]
INFO: [ app_init ] --END-- [ RunTime:0.000317s ]
INFO: [ app_begin ] --START--
INFO: Run Behavior\ReadHtmlCacheBehavior [ RunTime:0.000374s ]
INFO: [ app_begin ] --END-- [ RunTime:0.000412s ]
SQL: SHOW COLUMNS FROM `cn_merchant` [ RunTime:0.0008s ]
SQL: SELECT COUNT(*) AS tp_count FROM `cn_merchant` LIMIT 1   [ RunTime:0.0003s ]
SQL: SELECT * FROM `cn_merchant` LIMIT 6,6   [ RunTime:0.0003s ]

[ 2017-01-17T14:12:00+08:00 ] 117.22.24.108 /cnconsum/Admin/Main/settle
INFO: [ app_init ] --START--
INFO: Run Behavior\BuildLiteBehavior [ RunTime:0.000032s ]
INFO: [ app_init ] --END-- [ RunTime:0.000441s ]
INFO: [ app_begin ] --START--
INFO: Run Behavior\ReadHtmlCacheBehavior [ RunTime:0.000565s ]
INFO: [ app_begin ] --END-- [ RunTime:0.000629s ]
SQL: SHOW COLUMNS FROM `cn_merchant` [ RunTime:0.0008s ]
SQL: SELECT COUNT(*) AS tp_count FROM `cn_merchant` LIMIT 1   [ RunTime:0.0003s ]
SQL: SELECT * FROM `cn_merchant` LIMIT 0,6   [ RunTime:0.0003s ]

[ 2017-01-17T14:12:01+08:00 ] 117.22.24.108 /cnconsum/Admin/Main/settle
INFO: [ app_init ] --START--
INFO: Run Behavior\BuildLiteBehavior [ RunTime:0.000019s ]
INFO: [ app_init ] --END-- [ RunTime:0.000393s ]
INFO: [ app_begin ] --START--
INFO: Run Behavior\ReadHtmlCacheBehavior [ RunTime:0.000537s ]
INFO: [ app_begin ] --END-- [ RunTime:0.000598s ]
SQL: SHOW COLUMNS FROM `cn_merchant` [ RunTime:0.0009s ]
SQL: SELECT COUNT(*) AS tp_count FROM `cn_merchant` LIMIT 1   [ RunTime:0.0002s ]
SQL: SELECT * FROM `cn_merchant` LIMIT 30,6   [ RunTime:0.0003s ]

[ 2017-01-17T14:12:01+08:00 ] 117.22.24.108 /cnconsum/Admin/Main/settle
INFO: [ app_init ] --START--
INFO: Run Behavior\BuildLiteBehavior [ RunTime:0.000013s ]
INFO: [ app_init ] --END-- [ RunTime:0.000255s ]
INFO: [ app_begin ] --START--
INFO: Run Behavior\ReadHtmlCacheBehavior [ RunTime:0.000360s ]
INFO: [ app_begin ] --END-- [ RunTime:0.000401s ]
SQL: SHOW COLUMNS FROM `cn_merchant` [ RunTime:0.0008s ]
SQL: SELECT COUNT(*) AS tp_count FROM `cn_merchant` LIMIT 1   [ RunTime:0.0005s ]
SQL: SELECT * FROM `cn_merchant` LIMIT 18,6   [ RunTime:0.0003s ]

[ 2017-01-17T14:12:02+08:00 ] 117.22.24.108 /cnconsum/Admin/Main/settle
INFO: [ app_init ] --START--
INFO: Run Behavior\BuildLiteBehavior [ RunTime:0.000013s ]
INFO: [ app_init ] --END-- [ RunTime:0.000292s ]
INFO: [ app_begin ] --START--
INFO: Run Behavior\ReadHtmlCacheBehavior [ RunTime:0.000372s ]
INFO: [ app_begin ] --END-- [ RunTime:0.000413s ]
SQL: SHOW COLUMNS FROM `cn_merchant` [ RunTime:0.0008s ]
SQL: SELECT COUNT(*) AS tp_count FROM `cn_merchant` LIMIT 1   [ RunTime:0.0002s ]
SQL: SELECT * FROM `cn_merchant` LIMIT 12,6   [ RunTime:0.0002s ]

[ 2017-01-17T14:12:03+08:00 ] 117.22.24.108 /cnconsum/Admin/Main/settle
INFO: [ app_init ] --START--
INFO: Run Behavior\BuildLiteBehavior [ RunTime:0.000014s ]
INFO: [ app_init ] --END-- [ RunTime:0.000256s ]
INFO: [ app_begin ] --START--
INFO: Run Behavior\ReadHtmlCacheBehavior [ RunTime:0.000338s ]
INFO: [ app_begin ] --END-- [ RunTime:0.000376s ]
SQL: SHOW COLUMNS FROM `cn_merchant` [ RunTime:0.0009s ]
SQL: SELECT COUNT(*) AS tp_count FROM `cn_merchant` LIMIT 1   [ RunTime:0.0003s ]
SQL: SELECT * FROM `cn_merchant` LIMIT 6,6   [ RunTime:0.0005s ]

[ 2017-01-17T14:12:05+08:00 ] 117.22.24.108 /cnconsum/Admin/Main/settle
INFO: [ app_init ] --START--
INFO: Run Behavior\BuildLiteBehavior [ RunTime:0.000013s ]
INFO: [ app_init ] --END-- [ RunTime:0.000257s ]
INFO: [ app_begin ] --START--
INFO: Run Behavior\ReadHtmlCacheBehavior [ RunTime:0.000374s ]
INFO: [ app_begin ] --END-- [ RunTime:0.000412s ]
SQL: SHOW COLUMNS FROM `cn_merchant` [ RunTime:0.0008s ]
SQL: SELECT COUNT(*) AS tp_count FROM `cn_merchant` LIMIT 1   [ RunTime:0.0003s ]
SQL: SELECT * FROM `cn_merchant` LIMIT 0,6   [ RunTime:0.0003s ]

[ 2017-01-17T14:12:06+08:00 ] 117.22.24.108 /cnconsum/Admin/Main/settle
INFO: [ app_init ] --START--
INFO: Run Behavior\BuildLiteBehavior [ RunTime:0.000013s ]
INFO: [ app_init ] --END-- [ RunTime:0.000310s ]
INFO: [ app_begin ] --START--
INFO: Run Behavior\ReadHtmlCacheBehavior [ RunTime:0.000320s ]
INFO: [ app_begin ] --END-- [ RunTime:0.000357s ]
SQL: SHOW COLUMNS FROM `cn_merchant` [ RunTime:0.0008s ]
SQL: SELECT COUNT(*) AS tp_count FROM `cn_merchant` LIMIT 1   [ RunTime:0.0004s ]
SQL: SELECT * FROM `cn_merchant` LIMIT 24,6   [ RunTime:0.0003s ]

[ 2017-01-17T14:12:07+08:00 ] 117.22.24.108 /cnconsum/Admin/Main/settle
INFO: [ app_init ] --START--
INFO: Run Behavior\BuildLiteBehavior [ RunTime:0.000014s ]
INFO: [ app_init ] --END-- [ RunTime:0.000305s ]
INFO: [ app_begin ] --START--
INFO: Run Behavior\ReadHtmlCacheBehavior [ RunTime:0.000399s ]
INFO: [ app_begin ] --END-- [ RunTime:0.000453s ]
SQL: SHOW COLUMNS FROM `cn_merchant` [ RunTime:0.0012s ]
SQL: SELECT COUNT(*) AS tp_count FROM `cn_merchant` LIMIT 1   [ RunTime:0.0005s ]
SQL: SELECT * FROM `cn_merchant` LIMIT 36,6   [ RunTime:0.0010s ]

[ 2017-01-17T14:12:08+08:00 ] 117.22.24.108 /cnconsum/Admin/Main/settle
INFO: [ app_init ] --START--
INFO: Run Behavior\BuildLiteBehavior [ RunTime:0.000020s ]
INFO: [ app_init ] --END-- [ RunTime:0.000420s ]
INFO: [ app_begin ] --START--
INFO: Run Behavior\ReadHtmlCacheBehavior [ RunTime:0.000371s ]
INFO: [ app_begin ] --END-- [ RunTime:0.000418s ]
SQL: SHOW COLUMNS FROM `cn_merchant` [ RunTime:0.0009s ]
SQL: SELECT COUNT(*) AS tp_count FROM `cn_merchant` LIMIT 1   [ RunTime:0.0003s ]
SQL: SELECT * FROM `cn_merchant` LIMIT 42,6   [ RunTime:0.0003s ]

[ 2017-01-17T14:12:10+08:00 ] 117.22.24.108 /cnconsum/Admin/Main/settle
INFO: [ app_init ] --START--
INFO: Run Behavior\BuildLiteBehavior [ RunTime:0.000014s ]
INFO: [ app_init ] --END-- [ RunTime:0.000259s ]

[ 2017-01-17T14:12:12+08:00 ] 117.22.24.108 /cnconsum/Admin/Main/settle
INFO: [ app_init ] --START--
INFO: Run Behavior\BuildLiteBehavior [ RunTime:0.000020s ]
INFO: [ app_init ] --END-- [ RunTime:0.000317s ]
INFO: [ app_begin ] --START--
INFO: Run Behavior\ReadHtmlCacheBehavior [ RunTime:0.000328s ]
INFO: [ app_begin ] --END-- [ RunTime:0.000379s ]
SQL: SHOW COLUMNS FROM `cn_merchant` [ RunTime:0.0009s ]
SQL: SELECT COUNT(*) AS tp_count FROM `cn_merchant` LIMIT 1   [ RunTime:0.0004s ]
SQL: SELECT * FROM `cn_merchant` LIMIT 6,6   [ RunTime:0.0003s ]

[ 2017-01-17T14:12:12+08:00 ] 117.22.24.108 /cnconsum/Admin/Main/settle
INFO: [ app_init ] --START--
INFO: Run Behavior\BuildLiteBehavior [ RunTime:0.000014s ]
INFO: [ app_init ] --END-- [ RunTime:0.000312s ]
INFO: [ app_begin ] --START--
INFO: Run Behavior\ReadHtmlCacheBehavior [ RunTime:0.000354s ]
INFO: [ app_begin ] --END-- [ RunTime:0.000393s ]
SQL: SHOW COLUMNS FROM `cn_merchant` [ RunTime:0.0011s ]
SQL: SELECT COUNT(*) AS tp_count FROM `cn_merchant` LIMIT 1   [ RunTime:0.0003s ]
SQL: SELECT * FROM `cn_merchant` LIMIT 12,6   [ RunTime:0.0003s ]

[ 2017-01-17T14:12:13+08:00 ] 117.22.24.108 /cnconsum/Admin/Main/settle
INFO: [ app_init ] --START--
INFO: Run Behavior\BuildLiteBehavior [ RunTime:0.000014s ]
INFO: [ app_init ] --END-- [ RunTime:0.000291s ]
INFO: [ app_begin ] --START--
INFO: Run Behavior\ReadHtmlCacheBehavior [ RunTime:0.000371s ]
INFO: [ app_begin ] --END-- [ RunTime:0.000412s ]
SQL: SHOW COLUMNS FROM `cn_merchant` [ RunTime:0.0008s ]
SQL: SELECT COUNT(*) AS tp_count FROM `cn_merchant` LIMIT 1   [ RunTime:0.0003s ]
SQL: SELECT * FROM `cn_merchant` LIMIT 18,6   [ RunTime:0.0005s ]

[ 2017-01-17T14:12:13+08:00 ] 117.22.24.108 /cnconsum/Admin/Main/settle
INFO: [ app_init ] --START--
INFO: Run Behavior\BuildLiteBehavior [ RunTime:0.000016s ]
INFO: [ app_init ] --END-- [ RunTime:0.000328s ]
INFO: [ app_begin ] --START--
INFO: Run Behavior\ReadHtmlCacheBehavior [ RunTime:0.000373s ]
INFO: [ app_begin ] --END-- [ RunTime:0.000423s ]
SQL: SHOW COLUMNS FROM `cn_merchant` [ RunTime:0.0008s ]
SQL: SELECT COUNT(*) AS tp_count FROM `cn_merchant` LIMIT 1   [ RunTime:0.0003s ]
SQL: SELECT * FROM `cn_merchant` LIMIT 24,6   [ RunTime:0.0003s ]

[ 2017-01-17T14:12:14+08:00 ] 117.22.24.108 /cnconsum/Admin/Main/settle
INFO: [ app_init ] --START--
INFO: Run Behavior\BuildLiteBehavior [ RunTime:0.000016s ]
INFO: [ app_init ] --END-- [ RunTime:0.000288s ]
INFO: [ app_begin ] --START--
INFO: Run Behavior\ReadHtmlCacheBehavior [ RunTime:0.000332s ]
INFO: [ app_begin ] --END-- [ RunTime:0.000371s ]
SQL: SHOW COLUMNS FROM `cn_merchant` [ RunTime:0.0008s ]
SQL: SELECT COUNT(*) AS tp_count FROM `cn_merchant` LIMIT 1   [ RunTime:0.0003s ]
SQL: SELECT * FROM `cn_merchant` LIMIT 30,6   [ RunTime:0.0004s ]

[ 2017-01-17T14:12:20+08:00 ] 117.22.24.108 /cnconsum/Admin/Main/auditing
INFO: [ app_init ] --START--
INFO: Run Behavior\BuildLiteBehavior [ RunTime:0.000013s ]
INFO: [ app_init ] --END-- [ RunTime:0.000275s ]

[ 2017-01-17T14:12:24+08:00 ] 117.22.24.108 /cnconsum/Admin/Main/settle
INFO: [ app_init ] --START--
INFO: Run Behavior\BuildLiteBehavior [ RunTime:0.000013s ]
INFO: [ app_init ] --END-- [ RunTime:0.000261s ]

[ 2017-01-17T14:12:56+08:00 ] 117.22.24.108 /cnconsum/Admin/Main/settle
INFO: [ app_init ] --START--
INFO: Run Behavior\BuildLiteBehavior [ RunTime:0.000018s ]
INFO: [ app_init ] --END-- [ RunTime:0.000353s ]
INFO: [ app_begin ] --START--
INFO: Run Behavior\ReadHtmlCacheBehavior [ RunTime:0.000332s ]
INFO: [ app_begin ] --END-- [ RunTime:0.000371s ]
SQL: SHOW COLUMNS FROM `cn_merchant` [ RunTime:0.0008s ]
SQL: SELECT COUNT(*) AS tp_count FROM `cn_merchant` LIMIT 1   [ RunTime:0.0003s ]
SQL: SELECT * FROM `cn_merchant` LIMIT 6,6   [ RunTime:0.0003s ]

[ 2017-01-17T14:12:56+08:00 ] 117.22.24.108 /cnconsum/Admin/Main/settle
INFO: [ app_init ] --START--
INFO: Run Behavior\BuildLiteBehavior [ RunTime:0.000014s ]
INFO: [ app_init ] --END-- [ RunTime:0.000308s ]
INFO: [ app_begin ] --START--
INFO: Run Behavior\ReadHtmlCacheBehavior [ RunTime:0.000316s ]
INFO: [ app_begin ] --END-- [ RunTime:0.000356s ]
SQL: SHOW COLUMNS FROM `cn_merchant` [ RunTime:0.0008s ]
SQL: SELECT COUNT(*) AS tp_count FROM `cn_merchant` LIMIT 1   [ RunTime:0.0003s ]
SQL: SELECT * FROM `cn_merchant` LIMIT 12,6   [ RunTime:0.0003s ]

[ 2017-01-17T14:12:57+08:00 ] 117.22.24.108 /cnconsum/Admin/Main/settle
INFO: [ app_init ] --START--
INFO: Run Behavior\BuildLiteBehavior [ RunTime:0.000013s ]
INFO: [ app_init ] --END-- [ RunTime:0.000256s ]
INFO: [ app_begin ] --START--
INFO: Run Behavior\ReadHtmlCacheBehavior [ RunTime:0.000331s ]
INFO: [ app_begin ] --END-- [ RunTime:0.000397s ]
SQL: SHOW COLUMNS FROM `cn_merchant` [ RunTime:0.0009s ]
SQL: SELECT COUNT(*) AS tp_count FROM `cn_merchant` LIMIT 1   [ RunTime:0.0003s ]
SQL: SELECT * FROM `cn_merchant` LIMIT 36,6   [ RunTime:0.0003s ]

[ 2017-01-17T14:12:58+08:00 ] 117.22.24.108 /cnconsum/Admin/Main/settle
INFO: [ app_init ] --START--
INFO: Run Behavior\BuildLiteBehavior [ RunTime:0.000014s ]
INFO: [ app_init ] --END-- [ RunTime:0.000398s ]
INFO: [ app_begin ] --START--
INFO: Run Behavior\ReadHtmlCacheBehavior [ RunTime:0.000350s ]
INFO: [ app_begin ] --END-- [ RunTime:0.000404s ]
SQL: SHOW COLUMNS FROM `cn_merchant` [ RunTime:0.0028s ]
SQL: SELECT COUNT(*) AS tp_count FROM `cn_merchant` LIMIT 1   [ RunTime:0.0003s ]
SQL: SELECT * FROM `cn_merchant` LIMIT 42,6   [ RunTime:0.0004s ]

[ 2017-01-17T14:12:59+08:00 ] 117.22.24.108 /cnconsum/Admin/Main/settle
INFO: [ app_init ] --START--
INFO: Run Behavior\BuildLiteBehavior [ RunTime:0.000015s ]
INFO: [ app_init ] --END-- [ RunTime:0.000302s ]
INFO: [ app_begin ] --START--
INFO: Run Behavior\ReadHtmlCacheBehavior [ RunTime:0.000498s ]
INFO: [ app_begin ] --END-- [ RunTime:0.000547s ]
SQL: SHOW COLUMNS FROM `cn_merchant` [ RunTime:0.0009s ]
SQL: SELECT COUNT(*) AS tp_count FROM `cn_merchant` LIMIT 1   [ RunTime:0.0003s ]
SQL: SELECT * FROM `cn_merchant` LIMIT 36,6   [ RunTime:0.0003s ]

[ 2017-01-17T14:13:00+08:00 ] 117.22.24.108 /cnconsum/Admin/Main/settle
INFO: [ app_init ] --START--
INFO: Run Behavior\BuildLiteBehavior [ RunTime:0.000013s ]
INFO: [ app_init ] --END-- [ RunTime:0.000254s ]
INFO: [ app_begin ] --START--
INFO: Run Behavior\ReadHtmlCacheBehavior [ RunTime:0.000325s ]
INFO: [ app_begin ] --END-- [ RunTime:0.000362s ]
SQL: SHOW COLUMNS FROM `cn_merchant` [ RunTime:0.0009s ]
SQL: SELECT COUNT(*) AS tp_count FROM `cn_merchant` LIMIT 1   [ RunTime:0.0002s ]
SQL: SELECT * FROM `cn_merchant` LIMIT 30,6   [ RunTime:0.0003s ]

[ 2017-01-17T14:13:01+08:00 ] 117.22.24.108 /cnconsum/Admin/Main/settle
INFO: [ app_init ] --START--
INFO: Run Behavior\BuildLiteBehavior [ RunTime:0.000015s ]
INFO: [ app_init ] --END-- [ RunTime:0.000285s ]
INFO: [ app_begin ] --START--
INFO: Run Behavior\ReadHtmlCacheBehavior [ RunTime:0.000319s ]
INFO: [ app_begin ] --END-- [ RunTime:0.000356s ]
SQL: SHOW COLUMNS FROM `cn_merchant` [ RunTime:0.0009s ]
SQL: SELECT COUNT(*) AS tp_count FROM `cn_merchant` LIMIT 1   [ RunTime:0.0003s ]
SQL: SELECT * FROM `cn_merchant` LIMIT 24,6   [ RunTime:0.0004s ]

[ 2017-01-17T14:13:07+08:00 ] 117.22.24.108 /cnconsum/Admin/Main/auditing
INFO: [ app_init ] --START--
INFO: Run Behavior\BuildLiteBehavior [ RunTime:0.000017s ]
INFO: [ app_init ] --END-- [ RunTime:0.000317s ]

[ 2017-01-17T14:13:09+08:00 ] 117.22.24.108 /cnconsum/Admin/Main/audited
INFO: [ app_init ] --START--
INFO: Run Behavior\BuildLiteBehavior [ RunTime:0.000015s ]
INFO: [ app_init ] --END-- [ RunTime:0.000270s ]

[ 2017-01-17T14:13:10+08:00 ] 117.22.24.108 /cnconsum/Admin/Main/settle
INFO: [ app_init ] --START--
INFO: Run Behavior\BuildLiteBehavior [ RunTime:0.000017s ]
INFO: [ app_init ] --END-- [ RunTime:0.000338s ]

[ 2017-01-17T14:13:11+08:00 ] 117.22.24.108 /cnconsum/Admin/Main/auditing
INFO: [ app_init ] --START--
INFO: Run Behavior\BuildLiteBehavior [ RunTime:0.000014s ]
INFO: [ app_init ] --END-- [ RunTime:0.000276s ]

[ 2017-01-17T16:00:45+08:00 ] 117.22.24.108 /cnconsum/Admin/Main/settle
INFO: [ app_init ] --START--
INFO: Run Behavior\BuildLiteBehavior [ RunTime:0.000015s ]
INFO: [ app_init ] --END-- [ RunTime:0.000293s ]

[ 2017-01-17T16:04:16+08:00 ] 117.22.24.108 /cnconsum/Admin/Main/auditing
INFO: [ app_init ] --START--
INFO: Run Behavior\BuildLiteBehavior [ RunTime:0.000020s ]
INFO: [ app_init ] --END-- [ RunTime:0.000347s ]

[ 2017-01-17T16:04:17+08:00 ] 117.22.24.108 /cnconsum/Admin/Main/settle
INFO: [ app_init ] --START--
INFO: Run Behavior\BuildLiteBehavior [ RunTime:0.000023s ]
INFO: [ app_init ] --END-- [ RunTime:0.000566s ]

[ 2017-01-17T16:05:40+08:00 ] 117.22.24.108 /cnconsum/Admin/Main/settle
INFO: [ app_init ] --START--
INFO: Run Behavior\BuildLiteBehavior [ RunTime:0.000013s ]
INFO: [ app_init ] --END-- [ RunTime:0.000260s ]
INFO: [ app_begin ] --START--
INFO: Run Behavior\ReadHtmlCacheBehavior [ RunTime:0.000318s ]
INFO: [ app_begin ] --END-- [ RunTime:0.000358s ]
SQL: SHOW COLUMNS FROM `cn_merchant` [ RunTime:0.0008s ]
SQL: SELECT COUNT(*) AS tp_count FROM `cn_merchant` LIMIT 1   [ RunTime:0.0003s ]
SQL: SELECT * FROM `cn_merchant` LIMIT 42,6   [ RunTime:0.0003s ]

[ 2017-01-17T16:05:42+08:00 ] 117.22.24.108 /cnconsum/Admin/Main/settle
INFO: [ app_init ] --START--
INFO: Run Behavior\BuildLiteBehavior [ RunTime:0.000015s ]
INFO: [ app_init ] --END-- [ RunTime:0.000301s ]
INFO: [ app_begin ] --START--
INFO: Run Behavior\ReadHtmlCacheBehavior [ RunTime:0.000331s ]
INFO: [ app_begin ] --END-- [ RunTime:0.000379s ]
SQL: SHOW COLUMNS FROM `cn_merchant` [ RunTime:0.0008s ]
SQL: SELECT COUNT(*) AS tp_count FROM `cn_merchant` LIMIT 1   [ RunTime:0.0003s ]
SQL: SELECT * FROM `cn_merchant` LIMIT 36,6   [ RunTime:0.0003s ]

[ 2017-01-17T16:06:51+08:00 ] 117.22.24.108 /cnconsum/Admin/Main/settle
INFO: [ app_init ] --START--
INFO: Run Behavior\BuildLiteBehavior [ RunTime:0.000014s ]
INFO: [ app_init ] --END-- [ RunTime:0.000325s ]
INFO: [ app_begin ] --START--
INFO: Run Behavior\ReadHtmlCacheBehavior [ RunTime:0.000387s ]
INFO: [ app_begin ] --END-- [ RunTime:0.000434s ]
SQL: SHOW COLUMNS FROM `cn_merchant` [ RunTime:0.0009s ]
SQL: SELECT COUNT(*) AS tp_count FROM `cn_merchant` LIMIT 1   [ RunTime:0.0003s ]
SQL: SELECT * FROM `cn_merchant` LIMIT 42,6   [ RunTime:0.0004s ]

[ 2017-01-17T16:06:52+08:00 ] 117.22.24.108 /cnconsum/Admin/Main/auditing
INFO: [ app_init ] --START--
INFO: Run Behavior\BuildLiteBehavior [ RunTime:0.000014s ]
INFO: [ app_init ] --END-- [ RunTime:0.000284s ]

[ 2017-01-17T16:07:00+08:00 ] 117.22.24.108 /cnconsum/Admin/Main/settle
INFO: [ app_init ] --START--
INFO: Run Behavior\BuildLiteBehavior [ RunTime:0.000014s ]
INFO: [ app_init ] --END-- [ RunTime:0.000266s ]

