[ 2017-01-10T15:43:13+08:00 ] 117.22.25.155 /cnconsum/Admin/Export/excel
INFO: [ app_init ] --START--
INFO: Run Behavior\BuildLiteBehavior [ RunTime:0.000014s ]
INFO: [ app_init ] --END-- [ RunTime:0.000284s ]

[ 2017-01-10T15:43:28+08:00 ] 180.153.201.15 /cnconsum/Admin/Export/excel
INFO: [ app_init ] --START--
INFO: Run Behavior\BuildLiteBehavior [ RunTime:0.000013s ]
INFO: [ app_init ] --END-- [ RunTime:0.000265s ]

[ 2017-01-10T07:44:16+00:00 ] 117.22.25.155 /cnconsum/Admin/Export/excel
INFO: [ app_init ] --START--
INFO: Run Behavior\BuildLiteBehavior [ RunTime:0.000014s ]
INFO: [ app_init ] --END-- [ RunTime:0.000285s ]

[ 2017-01-10T07:44:57+00:00 ] 117.22.25.155 /cnconsum/Admin/Export/excel
INFO: [ app_init ] --START--
INFO: Run Behavior\BuildLiteBehavior [ RunTime:0.000017s ]
INFO: [ app_init ] --END-- [ RunTime:0.000289s ]

[ 2017-01-10T07:45:50+00:00 ] 117.22.25.155 /cnconsum/Admin/Export/excel
INFO: [ app_init ] --START--
INFO: Run Behavior\BuildLiteBehavior [ RunTime:0.000014s ]
INFO: [ app_init ] --END-- [ RunTime:0.000315s ]

[ 2017-01-10T16:04:50+08:00 ] 117.22.25.155 /cnconsum/Admin/Export/excel
INFO: [ app_init ] --START--
INFO: Run Behavior\BuildLiteBehavior [ RunTime:0.000013s ]
INFO: [ app_init ] --END-- [ RunTime:0.000281s ]

[ 2017-01-10T08:05:09+00:00 ] 117.22.25.155 /cnconsum/Admin/Export/excel
INFO: [ app_init ] --START--
INFO: Run Behavior\BuildLiteBehavior [ RunTime:0.000014s ]
INFO: [ app_init ] --END-- [ RunTime:0.000298s ]

[ 2017-01-10T08:15:46+00:00 ] 117.22.25.155 /cnconsum/Admin/Export/excel
INFO: [ app_init ] --START--
INFO: Run Behavior\BuildLiteBehavior [ RunTime:0.000018s ]
INFO: [ app_init ] --END-- [ RunTime:0.000319s ]

[ 2017-01-10T08:15:47+00:00 ] 117.22.25.155 /cnconsum/Admin/Export/excel
INFO: [ app_init ] --START--
INFO: Run Behavior\BuildLiteBehavior [ RunTime:0.000021s ]
INFO: [ app_init ] --END-- [ RunTime:0.000414s ]

[ 2017-01-10T08:15:48+00:00 ] 117.22.25.155 /cnconsum/Admin/Export/excel
INFO: [ app_init ] --START--
INFO: Run Behavior\BuildLiteBehavior [ RunTime:0.000013s ]
INFO: [ app_init ] --END-- [ RunTime:0.000256s ]

[ 2017-01-10T08:15:48+00:00 ] 117.22.25.155 /cnconsum/Admin/Export/excel
INFO: [ app_init ] --START--
INFO: Run Behavior\BuildLiteBehavior [ RunTime:0.000013s ]
INFO: [ app_init ] --END-- [ RunTime:0.000266s ]

[ 2017-01-10T08:15:49+00:00 ] 117.22.25.155 /cnconsum/Admin/Export/excel
INFO: [ app_init ] --START--
INFO: Run Behavior\BuildLiteBehavior [ RunTime:0.000014s ]
INFO: [ app_init ] --END-- [ RunTime:0.000287s ]

[ 2017-01-10T08:15:49+00:00 ] 117.22.25.155 /cnconsum/Admin/Export/excel
INFO: [ app_init ] --START--
INFO: Run Behavior\BuildLiteBehavior [ RunTime:0.000014s ]
INFO: [ app_init ] --END-- [ RunTime:0.000256s ]

[ 2017-01-10T08:15:49+00:00 ] 117.22.25.155 /cnconsum/Admin/Export/excel
INFO: [ app_init ] --START--
INFO: Run Behavior\BuildLiteBehavior [ RunTime:0.000014s ]
INFO: [ app_init ] --END-- [ RunTime:0.000307s ]

[ 2017-01-10T08:15:49+00:00 ] 117.22.25.155 /cnconsum/Admin/Export/excel
INFO: [ app_init ] --START--
INFO: Run Behavior\BuildLiteBehavior [ RunTime:0.000020s ]
INFO: [ app_init ] --END-- [ RunTime:0.000314s ]

[ 2017-01-10T08:15:50+00:00 ] 117.22.25.155 /cnconsum/Admin/Export/excel
INFO: [ app_init ] --START--
INFO: Run Behavior\BuildLiteBehavior [ RunTime:0.000013s ]
INFO: [ app_init ] --END-- [ RunTime:0.000266s ]

[ 2017-01-10T08:15:51+00:00 ] 117.22.25.155 /cnconsum/Admin/Export/excel
INFO: [ app_init ] --START--
INFO: Run Behavior\BuildLiteBehavior [ RunTime:0.000017s ]
INFO: [ app_init ] --END-- [ RunTime:0.000343s ]

[ 2017-01-10T08:16:59+00:00 ] 117.22.25.155 /cnconsum/Admin/Export/excel
INFO: [ app_init ] --START--
INFO: Run Behavior\BuildLiteBehavior [ RunTime:0.000014s ]
INFO: [ app_init ] --END-- [ RunTime:0.000271s ]

[ 2017-01-10T08:17:35+00:00 ] 117.22.25.155 /cnconsum/Admin/export/excel
INFO: [ app_init ] --START--
INFO: Run Behavior\BuildLiteBehavior [ RunTime:0.000014s ]
INFO: [ app_init ] --END-- [ RunTime:0.000276s ]

[ 2017-01-10T16:19:20+08:00 ] 117.22.25.155 /cnconsum/Admin/export/excel
INFO: [ app_init ] --START--
INFO: Run Behavior\BuildLiteBehavior [ RunTime:0.000017s ]
INFO: [ app_init ] --END-- [ RunTime:0.000313s ]

[ 2017-01-10T08:19:46+00:00 ] 117.22.25.155 /cnconsum/Admin/export/excel
INFO: [ app_init ] --START--
INFO: Run Behavior\BuildLiteBehavior [ RunTime:0.000014s ]
INFO: [ app_init ] --END-- [ RunTime:0.000343s ]

[ 2017-01-10T16:51:05+08:00 ] 117.22.25.155 /cnconsum/Admin/export/excell
INFO: [ app_init ] --START--
INFO: Run Behavior\BuildLiteBehavior [ RunTime:0.000014s ]
INFO: [ app_init ] --END-- [ RunTime:0.000261s ]
ERR: 非法操作:excell

[ 2017-01-10T16:51:21+08:00 ] 180.163.1.46 /cnconsum/Admin/export/excell
INFO: [ app_init ] --START--
INFO: Run Behavior\BuildLiteBehavior [ RunTime:0.000015s ]
INFO: [ app_init ] --END-- [ RunTime:0.000333s ]
ERR: 非法操作:excell

[ 2017-01-10T08:51:27+00:00 ] 117.22.25.155 /cnconsum/Admin/export/excel
INFO: [ app_init ] --START--
INFO: Run Behavior\BuildLiteBehavior [ RunTime:0.000023s ]
INFO: [ app_init ] --END-- [ RunTime:0.000279s ]

[ 2017-01-10T08:51:59+00:00 ] 117.22.25.155 /cnconsum/Admin/export/excel
INFO: [ app_init ] --START--
INFO: Run Behavior\BuildLiteBehavior [ RunTime:0.000014s ]
INFO: [ app_init ] --END-- [ RunTime:0.000301s ]

[ 2017-01-10T08:52:16+00:00 ] 117.22.25.155 /cnconsum/Admin/export/excel
INFO: [ app_init ] --START--
INFO: Run Behavior\BuildLiteBehavior [ RunTime:0.000014s ]
INFO: [ app_init ] --END-- [ RunTime:0.000288s ]

[ 2017-01-10T17:23:53+08:00 ] 117.22.25.155 /cnconsum/Admin/export/excel
INFO: [ app_init ] --START--
INFO: Run Behavior\BuildLiteBehavior [ RunTime:0.000014s ]
INFO: [ app_init ] --END-- [ RunTime:0.000294s ]

[ 2017-01-10T17:24:03+08:00 ] 117.185.27.113 /cnconsum/Admin/export/excel
INFO: [ app_init ] --START--
INFO: Run Behavior\BuildLiteBehavior [ RunTime:0.000012s ]
INFO: [ app_init ] --END-- [ RunTime:0.000272s ]

[ 2017-01-10T09:24:32+00:00 ] 117.22.25.155 /cnconsum/Admin/export/excel
INFO: [ app_init ] --START--
INFO: Run Behavior\BuildLiteBehavior [ RunTime:0.000013s ]
INFO: [ app_init ] --END-- [ RunTime:0.000274s ]

[ 2017-01-10T09:24:50+00:00 ] 117.22.25.155 /cnconsum/Admin/export/excel
INFO: [ app_init ] --START--
INFO: Run Behavior\BuildLiteBehavior [ RunTime:0.000020s ]
INFO: [ app_init ] --END-- [ RunTime:0.000314s ]

[ 2017-01-10T09:26:25+00:00 ] 117.22.25.155 /cnconsum/Admin/export/excel
INFO: [ app_init ] --START--
INFO: Run Behavior\BuildLiteBehavior [ RunTime:0.000013s ]
INFO: [ app_init ] --END-- [ RunTime:0.000256s ]

[ 2017-01-10T09:28:59+00:00 ] 117.22.25.155 /cnconsum/Admin/export/excel
INFO: [ app_init ] --START--
INFO: Run Behavior\BuildLiteBehavior [ RunTime:0.000016s ]
INFO: [ app_init ] --END-- [ RunTime:0.000305s ]

[ 2017-01-10T09:34:50+00:00 ] 117.22.25.155 /cnconsum/Admin/export/excel
INFO: [ app_init ] --START--
INFO: Run Behavior\BuildLiteBehavior [ RunTime:0.000021s ]
INFO: [ app_init ] --END-- [ RunTime:0.000291s ]

[ 2017-01-10T09:35:23+00:00 ] 117.22.25.155 /cnconsum/Admin/export/excel
INFO: [ app_init ] --START--
INFO: Run Behavior\BuildLiteBehavior [ RunTime:0.000019s ]
INFO: [ app_init ] --END-- [ RunTime:0.000330s ]

[ 2017-01-10T09:36:52+00:00 ] 117.22.25.155 /cnconsum/Admin/export/excel
INFO: [ app_init ] --START--
INFO: Run Behavior\BuildLiteBehavior [ RunTime:0.000020s ]
INFO: [ app_init ] --END-- [ RunTime:0.000400s ]

[ 2017-01-10T17:38:06+08:00 ] 117.22.25.155 /cnconsum/Admin/export/excel
INFO: [ app_init ] --START--
INFO: Run Behavior\BuildLiteBehavior [ RunTime:0.000019s ]
INFO: [ app_init ] --END-- [ RunTime:0.000310s ]

[ 2017-01-10T17:38:37+08:00 ] 117.22.25.155 /cnconsum/Admin/export/excel
INFO: [ app_init ] --START--
INFO: Run Behavior\BuildLiteBehavior [ RunTime:0.000013s ]
INFO: [ app_init ] --END-- [ RunTime:0.000317s ]

[ 2017-01-10T17:39:08+08:00 ] 117.22.25.155 /cnconsum/Admin/export/excel
INFO: [ app_init ] --START--
INFO: Run Behavior\BuildLiteBehavior [ RunTime:0.000014s ]
INFO: [ app_init ] --END-- [ RunTime:0.000256s ]

[ 2017-01-10T17:40:32+08:00 ] 117.22.25.155 /cnconsum/Admin/export/excel
INFO: [ app_init ] --START--
INFO: Run Behavior\BuildLiteBehavior [ RunTime:0.000014s ]
INFO: [ app_init ] --END-- [ RunTime:0.000285s ]

[ 2017-01-10T17:41:49+08:00 ] 117.22.25.155 /cnconsum/Admin/export/excel
INFO: [ app_init ] --START--
INFO: Run Behavior\BuildLiteBehavior [ RunTime:0.000013s ]
INFO: [ app_init ] --END-- [ RunTime:0.000258s ]

[ 2017-01-10T17:46:52+08:00 ] 117.22.25.155 /cnconsum/Admin/export/excel
INFO: [ app_init ] --START--
INFO: Run Behavior\BuildLiteBehavior [ RunTime:0.000045s ]
INFO: [ app_init ] --END-- [ RunTime:0.000299s ]

[ 2017-01-10T17:46:58+08:00 ] 117.22.25.155 /cnconsum/Admin/export/excel
INFO: [ app_init ] --START--
INFO: Run Behavior\BuildLiteBehavior [ RunTime:0.000014s ]
INFO: [ app_init ] --END-- [ RunTime:0.000261s ]

[ 2017-01-10T17:47:06+08:00 ] 117.22.25.155 /cnconsum/Admin/export/excel
INFO: [ app_init ] --START--
INFO: Run Behavior\BuildLiteBehavior [ RunTime:0.000014s ]
INFO: [ app_init ] --END-- [ RunTime:0.000272s ]

[ 2017-01-10T17:47:25+08:00 ] 117.22.25.155 /cnconsum/Admin/export/show
INFO: [ app_init ] --START--
INFO: Run Behavior\BuildLiteBehavior [ RunTime:0.000015s ]
INFO: [ app_init ] --END-- [ RunTime:0.000270s ]
ERR: 模板不存在:./Project/Admin/View/Export/show.html

[ 2017-01-10T17:49:35+08:00 ] 117.22.25.155 /cnconsum/Admin/export/show
INFO: [ app_init ] --START--
INFO: Run Behavior\BuildLiteBehavior [ RunTime:0.000019s ]
INFO: [ app_init ] --END-- [ RunTime:0.000392s ]
ERR: 模板不存在:./Project/Admin/View/Export/show.html

[ 2017-01-10T17:49:44+08:00 ] 117.22.25.155 /cnconsum/Admin/export/show
INFO: [ app_init ] --START--
INFO: Run Behavior\BuildLiteBehavior [ RunTime:0.000014s ]
INFO: [ app_init ] --END-- [ RunTime:0.000258s ]
ERR: 模板不存在:./Project/Admin/View/Export/show.html

[ 2017-01-10T17:51:00+08:00 ] 117.22.25.155 /cnconsum/Admin/export/show
INFO: [ app_init ] --START--
INFO: Run Behavior\BuildLiteBehavior [ RunTime:0.000013s ]
INFO: [ app_init ] --END-- [ RunTime:0.000263s ]

[ 2017-01-10T17:52:59+08:00 ] 117.22.25.155 /cnconsum/Admin/export/show
INFO: [ app_init ] --START--
INFO: Run Behavior\BuildLiteBehavior [ RunTime:0.000023s ]
INFO: [ app_init ] --END-- [ RunTime:0.000292s ]

[ 2017-01-10T17:53:01+08:00 ] 117.22.25.155 /cnconsum/Admin/export/excel
INFO: [ app_init ] --START--
INFO: Run Behavior\BuildLiteBehavior [ RunTime:0.000014s ]
INFO: [ app_init ] --END-- [ RunTime:0.000266s ]

[ 2017-01-10T17:54:09+08:00 ] 117.22.25.155 /cnconsum/Admin/export/show
INFO: [ app_init ] --START--
INFO: Run Behavior\BuildLiteBehavior [ RunTime:0.000014s ]
INFO: [ app_init ] --END-- [ RunTime:0.000269s ]

[ 2017-01-10T17:54:14+08:00 ] 117.22.25.155 /cnconsum/Admin/export/excel
INFO: [ app_init ] --START--
INFO: Run Behavior\BuildLiteBehavior [ RunTime:0.000014s ]
INFO: [ app_init ] --END-- [ RunTime:0.000256s ]

[ 2017-01-10T17:58:00+08:00 ] 117.22.25.155 /cnconsum/Admin/export/show
INFO: [ app_init ] --START--
INFO: Run Behavior\BuildLiteBehavior [ RunTime:0.000013s ]
INFO: [ app_init ] --END-- [ RunTime:0.000273s ]

[ 2017-01-10T17:58:02+08:00 ] 117.22.25.155 /cnconsum/Admin/export/show
INFO: [ app_init ] --START--
INFO: Run Behavior\BuildLiteBehavior [ RunTime:0.000013s ]
INFO: [ app_init ] --END-- [ RunTime:0.000257s ]

[ 2017-01-10T17:58:41+08:00 ] 117.22.25.155 /cnconsum/Admin/export/show
INFO: [ app_init ] --START--
INFO: Run Behavior\BuildLiteBehavior [ RunTime:0.000014s ]
INFO: [ app_init ] --END-- [ RunTime:0.000297s ]

[ 2017-01-10T17:58:43+08:00 ] 117.22.25.155 /cnconsum/Admin/export/show
INFO: [ app_init ] --START--
INFO: Run Behavior\BuildLiteBehavior [ RunTime:0.000013s ]
INFO: [ app_init ] --END-- [ RunTime:0.000273s ]

[ 2017-01-10T17:58:44+08:00 ] 117.22.25.155 /cnconsum/Admin/export/show
INFO: [ app_init ] --START--
INFO: Run Behavior\BuildLiteBehavior [ RunTime:0.000030s ]
INFO: [ app_init ] --END-- [ RunTime:0.000277s ]

[ 2017-01-10T17:58:44+08:00 ] 117.22.25.155 /cnconsum/Admin/export/show
INFO: [ app_init ] --START--
INFO: Run Behavior\BuildLiteBehavior [ RunTime:0.000014s ]
INFO: [ app_init ] --END-- [ RunTime:0.000317s ]

[ 2017-01-10T17:58:44+08:00 ] 117.22.25.155 /cnconsum/Admin/export/show
INFO: [ app_init ] --START--
INFO: Run Behavior\BuildLiteBehavior [ RunTime:0.000015s ]
INFO: [ app_init ] --END-- [ RunTime:0.000403s ]

[ 2017-01-10T17:59:06+08:00 ] 117.22.25.155 /cnconsum/Admin/export/excel
INFO: [ app_init ] --START--
INFO: Run Behavior\BuildLiteBehavior [ RunTime:0.000014s ]
INFO: [ app_init ] --END-- [ RunTime:0.000280s ]

