[ 2017-01-16T10:15:59+08:00 ] 117.22.24.108 /cnconsum/Admin/Index/login
INFO: [ app_init ] --START--
INFO: Run Behavior\BuildLiteBehavior [ RunTime:0.000021s ]
INFO: [ app_init ] --END-- [ RunTime:0.000530s ]

[ 2017-01-16T10:16:09+08:00 ] 180.163.2.116 /cnconsum/Admin/Index/login
INFO: [ app_init ] --START--
INFO: Run Behavior\BuildLiteBehavior [ RunTime:0.000014s ]
INFO: [ app_init ] --END-- [ RunTime:0.000285s ]

[ 2017-01-16T10:16:09+08:00 ] 101.226.65.104 /cnconsum/Admin/Index/login
INFO: [ app_init ] --START--
INFO: Run Behavior\BuildLiteBehavior [ RunTime:0.000013s ]
INFO: [ app_init ] --END-- [ RunTime:0.000263s ]

[ 2017-01-16T10:16:16+08:00 ] 180.153.206.23 /cnconsum/Admin/Index/login
INFO: [ app_init ] --START--
INFO: Run Behavior\BuildLiteBehavior [ RunTime:0.000015s ]
INFO: [ app_init ] --END-- [ RunTime:0.000305s ]

[ 2017-01-16T10:16:18+08:00 ] 101.226.89.121 /cnconsum/Admin/Index/login
INFO: [ app_init ] --START--
INFO: Run Behavior\BuildLiteBehavior [ RunTime:0.000015s ]
INFO: [ app_init ] --END-- [ RunTime:0.000266s ]

[ 2017-01-16T10:17:08+08:00 ] 117.22.24.108 /cnconsum/Admin/Index/login
INFO: [ app_init ] --START--
INFO: Run Behavior\BuildLiteBehavior [ RunTime:0.000018s ]
INFO: [ app_init ] --END-- [ RunTime:0.000328s ]

[ 2017-01-16T10:18:03+08:00 ] 117.22.24.108 /cnconsum/Admin/Index/login
INFO: [ app_init ] --START--
INFO: Run Behavior\BuildLiteBehavior [ RunTime:0.000015s ]
INFO: [ app_init ] --END-- [ RunTime:0.000320s ]

[ 2017-01-16T10:21:01+08:00 ] 117.22.24.108 /cnconsum/Admin/Index/login
INFO: [ app_init ] --START--
INFO: Run Behavior\BuildLiteBehavior [ RunTime:0.000013s ]
INFO: [ app_init ] --END-- [ RunTime:0.000260s ]

[ 2017-01-16T10:30:57+08:00 ] 117.22.24.108 /cnconsum/Admin/Main/index
INFO: [ app_init ] --START--
INFO: Run Behavior\BuildLiteBehavior [ RunTime:0.000018s ]
INFO: [ app_init ] --END-- [ RunTime:0.000302s ]

[ 2017-01-16T10:30:57+08:00 ] 117.22.24.108 /cnconsum/Admin/Main/css/style.css
INFO: [ app_init ] --START--
INFO: Run Behavior\BuildLiteBehavior [ RunTime:0.000013s ]
INFO: [ app_init ] --END-- [ RunTime:0.000280s ]
ERR: 非法操作:css

[ 2017-01-16T10:30:57+08:00 ] 117.22.24.108 /cnconsum/Admin/Main/images/logo.png
INFO: [ app_init ] --START--
INFO: Run Behavior\BuildLiteBehavior [ RunTime:0.000012s ]
INFO: [ app_init ] --END-- [ RunTime:0.000262s ]

[ 2017-01-16T10:30:57+08:00 ] 117.22.24.108 /cnconsum/Admin/Main/js/jquery-1.9.1.min.js
INFO: [ app_init ] --START--
INFO: Run Behavior\BuildLiteBehavior [ RunTime:0.000012s ]
INFO: [ app_init ] --END-- [ RunTime:0.000290s ]
ERR: 非法操作:js

[ 2017-01-16T10:30:57+08:00 ] 117.22.24.108 /cnconsum/Admin/Main/css/global.css
INFO: [ app_init ] --START--
INFO: Run Behavior\BuildLiteBehavior [ RunTime:0.000012s ]
INFO: [ app_init ] --END-- [ RunTime:0.000255s ]
ERR: 非法操作:css

[ 2017-01-16T10:30:57+08:00 ] 117.22.24.108 /cnconsum/Admin/Main/js/script.js
INFO: [ app_init ] --START--
INFO: Run Behavior\BuildLiteBehavior [ RunTime:0.000011s ]
INFO: [ app_init ] --END-- [ RunTime:0.000247s ]
ERR: 非法操作:js

[ 2017-01-16T10:30:57+08:00 ] 117.22.24.108 /cnconsum/Admin/Main/images/next.png
INFO: [ app_init ] --START--
INFO: Run Behavior\BuildLiteBehavior [ RunTime:0.000017s ]
INFO: [ app_init ] --END-- [ RunTime:0.000335s ]

[ 2017-01-16T10:30:57+08:00 ] 117.22.24.108 /cnconsum/Admin/Main/images/exit.png
INFO: [ app_init ] --START--
INFO: Run Behavior\BuildLiteBehavior [ RunTime:0.000011s ]
INFO: [ app_init ] --END-- [ RunTime:0.000248s ]

[ 2017-01-16T10:30:57+08:00 ] 117.22.24.108 /cnconsum/Admin/Main/images/prev.png
INFO: [ app_init ] --START--
INFO: Run Behavior\BuildLiteBehavior [ RunTime:0.000012s ]
INFO: [ app_init ] --END-- [ RunTime:0.000260s ]

[ 2017-01-16T10:30:57+08:00 ] 117.22.24.108 /cnconsum/Admin/Main/images/title.png
INFO: [ app_init ] --START--
INFO: Run Behavior\BuildLiteBehavior [ RunTime:0.000015s ]
INFO: [ app_init ] --END-- [ RunTime:0.000266s ]

[ 2017-01-16T10:30:57+08:00 ] 117.22.24.108 /cnconsum/Admin/Main/images/toolbar.gif
INFO: [ app_init ] --START--
INFO: Run Behavior\BuildLiteBehavior [ RunTime:0.000011s ]
INFO: [ app_init ] --END-- [ RunTime:0.000296s ]

[ 2017-01-16T10:31:13+08:00 ] 180.153.214.189 /cnconsum/Admin/Main/index
INFO: [ app_init ] --START--
INFO: Run Behavior\BuildLiteBehavior [ RunTime:0.000016s ]
INFO: [ app_init ] --END-- [ RunTime:0.000298s ]

[ 2017-01-16T10:31:13+08:00 ] 180.153.214.189 /cnconsum/Admin/Main/js/jquery-1.9.1.min.js
INFO: [ app_init ] --START--
INFO: Run Behavior\BuildLiteBehavior [ RunTime:0.000022s ]
INFO: [ app_init ] --END-- [ RunTime:0.000394s ]
ERR: 非法操作:js

[ 2017-01-16T10:31:13+08:00 ] 180.153.214.189 /cnconsum/Admin/Main/js/script.js
INFO: [ app_init ] --START--
INFO: Run Behavior\BuildLiteBehavior [ RunTime:0.000014s ]
INFO: [ app_init ] --END-- [ RunTime:0.000297s ]
ERR: 非法操作:js

[ 2017-01-16T10:35:45+08:00 ] 117.22.24.108 /cnconsum/Admin/Main/index
INFO: [ app_init ] --START--
INFO: Run Behavior\BuildLiteBehavior [ RunTime:0.000013s ]
INFO: [ app_init ] --END-- [ RunTime:0.000261s ]

[ 2017-01-16T10:35:46+08:00 ] 117.22.24.108 /cnconsum/Admin/Main/images/exit.png
INFO: [ app_init ] --START--
INFO: Run Behavior\BuildLiteBehavior [ RunTime:0.000012s ]
INFO: [ app_init ] --END-- [ RunTime:0.000331s ]

[ 2017-01-16T10:35:46+08:00 ] 117.22.24.108 /cnconsum/Admin/Main/images/next.png
INFO: [ app_init ] --START--
INFO: Run Behavior\BuildLiteBehavior [ RunTime:0.000017s ]
INFO: [ app_init ] --END-- [ RunTime:0.000300s ]

[ 2017-01-16T10:35:46+08:00 ] 117.22.24.108 /cnconsum/Admin/Main/images/prev.png
INFO: [ app_init ] --START--
INFO: Run Behavior\BuildLiteBehavior [ RunTime:0.000013s ]
INFO: [ app_init ] --END-- [ RunTime:0.000286s ]

[ 2017-01-16T10:36:07+08:00 ] 117.22.24.108 /cnconsum/Admin/Main/auditing.html
INFO: [ app_init ] --START--
INFO: Run Behavior\BuildLiteBehavior [ RunTime:0.000014s ]
INFO: [ app_init ] --END-- [ RunTime:0.000311s ]
ERR: 非法操作:auditing

[ 2017-01-16T10:36:09+08:00 ] 117.22.24.108 /cnconsum/Admin/Main/index
INFO: [ app_init ] --START--
INFO: Run Behavior\BuildLiteBehavior [ RunTime:0.000014s ]
INFO: [ app_init ] --END-- [ RunTime:0.000280s ]

[ 2017-01-16T10:36:24+08:00 ] 117.22.24.108 /cnconsum/Admin/Main/index
INFO: [ app_init ] --START--
INFO: Run Behavior\BuildLiteBehavior [ RunTime:0.000013s ]
INFO: [ app_init ] --END-- [ RunTime:0.000328s ]

[ 2017-01-16T10:36:24+08:00 ] 117.22.24.108 /cnconsum/Admin/Main/images/exit.png
INFO: [ app_init ] --START--
INFO: Run Behavior\BuildLiteBehavior [ RunTime:0.000014s ]
INFO: [ app_init ] --END-- [ RunTime:0.000375s ]

[ 2017-01-16T10:36:24+08:00 ] 117.22.24.108 /cnconsum/Admin/Main/images/prev.png
INFO: [ app_init ] --START--
INFO: Run Behavior\BuildLiteBehavior [ RunTime:0.000013s ]
INFO: [ app_init ] --END-- [ RunTime:0.000298s ]

[ 2017-01-16T10:36:24+08:00 ] 117.22.24.108 /cnconsum/Admin/Main/images/next.png
INFO: [ app_init ] --START--
INFO: Run Behavior\BuildLiteBehavior [ RunTime:0.000012s ]
INFO: [ app_init ] --END-- [ RunTime:0.000259s ]

[ 2017-01-16T10:36:26+08:00 ] 180.153.214.192 /cnconsum/Admin/Main/auditing.html
INFO: [ app_init ] --START--
INFO: Run Behavior\BuildLiteBehavior [ RunTime:0.000018s ]
INFO: [ app_init ] --END-- [ RunTime:0.000395s ]
ERR: 非法操作:auditing

[ 2017-01-16T10:37:30+08:00 ] 117.22.24.108 /cnconsum/Admin/Main/index
INFO: [ app_init ] --START--
INFO: Run Behavior\BuildLiteBehavior [ RunTime:0.000013s ]
INFO: [ app_init ] --END-- [ RunTime:0.000257s ]

[ 2017-01-16T10:37:30+08:00 ] 117.22.24.108 /cnconsum/Admin/Main/images/exit.png
INFO: [ app_init ] --START--
INFO: Run Behavior\BuildLiteBehavior [ RunTime:0.000014s ]
INFO: [ app_init ] --END-- [ RunTime:0.000282s ]

[ 2017-01-16T10:37:58+08:00 ] 117.22.24.108 /cnconsum/Admin/Main/index
INFO: [ app_init ] --START--
INFO: Run Behavior\BuildLiteBehavior [ RunTime:0.000014s ]
INFO: [ app_init ] --END-- [ RunTime:0.000299s ]

[ 2017-01-16T10:38:00+08:00 ] 117.22.24.108 /cnconsum/Admin/Main/index
INFO: [ app_init ] --START--
INFO: Run Behavior\BuildLiteBehavior [ RunTime:0.000013s ]
INFO: [ app_init ] --END-- [ RunTime:0.000263s ]

[ 2017-01-16T10:39:26+08:00 ] 117.22.24.108 /cnconsum/Admin/Main/index
INFO: [ app_init ] --START--
INFO: Run Behavior\BuildLiteBehavior [ RunTime:0.000014s ]
INFO: [ app_init ] --END-- [ RunTime:0.000284s ]

[ 2017-01-16T10:40:31+08:00 ] 117.22.24.108 /cnconsum/Admin/Main/index
INFO: [ app_init ] --START--
INFO: Run Behavior\BuildLiteBehavior [ RunTime:0.000014s ]
INFO: [ app_init ] --END-- [ RunTime:0.000274s ]

[ 2017-01-16T10:43:26+08:00 ] 117.22.24.108 /cnconsum/Admin/Main/index
INFO: [ app_init ] --START--
INFO: Run Behavior\BuildLiteBehavior [ RunTime:0.000014s ]
INFO: [ app_init ] --END-- [ RunTime:0.000281s ]

[ 2017-01-16T10:44:58+08:00 ] 117.22.24.108 /cnconsum/Admin/Main/index
INFO: [ app_init ] --START--
INFO: Run Behavior\BuildLiteBehavior [ RunTime:0.000014s ]
INFO: [ app_init ] --END-- [ RunTime:0.000364s ]

[ 2017-01-16T10:44:59+08:00 ] 117.22.24.108 /cnconsum/Admin/Main/index
INFO: [ app_init ] --START--
INFO: Run Behavior\BuildLiteBehavior [ RunTime:0.000013s ]
INFO: [ app_init ] --END-- [ RunTime:0.000257s ]

[ 2017-01-16T10:45:00+08:00 ] 117.22.24.108 /cnconsum/Admin/Main/index
INFO: [ app_init ] --START--
INFO: Run Behavior\BuildLiteBehavior [ RunTime:0.000014s ]
INFO: [ app_init ] --END-- [ RunTime:0.000263s ]

[ 2017-01-16T10:45:03+08:00 ] 117.22.24.108 /cnconsum/Admin/Main/index
INFO: [ app_init ] --START--
INFO: Run Behavior\BuildLiteBehavior [ RunTime:0.000014s ]
INFO: [ app_init ] --END-- [ RunTime:0.000315s ]

[ 2017-01-16T10:45:04+08:00 ] 117.22.24.108 /cnconsum/Admin/Main/index
INFO: [ app_init ] --START--
INFO: Run Behavior\BuildLiteBehavior [ RunTime:0.000018s ]
INFO: [ app_init ] --END-- [ RunTime:0.000410s ]

[ 2017-01-16T10:45:04+08:00 ] 117.22.24.108 /cnconsum/Admin/Main/index
INFO: [ app_init ] --START--
INFO: Run Behavior\BuildLiteBehavior [ RunTime:0.000014s ]
INFO: [ app_init ] --END-- [ RunTime:0.000268s ]

[ 2017-01-16T10:45:13+08:00 ] 117.22.24.108 /cnconsum/Admin/Main/index
INFO: [ app_init ] --START--
INFO: Run Behavior\BuildLiteBehavior [ RunTime:0.000014s ]
INFO: [ app_init ] --END-- [ RunTime:0.000276s ]

[ 2017-01-16T10:47:05+08:00 ] 117.22.24.108 /cnconsum/Admin/Main/index
INFO: [ app_init ] --START--
INFO: Run Behavior\BuildLiteBehavior [ RunTime:0.000019s ]
INFO: [ app_init ] --END-- [ RunTime:0.000279s ]

[ 2017-01-16T10:51:42+08:00 ] 117.22.24.108 /cnconsum/Admin/Main/index
INFO: [ app_init ] --START--
INFO: Run Behavior\BuildLiteBehavior [ RunTime:0.000013s ]
INFO: [ app_init ] --END-- [ RunTime:0.000261s ]

[ 2017-01-16T10:52:03+08:00 ] 117.22.24.108 /cnconsum/Admin/Main/index
INFO: [ app_init ] --START--
INFO: Run Behavior\BuildLiteBehavior [ RunTime:0.000015s ]
INFO: [ app_init ] --END-- [ RunTime:0.000326s ]

[ 2017-01-16T10:52:15+08:00 ] 117.22.24.108 /cnconsum/Admin/Main/index
INFO: [ app_init ] --START--
INFO: Run Behavior\BuildLiteBehavior [ RunTime:0.000021s ]
INFO: [ app_init ] --END-- [ RunTime:0.000406s ]

[ 2017-01-16T10:52:37+08:00 ] 117.22.24.108 /cnconsum/Admin/Main/index
INFO: [ app_init ] --START--
INFO: Run Behavior\BuildLiteBehavior [ RunTime:0.000014s ]
INFO: [ app_init ] --END-- [ RunTime:0.000344s ]

[ 2017-01-16T10:55:15+08:00 ] 117.22.24.108 /cnconsum/Admin/Main/index
INFO: [ app_init ] --START--
INFO: Run Behavior\BuildLiteBehavior [ RunTime:0.000013s ]
INFO: [ app_init ] --END-- [ RunTime:0.000266s ]

[ 2017-01-16T10:55:59+08:00 ] 117.22.24.108 /cnconsum/Admin/Main/index
INFO: [ app_init ] --START--
INFO: Run Behavior\BuildLiteBehavior [ RunTime:0.000018s ]
INFO: [ app_init ] --END-- [ RunTime:0.000281s ]

[ 2017-01-16T10:56:14+08:00 ] 117.22.24.108 /cnconsum/Admin/Main/index
INFO: [ app_init ] --START--
INFO: Run Behavior\BuildLiteBehavior [ RunTime:0.000018s ]
INFO: [ app_init ] --END-- [ RunTime:0.000307s ]

[ 2017-01-16T10:56:14+08:00 ] 117.22.24.108 /cnconsum/Admin/Main/index
INFO: [ app_init ] --START--
INFO: Run Behavior\BuildLiteBehavior [ RunTime:0.000014s ]
INFO: [ app_init ] --END-- [ RunTime:0.000302s ]

[ 2017-01-16T10:56:15+08:00 ] 117.22.24.108 /cnconsum/Admin/Main/index
INFO: [ app_init ] --START--
INFO: Run Behavior\BuildLiteBehavior [ RunTime:0.000014s ]
INFO: [ app_init ] --END-- [ RunTime:0.000274s ]

[ 2017-01-16T10:58:08+08:00 ] 117.22.24.108 /cnconsum/Admin/Main/index
INFO: [ app_init ] --START--
INFO: Run Behavior\BuildLiteBehavior [ RunTime:0.000019s ]
INFO: [ app_init ] --END-- [ RunTime:0.000319s ]

[ 2017-01-16T10:58:10+08:00 ] 117.22.24.108 /cnconsum/Admin/Main/index
INFO: [ app_init ] --START--
INFO: Run Behavior\BuildLiteBehavior [ RunTime:0.000013s ]
INFO: [ app_init ] --END-- [ RunTime:0.000265s ]

[ 2017-01-16T10:58:14+08:00 ] 117.22.24.108 /cnconsum/Admin/Main/index
INFO: [ app_init ] --START--
INFO: Run Behavior\BuildLiteBehavior [ RunTime:0.000019s ]
INFO: [ app_init ] --END-- [ RunTime:0.000301s ]

[ 2017-01-16T10:58:18+08:00 ] 117.22.24.108 /cnconsum/Admin/Main/index
INFO: [ app_init ] --START--
INFO: Run Behavior\BuildLiteBehavior [ RunTime:0.000013s ]
INFO: [ app_init ] --END-- [ RunTime:0.000281s ]

[ 2017-01-16T10:58:19+08:00 ] 117.22.24.108 /cnconsum/Admin/Main/index
INFO: [ app_init ] --START--
INFO: Run Behavior\BuildLiteBehavior [ RunTime:0.000014s ]
INFO: [ app_init ] --END-- [ RunTime:0.000295s ]

[ 2017-01-16T10:58:35+08:00 ] 113.108.80.205 /cnconsum/Admin/Main/index
INFO: [ app_init ] --START--
INFO: Run Behavior\BuildLiteBehavior [ RunTime:0.000014s ]
INFO: [ app_init ] --END-- [ RunTime:0.000311s ]

[ 2017-01-16T10:58:49+08:00 ] 101.226.33.223 /cnconsum/Admin/Main/index
INFO: [ app_init ] --START--
INFO: Run Behavior\BuildLiteBehavior [ RunTime:0.000020s ]
INFO: [ app_init ] --END-- [ RunTime:0.000334s ]

[ 2017-01-16T10:58:51+08:00 ] 180.153.206.18 /cnconsum/Admin/Main/index
INFO: [ app_init ] --START--
INFO: Run Behavior\BuildLiteBehavior [ RunTime:0.000013s ]
INFO: [ app_init ] --END-- [ RunTime:0.000284s ]

[ 2017-01-16T10:59:05+08:00 ] 117.22.24.108 /cnconsum/Admin/Main/index
INFO: [ app_init ] --START--
INFO: Run Behavior\BuildLiteBehavior [ RunTime:0.000014s ]
INFO: [ app_init ] --END-- [ RunTime:0.000317s ]

[ 2017-01-16T10:59:24+08:00 ] 117.22.24.108 /cnconsum/Admin/Main/index
INFO: [ app_init ] --START--
INFO: Run Behavior\BuildLiteBehavior [ RunTime:0.000013s ]
INFO: [ app_init ] --END-- [ RunTime:0.000265s ]

[ 2017-01-16T11:00:11+08:00 ] 117.22.24.108 /cnconsum/Admin/Main/auditing
INFO: [ app_init ] --START--
INFO: Run Behavior\BuildLiteBehavior [ RunTime:0.000013s ]
INFO: [ app_init ] --END-- [ RunTime:0.000294s ]

[ 2017-01-16T11:00:16+08:00 ] 117.22.24.108 /cnconsum/Admin/Main/auditing
INFO: [ app_init ] --START--
INFO: Run Behavior\BuildLiteBehavior [ RunTime:0.000017s ]
INFO: [ app_init ] --END-- [ RunTime:0.000306s ]

[ 2017-01-16T11:00:21+08:00 ] 101.226.125.111 /cnconsum/Admin/Main/auditing
INFO: [ app_init ] --START--
INFO: Run Behavior\BuildLiteBehavior [ RunTime:0.000014s ]
INFO: [ app_init ] --END-- [ RunTime:0.000257s ]

[ 2017-01-16T11:00:22+08:00 ] 180.153.81.212 /cnconsum/Admin/Main/auditing
INFO: [ app_init ] --START--
INFO: Run Behavior\BuildLiteBehavior [ RunTime:0.000013s ]
INFO: [ app_init ] --END-- [ RunTime:0.000255s ]

[ 2017-01-16T11:00:24+08:00 ] 117.22.24.108 /cnconsum/Admin/Main/auditing
INFO: [ app_init ] --START--
INFO: Run Behavior\BuildLiteBehavior [ RunTime:0.000013s ]
INFO: [ app_init ] --END-- [ RunTime:0.000262s ]

[ 2017-01-16T11:00:26+08:00 ] 101.226.66.177 /cnconsum/Admin/Main/auditing
INFO: [ app_init ] --START--
INFO: Run Behavior\BuildLiteBehavior [ RunTime:0.000016s ]
INFO: [ app_init ] --END-- [ RunTime:0.000348s ]

[ 2017-01-16T11:00:27+08:00 ] 101.226.89.120 /cnconsum/Admin/Main/auditing
INFO: [ app_init ] --START--
INFO: Run Behavior\BuildLiteBehavior [ RunTime:0.000018s ]
INFO: [ app_init ] --END-- [ RunTime:0.000372s ]

[ 2017-01-16T11:00:29+08:00 ] 101.226.33.224 /cnconsum/Admin/Main/auditing
INFO: [ app_init ] --START--
INFO: Run Behavior\BuildLiteBehavior [ RunTime:0.000021s ]
INFO: [ app_init ] --END-- [ RunTime:0.000456s ]

[ 2017-01-16T11:01:15+08:00 ] 117.22.24.108 /cnconsum/Admin/Main/index
INFO: [ app_init ] --START--
INFO: Run Behavior\BuildLiteBehavior [ RunTime:0.000013s ]
INFO: [ app_init ] --END-- [ RunTime:0.000253s ]

[ 2017-01-16T11:06:52+08:00 ] 117.22.24.108 /cnconsum/Admin/Main/index
INFO: [ app_init ] --START--
INFO: Run Behavior\BuildLiteBehavior [ RunTime:0.000013s ]
INFO: [ app_init ] --END-- [ RunTime:0.000268s ]

[ 2017-01-16T11:08:35+08:00 ] 117.22.24.108 /cnconsum/Admin/Main/index
INFO: [ app_init ] --START--
INFO: Run Behavior\BuildLiteBehavior [ RunTime:0.000013s ]
INFO: [ app_init ] --END-- [ RunTime:0.000261s ]

[ 2017-01-16T11:08:37+08:00 ] 117.22.24.108 /cnconsum/Admin/Main/index
INFO: [ app_init ] --START--
INFO: Run Behavior\BuildLiteBehavior [ RunTime:0.000013s ]
INFO: [ app_init ] --END-- [ RunTime:0.000256s ]

[ 2017-01-16T11:08:58+08:00 ] 117.22.24.108 /cnconsum/Admin/Main/index
INFO: [ app_init ] --START--
INFO: Run Behavior\BuildLiteBehavior [ RunTime:0.000018s ]
INFO: [ app_init ] --END-- [ RunTime:0.000332s ]

[ 2017-01-16T11:09:41+08:00 ] 117.22.24.108 /cnconsum/Admin/Main/index
INFO: [ app_init ] --START--
INFO: Run Behavior\BuildLiteBehavior [ RunTime:0.000013s ]
INFO: [ app_init ] --END-- [ RunTime:0.000254s ]

[ 2017-01-16T11:12:52+08:00 ] 117.22.24.108 /cnconsum/Admin/Main/index
INFO: [ app_init ] --START--
INFO: Run Behavior\BuildLiteBehavior [ RunTime:0.000013s ]
INFO: [ app_init ] --END-- [ RunTime:0.000282s ]
ERR: 非法操作:index

[ 2017-01-16T11:12:59+08:00 ] 117.22.24.108 /cnconsum/Admin/Main/settle
INFO: [ app_init ] --START--
INFO: Run Behavior\BuildLiteBehavior [ RunTime:0.000016s ]
INFO: [ app_init ] --END-- [ RunTime:0.000413s ]

[ 2017-01-16T11:13:02+08:00 ] 117.22.24.108 /cnconsum/Admin/Main/auditing
INFO: [ app_init ] --START--
INFO: Run Behavior\BuildLiteBehavior [ RunTime:0.000013s ]
INFO: [ app_init ] --END-- [ RunTime:0.000262s ]

[ 2017-01-16T11:13:15+08:00 ] 180.163.2.119 /cnconsum/Admin/Main/settle
INFO: [ app_init ] --START--
INFO: Run Behavior\BuildLiteBehavior [ RunTime:0.000018s ]
INFO: [ app_init ] --END-- [ RunTime:0.000329s ]

[ 2017-01-16T11:17:52+08:00 ] 117.22.24.108 /cnconsum/Admin/Main/auditing
INFO: [ app_init ] --START--
INFO: Run Behavior\BuildLiteBehavior [ RunTime:0.000014s ]
INFO: [ app_init ] --END-- [ RunTime:0.000316s ]

[ 2017-01-16T11:17:52+08:00 ] 117.22.24.108 /cnconsum/Admin/Main/auditing
INFO: [ app_init ] --START--
INFO: Run Behavior\BuildLiteBehavior [ RunTime:0.000014s ]
INFO: [ app_init ] --END-- [ RunTime:0.000287s ]

[ 2017-01-16T11:17:56+08:00 ] 117.22.24.108 /cnconsum/Admin/Main/settle
INFO: [ app_init ] --START--
INFO: Run Behavior\BuildLiteBehavior [ RunTime:0.000020s ]
INFO: [ app_init ] --END-- [ RunTime:0.000287s ]

[ 2017-01-16T11:17:57+08:00 ] 117.22.24.108 /cnconsum/Admin/Main/auditing
INFO: [ app_init ] --START--
INFO: Run Behavior\BuildLiteBehavior [ RunTime:0.000041s ]
INFO: [ app_init ] --END-- [ RunTime:0.000375s ]

[ 2017-01-16T11:18:23+08:00 ] 117.22.24.108 /cnconsum/Admin/Main/settle
INFO: [ app_init ] --START--
INFO: Run Behavior\BuildLiteBehavior [ RunTime:0.000019s ]
INFO: [ app_init ] --END-- [ RunTime:0.000290s ]

[ 2017-01-16T11:18:24+08:00 ] 117.22.24.108 /cnconsum/Admin/Main/auditing
INFO: [ app_init ] --START--
INFO: Run Behavior\BuildLiteBehavior [ RunTime:0.000014s ]
INFO: [ app_init ] --END-- [ RunTime:0.000264s ]

[ 2017-01-16T11:18:27+08:00 ] 117.22.24.108 /cnconsum/Admin/Main/audited
INFO: [ app_init ] --START--
INFO: Run Behavior\BuildLiteBehavior [ RunTime:0.000014s ]
INFO: [ app_init ] --END-- [ RunTime:0.000267s ]

[ 2017-01-16T11:18:44+08:00 ] 101.226.66.178 /cnconsum/Admin/Main/audited
INFO: [ app_init ] --START--
INFO: Run Behavior\BuildLiteBehavior [ RunTime:0.000013s ]
INFO: [ app_init ] --END-- [ RunTime:0.000272s ]

[ 2017-01-16T11:21:30+08:00 ] 117.22.24.108 /cnconsum/Admin/Main/audited
INFO: [ app_init ] --START--
INFO: Run Behavior\BuildLiteBehavior [ RunTime:0.000014s ]
INFO: [ app_init ] --END-- [ RunTime:0.000278s ]

[ 2017-01-16T11:21:36+08:00 ] 117.22.24.108 /cnconsum/Admin/Main/settle
INFO: [ app_init ] --START--
INFO: Run Behavior\BuildLiteBehavior [ RunTime:0.000014s ]
INFO: [ app_init ] --END-- [ RunTime:0.000286s ]

[ 2017-01-16T11:21:37+08:00 ] 117.22.24.108 /cnconsum/Admin/Main/auditing
INFO: [ app_init ] --START--
INFO: Run Behavior\BuildLiteBehavior [ RunTime:0.000013s ]
INFO: [ app_init ] --END-- [ RunTime:0.000258s ]

[ 2017-01-16T11:21:38+08:00 ] 117.22.24.108 /cnconsum/Admin/Main/audited
INFO: [ app_init ] --START--
INFO: Run Behavior\BuildLiteBehavior [ RunTime:0.000014s ]
INFO: [ app_init ] --END-- [ RunTime:0.000262s ]

[ 2017-01-16T11:21:39+08:00 ] 117.22.24.108 /cnconsum/Admin/Main/search
INFO: [ app_init ] --START--
INFO: Run Behavior\BuildLiteBehavior [ RunTime:0.000014s ]
INFO: [ app_init ] --END-- [ RunTime:0.000360s ]
ERR: 非法操作:search

[ 2017-01-16T11:21:59+08:00 ] 180.163.2.118 /cnconsum/Admin/Main/search
INFO: [ app_init ] --START--
INFO: Run Behavior\BuildLiteBehavior [ RunTime:0.000014s ]
INFO: [ app_init ] --END-- [ RunTime:0.000286s ]
ERR: 非法操作:search

[ 2017-01-16T11:22:03+08:00 ] 117.22.24.108 /cnconsum/Admin/Main/audited
INFO: [ app_init ] --START--
INFO: Run Behavior\BuildLiteBehavior [ RunTime:0.000014s ]
INFO: [ app_init ] --END-- [ RunTime:0.000272s ]

[ 2017-01-16T11:22:06+08:00 ] 117.22.24.108 /cnconsum/Admin/Main/audited
INFO: [ app_init ] --START--
INFO: Run Behavior\BuildLiteBehavior [ RunTime:0.000013s ]
INFO: [ app_init ] --END-- [ RunTime:0.000272s ]

[ 2017-01-16T11:22:07+08:00 ] 117.22.24.108 /cnconsum/Admin/Main/audited
INFO: [ app_init ] --START--
INFO: Run Behavior\BuildLiteBehavior [ RunTime:0.000013s ]
INFO: [ app_init ] --END-- [ RunTime:0.000255s ]

[ 2017-01-16T11:22:08+08:00 ] 117.22.24.108 /cnconsum/Admin/Main/audited
INFO: [ app_init ] --START--
INFO: Run Behavior\BuildLiteBehavior [ RunTime:0.000013s ]
INFO: [ app_init ] --END-- [ RunTime:0.000255s ]

[ 2017-01-16T11:22:09+08:00 ] 117.22.24.108 /cnconsum/Admin/Main/audited
INFO: [ app_init ] --START--
INFO: Run Behavior\BuildLiteBehavior [ RunTime:0.000014s ]
INFO: [ app_init ] --END-- [ RunTime:0.000272s ]

[ 2017-01-16T11:23:34+08:00 ] 117.22.24.108 /cnconsum/Admin/Main/auditing
INFO: [ app_init ] --START--
INFO: Run Behavior\BuildLiteBehavior [ RunTime:0.000014s ]
INFO: [ app_init ] --END-- [ RunTime:0.000272s ]

[ 2017-01-16T11:23:45+08:00 ] 117.22.24.108 /cnconsum/Admin/Main/auditing
INFO: [ app_init ] --START--
INFO: Run Behavior\BuildLiteBehavior [ RunTime:0.000017s ]
INFO: [ app_init ] --END-- [ RunTime:0.000308s ]

[ 2017-01-16T11:23:49+08:00 ] 117.22.24.108 /cnconsum/Admin/Main/audited
INFO: [ app_init ] --START--
INFO: Run Behavior\BuildLiteBehavior [ RunTime:0.000014s ]
INFO: [ app_init ] --END-- [ RunTime:0.000272s ]

[ 2017-01-16T11:23:51+08:00 ] 117.22.24.108 /cnconsum/Admin/Main/auditing
INFO: [ app_init ] --START--
INFO: Run Behavior\BuildLiteBehavior [ RunTime:0.000013s ]
INFO: [ app_init ] --END-- [ RunTime:0.000271s ]

[ 2017-01-16T11:23:51+08:00 ] 117.22.24.108 /cnconsum/Admin/Main/settle
INFO: [ app_init ] --START--
INFO: Run Behavior\BuildLiteBehavior [ RunTime:0.000014s ]
INFO: [ app_init ] --END-- [ RunTime:0.000257s ]

[ 2017-01-16T11:23:52+08:00 ] 117.22.24.108 /cnconsum/Admin/Main/auditing
INFO: [ app_init ] --START--
INFO: Run Behavior\BuildLiteBehavior [ RunTime:0.000013s ]
INFO: [ app_init ] --END-- [ RunTime:0.000256s ]

[ 2017-01-16T11:23:53+08:00 ] 117.22.24.108 /cnconsum/Admin/Main/audited
INFO: [ app_init ] --START--
INFO: Run Behavior\BuildLiteBehavior [ RunTime:0.000014s ]
INFO: [ app_init ] --END-- [ RunTime:0.000311s ]

[ 2017-01-16T11:26:49+08:00 ] 117.22.24.108 /cnconsum/Admin/Index/login
INFO: [ app_init ] --START--
INFO: Run Behavior\BuildLiteBehavior [ RunTime:0.000021s ]
INFO: [ app_init ] --END-- [ RunTime:0.000386s ]

[ 2017-01-16T11:28:26+08:00 ] 117.22.24.108 /cnconsum/Admin/Index/login
INFO: [ app_init ] --START--
INFO: Run Behavior\BuildLiteBehavior [ RunTime:0.000019s ]
INFO: [ app_init ] --END-- [ RunTime:0.000295s ]

[ 2017-01-16T11:28:36+08:00 ] 117.22.24.108 /cnconsum/Admin/Index/login
INFO: [ app_init ] --START--
INFO: Run Behavior\BuildLiteBehavior [ RunTime:0.000020s ]
INFO: [ app_init ] --END-- [ RunTime:0.000418s ]

[ 2017-01-16T11:29:16+08:00 ] 117.22.24.108 /cnconsum/Admin/Index/login
INFO: [ app_init ] --START--
INFO: Run Behavior\BuildLiteBehavior [ RunTime:0.000013s ]
INFO: [ app_init ] --END-- [ RunTime:0.000336s ]

[ 2017-01-16T11:29:49+08:00 ] 117.22.24.108 /cnconsum/Admin/Index/login
INFO: [ app_init ] --START--
INFO: Run Behavior\BuildLiteBehavior [ RunTime:0.000014s ]
INFO: [ app_init ] --END-- [ RunTime:0.000271s ]

[ 2017-01-16T11:30:30+08:00 ] 117.22.24.108 /cnconsum/Admin/Index/login
INFO: [ app_init ] --START--
INFO: Run Behavior\BuildLiteBehavior [ RunTime:0.000014s ]
INFO: [ app_init ] --END-- [ RunTime:0.000272s ]

[ 2017-01-16T11:31:10+08:00 ] 117.22.24.108 /cnconsum/Admin/Index/login
INFO: [ app_init ] --START--
INFO: Run Behavior\BuildLiteBehavior [ RunTime:0.000013s ]
INFO: [ app_init ] --END-- [ RunTime:0.000254s ]

[ 2017-01-16T11:31:11+08:00 ] 117.22.24.108 /cnconsum/Admin/Index/login
INFO: [ app_init ] --START--
INFO: Run Behavior\BuildLiteBehavior [ RunTime:0.000017s ]
INFO: [ app_init ] --END-- [ RunTime:0.000304s ]

[ 2017-01-16T11:31:11+08:00 ] 117.22.24.108 /cnconsum/Admin/Index/login
INFO: [ app_init ] --START--
INFO: Run Behavior\BuildLiteBehavior [ RunTime:0.000019s ]
INFO: [ app_init ] --END-- [ RunTime:0.000296s ]

[ 2017-01-16T11:31:12+08:00 ] 117.22.24.108 /cnconsum/Admin/Index/login
INFO: [ app_init ] --START--
INFO: Run Behavior\BuildLiteBehavior [ RunTime:0.000017s ]
INFO: [ app_init ] --END-- [ RunTime:0.000412s ]

[ 2017-01-16T11:31:12+08:00 ] 117.22.24.108 /cnconsum/Admin/Index/login
INFO: [ app_init ] --START--
INFO: Run Behavior\BuildLiteBehavior [ RunTime:0.000017s ]
INFO: [ app_init ] --END-- [ RunTime:0.000412s ]

[ 2017-01-16T11:31:19+08:00 ] 117.22.24.108 /cnconsum/Admin/Index/login
INFO: [ app_init ] --START--
INFO: Run Behavior\BuildLiteBehavior [ RunTime:0.000014s ]
INFO: [ app_init ] --END-- [ RunTime:0.000388s ]

[ 2017-01-16T11:31:22+08:00 ] 117.22.24.108 /cnconsum/Admin/Index/login
INFO: [ app_init ] --START--
INFO: Run Behavior\BuildLiteBehavior [ RunTime:0.000014s ]
INFO: [ app_init ] --END-- [ RunTime:0.000269s ]

[ 2017-01-16T11:31:56+08:00 ] 117.22.24.108 /cnconsum/Admin/Index/login
INFO: [ app_init ] --START--
INFO: Run Behavior\BuildLiteBehavior [ RunTime:0.000019s ]
INFO: [ app_init ] --END-- [ RunTime:0.000290s ]

[ 2017-01-16T11:32:19+08:00 ] 117.22.24.108 /cnconsum/Admin/Index/login
INFO: [ app_init ] --START--
INFO: Run Behavior\BuildLiteBehavior [ RunTime:0.000014s ]
INFO: [ app_init ] --END-- [ RunTime:0.000266s ]

[ 2017-01-16T11:34:21+08:00 ] 117.22.24.108 /cnconsum/Admin/Index/login
INFO: [ app_init ] --START--
INFO: Run Behavior\BuildLiteBehavior [ RunTime:0.000015s ]
INFO: [ app_init ] --END-- [ RunTime:0.000266s ]

[ 2017-01-16T11:35:23+08:00 ] 117.22.24.108 /cnconsum/Admin/Index/login
INFO: [ app_init ] --START--
INFO: Run Behavior\BuildLiteBehavior [ RunTime:0.000017s ]
INFO: [ app_init ] --END-- [ RunTime:0.000321s ]

[ 2017-01-16T11:36:25+08:00 ] 117.22.24.108 /cnconsum/Admin/Index/login
INFO: [ app_init ] --START--
INFO: Run Behavior\BuildLiteBehavior [ RunTime:0.000014s ]
INFO: [ app_init ] --END-- [ RunTime:0.000295s ]

[ 2017-01-16T11:37:51+08:00 ] 117.22.24.108 /cnconsum/Admin/Index/login
INFO: [ app_init ] --START--
INFO: Run Behavior\BuildLiteBehavior [ RunTime:0.000014s ]
INFO: [ app_init ] --END-- [ RunTime:0.000282s ]

[ 2017-01-16T11:38:38+08:00 ] 117.22.24.108 /cnconsum/Admin/Index/login
INFO: [ app_init ] --START--
INFO: Run Behavior\BuildLiteBehavior [ RunTime:0.000012s ]
INFO: [ app_init ] --END-- [ RunTime:0.000287s ]

[ 2017-01-16T11:40:09+08:00 ] 117.22.24.108 /cnconsum/Admin/Index/login
INFO: [ app_init ] --START--
INFO: Run Behavior\BuildLiteBehavior [ RunTime:0.000014s ]
INFO: [ app_init ] --END-- [ RunTime:0.000253s ]

[ 2017-01-16T11:40:24+08:00 ] 117.22.24.108 /cnconsum/Admin/Index/login
INFO: [ app_init ] --START--
INFO: Run Behavior\BuildLiteBehavior [ RunTime:0.000019s ]
INFO: [ app_init ] --END-- [ RunTime:0.000297s ]

[ 2017-01-16T11:40:40+08:00 ] 117.22.24.108 /cnconsum/Admin/Index/login
INFO: [ app_init ] --START--
INFO: Run Behavior\BuildLiteBehavior [ RunTime:0.000013s ]
INFO: [ app_init ] --END-- [ RunTime:0.000262s ]

[ 2017-01-16T11:40:58+08:00 ] 117.22.24.108 /cnconsum/Admin/Index/login
INFO: [ app_init ] --START--
INFO: Run Behavior\BuildLiteBehavior [ RunTime:0.000013s ]
INFO: [ app_init ] --END-- [ RunTime:0.000260s ]

[ 2017-01-16T11:41:11+08:00 ] 117.22.24.108 /cnconsum/Admin/Index/login
INFO: [ app_init ] --START--
INFO: Run Behavior\BuildLiteBehavior [ RunTime:0.000014s ]
INFO: [ app_init ] --END-- [ RunTime:0.000286s ]

[ 2017-01-16T11:41:20+08:00 ] 117.22.24.108 /cnconsum/Admin/Index/login
INFO: [ app_init ] --START--
INFO: Run Behavior\BuildLiteBehavior [ RunTime:0.000017s ]
INFO: [ app_init ] --END-- [ RunTime:0.000333s ]

[ 2017-01-16T11:47:24+08:00 ] 117.22.24.108 /cnconsum/Admin/Main/settle
INFO: [ app_init ] --START--
INFO: Run Behavior\BuildLiteBehavior [ RunTime:0.000014s ]
INFO: [ app_init ] --END-- [ RunTime:0.000359s ]

[ 2017-01-16T11:47:35+08:00 ] 117.22.24.108 /cnconsum/Admin/Main/settle
INFO: [ app_init ] --START--
INFO: Run Behavior\BuildLiteBehavior [ RunTime:0.000020s ]
INFO: [ app_init ] --END-- [ RunTime:0.000368s ]

[ 2017-01-16T11:47:43+08:00 ] 117.22.24.108 /cnconsum/Admin/Main/auditing
INFO: [ app_init ] --START--
INFO: Run Behavior\BuildLiteBehavior [ RunTime:0.000018s ]
INFO: [ app_init ] --END-- [ RunTime:0.000302s ]

[ 2017-01-16T11:48:34+08:00 ] 117.22.24.108 /cnconsum/Admin/Main/audited
INFO: [ app_init ] --START--
INFO: Run Behavior\BuildLiteBehavior [ RunTime:0.000013s ]
INFO: [ app_init ] --END-- [ RunTime:0.000273s ]

[ 2017-01-16T13:04:48+08:00 ] 117.22.24.108 /cnconsum/Admin/Main/auditing
INFO: [ app_init ] --START--
INFO: Run Behavior\BuildLiteBehavior [ RunTime:0.000014s ]
INFO: [ app_init ] --END-- [ RunTime:0.000260s ]

[ 2017-01-16T13:04:49+08:00 ] 117.22.24.108 /cnconsum/Admin/Main/settle
INFO: [ app_init ] --START--
INFO: Run Behavior\BuildLiteBehavior [ RunTime:0.000014s ]
INFO: [ app_init ] --END-- [ RunTime:0.000256s ]

[ 2017-01-16T13:04:51+08:00 ] 117.22.24.108 /cnconsum/Admin/Main/auditing
INFO: [ app_init ] --START--
INFO: Run Behavior\BuildLiteBehavior [ RunTime:0.000039s ]
INFO: [ app_init ] --END-- [ RunTime:0.000335s ]

[ 2017-01-16T13:23:59+08:00 ] 117.22.24.108 /cnconsum/Admin/Index/login
INFO: [ app_init ] --START--
INFO: Run Behavior\BuildLiteBehavior [ RunTime:0.000014s ]
INFO: [ app_init ] --END-- [ RunTime:0.000291s ]

[ 2017-01-16T13:28:41+08:00 ] 117.22.24.108 /cnconsum/Admin/Main/settle
INFO: [ app_init ] --START--
INFO: Run Behavior\BuildLiteBehavior [ RunTime:0.000014s ]
INFO: [ app_init ] --END-- [ RunTime:0.000261s ]

[ 2017-01-16T13:30:11+08:00 ] 117.22.24.108 /cnconsum/Admin/Main/settle
INFO: [ app_init ] --START--
INFO: Run Behavior\BuildLiteBehavior [ RunTime:0.000017s ]
INFO: [ app_init ] --END-- [ RunTime:0.000320s ]

[ 2017-01-16T13:30:15+08:00 ] 117.22.24.108 /cnconsum/Admin/Main/settle
INFO: [ app_init ] --START--
INFO: Run Behavior\BuildLiteBehavior [ RunTime:0.000014s ]
INFO: [ app_init ] --END-- [ RunTime:0.000267s ]

[ 2017-01-16T13:30:15+08:00 ] 117.22.24.108 /cnconsum/Admin/Main/settle
INFO: [ app_init ] --START--
INFO: Run Behavior\BuildLiteBehavior [ RunTime:0.000013s ]
INFO: [ app_init ] --END-- [ RunTime:0.000272s ]

[ 2017-01-16T13:30:16+08:00 ] 117.22.24.108 /cnconsum/Admin/Main/settle
INFO: [ app_init ] --START--
INFO: Run Behavior\BuildLiteBehavior [ RunTime:0.000014s ]
INFO: [ app_init ] --END-- [ RunTime:0.000294s ]

[ 2017-01-16T13:30:16+08:00 ] 117.22.24.108 /cnconsum/Admin/Main/settle
INFO: [ app_init ] --START--
INFO: Run Behavior\BuildLiteBehavior [ RunTime:0.000014s ]
INFO: [ app_init ] --END-- [ RunTime:0.000294s ]

[ 2017-01-16T13:30:16+08:00 ] 117.22.24.108 /cnconsum/Admin/Main/settle
INFO: [ app_init ] --START--
INFO: Run Behavior\BuildLiteBehavior [ RunTime:0.000013s ]
INFO: [ app_init ] --END-- [ RunTime:0.000256s ]

[ 2017-01-16T13:30:17+08:00 ] 117.22.24.108 /cnconsum/Admin/Main/settle
INFO: [ app_init ] --START--
INFO: Run Behavior\BuildLiteBehavior [ RunTime:0.000013s ]
INFO: [ app_init ] --END-- [ RunTime:0.000252s ]

[ 2017-01-16T13:31:10+08:00 ] 117.22.24.108 /cnconsum/Admin/Main/settle
INFO: [ app_init ] --START--
INFO: Run Behavior\BuildLiteBehavior [ RunTime:0.000014s ]
INFO: [ app_init ] --END-- [ RunTime:0.000278s ]

[ 2017-01-16T13:35:46+08:00 ] 117.22.24.108 /cnconsum/Admin/Main/settle
INFO: [ app_init ] --START--
INFO: Run Behavior\BuildLiteBehavior [ RunTime:0.000013s ]
INFO: [ app_init ] --END-- [ RunTime:0.000313s ]

[ 2017-01-16T13:37:14+08:00 ] 117.22.24.108 /cnconsum/Admin/Main/settle
INFO: [ app_init ] --START--
INFO: Run Behavior\BuildLiteBehavior [ RunTime:0.000013s ]
INFO: [ app_init ] --END-- [ RunTime:0.000267s ]

[ 2017-01-16T13:38:08+08:00 ] 117.22.24.108 /cnconsum/Admin/Main/auditing
INFO: [ app_init ] --START--
INFO: Run Behavior\BuildLiteBehavior [ RunTime:0.000020s ]
INFO: [ app_init ] --END-- [ RunTime:0.000308s ]
ERR: 模板不存在:./Project/Admin/View/Main/auditing.html

[ 2017-01-16T13:39:07+08:00 ] 117.22.24.108 /cnconsum/Admin/Main/settle
INFO: [ app_init ] --START--
INFO: Run Behavior\BuildLiteBehavior [ RunTime:0.000014s ]
INFO: [ app_init ] --END-- [ RunTime:0.000280s ]

[ 2017-01-16T13:41:07+08:00 ] 117.22.24.108 /cnconsum/Admin/Main/settle
INFO: [ app_init ] --START--
INFO: Run Behavior\BuildLiteBehavior [ RunTime:0.000016s ]
INFO: [ app_init ] --END-- [ RunTime:0.000304s ]

[ 2017-01-16T13:43:10+08:00 ] 117.22.24.108 /cnconsum/Admin/Main/index
INFO: [ app_init ] --START--
INFO: Run Behavior\BuildLiteBehavior [ RunTime:0.000022s ]
INFO: [ app_init ] --END-- [ RunTime:0.000265s ]
ERR: 非法操作:index

[ 2017-01-16T13:43:16+08:00 ] 117.22.24.108 /cnconsum/Admin/Main/index
INFO: [ app_init ] --START--
INFO: Run Behavior\BuildLiteBehavior [ RunTime:0.000014s ]
INFO: [ app_init ] --END-- [ RunTime:0.000262s ]
ERR: 非法操作:index

[ 2017-01-16T13:43:31+08:00 ] 183.57.53.197 /cnconsum/Admin/Main/settle
INFO: [ app_init ] --START--
INFO: Run Behavior\BuildLiteBehavior [ RunTime:0.000011s ]
INFO: [ app_init ] --END-- [ RunTime:0.000266s ]

[ 2017-01-16T13:43:31+08:00 ] 183.57.53.197 /cnconsum/Admin/Main/settle
INFO: [ app_init ] --START--
INFO: Run Behavior\BuildLiteBehavior [ RunTime:0.000013s ]
INFO: [ app_init ] --END-- [ RunTime:0.000261s ]

[ 2017-01-16T13:43:54+08:00 ] 117.22.24.108 /cnconsum/Admin/Main/settle
INFO: [ app_init ] --START--
INFO: Run Behavior\BuildLiteBehavior [ RunTime:0.000017s ]
INFO: [ app_init ] --END-- [ RunTime:0.000304s ]

[ 2017-01-16T13:44:14+08:00 ] 101.226.66.177 /cnconsum/admin/main/settle
INFO: [ app_init ] --START--
INFO: Run Behavior\BuildLiteBehavior [ RunTime:0.000013s ]
INFO: [ app_init ] --END-- [ RunTime:0.000272s ]

[ 2017-01-16T13:45:23+08:00 ] 117.22.24.108 /cnconsum/Admin/Main/settle
INFO: [ app_init ] --START--
INFO: Run Behavior\BuildLiteBehavior [ RunTime:0.000014s ]
INFO: [ app_init ] --END-- [ RunTime:0.000357s ]

[ 2017-01-16T13:45:26+08:00 ] 117.22.24.108 /cnconsum/Admin/Main/settle
INFO: [ app_init ] --START--
INFO: Run Behavior\BuildLiteBehavior [ RunTime:0.000014s ]
INFO: [ app_init ] --END-- [ RunTime:0.000299s ]

[ 2017-01-16T13:48:05+08:00 ] 117.22.24.108 /cnconsum/Admin/Main/settle
INFO: [ app_init ] --START--
INFO: Run Behavior\BuildLiteBehavior [ RunTime:0.000013s ]
INFO: [ app_init ] --END-- [ RunTime:0.000263s ]

[ 2017-01-16T13:48:07+08:00 ] 117.22.24.108 /cnconsum/Admin/Main/auditing
INFO: [ app_init ] --START--
INFO: Run Behavior\BuildLiteBehavior [ RunTime:0.000013s ]
INFO: [ app_init ] --END-- [ RunTime:0.000262s ]

[ 2017-01-16T13:49:29+08:00 ] 117.22.24.108 /cnconsum/Admin/Main/auditing
INFO: [ app_init ] --START--
INFO: Run Behavior\BuildLiteBehavior [ RunTime:0.000014s ]
INFO: [ app_init ] --END-- [ RunTime:0.000282s ]

[ 2017-01-16T13:49:30+08:00 ] 117.22.24.108 /cnconsum/Admin/Main/auditing
INFO: [ app_init ] --START--
INFO: Run Behavior\BuildLiteBehavior [ RunTime:0.000013s ]
INFO: [ app_init ] --END-- [ RunTime:0.000280s ]

[ 2017-01-16T13:49:33+08:00 ] 117.22.24.108 /cnconsum/Admin/Main/auditing
INFO: [ app_init ] --START--
INFO: Run Behavior\BuildLiteBehavior [ RunTime:0.000013s ]
INFO: [ app_init ] --END-- [ RunTime:0.000277s ]

[ 2017-01-16T13:49:36+08:00 ] 117.22.24.108 /cnconsum/Admin/Main/audited
INFO: [ app_init ] --START--
INFO: Run Behavior\BuildLiteBehavior [ RunTime:0.000014s ]
INFO: [ app_init ] --END-- [ RunTime:0.000283s ]
ERR: 模板不存在:./Project/Admin/View/Main/audited.html

[ 2017-01-16T13:49:57+08:00 ] 117.22.24.108 /cnconsum/Admin/Main/auditing
INFO: [ app_init ] --START--
INFO: Run Behavior\BuildLiteBehavior [ RunTime:0.000014s ]
INFO: [ app_init ] --END-- [ RunTime:0.000260s ]

[ 2017-01-16T13:49:58+08:00 ] 117.22.24.108 /cnconsum/Admin/Main/auditing
INFO: [ app_init ] --START--
INFO: Run Behavior\BuildLiteBehavior [ RunTime:0.000019s ]
INFO: [ app_init ] --END-- [ RunTime:0.000291s ]

[ 2017-01-16T13:50:01+08:00 ] 117.22.24.108 /cnconsum/Admin/Main/set
INFO: [ app_init ] --START--
INFO: Run Behavior\BuildLiteBehavior [ RunTime:0.000019s ]
INFO: [ app_init ] --END-- [ RunTime:0.000306s ]
ERR: 非法操作:set

[ 2017-01-16T13:50:12+08:00 ] 117.22.24.108 /cnconsum/Admin/Main/audited
INFO: [ app_init ] --START--
INFO: Run Behavior\BuildLiteBehavior [ RunTime:0.000013s ]
INFO: [ app_init ] --END-- [ RunTime:0.000275s ]

[ 2017-01-16T13:50:15+08:00 ] 117.22.24.108 /cnconsum/Admin/Main/search.html
INFO: [ app_init ] --START--
INFO: Run Behavior\BuildLiteBehavior [ RunTime:0.000014s ]
INFO: [ app_init ] --END-- [ RunTime:0.000273s ]
ERR: 非法操作:search

[ 2017-01-16T13:50:16+08:00 ] 180.153.206.24 /cnconsum/Admin/Main/set
INFO: [ app_init ] --START--
INFO: Run Behavior\BuildLiteBehavior [ RunTime:0.000017s ]
INFO: [ app_init ] --END-- [ RunTime:0.000334s ]
ERR: 非法操作:set

[ 2017-01-16T13:50:31+08:00 ] 101.226.33.225 /cnconsum/Admin/Main/search.html
INFO: [ app_init ] --START--
INFO: Run Behavior\BuildLiteBehavior [ RunTime:0.000014s ]
INFO: [ app_init ] --END-- [ RunTime:0.000361s ]
ERR: 非法操作:search

[ 2017-01-16T13:51:11+08:00 ] 117.22.24.108 /cnconsum/Admin/Main/audited
INFO: [ app_init ] --START--
INFO: Run Behavior\BuildLiteBehavior [ RunTime:0.000014s ]
INFO: [ app_init ] --END-- [ RunTime:0.000262s ]

[ 2017-01-16T13:51:14+08:00 ] 117.22.24.108 /cnconsum/Admin/Main/settle
INFO: [ app_init ] --START--
INFO: Run Behavior\BuildLiteBehavior [ RunTime:0.000014s ]
INFO: [ app_init ] --END-- [ RunTime:0.000292s ]

[ 2017-01-16T13:51:17+08:00 ] 117.22.24.108 /cnconsum/Admin/Main/auditing
INFO: [ app_init ] --START--
INFO: Run Behavior\BuildLiteBehavior [ RunTime:0.000025s ]
INFO: [ app_init ] --END-- [ RunTime:0.000281s ]

[ 2017-01-16T13:51:18+08:00 ] 117.22.24.108 /cnconsum/Admin/Main/audited
INFO: [ app_init ] --START--
INFO: Run Behavior\BuildLiteBehavior [ RunTime:0.000026s ]
INFO: [ app_init ] --END-- [ RunTime:0.000314s ]

[ 2017-01-16T13:54:27+08:00 ] 117.22.24.108 /cnconsum/Admin/Main/audited
INFO: [ app_init ] --START--
INFO: Run Behavior\BuildLiteBehavior [ RunTime:0.000013s ]
INFO: [ app_init ] --END-- [ RunTime:0.000260s ]

[ 2017-01-16T13:55:04+08:00 ] 117.22.24.108 /cnconsum/Admin/Main/auditing
INFO: [ app_init ] --START--
INFO: Run Behavior\BuildLiteBehavior [ RunTime:0.000013s ]
INFO: [ app_init ] --END-- [ RunTime:0.000273s ]

[ 2017-01-16T13:59:46+08:00 ] 117.22.24.108 /cnconsum/Admin/Main/auditing
INFO: [ app_init ] --START--
INFO: Run Behavior\BuildLiteBehavior [ RunTime:0.000013s ]
INFO: [ app_init ] --END-- [ RunTime:0.000256s ]

[ 2017-01-16T13:59:49+08:00 ] 117.22.24.108 /cnconsum/Admin/Main/auditing
INFO: [ app_init ] --START--
INFO: Run Behavior\BuildLiteBehavior [ RunTime:0.000013s ]
INFO: [ app_init ] --END-- [ RunTime:0.000268s ]

[ 2017-01-16T13:59:51+08:00 ] 117.22.24.108 /cnconsum/Admin/Main/settle
INFO: [ app_init ] --START--
INFO: Run Behavior\BuildLiteBehavior [ RunTime:0.000014s ]
INFO: [ app_init ] --END-- [ RunTime:0.000297s ]

[ 2017-01-16T13:59:53+08:00 ] 117.22.24.108 /cnconsum/Admin/Main/off
INFO: [ app_init ] --START--
INFO: Run Behavior\BuildLiteBehavior [ RunTime:0.000015s ]
INFO: [ app_init ] --END-- [ RunTime:0.000279s ]
ERR: 非法操作:off

[ 2017-01-16T14:00:03+08:00 ] 180.153.214.192 /cnconsum/Admin/Main/off
INFO: [ app_init ] --START--
INFO: Run Behavior\BuildLiteBehavior [ RunTime:0.000016s ]
INFO: [ app_init ] --END-- [ RunTime:0.000375s ]
ERR: 非法操作:off

[ 2017-01-16T14:01:58+08:00 ] 117.22.24.108 /cnconsum/Admin/Main/settle
INFO: [ app_init ] --START--
INFO: Run Behavior\BuildLiteBehavior [ RunTime:0.000019s ]
INFO: [ app_init ] --END-- [ RunTime:0.000315s ]

[ 2017-01-16T14:02:00+08:00 ] 117.22.24.108 /cnconsum/Admin/Main/auditing
INFO: [ app_init ] --START--
INFO: Run Behavior\BuildLiteBehavior [ RunTime:0.000013s ]
INFO: [ app_init ] --END-- [ RunTime:0.000304s ]

[ 2017-01-16T14:02:01+08:00 ] 117.22.24.108 /cnconsum/Admin/Main/audited
INFO: [ app_init ] --START--
INFO: Run Behavior\BuildLiteBehavior [ RunTime:0.000020s ]
INFO: [ app_init ] --END-- [ RunTime:0.000400s ]

[ 2017-01-16T14:02:02+08:00 ] 117.22.24.108 /cnconsum/Admin/Main/settle
INFO: [ app_init ] --START--
INFO: Run Behavior\BuildLiteBehavior [ RunTime:0.000014s ]
INFO: [ app_init ] --END-- [ RunTime:0.000332s ]

[ 2017-01-16T14:02:03+08:00 ] 117.22.24.108 /cnconsum/Admin/Main/auditing
INFO: [ app_init ] --START--
INFO: Run Behavior\BuildLiteBehavior [ RunTime:0.000014s ]
INFO: [ app_init ] --END-- [ RunTime:0.000266s ]

[ 2017-01-16T14:02:03+08:00 ] 117.22.24.108 /cnconsum/Admin/Main/audited
INFO: [ app_init ] --START--
INFO: Run Behavior\BuildLiteBehavior [ RunTime:0.000021s ]
INFO: [ app_init ] --END-- [ RunTime:0.000305s ]

[ 2017-01-16T14:02:05+08:00 ] 117.22.24.108 /cnconsum/Admin/Main/settle
INFO: [ app_init ] --START--
INFO: Run Behavior\BuildLiteBehavior [ RunTime:0.000019s ]
INFO: [ app_init ] --END-- [ RunTime:0.000370s ]

[ 2017-01-16T14:02:06+08:00 ] 117.22.24.108 /cnconsum/Admin/Main/auditing
INFO: [ app_init ] --START--
INFO: Run Behavior\BuildLiteBehavior [ RunTime:0.000013s ]
INFO: [ app_init ] --END-- [ RunTime:0.000256s ]

[ 2017-01-16T14:02:06+08:00 ] 117.22.24.108 /cnconsum/Admin/Main/audited
INFO: [ app_init ] --START--
INFO: Run Behavior\BuildLiteBehavior [ RunTime:0.000020s ]
INFO: [ app_init ] --END-- [ RunTime:0.000439s ]

[ 2017-01-16T14:16:30+08:00 ] 117.22.24.108 /cnconsum/Admin/Main/auditing
INFO: [ app_init ] --START--
INFO: Run Behavior\BuildLiteBehavior [ RunTime:0.000014s ]
INFO: [ app_init ] --END-- [ RunTime:0.000258s ]

[ 2017-01-16T14:16:30+08:00 ] 117.22.24.108 /cnconsum/Admin/Main/auditing
INFO: [ app_init ] --START--
INFO: Run Behavior\BuildLiteBehavior [ RunTime:0.000015s ]
INFO: [ app_init ] --END-- [ RunTime:0.000265s ]

[ 2017-01-16T14:16:32+08:00 ] 117.22.24.108 /cnconsum/Admin/Main/settle
INFO: [ app_init ] --START--
INFO: Run Behavior\BuildLiteBehavior [ RunTime:0.000013s ]
INFO: [ app_init ] --END-- [ RunTime:0.000255s ]

[ 2017-01-16T14:16:33+08:00 ] 117.22.24.108 /cnconsum/Admin/Main/auditing
INFO: [ app_init ] --START--
INFO: Run Behavior\BuildLiteBehavior [ RunTime:0.000014s ]
INFO: [ app_init ] --END-- [ RunTime:0.000278s ]

[ 2017-01-16T14:16:34+08:00 ] 117.22.24.108 /cnconsum/Admin/Main/settle
INFO: [ app_init ] --START--
INFO: Run Behavior\BuildLiteBehavior [ RunTime:0.000019s ]
INFO: [ app_init ] --END-- [ RunTime:0.000307s ]

[ 2017-01-16T15:14:11+08:00 ] 117.22.24.108 /cnconsum/Admin/Main/auditing
INFO: [ app_init ] --START--
INFO: Run Behavior\BuildLiteBehavior [ RunTime:0.000013s ]
INFO: [ app_init ] --END-- [ RunTime:0.000264s ]

[ 2017-01-16T15:14:12+08:00 ] 117.22.24.108 /cnconsum/Admin/Main/auditing
INFO: [ app_init ] --START--
INFO: Run Behavior\BuildLiteBehavior [ RunTime:0.000014s ]
INFO: [ app_init ] --END-- [ RunTime:0.000330s ]

[ 2017-01-16T15:14:35+08:00 ] 117.22.24.108 /cnconsum/Admin/Main/auditing
INFO: [ app_init ] --START--
INFO: Run Behavior\BuildLiteBehavior [ RunTime:0.000014s ]
INFO: [ app_init ] --END-- [ RunTime:0.000265s ]

[ 2017-01-16T15:14:38+08:00 ] 117.22.24.108 /cnconsum/Admin/Main/settle
INFO: [ app_init ] --START--
INFO: Run Behavior\BuildLiteBehavior [ RunTime:0.000017s ]
INFO: [ app_init ] --END-- [ RunTime:0.000314s ]

[ 2017-01-16T15:14:40+08:00 ] 117.22.24.108 /cnconsum/Admin/Main/auditing
INFO: [ app_init ] --START--
INFO: Run Behavior\BuildLiteBehavior [ RunTime:0.000014s ]
INFO: [ app_init ] --END-- [ RunTime:0.000279s ]

[ 2017-01-16T15:14:41+08:00 ] 117.22.24.108 /cnconsum/Admin/Main/audited
INFO: [ app_init ] --START--
INFO: Run Behavior\BuildLiteBehavior [ RunTime:0.000019s ]
INFO: [ app_init ] --END-- [ RunTime:0.000352s ]

[ 2017-01-16T15:23:07+08:00 ] 117.22.24.108 /cnconsum/Admin/Main/auditing
INFO: [ app_init ] --START--
INFO: Run Behavior\BuildLiteBehavior [ RunTime:0.000013s ]
INFO: [ app_init ] --END-- [ RunTime:0.000263s ]

[ 2017-01-16T15:23:49+08:00 ] 117.22.24.108 /cnconsum/Admin/Main/settle
INFO: [ app_init ] --START--
INFO: Run Behavior\BuildLiteBehavior [ RunTime:0.000014s ]
INFO: [ app_init ] --END-- [ RunTime:0.000284s ]

[ 2017-01-16T15:25:08+08:00 ] 117.22.24.108 /cnconsum/Admin/Main/auditing
INFO: [ app_init ] --START--
INFO: Run Behavior\BuildLiteBehavior [ RunTime:0.000014s ]
INFO: [ app_init ] --END-- [ RunTime:0.000289s ]

[ 2017-01-16T15:25:09+08:00 ] 117.22.24.108 /cnconsum/Admin/Main/audited
INFO: [ app_init ] --START--
INFO: Run Behavior\BuildLiteBehavior [ RunTime:0.000014s ]
INFO: [ app_init ] --END-- [ RunTime:0.000298s ]

[ 2017-01-16T15:25:10+08:00 ] 117.22.24.108 /cnconsum/Admin/Main/auditing
INFO: [ app_init ] --START--
INFO: Run Behavior\BuildLiteBehavior [ RunTime:0.000019s ]
INFO: [ app_init ] --END-- [ RunTime:0.000305s ]

[ 2017-01-16T15:25:22+08:00 ] 117.22.24.108 /cnconsum/Admin/Main/settle
INFO: [ app_init ] --START--
INFO: Run Behavior\BuildLiteBehavior [ RunTime:0.000013s ]
INFO: [ app_init ] --END-- [ RunTime:0.000266s ]

[ 2017-01-16T15:26:17+08:00 ] 117.22.24.108 /cnconsum/Admin/Main/auditing
INFO: [ app_init ] --START--
INFO: Run Behavior\BuildLiteBehavior [ RunTime:0.000014s ]
INFO: [ app_init ] --END-- [ RunTime:0.000292s ]

[ 2017-01-16T15:26:18+08:00 ] 117.22.24.108 /cnconsum/Admin/Main/audited
INFO: [ app_init ] --START--
INFO: Run Behavior\BuildLiteBehavior [ RunTime:0.000016s ]
INFO: [ app_init ] --END-- [ RunTime:0.000281s ]

[ 2017-01-16T15:26:19+08:00 ] 117.22.24.108 /cnconsum/Admin/Main/auditing
INFO: [ app_init ] --START--
INFO: Run Behavior\BuildLiteBehavior [ RunTime:0.000020s ]
INFO: [ app_init ] --END-- [ RunTime:0.000286s ]

[ 2017-01-16T15:26:20+08:00 ] 117.22.24.108 /cnconsum/Admin/Main/settle
INFO: [ app_init ] --START--
INFO: Run Behavior\BuildLiteBehavior [ RunTime:0.000012s ]
INFO: [ app_init ] --END-- [ RunTime:0.000311s ]

[ 2017-01-16T15:37:54+08:00 ] 117.22.24.108 /cnconsum/Admin/Main/auditing
INFO: [ app_init ] --START--
INFO: Run Behavior\BuildLiteBehavior [ RunTime:0.000014s ]
INFO: [ app_init ] --END-- [ RunTime:0.000287s ]

[ 2017-01-16T15:37:59+08:00 ] 117.22.24.108 /cnconsum/Admin/Main/settle
INFO: [ app_init ] --START--
INFO: Run Behavior\BuildLiteBehavior [ RunTime:0.000013s ]
INFO: [ app_init ] --END-- [ RunTime:0.000258s ]

[ 2017-01-16T15:38:20+08:00 ] 117.22.24.108 /cnconsum/Admin/Main/auditing
INFO: [ app_init ] --START--
INFO: Run Behavior\BuildLiteBehavior [ RunTime:0.000013s ]
INFO: [ app_init ] --END-- [ RunTime:0.000261s ]

[ 2017-01-16T15:38:22+08:00 ] 117.22.24.108 /cnconsum/Admin/Main/audited
INFO: [ app_init ] --START--
INFO: Run Behavior\BuildLiteBehavior [ RunTime:0.000013s ]
INFO: [ app_init ] --END-- [ RunTime:0.000259s ]

[ 2017-01-16T15:38:23+08:00 ] 117.22.24.108 /cnconsum/Admin/Main/auditing
INFO: [ app_init ] --START--
INFO: Run Behavior\BuildLiteBehavior [ RunTime:0.000014s ]
INFO: [ app_init ] --END-- [ RunTime:0.000259s ]

[ 2017-01-16T15:38:24+08:00 ] 117.22.24.108 /cnconsum/Admin/Main/audited
INFO: [ app_init ] --START--
INFO: Run Behavior\BuildLiteBehavior [ RunTime:0.000020s ]
INFO: [ app_init ] --END-- [ RunTime:0.000318s ]

[ 2017-01-16T15:38:25+08:00 ] 117.22.24.108 /cnconsum/Admin/Main/settle
INFO: [ app_init ] --START--
INFO: Run Behavior\BuildLiteBehavior [ RunTime:0.000013s ]
INFO: [ app_init ] --END-- [ RunTime:0.000258s ]

[ 2017-01-16T15:38:26+08:00 ] 117.22.24.108 /cnconsum/Admin/Main/auditing
INFO: [ app_init ] --START--
INFO: Run Behavior\BuildLiteBehavior [ RunTime:0.000013s ]
INFO: [ app_init ] --END-- [ RunTime:0.000299s ]

[ 2017-01-16T15:38:27+08:00 ] 117.22.24.108 /cnconsum/Admin/Main/audited
INFO: [ app_init ] --START--
INFO: Run Behavior\BuildLiteBehavior [ RunTime:0.000014s ]
INFO: [ app_init ] --END-- [ RunTime:0.000294s ]

[ 2017-01-16T15:38:27+08:00 ] 117.22.24.108 /cnconsum/Admin/Main/auditing
INFO: [ app_init ] --START--
INFO: Run Behavior\BuildLiteBehavior [ RunTime:0.000014s ]
INFO: [ app_init ] --END-- [ RunTime:0.000284s ]

[ 2017-01-16T15:38:28+08:00 ] 117.22.24.108 /cnconsum/Admin/Main/audited
INFO: [ app_init ] --START--
INFO: Run Behavior\BuildLiteBehavior [ RunTime:0.000015s ]
INFO: [ app_init ] --END-- [ RunTime:0.000342s ]

[ 2017-01-16T15:39:04+08:00 ] 117.22.24.108 /cnconsum/Admin/Main/settle
INFO: [ app_init ] --START--
INFO: Run Behavior\BuildLiteBehavior [ RunTime:0.000014s ]
INFO: [ app_init ] --END-- [ RunTime:0.000282s ]

[ 2017-01-16T15:39:18+08:00 ] 117.22.24.108 /cnconsum/Admin/Main/auditing
INFO: [ app_init ] --START--
INFO: Run Behavior\BuildLiteBehavior [ RunTime:0.000013s ]
INFO: [ app_init ] --END-- [ RunTime:0.000259s ]

[ 2017-01-16T15:40:21+08:00 ] 117.22.24.108 /cnconsum/Admin/Main/settle
INFO: [ app_init ] --START--
INFO: Run Behavior\BuildLiteBehavior [ RunTime:0.000017s ]
INFO: [ app_init ] --END-- [ RunTime:0.000414s ]

[ 2017-01-16T16:12:28+08:00 ] 117.22.24.108 /cnconsum/Admin/Main/settle
INFO: [ app_init ] --START--
INFO: Run Behavior\BuildLiteBehavior [ RunTime:0.000014s ]
INFO: [ app_init ] --END-- [ RunTime:0.000278s ]

[ 2017-01-16T16:13:01+08:00 ] 117.22.24.108 /cnconsum/Admin/Main/settle
INFO: [ app_init ] --START--
INFO: Run Behavior\BuildLiteBehavior [ RunTime:0.000018s ]
INFO: [ app_init ] --END-- [ RunTime:0.000269s ]

[ 2017-01-16T16:13:23+08:00 ] 117.22.24.108 /cnconsum/Admin/Main/settle
INFO: [ app_init ] --START--
INFO: Run Behavior\BuildLiteBehavior [ RunTime:0.000025s ]
INFO: [ app_init ] --END-- [ RunTime:0.000491s ]

[ 2017-01-16T16:13:35+08:00 ] 117.22.24.108 /cnconsum/Admin/Main/auditing
INFO: [ app_init ] --START--
INFO: Run Behavior\BuildLiteBehavior [ RunTime:0.000013s ]
INFO: [ app_init ] --END-- [ RunTime:0.000265s ]

[ 2017-01-16T16:13:37+08:00 ] 117.22.24.108 /cnconsum/Admin/Main/settle
INFO: [ app_init ] --START--
INFO: Run Behavior\BuildLiteBehavior [ RunTime:0.000014s ]
INFO: [ app_init ] --END-- [ RunTime:0.000290s ]

[ 2017-01-16T16:13:41+08:00 ] 117.22.24.108 /cnconsum/Admin/Main/auditing
INFO: [ app_init ] --START--
INFO: Run Behavior\BuildLiteBehavior [ RunTime:0.000014s ]
INFO: [ app_init ] --END-- [ RunTime:0.000271s ]

[ 2017-01-16T16:13:43+08:00 ] 117.22.24.108 /cnconsum/Admin/Main/settle
INFO: [ app_init ] --START--
INFO: Run Behavior\BuildLiteBehavior [ RunTime:0.000014s ]
INFO: [ app_init ] --END-- [ RunTime:0.000263s ]

[ 2017-01-16T16:14:14+08:00 ] 117.22.24.108 /cnconsum/Admin/Main/settle
INFO: [ app_init ] --START--
INFO: Run Behavior\BuildLiteBehavior [ RunTime:0.000029s ]
INFO: [ app_init ] --END-- [ RunTime:0.000450s ]

[ 2017-01-16T16:14:21+08:00 ] 117.22.24.108 /cnconsum/Admin/Main/auditing
INFO: [ app_init ] --START--
INFO: Run Behavior\BuildLiteBehavior [ RunTime:0.000018s ]
INFO: [ app_init ] --END-- [ RunTime:0.000346s ]

[ 2017-01-16T16:14:22+08:00 ] 117.22.24.108 /cnconsum/Admin/Main/audited
INFO: [ app_init ] --START--
INFO: Run Behavior\BuildLiteBehavior [ RunTime:0.000024s ]
INFO: [ app_init ] --END-- [ RunTime:0.000277s ]

[ 2017-01-16T16:14:23+08:00 ] 117.22.24.108 /cnconsum/Admin/Main/auditing
INFO: [ app_init ] --START--
INFO: Run Behavior\BuildLiteBehavior [ RunTime:0.000013s ]
INFO: [ app_init ] --END-- [ RunTime:0.000291s ]

[ 2017-01-16T16:14:24+08:00 ] 117.22.24.108 /cnconsum/Admin/Main/settle
INFO: [ app_init ] --START--
INFO: Run Behavior\BuildLiteBehavior [ RunTime:0.000018s ]
INFO: [ app_init ] --END-- [ RunTime:0.000287s ]

[ 2017-01-16T16:15:13+08:00 ] 117.22.24.108 /cnconsum/Admin/Main/auditing
INFO: [ app_init ] --START--
INFO: Run Behavior\BuildLiteBehavior [ RunTime:0.000013s ]
INFO: [ app_init ] --END-- [ RunTime:0.000322s ]

[ 2017-01-16T16:15:14+08:00 ] 117.22.24.108 /cnconsum/Admin/Main/settle
INFO: [ app_init ] --START--
INFO: Run Behavior\BuildLiteBehavior [ RunTime:0.000013s ]
INFO: [ app_init ] --END-- [ RunTime:0.000310s ]

[ 2017-01-16T16:15:17+08:00 ] 117.22.24.108 /cnconsum/Admin/Main/auditing
INFO: [ app_init ] --START--
INFO: Run Behavior\BuildLiteBehavior [ RunTime:0.000013s ]
INFO: [ app_init ] --END-- [ RunTime:0.000259s ]

[ 2017-01-16T16:15:18+08:00 ] 117.22.24.108 /cnconsum/Admin/Main/auditing
INFO: [ app_init ] --START--
INFO: Run Behavior\BuildLiteBehavior [ RunTime:0.000020s ]
INFO: [ app_init ] --END-- [ RunTime:0.000421s ]

[ 2017-01-16T16:15:19+08:00 ] 117.22.24.108 /cnconsum/Admin/Main/settle
INFO: [ app_init ] --START--
INFO: Run Behavior\BuildLiteBehavior [ RunTime:0.000013s ]
INFO: [ app_init ] --END-- [ RunTime:0.000259s ]

[ 2017-01-16T16:15:23+08:00 ] 117.22.24.108 /cnconsum/Admin/Main/auditing
INFO: [ app_init ] --START--
INFO: Run Behavior\BuildLiteBehavior [ RunTime:0.000013s ]
INFO: [ app_init ] --END-- [ RunTime:0.000258s ]

[ 2017-01-16T16:15:25+08:00 ] 117.22.24.108 /cnconsum/Admin/Main/settle
INFO: [ app_init ] --START--
INFO: Run Behavior\BuildLiteBehavior [ RunTime:0.000019s ]
INFO: [ app_init ] --END-- [ RunTime:0.000461s ]

[ 2017-01-16T16:16:38+08:00 ] 117.22.24.108 /cnconsum/Admin/Main/settle
INFO: [ app_init ] --START--
INFO: Run Behavior\BuildLiteBehavior [ RunTime:0.000017s ]
INFO: [ app_init ] --END-- [ RunTime:0.000334s ]

[ 2017-01-16T16:16:48+08:00 ] 117.22.24.108 /cnconsum/Admin/Main/auditing
INFO: [ app_init ] --START--
INFO: Run Behavior\BuildLiteBehavior [ RunTime:0.000026s ]
INFO: [ app_init ] --END-- [ RunTime:0.000482s ]

[ 2017-01-16T16:16:50+08:00 ] 117.22.24.108 /cnconsum/Admin/Main/settle
INFO: [ app_init ] --START--
INFO: Run Behavior\BuildLiteBehavior [ RunTime:0.000019s ]
INFO: [ app_init ] --END-- [ RunTime:0.000312s ]

