[ 2016-11-25T17:45:14+08:00 ] 1.80.219.150 /cnconsum/App/UserType/bank/bound
INFO: [ app_init ] --START--
INFO: Run Behavior\BuildLiteBehavior [ RunTime:0.000024s ]
INFO: [ app_init ] --END-- [ RunTime:0.000441s ]
INFO: [ app_begin ] --START--
INFO: Run Behavior\ReadHtmlCacheBehavior [ RunTime:0.000468s ]
INFO: [ app_begin ] --END-- [ RunTime:0.000534s ]
NOTIC: [2048] Declaration of App\Controller\UserType\BankController::get() should be compatible with Think\Controller::get($name = '') /var/www/html/cnconsum/Project/App/Controller/UserType/BankController.class.php 第 95 行.
SQL: SHOW COLUMNS FROM `cn_user_bank` [ RunTime:0.0008s ]
SQL: SELECT * FROM `cn_user_bank` WHERE `user` = 'u_28105ef407' AND `state` = 'true'  [ RunTime:0.0003s ]
INFO: [ app_end ] --START--
INFO: Run Behavior\ShowPageTraceBehavior [ RunTime:0.000621s ]
INFO: [ app_end ] --END-- [ RunTime:0.000690s ]

[ 2016-11-25T17:45:30+08:00 ] 1.80.219.150 /cnconsum/App/UserType/bank/get
INFO: [ app_init ] --START--
INFO: Run Behavior\BuildLiteBehavior [ RunTime:0.000022s ]
INFO: [ app_init ] --END-- [ RunTime:0.000316s ]
INFO: [ app_begin ] --START--
INFO: Run Behavior\ReadHtmlCacheBehavior [ RunTime:0.000359s ]
INFO: [ app_begin ] --END-- [ RunTime:0.000402s ]
NOTIC: [2048] Declaration of App\Controller\UserType\BankController::get() should be compatible with Think\Controller::get($name = '') /var/www/html/cnconsum/Project/App/Controller/UserType/BankController.class.php 第 95 行.
SQL: SHOW COLUMNS FROM `cn_user_bank` [ RunTime:0.0007s ]
SQL: SELECT * FROM `cn_user_bank` WHERE `user` = 'u_28105ef407'  [ RunTime:0.0004s ]
INFO: [ app_end ] --START--
INFO: Run Behavior\ShowPageTraceBehavior [ RunTime:0.000366s ]
INFO: [ app_end ] --END-- [ RunTime:0.000409s ]

[ 2016-11-25T17:46:01+08:00 ] 1.80.219.150 /cnconsum/App/UserType/bank/add
INFO: [ app_init ] --START--
INFO: Run Behavior\BuildLiteBehavior [ RunTime:0.000024s ]
INFO: [ app_init ] --END-- [ RunTime:0.000391s ]
INFO: [ app_begin ] --START--
INFO: Run Behavior\ReadHtmlCacheBehavior [ RunTime:0.000543s ]
INFO: [ app_begin ] --END-- [ RunTime:0.000602s ]
NOTIC: [2048] Declaration of App\Controller\UserType\BankController::get() should be compatible with Think\Controller::get($name = '') /var/www/html/cnconsum/Project/App/Controller/UserType/BankController.class.php 第 95 行.
SQL: SHOW COLUMNS FROM `cn_user_bank` [ RunTime:0.0007s ]
SQL: SELECT COUNT(*) AS tp_count FROM `cn_user_bank` WHERE `user` = 'u_28105ef407' LIMIT 1   [ RunTime:0.0004s ]
SQL: INSERT INTO `cn_user_bank` (`user`,`name`,`bank`,`number`,`state`) VALUES ('u_28105ef407','科技路','建行','612115513425524885','true') [ RunTime:0.0014s ]
INFO: [ app_end ] --START--
INFO: Run Behavior\ShowPageTraceBehavior [ RunTime:0.000419s ]
INFO: [ app_end ] --END-- [ RunTime:0.000464s ]

[ 2016-11-25T17:46:01+08:00 ] 1.80.219.150 /cnconsum/App/UserType/bank/get
INFO: [ app_init ] --START--
INFO: Run Behavior\BuildLiteBehavior [ RunTime:0.000025s ]
INFO: [ app_init ] --END-- [ RunTime:0.000537s ]
INFO: [ app_begin ] --START--
INFO: Run Behavior\ReadHtmlCacheBehavior [ RunTime:0.000775s ]
INFO: [ app_begin ] --END-- [ RunTime:0.000873s ]
NOTIC: [2048] Declaration of App\Controller\UserType\BankController::get() should be compatible with Think\Controller::get($name = '') /var/www/html/cnconsum/Project/App/Controller/UserType/BankController.class.php 第 95 行.
SQL: SHOW COLUMNS FROM `cn_user_bank` [ RunTime:0.0008s ]
SQL: SELECT * FROM `cn_user_bank` WHERE `user` = 'u_28105ef407'  [ RunTime:0.0004s ]
INFO: [ app_end ] --START--
INFO: Run Behavior\ShowPageTraceBehavior [ RunTime:0.000600s ]
INFO: [ app_end ] --END-- [ RunTime:0.000698s ]

[ 2016-11-25T17:46:04+08:00 ] 1.80.219.150 /cnconsum/App/UserType/user/accountGet
INFO: [ app_init ] --START--
INFO: Run Behavior\BuildLiteBehavior [ RunTime:0.000014s ]
INFO: [ app_init ] --END-- [ RunTime:0.000319s ]
INFO: [ app_begin ] --START--
INFO: Run Behavior\ReadHtmlCacheBehavior [ RunTime:0.000472s ]
INFO: [ app_begin ] --END-- [ RunTime:0.000573s ]
SQL: SHOW COLUMNS FROM `cn_user` [ RunTime:0.0009s ]
SQL: SELECT * FROM `cn_user` WHERE `uuid` = 'u_28105ef407'  [ RunTime:0.0003s ]
INFO: [ app_end ] --START--
INFO: Run Behavior\ShowPageTraceBehavior [ RunTime:0.000722s ]
INFO: [ app_end ] --END-- [ RunTime:0.000774s ]

[ 2016-11-25T17:46:05+08:00 ] 1.80.219.150 /cnconsum/App/UserType/user/accountGet
INFO: [ app_init ] --START--
INFO: Run Behavior\BuildLiteBehavior [ RunTime:0.000015s ]
INFO: [ app_init ] --END-- [ RunTime:0.000370s ]
INFO: [ app_begin ] --START--
INFO: Run Behavior\ReadHtmlCacheBehavior [ RunTime:0.000447s ]
INFO: [ app_begin ] --END-- [ RunTime:0.000552s ]
SQL: SHOW COLUMNS FROM `cn_user` [ RunTime:0.0012s ]
SQL: SELECT * FROM `cn_user` WHERE `uuid` = 'u_28105ef407'  [ RunTime:0.0004s ]
INFO: [ app_end ] --START--
INFO: Run Behavior\ShowPageTraceBehavior [ RunTime:0.000528s ]
INFO: [ app_end ] --END-- [ RunTime:0.000593s ]

[ 2016-11-25T17:46:06+08:00 ] 1.80.219.150 /cnconsum/App/UserType/bank/bound
INFO: [ app_init ] --START--
INFO: Run Behavior\BuildLiteBehavior [ RunTime:0.000015s ]
INFO: [ app_init ] --END-- [ RunTime:0.000308s ]
INFO: [ app_begin ] --START--
INFO: Run Behavior\ReadHtmlCacheBehavior [ RunTime:0.000347s ]
INFO: [ app_begin ] --END-- [ RunTime:0.000408s ]
NOTIC: [2048] Declaration of App\Controller\UserType\BankController::get() should be compatible with Think\Controller::get($name = '') /var/www/html/cnconsum/Project/App/Controller/UserType/BankController.class.php 第 95 行.
SQL: SHOW COLUMNS FROM `cn_user_bank` [ RunTime:0.0006s ]
SQL: SELECT * FROM `cn_user_bank` WHERE `user` = 'u_28105ef407' AND `state` = 'true'  [ RunTime:0.0003s ]
INFO: [ app_end ] --START--
INFO: Run Behavior\ShowPageTraceBehavior [ RunTime:0.000436s ]
INFO: [ app_end ] --END-- [ RunTime:0.000484s ]

[ 2016-11-25T17:46:11+08:00 ] 1.80.219.150 /cnconsum/App/UserType/bank/bound
INFO: [ app_init ] --START--
INFO: Run Behavior\BuildLiteBehavior [ RunTime:0.000013s ]
INFO: [ app_init ] --END-- [ RunTime:0.000294s ]
INFO: [ app_begin ] --START--
INFO: Run Behavior\ReadHtmlCacheBehavior [ RunTime:0.000479s ]
INFO: [ app_begin ] --END-- [ RunTime:0.000539s ]
NOTIC: [2048] Declaration of App\Controller\UserType\BankController::get() should be compatible with Think\Controller::get($name = '') /var/www/html/cnconsum/Project/App/Controller/UserType/BankController.class.php 第 95 行.
SQL: SHOW COLUMNS FROM `cn_user_bank` [ RunTime:0.0008s ]
SQL: SELECT * FROM `cn_user_bank` WHERE `user` = 'u_28105ef407' AND `state` = 'true'  [ RunTime:0.0004s ]
INFO: [ app_end ] --START--
INFO: Run Behavior\ShowPageTraceBehavior [ RunTime:0.000393s ]
INFO: [ app_end ] --END-- [ RunTime:0.000438s ]

[ 2016-11-25T17:46:13+08:00 ] 1.80.219.150 /cnconsum/App/UserType/bank/bound
INFO: [ app_init ] --START--
INFO: Run Behavior\BuildLiteBehavior [ RunTime:0.000014s ]
INFO: [ app_init ] --END-- [ RunTime:0.000275s ]
INFO: [ app_begin ] --START--
INFO: Run Behavior\ReadHtmlCacheBehavior [ RunTime:0.000404s ]
INFO: [ app_begin ] --END-- [ RunTime:0.000449s ]
NOTIC: [2048] Declaration of App\Controller\UserType\BankController::get() should be compatible with Think\Controller::get($name = '') /var/www/html/cnconsum/Project/App/Controller/UserType/BankController.class.php 第 95 行.
SQL: SHOW COLUMNS FROM `cn_user_bank` [ RunTime:0.0008s ]
SQL: SELECT * FROM `cn_user_bank` WHERE `user` = 'u_28105ef407' AND `state` = 'true'  [ RunTime:0.0005s ]
INFO: [ app_end ] --START--
INFO: Run Behavior\ShowPageTraceBehavior [ RunTime:0.000396s ]
INFO: [ app_end ] --END-- [ RunTime:0.000441s ]

[ 2016-11-25T17:46:16+08:00 ] 1.80.219.150 /cnconsum/App/UserType/bank/bound
INFO: [ app_init ] --START--
INFO: Run Behavior\BuildLiteBehavior [ RunTime:0.000014s ]
INFO: [ app_init ] --END-- [ RunTime:0.000388s ]
INFO: [ app_begin ] --START--
INFO: Run Behavior\ReadHtmlCacheBehavior [ RunTime:0.000444s ]
INFO: [ app_begin ] --END-- [ RunTime:0.000530s ]
NOTIC: [2048] Declaration of App\Controller\UserType\BankController::get() should be compatible with Think\Controller::get($name = '') /var/www/html/cnconsum/Project/App/Controller/UserType/BankController.class.php 第 95 行.
SQL: SHOW COLUMNS FROM `cn_user_bank` [ RunTime:0.0006s ]
SQL: SELECT * FROM `cn_user_bank` WHERE `user` = 'u_28105ef407' AND `state` = 'true'  [ RunTime:0.0003s ]
INFO: [ app_end ] --START--
INFO: Run Behavior\ShowPageTraceBehavior [ RunTime:0.000429s ]
INFO: [ app_end ] --END-- [ RunTime:0.000471s ]

[ 2016-11-25T17:46:19+08:00 ] 1.80.219.150 /cnconsum/App/UserType/bank/bound
INFO: [ app_init ] --START--
INFO: Run Behavior\BuildLiteBehavior [ RunTime:0.000031s ]
INFO: [ app_init ] --END-- [ RunTime:0.000282s ]
INFO: [ app_begin ] --START--
INFO: Run Behavior\ReadHtmlCacheBehavior [ RunTime:0.000332s ]
INFO: [ app_begin ] --END-- [ RunTime:0.000401s ]
NOTIC: [2048] Declaration of App\Controller\UserType\BankController::get() should be compatible with Think\Controller::get($name = '') /var/www/html/cnconsum/Project/App/Controller/UserType/BankController.class.php 第 95 行.
SQL: SHOW COLUMNS FROM `cn_user_bank` [ RunTime:0.0007s ]
SQL: SELECT * FROM `cn_user_bank` WHERE `user` = 'u_28105ef407' AND `state` = 'true'  [ RunTime:0.0004s ]
INFO: [ app_end ] --START--
INFO: Run Behavior\ShowPageTraceBehavior [ RunTime:0.000486s ]
INFO: [ app_end ] --END-- [ RunTime:0.000549s ]

[ 2016-11-25T17:46:20+08:00 ] 1.80.219.150 /cnconsum/App/UserType/bank/get
INFO: [ app_init ] --START--
INFO: Run Behavior\BuildLiteBehavior [ RunTime:0.000020s ]
INFO: [ app_init ] --END-- [ RunTime:0.000415s ]
INFO: [ app_begin ] --START--
INFO: Run Behavior\ReadHtmlCacheBehavior [ RunTime:0.000387s ]
INFO: [ app_begin ] --END-- [ RunTime:0.000449s ]
NOTIC: [2048] Declaration of App\Controller\UserType\BankController::get() should be compatible with Think\Controller::get($name = '') /var/www/html/cnconsum/Project/App/Controller/UserType/BankController.class.php 第 95 行.
SQL: SHOW COLUMNS FROM `cn_user_bank` [ RunTime:0.0008s ]
SQL: SELECT * FROM `cn_user_bank` WHERE `user` = 'u_28105ef407'  [ RunTime:0.0004s ]
INFO: [ app_end ] --START--
INFO: Run Behavior\ShowPageTraceBehavior [ RunTime:0.000468s ]
INFO: [ app_end ] --END-- [ RunTime:0.000520s ]

[ 2016-11-25T17:46:21+08:00 ] 1.80.219.150 /cnconsum/App/UserType/bank/bound
INFO: [ app_init ] --START--
INFO: Run Behavior\BuildLiteBehavior [ RunTime:0.000013s ]
INFO: [ app_init ] --END-- [ RunTime:0.000270s ]
INFO: [ app_begin ] --START--
INFO: Run Behavior\ReadHtmlCacheBehavior [ RunTime:0.000313s ]
INFO: [ app_begin ] --END-- [ RunTime:0.000356s ]
NOTIC: [2048] Declaration of App\Controller\UserType\BankController::get() should be compatible with Think\Controller::get($name = '') /var/www/html/cnconsum/Project/App/Controller/UserType/BankController.class.php 第 95 行.
SQL: SHOW COLUMNS FROM `cn_user_bank` [ RunTime:0.0008s ]
SQL: SELECT * FROM `cn_user_bank` WHERE `user` = 'u_28105ef407' AND `state` = 'true'  [ RunTime:0.0004s ]
INFO: [ app_end ] --START--
INFO: Run Behavior\ShowPageTraceBehavior [ RunTime:0.000782s ]
INFO: [ app_end ] --END-- [ RunTime:0.000854s ]

[ 2016-11-25T17:46:24+08:00 ] 1.80.219.150 /cnconsum/App/UserType/user/accountGet
INFO: [ app_init ] --START--
INFO: Run Behavior\BuildLiteBehavior [ RunTime:0.000014s ]
INFO: [ app_init ] --END-- [ RunTime:0.000287s ]
INFO: [ app_begin ] --START--
INFO: Run Behavior\ReadHtmlCacheBehavior [ RunTime:0.000409s ]
INFO: [ app_begin ] --END-- [ RunTime:0.000453s ]
SQL: SHOW COLUMNS FROM `cn_user` [ RunTime:0.0008s ]
SQL: SELECT * FROM `cn_user` WHERE `uuid` = 'u_28105ef407'  [ RunTime:0.0003s ]
INFO: [ app_end ] --START--
INFO: Run Behavior\ShowPageTraceBehavior [ RunTime:0.000434s ]
INFO: [ app_end ] --END-- [ RunTime:0.000478s ]

[ 2016-11-25T17:46:45+08:00 ] 1.80.219.150 /cnconsum/App/MerchantType/advert/leadGet
INFO: [ app_init ] --START--
INFO: Run Behavior\BuildLiteBehavior [ RunTime:0.000022s ]
INFO: [ app_init ] --END-- [ RunTime:0.000311s ]
INFO: [ app_begin ] --START--
INFO: Run Behavior\ReadHtmlCacheBehavior [ RunTime:0.000328s ]
INFO: [ app_begin ] --END-- [ RunTime:0.000373s ]
SQL: SHOW COLUMNS FROM `cn_advert_lead` [ RunTime:0.0009s ]
SQL: SELECT * FROM `cn_advert_lead` WHERE `area` = '西安市雁塔区' AND `state` = 'ONLINE' ORDER BY start_time asc  [ RunTime:0.0005s ]
INFO: [ app_end ] --START--
INFO: Run Behavior\ShowPageTraceBehavior [ RunTime:0.000719s ]
INFO: [ app_end ] --END-- [ RunTime:0.000794s ]

[ 2016-11-25T17:46:48+08:00 ] 1.80.219.150 /cnconsum/App/Extra/source/version
INFO: [ app_init ] --START--
INFO: Run Behavior\BuildLiteBehavior [ RunTime:0.000014s ]
INFO: [ app_init ] --END-- [ RunTime:0.000262s ]
INFO: [ app_begin ] --START--
INFO: Run Behavior\ReadHtmlCacheBehavior [ RunTime:0.000358s ]
INFO: [ app_begin ] --END-- [ RunTime:0.000402s ]
INFO: [ app_end ] --START--
INFO: Run Behavior\ShowPageTraceBehavior [ RunTime:0.000327s ]
INFO: [ app_end ] --END-- [ RunTime:0.000367s ]

[ 2016-11-25T17:46:54+08:00 ] 1.80.219.150 /cnconsum/App/MerchantType/activity/get
INFO: [ app_init ] --START--
INFO: Run Behavior\BuildLiteBehavior [ RunTime:0.000016s ]
INFO: [ app_init ] --END-- [ RunTime:0.000298s ]
INFO: [ app_begin ] --START--
INFO: Run Behavior\ReadHtmlCacheBehavior [ RunTime:0.000494s ]
INFO: [ app_begin ] --END-- [ RunTime:0.000549s ]
NOTIC: [2048] Declaration of App\Controller\MerchantType\ActivityController::get() should be compatible with Think\Controller::get($name = '') /var/www/html/cnconsum/Project/App/Controller/MerchantType/ActivityController.class.php 第 127 行.
SQL: SHOW COLUMNS FROM `cn_activity` [ RunTime:0.0007s ]
SQL: SELECT * FROM `cn_activity` WHERE `eare` = '西安市雁塔区' AND `state` = 'ONLINE'  [ RunTime:0.0003s ]
INFO: [ app_end ] --START--
INFO: Run Behavior\ShowPageTraceBehavior [ RunTime:0.000443s ]
INFO: [ app_end ] --END-- [ RunTime:0.000489s ]

[ 2016-11-25T17:46:54+08:00 ] 1.80.219.150 /cnconsum/App/Extra/Source/tradeIconGet
INFO: [ app_init ] --START--
INFO: Run Behavior\BuildLiteBehavior [ RunTime:0.000013s ]
INFO: [ app_init ] --END-- [ RunTime:0.000285s ]
INFO: [ app_begin ] --START--
INFO: Run Behavior\ReadHtmlCacheBehavior [ RunTime:0.000431s ]
INFO: [ app_begin ] --END-- [ RunTime:0.000497s ]
SQL: SHOW COLUMNS FROM `cn_trade_icon` [ RunTime:0.0006s ]
SQL: SELECT * FROM `cn_trade_icon`  [ RunTime:0.0003s ]
INFO: [ app_end ] --START--
INFO: Run Behavior\ShowPageTraceBehavior [ RunTime:0.000579s ]
INFO: [ app_end ] --END-- [ RunTime:0.000628s ]

[ 2016-11-25T17:46:54+08:00 ] 1.80.219.150 /cnconsum/App/MerchantType/advert/popupGet
INFO: [ app_init ] --START--
INFO: Run Behavior\BuildLiteBehavior [ RunTime:0.000017s ]
INFO: [ app_init ] --END-- [ RunTime:0.001358s ]
INFO: [ app_begin ] --START--
INFO: Run Behavior\ReadHtmlCacheBehavior [ RunTime:0.000404s ]
INFO: [ app_begin ] --END-- [ RunTime:0.000450s ]
SQL: SHOW COLUMNS FROM `cn_advert_popup` [ RunTime:0.0015s ]
SQL: SELECT * FROM `cn_advert_popup` WHERE `area` = '西安市雁塔区' AND `state` = 'ONLINE' ORDER BY start_time asc  [ RunTime:0.0004s ]
INFO: [ app_end ] --START--
INFO: Run Behavior\ShowPageTraceBehavior [ RunTime:0.000548s ]
INFO: [ app_end ] --END-- [ RunTime:0.000606s ]

[ 2016-11-25T17:46:54+08:00 ] 1.80.219.150 /cnconsum/App/MerchantType/advert/insertGet
INFO: [ app_init ] --START--
INFO: Run Behavior\BuildLiteBehavior [ RunTime:0.000014s ]
INFO: [ app_init ] --END-- [ RunTime:0.000313s ]
INFO: [ app_begin ] --START--
INFO: Run Behavior\ReadHtmlCacheBehavior [ RunTime:0.000352s ]
INFO: [ app_begin ] --END-- [ RunTime:0.000396s ]
SQL: SHOW COLUMNS FROM `cn_advert_insert` [ RunTime:0.0007s ]
SQL: SELECT * FROM `cn_advert_insert` WHERE `area` = '西安市雁塔区' AND `place` = 0 AND `state` = 'ONLINE' ORDER BY start_time asc  [ RunTime:0.0003s ]
INFO: [ app_end ] --START--
INFO: Run Behavior\ShowPageTraceBehavior [ RunTime:0.000506s ]
INFO: [ app_end ] --END-- [ RunTime:0.000555s ]

[ 2016-11-25T17:46:54+08:00 ] 1.80.219.150 /cnconsum/App/MerchantType/advert/headlineGet
INFO: [ app_init ] --START--
INFO: Run Behavior\BuildLiteBehavior [ RunTime:0.000015s ]
INFO: [ app_init ] --END-- [ RunTime:0.000389s ]
INFO: [ app_begin ] --START--
INFO: Run Behavior\ReadHtmlCacheBehavior [ RunTime:0.000496s ]
INFO: [ app_begin ] --END-- [ RunTime:0.000561s ]
SQL: SHOW COLUMNS FROM `cn_advert_headline` [ RunTime:0.0008s ]
SQL: SELECT * FROM `cn_advert_headline` WHERE `area` = '西安市雁塔区' AND `state` = 'ONLINE' ORDER BY place asc  [ RunTime:0.0004s ]
INFO: [ app_end ] --START--
INFO: Run Behavior\ShowPageTraceBehavior [ RunTime:0.000520s ]
INFO: [ app_end ] --END-- [ RunTime:0.000586s ]

[ 2016-11-25T17:46:54+08:00 ] 1.80.219.150 /cnconsum/App/MerchantType/merchant/listGet
INFO: [ app_init ] --START--
INFO: Run Behavior\BuildLiteBehavior [ RunTime:0.000018s ]
INFO: [ app_init ] --END-- [ RunTime:0.000314s ]
INFO: [ app_begin ] --START--
INFO: Run Behavior\ReadHtmlCacheBehavior [ RunTime:0.000468s ]
INFO: [ app_begin ] --END-- [ RunTime:0.000523s ]
SQL: SHOW COLUMNS FROM `cn_merchant` [ RunTime:0.0008s ]
SQL: SELECT `muid`,`phone`,`store`,`image_url`,`longtitude`,`latitude` FROM `cn_merchant` WHERE `address` LIKE '%西安市雁塔区%' LIMIT 0,1   [ RunTime:0.0003s ]
SQL: SHOW COLUMNS FROM `cn_evaluate` [ RunTime:0.0005s ]
SQL: SELECT AVG(stars) AS tp_avg FROM `cn_evaluate` WHERE `merchant` = 'm_0deb263d26' LIMIT 1   [ RunTime:0.0003s ]
SQL: SHOW COLUMNS FROM `cn_user_card` [ RunTime:0.0005s ]
SQL: SELECT COUNT(*) AS tp_count FROM `cn_user_card` WHERE `merchant` = 'm_0deb263d26' LIMIT 1   [ RunTime:0.0002s ]
SQL: SHOW COLUMNS FROM `cn_merchant_card` [ RunTime:0.0027s ]
SQL: SELECT MIN(rule) AS tp_min FROM `cn_merchant_card` WHERE `merchant` = 'm_0deb263d26' AND `type` = '储值卡' LIMIT 1   [ RunTime:0.0002s ]
SQL: SELECT MAX(addition_sum) AS tp_max FROM `cn_merchant_card` WHERE `merchant` = 'm_0deb263d26' AND `type` = '储值卡' LIMIT 1   [ RunTime:0.0002s ]
INFO: [ app_end ] --START--
INFO: Run Behavior\ShowPageTraceBehavior [ RunTime:0.000614s ]
INFO: [ app_end ] --END-- [ RunTime:0.000675s ]

[ 2016-11-25T17:49:14+08:00 ] 1.80.219.150 /cnconsum/App/UserType/user/accountGet
INFO: [ app_init ] --START--
INFO: Run Behavior\BuildLiteBehavior [ RunTime:0.000024s ]
INFO: [ app_init ] --END-- [ RunTime:0.000460s ]
INFO: [ app_begin ] --START--
INFO: Run Behavior\ReadHtmlCacheBehavior [ RunTime:0.000610s ]
INFO: [ app_begin ] --END-- [ RunTime:0.000683s ]
SQL: SHOW COLUMNS FROM `cn_user` [ RunTime:0.0008s ]
SQL: SELECT * FROM `cn_user` WHERE `uuid` = 'u_28105ef407'  [ RunTime:0.0003s ]
INFO: [ app_end ] --START--
INFO: Run Behavior\ShowPageTraceBehavior [ RunTime:0.000469s ]
INFO: [ app_end ] --END-- [ RunTime:0.000520s ]

[ 2016-11-25T17:50:10+08:00 ] 1.80.219.150 /cnconsum/App/UserType/card/get
INFO: [ app_init ] --START--
INFO: Run Behavior\BuildLiteBehavior [ RunTime:0.000016s ]
INFO: [ app_init ] --END-- [ RunTime:0.000276s ]
INFO: [ app_begin ] --START--
INFO: Run Behavior\ReadHtmlCacheBehavior [ RunTime:0.000362s ]
INFO: [ app_begin ] --END-- [ RunTime:0.000406s ]
NOTIC: [2048] Declaration of App\Controller\UserType\CardController::get() should be compatible with Think\Controller::get($name = '') /var/www/html/cnconsum/Project/App/Controller/UserType/CardController.class.php 第 402 行.
SQL: SHOW COLUMNS FROM `cn_user_card` [ RunTime:0.0007s ]
SQL: SELECT cn_user_card.*,`price`,`rule`,`addition_sum`,`image_type` FROM `cn_user_card` INNER JOIN cn_merchant_card ON cn_merchant_card.merchant = cn_user_card.merchant and type = card_type and code = card_code and level = card_level   WHERE `user` = 'u_28105ef407'  [ RunTime:0.0005s ]
SQL: SHOW COLUMNS FROM `cn_card_share` [ RunTime:0.0007s ]
SQL: SELECT cn_user_card.*,`price`,`rule`,`addition_sum`,`image_type` FROM `cn_card_share` INNER JOIN cn_merchant_card ON cn_merchant_card.merchant = cn_card_share.merchant and cn_merchant_card.code = cn_card_share.card_code and cn_merchant_card.level = cn_card_share.card_level INNER JOIN cn_user_card ON cn_user_card.user = cn_card_share.posit_id and cn_user_card.merchant = cn_card_share.merchant and cn_user_card.card_code = cn_card_share.card_code and cn_user_card.card_level = cn_card_share.card_level  WHERE `share_id` = 'u_28105ef407'  [ RunTime:0.0005s ]
INFO: [ app_end ] --START--
INFO: Run Behavior\ShowPageTraceBehavior [ RunTime:0.000573s ]
INFO: [ app_end ] --END-- [ RunTime:0.000621s ]

[ 2016-11-25T17:50:11+08:00 ] 1.80.219.150 /cnconsum/App/UserType/user/accountGet
INFO: [ app_init ] --START--
INFO: Run Behavior\BuildLiteBehavior [ RunTime:0.000015s ]
INFO: [ app_init ] --END-- [ RunTime:0.000317s ]
INFO: [ app_begin ] --START--
INFO: Run Behavior\ReadHtmlCacheBehavior [ RunTime:0.000404s ]
INFO: [ app_begin ] --END-- [ RunTime:0.000448s ]
SQL: SHOW COLUMNS FROM `cn_user` [ RunTime:0.0010s ]
SQL: SELECT * FROM `cn_user` WHERE `uuid` = 'u_28105ef407'  [ RunTime:0.0004s ]
INFO: [ app_end ] --START--
INFO: Run Behavior\ShowPageTraceBehavior [ RunTime:0.000518s ]
INFO: [ app_end ] --END-- [ RunTime:0.000560s ]

[ 2016-11-25T17:50:14+08:00 ] 1.80.219.150 /cnconsum/App/UserType/user/accountGet
INFO: [ app_init ] --START--
INFO: Run Behavior\BuildLiteBehavior [ RunTime:0.000014s ]
INFO: [ app_init ] --END-- [ RunTime:0.000310s ]
INFO: [ app_begin ] --START--
INFO: Run Behavior\ReadHtmlCacheBehavior [ RunTime:0.000418s ]
INFO: [ app_begin ] --END-- [ RunTime:0.000474s ]
SQL: SHOW COLUMNS FROM `cn_user` [ RunTime:0.0009s ]
SQL: SELECT * FROM `cn_user` WHERE `uuid` = 'u_28105ef407'  [ RunTime:0.0004s ]
INFO: [ app_end ] --START--
INFO: Run Behavior\ShowPageTraceBehavior [ RunTime:0.000735s ]
INFO: [ app_end ] --END-- [ RunTime:0.000812s ]

[ 2016-11-25T17:50:17+08:00 ] 1.80.219.150 /cnconsum/App/UserType/user/accountGet
INFO: [ app_init ] --START--
INFO: Run Behavior\BuildLiteBehavior [ RunTime:0.000016s ]
INFO: [ app_init ] --END-- [ RunTime:0.000426s ]
INFO: [ app_begin ] --START--
INFO: Run Behavior\ReadHtmlCacheBehavior [ RunTime:0.000396s ]
INFO: [ app_begin ] --END-- [ RunTime:0.000457s ]
SQL: SHOW COLUMNS FROM `cn_user` [ RunTime:0.0010s ]
SQL: SELECT * FROM `cn_user` WHERE `uuid` = 'u_28105ef407'  [ RunTime:0.0003s ]
INFO: [ app_end ] --START--
INFO: Run Behavior\ShowPageTraceBehavior [ RunTime:0.000519s ]
INFO: [ app_end ] --END-- [ RunTime:0.000563s ]

[ 2016-11-25T17:50:18+08:00 ] 1.80.219.150 /cnconsum/App/UserType/user/accountGet
INFO: [ app_init ] --START--
INFO: Run Behavior\BuildLiteBehavior [ RunTime:0.000016s ]
INFO: [ app_init ] --END-- [ RunTime:0.000377s ]
INFO: [ app_begin ] --START--
INFO: Run Behavior\ReadHtmlCacheBehavior [ RunTime:0.000325s ]
INFO: [ app_begin ] --END-- [ RunTime:0.000392s ]
SQL: SHOW COLUMNS FROM `cn_user` [ RunTime:0.0008s ]
SQL: SELECT * FROM `cn_user` WHERE `uuid` = 'u_28105ef407'  [ RunTime:0.0003s ]
INFO: [ app_end ] --START--
INFO: Run Behavior\ShowPageTraceBehavior [ RunTime:0.000446s ]
INFO: [ app_end ] --END-- [ RunTime:0.000522s ]

[ 2016-11-25T17:50:22+08:00 ] 1.80.219.150 /cnconsum/App/UserType/user/accountGet
INFO: [ app_init ] --START--
INFO: Run Behavior\BuildLiteBehavior [ RunTime:0.000020s ]
INFO: [ app_init ] --END-- [ RunTime:0.000393s ]
INFO: [ app_begin ] --START--
INFO: Run Behavior\ReadHtmlCacheBehavior [ RunTime:0.000466s ]
INFO: [ app_begin ] --END-- [ RunTime:0.000522s ]
SQL: SHOW COLUMNS FROM `cn_user` [ RunTime:0.0010s ]
SQL: SELECT * FROM `cn_user` WHERE `uuid` = 'u_28105ef407'  [ RunTime:0.0004s ]
INFO: [ app_end ] --START--
INFO: Run Behavior\ShowPageTraceBehavior [ RunTime:0.000403s ]
INFO: [ app_end ] --END-- [ RunTime:0.000445s ]

[ 2016-11-25T17:50:23+08:00 ] 1.80.219.150 /cnconsum/App/UserType/bank/bound
INFO: [ app_init ] --START--
INFO: Run Behavior\BuildLiteBehavior [ RunTime:0.000025s ]
INFO: [ app_init ] --END-- [ RunTime:0.000489s ]
INFO: [ app_begin ] --START--
INFO: Run Behavior\ReadHtmlCacheBehavior [ RunTime:0.000414s ]
INFO: [ app_begin ] --END-- [ RunTime:0.000461s ]
NOTIC: [2048] Declaration of App\Controller\UserType\BankController::get() should be compatible with Think\Controller::get($name = '') /var/www/html/cnconsum/Project/App/Controller/UserType/BankController.class.php 第 95 行.
SQL: SHOW COLUMNS FROM `cn_user_bank` [ RunTime:0.0008s ]
SQL: SELECT * FROM `cn_user_bank` WHERE `user` = 'u_28105ef407' AND `state` = 'true'  [ RunTime:0.0004s ]
INFO: [ app_end ] --START--
INFO: Run Behavior\ShowPageTraceBehavior [ RunTime:0.000681s ]
INFO: [ app_end ] --END-- [ RunTime:0.000750s ]

[ 2016-11-25T17:50:27+08:00 ] 1.80.219.150 /cnconsum/App/UserType/bank/get
INFO: [ app_init ] --START--
INFO: Run Behavior\BuildLiteBehavior [ RunTime:0.000025s ]
INFO: [ app_init ] --END-- [ RunTime:0.000476s ]
INFO: [ app_begin ] --START--
INFO: Run Behavior\ReadHtmlCacheBehavior [ RunTime:0.000625s ]
INFO: [ app_begin ] --END-- [ RunTime:0.000725s ]
NOTIC: [2048] Declaration of App\Controller\UserType\BankController::get() should be compatible with Think\Controller::get($name = '') /var/www/html/cnconsum/Project/App/Controller/UserType/BankController.class.php 第 95 行.
SQL: SHOW COLUMNS FROM `cn_user_bank` [ RunTime:0.0007s ]
SQL: SELECT * FROM `cn_user_bank` WHERE `user` = 'u_28105ef407'  [ RunTime:0.0005s ]
INFO: [ app_end ] --START--
INFO: Run Behavior\ShowPageTraceBehavior [ RunTime:0.000782s ]
INFO: [ app_end ] --END-- [ RunTime:0.000846s ]

[ 2016-11-25T17:50:29+08:00 ] 1.80.219.150 /cnconsum/App/UserType/user/accountGet
INFO: [ app_init ] --START--
INFO: Run Behavior\BuildLiteBehavior [ RunTime:0.000014s ]
INFO: [ app_init ] --END-- [ RunTime:0.000348s ]
INFO: [ app_begin ] --START--
INFO: Run Behavior\ReadHtmlCacheBehavior [ RunTime:0.000327s ]
INFO: [ app_begin ] --END-- [ RunTime:0.000388s ]
SQL: SHOW COLUMNS FROM `cn_user` [ RunTime:0.0007s ]
SQL: SELECT * FROM `cn_user` WHERE `uuid` = 'u_28105ef407'  [ RunTime:0.0003s ]
INFO: [ app_end ] --START--
INFO: Run Behavior\ShowPageTraceBehavior [ RunTime:0.000542s ]
INFO: [ app_end ] --END-- [ RunTime:0.000586s ]

[ 2016-11-25T17:50:31+08:00 ] 1.80.219.150 /cnconsum/App/UserType/evaluate/listGet
INFO: [ app_init ] --START--
INFO: Run Behavior\BuildLiteBehavior [ RunTime:0.000019s ]
INFO: [ app_init ] --END-- [ RunTime:0.000299s ]
INFO: [ app_begin ] --START--
INFO: Run Behavior\ReadHtmlCacheBehavior [ RunTime:0.000332s ]
INFO: [ app_begin ] --END-- [ RunTime:0.000376s ]
NOTIC: [2048] Declaration of App\Controller\UserType\EvaluateController::get() should be compatible with Think\Controller::get($name = '') /var/www/html/cnconsum/Project/App/Controller/UserType/EvaluateController.class.php 第 120 行.
SQL: SHOW COLUMNS FROM `cn_merchant` [ RunTime:0.0008s ]
SQL: SELECT `store`,`merchant`,`card_code`,`card_level`,`card_type`,`card_remain`,`card_image_url` FROM `cn_merchant` INNER JOIN cn_user_card ON cn_merchant.muid = cn_user_card.merchant  WHERE `user` = 'u_28105ef407' AND `evaluate` = 'false'  [ RunTime:0.0004s ]
INFO: [ app_end ] --START--
INFO: Run Behavior\ShowPageTraceBehavior [ RunTime:0.000444s ]
INFO: [ app_end ] --END-- [ RunTime:0.000484s ]

[ 2016-11-25T17:50:34+08:00 ] 1.80.219.150 /cnconsum/App/UserType/user/accountGet
INFO: [ app_init ] --START--
INFO: Run Behavior\BuildLiteBehavior [ RunTime:0.000020s ]
INFO: [ app_init ] --END-- [ RunTime:0.000379s ]
INFO: [ app_begin ] --START--
INFO: Run Behavior\ReadHtmlCacheBehavior [ RunTime:0.000337s ]
INFO: [ app_begin ] --END-- [ RunTime:0.000389s ]
SQL: SHOW COLUMNS FROM `cn_user` [ RunTime:0.0007s ]
SQL: SELECT * FROM `cn_user` WHERE `uuid` = 'u_28105ef407'  [ RunTime:0.0003s ]
INFO: [ app_end ] --START--
INFO: Run Behavior\ShowPageTraceBehavior [ RunTime:0.000497s ]
INFO: [ app_end ] --END-- [ RunTime:0.000553s ]

[ 2016-11-25T17:50:35+08:00 ] 1.80.219.150 /cnconsum/App/Extra/source/share
INFO: [ app_init ] --START--
INFO: Run Behavior\BuildLiteBehavior [ RunTime:0.000015s ]
INFO: [ app_init ] --END-- [ RunTime:0.000294s ]
INFO: [ app_begin ] --START--
INFO: Run Behavior\ReadHtmlCacheBehavior [ RunTime:0.000358s ]
INFO: [ app_begin ] --END-- [ RunTime:0.000403s ]
INFO: [ app_end ] --START--
INFO: Run Behavior\ShowPageTraceBehavior [ RunTime:0.000349s ]
INFO: [ app_end ] --END-- [ RunTime:0.000387s ]

[ 2016-11-25T17:50:36+08:00 ] 1.80.219.150 /cnconsum/App/UserType/user/accountGet
INFO: [ app_init ] --START--
INFO: Run Behavior\BuildLiteBehavior [ RunTime:0.000019s ]
INFO: [ app_init ] --END-- [ RunTime:0.000512s ]
INFO: [ app_begin ] --START--
INFO: Run Behavior\ReadHtmlCacheBehavior [ RunTime:0.000569s ]
INFO: [ app_begin ] --END-- [ RunTime:0.000618s ]
SQL: SHOW COLUMNS FROM `cn_user` [ RunTime:0.0008s ]
SQL: SELECT * FROM `cn_user` WHERE `uuid` = 'u_28105ef407'  [ RunTime:0.0004s ]
INFO: [ app_end ] --START--
INFO: Run Behavior\ShowPageTraceBehavior [ RunTime:0.000644s ]
INFO: [ app_end ] --END-- [ RunTime:0.000699s ]

[ 2016-11-25T17:50:37+08:00 ] 1.80.219.150 /cnconsum/App/Extra/source/share
INFO: [ app_init ] --START--
INFO: Run Behavior\BuildLiteBehavior [ RunTime:0.000021s ]
INFO: [ app_init ] --END-- [ RunTime:0.000333s ]
INFO: [ app_begin ] --START--
INFO: Run Behavior\ReadHtmlCacheBehavior [ RunTime:0.000446s ]
INFO: [ app_begin ] --END-- [ RunTime:0.000501s ]
INFO: [ app_end ] --START--
INFO: Run Behavior\ShowPageTraceBehavior [ RunTime:0.000412s ]
INFO: [ app_end ] --END-- [ RunTime:0.000454s ]

[ 2016-11-25T17:50:41+08:00 ] 1.80.219.150 /cnconsum/App/UserType/user/accountGet
INFO: [ app_init ] --START--
INFO: Run Behavior\BuildLiteBehavior [ RunTime:0.000020s ]
INFO: [ app_init ] --END-- [ RunTime:0.000419s ]
INFO: [ app_begin ] --START--
INFO: Run Behavior\ReadHtmlCacheBehavior [ RunTime:0.000422s ]
INFO: [ app_begin ] --END-- [ RunTime:0.000472s ]
SQL: SHOW COLUMNS FROM `cn_user` [ RunTime:0.0009s ]
SQL: SELECT * FROM `cn_user` WHERE `uuid` = 'u_28105ef407'  [ RunTime:0.0003s ]
INFO: [ app_end ] --START--
INFO: Run Behavior\ShowPageTraceBehavior [ RunTime:0.000499s ]
INFO: [ app_end ] --END-- [ RunTime:0.000542s ]

[ 2016-11-25T17:50:42+08:00 ] 1.80.219.150 /cnconsum/App/Extra/source/share
INFO: [ app_init ] --START--
INFO: Run Behavior\BuildLiteBehavior [ RunTime:0.000021s ]
INFO: [ app_init ] --END-- [ RunTime:0.000373s ]
INFO: [ app_begin ] --START--
INFO: Run Behavior\ReadHtmlCacheBehavior [ RunTime:0.000508s ]
INFO: [ app_begin ] --END-- [ RunTime:0.000578s ]
INFO: [ app_end ] --START--
INFO: Run Behavior\ShowPageTraceBehavior [ RunTime:0.000609s ]
INFO: [ app_end ] --END-- [ RunTime:0.000676s ]

[ 2016-11-25T17:50:44+08:00 ] 1.80.219.150 /cnconsum/App/UserType/user/accountGet
INFO: [ app_init ] --START--
INFO: Run Behavior\BuildLiteBehavior [ RunTime:0.000014s ]
INFO: [ app_init ] --END-- [ RunTime:0.000285s ]
INFO: [ app_begin ] --START--
INFO: Run Behavior\ReadHtmlCacheBehavior [ RunTime:0.000373s ]
INFO: [ app_begin ] --END-- [ RunTime:0.000417s ]
SQL: SHOW COLUMNS FROM `cn_user` [ RunTime:0.0010s ]
SQL: SELECT * FROM `cn_user` WHERE `uuid` = 'u_28105ef407'  [ RunTime:0.0003s ]
INFO: [ app_end ] --START--
INFO: Run Behavior\ShowPageTraceBehavior [ RunTime:0.000668s ]
INFO: [ app_end ] --END-- [ RunTime:0.000735s ]

[ 2016-11-25T17:50:47+08:00 ] 1.80.219.150 /cnconsum/App/UserType/user/accountGet
INFO: [ app_init ] --START--
INFO: Run Behavior\BuildLiteBehavior [ RunTime:0.000019s ]
INFO: [ app_init ] --END-- [ RunTime:0.000326s ]
INFO: [ app_begin ] --START--
INFO: Run Behavior\ReadHtmlCacheBehavior [ RunTime:0.000545s ]
INFO: [ app_begin ] --END-- [ RunTime:0.000614s ]
SQL: SHOW COLUMNS FROM `cn_user` [ RunTime:0.0009s ]
SQL: SELECT * FROM `cn_user` WHERE `uuid` = 'u_28105ef407'  [ RunTime:0.0003s ]
INFO: [ app_end ] --START--
INFO: Run Behavior\ShowPageTraceBehavior [ RunTime:0.000455s ]
INFO: [ app_end ] --END-- [ RunTime:0.000516s ]

[ 2016-11-25T17:50:50+08:00 ] 1.80.219.150 /cnconsum/App/UserType/user/accountGet
INFO: [ app_init ] --START--
INFO: Run Behavior\BuildLiteBehavior [ RunTime:0.000014s ]
INFO: [ app_init ] --END-- [ RunTime:0.000403s ]
INFO: [ app_begin ] --START--
INFO: Run Behavior\ReadHtmlCacheBehavior [ RunTime:0.000476s ]
INFO: [ app_begin ] --END-- [ RunTime:0.000534s ]
SQL: SHOW COLUMNS FROM `cn_user` [ RunTime:0.0009s ]
SQL: SELECT * FROM `cn_user` WHERE `uuid` = 'u_28105ef407'  [ RunTime:0.0003s ]
INFO: [ app_end ] --START--
INFO: Run Behavior\ShowPageTraceBehavior [ RunTime:0.000646s ]
INFO: [ app_end ] --END-- [ RunTime:0.000770s ]

[ 2016-11-25T17:50:53+08:00 ] 1.80.219.150 /cnconsum/App/Extra/source/version
INFO: [ app_init ] --START--
INFO: Run Behavior\BuildLiteBehavior [ RunTime:0.000013s ]
INFO: [ app_init ] --END-- [ RunTime:0.000286s ]
INFO: [ app_begin ] --START--
INFO: Run Behavior\ReadHtmlCacheBehavior [ RunTime:0.000476s ]
INFO: [ app_begin ] --END-- [ RunTime:0.000521s ]
INFO: [ app_end ] --START--
INFO: Run Behavior\ShowPageTraceBehavior [ RunTime:0.000393s ]
INFO: [ app_end ] --END-- [ RunTime:0.000443s ]

[ 2016-11-25T17:51:29+08:00 ] 1.80.219.150 /cnconsum/App/Extra/IM/getRec
INFO: [ app_init ] --START--
INFO: Run Behavior\BuildLiteBehavior [ RunTime:0.000019s ]
INFO: [ app_init ] --END-- [ RunTime:0.000348s ]
INFO: [ app_begin ] --START--
INFO: Run Behavior\ReadHtmlCacheBehavior [ RunTime:0.000403s ]
INFO: [ app_begin ] --END-- [ RunTime:0.000457s ]
NOTIC: [2048] Declaration of App\Controller\Extra\IMController::get() should be compatible with Think\Controller::get($name = '') /var/www/html/cnconsum/Project/App/Controller/Extra/IMController.class.php 第 61 行.
NOTIC: [8] Undefined variable: cn_user_card /var/www/html/cnconsum/Project/App/Controller/Extra/IMController.class.php 第 15 行.
NOTIC: [8] Undefined variable: cn_user /var/www/html/cnconsum/Project/App/Controller/Extra/IMController.class.php 第 16 行.
SQL: SHOW COLUMNS FROM `cn_im_account` [ RunTime:0.0008s ]
SQL: select distinct uuid as account,nickname,headImage from cn_user_card,cn_user where user != 'u_4a48e91e08' and cn_user_card.user = cn_user.uuid and merchant in (select merchant from cn_user_card where user = 'u_4a48e91e08') [ RunTime:0.0006s ]
INFO: [ app_end ] --START--
INFO: Run Behavior\ShowPageTraceBehavior [ RunTime:0.000552s ]
INFO: [ app_end ] --END-- [ RunTime:0.000616s ]

[ 2016-11-25T17:51:33+08:00 ] 1.80.219.150 /cnconsum/App/Extra/IM/getRec
INFO: [ app_init ] --START--
INFO: Run Behavior\BuildLiteBehavior [ RunTime:0.000013s ]
INFO: [ app_init ] --END-- [ RunTime:0.000333s ]
INFO: [ app_begin ] --START--
INFO: Run Behavior\ReadHtmlCacheBehavior [ RunTime:0.000436s ]
INFO: [ app_begin ] --END-- [ RunTime:0.000480s ]
NOTIC: [2048] Declaration of App\Controller\Extra\IMController::get() should be compatible with Think\Controller::get($name = '') /var/www/html/cnconsum/Project/App/Controller/Extra/IMController.class.php 第 61 行.
NOTIC: [8] Undefined variable: cn_user_card /var/www/html/cnconsum/Project/App/Controller/Extra/IMController.class.php 第 15 行.
NOTIC: [8] Undefined variable: cn_user /var/www/html/cnconsum/Project/App/Controller/Extra/IMController.class.php 第 16 行.
SQL: SHOW COLUMNS FROM `cn_im_account` [ RunTime:0.0007s ]
SQL: select distinct uuid as account,nickname,headImage from cn_user_card,cn_user where user != 'u_4a48e91e08' and cn_user_card.user = cn_user.uuid and merchant in (select merchant from cn_user_card where user = 'u_4a48e91e08') [ RunTime:0.0006s ]
INFO: [ app_end ] --START--
INFO: Run Behavior\ShowPageTraceBehavior [ RunTime:0.000412s ]
INFO: [ app_end ] --END-- [ RunTime:0.000468s ]

[ 2016-11-25T17:51:40+08:00 ] 1.80.219.150 /cnconsum/App/Extra/IM/search
INFO: [ app_init ] --START--
INFO: Run Behavior\BuildLiteBehavior [ RunTime:0.000023s ]
INFO: [ app_init ] --END-- [ RunTime:0.000415s ]
INFO: [ app_begin ] --START--
INFO: Run Behavior\ReadHtmlCacheBehavior [ RunTime:0.000472s ]
INFO: [ app_begin ] --END-- [ RunTime:0.000518s ]
NOTIC: [2048] Declaration of App\Controller\Extra\IMController::get() should be compatible with Think\Controller::get($name = '') /var/www/html/cnconsum/Project/App/Controller/Extra/IMController.class.php 第 61 行.
SQL: SHOW COLUMNS FROM `cn_im_account` [ RunTime:0.0007s ]
SQL: SELECT `account`,`nickname`,`headImage` FROM `cn_im_account` WHERE `nickname` LIKE '%%'  [ RunTime:0.0003s ]
INFO: [ app_end ] --START--
INFO: Run Behavior\ShowPageTraceBehavior [ RunTime:0.000485s ]
INFO: [ app_end ] --END-- [ RunTime:0.000553s ]

[ 2016-11-25T17:52:02+08:00 ] 1.80.219.150 /cnconsum/App/Extra/IM/getRec
INFO: [ app_init ] --START--
INFO: Run Behavior\BuildLiteBehavior [ RunTime:0.000024s ]
INFO: [ app_init ] --END-- [ RunTime:0.000431s ]
INFO: [ app_begin ] --START--
INFO: Run Behavior\ReadHtmlCacheBehavior [ RunTime:0.000583s ]
INFO: [ app_begin ] --END-- [ RunTime:0.000653s ]
NOTIC: [2048] Declaration of App\Controller\Extra\IMController::get() should be compatible with Think\Controller::get($name = '') /var/www/html/cnconsum/Project/App/Controller/Extra/IMController.class.php 第 61 行.
NOTIC: [8] Undefined variable: cn_user_card /var/www/html/cnconsum/Project/App/Controller/Extra/IMController.class.php 第 15 行.
NOTIC: [8] Undefined variable: cn_user /var/www/html/cnconsum/Project/App/Controller/Extra/IMController.class.php 第 16 行.
SQL: SHOW COLUMNS FROM `cn_im_account` [ RunTime:0.0007s ]
SQL: select distinct uuid as account,nickname,headImage from cn_user_card,cn_user where user != 'u_4a48e91e08' and cn_user_card.user = cn_user.uuid and merchant in (select merchant from cn_user_card where user = 'u_4a48e91e08') [ RunTime:0.0006s ]
INFO: [ app_end ] --START--
INFO: Run Behavior\ShowPageTraceBehavior [ RunTime:0.000609s ]
INFO: [ app_end ] --END-- [ RunTime:0.000676s ]

[ 2016-11-25T17:52:04+08:00 ] 1.80.219.150 /cnconsum/App/UserType/user/accountGet
INFO: [ app_init ] --START--
INFO: Run Behavior\BuildLiteBehavior [ RunTime:0.000014s ]
INFO: [ app_init ] --END-- [ RunTime:0.000300s ]
INFO: [ app_begin ] --START--
INFO: Run Behavior\ReadHtmlCacheBehavior [ RunTime:0.000704s ]
INFO: [ app_begin ] --END-- [ RunTime:0.000776s ]
SQL: SHOW COLUMNS FROM `cn_user` [ RunTime:0.0007s ]
SQL: SELECT * FROM `cn_user` WHERE `uuid` = 'u_28105ef407'  [ RunTime:0.0003s ]
INFO: [ app_end ] --START--
INFO: Run Behavior\ShowPageTraceBehavior [ RunTime:0.000445s ]
INFO: [ app_end ] --END-- [ RunTime:0.000492s ]

[ 2016-11-25T17:52:07+08:00 ] 1.80.219.150 /cnconsum/App/Extra/source/share
INFO: [ app_init ] --START--
INFO: Run Behavior\BuildLiteBehavior [ RunTime:0.000015s ]
INFO: [ app_init ] --END-- [ RunTime:0.000281s ]
INFO: [ app_begin ] --START--
INFO: Run Behavior\ReadHtmlCacheBehavior [ RunTime:0.000331s ]
INFO: [ app_begin ] --END-- [ RunTime:0.000378s ]
INFO: [ app_end ] --START--
INFO: Run Behavior\ShowPageTraceBehavior [ RunTime:0.000381s ]
INFO: [ app_end ] --END-- [ RunTime:0.000422s ]

[ 2016-11-25T17:52:08+08:00 ] 1.80.219.150 /cnconsum/App/UserType/user/accountGet
INFO: [ app_init ] --START--
INFO: Run Behavior\BuildLiteBehavior [ RunTime:0.000018s ]
INFO: [ app_init ] --END-- [ RunTime:0.000331s ]
INFO: [ app_begin ] --START--
INFO: Run Behavior\ReadHtmlCacheBehavior [ RunTime:0.000419s ]
INFO: [ app_begin ] --END-- [ RunTime:0.000474s ]
SQL: SHOW COLUMNS FROM `cn_user` [ RunTime:0.0008s ]
SQL: SELECT * FROM `cn_user` WHERE `uuid` = 'u_28105ef407'  [ RunTime:0.0003s ]
INFO: [ app_end ] --START--
INFO: Run Behavior\ShowPageTraceBehavior [ RunTime:0.000480s ]
INFO: [ app_end ] --END-- [ RunTime:0.000530s ]

[ 2016-11-25T17:52:41+08:00 ] 1.80.219.150 /cnconsum/App/UserType/user/accountGet
INFO: [ app_init ] --START--
INFO: Run Behavior\BuildLiteBehavior [ RunTime:0.000017s ]
INFO: [ app_init ] --END-- [ RunTime:0.000391s ]
INFO: [ app_begin ] --START--
INFO: Run Behavior\ReadHtmlCacheBehavior [ RunTime:0.000440s ]
INFO: [ app_begin ] --END-- [ RunTime:0.000496s ]
SQL: SHOW COLUMNS FROM `cn_user` [ RunTime:0.0009s ]
SQL: SELECT * FROM `cn_user` WHERE `uuid` = 'u_28105ef407'  [ RunTime:0.0003s ]
INFO: [ app_end ] --START--
INFO: Run Behavior\ShowPageTraceBehavior [ RunTime:0.000535s ]
INFO: [ app_end ] --END-- [ RunTime:0.000598s ]

[ 2016-11-25T17:52:53+08:00 ] 1.80.219.150 /cnconsum/App/MerchantType/merchant/search
INFO: [ app_init ] --START--
INFO: Run Behavior\BuildLiteBehavior [ RunTime:0.000014s ]
INFO: [ app_init ] --END-- [ RunTime:0.000325s ]
INFO: [ app_begin ] --START--
INFO: Run Behavior\ReadHtmlCacheBehavior [ RunTime:0.000332s ]
INFO: [ app_begin ] --END-- [ RunTime:0.000385s ]
NOTIC: [8] Undefined variable: eare /var/www/html/cnconsum/Project/App/Controller/MerchantType/MerchantController.class.php 第 333 行.
SQL: SHOW COLUMNS FROM `cn_merchant` [ RunTime:0.0008s ]
SQL: SELECT `muid`,`phone`,`store`,`image_url`,`longtitude`,`latitude` FROM `cn_merchant` WHERE `address` LIKE '%%' LIMIT 0,1   [ RunTime:0.0004s ]
SQL: SHOW COLUMNS FROM `cn_evaluate` [ RunTime:0.0005s ]
SQL: SELECT AVG(stars) AS tp_avg FROM `cn_evaluate` WHERE `merchant` = 'm_0464327d8b' LIMIT 1   [ RunTime:0.0004s ]
SQL: SHOW COLUMNS FROM `cn_user_card` [ RunTime:0.0006s ]
SQL: SELECT COUNT(*) AS tp_count FROM `cn_user_card` WHERE `merchant` = 'm_0464327d8b' LIMIT 1   [ RunTime:0.0002s ]
SQL: SHOW COLUMNS FROM `cn_merchant_card` [ RunTime:0.0006s ]
SQL: SELECT MIN(rule) AS tp_min FROM `cn_merchant_card` WHERE `merchant` = 'm_0464327d8b' AND `type` = '储值卡' LIMIT 1   [ RunTime:0.0002s ]
SQL: SELECT MAX(addition_sum) AS tp_max FROM `cn_merchant_card` WHERE `merchant` = 'm_0464327d8b' AND `type` = '储值卡' LIMIT 1   [ RunTime:0.0003s ]
INFO: [ app_end ] --START--
INFO: Run Behavior\ShowPageTraceBehavior [ RunTime:0.000519s ]
INFO: [ app_end ] --END-- [ RunTime:0.000562s ]

[ 2016-11-25T17:52:54+08:00 ] 1.80.219.150 /cnconsum/App/UserType/user/accountGet
INFO: [ app_init ] --START--
INFO: Run Behavior\BuildLiteBehavior [ RunTime:0.000014s ]
INFO: [ app_init ] --END-- [ RunTime:0.000269s ]
INFO: [ app_begin ] --START--
INFO: Run Behavior\ReadHtmlCacheBehavior [ RunTime:0.000339s ]
INFO: [ app_begin ] --END-- [ RunTime:0.000381s ]
SQL: SHOW COLUMNS FROM `cn_user` [ RunTime:0.0008s ]
SQL: SELECT * FROM `cn_user` WHERE `uuid` = 'u_28105ef407'  [ RunTime:0.0003s ]
INFO: [ app_end ] --START--
INFO: Run Behavior\ShowPageTraceBehavior [ RunTime:0.000381s ]
INFO: [ app_end ] --END-- [ RunTime:0.000430s ]

[ 2016-11-25T17:52:57+08:00 ] 1.80.219.150 /cnconsum/App/MerchantType/advert/insertGet
INFO: [ app_init ] --START--
INFO: Run Behavior\BuildLiteBehavior [ RunTime:0.000018s ]
INFO: [ app_init ] --END-- [ RunTime:0.000370s ]
INFO: [ app_begin ] --START--
INFO: Run Behavior\ReadHtmlCacheBehavior [ RunTime:0.000389s ]
INFO: [ app_begin ] --END-- [ RunTime:0.000434s ]
SQL: SHOW COLUMNS FROM `cn_advert_insert` [ RunTime:0.0008s ]
SQL: SELECT * FROM `cn_advert_insert` WHERE `area` = '西安市雁塔区' AND `place` = 2 AND `state` = 'ONLINE' ORDER BY start_time asc  [ RunTime:0.0004s ]
INFO: [ app_end ] --START--
INFO: Run Behavior\ShowPageTraceBehavior [ RunTime:0.000428s ]
INFO: [ app_end ] --END-- [ RunTime:0.000470s ]

[ 2016-11-25T17:52:57+08:00 ] 1.80.219.150 /cnconsum/App/MerchantType/merchant/listGet
INFO: [ app_init ] --START--
INFO: Run Behavior\BuildLiteBehavior [ RunTime:0.000015s ]
INFO: [ app_init ] --END-- [ RunTime:0.000295s ]
INFO: [ app_begin ] --START--
INFO: Run Behavior\ReadHtmlCacheBehavior [ RunTime:0.000491s ]
INFO: [ app_begin ] --END-- [ RunTime:0.000546s ]
SQL: SHOW COLUMNS FROM `cn_merchant` [ RunTime:0.0009s ]
SQL: SELECT `muid`,`phone`,`store`,`image_url`,`longtitude`,`latitude` FROM `cn_merchant` WHERE `address` LIKE '%西安市雁塔区%' LIMIT 1,1   [ RunTime:0.0002s ]
SQL: SHOW COLUMNS FROM `cn_evaluate` [ RunTime:0.0005s ]
SQL: SELECT AVG(stars) AS tp_avg FROM `cn_evaluate` WHERE `merchant` = 'm_6d4e76ca05' LIMIT 1   [ RunTime:0.0002s ]
SQL: SHOW COLUMNS FROM `cn_user_card` [ RunTime:0.0005s ]
SQL: SELECT COUNT(*) AS tp_count FROM `cn_user_card` WHERE `merchant` = 'm_6d4e76ca05' LIMIT 1   [ RunTime:0.0002s ]
SQL: SHOW COLUMNS FROM `cn_merchant_card` [ RunTime:0.0006s ]
SQL: SELECT MIN(rule) AS tp_min FROM `cn_merchant_card` WHERE `merchant` = 'm_6d4e76ca05' AND `type` = '储值卡' LIMIT 1   [ RunTime:0.0026s ]
SQL: SELECT MAX(addition_sum) AS tp_max FROM `cn_merchant_card` WHERE `merchant` = 'm_6d4e76ca05' AND `type` = '储值卡' LIMIT 1   [ RunTime:0.0005s ]
INFO: [ app_end ] --START--
INFO: Run Behavior\ShowPageTraceBehavior [ RunTime:0.000592s ]
INFO: [ app_end ] --END-- [ RunTime:0.000665s ]

[ 2016-11-25T17:52:59+08:00 ] 1.80.219.150 /cnconsum/App/MerchantType/advert/insertGet
INFO: [ app_init ] --START--
INFO: Run Behavior\BuildLiteBehavior [ RunTime:0.000015s ]
INFO: [ app_init ] --END-- [ RunTime:0.000289s ]
INFO: [ app_begin ] --START--
INFO: Run Behavior\ReadHtmlCacheBehavior [ RunTime:0.000401s ]
INFO: [ app_begin ] --END-- [ RunTime:0.000445s ]
SQL: SHOW COLUMNS FROM `cn_advert_insert` [ RunTime:0.0008s ]
SQL: SELECT * FROM `cn_advert_insert` WHERE `area` = '西安市雁塔区' AND `place` = 3 AND `state` = 'ONLINE' ORDER BY start_time asc  [ RunTime:0.0003s ]
INFO: [ app_end ] --START--
INFO: Run Behavior\ShowPageTraceBehavior [ RunTime:0.000457s ]
INFO: [ app_end ] --END-- [ RunTime:0.000506s ]

[ 2016-11-25T17:52:59+08:00 ] 1.80.219.150 /cnconsum/App/MerchantType/merchant/listGet
INFO: [ app_init ] --START--
INFO: Run Behavior\BuildLiteBehavior [ RunTime:0.000016s ]
INFO: [ app_init ] --END-- [ RunTime:0.000289s ]
INFO: [ app_begin ] --START--
INFO: Run Behavior\ReadHtmlCacheBehavior [ RunTime:0.000320s ]
INFO: [ app_begin ] --END-- [ RunTime:0.000364s ]
SQL: SHOW COLUMNS FROM `cn_merchant` [ RunTime:0.0008s ]
SQL: SELECT `muid`,`phone`,`store`,`image_url`,`longtitude`,`latitude` FROM `cn_merchant` WHERE `address` LIKE '%西安市雁塔区%' LIMIT 2,1   [ RunTime:0.0003s ]
SQL: SHOW COLUMNS FROM `cn_evaluate` [ RunTime:0.0006s ]
SQL: SELECT AVG(stars) AS tp_avg FROM `cn_evaluate` WHERE `merchant` = 'm_6d4e76ca06' LIMIT 1   [ RunTime:0.0003s ]
SQL: SHOW COLUMNS FROM `cn_user_card` [ RunTime:0.0005s ]
SQL: SELECT COUNT(*) AS tp_count FROM `cn_user_card` WHERE `merchant` = 'm_6d4e76ca06' LIMIT 1   [ RunTime:0.0002s ]
SQL: SHOW COLUMNS FROM `cn_merchant_card` [ RunTime:0.0005s ]
SQL: SELECT MIN(rule) AS tp_min FROM `cn_merchant_card` WHERE `merchant` = 'm_6d4e76ca06' AND `type` = '储值卡' LIMIT 1   [ RunTime:0.0003s ]
SQL: SELECT MAX(addition_sum) AS tp_max FROM `cn_merchant_card` WHERE `merchant` = 'm_6d4e76ca06' AND `type` = '储值卡' LIMIT 1   [ RunTime:0.0003s ]
INFO: [ app_end ] --START--
INFO: Run Behavior\ShowPageTraceBehavior [ RunTime:0.000461s ]
INFO: [ app_end ] --END-- [ RunTime:0.000519s ]

[ 2016-11-25T18:12:54+08:00 ] 1.80.219.150 /cnconsum/App/MerchantType/merchant/login
INFO: [ app_init ] --START--
INFO: Run Behavior\BuildLiteBehavior [ RunTime:0.000015s ]
INFO: [ app_init ] --END-- [ RunTime:0.000306s ]
INFO: [ app_begin ] --START--
INFO: Run Behavior\ReadHtmlCacheBehavior [ RunTime:0.000360s ]
INFO: [ app_begin ] --END-- [ RunTime:0.000408s ]
SQL: SHOW COLUMNS FROM `cn_merchant` [ RunTime:0.0009s ]
SQL: SELECT * FROM `cn_merchant` WHERE `phone` = '15191582180'  [ RunTime:0.0005s ]
SQL: SELECT COUNT(*) AS tp_count FROM `cn_merchant` WHERE `muid` = 'm_9ba5e2b48b' LIMIT 1   [ RunTime:0.0002s ]
SQL: SELECT * FROM `cn_merchant` WHERE `muid` = 'm_9ba5e2b48b'  [ RunTime:0.0002s ]
INFO: [ app_end ] --START--
INFO: Run Behavior\ShowPageTraceBehavior [ RunTime:0.000410s ]
INFO: [ app_end ] --END-- [ RunTime:0.000453s ]

[ 2016-11-25T18:12:55+08:00 ] 1.80.219.150 /cnconsum/App/Extra/IM/get
INFO: [ app_init ] --START--
INFO: Run Behavior\BuildLiteBehavior [ RunTime:0.000248s ]
INFO: [ app_init ] --END-- [ RunTime:0.000742s ]
INFO: [ app_begin ] --START--
INFO: Run Behavior\ReadHtmlCacheBehavior [ RunTime:0.000488s ]
INFO: [ app_begin ] --END-- [ RunTime:0.000540s ]
NOTIC: [2048] Declaration of App\Controller\Extra\IMController::get() should be compatible with Think\Controller::get($name = '') /var/www/html/cnconsum/Project/App/Controller/Extra/IMController.class.php 第 61 行.
SQL: SHOW COLUMNS FROM `cn_im_account` [ RunTime:0.0010s ]
SQL: SELECT `account`,`nickname`,`headImage` FROM `cn_im_account` WHERE `account` = 'm_9ba5e2b48b'  [ RunTime:0.0005s ]
INFO: [ app_end ] --START--
INFO: Run Behavior\ShowPageTraceBehavior [ RunTime:0.000569s ]
INFO: [ app_end ] --END-- [ RunTime:0.000623s ]

[ 2016-11-25T18:13:35+08:00 ] 1.80.219.150 /cnconsum/App/MerchantType/commodity/get
INFO: [ app_init ] --START--
INFO: Run Behavior\BuildLiteBehavior [ RunTime:0.000014s ]
INFO: [ app_init ] --END-- [ RunTime:0.000283s ]
INFO: [ app_begin ] --START--
INFO: Run Behavior\ReadHtmlCacheBehavior [ RunTime:0.000478s ]
INFO: [ app_begin ] --END-- [ RunTime:0.000535s ]
NOTIC: [2048] Declaration of App\Controller\MerchantType\CommodityController::get() should be compatible with Think\Controller::get($name = '') /var/www/html/cnconsum/Project/App/Controller/MerchantType/CommodityController.class.php 第 109 行.
SQL: SHOW COLUMNS FROM `cn_commodity` [ RunTime:0.0007s ]
SQL: SELECT cn_commodity.*,cn_merchant.image_url FROM `cn_commodity` INNER JOIN cn_merchant ON cn_merchant.muid = cn_commodity.merchant  WHERE `merchant` = 'm_9ba5e2b48b'  [ RunTime:0.0004s ]
INFO: [ app_end ] --START--
INFO: Run Behavior\ShowPageTraceBehavior [ RunTime:0.000551s ]
INFO: [ app_end ] --END-- [ RunTime:0.000596s ]

[ 2016-11-25T18:14:19+08:00 ] 1.80.219.150 /cnconsum/App/MerchantType/merchant/vipGet
INFO: [ app_init ] --START--
INFO: Run Behavior\BuildLiteBehavior [ RunTime:0.000014s ]
INFO: [ app_init ] --END-- [ RunTime:0.000271s ]
INFO: [ app_begin ] --START--
INFO: Run Behavior\ReadHtmlCacheBehavior [ RunTime:0.000473s ]
INFO: [ app_begin ] --END-- [ RunTime:0.000520s ]
SQL: SHOW COLUMNS FROM `cn_user_card` [ RunTime:0.0008s ]
SQL: SELECT nickname as user,`sex`,`phone`,`card_code`,`card_level`,`address`,`headImage`,`remain`,`uuid` FROM `cn_user_card` INNER JOIN cn_user ON cn_user.uuid = cn_user_card.user  WHERE `merchant` = 'm_9ba5e2b48b' GROUP BY user  [ RunTime:0.0005s ]
INFO: [ app_end ] --START--
INFO: Run Behavior\ShowPageTraceBehavior [ RunTime:0.000373s ]
INFO: [ app_end ] --END-- [ RunTime:0.000438s ]

[ 2016-11-25T18:15:10+08:00 ] 1.80.219.150 /cnconsum/App/MerchantType/store/manageGet
INFO: [ app_init ] --START--
INFO: Run Behavior\BuildLiteBehavior [ RunTime:0.000035s ]
INFO: [ app_init ] --END-- [ RunTime:0.000308s ]
INFO: [ app_begin ] --START--
INFO: Run Behavior\ReadHtmlCacheBehavior [ RunTime:0.000322s ]
INFO: [ app_begin ] --END-- [ RunTime:0.000368s ]
SQL: SHOW COLUMNS FROM `cn_store_manage` [ RunTime:0.0007s ]
SQL: SELECT `name`,cn_merchant.store,`phone`,`address`,`passwd`,`remain`,cn_merchant_turnover.sum FROM `cn_store_manage` INNER JOIN cn_merchant ON cn_merchant.muid = cn_store_manage.store INNER JOIN cn_merchant_turnover ON cn_merchant_turnover.merchant = cn_store_manage.store  WHERE cn_store_manage.state = 'access' AND cn_store_manage.merchant = 'm_9ba5e2b48b'  [ RunTime:0.0004s ]
INFO: [ app_end ] --START--
INFO: Run Behavior\ShowPageTraceBehavior [ RunTime:0.000591s ]
INFO: [ app_end ] --END-- [ RunTime:0.000645s ]

[ 2016-11-25T18:15:10+08:00 ] 1.80.219.150 /cnconsum/App/MerchantType/store/appGet
INFO: [ app_init ] --START--
INFO: Run Behavior\BuildLiteBehavior [ RunTime:0.000022s ]
INFO: [ app_init ] --END-- [ RunTime:0.000316s ]
INFO: [ app_begin ] --START--
INFO: Run Behavior\ReadHtmlCacheBehavior [ RunTime:0.000398s ]
INFO: [ app_begin ] --END-- [ RunTime:0.000445s ]
SQL: SHOW COLUMNS FROM `cn_store_manage` [ RunTime:0.0005s ]
SQL: SELECT `name`,cn_merchant.store,cn_merchant.muid,`address` FROM `cn_store_manage` INNER JOIN cn_merchant ON cn_merchant.muid = cn_store_manage.merchant  WHERE cn_store_manage.state = 'wait' AND cn_store_manage.store = '15191582180'  [ RunTime:0.0003s ]
INFO: [ app_end ] --START--
INFO: Run Behavior\ShowPageTraceBehavior [ RunTime:0.000469s ]
INFO: [ app_end ] --END-- [ RunTime:0.000513s ]

[ 2016-11-25T18:15:13+08:00 ] 1.80.219.150 /cnconsum/App/MerchantType/admin/get
INFO: [ app_init ] --START--
INFO: Run Behavior\BuildLiteBehavior [ RunTime:0.000014s ]
INFO: [ app_init ] --END-- [ RunTime:0.000279s ]
INFO: [ app_begin ] --START--
INFO: Run Behavior\ReadHtmlCacheBehavior [ RunTime:0.000353s ]
INFO: [ app_begin ] --END-- [ RunTime:0.000398s ]
NOTIC: [2048] Declaration of App\Controller\MerchantType\AdminController::get() should be compatible with Think\Controller::get($name = '') /var/www/html/cnconsum/Project/App/Controller/MerchantType/AdminController.class.php 第 100 行.
SQL: SHOW COLUMNS FROM `cn_admin` [ RunTime:0.0007s ]
SQL: SELECT * FROM `cn_admin` WHERE `merchant` = 'm_9ba5e2b48b'  [ RunTime:0.0004s ]
INFO: [ app_end ] --START--
INFO: Run Behavior\ShowPageTraceBehavior [ RunTime:0.000527s ]
INFO: [ app_end ] --END-- [ RunTime:0.000572s ]

[ 2016-11-25T18:15:30+08:00 ] 1.80.219.150 /cnconsum/App/MerchantType/merchant/creditGet
INFO: [ app_init ] --START--
INFO: Run Behavior\BuildLiteBehavior [ RunTime:0.000014s ]
INFO: [ app_init ] --END-- [ RunTime:0.000266s ]
INFO: [ app_begin ] --START--
INFO: Run Behavior\ReadHtmlCacheBehavior [ RunTime:0.000412s ]
INFO: [ app_begin ] --END-- [ RunTime:0.000476s ]
SQL: SHOW COLUMNS FROM `cn_merchant` [ RunTime:0.0009s ]
SQL: SELECT * FROM `cn_merchant` WHERE `muid` = 'm_9ba5e2b48b'  [ RunTime:0.0005s ]
SQL: SHOW COLUMNS FROM `cn_merchant_turnover` [ RunTime:0.0004s ]
NOTIC: [8] Undefined variable: phone /var/www/html/cnconsum/Project/App/Controller/MerchantType/MerchantController.class.php 第 431 行.
SQL: SELECT * FROM `cn_merchant_turnover` WHERE `merchant` = null  [ RunTime:0.0002s ]
NOTIC: [8] Undefined offset: 0 /var/www/html/cnconsum/Project/App/Controller/MerchantType/MerchantController.class.php 第 435 行.
INFO: [ app_end ] --START--
INFO: Run Behavior\ShowPageTraceBehavior [ RunTime:0.000517s ]
INFO: [ app_end ] --END-- [ RunTime:0.000596s ]

[ 2016-11-25T18:15:32+08:00 ] 1.80.219.150 /cnconsum/App/MerchantType/merchant/creditGet
INFO: [ app_init ] --START--
INFO: Run Behavior\BuildLiteBehavior [ RunTime:0.000019s ]
INFO: [ app_init ] --END-- [ RunTime:0.000409s ]
INFO: [ app_begin ] --START--
INFO: Run Behavior\ReadHtmlCacheBehavior [ RunTime:0.000358s ]
INFO: [ app_begin ] --END-- [ RunTime:0.000413s ]
SQL: SHOW COLUMNS FROM `cn_merchant` [ RunTime:0.0010s ]
SQL: SELECT * FROM `cn_merchant` WHERE `muid` = 'm_9ba5e2b48b'  [ RunTime:0.0004s ]
SQL: SHOW COLUMNS FROM `cn_merchant_turnover` [ RunTime:0.0008s ]
NOTIC: [8] Undefined variable: phone /var/www/html/cnconsum/Project/App/Controller/MerchantType/MerchantController.class.php 第 431 行.
SQL: SELECT * FROM `cn_merchant_turnover` WHERE `merchant` = null  [ RunTime:0.0002s ]
NOTIC: [8] Undefined offset: 0 /var/www/html/cnconsum/Project/App/Controller/MerchantType/MerchantController.class.php 第 435 行.
INFO: [ app_end ] --START--
INFO: Run Behavior\ShowPageTraceBehavior [ RunTime:0.000626s ]
INFO: [ app_end ] --END-- [ RunTime:0.000683s ]

[ 2016-11-25T18:15:37+08:00 ] 1.80.219.150 /cnconsum/App/MerchantType/Info/get
INFO: [ app_init ] --START--
INFO: Run Behavior\BuildLiteBehavior [ RunTime:0.000014s ]
INFO: [ app_init ] --END-- [ RunTime:0.000350s ]
INFO: [ app_begin ] --START--
INFO: Run Behavior\ReadHtmlCacheBehavior [ RunTime:0.000336s ]
INFO: [ app_begin ] --END-- [ RunTime:0.000381s ]
NOTIC: [2048] Declaration of App\Controller\MerchantType\InfoController::get() should be compatible with Think\Controller::get($name = '') /var/www/html/cnconsum/Project/App/Controller/MerchantType/InfoController.class.php 第 75 行.
SQL: SHOW COLUMNS FROM `cn_merchant_info` [ RunTime:0.0008s ]
SQL: SELECT * FROM `cn_merchant_info` WHERE `merchant` = 'm_9ba5e2b48b' AND `state` = 'true'  [ RunTime:0.0004s ]
SQL: SHOW COLUMNS FROM `cn_user_card` [ RunTime:0.0006s ]
SQL: SELECT DISTINCT  COUNT(*) AS tp_count FROM `cn_user_card` WHERE `merchant` = 'm_9ba5e2b48b' LIMIT 1   [ RunTime:0.0003s ]
INFO: [ app_end ] --START--
INFO: Run Behavior\ShowPageTraceBehavior [ RunTime:0.000541s ]
INFO: [ app_end ] --END-- [ RunTime:0.000617s ]

[ 2016-11-25T18:15:39+08:00 ] 1.80.219.150 /cnconsum/App/MerchantType/admin/get
INFO: [ app_init ] --START--
INFO: Run Behavior\BuildLiteBehavior [ RunTime:0.000014s ]
INFO: [ app_init ] --END-- [ RunTime:0.000266s ]
INFO: [ app_begin ] --START--
INFO: Run Behavior\ReadHtmlCacheBehavior [ RunTime:0.000342s ]
INFO: [ app_begin ] --END-- [ RunTime:0.000404s ]
NOTIC: [2048] Declaration of App\Controller\MerchantType\AdminController::get() should be compatible with Think\Controller::get($name = '') /var/www/html/cnconsum/Project/App/Controller/MerchantType/AdminController.class.php 第 100 行.
SQL: SHOW COLUMNS FROM `cn_admin` [ RunTime:0.0007s ]
SQL: SELECT * FROM `cn_admin` WHERE `merchant` = 'm_9ba5e2b48b'  [ RunTime:0.0005s ]
INFO: [ app_end ] --START--
INFO: Run Behavior\ShowPageTraceBehavior [ RunTime:0.000411s ]
INFO: [ app_end ] --END-- [ RunTime:0.000463s ]

[ 2016-11-25T18:17:00+08:00 ] 1.80.219.150 /cnconsum/App/UserType/appoint/get
INFO: [ app_init ] --START--
INFO: Run Behavior\BuildLiteBehavior [ RunTime:0.000017s ]
INFO: [ app_init ] --END-- [ RunTime:0.000363s ]
INFO: [ app_begin ] --START--
INFO: Run Behavior\ReadHtmlCacheBehavior [ RunTime:0.000417s ]
INFO: [ app_begin ] --END-- [ RunTime:0.000475s ]
NOTIC: [2048] Declaration of App\Controller\UserType\AppointController::get() should be compatible with Think\Controller::get($name = '') /var/www/html/cnconsum/Project/App/Controller/UserType/AppointController.class.php 第 81 行.
SQL: SHOW COLUMNS FROM `cn_appoint` [ RunTime:0.0022s ]
SQL: SELECT * FROM `cn_appoint` WHERE `merchant` = 'm_9ba5e2b48b' AND `state` = 'null'  [ RunTime:0.0004s ]
INFO: [ app_end ] --START--
INFO: Run Behavior\ShowPageTraceBehavior [ RunTime:0.000473s ]
INFO: [ app_end ] --END-- [ RunTime:0.000517s ]

[ 2016-11-25T18:17:02+08:00 ] 1.80.219.150 /cnconsum/App/UserType/postpone/get
INFO: [ app_init ] --START--
INFO: Run Behavior\BuildLiteBehavior [ RunTime:0.000020s ]
INFO: [ app_init ] --END-- [ RunTime:0.000510s ]
INFO: [ app_begin ] --START--
INFO: Run Behavior\ReadHtmlCacheBehavior [ RunTime:0.000440s ]
INFO: [ app_begin ] --END-- [ RunTime:0.000490s ]
NOTIC: [2048] Declaration of App\Controller\UserType\PostponeController::get() should be compatible with Think\Controller::get($name = '') /var/www/html/cnconsum/Project/App/Controller/UserType/PostponeController.class.php 第 80 行.
SQL: SHOW COLUMNS FROM `cn_postpone` [ RunTime:0.0009s ]
SQL: SELECT * FROM `cn_postpone` WHERE `merchant` = 'm_9ba5e2b48b' AND `state` = 'null'  [ RunTime:0.0007s ]
INFO: [ app_end ] --START--
INFO: Run Behavior\ShowPageTraceBehavior [ RunTime:0.000595s ]
INFO: [ app_end ] --END-- [ RunTime:0.000642s ]

