[ 2016-12-03T09:33:01+08:00 ] 115.120.85.145 /cnconsum/App/MerchantType/advert/leadGet
INFO: [ app_init ] --START--
INFO: Run Behavior\BuildLiteBehavior [ RunTime:0.000013s ]
INFO: [ app_init ] --END-- [ RunTime:0.000271s ]
INFO: [ app_begin ] --START--
INFO: Run Behavior\ReadHtmlCacheBehavior [ RunTime:0.000353s ]
INFO: [ app_begin ] --END-- [ RunTime:0.000398s ]
SQL: SHOW COLUMNS FROM `cn_advert_lead` [ RunTime:0.0007s ]
SQL: SELECT * FROM `cn_advert_lead` WHERE `area` = '西安市雁塔区' AND `state` = 'ONLINE' ORDER BY start_time asc  [ RunTime:0.0003s ]
INFO: [ app_end ] --START--
INFO: Run Behavior\ShowPageTraceBehavior [ RunTime:0.000454s ]
INFO: [ app_end ] --END-- [ RunTime:0.000497s ]

[ 2016-12-03T09:33:04+08:00 ] 115.120.85.145 /cnconsum/App/MerchantType/advert/popupGet
INFO: [ app_init ] --START--
INFO: Run Behavior\BuildLiteBehavior [ RunTime:0.000013s ]
INFO: [ app_init ] --END-- [ RunTime:0.000269s ]
INFO: [ app_begin ] --START--
INFO: Run Behavior\ReadHtmlCacheBehavior [ RunTime:0.000353s ]
INFO: [ app_begin ] --END-- [ RunTime:0.000397s ]
SQL: SHOW COLUMNS FROM `cn_advert_popup` [ RunTime:0.0007s ]
SQL: SELECT * FROM `cn_advert_popup` WHERE `area` = '西安市雁塔区' AND `state` = 'ONLINE' ORDER BY start_time asc  [ RunTime:0.0004s ]
INFO: [ app_end ] --START--
INFO: Run Behavior\ShowPageTraceBehavior [ RunTime:0.000443s ]
INFO: [ app_end ] --END-- [ RunTime:0.000485s ]

[ 2016-12-03T09:33:04+08:00 ] 115.120.85.145 /cnconsum/App/Extra/Source/tradeIconGet
INFO: [ app_init ] --START--
INFO: Run Behavior\BuildLiteBehavior [ RunTime:0.000012s ]
INFO: [ app_init ] --END-- [ RunTime:0.000257s ]
INFO: [ app_begin ] --START--
INFO: Run Behavior\ReadHtmlCacheBehavior [ RunTime:0.000325s ]
INFO: [ app_begin ] --END-- [ RunTime:0.000366s ]
SQL: SHOW COLUMNS FROM `cn_trade_icon` [ RunTime:0.0006s ]
SQL: SELECT * FROM `cn_trade_icon`  [ RunTime:0.0002s ]
INFO: [ app_end ] --START--
INFO: Run Behavior\ShowPageTraceBehavior [ RunTime:0.000382s ]
INFO: [ app_end ] --END-- [ RunTime:0.000433s ]

[ 2016-12-03T09:33:04+08:00 ] 115.120.85.145 /cnconsum/App/MerchantType/activity/get
INFO: [ app_init ] --START--
INFO: Run Behavior\BuildLiteBehavior [ RunTime:0.000012s ]
INFO: [ app_init ] --END-- [ RunTime:0.000296s ]
INFO: [ app_begin ] --START--
INFO: Run Behavior\ReadHtmlCacheBehavior [ RunTime:0.000318s ]
INFO: [ app_begin ] --END-- [ RunTime:0.000397s ]
NOTIC: [2048] Declaration of App\Controller\MerchantType\ActivityController::get() should be compatible with Think\Controller::get($name = '') /var/www/html/cnconsum/Project/App/Controller/MerchantType/ActivityController.class.php 第 127 行.
SQL: SHOW COLUMNS FROM `cn_activity` [ RunTime:0.0005s ]
SQL: SELECT * FROM `cn_activity` WHERE `eare` = '西安市雁塔区' AND `state` = 'ONLINE'  [ RunTime:0.0002s ]
INFO: [ app_end ] --START--
INFO: Run Behavior\ShowPageTraceBehavior [ RunTime:0.000405s ]
INFO: [ app_end ] --END-- [ RunTime:0.000447s ]

[ 2016-12-03T09:33:04+08:00 ] 115.120.85.145 /cnconsum/App/MerchantType/advert/headlineGet
INFO: [ app_init ] --START--
INFO: Run Behavior\BuildLiteBehavior [ RunTime:0.000014s ]
INFO: [ app_init ] --END-- [ RunTime:0.000265s ]
INFO: [ app_begin ] --START--
INFO: Run Behavior\ReadHtmlCacheBehavior [ RunTime:0.000377s ]
INFO: [ app_begin ] --END-- [ RunTime:0.000422s ]
SQL: SHOW COLUMNS FROM `cn_advert_headline` [ RunTime:0.0007s ]
SQL: SELECT * FROM `cn_advert_headline` WHERE `area` = '西安市雁塔区' AND `state` = 'ONLINE' ORDER BY place asc  [ RunTime:0.0004s ]
INFO: [ app_end ] --START--
INFO: Run Behavior\ShowPageTraceBehavior [ RunTime:0.000460s ]
INFO: [ app_end ] --END-- [ RunTime:0.000501s ]

[ 2016-12-03T09:33:04+08:00 ] 115.120.85.145 /cnconsum/App/MerchantType/advert/insertGet
INFO: [ app_init ] --START--
INFO: Run Behavior\BuildLiteBehavior [ RunTime:0.000012s ]
INFO: [ app_init ] --END-- [ RunTime:0.000264s ]
INFO: [ app_begin ] --START--
INFO: Run Behavior\ReadHtmlCacheBehavior [ RunTime:0.000411s ]
INFO: [ app_begin ] --END-- [ RunTime:0.000459s ]
SQL: SHOW COLUMNS FROM `cn_advert_insert` [ RunTime:0.0005s ]
SQL: SELECT * FROM `cn_advert_insert` WHERE `area` = '西安市雁塔区' AND `place` = 0 AND `state` = 'ONLINE' ORDER BY start_time asc  [ RunTime:0.0003s ]
INFO: [ app_end ] --START--
INFO: Run Behavior\ShowPageTraceBehavior [ RunTime:0.000408s ]
INFO: [ app_end ] --END-- [ RunTime:0.000451s ]

[ 2016-12-03T09:33:04+08:00 ] 115.120.85.145 /cnconsum/App/MerchantType/merchant/listGet
INFO: [ app_init ] --START--
INFO: Run Behavior\BuildLiteBehavior [ RunTime:0.000014s ]
INFO: [ app_init ] --END-- [ RunTime:0.000258s ]
INFO: [ app_begin ] --START--
INFO: Run Behavior\ReadHtmlCacheBehavior [ RunTime:0.000332s ]
INFO: [ app_begin ] --END-- [ RunTime:0.000404s ]
SQL: SHOW COLUMNS FROM `cn_merchant` [ RunTime:0.0008s ]
SQL: SELECT `muid`,`phone`,`store`,`image_url`,`longtitude`,`latitude` FROM `cn_merchant` WHERE `address` LIKE '%西安市雁塔区%' LIMIT 0,1   [ RunTime:0.0003s ]
SQL: SHOW COLUMNS FROM `cn_evaluate` [ RunTime:0.0005s ]
SQL: SELECT AVG(stars) AS tp_avg FROM `cn_evaluate` WHERE `merchant` = 'm_0deb263d26' LIMIT 1   [ RunTime:0.0003s ]
SQL: SHOW COLUMNS FROM `cn_user_card` [ RunTime:0.0004s ]
SQL: SELECT COUNT(*) AS tp_count FROM `cn_user_card` WHERE `merchant` = 'm_0deb263d26' LIMIT 1   [ RunTime:0.0002s ]
SQL: SHOW COLUMNS FROM `cn_merchant_card` [ RunTime:0.0004s ]
SQL: SELECT MIN(rule) AS tp_min FROM `cn_merchant_card` WHERE `merchant` = 'm_0deb263d26' AND `type` = '储值卡' LIMIT 1   [ RunTime:0.0002s ]
SQL: SELECT MAX(addition_sum) AS tp_max FROM `cn_merchant_card` WHERE `merchant` = 'm_0deb263d26' AND `type` = '储值卡' LIMIT 1   [ RunTime:0.0003s ]
INFO: [ app_end ] --START--
INFO: Run Behavior\ShowPageTraceBehavior [ RunTime:0.000399s ]
INFO: [ app_end ] --END-- [ RunTime:0.000450s ]

[ 2016-12-03T09:33:06+08:00 ] 115.120.85.145 /cnconsum/App/MerchantType/advert/insertGet
INFO: [ app_init ] --START--
INFO: Run Behavior\BuildLiteBehavior [ RunTime:0.000015s ]
INFO: [ app_init ] --END-- [ RunTime:0.000289s ]
INFO: [ app_begin ] --START--
INFO: Run Behavior\ReadHtmlCacheBehavior [ RunTime:0.000315s ]
INFO: [ app_begin ] --END-- [ RunTime:0.000359s ]
SQL: SHOW COLUMNS FROM `cn_advert_insert` [ RunTime:0.0044s ]
SQL: SELECT * FROM `cn_advert_insert` WHERE `area` = '西安市雁塔区' AND `place` = 1 AND `state` = 'ONLINE' ORDER BY start_time asc  [ RunTime:0.0003s ]
INFO: [ app_end ] --START--
INFO: Run Behavior\ShowPageTraceBehavior [ RunTime:0.000524s ]
INFO: [ app_end ] --END-- [ RunTime:0.000583s ]

[ 2016-12-03T09:33:06+08:00 ] 115.120.85.145 /cnconsum/App/MerchantType/merchant/listGet
INFO: [ app_init ] --START--
INFO: Run Behavior\BuildLiteBehavior [ RunTime:0.000014s ]
INFO: [ app_init ] --END-- [ RunTime:0.000283s ]
INFO: [ app_begin ] --START--
INFO: Run Behavior\ReadHtmlCacheBehavior [ RunTime:0.000312s ]
INFO: [ app_begin ] --END-- [ RunTime:0.000355s ]
SQL: SHOW COLUMNS FROM `cn_merchant` [ RunTime:0.0009s ]
SQL: SELECT `muid`,`phone`,`store`,`image_url`,`longtitude`,`latitude` FROM `cn_merchant` WHERE `address` LIKE '%西安市雁塔区%' LIMIT 1,1   [ RunTime:0.0003s ]
SQL: SHOW COLUMNS FROM `cn_evaluate` [ RunTime:0.0004s ]
SQL: SELECT AVG(stars) AS tp_avg FROM `cn_evaluate` WHERE `merchant` = 'm_6d4e76ca05' LIMIT 1   [ RunTime:0.0003s ]
SQL: SHOW COLUMNS FROM `cn_user_card` [ RunTime:0.0004s ]
SQL: SELECT COUNT(*) AS tp_count FROM `cn_user_card` WHERE `merchant` = 'm_6d4e76ca05' LIMIT 1   [ RunTime:0.0002s ]
SQL: SHOW COLUMNS FROM `cn_merchant_card` [ RunTime:0.0004s ]
SQL: SELECT MIN(rule) AS tp_min FROM `cn_merchant_card` WHERE `merchant` = 'm_6d4e76ca05' AND `type` = '储值卡' LIMIT 1   [ RunTime:0.0002s ]
SQL: SELECT MAX(addition_sum) AS tp_max FROM `cn_merchant_card` WHERE `merchant` = 'm_6d4e76ca05' AND `type` = '储值卡' LIMIT 1   [ RunTime:0.0002s ]
INFO: [ app_end ] --START--
INFO: Run Behavior\ShowPageTraceBehavior [ RunTime:0.000389s ]
INFO: [ app_end ] --END-- [ RunTime:0.000440s ]

[ 2016-12-03T09:33:07+08:00 ] 115.120.85.145 /cnconsum/App/Extra/source/version
INFO: [ app_init ] --START--
INFO: Run Behavior\BuildLiteBehavior [ RunTime:0.000014s ]
INFO: [ app_init ] --END-- [ RunTime:0.000324s ]
INFO: [ app_begin ] --START--
INFO: Run Behavior\ReadHtmlCacheBehavior [ RunTime:0.000331s ]
INFO: [ app_begin ] --END-- [ RunTime:0.000375s ]
INFO: [ app_end ] --START--
INFO: Run Behavior\ShowPageTraceBehavior [ RunTime:0.000351s ]
INFO: [ app_end ] --END-- [ RunTime:0.000392s ]

[ 2016-12-03T09:33:20+08:00 ] 115.120.85.145 /cnconsum/App/Extra/source/share
INFO: [ app_init ] --START--
INFO: Run Behavior\BuildLiteBehavior [ RunTime:0.000016s ]
INFO: [ app_init ] --END-- [ RunTime:0.000305s ]
INFO: [ app_begin ] --START--
INFO: Run Behavior\ReadHtmlCacheBehavior [ RunTime:0.000419s ]
INFO: [ app_begin ] --END-- [ RunTime:0.000476s ]
INFO: [ app_end ] --START--
INFO: Run Behavior\ShowPageTraceBehavior [ RunTime:0.000398s ]
INFO: [ app_end ] --END-- [ RunTime:0.000447s ]

[ 2016-12-03T17:15:11+08:00 ] 115.120.85.145 /cnconsum/App/MerchantType/advert/leadGet
INFO: [ app_init ] --START--
INFO: Run Behavior\BuildLiteBehavior [ RunTime:0.000027s ]
INFO: [ app_init ] --END-- [ RunTime:0.000481s ]
INFO: [ app_begin ] --START--
INFO: Run Behavior\ReadHtmlCacheBehavior [ RunTime:0.000575s ]
INFO: [ app_begin ] --END-- [ RunTime:0.000659s ]
SQL: SHOW COLUMNS FROM `cn_advert_lead` [ RunTime:0.0009s ]
SQL: SELECT * FROM `cn_advert_lead` WHERE `area` = '西安市雁塔区' AND `state` = 'ONLINE' ORDER BY start_time asc  [ RunTime:0.0004s ]
INFO: [ app_end ] --START--
INFO: Run Behavior\ShowPageTraceBehavior [ RunTime:0.000477s ]
INFO: [ app_end ] --END-- [ RunTime:0.000539s ]

[ 2016-12-03T17:15:12+08:00 ] 115.120.85.145 /cnconsum/App/Extra/source/version
INFO: [ app_init ] --START--
INFO: Run Behavior\BuildLiteBehavior [ RunTime:0.000014s ]
INFO: [ app_init ] --END-- [ RunTime:0.000273s ]
INFO: [ app_begin ] --START--
INFO: Run Behavior\ReadHtmlCacheBehavior [ RunTime:0.000463s ]
INFO: [ app_begin ] --END-- [ RunTime:0.000509s ]
INFO: [ app_end ] --START--
INFO: Run Behavior\ShowPageTraceBehavior [ RunTime:0.000384s ]
INFO: [ app_end ] --END-- [ RunTime:0.000435s ]

[ 2016-12-03T17:15:14+08:00 ] 115.120.85.145 /cnconsum/App/MerchantType/advert/popupGet
INFO: [ app_init ] --START--
INFO: Run Behavior\BuildLiteBehavior [ RunTime:0.000016s ]
INFO: [ app_init ] --END-- [ RunTime:0.000287s ]
INFO: [ app_begin ] --START--
INFO: Run Behavior\ReadHtmlCacheBehavior [ RunTime:0.000488s ]
INFO: [ app_begin ] --END-- [ RunTime:0.000543s ]
SQL: SHOW COLUMNS FROM `cn_advert_popup` [ RunTime:0.0109s ]
SQL: SELECT * FROM `cn_advert_popup` WHERE `area` = '西安市莲湖区' AND `state` = 'ONLINE' ORDER BY start_time asc  [ RunTime:0.0004s ]
NOTIC: [8] Undefined offset: 0 /var/www/html/cnconsum/Project/App/Controller/MerchantType/AdvertController.class.php 第 112 行.
INFO: [ app_end ] --START--
INFO: Run Behavior\ShowPageTraceBehavior [ RunTime:0.000642s ]
INFO: [ app_end ] --END-- [ RunTime:0.000708s ]

[ 2016-12-03T17:15:14+08:00 ] 115.120.85.145 /cnconsum/App/Extra/Source/tradeIconGet
INFO: [ app_init ] --START--
INFO: Run Behavior\BuildLiteBehavior [ RunTime:0.000039s ]
INFO: [ app_init ] --END-- [ RunTime:0.000345s ]
INFO: [ app_begin ] --START--
INFO: Run Behavior\ReadHtmlCacheBehavior [ RunTime:0.000427s ]
INFO: [ app_begin ] --END-- [ RunTime:0.000490s ]
SQL: SHOW COLUMNS FROM `cn_trade_icon` [ RunTime:0.0007s ]
SQL: SELECT * FROM `cn_trade_icon`  [ RunTime:0.0003s ]
INFO: [ app_end ] --START--
INFO: Run Behavior\ShowPageTraceBehavior [ RunTime:0.000373s ]
INFO: [ app_end ] --END-- [ RunTime:0.000414s ]

[ 2016-12-03T17:15:14+08:00 ] 115.120.85.145 /cnconsum/App/MerchantType/activity/get
INFO: [ app_init ] --START--
INFO: Run Behavior\BuildLiteBehavior [ RunTime:0.000015s ]
INFO: [ app_init ] --END-- [ RunTime:0.000301s ]
INFO: [ app_begin ] --START--
INFO: Run Behavior\ReadHtmlCacheBehavior [ RunTime:0.000381s ]
INFO: [ app_begin ] --END-- [ RunTime:0.000438s ]
NOTIC: [2048] Declaration of App\Controller\MerchantType\ActivityController::get() should be compatible with Think\Controller::get($name = '') /var/www/html/cnconsum/Project/App/Controller/MerchantType/ActivityController.class.php 第 127 行.
SQL: SHOW COLUMNS FROM `cn_activity` [ RunTime:0.0006s ]
SQL: SELECT * FROM `cn_activity` WHERE `eare` = '西安市雁塔区' AND `state` = 'ONLINE'  [ RunTime:0.0003s ]
INFO: [ app_end ] --START--
INFO: Run Behavior\ShowPageTraceBehavior [ RunTime:0.000407s ]
INFO: [ app_end ] --END-- [ RunTime:0.000462s ]

[ 2016-12-03T17:15:14+08:00 ] 115.120.85.145 /cnconsum/App/MerchantType/advert/headlineGet
INFO: [ app_init ] --START--
INFO: Run Behavior\BuildLiteBehavior [ RunTime:0.000014s ]
INFO: [ app_init ] --END-- [ RunTime:0.000279s ]
INFO: [ app_begin ] --START--
INFO: Run Behavior\ReadHtmlCacheBehavior [ RunTime:0.000365s ]
INFO: [ app_begin ] --END-- [ RunTime:0.000410s ]
SQL: SHOW COLUMNS FROM `cn_advert_headline` [ RunTime:0.0007s ]
SQL: SELECT * FROM `cn_advert_headline` WHERE `area` = '西安市莲湖区' AND `state` = 'ONLINE' ORDER BY place asc  [ RunTime:0.0004s ]
INFO: [ app_end ] --START--
INFO: Run Behavior\ShowPageTraceBehavior [ RunTime:0.000572s ]
INFO: [ app_end ] --END-- [ RunTime:0.000644s ]

[ 2016-12-03T17:15:14+08:00 ] 115.120.85.145 /cnconsum/App/MerchantType/advert/insertGet
INFO: [ app_init ] --START--
INFO: Run Behavior\BuildLiteBehavior [ RunTime:0.000014s ]
INFO: [ app_init ] --END-- [ RunTime:0.000265s ]
INFO: [ app_begin ] --START--
INFO: Run Behavior\ReadHtmlCacheBehavior [ RunTime:0.000315s ]
INFO: [ app_begin ] --END-- [ RunTime:0.000359s ]
SQL: SHOW COLUMNS FROM `cn_advert_insert` [ RunTime:0.0007s ]
SQL: SELECT * FROM `cn_advert_insert` WHERE `area` = '西安市莲湖区' AND `place` = 0 AND `state` = 'ONLINE' ORDER BY start_time asc  [ RunTime:0.0003s ]
INFO: [ app_end ] --START--
INFO: Run Behavior\ShowPageTraceBehavior [ RunTime:0.000493s ]
INFO: [ app_end ] --END-- [ RunTime:0.000553s ]

[ 2016-12-03T17:15:16+08:00 ] 115.120.85.145 /cnconsum/App/MerchantType/advert/leadGet
INFO: [ app_init ] --START--
INFO: Run Behavior\BuildLiteBehavior [ RunTime:0.000014s ]
INFO: [ app_init ] --END-- [ RunTime:0.000285s ]
INFO: [ app_begin ] --START--
INFO: Run Behavior\ReadHtmlCacheBehavior [ RunTime:0.000394s ]
INFO: [ app_begin ] --END-- [ RunTime:0.000451s ]
SQL: SHOW COLUMNS FROM `cn_advert_lead` [ RunTime:0.0007s ]
SQL: SELECT * FROM `cn_advert_lead` WHERE `area` = '西安市雁塔区' AND `state` = 'ONLINE' ORDER BY start_time asc  [ RunTime:0.0003s ]
INFO: [ app_end ] --START--
INFO: Run Behavior\ShowPageTraceBehavior [ RunTime:0.000395s ]
INFO: [ app_end ] --END-- [ RunTime:0.000442s ]

[ 2016-12-03T17:15:17+08:00 ] 115.120.85.145 /cnconsum/App/Extra/source/version
INFO: [ app_init ] --START--
INFO: Run Behavior\BuildLiteBehavior [ RunTime:0.000015s ]
INFO: [ app_init ] --END-- [ RunTime:0.000358s ]
INFO: [ app_begin ] --START--
INFO: Run Behavior\ReadHtmlCacheBehavior [ RunTime:0.000512s ]
INFO: [ app_begin ] --END-- [ RunTime:0.000578s ]
INFO: [ app_end ] --START--
INFO: Run Behavior\ShowPageTraceBehavior [ RunTime:0.000366s ]
INFO: [ app_end ] --END-- [ RunTime:0.000421s ]

[ 2016-12-03T17:15:20+08:00 ] 115.120.85.145 /cnconsum/App/MerchantType/advert/popupGet
INFO: [ app_init ] --START--
INFO: Run Behavior\BuildLiteBehavior [ RunTime:0.000013s ]
INFO: [ app_init ] --END-- [ RunTime:0.000307s ]
INFO: [ app_begin ] --START--
INFO: Run Behavior\ReadHtmlCacheBehavior [ RunTime:0.000428s ]
INFO: [ app_begin ] --END-- [ RunTime:0.000480s ]
SQL: SHOW COLUMNS FROM `cn_advert_popup` [ RunTime:0.0008s ]
SQL: SELECT * FROM `cn_advert_popup` WHERE `area` = '西安市莲湖区' AND `state` = 'ONLINE' ORDER BY start_time asc  [ RunTime:0.0003s ]
NOTIC: [8] Undefined offset: 0 /var/www/html/cnconsum/Project/App/Controller/MerchantType/AdvertController.class.php 第 112 行.
INFO: [ app_end ] --START--
INFO: Run Behavior\ShowPageTraceBehavior [ RunTime:0.000484s ]
INFO: [ app_end ] --END-- [ RunTime:0.000528s ]

[ 2016-12-03T17:15:20+08:00 ] 115.120.85.145 /cnconsum/App/MerchantType/activity/get
INFO: [ app_init ] --START--
INFO: Run Behavior\BuildLiteBehavior [ RunTime:0.000020s ]
INFO: [ app_init ] --END-- [ RunTime:0.000414s ]
INFO: [ app_begin ] --START--
INFO: Run Behavior\ReadHtmlCacheBehavior [ RunTime:0.000515s ]
INFO: [ app_begin ] --END-- [ RunTime:0.000603s ]
NOTIC: [2048] Declaration of App\Controller\MerchantType\ActivityController::get() should be compatible with Think\Controller::get($name = '') /var/www/html/cnconsum/Project/App/Controller/MerchantType/ActivityController.class.php 第 127 行.
SQL: SHOW COLUMNS FROM `cn_activity` [ RunTime:0.0007s ]
SQL: SELECT * FROM `cn_activity` WHERE `eare` = '西安市雁塔区' AND `state` = 'ONLINE'  [ RunTime:0.0003s ]
INFO: [ app_end ] --START--
INFO: Run Behavior\ShowPageTraceBehavior [ RunTime:0.000381s ]
INFO: [ app_end ] --END-- [ RunTime:0.000453s ]

[ 2016-12-03T17:15:20+08:00 ] 115.120.85.145 /cnconsum/App/Extra/Source/tradeIconGet
INFO: [ app_init ] --START--
INFO: Run Behavior\BuildLiteBehavior [ RunTime:0.000021s ]
INFO: [ app_init ] --END-- [ RunTime:0.000557s ]
INFO: [ app_begin ] --START--
INFO: Run Behavior\ReadHtmlCacheBehavior [ RunTime:0.000577s ]
INFO: [ app_begin ] --END-- [ RunTime:0.000654s ]
SQL: SHOW COLUMNS FROM `cn_trade_icon` [ RunTime:0.0007s ]
SQL: SELECT * FROM `cn_trade_icon`  [ RunTime:0.0003s ]
INFO: [ app_end ] --START--
INFO: Run Behavior\ShowPageTraceBehavior [ RunTime:0.000411s ]
INFO: [ app_end ] --END-- [ RunTime:0.000464s ]

[ 2016-12-03T17:15:20+08:00 ] 115.120.85.145 /cnconsum/App/MerchantType/advert/insertGet
INFO: [ app_init ] --START--
INFO: Run Behavior\BuildLiteBehavior [ RunTime:0.000019s ]
INFO: [ app_init ] --END-- [ RunTime:0.000423s ]
INFO: [ app_begin ] --START--
INFO: Run Behavior\ReadHtmlCacheBehavior [ RunTime:0.000538s ]
INFO: [ app_begin ] --END-- [ RunTime:0.000606s ]
SQL: SHOW COLUMNS FROM `cn_advert_insert` [ RunTime:0.0007s ]
SQL: SELECT * FROM `cn_advert_insert` WHERE `area` = '西安市莲湖区' AND `place` = 0 AND `state` = 'ONLINE' ORDER BY start_time asc  [ RunTime:0.0003s ]
INFO: [ app_end ] --START--
INFO: Run Behavior\ShowPageTraceBehavior [ RunTime:0.000389s ]
INFO: [ app_end ] --END-- [ RunTime:0.000430s ]

[ 2016-12-03T17:15:20+08:00 ] 115.120.85.145 /cnconsum/App/MerchantType/advert/headlineGet
INFO: [ app_init ] --START--
INFO: Run Behavior\BuildLiteBehavior [ RunTime:0.000018s ]
INFO: [ app_init ] --END-- [ RunTime:0.000485s ]
INFO: [ app_begin ] --START--
INFO: Run Behavior\ReadHtmlCacheBehavior [ RunTime:0.000457s ]
INFO: [ app_begin ] --END-- [ RunTime:0.000506s ]
SQL: SHOW COLUMNS FROM `cn_advert_headline` [ RunTime:0.0005s ]
SQL: SELECT * FROM `cn_advert_headline` WHERE `area` = '西安市莲湖区' AND `state` = 'ONLINE' ORDER BY place asc  [ RunTime:0.0004s ]
INFO: [ app_end ] --START--
INFO: Run Behavior\ShowPageTraceBehavior [ RunTime:0.000492s ]
INFO: [ app_end ] --END-- [ RunTime:0.000540s ]

[ 2016-12-03T17:15:20+08:00 ] 115.120.85.145 /cnconsum/App/MerchantType/merchant/listGet
INFO: [ app_init ] --START--
INFO: Run Behavior\BuildLiteBehavior [ RunTime:0.000019s ]
INFO: [ app_init ] --END-- [ RunTime:0.000446s ]
INFO: [ app_begin ] --START--
INFO: Run Behavior\ReadHtmlCacheBehavior [ RunTime:0.000542s ]
INFO: [ app_begin ] --END-- [ RunTime:0.000610s ]
SQL: SHOW COLUMNS FROM `cn_merchant` [ RunTime:0.0011s ]
SQL: SELECT `muid`,`phone`,`store`,`image_url`,`longtitude`,`latitude` FROM `cn_merchant` WHERE `address` LIKE '%西安市莲湖区%' LIMIT 0,1   [ RunTime:0.0003s ]
INFO: [ app_end ] --START--
INFO: Run Behavior\ShowPageTraceBehavior [ RunTime:0.000570s ]
INFO: [ app_end ] --END-- [ RunTime:0.000665s ]

[ 2016-12-03T17:15:22+08:00 ] 115.120.85.145 /cnconsum/App/MerchantType/advert/leadGet
INFO: [ app_init ] --START--
INFO: Run Behavior\BuildLiteBehavior [ RunTime:0.000024s ]
INFO: [ app_init ] --END-- [ RunTime:0.000391s ]
INFO: [ app_begin ] --START--
INFO: Run Behavior\ReadHtmlCacheBehavior [ RunTime:0.000506s ]
INFO: [ app_begin ] --END-- [ RunTime:0.000569s ]
SQL: SHOW COLUMNS FROM `cn_advert_lead` [ RunTime:0.0008s ]
SQL: SELECT * FROM `cn_advert_lead` WHERE `area` = '西安市雁塔区' AND `state` = 'ONLINE' ORDER BY start_time asc  [ RunTime:0.0003s ]
INFO: [ app_end ] --START--
INFO: Run Behavior\ShowPageTraceBehavior [ RunTime:0.000615s ]
INFO: [ app_end ] --END-- [ RunTime:0.000714s ]

[ 2016-12-03T17:15:24+08:00 ] 115.120.85.145 /cnconsum/App/Extra/source/version
INFO: [ app_init ] --START--
INFO: Run Behavior\BuildLiteBehavior [ RunTime:0.000016s ]
INFO: [ app_init ] --END-- [ RunTime:0.000331s ]
INFO: [ app_begin ] --START--
INFO: Run Behavior\ReadHtmlCacheBehavior [ RunTime:0.000375s ]
INFO: [ app_begin ] --END-- [ RunTime:0.000472s ]
INFO: [ app_end ] --START--
INFO: Run Behavior\ShowPageTraceBehavior [ RunTime:0.000448s ]
INFO: [ app_end ] --END-- [ RunTime:0.000502s ]

[ 2016-12-03T17:15:26+08:00 ] 115.120.85.145 /cnconsum/App/MerchantType/advert/popupGet
INFO: [ app_init ] --START--
INFO: Run Behavior\BuildLiteBehavior [ RunTime:0.000018s ]
INFO: [ app_init ] --END-- [ RunTime:0.000309s ]
INFO: [ app_begin ] --START--
INFO: Run Behavior\ReadHtmlCacheBehavior [ RunTime:0.000481s ]
INFO: [ app_begin ] --END-- [ RunTime:0.000526s ]
SQL: SHOW COLUMNS FROM `cn_advert_popup` [ RunTime:0.0007s ]
SQL: SELECT * FROM `cn_advert_popup` WHERE `area` = '西安市莲湖区' AND `state` = 'ONLINE' ORDER BY start_time asc  [ RunTime:0.0003s ]
NOTIC: [8] Undefined offset: 0 /var/www/html/cnconsum/Project/App/Controller/MerchantType/AdvertController.class.php 第 112 行.
INFO: [ app_end ] --START--
INFO: Run Behavior\ShowPageTraceBehavior [ RunTime:0.000451s ]
INFO: [ app_end ] --END-- [ RunTime:0.000497s ]

[ 2016-12-03T17:15:26+08:00 ] 115.120.85.145 /cnconsum/App/MerchantType/activity/get
INFO: [ app_init ] --START--
INFO: Run Behavior\BuildLiteBehavior [ RunTime:0.000016s ]
INFO: [ app_init ] --END-- [ RunTime:0.000290s ]
INFO: [ app_begin ] --START--
INFO: Run Behavior\ReadHtmlCacheBehavior [ RunTime:0.000521s ]
INFO: [ app_begin ] --END-- [ RunTime:0.000569s ]
NOTIC: [2048] Declaration of App\Controller\MerchantType\ActivityController::get() should be compatible with Think\Controller::get($name = '') /var/www/html/cnconsum/Project/App/Controller/MerchantType/ActivityController.class.php 第 127 行.
SQL: SHOW COLUMNS FROM `cn_activity` [ RunTime:0.0007s ]
SQL: SELECT * FROM `cn_activity` WHERE `eare` = '西安市雁塔区' AND `state` = 'ONLINE'  [ RunTime:0.0003s ]
INFO: [ app_end ] --START--
INFO: Run Behavior\ShowPageTraceBehavior [ RunTime:0.000712s ]
INFO: [ app_end ] --END-- [ RunTime:0.000783s ]

[ 2016-12-03T17:15:26+08:00 ] 115.120.85.145 /cnconsum/App/Extra/Source/tradeIconGet
INFO: [ app_init ] --START--
INFO: Run Behavior\BuildLiteBehavior [ RunTime:0.000013s ]
INFO: [ app_init ] --END-- [ RunTime:0.000353s ]
INFO: [ app_begin ] --START--
INFO: Run Behavior\ReadHtmlCacheBehavior [ RunTime:0.000362s ]
INFO: [ app_begin ] --END-- [ RunTime:0.000407s ]
SQL: SHOW COLUMNS FROM `cn_trade_icon` [ RunTime:0.0007s ]
SQL: SELECT * FROM `cn_trade_icon`  [ RunTime:0.0003s ]
INFO: [ app_end ] --START--
INFO: Run Behavior\ShowPageTraceBehavior [ RunTime:0.000511s ]
INFO: [ app_end ] --END-- [ RunTime:0.000558s ]

[ 2016-12-03T17:15:26+08:00 ] 115.120.85.145 /cnconsum/App/MerchantType/advert/headlineGet
INFO: [ app_init ] --START--
INFO: Run Behavior\BuildLiteBehavior [ RunTime:0.000019s ]
INFO: [ app_init ] --END-- [ RunTime:0.000398s ]
INFO: [ app_begin ] --START--
INFO: Run Behavior\ReadHtmlCacheBehavior [ RunTime:0.000527s ]
INFO: [ app_begin ] --END-- [ RunTime:0.000593s ]
SQL: SHOW COLUMNS FROM `cn_advert_headline` [ RunTime:0.0007s ]
SQL: SELECT * FROM `cn_advert_headline` WHERE `area` = '西安市莲湖区' AND `state` = 'ONLINE' ORDER BY place asc  [ RunTime:0.0004s ]
INFO: [ app_end ] --START--
INFO: Run Behavior\ShowPageTraceBehavior [ RunTime:0.000415s ]
INFO: [ app_end ] --END-- [ RunTime:0.000457s ]

[ 2016-12-03T17:15:26+08:00 ] 115.120.85.145 /cnconsum/App/MerchantType/advert/insertGet
INFO: [ app_init ] --START--
INFO: Run Behavior\BuildLiteBehavior [ RunTime:0.000019s ]
INFO: [ app_init ] --END-- [ RunTime:0.000398s ]
INFO: [ app_begin ] --START--
INFO: Run Behavior\ReadHtmlCacheBehavior [ RunTime:0.000482s ]
INFO: [ app_begin ] --END-- [ RunTime:0.000539s ]
SQL: SHOW COLUMNS FROM `cn_advert_insert` [ RunTime:0.0007s ]
SQL: SELECT * FROM `cn_advert_insert` WHERE `area` = '西安市莲湖区' AND `place` = 0 AND `state` = 'ONLINE' ORDER BY start_time asc  [ RunTime:0.0004s ]
INFO: [ app_end ] --START--
INFO: Run Behavior\ShowPageTraceBehavior [ RunTime:0.000522s ]
INFO: [ app_end ] --END-- [ RunTime:0.000578s ]

[ 2016-12-03T23:38:23+08:00 ] 113.143.181.175 /cnconsum/App/MerchantType/advert/leadGet
INFO: [ app_init ] --START--
INFO: Run Behavior\BuildLiteBehavior [ RunTime:0.000017s ]
INFO: [ app_init ] --END-- [ RunTime:0.000313s ]
INFO: [ app_begin ] --START--
INFO: Run Behavior\ReadHtmlCacheBehavior [ RunTime:0.000416s ]
INFO: [ app_begin ] --END-- [ RunTime:0.000475s ]
SQL: SHOW COLUMNS FROM `cn_advert_lead` [ RunTime:0.0007s ]
SQL: SELECT * FROM `cn_advert_lead` WHERE `area` = '西安市雁塔区' AND `state` = 'ONLINE' ORDER BY start_time asc  [ RunTime:0.0003s ]
INFO: [ app_end ] --START--
INFO: Run Behavior\ShowPageTraceBehavior [ RunTime:0.000361s ]
INFO: [ app_end ] --END-- [ RunTime:0.000408s ]

[ 2016-12-03T23:38:26+08:00 ] 113.143.181.175 /cnconsum/App/Extra/source/version
INFO: [ app_init ] --START--
INFO: Run Behavior\BuildLiteBehavior [ RunTime:0.000018s ]
INFO: [ app_init ] --END-- [ RunTime:0.000309s ]
INFO: [ app_begin ] --START--
INFO: Run Behavior\ReadHtmlCacheBehavior [ RunTime:0.000424s ]
INFO: [ app_begin ] --END-- [ RunTime:0.000478s ]
INFO: [ app_end ] --START--
INFO: Run Behavior\ShowPageTraceBehavior [ RunTime:0.000405s ]
INFO: [ app_end ] --END-- [ RunTime:0.000445s ]

[ 2016-12-03T23:38:47+08:00 ] 113.143.181.175 /cnconsum/App/Extra/Source/tradeIconGet
INFO: [ app_init ] --START--
INFO: Run Behavior\BuildLiteBehavior [ RunTime:0.000015s ]
INFO: [ app_init ] --END-- [ RunTime:0.000298s ]
INFO: [ app_begin ] --START--
INFO: Run Behavior\ReadHtmlCacheBehavior [ RunTime:0.000381s ]
INFO: [ app_begin ] --END-- [ RunTime:0.000447s ]
SQL: SHOW COLUMNS FROM `cn_trade_icon` [ RunTime:0.0008s ]
SQL: SELECT * FROM `cn_trade_icon`  [ RunTime:0.0003s ]
INFO: [ app_end ] --START--
INFO: Run Behavior\ShowPageTraceBehavior [ RunTime:0.000385s ]
INFO: [ app_end ] --END-- [ RunTime:0.000439s ]

[ 2016-12-03T23:38:47+08:00 ] 113.143.181.175 /cnconsum/App/MerchantType/activity/get
INFO: [ app_init ] --START--
INFO: Run Behavior\BuildLiteBehavior [ RunTime:0.000015s ]
INFO: [ app_init ] --END-- [ RunTime:0.000291s ]
INFO: [ app_begin ] --START--
INFO: Run Behavior\ReadHtmlCacheBehavior [ RunTime:0.000385s ]
INFO: [ app_begin ] --END-- [ RunTime:0.000459s ]
NOTIC: [2048] Declaration of App\Controller\MerchantType\ActivityController::get() should be compatible with Think\Controller::get($name = '') /var/www/html/cnconsum/Project/App/Controller/MerchantType/ActivityController.class.php 第 127 行.
SQL: SHOW COLUMNS FROM `cn_activity` [ RunTime:0.0006s ]
SQL: SELECT * FROM `cn_activity` WHERE `eare` = '西安市雁塔区' AND `state` = 'ONLINE'  [ RunTime:0.0003s ]
INFO: [ app_end ] --START--
INFO: Run Behavior\ShowPageTraceBehavior [ RunTime:0.000497s ]
INFO: [ app_end ] --END-- [ RunTime:0.000548s ]

[ 2016-12-03T23:38:47+08:00 ] 113.143.181.175 /cnconsum/App/MerchantType/advert/popupGet
INFO: [ app_init ] --START--
INFO: Run Behavior\BuildLiteBehavior [ RunTime:0.000015s ]
INFO: [ app_init ] --END-- [ RunTime:0.000325s ]
INFO: [ app_begin ] --START--
INFO: Run Behavior\ReadHtmlCacheBehavior [ RunTime:0.000359s ]
INFO: [ app_begin ] --END-- [ RunTime:0.000415s ]
SQL: SHOW COLUMNS FROM `cn_advert_popup` [ RunTime:0.0007s ]
SQL: SELECT * FROM `cn_advert_popup` WHERE `area` = '西安市雁塔区' AND `state` = 'ONLINE' ORDER BY start_time asc  [ RunTime:0.0003s ]
INFO: [ app_end ] --START--
INFO: Run Behavior\ShowPageTraceBehavior [ RunTime:0.000496s ]
INFO: [ app_end ] --END-- [ RunTime:0.000544s ]

[ 2016-12-03T23:38:47+08:00 ] 113.143.181.175 /cnconsum/App/MerchantType/advert/headlineGet
INFO: [ app_init ] --START--
INFO: Run Behavior\BuildLiteBehavior [ RunTime:0.000014s ]
INFO: [ app_init ] --END-- [ RunTime:0.000257s ]
INFO: [ app_begin ] --START--
INFO: Run Behavior\ReadHtmlCacheBehavior [ RunTime:0.000357s ]
INFO: [ app_begin ] --END-- [ RunTime:0.000400s ]
SQL: SHOW COLUMNS FROM `cn_advert_headline` [ RunTime:0.0007s ]
SQL: SELECT * FROM `cn_advert_headline` WHERE `area` = '西安市雁塔区' AND `state` = 'ONLINE' ORDER BY place asc  [ RunTime:0.0003s ]
INFO: [ app_end ] --START--
INFO: Run Behavior\ShowPageTraceBehavior [ RunTime:0.000462s ]
INFO: [ app_end ] --END-- [ RunTime:0.000511s ]

[ 2016-12-03T23:38:47+08:00 ] 113.143.181.175 /cnconsum/App/MerchantType/advert/insertGet
INFO: [ app_init ] --START--
INFO: Run Behavior\BuildLiteBehavior [ RunTime:0.000011s ]
INFO: [ app_init ] --END-- [ RunTime:0.000242s ]
INFO: [ app_begin ] --START--
INFO: Run Behavior\ReadHtmlCacheBehavior [ RunTime:0.000399s ]
INFO: [ app_begin ] --END-- [ RunTime:0.000444s ]
SQL: SHOW COLUMNS FROM `cn_advert_insert` [ RunTime:0.0005s ]
SQL: SELECT * FROM `cn_advert_insert` WHERE `area` = '西安市雁塔区' AND `place` = 0 AND `state` = 'ONLINE' ORDER BY start_time asc  [ RunTime:0.0002s ]
INFO: [ app_end ] --START--
INFO: Run Behavior\ShowPageTraceBehavior [ RunTime:0.000392s ]
INFO: [ app_end ] --END-- [ RunTime:0.000434s ]

[ 2016-12-03T23:38:47+08:00 ] 113.143.181.175 /cnconsum/App/MerchantType/merchant/listGet
INFO: [ app_init ] --START--
INFO: Run Behavior\BuildLiteBehavior [ RunTime:0.000014s ]
INFO: [ app_init ] --END-- [ RunTime:0.000261s ]
INFO: [ app_begin ] --START--
INFO: Run Behavior\ReadHtmlCacheBehavior [ RunTime:0.000374s ]
INFO: [ app_begin ] --END-- [ RunTime:0.000419s ]
SQL: SHOW COLUMNS FROM `cn_merchant` [ RunTime:0.0009s ]
SQL: SELECT `muid`,`phone`,`store`,`image_url`,`longtitude`,`latitude` FROM `cn_merchant` WHERE `address` LIKE '%西安市雁塔区%' LIMIT 0,1   [ RunTime:0.0004s ]
SQL: SHOW COLUMNS FROM `cn_evaluate` [ RunTime:0.0005s ]
SQL: SELECT AVG(stars) AS tp_avg FROM `cn_evaluate` WHERE `merchant` = 'm_0deb263d26' LIMIT 1   [ RunTime:0.0003s ]
SQL: SHOW COLUMNS FROM `cn_user_card` [ RunTime:0.0005s ]
SQL: SELECT COUNT(*) AS tp_count FROM `cn_user_card` WHERE `merchant` = 'm_0deb263d26' LIMIT 1   [ RunTime:0.0002s ]
SQL: SHOW COLUMNS FROM `cn_merchant_card` [ RunTime:0.0005s ]
SQL: SELECT MIN(rule) AS tp_min FROM `cn_merchant_card` WHERE `merchant` = 'm_0deb263d26' AND `type` = '储值卡' LIMIT 1   [ RunTime:0.0002s ]
SQL: SELECT MAX(addition_sum) AS tp_max FROM `cn_merchant_card` WHERE `merchant` = 'm_0deb263d26' AND `type` = '储值卡' LIMIT 1   [ RunTime:0.0002s ]
INFO: [ app_end ] --START--
INFO: Run Behavior\ShowPageTraceBehavior [ RunTime:0.000433s ]
INFO: [ app_end ] --END-- [ RunTime:0.000479s ]

[ 2016-12-03T23:38:51+08:00 ] 113.143.181.175 /cnconsum/App/MerchantType/advert/insertGet
INFO: [ app_init ] --START--
INFO: Run Behavior\BuildLiteBehavior [ RunTime:0.000014s ]
INFO: [ app_init ] --END-- [ RunTime:0.000300s ]
INFO: [ app_begin ] --START--
INFO: Run Behavior\ReadHtmlCacheBehavior [ RunTime:0.000367s ]
INFO: [ app_begin ] --END-- [ RunTime:0.000411s ]
SQL: SHOW COLUMNS FROM `cn_advert_insert` [ RunTime:0.0008s ]
SQL: SELECT * FROM `cn_advert_insert` WHERE `area` = '西安市雁塔区' AND `place` = 0 AND `state` = 'ONLINE' ORDER BY start_time asc  [ RunTime:0.0003s ]
INFO: [ app_end ] --START--
INFO: Run Behavior\ShowPageTraceBehavior [ RunTime:0.000454s ]
INFO: [ app_end ] --END-- [ RunTime:0.000509s ]

[ 2016-12-03T23:38:51+08:00 ] 113.143.181.175 /cnconsum/App/MerchantType/merchant/listGet
INFO: [ app_init ] --START--
INFO: Run Behavior\BuildLiteBehavior [ RunTime:0.000015s ]
INFO: [ app_init ] --END-- [ RunTime:0.000268s ]
INFO: [ app_begin ] --START--
INFO: Run Behavior\ReadHtmlCacheBehavior [ RunTime:0.000318s ]
INFO: [ app_begin ] --END-- [ RunTime:0.000361s ]
SQL: SHOW COLUMNS FROM `cn_merchant` [ RunTime:0.0011s ]
SQL: SELECT `muid`,`phone`,`store`,`image_url`,`longtitude`,`latitude` FROM `cn_merchant` WHERE `address` LIKE '%西安市雁塔区%' LIMIT 0,1   [ RunTime:0.0003s ]
SQL: SHOW COLUMNS FROM `cn_evaluate` [ RunTime:0.0005s ]
SQL: SELECT AVG(stars) AS tp_avg FROM `cn_evaluate` WHERE `merchant` = 'm_0deb263d26' LIMIT 1   [ RunTime:0.0003s ]
SQL: SHOW COLUMNS FROM `cn_user_card` [ RunTime:0.0004s ]
SQL: SELECT COUNT(*) AS tp_count FROM `cn_user_card` WHERE `merchant` = 'm_0deb263d26' LIMIT 1   [ RunTime:0.0002s ]
SQL: SHOW COLUMNS FROM `cn_merchant_card` [ RunTime:0.0005s ]
SQL: SELECT MIN(rule) AS tp_min FROM `cn_merchant_card` WHERE `merchant` = 'm_0deb263d26' AND `type` = '储值卡' LIMIT 1   [ RunTime:0.0003s ]
SQL: SELECT MAX(addition_sum) AS tp_max FROM `cn_merchant_card` WHERE `merchant` = 'm_0deb263d26' AND `type` = '储值卡' LIMIT 1   [ RunTime:0.0002s ]
INFO: [ app_end ] --START--
INFO: Run Behavior\ShowPageTraceBehavior [ RunTime:0.000455s ]
INFO: [ app_end ] --END-- [ RunTime:0.000499s ]

[ 2016-12-03T23:38:52+08:00 ] 113.143.181.175 /cnconsum/App/MerchantType/search/get
INFO: [ app_init ] --START--
INFO: Run Behavior\BuildLiteBehavior [ RunTime:0.000014s ]
INFO: [ app_init ] --END-- [ RunTime:0.000258s ]
INFO: [ app_begin ] --START--
INFO: Run Behavior\ReadHtmlCacheBehavior [ RunTime:0.000328s ]
INFO: [ app_begin ] --END-- [ RunTime:0.000427s ]
NOTIC: [2048] Declaration of App\Controller\MerchantType\SearchController::get() should be compatible with Think\Controller::get($name = '') /var/www/html/cnconsum/Project/App/Controller/MerchantType/SearchController.class.php 第 35 行.
SQL: SHOW COLUMNS FROM `cn_merchant` [ RunTime:0.0008s ]
SQL: SELECT `muid`,`phone`,`store`,`image_url`,`longtitude`,`latitude` FROM `cn_merchant` WHERE `address` LIKE '%西安市雁塔区%' AND `trade` LIKE '%美容%' LIMIT 0,10   [ RunTime:0.0004s ]
SQL: SHOW COLUMNS FROM `cn_evaluate` [ RunTime:0.0007s ]
SQL: SELECT AVG(stars) AS tp_avg FROM `cn_evaluate` WHERE `merchant` = 'm_6d4e76ca11' LIMIT 1   [ RunTime:0.0004s ]
SQL: SHOW COLUMNS FROM `cn_user_card` [ RunTime:0.0006s ]
SQL: SELECT COUNT(*) AS tp_count FROM `cn_user_card` WHERE `merchant` = 'm_6d4e76ca11' LIMIT 1   [ RunTime:0.0002s ]
SQL: SHOW COLUMNS FROM `cn_merchant_card` [ RunTime:0.0007s ]
SQL: SELECT MIN(rule) AS tp_min FROM `cn_merchant_card` WHERE `merchant` = 'm_6d4e76ca11' AND `type` = '储值卡' LIMIT 1   [ RunTime:0.0003s ]
SQL: SELECT MAX(addition_sum) AS tp_max FROM `cn_merchant_card` WHERE `merchant` = 'm_6d4e76ca11' AND `type` = '储值卡' LIMIT 1   [ RunTime:0.0003s ]
INFO: [ app_end ] --START--
INFO: Run Behavior\ShowPageTraceBehavior [ RunTime:0.000562s ]
INFO: [ app_end ] --END-- [ RunTime:0.000617s ]

[ 2016-12-03T23:38:52+08:00 ] 113.143.181.175 /cnconsum/App/MerchantType/search/get
INFO: [ app_init ] --START--
INFO: Run Behavior\BuildLiteBehavior [ RunTime:0.000014s ]
INFO: [ app_init ] --END-- [ RunTime:0.000261s ]
INFO: [ app_begin ] --START--
INFO: Run Behavior\ReadHtmlCacheBehavior [ RunTime:0.000463s ]
INFO: [ app_begin ] --END-- [ RunTime:0.000509s ]
NOTIC: [2048] Declaration of App\Controller\MerchantType\SearchController::get() should be compatible with Think\Controller::get($name = '') /var/www/html/cnconsum/Project/App/Controller/MerchantType/SearchController.class.php 第 35 行.
SQL: SHOW COLUMNS FROM `cn_merchant` [ RunTime:0.0008s ]
SQL: SELECT `muid`,`phone`,`store`,`image_url`,`longtitude`,`latitude` FROM `cn_merchant` WHERE `address` LIKE '%西安市雁塔区%' AND `trade` LIKE '%美容%' LIMIT 0,10   [ RunTime:0.0003s ]
SQL: SHOW COLUMNS FROM `cn_evaluate` [ RunTime:0.0005s ]
SQL: SELECT AVG(stars) AS tp_avg FROM `cn_evaluate` WHERE `merchant` = 'm_6d4e76ca11' LIMIT 1   [ RunTime:0.0003s ]
SQL: SHOW COLUMNS FROM `cn_user_card` [ RunTime:0.0005s ]
SQL: SELECT COUNT(*) AS tp_count FROM `cn_user_card` WHERE `merchant` = 'm_6d4e76ca11' LIMIT 1   [ RunTime:0.0002s ]
SQL: SHOW COLUMNS FROM `cn_merchant_card` [ RunTime:0.0005s ]
SQL: SELECT MIN(rule) AS tp_min FROM `cn_merchant_card` WHERE `merchant` = 'm_6d4e76ca11' AND `type` = '储值卡' LIMIT 1   [ RunTime:0.0004s ]
SQL: SELECT MAX(addition_sum) AS tp_max FROM `cn_merchant_card` WHERE `merchant` = 'm_6d4e76ca11' AND `type` = '储值卡' LIMIT 1   [ RunTime:0.0003s ]
INFO: [ app_end ] --START--
INFO: Run Behavior\ShowPageTraceBehavior [ RunTime:0.000411s ]
INFO: [ app_end ] --END-- [ RunTime:0.000464s ]

[ 2016-12-03T23:38:56+08:00 ] 113.143.181.175 /cnconsum/App/Extra/source/share
INFO: [ app_init ] --START--
INFO: Run Behavior\BuildLiteBehavior [ RunTime:0.000014s ]
INFO: [ app_init ] --END-- [ RunTime:0.000272s ]
INFO: [ app_begin ] --START--
INFO: Run Behavior\ReadHtmlCacheBehavior [ RunTime:0.000354s ]
INFO: [ app_begin ] --END-- [ RunTime:0.000407s ]
INFO: [ app_end ] --START--
INFO: Run Behavior\ShowPageTraceBehavior [ RunTime:0.000361s ]
INFO: [ app_end ] --END-- [ RunTime:0.000421s ]

[ 2016-12-03T23:39:00+08:00 ] 113.143.181.175 /cnconsum/App/MerchantType/search/get
INFO: [ app_init ] --START--
INFO: Run Behavior\BuildLiteBehavior [ RunTime:0.000031s ]
INFO: [ app_init ] --END-- [ RunTime:0.000386s ]
INFO: [ app_begin ] --START--
INFO: Run Behavior\ReadHtmlCacheBehavior [ RunTime:0.000389s ]
INFO: [ app_begin ] --END-- [ RunTime:0.000442s ]
NOTIC: [2048] Declaration of App\Controller\MerchantType\SearchController::get() should be compatible with Think\Controller::get($name = '') /var/www/html/cnconsum/Project/App/Controller/MerchantType/SearchController.class.php 第 35 行.
SQL: SHOW COLUMNS FROM `cn_merchant` [ RunTime:0.0009s ]
SQL: SELECT `muid`,`phone`,`store`,`image_url`,`longtitude`,`latitude` FROM `cn_merchant` WHERE `address` LIKE '%西安%' AND `trade` LIKE '%%' LIMIT 0,10   [ RunTime:0.0003s ]
SQL: SHOW COLUMNS FROM `cn_evaluate` [ RunTime:0.0005s ]
SQL: SELECT AVG(stars) AS tp_avg FROM `cn_evaluate` WHERE `merchant` = 'm_0deb263d26' LIMIT 1   [ RunTime:0.0003s ]
SQL: SHOW COLUMNS FROM `cn_user_card` [ RunTime:0.0005s ]
SQL: SELECT COUNT(*) AS tp_count FROM `cn_user_card` WHERE `merchant` = 'm_0deb263d26' LIMIT 1   [ RunTime:0.0003s ]
SQL: SHOW COLUMNS FROM `cn_merchant_card` [ RunTime:0.0006s ]
SQL: SELECT MIN(rule) AS tp_min FROM `cn_merchant_card` WHERE `merchant` = 'm_0deb263d26' AND `type` = '储值卡' LIMIT 1   [ RunTime:0.0003s ]
SQL: SELECT MAX(addition_sum) AS tp_max FROM `cn_merchant_card` WHERE `merchant` = 'm_0deb263d26' AND `type` = '储值卡' LIMIT 1   [ RunTime:0.0002s ]
SQL: SELECT AVG(stars) AS tp_avg FROM `cn_evaluate` WHERE `merchant` = 'm_6d4e76ca05' LIMIT 1   [ RunTime:0.0002s ]
SQL: SELECT COUNT(*) AS tp_count FROM `cn_user_card` WHERE `merchant` = 'm_6d4e76ca05' LIMIT 1   [ RunTime:0.0002s ]
SQL: SELECT MIN(rule) AS tp_min FROM `cn_merchant_card` WHERE `merchant` = 'm_6d4e76ca05' AND `type` = '储值卡' LIMIT 1   [ RunTime:0.0002s ]
SQL: SELECT MAX(addition_sum) AS tp_max FROM `cn_merchant_card` WHERE `merchant` = 'm_6d4e76ca05' AND `type` = '储值卡' LIMIT 1   [ RunTime:0.0002s ]
SQL: SELECT AVG(stars) AS tp_avg FROM `cn_evaluate` WHERE `merchant` = 'm_6d4e76ca06' LIMIT 1   [ RunTime:0.0002s ]
SQL: SELECT COUNT(*) AS tp_count FROM `cn_user_card` WHERE `merchant` = 'm_6d4e76ca06' LIMIT 1   [ RunTime:0.0002s ]
SQL: SELECT MIN(rule) AS tp_min FROM `cn_merchant_card` WHERE `merchant` = 'm_6d4e76ca06' AND `type` = '储值卡' LIMIT 1   [ RunTime:0.0002s ]
SQL: SELECT MAX(addition_sum) AS tp_max FROM `cn_merchant_card` WHERE `merchant` = 'm_6d4e76ca06' AND `type` = '储值卡' LIMIT 1   [ RunTime:0.0002s ]
SQL: SELECT AVG(stars) AS tp_avg FROM `cn_evaluate` WHERE `merchant` = 'm_6d4e76ca09' LIMIT 1   [ RunTime:0.0002s ]
SQL: SELECT COUNT(*) AS tp_count FROM `cn_user_card` WHERE `merchant` = 'm_6d4e76ca09' LIMIT 1   [ RunTime:0.0002s ]
SQL: SELECT MIN(rule) AS tp_min FROM `cn_merchant_card` WHERE `merchant` = 'm_6d4e76ca09' AND `type` = '储值卡' LIMIT 1   [ RunTime:0.0002s ]
SQL: SELECT MAX(addition_sum) AS tp_max FROM `cn_merchant_card` WHERE `merchant` = 'm_6d4e76ca09' AND `type` = '储值卡' LIMIT 1   [ RunTime:0.0003s ]
SQL: SELECT AVG(stars) AS tp_avg FROM `cn_evaluate` WHERE `merchant` = 'm_6d4e76ca11' LIMIT 1   [ RunTime:0.0002s ]
SQL: SELECT COUNT(*) AS tp_count FROM `cn_user_card` WHERE `merchant` = 'm_6d4e76ca11' LIMIT 1   [ RunTime:0.0002s ]
SQL: SELECT MIN(rule) AS tp_min FROM `cn_merchant_card` WHERE `merchant` = 'm_6d4e76ca11' AND `type` = '储值卡' LIMIT 1   [ RunTime:0.0003s ]
SQL: SELECT MAX(addition_sum) AS tp_max FROM `cn_merchant_card` WHERE `merchant` = 'm_6d4e76ca11' AND `type` = '储值卡' LIMIT 1   [ RunTime:0.0002s ]
SQL: SELECT AVG(stars) AS tp_avg FROM `cn_evaluate` WHERE `merchant` = 'm_6d4e76ca12' LIMIT 1   [ RunTime:0.0002s ]
SQL: SELECT COUNT(*) AS tp_count FROM `cn_user_card` WHERE `merchant` = 'm_6d4e76ca12' LIMIT 1   [ RunTime:0.0002s ]
SQL: SELECT MIN(rule) AS tp_min FROM `cn_merchant_card` WHERE `merchant` = 'm_6d4e76ca12' AND `type` = '储值卡' LIMIT 1   [ RunTime:0.0002s ]
SQL: SELECT MAX(addition_sum) AS tp_max FROM `cn_merchant_card` WHERE `merchant` = 'm_6d4e76ca12' AND `type` = '储值卡' LIMIT 1   [ RunTime:0.0002s ]
SQL: SELECT AVG(stars) AS tp_avg FROM `cn_evaluate` WHERE `merchant` = 'm_9ba5e2b48b' LIMIT 1   [ RunTime:0.0002s ]
SQL: SELECT COUNT(*) AS tp_count FROM `cn_user_card` WHERE `merchant` = 'm_9ba5e2b48b' LIMIT 1   [ RunTime:0.0002s ]
SQL: SELECT MIN(rule) AS tp_min FROM `cn_merchant_card` WHERE `merchant` = 'm_9ba5e2b48b' AND `type` = '储值卡' LIMIT 1   [ RunTime:0.0002s ]
SQL: SELECT MAX(addition_sum) AS tp_max FROM `cn_merchant_card` WHERE `merchant` = 'm_9ba5e2b48b' AND `type` = '储值卡' LIMIT 1   [ RunTime:0.0002s ]
SQL: SELECT AVG(stars) AS tp_avg FROM `cn_evaluate` WHERE `merchant` = 'm_e89531d9a4' LIMIT 1   [ RunTime:0.0002s ]
SQL: SELECT COUNT(*) AS tp_count FROM `cn_user_card` WHERE `merchant` = 'm_e89531d9a4' LIMIT 1   [ RunTime:0.0002s ]
SQL: SELECT MIN(rule) AS tp_min FROM `cn_merchant_card` WHERE `merchant` = 'm_e89531d9a4' AND `type` = '储值卡' LIMIT 1   [ RunTime:0.0002s ]
SQL: SELECT MAX(addition_sum) AS tp_max FROM `cn_merchant_card` WHERE `merchant` = 'm_e89531d9a4' AND `type` = '储值卡' LIMIT 1   [ RunTime:0.0003s ]
INFO: [ app_end ] --START--
INFO: Run Behavior\ShowPageTraceBehavior [ RunTime:0.000429s ]
INFO: [ app_end ] --END-- [ RunTime:0.000470s ]

[ 2016-12-03T23:39:00+08:00 ] 113.143.181.175 /cnconsum/App/MerchantType/search/get
INFO: [ app_init ] --START--
INFO: Run Behavior\BuildLiteBehavior [ RunTime:0.000013s ]
INFO: [ app_init ] --END-- [ RunTime:0.000307s ]
INFO: [ app_begin ] --START--
INFO: Run Behavior\ReadHtmlCacheBehavior [ RunTime:0.000345s ]
INFO: [ app_begin ] --END-- [ RunTime:0.000402s ]
NOTIC: [2048] Declaration of App\Controller\MerchantType\SearchController::get() should be compatible with Think\Controller::get($name = '') /var/www/html/cnconsum/Project/App/Controller/MerchantType/SearchController.class.php 第 35 行.
SQL: SHOW COLUMNS FROM `cn_merchant` [ RunTime:0.0009s ]
SQL: SELECT `muid`,`phone`,`store`,`image_url`,`longtitude`,`latitude` FROM `cn_merchant` WHERE `address` LIKE '%西安%' AND `trade` LIKE '%%' LIMIT 0,10   [ RunTime:0.0003s ]
SQL: SHOW COLUMNS FROM `cn_evaluate` [ RunTime:0.0005s ]
SQL: SELECT AVG(stars) AS tp_avg FROM `cn_evaluate` WHERE `merchant` = 'm_0deb263d26' LIMIT 1   [ RunTime:0.0005s ]
SQL: SHOW COLUMNS FROM `cn_user_card` [ RunTime:0.0006s ]
SQL: SELECT COUNT(*) AS tp_count FROM `cn_user_card` WHERE `merchant` = 'm_0deb263d26' LIMIT 1   [ RunTime:0.0002s ]
SQL: SHOW COLUMNS FROM `cn_merchant_card` [ RunTime:0.0007s ]
SQL: SELECT MIN(rule) AS tp_min FROM `cn_merchant_card` WHERE `merchant` = 'm_0deb263d26' AND `type` = '储值卡' LIMIT 1   [ RunTime:0.0003s ]
SQL: SELECT MAX(addition_sum) AS tp_max FROM `cn_merchant_card` WHERE `merchant` = 'm_0deb263d26' AND `type` = '储值卡' LIMIT 1   [ RunTime:0.0003s ]
SQL: SELECT AVG(stars) AS tp_avg FROM `cn_evaluate` WHERE `merchant` = 'm_6d4e76ca05' LIMIT 1   [ RunTime:0.0002s ]
SQL: SELECT COUNT(*) AS tp_count FROM `cn_user_card` WHERE `merchant` = 'm_6d4e76ca05' LIMIT 1   [ RunTime:0.0002s ]
SQL: SELECT MIN(rule) AS tp_min FROM `cn_merchant_card` WHERE `merchant` = 'm_6d4e76ca05' AND `type` = '储值卡' LIMIT 1   [ RunTime:0.0004s ]
SQL: SELECT MAX(addition_sum) AS tp_max FROM `cn_merchant_card` WHERE `merchant` = 'm_6d4e76ca05' AND `type` = '储值卡' LIMIT 1   [ RunTime:0.0002s ]
SQL: SELECT AVG(stars) AS tp_avg FROM `cn_evaluate` WHERE `merchant` = 'm_6d4e76ca06' LIMIT 1   [ RunTime:0.0003s ]
SQL: SELECT COUNT(*) AS tp_count FROM `cn_user_card` WHERE `merchant` = 'm_6d4e76ca06' LIMIT 1   [ RunTime:0.0002s ]
SQL: SELECT MIN(rule) AS tp_min FROM `cn_merchant_card` WHERE `merchant` = 'm_6d4e76ca06' AND `type` = '储值卡' LIMIT 1   [ RunTime:0.0002s ]
SQL: SELECT MAX(addition_sum) AS tp_max FROM `cn_merchant_card` WHERE `merchant` = 'm_6d4e76ca06' AND `type` = '储值卡' LIMIT 1   [ RunTime:0.0002s ]
SQL: SELECT AVG(stars) AS tp_avg FROM `cn_evaluate` WHERE `merchant` = 'm_6d4e76ca09' LIMIT 1   [ RunTime:0.0002s ]
SQL: SELECT COUNT(*) AS tp_count FROM `cn_user_card` WHERE `merchant` = 'm_6d4e76ca09' LIMIT 1   [ RunTime:0.0002s ]
SQL: SELECT MIN(rule) AS tp_min FROM `cn_merchant_card` WHERE `merchant` = 'm_6d4e76ca09' AND `type` = '储值卡' LIMIT 1   [ RunTime:0.0002s ]
SQL: SELECT MAX(addition_sum) AS tp_max FROM `cn_merchant_card` WHERE `merchant` = 'm_6d4e76ca09' AND `type` = '储值卡' LIMIT 1   [ RunTime:0.0002s ]
SQL: SELECT AVG(stars) AS tp_avg FROM `cn_evaluate` WHERE `merchant` = 'm_6d4e76ca11' LIMIT 1   [ RunTime:0.0003s ]
SQL: SELECT COUNT(*) AS tp_count FROM `cn_user_card` WHERE `merchant` = 'm_6d4e76ca11' LIMIT 1   [ RunTime:0.0002s ]
SQL: SELECT MIN(rule) AS tp_min FROM `cn_merchant_card` WHERE `merchant` = 'm_6d4e76ca11' AND `type` = '储值卡' LIMIT 1   [ RunTime:0.0003s ]
SQL: SELECT MAX(addition_sum) AS tp_max FROM `cn_merchant_card` WHERE `merchant` = 'm_6d4e76ca11' AND `type` = '储值卡' LIMIT 1   [ RunTime:0.0002s ]
SQL: SELECT AVG(stars) AS tp_avg FROM `cn_evaluate` WHERE `merchant` = 'm_6d4e76ca12' LIMIT 1   [ RunTime:0.0002s ]
SQL: SELECT COUNT(*) AS tp_count FROM `cn_user_card` WHERE `merchant` = 'm_6d4e76ca12' LIMIT 1   [ RunTime:0.0002s ]
SQL: SELECT MIN(rule) AS tp_min FROM `cn_merchant_card` WHERE `merchant` = 'm_6d4e76ca12' AND `type` = '储值卡' LIMIT 1   [ RunTime:0.0002s ]
SQL: SELECT MAX(addition_sum) AS tp_max FROM `cn_merchant_card` WHERE `merchant` = 'm_6d4e76ca12' AND `type` = '储值卡' LIMIT 1   [ RunTime:0.0002s ]
SQL: SELECT AVG(stars) AS tp_avg FROM `cn_evaluate` WHERE `merchant` = 'm_9ba5e2b48b' LIMIT 1   [ RunTime:0.0002s ]
SQL: SELECT COUNT(*) AS tp_count FROM `cn_user_card` WHERE `merchant` = 'm_9ba5e2b48b' LIMIT 1   [ RunTime:0.0002s ]
SQL: SELECT MIN(rule) AS tp_min FROM `cn_merchant_card` WHERE `merchant` = 'm_9ba5e2b48b' AND `type` = '储值卡' LIMIT 1   [ RunTime:0.0002s ]
SQL: SELECT MAX(addition_sum) AS tp_max FROM `cn_merchant_card` WHERE `merchant` = 'm_9ba5e2b48b' AND `type` = '储值卡' LIMIT 1   [ RunTime:0.0002s ]
SQL: SELECT AVG(stars) AS tp_avg FROM `cn_evaluate` WHERE `merchant` = 'm_e89531d9a4' LIMIT 1   [ RunTime:0.0003s ]
SQL: SELECT COUNT(*) AS tp_count FROM `cn_user_card` WHERE `merchant` = 'm_e89531d9a4' LIMIT 1   [ RunTime:0.0002s ]
SQL: SELECT MIN(rule) AS tp_min FROM `cn_merchant_card` WHERE `merchant` = 'm_e89531d9a4' AND `type` = '储值卡' LIMIT 1   [ RunTime:0.0002s ]
SQL: SELECT MAX(addition_sum) AS tp_max FROM `cn_merchant_card` WHERE `merchant` = 'm_e89531d9a4' AND `type` = '储值卡' LIMIT 1   [ RunTime:0.0002s ]
INFO: [ app_end ] --START--
INFO: Run Behavior\ShowPageTraceBehavior [ RunTime:0.000547s ]
INFO: [ app_end ] --END-- [ RunTime:0.000610s ]

[ 2016-12-03T23:39:03+08:00 ] 113.143.181.175 /cnconsum/App/MerchantType/search/get
INFO: [ app_init ] --START--
INFO: Run Behavior\BuildLiteBehavior [ RunTime:0.000014s ]
INFO: [ app_init ] --END-- [ RunTime:0.000294s ]
INFO: [ app_begin ] --START--
INFO: Run Behavior\ReadHtmlCacheBehavior [ RunTime:0.000335s ]
INFO: [ app_begin ] --END-- [ RunTime:0.000379s ]
NOTIC: [2048] Declaration of App\Controller\MerchantType\SearchController::get() should be compatible with Think\Controller::get($name = '') /var/www/html/cnconsum/Project/App/Controller/MerchantType/SearchController.class.php 第 35 行.
SQL: SHOW COLUMNS FROM `cn_merchant` [ RunTime:0.0011s ]
SQL: SELECT `muid`,`phone`,`store`,`image_url`,`longtitude`,`latitude` FROM `cn_merchant` WHERE `address` LIKE '%西安%' AND `trade` LIKE '%%' LIMIT 10,10   [ RunTime:0.0003s ]
INFO: [ app_end ] --START--
INFO: Run Behavior\ShowPageTraceBehavior [ RunTime:0.000413s ]
INFO: [ app_end ] --END-- [ RunTime:0.000454s ]

