[ 2016-12-11T09:01:00+08:00 ] 114.248.174.234 /cnconsum/App/MerchantType/advert/leadGet
INFO: [ app_init ] --START--
INFO: Run Behavior\BuildLiteBehavior [ RunTime:0.000013s ]
INFO: [ app_init ] --END-- [ RunTime:0.000265s ]
INFO: [ app_begin ] --START--
INFO: Run Behavior\ReadHtmlCacheBehavior [ RunTime:0.000347s ]
INFO: [ app_begin ] --END-- [ RunTime:0.000390s ]
SQL: SHOW COLUMNS FROM `cn_advert_lead` [ RunTime:0.0007s ]
SQL: SELECT * FROM `cn_advert_lead` WHERE `area` = '西安市雁塔区' AND `state` = 'ONLINE' ORDER BY start_time asc  [ RunTime:0.0003s ]
INFO: [ app_end ] --START--
INFO: Run Behavior\ShowPageTraceBehavior [ RunTime:0.000347s ]
INFO: [ app_end ] --END-- [ RunTime:0.000388s ]

[ 2016-12-11T09:01:02+08:00 ] 114.248.174.234 /cnconsum/App/Extra/source/version
INFO: [ app_init ] --START--
INFO: Run Behavior\BuildLiteBehavior [ RunTime:0.000013s ]
INFO: [ app_init ] --END-- [ RunTime:0.000258s ]
INFO: [ app_begin ] --START--
INFO: Run Behavior\ReadHtmlCacheBehavior [ RunTime:0.000419s ]
INFO: [ app_begin ] --END-- [ RunTime:0.000474s ]
INFO: [ app_end ] --START--
INFO: Run Behavior\ShowPageTraceBehavior [ RunTime:0.000406s ]
INFO: [ app_end ] --END-- [ RunTime:0.000452s ]

[ 2016-12-11T09:01:04+08:00 ] 114.248.174.234 /cnconsum/App/UserType/user/login
INFO: [ app_init ] --START--
INFO: Run Behavior\BuildLiteBehavior [ RunTime:0.000013s ]
INFO: [ app_init ] --END-- [ RunTime:0.000289s ]
INFO: [ app_begin ] --START--
INFO: Run Behavior\ReadHtmlCacheBehavior [ RunTime:0.000383s ]
INFO: [ app_begin ] --END-- [ RunTime:0.000427s ]
SQL: SHOW COLUMNS FROM `cn_user` [ RunTime:0.0008s ]
SQL: SELECT COUNT(*) AS tp_count FROM `cn_user` WHERE `phone` = '18710681974' LIMIT 1   [ RunTime:0.0003s ]
SQL: SELECT * FROM `cn_user` WHERE `phone` = '18710681974'  [ RunTime:0.0002s ]
INFO: [ app_end ] --START--
INFO: Run Behavior\ShowPageTraceBehavior [ RunTime:0.000406s ]
INFO: [ app_end ] --END-- [ RunTime:0.000447s ]

[ 2016-12-11T09:01:04+08:00 ] 114.248.174.234 /cnconsum/App/MerchantType/advert/popupGet
INFO: [ app_init ] --START--
INFO: Run Behavior\BuildLiteBehavior [ RunTime:0.000018s ]
INFO: [ app_init ] --END-- [ RunTime:0.000322s ]
INFO: [ app_begin ] --START--
INFO: Run Behavior\ReadHtmlCacheBehavior [ RunTime:0.000310s ]
INFO: [ app_begin ] --END-- [ RunTime:0.000354s ]
SQL: SHOW COLUMNS FROM `cn_advert_popup` [ RunTime:0.0007s ]
SQL: SELECT * FROM `cn_advert_popup` WHERE `area` = '北京市海淀区' AND `state` = 'ONLINE' ORDER BY start_time asc  [ RunTime:0.0003s ]
NOTIC: [8] Undefined offset: 0 /var/www/html/cnconsum/Project/App/Controller/MerchantType/AdvertController.class.php 第 112 行.
INFO: [ app_end ] --START--
INFO: Run Behavior\ShowPageTraceBehavior [ RunTime:0.000341s ]
INFO: [ app_end ] --END-- [ RunTime:0.000378s ]

[ 2016-12-11T09:01:04+08:00 ] 114.248.174.234 /cnconsum/App/Extra/Source/tradeIconGet
INFO: [ app_init ] --START--
INFO: Run Behavior\BuildLiteBehavior [ RunTime:0.000012s ]
INFO: [ app_init ] --END-- [ RunTime:0.000295s ]
INFO: [ app_begin ] --START--
INFO: Run Behavior\ReadHtmlCacheBehavior [ RunTime:0.000359s ]
INFO: [ app_begin ] --END-- [ RunTime:0.000404s ]
SQL: SHOW COLUMNS FROM `cn_trade_icon` [ RunTime:0.0004s ]
SQL: SELECT * FROM `cn_trade_icon`  [ RunTime:0.0002s ]
INFO: [ app_end ] --START--
INFO: Run Behavior\ShowPageTraceBehavior [ RunTime:0.000389s ]
INFO: [ app_end ] --END-- [ RunTime:0.000430s ]

[ 2016-12-11T09:01:04+08:00 ] 114.248.174.234 /cnconsum/App/MerchantType/activity/get
INFO: [ app_init ] --START--
INFO: Run Behavior\BuildLiteBehavior [ RunTime:0.000012s ]
INFO: [ app_init ] --END-- [ RunTime:0.000244s ]
INFO: [ app_begin ] --START--
INFO: Run Behavior\ReadHtmlCacheBehavior [ RunTime:0.000354s ]
INFO: [ app_begin ] --END-- [ RunTime:0.000400s ]
NOTIC: [2048] Declaration of App\Controller\MerchantType\ActivityController::get() should be compatible with Think\Controller::get($name = '') /var/www/html/cnconsum/Project/App/Controller/MerchantType/ActivityController.class.php 第 127 行.
SQL: SHOW COLUMNS FROM `cn_activity` [ RunTime:0.0006s ]
SQL: SELECT * FROM `cn_activity` WHERE `eare` = '西安市雁塔区' AND `state` = 'ONLINE'  [ RunTime:0.0003s ]
INFO: [ app_end ] --START--
INFO: Run Behavior\ShowPageTraceBehavior [ RunTime:0.000397s ]
INFO: [ app_end ] --END-- [ RunTime:0.000437s ]

[ 2016-12-11T09:01:04+08:00 ] 114.248.174.234 /cnconsum/App/MerchantType/advert/headlineGet
INFO: [ app_init ] --START--
INFO: Run Behavior\BuildLiteBehavior [ RunTime:0.000014s ]
INFO: [ app_init ] --END-- [ RunTime:0.000279s ]
INFO: [ app_begin ] --START--
INFO: Run Behavior\ReadHtmlCacheBehavior [ RunTime:0.000316s ]
INFO: [ app_begin ] --END-- [ RunTime:0.000381s ]
SQL: SHOW COLUMNS FROM `cn_advert_headline` [ RunTime:0.0007s ]
SQL: SELECT * FROM `cn_advert_headline` WHERE `area` = '北京市海淀区' AND `state` = 'ONLINE' ORDER BY place asc  [ RunTime:0.0003s ]
INFO: [ app_end ] --START--
INFO: Run Behavior\ShowPageTraceBehavior [ RunTime:0.000387s ]
INFO: [ app_end ] --END-- [ RunTime:0.000426s ]

[ 2016-12-11T09:01:04+08:00 ] 114.248.174.234 /cnconsum/App/MerchantType/advert/insertGet
INFO: [ app_init ] --START--
INFO: Run Behavior\BuildLiteBehavior [ RunTime:0.000012s ]
INFO: [ app_init ] --END-- [ RunTime:0.000273s ]
INFO: [ app_begin ] --START--
INFO: Run Behavior\ReadHtmlCacheBehavior [ RunTime:0.000344s ]
INFO: [ app_begin ] --END-- [ RunTime:0.000389s ]
SQL: SHOW COLUMNS FROM `cn_advert_insert` [ RunTime:0.0005s ]
SQL: SELECT * FROM `cn_advert_insert` WHERE `area` = '北京市海淀区' AND `place` = 0 AND `state` = 'ONLINE' ORDER BY start_time asc  [ RunTime:0.0002s ]
INFO: [ app_end ] --START--
INFO: Run Behavior\ShowPageTraceBehavior [ RunTime:0.000467s ]
INFO: [ app_end ] --END-- [ RunTime:0.000514s ]

[ 2016-12-11T10:01:43+08:00 ] 113.200.205.212 /cnconsum/App/MerchantType/advert/leadGet
INFO: [ app_init ] --START--
INFO: Run Behavior\BuildLiteBehavior [ RunTime:0.000013s ]
INFO: [ app_init ] --END-- [ RunTime:0.000292s ]
INFO: [ app_begin ] --START--
INFO: Run Behavior\ReadHtmlCacheBehavior [ RunTime:0.000317s ]
INFO: [ app_begin ] --END-- [ RunTime:0.000362s ]
SQL: SHOW COLUMNS FROM `cn_advert_lead` [ RunTime:0.0007s ]
SQL: SELECT * FROM `cn_advert_lead` WHERE `area` = '西安市雁塔区' AND `state` = 'ONLINE' ORDER BY start_time asc  [ RunTime:0.0003s ]
INFO: [ app_end ] --START--
INFO: Run Behavior\ShowPageTraceBehavior [ RunTime:0.000400s ]
INFO: [ app_end ] --END-- [ RunTime:0.000454s ]

[ 2016-12-11T10:01:44+08:00 ] 113.200.205.212 /cnconsum/App/Extra/source/version
INFO: [ app_init ] --START--
INFO: Run Behavior\BuildLiteBehavior [ RunTime:0.000014s ]
INFO: [ app_init ] --END-- [ RunTime:0.000256s ]
INFO: [ app_begin ] --START--
INFO: Run Behavior\ReadHtmlCacheBehavior [ RunTime:0.000374s ]
INFO: [ app_begin ] --END-- [ RunTime:0.000419s ]
INFO: [ app_end ] --START--
INFO: Run Behavior\ShowPageTraceBehavior [ RunTime:0.000357s ]
INFO: [ app_end ] --END-- [ RunTime:0.000397s ]

[ 2016-12-11T10:33:40+08:00 ] 36.45.21.251 /cnconsum/App/MerchantType/advert/leadGet
INFO: [ app_init ] --START--
INFO: Run Behavior\BuildLiteBehavior [ RunTime:0.000014s ]
INFO: [ app_init ] --END-- [ RunTime:0.000298s ]
INFO: [ app_begin ] --START--
INFO: Run Behavior\ReadHtmlCacheBehavior [ RunTime:0.000389s ]
INFO: [ app_begin ] --END-- [ RunTime:0.000446s ]
SQL: SHOW COLUMNS FROM `cn_advert_lead` [ RunTime:0.0008s ]
SQL: SELECT * FROM `cn_advert_lead` WHERE `area` = '西安市雁塔区' AND `state` = 'ONLINE' ORDER BY start_time asc  [ RunTime:0.0004s ]
INFO: [ app_end ] --START--
INFO: Run Behavior\ShowPageTraceBehavior [ RunTime:0.000391s ]
INFO: [ app_end ] --END-- [ RunTime:0.000446s ]

[ 2016-12-11T10:33:42+08:00 ] 36.45.21.251 /cnconsum/App/Extra/source/version
INFO: [ app_init ] --START--
INFO: Run Behavior\BuildLiteBehavior [ RunTime:0.000014s ]
INFO: [ app_init ] --END-- [ RunTime:0.000293s ]
INFO: [ app_begin ] --START--
INFO: Run Behavior\ReadHtmlCacheBehavior [ RunTime:0.000526s ]
INFO: [ app_begin ] --END-- [ RunTime:0.000592s ]
INFO: [ app_end ] --START--
INFO: Run Behavior\ShowPageTraceBehavior [ RunTime:0.000576s ]
INFO: [ app_end ] --END-- [ RunTime:0.000640s ]

[ 2016-12-11T10:33:44+08:00 ] 36.45.21.251 /cnconsum/App/UserType/user/login
INFO: [ app_init ] --START--
INFO: Run Behavior\BuildLiteBehavior [ RunTime:0.000014s ]
INFO: [ app_init ] --END-- [ RunTime:0.000289s ]
INFO: [ app_begin ] --START--
INFO: Run Behavior\ReadHtmlCacheBehavior [ RunTime:0.000336s ]
INFO: [ app_begin ] --END-- [ RunTime:0.000381s ]
SQL: SHOW COLUMNS FROM `cn_user` [ RunTime:0.0007s ]
SQL: SELECT COUNT(*) AS tp_count FROM `cn_user` WHERE `phone` = '18710681974' LIMIT 1   [ RunTime:0.0003s ]
SQL: SELECT * FROM `cn_user` WHERE `phone` = '18710681974'  [ RunTime:0.0003s ]
INFO: [ app_end ] --START--
INFO: Run Behavior\ShowPageTraceBehavior [ RunTime:0.000455s ]
INFO: [ app_end ] --END-- [ RunTime:0.000498s ]

[ 2016-12-11T10:33:44+08:00 ] 36.45.21.251 /cnconsum/App/Extra/Source/tradeIconGet
INFO: [ app_init ] --START--
INFO: Run Behavior\BuildLiteBehavior [ RunTime:0.000014s ]
INFO: [ app_init ] --END-- [ RunTime:0.000259s ]
INFO: [ app_begin ] --START--
INFO: Run Behavior\ReadHtmlCacheBehavior [ RunTime:0.000375s ]
INFO: [ app_begin ] --END-- [ RunTime:0.000420s ]
SQL: SHOW COLUMNS FROM `cn_trade_icon` [ RunTime:0.0007s ]
SQL: SELECT * FROM `cn_trade_icon`  [ RunTime:0.0002s ]
INFO: [ app_end ] --START--
INFO: Run Behavior\ShowPageTraceBehavior [ RunTime:0.000411s ]
INFO: [ app_end ] --END-- [ RunTime:0.000463s ]

[ 2016-12-11T10:33:44+08:00 ] 36.45.21.251 /cnconsum/App/MerchantType/advert/popupGet
INFO: [ app_init ] --START--
INFO: Run Behavior\BuildLiteBehavior [ RunTime:0.000013s ]
INFO: [ app_init ] --END-- [ RunTime:0.000263s ]
INFO: [ app_begin ] --START--
INFO: Run Behavior\ReadHtmlCacheBehavior [ RunTime:0.000388s ]
INFO: [ app_begin ] --END-- [ RunTime:0.000433s ]
SQL: SHOW COLUMNS FROM `cn_advert_popup` [ RunTime:0.0006s ]
SQL: SELECT * FROM `cn_advert_popup` WHERE `area` = '北京市朝阳区' AND `state` = 'ONLINE' ORDER BY start_time asc  [ RunTime:0.0003s ]
NOTIC: [8] Undefined offset: 0 /var/www/html/cnconsum/Project/App/Controller/MerchantType/AdvertController.class.php 第 112 行.
INFO: [ app_end ] --START--
INFO: Run Behavior\ShowPageTraceBehavior [ RunTime:0.000586s ]
INFO: [ app_end ] --END-- [ RunTime:0.000646s ]

[ 2016-12-11T10:33:44+08:00 ] 36.45.21.251 /cnconsum/App/MerchantType/activity/get
INFO: [ app_init ] --START--
INFO: Run Behavior\BuildLiteBehavior [ RunTime:0.000014s ]
INFO: [ app_init ] --END-- [ RunTime:0.000278s ]
INFO: [ app_begin ] --START--
INFO: Run Behavior\ReadHtmlCacheBehavior [ RunTime:0.000360s ]
INFO: [ app_begin ] --END-- [ RunTime:0.000404s ]
NOTIC: [2048] Declaration of App\Controller\MerchantType\ActivityController::get() should be compatible with Think\Controller::get($name = '') /var/www/html/cnconsum/Project/App/Controller/MerchantType/ActivityController.class.php 第 127 行.
SQL: SHOW COLUMNS FROM `cn_activity` [ RunTime:0.0008s ]
SQL: SELECT * FROM `cn_activity` WHERE `eare` = '西安市雁塔区' AND `state` = 'ONLINE'  [ RunTime:0.0003s ]
INFO: [ app_end ] --START--
INFO: Run Behavior\ShowPageTraceBehavior [ RunTime:0.000442s ]
INFO: [ app_end ] --END-- [ RunTime:0.000495s ]

[ 2016-12-11T10:33:44+08:00 ] 36.45.21.251 /cnconsum/App/MerchantType/advert/headlineGet
INFO: [ app_init ] --START--
INFO: Run Behavior\BuildLiteBehavior [ RunTime:0.000013s ]
INFO: [ app_init ] --END-- [ RunTime:0.000257s ]
INFO: [ app_begin ] --START--
INFO: Run Behavior\ReadHtmlCacheBehavior [ RunTime:0.000310s ]
INFO: [ app_begin ] --END-- [ RunTime:0.000353s ]
SQL: SHOW COLUMNS FROM `cn_advert_headline` [ RunTime:0.0007s ]
SQL: SELECT * FROM `cn_advert_headline` WHERE `area` = '北京市朝阳区' AND `state` = 'ONLINE' ORDER BY place asc  [ RunTime:0.0004s ]
INFO: [ app_end ] --START--
INFO: Run Behavior\ShowPageTraceBehavior [ RunTime:0.000567s ]
INFO: [ app_end ] --END-- [ RunTime:0.000610s ]

[ 2016-12-11T10:33:44+08:00 ] 36.45.21.251 /cnconsum/App/MerchantType/advert/insertGet
INFO: [ app_init ] --START--
INFO: Run Behavior\BuildLiteBehavior [ RunTime:0.000014s ]
INFO: [ app_init ] --END-- [ RunTime:0.000280s ]
INFO: [ app_begin ] --START--
INFO: Run Behavior\ReadHtmlCacheBehavior [ RunTime:0.000384s ]
INFO: [ app_begin ] --END-- [ RunTime:0.000437s ]
SQL: SHOW COLUMNS FROM `cn_advert_insert` [ RunTime:0.0007s ]
SQL: SELECT * FROM `cn_advert_insert` WHERE `area` = '北京市朝阳区' AND `place` = 0 AND `state` = 'ONLINE' ORDER BY start_time asc  [ RunTime:0.0004s ]
INFO: [ app_end ] --START--
INFO: Run Behavior\ShowPageTraceBehavior [ RunTime:0.000385s ]
INFO: [ app_end ] --END-- [ RunTime:0.000460s ]

