[ 2016-11-12T09:13:58+08:00 ] 223.104.11.110 /cnconsum/App/MerchantType/advert/leadGet
INFO: [ app_init ] --START--
INFO: Run Behavior\BuildLiteBehavior [ RunTime:0.000013s ]
INFO: [ app_init ] --END-- [ RunTime:0.000253s ]
INFO: [ app_begin ] --START--
INFO: Run Behavior\ReadHtmlCacheBehavior [ RunTime:0.000310s ]
INFO: [ app_begin ] --END-- [ RunTime:0.000352s ]
SQL: SHOW COLUMNS FROM `cn_advert_lead` [ RunTime:0.0009s ]
SQL: SELECT * FROM `cn_advert_lead` WHERE `area` = '西安市雁塔区' AND `state` = 'ONLINE' ORDER BY start_time asc  [ RunTime:0.0003s ]
INFO: [ app_end ] --START--
INFO: Run Behavior\ShowPageTraceBehavior [ RunTime:0.000399s ]
INFO: [ app_end ] --END-- [ RunTime:0.000440s ]

[ 2016-11-12T09:13:59+08:00 ] 223.104.11.110 /cnconsum/App/Extra/source/version
INFO: [ app_init ] --START--
INFO: Run Behavior\BuildLiteBehavior [ RunTime:0.000013s ]
INFO: [ app_init ] --END-- [ RunTime:0.000251s ]
INFO: [ app_begin ] --START--
INFO: Run Behavior\ReadHtmlCacheBehavior [ RunTime:0.000306s ]
INFO: [ app_begin ] --END-- [ RunTime:0.000367s ]
INFO: [ app_end ] --START--
INFO: Run Behavior\ShowPageTraceBehavior [ RunTime:0.000321s ]
INFO: [ app_end ] --END-- [ RunTime:0.000362s ]

[ 2016-11-12T09:14:01+08:00 ] 223.104.11.110 /cnconsum/App/MerchantType/advert/popupGet
INFO: [ app_init ] --START--
INFO: Run Behavior\BuildLiteBehavior [ RunTime:0.000014s ]
INFO: [ app_init ] --END-- [ RunTime:0.000304s ]
INFO: [ app_begin ] --START--
INFO: Run Behavior\ReadHtmlCacheBehavior [ RunTime:0.000424s ]
INFO: [ app_begin ] --END-- [ RunTime:0.000473s ]
SQL: SHOW COLUMNS FROM `cn_advert_popup` [ RunTime:0.0007s ]
SQL: SELECT * FROM `cn_advert_popup` WHERE `area` = '西安市长安区' AND `state` = 'ONLINE' ORDER BY start_time asc  [ RunTime:0.0003s ]
NOTIC: [8] Undefined offset: 0 /var/www/html/cnconsum/Project/App/Controller/MerchantType/AdvertController.class.php 第 112 行.
INFO: [ app_end ] --START--
INFO: Run Behavior\ShowPageTraceBehavior [ RunTime:0.000378s ]
INFO: [ app_end ] --END-- [ RunTime:0.000425s ]

[ 2016-11-12T09:14:02+08:00 ] 223.104.11.110 /cnconsum/App/Extra/Source/tradeIconGet
INFO: [ app_init ] --START--
INFO: Run Behavior\BuildLiteBehavior [ RunTime:0.000024s ]
INFO: [ app_init ] --END-- [ RunTime:0.000388s ]
INFO: [ app_begin ] --START--
INFO: Run Behavior\ReadHtmlCacheBehavior [ RunTime:0.000583s ]
INFO: [ app_begin ] --END-- [ RunTime:0.000657s ]
SQL: SHOW COLUMNS FROM `cn_trade_icon` [ RunTime:0.0007s ]
SQL: SELECT * FROM `cn_trade_icon`  [ RunTime:0.0002s ]
INFO: [ app_end ] --START--
INFO: Run Behavior\ShowPageTraceBehavior [ RunTime:0.000520s ]
INFO: [ app_end ] --END-- [ RunTime:0.000575s ]

[ 2016-11-12T09:14:02+08:00 ] 223.104.11.110 /cnconsum/App/MerchantType/advert/headlineGet
INFO: [ app_init ] --START--
INFO: Run Behavior\BuildLiteBehavior [ RunTime:0.000018s ]
INFO: [ app_init ] --END-- [ RunTime:0.000280s ]
INFO: [ app_begin ] --START--
INFO: Run Behavior\ReadHtmlCacheBehavior [ RunTime:0.000329s ]
INFO: [ app_begin ] --END-- [ RunTime:0.000373s ]
SQL: SHOW COLUMNS FROM `cn_advert_headline` [ RunTime:0.0007s ]
SQL: SELECT * FROM `cn_advert_headline` WHERE `area` = '西安市长安区' AND `state` = 'ONLINE' ORDER BY place asc  [ RunTime:0.0003s ]
INFO: [ app_end ] --START--
INFO: Run Behavior\ShowPageTraceBehavior [ RunTime:0.000534s ]
INFO: [ app_end ] --END-- [ RunTime:0.000585s ]

[ 2016-11-12T09:14:02+08:00 ] 223.104.11.110 /cnconsum/App/MerchantType/activity/get
INFO: [ app_init ] --START--
INFO: Run Behavior\BuildLiteBehavior [ RunTime:0.000014s ]
INFO: [ app_init ] --END-- [ RunTime:0.000275s ]
INFO: [ app_begin ] --START--
INFO: Run Behavior\ReadHtmlCacheBehavior [ RunTime:0.000353s ]
INFO: [ app_begin ] --END-- [ RunTime:0.000398s ]
NOTIC: [2048] Declaration of App\Controller\MerchantType\ActivityController::get() should be compatible with Think\Controller::get($name = '') /var/www/html/cnconsum/Project/App/Controller/MerchantType/ActivityController.class.php 第 127 行.
SQL: SHOW COLUMNS FROM `cn_activity` [ RunTime:0.0007s ]
SQL: SELECT * FROM `cn_activity` WHERE `eare` = '西安市雁塔区' AND `state` = 'ONLINE'  [ RunTime:0.0003s ]
INFO: [ app_end ] --START--
INFO: Run Behavior\ShowPageTraceBehavior [ RunTime:0.000453s ]
INFO: [ app_end ] --END-- [ RunTime:0.000496s ]

[ 2016-11-12T09:14:04+08:00 ] 223.104.11.110 /cnconsum/App/MerchantType/advert/leadGet
INFO: [ app_init ] --START--
INFO: Run Behavior\BuildLiteBehavior [ RunTime:0.000020s ]
INFO: [ app_init ] --END-- [ RunTime:0.000342s ]
INFO: [ app_begin ] --START--
INFO: Run Behavior\ReadHtmlCacheBehavior [ RunTime:0.000341s ]
INFO: [ app_begin ] --END-- [ RunTime:0.000387s ]
SQL: SHOW COLUMNS FROM `cn_advert_lead` [ RunTime:0.0009s ]
SQL: SELECT * FROM `cn_advert_lead` WHERE `area` = '西安市雁塔区' AND `state` = 'ONLINE' ORDER BY start_time asc  [ RunTime:0.0004s ]
INFO: [ app_end ] --START--
INFO: Run Behavior\ShowPageTraceBehavior [ RunTime:0.000375s ]
INFO: [ app_end ] --END-- [ RunTime:0.000453s ]

[ 2016-11-12T09:14:06+08:00 ] 223.104.11.110 /cnconsum/App/Extra/source/version
INFO: [ app_init ] --START--
INFO: Run Behavior\BuildLiteBehavior [ RunTime:0.000014s ]
INFO: [ app_init ] --END-- [ RunTime:0.000284s ]
INFO: [ app_begin ] --START--
INFO: Run Behavior\ReadHtmlCacheBehavior [ RunTime:0.000312s ]
INFO: [ app_begin ] --END-- [ RunTime:0.000356s ]
INFO: [ app_end ] --START--
INFO: Run Behavior\ShowPageTraceBehavior [ RunTime:0.000337s ]
INFO: [ app_end ] --END-- [ RunTime:0.000406s ]

[ 2016-11-12T09:14:07+08:00 ] 223.104.11.110 /cnconsum/App/MerchantType/advert/popupGet
INFO: [ app_init ] --START--
INFO: Run Behavior\BuildLiteBehavior [ RunTime:0.000017s ]
INFO: [ app_init ] --END-- [ RunTime:0.000352s ]
INFO: [ app_begin ] --START--
INFO: Run Behavior\ReadHtmlCacheBehavior [ RunTime:0.000375s ]
INFO: [ app_begin ] --END-- [ RunTime:0.000421s ]
SQL: SHOW COLUMNS FROM `cn_advert_popup` [ RunTime:0.0007s ]
SQL: SELECT * FROM `cn_advert_popup` WHERE `area` = '西安市长安区' AND `state` = 'ONLINE' ORDER BY start_time asc  [ RunTime:0.0003s ]
NOTIC: [8] Undefined offset: 0 /var/www/html/cnconsum/Project/App/Controller/MerchantType/AdvertController.class.php 第 112 行.
INFO: [ app_end ] --START--
INFO: Run Behavior\ShowPageTraceBehavior [ RunTime:0.000441s ]
INFO: [ app_end ] --END-- [ RunTime:0.000500s ]

[ 2016-11-12T09:14:07+08:00 ] 223.104.11.110 /cnconsum/App/Extra/Source/tradeIconGet
INFO: [ app_init ] --START--
INFO: Run Behavior\BuildLiteBehavior [ RunTime:0.000012s ]
INFO: [ app_init ] --END-- [ RunTime:0.000245s ]
INFO: [ app_begin ] --START--
INFO: Run Behavior\ReadHtmlCacheBehavior [ RunTime:0.000326s ]
INFO: [ app_begin ] --END-- [ RunTime:0.000370s ]
SQL: SHOW COLUMNS FROM `cn_trade_icon` [ RunTime:0.0006s ]
SQL: SELECT * FROM `cn_trade_icon`  [ RunTime:0.0002s ]
INFO: [ app_end ] --START--
INFO: Run Behavior\ShowPageTraceBehavior [ RunTime:0.000354s ]
INFO: [ app_end ] --END-- [ RunTime:0.000398s ]

[ 2016-11-12T09:14:07+08:00 ] 223.104.11.110 /cnconsum/App/MerchantType/activity/get
INFO: [ app_init ] --START--
INFO: Run Behavior\BuildLiteBehavior [ RunTime:0.000011s ]
INFO: [ app_init ] --END-- [ RunTime:0.000250s ]
INFO: [ app_begin ] --START--
INFO: Run Behavior\ReadHtmlCacheBehavior [ RunTime:0.000478s ]
INFO: [ app_begin ] --END-- [ RunTime:0.000539s ]
NOTIC: [2048] Declaration of App\Controller\MerchantType\ActivityController::get() should be compatible with Think\Controller::get($name = '') /var/www/html/cnconsum/Project/App/Controller/MerchantType/ActivityController.class.php 第 127 行.
SQL: SHOW COLUMNS FROM `cn_activity` [ RunTime:0.0006s ]
SQL: SELECT * FROM `cn_activity` WHERE `eare` = '西安市雁塔区' AND `state` = 'ONLINE'  [ RunTime:0.0003s ]
INFO: [ app_end ] --START--
INFO: Run Behavior\ShowPageTraceBehavior [ RunTime:0.000360s ]
INFO: [ app_end ] --END-- [ RunTime:0.000401s ]

[ 2016-11-12T09:14:08+08:00 ] 223.104.11.110 /cnconsum/App/MerchantType/advert/headlineGet
INFO: [ app_init ] --START--
INFO: Run Behavior\BuildLiteBehavior [ RunTime:0.000013s ]
INFO: [ app_init ] --END-- [ RunTime:0.000262s ]
INFO: [ app_begin ] --START--
INFO: Run Behavior\ReadHtmlCacheBehavior [ RunTime:0.000357s ]
INFO: [ app_begin ] --END-- [ RunTime:0.000400s ]
SQL: SHOW COLUMNS FROM `cn_advert_headline` [ RunTime:0.0007s ]
SQL: SELECT * FROM `cn_advert_headline` WHERE `area` = '西安市长安区' AND `state` = 'ONLINE' ORDER BY place asc  [ RunTime:0.0003s ]
INFO: [ app_end ] --START--
INFO: Run Behavior\ShowPageTraceBehavior [ RunTime:0.000470s ]
INFO: [ app_end ] --END-- [ RunTime:0.000517s ]

[ 2016-11-12T09:14:08+08:00 ] 223.104.11.110 /cnconsum/App/MerchantType/advert/insertGet
INFO: [ app_init ] --START--
INFO: Run Behavior\BuildLiteBehavior [ RunTime:0.000016s ]
INFO: [ app_init ] --END-- [ RunTime:0.000319s ]
INFO: [ app_begin ] --START--
INFO: Run Behavior\ReadHtmlCacheBehavior [ RunTime:0.000311s ]
INFO: [ app_begin ] --END-- [ RunTime:0.000354s ]
SQL: SHOW COLUMNS FROM `cn_advert_insert` [ RunTime:0.0007s ]
SQL: SELECT * FROM `cn_advert_insert` WHERE `area` = '西安市长安区' AND `place` = 0 AND `state` = 'ONLINE' ORDER BY start_time asc  [ RunTime:0.0003s ]
INFO: [ app_end ] --START--
INFO: Run Behavior\ShowPageTraceBehavior [ RunTime:0.000486s ]
INFO: [ app_end ] --END-- [ RunTime:0.000534s ]

