[ 2017-02-12T16:55:23+08:00 ] 113.200.141.100 /cnconsum/App/MerchantType/advert/leadGet
INFO: [ app_init ] --START--
INFO: Run Behavior\BuildLiteBehavior [ RunTime:0.000015s ]
INFO: [ app_init ] --END-- [ RunTime:0.000329s ]
INFO: [ app_begin ] --START--
INFO: Run Behavior\ReadHtmlCacheBehavior [ RunTime:0.000349s ]
INFO: [ app_begin ] --END-- [ RunTime:0.000393s ]
SQL: SHOW COLUMNS FROM `cn_advert_lead` [ RunTime:0.0007s ]
SQL: SELECT * FROM `cn_advert_lead` WHERE `area` = '西安市雁塔区' AND `state` = 'ONLINE' ORDER BY start_time asc  [ RunTime:0.0003s ]
INFO: [ app_end ] --START--
INFO: Run Behavior\ShowPageTraceBehavior [ RunTime:0.000382s ]
INFO: [ app_end ] --END-- [ RunTime:0.000424s ]

[ 2017-02-12T16:55:28+08:00 ] 113.200.141.100 /cnconsum/App/Extra/source/version
INFO: [ app_init ] --START--
INFO: Run Behavior\BuildLiteBehavior [ RunTime:0.000015s ]
INFO: [ app_init ] --END-- [ RunTime:0.000268s ]
INFO: [ app_begin ] --START--
INFO: Run Behavior\ReadHtmlCacheBehavior [ RunTime:0.000405s ]
INFO: [ app_begin ] --END-- [ RunTime:0.000462s ]
INFO: [ app_end ] --START--
INFO: Run Behavior\ShowPageTraceBehavior [ RunTime:0.000359s ]
INFO: [ app_end ] --END-- [ RunTime:0.000416s ]

[ 2017-02-12T16:55:28+08:00 ] 113.200.141.100 /cnconsum/App/MerchantType/advert/popupGet
INFO: [ app_init ] --START--
INFO: Run Behavior\BuildLiteBehavior [ RunTime:0.000013s ]
INFO: [ app_init ] --END-- [ RunTime:0.000315s ]
INFO: [ app_begin ] --START--
INFO: Run Behavior\ReadHtmlCacheBehavior [ RunTime:0.000363s ]
INFO: [ app_begin ] --END-- [ RunTime:0.000407s ]
SQL: SHOW COLUMNS FROM `cn_advert_popup` [ RunTime:0.0023s ]
SQL: SELECT * FROM `cn_advert_popup` WHERE `area` = '西安市雁塔区' AND `state` = 'ONLINE' ORDER BY start_time asc  [ RunTime:0.0003s ]
INFO: [ app_end ] --START--
INFO: Run Behavior\ShowPageTraceBehavior [ RunTime:0.000452s ]
INFO: [ app_end ] --END-- [ RunTime:0.000496s ]

[ 2017-02-12T16:55:28+08:00 ] 113.200.141.100 /cnconsum/App/MerchantType/advert/headlineGet
INFO: [ app_init ] --START--
INFO: Run Behavior\BuildLiteBehavior [ RunTime:0.000013s ]
INFO: [ app_init ] --END-- [ RunTime:0.000326s ]
INFO: [ app_begin ] --START--
INFO: Run Behavior\ReadHtmlCacheBehavior [ RunTime:0.000390s ]
INFO: [ app_begin ] --END-- [ RunTime:0.000435s ]
SQL: SHOW COLUMNS FROM `cn_advert_headline` [ RunTime:0.0009s ]
SQL: SELECT * FROM `cn_advert_headline` WHERE `area` = '西安市雁塔区' AND `state` = 'ONLINE' ORDER BY place asc  [ RunTime:0.0013s ]
INFO: [ app_end ] --START--
INFO: Run Behavior\ShowPageTraceBehavior [ RunTime:0.000534s ]
INFO: [ app_end ] --END-- [ RunTime:0.000584s ]

[ 2017-02-12T16:55:28+08:00 ] 113.200.141.100 /cnconsum/App/MerchantType/merchant/listGet
INFO: [ app_init ] --START--
INFO: Run Behavior\BuildLiteBehavior [ RunTime:0.000012s ]
INFO: [ app_init ] --END-- [ RunTime:0.000276s ]
INFO: [ app_begin ] --START--
INFO: Run Behavior\ReadHtmlCacheBehavior [ RunTime:0.000372s ]
INFO: [ app_begin ] --END-- [ RunTime:0.000434s ]
SQL: SHOW COLUMNS FROM `cn_merchant` [ RunTime:0.0006s ]
SQL: SELECT `muid`,`phone`,`store`,`image_url`,`longtitude`,`latitude` FROM `cn_merchant` WHERE `address` LIKE '%西安市雁塔区%' LIMIT 0,5   [ RunTime:0.0002s ]
SQL: SHOW COLUMNS FROM `cn_evaluate` [ RunTime:0.0004s ]
SQL: SELECT AVG(stars) AS tp_avg FROM `cn_evaluate` WHERE `merchant` = 'm_d7c116a9cc' LIMIT 1   [ RunTime:0.0002s ]
SQL: SHOW COLUMNS FROM `cn_user_card` [ RunTime:0.0005s ]
SQL: SELECT COUNT(*) AS tp_count FROM `cn_user_card` WHERE `merchant` = 'm_d7c116a9cc' LIMIT 1   [ RunTime:0.0002s ]
SQL: SHOW COLUMNS FROM `cn_merchant_card` [ RunTime:0.0005s ]
SQL: SELECT MIN(rule) AS tp_min FROM `cn_merchant_card` WHERE `merchant` = 'm_d7c116a9cc' AND `type` = '储值卡' LIMIT 1   [ RunTime:0.0003s ]
SQL: SELECT MAX(addition_sum) AS tp_max FROM `cn_merchant_card` WHERE `merchant` = 'm_d7c116a9cc' AND `type` = '储值卡' LIMIT 1   [ RunTime:0.0002s ]
SQL: SELECT AVG(stars) AS tp_avg FROM `cn_evaluate` WHERE `merchant` = 'm_online01' LIMIT 1   [ RunTime:0.0002s ]
SQL: SELECT COUNT(*) AS tp_count FROM `cn_user_card` WHERE `merchant` = 'm_online01' LIMIT 1   [ RunTime:0.0002s ]
SQL: SELECT MIN(rule) AS tp_min FROM `cn_merchant_card` WHERE `merchant` = 'm_online01' AND `type` = '储值卡' LIMIT 1   [ RunTime:0.0002s ]
SQL: SELECT MAX(addition_sum) AS tp_max FROM `cn_merchant_card` WHERE `merchant` = 'm_online01' AND `type` = '储值卡' LIMIT 1   [ RunTime:0.0002s ]
SQL: SELECT AVG(stars) AS tp_avg FROM `cn_evaluate` WHERE `merchant` = 'm_online04' LIMIT 1   [ RunTime:0.0002s ]
SQL: SELECT COUNT(*) AS tp_count FROM `cn_user_card` WHERE `merchant` = 'm_online04' LIMIT 1   [ RunTime:0.0001s ]
SQL: SELECT MIN(rule) AS tp_min FROM `cn_merchant_card` WHERE `merchant` = 'm_online04' AND `type` = '储值卡' LIMIT 1   [ RunTime:0.0002s ]
SQL: SELECT MAX(addition_sum) AS tp_max FROM `cn_merchant_card` WHERE `merchant` = 'm_online04' AND `type` = '储值卡' LIMIT 1   [ RunTime:0.0002s ]
SQL: SELECT AVG(stars) AS tp_avg FROM `cn_evaluate` WHERE `merchant` = 'm_test01' LIMIT 1   [ RunTime:0.0002s ]
SQL: SELECT COUNT(*) AS tp_count FROM `cn_user_card` WHERE `merchant` = 'm_test01' LIMIT 1   [ RunTime:0.0001s ]
SQL: SELECT MIN(rule) AS tp_min FROM `cn_merchant_card` WHERE `merchant` = 'm_test01' AND `type` = '储值卡' LIMIT 1   [ RunTime:0.0002s ]
SQL: SELECT MAX(addition_sum) AS tp_max FROM `cn_merchant_card` WHERE `merchant` = 'm_test01' AND `type` = '储值卡' LIMIT 1   [ RunTime:0.0002s ]
SQL: SELECT AVG(stars) AS tp_avg FROM `cn_evaluate` WHERE `merchant` = 'm_test013' LIMIT 1   [ RunTime:0.0002s ]
SQL: SELECT COUNT(*) AS tp_count FROM `cn_user_card` WHERE `merchant` = 'm_test013' LIMIT 1   [ RunTime:0.0002s ]
SQL: SELECT MIN(rule) AS tp_min FROM `cn_merchant_card` WHERE `merchant` = 'm_test013' AND `type` = '储值卡' LIMIT 1   [ RunTime:0.0002s ]
SQL: SELECT MAX(addition_sum) AS tp_max FROM `cn_merchant_card` WHERE `merchant` = 'm_test013' AND `type` = '储值卡' LIMIT 1   [ RunTime:0.0002s ]
INFO: [ app_end ] --START--
INFO: Run Behavior\ShowPageTraceBehavior [ RunTime:0.000480s ]
INFO: [ app_end ] --END-- [ RunTime:0.000549s ]

[ 2017-02-12T16:55:28+08:00 ] 113.200.141.100 /cnconsum/App/MerchantType/advert/insertGet
INFO: [ app_init ] --START--
INFO: Run Behavior\BuildLiteBehavior [ RunTime:0.000016s ]
INFO: [ app_init ] --END-- [ RunTime:0.000301s ]
INFO: [ app_begin ] --START--
INFO: Run Behavior\ReadHtmlCacheBehavior [ RunTime:0.000387s ]
INFO: [ app_begin ] --END-- [ RunTime:0.000452s ]
SQL: SHOW COLUMNS FROM `cn_advert_insert` [ RunTime:0.0005s ]
SQL: SELECT * FROM `cn_advert_insert` WHERE `area` = '西安市雁塔区' AND `place` = 1 AND `state` = 'ONLINE' ORDER BY start_time asc  [ RunTime:0.0010s ]
INFO: [ app_end ] --START--
INFO: Run Behavior\ShowPageTraceBehavior [ RunTime:0.000501s ]
INFO: [ app_end ] --END-- [ RunTime:0.000559s ]

[ 2017-02-12T16:55:28+08:00 ] 113.200.141.100 /cnconsum/App/MerchantType/activity/get
INFO: [ app_init ] --START--
INFO: Run Behavior\BuildLiteBehavior [ RunTime:0.000012s ]
INFO: [ app_init ] --END-- [ RunTime:0.000253s ]
INFO: [ app_begin ] --START--
INFO: Run Behavior\ReadHtmlCacheBehavior [ RunTime:0.000413s ]
INFO: [ app_begin ] --END-- [ RunTime:0.000460s ]
NOTIC: [2048] Declaration of App\Controller\MerchantType\ActivityController::get() should be compatible with Think\Controller::get($name = '') /var/www/html/cnconsum/Project/App/Controller/MerchantType/ActivityController.class.php 第 127 行.
SQL: SHOW COLUMNS FROM `cn_activity` [ RunTime:0.0007s ]
SQL: SELECT * FROM `cn_activity` WHERE `eare` = '西安市雁塔区' AND `state` = 'ONLINE'  [ RunTime:0.0003s ]
INFO: [ app_end ] --START--
INFO: Run Behavior\ShowPageTraceBehavior [ RunTime:0.000442s ]
INFO: [ app_end ] --END-- [ RunTime:0.000496s ]

[ 2017-02-12T16:55:29+08:00 ] 113.200.141.100 /cnconsum/App/Extra/Source/tradeIconGet
INFO: [ app_init ] --START--
INFO: Run Behavior\BuildLiteBehavior [ RunTime:0.000014s ]
INFO: [ app_init ] --END-- [ RunTime:0.000291s ]
INFO: [ app_begin ] --START--
INFO: Run Behavior\ReadHtmlCacheBehavior [ RunTime:0.000351s ]
INFO: [ app_begin ] --END-- [ RunTime:0.000409s ]
SQL: SHOW COLUMNS FROM `cn_trade_icon` [ RunTime:0.0006s ]
SQL: SELECT * FROM `cn_trade_icon`  [ RunTime:0.0024s ]
INFO: [ app_end ] --START--
INFO: Run Behavior\ShowPageTraceBehavior [ RunTime:0.000563s ]
INFO: [ app_end ] --END-- [ RunTime:0.000665s ]

[ 2017-02-12T16:55:29+08:00 ] 113.200.141.100 /cnconsum/App/MerchantType/search/get
INFO: [ app_init ] --START--
INFO: Run Behavior\BuildLiteBehavior [ RunTime:0.000013s ]
INFO: [ app_init ] --END-- [ RunTime:0.000266s ]
INFO: [ app_begin ] --START--
INFO: Run Behavior\ReadHtmlCacheBehavior [ RunTime:0.000358s ]
INFO: [ app_begin ] --END-- [ RunTime:0.000401s ]
NOTIC: [2048] Declaration of App\Controller\MerchantType\SearchController::get() should be compatible with Think\Controller::get($name = '') /var/www/html/cnconsum/Project/App/Controller/MerchantType/SearchController.class.php 第 35 行.
SQL: SHOW COLUMNS FROM `cn_merchant` [ RunTime:0.0008s ]
SQL: SELECT `muid`,`phone`,`store`,`image_url`,`longtitude`,`latitude` FROM `cn_merchant` WHERE `address` LIKE '%西安市雁塔区%' AND `trade` LIKE '%%' LIMIT 0,10   [ RunTime:0.0004s ]
SQL: SHOW COLUMNS FROM `cn_evaluate` [ RunTime:0.0004s ]
SQL: SELECT AVG(stars) AS tp_avg FROM `cn_evaluate` WHERE `merchant` = 'm_d7c116a9cc' LIMIT 1   [ RunTime:0.0003s ]
SQL: SHOW COLUMNS FROM `cn_user_card` [ RunTime:0.0006s ]
SQL: SELECT COUNT(*) AS tp_count FROM `cn_user_card` WHERE `merchant` = 'm_d7c116a9cc' LIMIT 1   [ RunTime:0.0002s ]
SQL: SHOW COLUMNS FROM `cn_merchant_card` [ RunTime:0.0004s ]
SQL: SELECT MIN(rule) AS tp_min FROM `cn_merchant_card` WHERE `merchant` = 'm_d7c116a9cc' AND `type` = '储值卡' LIMIT 1   [ RunTime:0.0002s ]
SQL: SELECT MAX(addition_sum) AS tp_max FROM `cn_merchant_card` WHERE `merchant` = 'm_d7c116a9cc' AND `type` = '储值卡' LIMIT 1   [ RunTime:0.0002s ]
SQL: SELECT AVG(stars) AS tp_avg FROM `cn_evaluate` WHERE `merchant` = 'm_online01' LIMIT 1   [ RunTime:0.0002s ]
SQL: SELECT COUNT(*) AS tp_count FROM `cn_user_card` WHERE `merchant` = 'm_online01' LIMIT 1   [ RunTime:0.0002s ]
SQL: SELECT MIN(rule) AS tp_min FROM `cn_merchant_card` WHERE `merchant` = 'm_online01' AND `type` = '储值卡' LIMIT 1   [ RunTime:0.0002s ]
SQL: SELECT MAX(addition_sum) AS tp_max FROM `cn_merchant_card` WHERE `merchant` = 'm_online01' AND `type` = '储值卡' LIMIT 1   [ RunTime:0.0002s ]
SQL: SELECT AVG(stars) AS tp_avg FROM `cn_evaluate` WHERE `merchant` = 'm_online04' LIMIT 1   [ RunTime:0.0002s ]
SQL: SELECT COUNT(*) AS tp_count FROM `cn_user_card` WHERE `merchant` = 'm_online04' LIMIT 1   [ RunTime:0.0002s ]
SQL: SELECT MIN(rule) AS tp_min FROM `cn_merchant_card` WHERE `merchant` = 'm_online04' AND `type` = '储值卡' LIMIT 1   [ RunTime:0.0002s ]
SQL: SELECT MAX(addition_sum) AS tp_max FROM `cn_merchant_card` WHERE `merchant` = 'm_online04' AND `type` = '储值卡' LIMIT 1   [ RunTime:0.0002s ]
SQL: SELECT AVG(stars) AS tp_avg FROM `cn_evaluate` WHERE `merchant` = 'm_test01' LIMIT 1   [ RunTime:0.0002s ]
SQL: SELECT COUNT(*) AS tp_count FROM `cn_user_card` WHERE `merchant` = 'm_test01' LIMIT 1   [ RunTime:0.0002s ]
SQL: SELECT MIN(rule) AS tp_min FROM `cn_merchant_card` WHERE `merchant` = 'm_test01' AND `type` = '储值卡' LIMIT 1   [ RunTime:0.0002s ]
SQL: SELECT MAX(addition_sum) AS tp_max FROM `cn_merchant_card` WHERE `merchant` = 'm_test01' AND `type` = '储值卡' LIMIT 1   [ RunTime:0.0003s ]
SQL: SELECT AVG(stars) AS tp_avg FROM `cn_evaluate` WHERE `merchant` = 'm_test013' LIMIT 1   [ RunTime:0.0002s ]
SQL: SELECT COUNT(*) AS tp_count FROM `cn_user_card` WHERE `merchant` = 'm_test013' LIMIT 1   [ RunTime:0.0002s ]
SQL: SELECT MIN(rule) AS tp_min FROM `cn_merchant_card` WHERE `merchant` = 'm_test013' AND `type` = '储值卡' LIMIT 1   [ RunTime:0.0002s ]
SQL: SELECT MAX(addition_sum) AS tp_max FROM `cn_merchant_card` WHERE `merchant` = 'm_test013' AND `type` = '储值卡' LIMIT 1   [ RunTime:0.0002s ]
SQL: SELECT AVG(stars) AS tp_avg FROM `cn_evaluate` WHERE `merchant` = 'm_test016' LIMIT 1   [ RunTime:0.0002s ]
SQL: SELECT COUNT(*) AS tp_count FROM `cn_user_card` WHERE `merchant` = 'm_test016' LIMIT 1   [ RunTime:0.0002s ]
SQL: SELECT MIN(rule) AS tp_min FROM `cn_merchant_card` WHERE `merchant` = 'm_test016' AND `type` = '储值卡' LIMIT 1   [ RunTime:0.0002s ]
SQL: SELECT MAX(addition_sum) AS tp_max FROM `cn_merchant_card` WHERE `merchant` = 'm_test016' AND `type` = '储值卡' LIMIT 1   [ RunTime:0.0002s ]
SQL: SELECT AVG(stars) AS tp_avg FROM `cn_evaluate` WHERE `merchant` = 'm_test02' LIMIT 1   [ RunTime:0.0002s ]
SQL: SELECT COUNT(*) AS tp_count FROM `cn_user_card` WHERE `merchant` = 'm_test02' LIMIT 1   [ RunTime:0.0001s ]
SQL: SELECT MIN(rule) AS tp_min FROM `cn_merchant_card` WHERE `merchant` = 'm_test02' AND `type` = '储值卡' LIMIT 1   [ RunTime:0.0002s ]
SQL: SELECT MAX(addition_sum) AS tp_max FROM `cn_merchant_card` WHERE `merchant` = 'm_test02' AND `type` = '储值卡' LIMIT 1   [ RunTime:0.0002s ]
SQL: SELECT AVG(stars) AS tp_avg FROM `cn_evaluate` WHERE `merchant` = 'm_test033' LIMIT 1   [ RunTime:0.0002s ]
SQL: SELECT COUNT(*) AS tp_count FROM `cn_user_card` WHERE `merchant` = 'm_test033' LIMIT 1   [ RunTime:0.0003s ]
SQL: SELECT MIN(rule) AS tp_min FROM `cn_merchant_card` WHERE `merchant` = 'm_test033' AND `type` = '储值卡' LIMIT 1   [ RunTime:0.0002s ]
SQL: SELECT MAX(addition_sum) AS tp_max FROM `cn_merchant_card` WHERE `merchant` = 'm_test033' AND `type` = '储值卡' LIMIT 1   [ RunTime:0.0002s ]
SQL: SELECT AVG(stars) AS tp_avg FROM `cn_evaluate` WHERE `merchant` = 'm_test035' LIMIT 1   [ RunTime:0.0002s ]
SQL: SELECT COUNT(*) AS tp_count FROM `cn_user_card` WHERE `merchant` = 'm_test035' LIMIT 1   [ RunTime:0.0002s ]
SQL: SELECT MIN(rule) AS tp_min FROM `cn_merchant_card` WHERE `merchant` = 'm_test035' AND `type` = '储值卡' LIMIT 1   [ RunTime:0.0002s ]
SQL: SELECT MAX(addition_sum) AS tp_max FROM `cn_merchant_card` WHERE `merchant` = 'm_test035' AND `type` = '储值卡' LIMIT 1   [ RunTime:0.0002s ]
INFO: [ app_end ] --START--
INFO: Run Behavior\ShowPageTraceBehavior [ RunTime:0.000512s ]
INFO: [ app_end ] --END-- [ RunTime:0.000553s ]

[ 2017-02-12T16:55:29+08:00 ] 113.200.141.100 /cnconsum/App/UserType/CardMarket/get
INFO: [ app_init ] --START--
INFO: Run Behavior\BuildLiteBehavior [ RunTime:0.000016s ]
INFO: [ app_init ] --END-- [ RunTime:0.000301s ]
INFO: [ app_begin ] --START--
INFO: Run Behavior\ReadHtmlCacheBehavior [ RunTime:0.000396s ]
INFO: [ app_begin ] --END-- [ RunTime:0.000439s ]
NOTIC: [2048] Declaration of App\Controller\UserType\CardMarketController::get() should be compatible with Think\Controller::get($name = '') /var/www/html/cnconsum/Project/App/Controller/UserType/CardMarketController.class.php 第 241 行.
SQL: SHOW COLUMNS FROM `cn_card_market` [ RunTime:0.0007s ]
SQL: SELECT `rule`,`card_code`,`headimage`,cn_merchant.muid,cn_user.uuid,`method`,`nickname`,cn_card_market.datetime,`store`,`card_remain`,`card_level`,`card_type`,`rate`,cn_merchant.address FROM `cn_card_market` INNER JOIN cn_user ON cn_user.uuid = cn_card_market.uuid INNER JOIN cn_merchant ON cn_merchant.muid = cn_card_market.muid  WHERE `method` = 'transfer' AND cn_merchant.address LIKE '%西安市雁塔区%' LIMIT 0,1   [ RunTime:0.0004s ]
INFO: [ app_end ] --START--
INFO: Run Behavior\ShowPageTraceBehavior [ RunTime:0.000400s ]
INFO: [ app_end ] --END-- [ RunTime:0.000449s ]

[ 2017-02-12T17:02:13+08:00 ] 113.200.141.100 /cnconsum/App/UserType/CardMarket/get
INFO: [ app_init ] --START--
INFO: Run Behavior\BuildLiteBehavior [ RunTime:0.000018s ]
INFO: [ app_init ] --END-- [ RunTime:0.000395s ]
INFO: [ app_begin ] --START--
INFO: Run Behavior\ReadHtmlCacheBehavior [ RunTime:0.000422s ]
INFO: [ app_begin ] --END-- [ RunTime:0.000474s ]
NOTIC: [2048] Declaration of App\Controller\UserType\CardMarketController::get() should be compatible with Think\Controller::get($name = '') /var/www/html/cnconsum/Project/App/Controller/UserType/CardMarketController.class.php 第 241 行.
SQL: SHOW COLUMNS FROM `cn_card_market` [ RunTime:0.0008s ]
SQL: SELECT `rule`,`card_code`,`headimage`,cn_merchant.muid,cn_user.uuid,`method`,`nickname`,cn_card_market.datetime,`store`,`card_remain`,`card_level`,`card_type`,`rate`,cn_merchant.address FROM `cn_card_market` INNER JOIN cn_user ON cn_user.uuid = cn_card_market.uuid INNER JOIN cn_merchant ON cn_merchant.muid = cn_card_market.muid  WHERE `method` = 'transfer' AND cn_merchant.address LIKE '%西安市雁塔区%' LIMIT 0,1   [ RunTime:0.0005s ]
INFO: [ app_end ] --START--
INFO: Run Behavior\ShowPageTraceBehavior [ RunTime:0.000467s ]
INFO: [ app_end ] --END-- [ RunTime:0.000515s ]

[ 2017-02-12T17:02:24+08:00 ] 113.200.141.100 /cnconsum/App/MerchantType/advert/insertGet
INFO: [ app_init ] --START--
INFO: Run Behavior\BuildLiteBehavior [ RunTime:0.000020s ]
INFO: [ app_init ] --END-- [ RunTime:0.000422s ]
INFO: [ app_begin ] --START--
INFO: Run Behavior\ReadHtmlCacheBehavior [ RunTime:0.000435s ]
INFO: [ app_begin ] --END-- [ RunTime:0.000488s ]
SQL: SHOW COLUMNS FROM `cn_advert_insert` [ RunTime:0.0007s ]
SQL: SELECT * FROM `cn_advert_insert` WHERE `area` = '西安市雁塔区' AND `place` = 2 AND `state` = 'ONLINE' ORDER BY start_time asc  [ RunTime:0.0003s ]
INFO: [ app_end ] --START--
INFO: Run Behavior\ShowPageTraceBehavior [ RunTime:0.000386s ]
INFO: [ app_end ] --END-- [ RunTime:0.000428s ]

[ 2017-02-12T17:02:24+08:00 ] 113.200.141.100 /cnconsum/App/MerchantType/merchant/listGet
INFO: [ app_init ] --START--
INFO: Run Behavior\BuildLiteBehavior [ RunTime:0.000019s ]
INFO: [ app_init ] --END-- [ RunTime:0.000297s ]
INFO: [ app_begin ] --START--
INFO: Run Behavior\ReadHtmlCacheBehavior [ RunTime:0.000340s ]
INFO: [ app_begin ] --END-- [ RunTime:0.000382s ]
SQL: SHOW COLUMNS FROM `cn_merchant` [ RunTime:0.0008s ]
SQL: SELECT `muid`,`phone`,`store`,`image_url`,`longtitude`,`latitude` FROM `cn_merchant` WHERE `address` LIKE '%西安市雁塔区%' LIMIT 5,5   [ RunTime:0.0003s ]
SQL: SHOW COLUMNS FROM `cn_evaluate` [ RunTime:0.0005s ]
SQL: SELECT AVG(stars) AS tp_avg FROM `cn_evaluate` WHERE `merchant` = 'm_test016' LIMIT 1   [ RunTime:0.0003s ]
SQL: SHOW COLUMNS FROM `cn_user_card` [ RunTime:0.0004s ]
SQL: SELECT COUNT(*) AS tp_count FROM `cn_user_card` WHERE `merchant` = 'm_test016' LIMIT 1   [ RunTime:0.0002s ]
SQL: SHOW COLUMNS FROM `cn_merchant_card` [ RunTime:0.0005s ]
SQL: SELECT MIN(rule) AS tp_min FROM `cn_merchant_card` WHERE `merchant` = 'm_test016' AND `type` = '储值卡' LIMIT 1   [ RunTime:0.0003s ]
SQL: SELECT MAX(addition_sum) AS tp_max FROM `cn_merchant_card` WHERE `merchant` = 'm_test016' AND `type` = '储值卡' LIMIT 1   [ RunTime:0.0002s ]
SQL: SELECT AVG(stars) AS tp_avg FROM `cn_evaluate` WHERE `merchant` = 'm_test02' LIMIT 1   [ RunTime:0.0002s ]
SQL: SELECT COUNT(*) AS tp_count FROM `cn_user_card` WHERE `merchant` = 'm_test02' LIMIT 1   [ RunTime:0.0002s ]
SQL: SELECT MIN(rule) AS tp_min FROM `cn_merchant_card` WHERE `merchant` = 'm_test02' AND `type` = '储值卡' LIMIT 1   [ RunTime:0.0002s ]
SQL: SELECT MAX(addition_sum) AS tp_max FROM `cn_merchant_card` WHERE `merchant` = 'm_test02' AND `type` = '储值卡' LIMIT 1   [ RunTime:0.0003s ]
SQL: SELECT AVG(stars) AS tp_avg FROM `cn_evaluate` WHERE `merchant` = 'm_test033' LIMIT 1   [ RunTime:0.0002s ]
SQL: SELECT COUNT(*) AS tp_count FROM `cn_user_card` WHERE `merchant` = 'm_test033' LIMIT 1   [ RunTime:0.0002s ]
SQL: SELECT MIN(rule) AS tp_min FROM `cn_merchant_card` WHERE `merchant` = 'm_test033' AND `type` = '储值卡' LIMIT 1   [ RunTime:0.0003s ]
SQL: SELECT MAX(addition_sum) AS tp_max FROM `cn_merchant_card` WHERE `merchant` = 'm_test033' AND `type` = '储值卡' LIMIT 1   [ RunTime:0.0002s ]
SQL: SELECT AVG(stars) AS tp_avg FROM `cn_evaluate` WHERE `merchant` = 'm_test035' LIMIT 1   [ RunTime:0.0002s ]
SQL: SELECT COUNT(*) AS tp_count FROM `cn_user_card` WHERE `merchant` = 'm_test035' LIMIT 1   [ RunTime:0.0002s ]
SQL: SELECT MIN(rule) AS tp_min FROM `cn_merchant_card` WHERE `merchant` = 'm_test035' AND `type` = '储值卡' LIMIT 1   [ RunTime:0.0002s ]
SQL: SELECT MAX(addition_sum) AS tp_max FROM `cn_merchant_card` WHERE `merchant` = 'm_test035' AND `type` = '储值卡' LIMIT 1   [ RunTime:0.0002s ]
INFO: [ app_end ] --START--
INFO: Run Behavior\ShowPageTraceBehavior [ RunTime:0.000454s ]
INFO: [ app_end ] --END-- [ RunTime:0.000502s ]

[ 2017-02-12T17:02:26+08:00 ] 113.200.141.100 /cnconsum/App/UserType/CardMarket/get
INFO: [ app_init ] --START--
INFO: Run Behavior\BuildLiteBehavior [ RunTime:0.000013s ]
INFO: [ app_init ] --END-- [ RunTime:0.000281s ]
INFO: [ app_begin ] --START--
INFO: Run Behavior\ReadHtmlCacheBehavior [ RunTime:0.000394s ]
INFO: [ app_begin ] --END-- [ RunTime:0.000438s ]
NOTIC: [2048] Declaration of App\Controller\UserType\CardMarketController::get() should be compatible with Think\Controller::get($name = '') /var/www/html/cnconsum/Project/App/Controller/UserType/CardMarketController.class.php 第 241 行.
SQL: SHOW COLUMNS FROM `cn_card_market` [ RunTime:0.0007s ]
SQL: SELECT `rule`,`card_code`,`headimage`,cn_merchant.muid,cn_user.uuid,`method`,`nickname`,cn_card_market.datetime,`store`,`card_remain`,`card_level`,`card_type`,`rate`,cn_merchant.address FROM `cn_card_market` INNER JOIN cn_user ON cn_user.uuid = cn_card_market.uuid INNER JOIN cn_merchant ON cn_merchant.muid = cn_card_market.muid  WHERE `method` = 'transfer' AND cn_merchant.address LIKE '%西安市雁塔区%' LIMIT 1,1   [ RunTime:0.0005s ]
INFO: [ app_end ] --START--
INFO: Run Behavior\ShowPageTraceBehavior [ RunTime:0.000434s ]
INFO: [ app_end ] --END-- [ RunTime:0.000479s ]

[ 2017-02-12T17:02:27+08:00 ] 113.200.141.100 /cnconsum/App/UserType/CardMarket/get
INFO: [ app_init ] --START--
INFO: Run Behavior\BuildLiteBehavior [ RunTime:0.000014s ]
INFO: [ app_init ] --END-- [ RunTime:0.000332s ]
INFO: [ app_begin ] --START--
INFO: Run Behavior\ReadHtmlCacheBehavior [ RunTime:0.000432s ]
INFO: [ app_begin ] --END-- [ RunTime:0.000476s ]
NOTIC: [2048] Declaration of App\Controller\UserType\CardMarketController::get() should be compatible with Think\Controller::get($name = '') /var/www/html/cnconsum/Project/App/Controller/UserType/CardMarketController.class.php 第 241 行.
SQL: SHOW COLUMNS FROM `cn_card_market` [ RunTime:0.0007s ]
SQL: SELECT `rule`,`card_code`,`headimage`,cn_merchant.muid,cn_user.uuid,`method`,`nickname`,cn_card_market.datetime,`store`,`card_remain`,`card_level`,`card_type`,`rate`,cn_merchant.address FROM `cn_card_market` INNER JOIN cn_user ON cn_user.uuid = cn_card_market.uuid INNER JOIN cn_merchant ON cn_merchant.muid = cn_card_market.muid  WHERE `method` = 'transfer' AND cn_merchant.address LIKE '%西安市雁塔区%' LIMIT 2,1   [ RunTime:0.0004s ]
INFO: [ app_end ] --START--
INFO: Run Behavior\ShowPageTraceBehavior [ RunTime:0.000456s ]
INFO: [ app_end ] --END-- [ RunTime:0.000504s ]

[ 2017-02-12T17:02:32+08:00 ] 113.200.141.100 /cnconsum/App/MerchantType/merchant/videoGet
INFO: [ app_init ] --START--
INFO: Run Behavior\BuildLiteBehavior [ RunTime:0.000013s ]
INFO: [ app_init ] --END-- [ RunTime:0.000265s ]
INFO: [ app_begin ] --START--
INFO: Run Behavior\ReadHtmlCacheBehavior [ RunTime:0.000390s ]
INFO: [ app_begin ] --END-- [ RunTime:0.000442s ]
SQL: SHOW COLUMNS FROM `cn_merchant_video` [ RunTime:0.0008s ]
SQL: SELECT * FROM `cn_merchant_video` WHERE `merchant` = 'm_d7c116a9cc'  [ RunTime:0.0003s ]
INFO: [ app_end ] --START--
INFO: Run Behavior\ShowPageTraceBehavior [ RunTime:0.000560s ]
INFO: [ app_end ] --END-- [ RunTime:0.000609s ]

[ 2017-02-12T17:02:33+08:00 ] 113.200.141.100 /cnconsum/App/MerchantType/Info/get
INFO: [ app_init ] --START--
INFO: Run Behavior\BuildLiteBehavior [ RunTime:0.000016s ]
INFO: [ app_init ] --END-- [ RunTime:0.000286s ]
INFO: [ app_begin ] --START--
INFO: Run Behavior\ReadHtmlCacheBehavior [ RunTime:0.000378s ]
INFO: [ app_begin ] --END-- [ RunTime:0.000438s ]
NOTIC: [2048] Declaration of App\Controller\MerchantType\InfoController::get() should be compatible with Think\Controller::get($name = '') /var/www/html/cnconsum/Project/App/Controller/MerchantType/InfoController.class.php 第 75 行.
SQL: SHOW COLUMNS FROM `cn_merchant_info` [ RunTime:0.0005s ]
SQL: SELECT * FROM `cn_merchant_info` WHERE `merchant` = 'm_d7c116a9cc' AND `state` = 'true'  [ RunTime:0.0002s ]
SQL: SHOW COLUMNS FROM `cn_user_card` [ RunTime:0.0009s ]
SQL: SELECT DISTINCT  COUNT(*) AS tp_count FROM `cn_user_card` WHERE `merchant` = 'm_d7c116a9cc' LIMIT 1   [ RunTime:0.0002s ]
INFO: [ app_end ] --START--
INFO: Run Behavior\ShowPageTraceBehavior [ RunTime:0.000555s ]
INFO: [ app_end ] --END-- [ RunTime:0.000597s ]

[ 2017-02-12T17:02:33+08:00 ] 113.200.141.100 /cnconsum/App/MerchantType/merchant/infoGet
INFO: [ app_init ] --START--
INFO: Run Behavior\BuildLiteBehavior [ RunTime:0.000013s ]
INFO: [ app_init ] --END-- [ RunTime:0.000318s ]
INFO: [ app_begin ] --START--
INFO: Run Behavior\ReadHtmlCacheBehavior [ RunTime:0.000333s ]
INFO: [ app_begin ] --END-- [ RunTime:0.000389s ]
SQL: SHOW COLUMNS FROM `cn_merchant` [ RunTime:0.0008s ]
SQL: SELECT `muid`,`phone`,`store`,`image_url`,`address`,`longtitude`,`latitude`,`store_number` FROM `cn_merchant` WHERE `muid` = 'm_d7c116a9cc'  [ RunTime:0.0002s ]
SQL: SHOW COLUMNS FROM `cn_evaluate` [ RunTime:0.0006s ]
SQL: SELECT AVG(stars) AS tp_avg FROM `cn_evaluate` WHERE `merchant` = 'm_d7c116a9cc' LIMIT 1   [ RunTime:0.0002s ]
SQL: SELECT COUNT(*) AS tp_count FROM `cn_evaluate` WHERE `merchant` = 'm_d7c116a9cc' LIMIT 1   [ RunTime:0.0002s ]
SQL: SELECT cn_evaluate.*,`nickname`,`headImage` FROM `cn_evaluate` INNER JOIN cn_user on cn_user.uuid = cn_evaluate.user  WHERE `merchant` = 'm_d7c116a9cc' LIMIT 0,2   [ RunTime:0.0002s ]
SQL: SHOW COLUMNS FROM `cn_user_card` [ RunTime:0.0005s ]
SQL: SELECT COUNT(*) AS tp_count FROM `cn_user_card` WHERE `merchant` = 'm_d7c116a9cc' LIMIT 1   [ RunTime:0.0002s ]
SQL: SHOW COLUMNS FROM `cn_merchant_card` [ RunTime:0.0005s ]
SQL: SELECT * FROM `cn_merchant_card` WHERE `merchant` = 'm_d7c116a9cc'  [ RunTime:0.0002s ]
SQL: SHOW COLUMNS FROM `cn_merchant_info` [ RunTime:0.0005s ]
SQL: SELECT * FROM `cn_merchant_info` WHERE `merchant` = 'm_d7c116a9cc'  [ RunTime:0.0002s ]
NOTIC: [8] Undefined offset: 0 /var/www/html/cnconsum/Project/App/Common/function.php 第 295 行.
NOTIC: [8] Undefined offset: 0 /var/www/html/cnconsum/Project/App/Common/function.php 第 296 行.
NOTIC: [8] Undefined offset: 0 /var/www/html/cnconsum/Project/App/Common/function.php 第 297 行.
NOTIC: [8] Undefined offset: 0 /var/www/html/cnconsum/Project/App/Common/function.php 第 298 行.
INFO: [ app_end ] --START--
INFO: Run Behavior\ShowPageTraceBehavior [ RunTime:0.000380s ]
INFO: [ app_end ] --END-- [ RunTime:0.000425s ]

[ 2017-02-12T17:02:34+08:00 ] 113.200.141.100 /cnconsum/App/MerchantType/merchant/videoGet
INFO: [ app_init ] --START--
INFO: Run Behavior\BuildLiteBehavior [ RunTime:0.000013s ]
INFO: [ app_init ] --END-- [ RunTime:0.000271s ]
INFO: [ app_begin ] --START--
INFO: Run Behavior\ReadHtmlCacheBehavior [ RunTime:0.000345s ]
INFO: [ app_begin ] --END-- [ RunTime:0.000389s ]
SQL: SHOW COLUMNS FROM `cn_merchant_video` [ RunTime:0.0008s ]
SQL: SELECT * FROM `cn_merchant_video` WHERE `merchant` = '111'  [ RunTime:0.0003s ]
INFO: [ app_end ] --START--
INFO: Run Behavior\ShowPageTraceBehavior [ RunTime:0.000552s ]
INFO: [ app_end ] --END-- [ RunTime:0.000620s ]

[ 2017-02-12T17:02:34+08:00 ] 113.200.141.100 /cnconsum/App/MerchantType/merchant/videoGet
INFO: [ app_init ] --START--
INFO: Run Behavior\BuildLiteBehavior [ RunTime:0.000013s ]
INFO: [ app_init ] --END-- [ RunTime:0.000256s ]
INFO: [ app_begin ] --START--
INFO: Run Behavior\ReadHtmlCacheBehavior [ RunTime:0.000370s ]
INFO: [ app_begin ] --END-- [ RunTime:0.000414s ]
SQL: SHOW COLUMNS FROM `cn_merchant_video` [ RunTime:0.0006s ]
SQL: SELECT * FROM `cn_merchant_video` WHERE `merchant` = '111'  [ RunTime:0.0003s ]
INFO: [ app_end ] --START--
INFO: Run Behavior\ShowPageTraceBehavior [ RunTime:0.000381s ]
INFO: [ app_end ] --END-- [ RunTime:0.000436s ]

[ 2017-02-12T17:02:42+08:00 ] 113.200.141.100 /cnconsum/App/UserType/CardMarket/get
INFO: [ app_init ] --START--
INFO: Run Behavior\BuildLiteBehavior [ RunTime:0.000023s ]
INFO: [ app_init ] --END-- [ RunTime:0.000312s ]
INFO: [ app_begin ] --START--
INFO: Run Behavior\ReadHtmlCacheBehavior [ RunTime:0.000336s ]
INFO: [ app_begin ] --END-- [ RunTime:0.000409s ]
NOTIC: [2048] Declaration of App\Controller\UserType\CardMarketController::get() should be compatible with Think\Controller::get($name = '') /var/www/html/cnconsum/Project/App/Controller/UserType/CardMarketController.class.php 第 241 行.
SQL: SHOW COLUMNS FROM `cn_card_market` [ RunTime:0.0009s ]
SQL: SELECT `rule`,`card_code`,`headimage`,cn_merchant.muid,cn_user.uuid,`method`,`nickname`,cn_card_market.datetime,`store`,`card_remain`,`card_level`,`card_type`,`rate`,cn_merchant.address FROM `cn_card_market` INNER JOIN cn_user ON cn_user.uuid = cn_card_market.uuid INNER JOIN cn_merchant ON cn_merchant.muid = cn_card_market.muid  WHERE `method` = 'transfer' AND cn_merchant.address LIKE '%西安市雁塔区%' LIMIT 0,1   [ RunTime:0.0005s ]
INFO: [ app_end ] --START--
INFO: Run Behavior\ShowPageTraceBehavior [ RunTime:0.000614s ]
INFO: [ app_end ] --END-- [ RunTime:0.000679s ]

[ 2017-02-12T17:02:43+08:00 ] 113.200.141.100 /cnconsum/App/MerchantType/merchant/videoGet
INFO: [ app_init ] --START--
INFO: Run Behavior\BuildLiteBehavior [ RunTime:0.000013s ]
INFO: [ app_init ] --END-- [ RunTime:0.000261s ]
INFO: [ app_begin ] --START--
INFO: Run Behavior\ReadHtmlCacheBehavior [ RunTime:0.000363s ]
INFO: [ app_begin ] --END-- [ RunTime:0.000407s ]
SQL: SHOW COLUMNS FROM `cn_merchant_video` [ RunTime:0.0006s ]
SQL: SELECT * FROM `cn_merchant_video` WHERE `merchant` = 'm_online01'  [ RunTime:0.0003s ]
INFO: [ app_end ] --START--
INFO: Run Behavior\ShowPageTraceBehavior [ RunTime:0.000388s ]
INFO: [ app_end ] --END-- [ RunTime:0.000432s ]

[ 2017-02-12T17:02:43+08:00 ] 113.200.141.100 /cnconsum/App/MerchantType/merchant/infoGet
INFO: [ app_init ] --START--
INFO: Run Behavior\BuildLiteBehavior [ RunTime:0.000013s ]
INFO: [ app_init ] --END-- [ RunTime:0.000259s ]
INFO: [ app_begin ] --START--
INFO: Run Behavior\ReadHtmlCacheBehavior [ RunTime:0.000346s ]
INFO: [ app_begin ] --END-- [ RunTime:0.000390s ]
SQL: SHOW COLUMNS FROM `cn_merchant` [ RunTime:0.0008s ]
SQL: SELECT `muid`,`phone`,`store`,`image_url`,`address`,`longtitude`,`latitude`,`store_number` FROM `cn_merchant` WHERE `muid` = 'm_online01'  [ RunTime:0.0002s ]
SQL: SHOW COLUMNS FROM `cn_evaluate` [ RunTime:0.0004s ]
SQL: SELECT AVG(stars) AS tp_avg FROM `cn_evaluate` WHERE `merchant` = 'm_online01' LIMIT 1   [ RunTime:0.0002s ]
SQL: SELECT COUNT(*) AS tp_count FROM `cn_evaluate` WHERE `merchant` = 'm_online01' LIMIT 1   [ RunTime:0.0002s ]
SQL: SELECT cn_evaluate.*,`nickname`,`headImage` FROM `cn_evaluate` INNER JOIN cn_user on cn_user.uuid = cn_evaluate.user  WHERE `merchant` = 'm_online01' LIMIT 0,2   [ RunTime:0.0002s ]
SQL: SHOW COLUMNS FROM `cn_user_card` [ RunTime:0.0004s ]
SQL: SELECT COUNT(*) AS tp_count FROM `cn_user_card` WHERE `merchant` = 'm_online01' LIMIT 1   [ RunTime:0.0002s ]
SQL: SHOW COLUMNS FROM `cn_merchant_card` [ RunTime:0.0004s ]
SQL: SELECT * FROM `cn_merchant_card` WHERE `merchant` = 'm_online01'  [ RunTime:0.0002s ]
SQL: SHOW COLUMNS FROM `cn_merchant_info` [ RunTime:0.0006s ]
SQL: SELECT * FROM `cn_merchant_info` WHERE `merchant` = 'm_online01'  [ RunTime:0.0002s ]
NOTIC: [8] Undefined offset: 0 /var/www/html/cnconsum/Project/App/Common/function.php 第 295 行.
NOTIC: [8] Undefined offset: 0 /var/www/html/cnconsum/Project/App/Common/function.php 第 296 行.
NOTIC: [8] Undefined offset: 0 /var/www/html/cnconsum/Project/App/Common/function.php 第 297 行.
NOTIC: [8] Undefined offset: 0 /var/www/html/cnconsum/Project/App/Common/function.php 第 298 行.
INFO: [ app_end ] --START--
INFO: Run Behavior\ShowPageTraceBehavior [ RunTime:0.000435s ]
INFO: [ app_end ] --END-- [ RunTime:0.000475s ]

[ 2017-02-12T17:02:43+08:00 ] 113.200.141.100 /cnconsum/App/MerchantType/Info/get
INFO: [ app_init ] --START--
INFO: Run Behavior\BuildLiteBehavior [ RunTime:0.000011s ]
INFO: [ app_init ] --END-- [ RunTime:0.000255s ]
INFO: [ app_begin ] --START--
INFO: Run Behavior\ReadHtmlCacheBehavior [ RunTime:0.000361s ]
INFO: [ app_begin ] --END-- [ RunTime:0.000405s ]
NOTIC: [2048] Declaration of App\Controller\MerchantType\InfoController::get() should be compatible with Think\Controller::get($name = '') /var/www/html/cnconsum/Project/App/Controller/MerchantType/InfoController.class.php 第 75 行.
SQL: SHOW COLUMNS FROM `cn_merchant_info` [ RunTime:0.0007s ]
SQL: SELECT * FROM `cn_merchant_info` WHERE `merchant` = 'm_online01' AND `state` = 'true'  [ RunTime:0.0003s ]
SQL: SHOW COLUMNS FROM `cn_user_card` [ RunTime:0.0004s ]
SQL: SELECT DISTINCT  COUNT(*) AS tp_count FROM `cn_user_card` WHERE `merchant` = 'm_online01' LIMIT 1   [ RunTime:0.0002s ]
INFO: [ app_end ] --START--
INFO: Run Behavior\ShowPageTraceBehavior [ RunTime:0.000432s ]
INFO: [ app_end ] --END-- [ RunTime:0.000471s ]

[ 2017-02-12T17:03:32+08:00 ] 113.200.141.100 /cnconsum/App/UserType/CardMarket/get
INFO: [ app_init ] --START--
INFO: Run Behavior\BuildLiteBehavior [ RunTime:0.000016s ]
INFO: [ app_init ] --END-- [ RunTime:0.000281s ]
INFO: [ app_begin ] --START--
INFO: Run Behavior\ReadHtmlCacheBehavior [ RunTime:0.000331s ]
INFO: [ app_begin ] --END-- [ RunTime:0.000392s ]
NOTIC: [2048] Declaration of App\Controller\UserType\CardMarketController::get() should be compatible with Think\Controller::get($name = '') /var/www/html/cnconsum/Project/App/Controller/UserType/CardMarketController.class.php 第 241 行.
SQL: SHOW COLUMNS FROM `cn_card_market` [ RunTime:0.0008s ]
SQL: SELECT `rule`,`card_code`,`headimage`,cn_merchant.muid,cn_user.uuid,`method`,`nickname`,cn_card_market.datetime,`store`,`card_remain`,`card_level`,`card_type`,`rate`,cn_merchant.address FROM `cn_card_market` INNER JOIN cn_user ON cn_user.uuid = cn_card_market.uuid INNER JOIN cn_merchant ON cn_merchant.muid = cn_card_market.muid  WHERE `method` = 'transfer' AND cn_merchant.address LIKE '%西安市雁塔区%' LIMIT 0,1   [ RunTime:0.0005s ]
INFO: [ app_end ] --START--
INFO: Run Behavior\ShowPageTraceBehavior [ RunTime:0.000461s ]
INFO: [ app_end ] --END-- [ RunTime:0.000527s ]

[ 2017-02-12T17:04:00+08:00 ] 113.200.141.100 /cnconsum/App/UserType/CardMarket/get
INFO: [ app_init ] --START--
INFO: Run Behavior\BuildLiteBehavior [ RunTime:0.000013s ]
INFO: [ app_init ] --END-- [ RunTime:0.000305s ]
INFO: [ app_begin ] --START--
INFO: Run Behavior\ReadHtmlCacheBehavior [ RunTime:0.000346s ]
INFO: [ app_begin ] --END-- [ RunTime:0.000389s ]
NOTIC: [2048] Declaration of App\Controller\UserType\CardMarketController::get() should be compatible with Think\Controller::get($name = '') /var/www/html/cnconsum/Project/App/Controller/UserType/CardMarketController.class.php 第 241 行.
SQL: SHOW COLUMNS FROM `cn_card_market` [ RunTime:0.0007s ]
SQL: SELECT `rule`,`card_code`,`headimage`,cn_merchant.muid,cn_user.uuid,`method`,`nickname`,cn_card_market.datetime,`store`,`card_remain`,`card_level`,`card_type`,`rate`,cn_merchant.address FROM `cn_card_market` INNER JOIN cn_user ON cn_user.uuid = cn_card_market.uuid INNER JOIN cn_merchant ON cn_merchant.muid = cn_card_market.muid  WHERE `method` = 'transfer' AND cn_merchant.address LIKE '%西安市雁塔区%' LIMIT 0,1   [ RunTime:0.0005s ]
INFO: [ app_end ] --START--
INFO: Run Behavior\ShowPageTraceBehavior [ RunTime:0.000393s ]
INFO: [ app_end ] --END-- [ RunTime:0.000434s ]

[ 2017-02-12T17:06:55+08:00 ] 113.200.141.100 /cnconsum/App/UserType/CardMarket/get
INFO: [ app_init ] --START--
INFO: Run Behavior\BuildLiteBehavior [ RunTime:0.000014s ]
INFO: [ app_init ] --END-- [ RunTime:0.000355s ]
INFO: [ app_begin ] --START--
INFO: Run Behavior\ReadHtmlCacheBehavior [ RunTime:0.000362s ]
INFO: [ app_begin ] --END-- [ RunTime:0.000422s ]
NOTIC: [2048] Declaration of App\Controller\UserType\CardMarketController::get() should be compatible with Think\Controller::get($name = '') /var/www/html/cnconsum/Project/App/Controller/UserType/CardMarketController.class.php 第 241 行.
SQL: SHOW COLUMNS FROM `cn_card_market` [ RunTime:0.0006s ]
SQL: SELECT `rule`,`card_code`,`headimage`,cn_merchant.muid,cn_user.uuid,`method`,`nickname`,cn_card_market.datetime,`store`,`card_remain`,`card_level`,`card_type`,`rate`,cn_merchant.address FROM `cn_card_market` INNER JOIN cn_user ON cn_user.uuid = cn_card_market.uuid INNER JOIN cn_merchant ON cn_merchant.muid = cn_card_market.muid  WHERE `method` = 'transfer' AND cn_merchant.address LIKE '%西安市雁塔区%' LIMIT 0,1   [ RunTime:0.0005s ]
INFO: [ app_end ] --START--
INFO: Run Behavior\ShowPageTraceBehavior [ RunTime:0.000440s ]
INFO: [ app_end ] --END-- [ RunTime:0.000483s ]

[ 2017-02-12T17:12:44+08:00 ] 113.200.141.100 /cnconsum/App/UserType/CardMarket/get
INFO: [ app_init ] --START--
INFO: Run Behavior\BuildLiteBehavior [ RunTime:0.000014s ]
INFO: [ app_init ] --END-- [ RunTime:0.000278s ]
INFO: [ app_begin ] --START--
INFO: Run Behavior\ReadHtmlCacheBehavior [ RunTime:0.000395s ]
INFO: [ app_begin ] --END-- [ RunTime:0.000441s ]
NOTIC: [2048] Declaration of App\Controller\UserType\CardMarketController::get() should be compatible with Think\Controller::get($name = '') /var/www/html/cnconsum/Project/App/Controller/UserType/CardMarketController.class.php 第 241 行.
SQL: SHOW COLUMNS FROM `cn_card_market` [ RunTime:0.0008s ]
SQL: SELECT `rule`,`card_code`,`headimage`,cn_merchant.muid,cn_user.uuid,`method`,`nickname`,cn_card_market.datetime,`store`,`card_remain`,`card_level`,`card_type`,`rate`,cn_merchant.address FROM `cn_card_market` INNER JOIN cn_user ON cn_user.uuid = cn_card_market.uuid INNER JOIN cn_merchant ON cn_merchant.muid = cn_card_market.muid  WHERE `method` = 'transfer' AND cn_merchant.address LIKE '%西安市雁塔区%' LIMIT 0,1   [ RunTime:0.0007s ]
INFO: [ app_end ] --START--
INFO: Run Behavior\ShowPageTraceBehavior [ RunTime:0.000539s ]
INFO: [ app_end ] --END-- [ RunTime:0.000590s ]

[ 2017-02-12T17:12:48+08:00 ] 113.200.141.100 /cnconsum/App/MerchantType/merchant/videoGet
INFO: [ app_init ] --START--
INFO: Run Behavior\BuildLiteBehavior [ RunTime:0.000013s ]
INFO: [ app_init ] --END-- [ RunTime:0.000292s ]
INFO: [ app_begin ] --START--
INFO: Run Behavior\ReadHtmlCacheBehavior [ RunTime:0.000326s ]
INFO: [ app_begin ] --END-- [ RunTime:0.000372s ]
SQL: SHOW COLUMNS FROM `cn_merchant_video` [ RunTime:0.0007s ]
SQL: SELECT * FROM `cn_merchant_video` WHERE `merchant` = 'm_d7c116a9cc'  [ RunTime:0.0004s ]
INFO: [ app_end ] --START--
INFO: Run Behavior\ShowPageTraceBehavior [ RunTime:0.000377s ]
INFO: [ app_end ] --END-- [ RunTime:0.000423s ]

[ 2017-02-12T17:12:49+08:00 ] 113.200.141.100 /cnconsum/App/MerchantType/Info/get
INFO: [ app_init ] --START--
INFO: Run Behavior\BuildLiteBehavior [ RunTime:0.000012s ]
INFO: [ app_init ] --END-- [ RunTime:0.000264s ]
INFO: [ app_begin ] --START--
INFO: Run Behavior\ReadHtmlCacheBehavior [ RunTime:0.000374s ]
INFO: [ app_begin ] --END-- [ RunTime:0.000419s ]
NOTIC: [2048] Declaration of App\Controller\MerchantType\InfoController::get() should be compatible with Think\Controller::get($name = '') /var/www/html/cnconsum/Project/App/Controller/MerchantType/InfoController.class.php 第 75 行.
SQL: SHOW COLUMNS FROM `cn_merchant_info` [ RunTime:0.0006s ]
SQL: SELECT * FROM `cn_merchant_info` WHERE `merchant` = 'm_d7c116a9cc' AND `state` = 'true'  [ RunTime:0.0002s ]
SQL: SHOW COLUMNS FROM `cn_user_card` [ RunTime:0.0007s ]
SQL: SELECT DISTINCT  COUNT(*) AS tp_count FROM `cn_user_card` WHERE `merchant` = 'm_d7c116a9cc' LIMIT 1   [ RunTime:0.0002s ]
INFO: [ app_end ] --START--
INFO: Run Behavior\ShowPageTraceBehavior [ RunTime:0.000363s ]
INFO: [ app_end ] --END-- [ RunTime:0.000404s ]

[ 2017-02-12T17:12:49+08:00 ] 113.200.141.100 /cnconsum/App/MerchantType/merchant/infoGet
INFO: [ app_init ] --START--
INFO: Run Behavior\BuildLiteBehavior [ RunTime:0.000023s ]
INFO: [ app_init ] --END-- [ RunTime:0.000269s ]
INFO: [ app_begin ] --START--
INFO: Run Behavior\ReadHtmlCacheBehavior [ RunTime:0.000352s ]
INFO: [ app_begin ] --END-- [ RunTime:0.000396s ]
SQL: SHOW COLUMNS FROM `cn_merchant` [ RunTime:0.0008s ]
SQL: SELECT `muid`,`phone`,`store`,`image_url`,`address`,`longtitude`,`latitude`,`store_number` FROM `cn_merchant` WHERE `muid` = 'm_d7c116a9cc'  [ RunTime:0.0003s ]
SQL: SHOW COLUMNS FROM `cn_evaluate` [ RunTime:0.0006s ]
SQL: SELECT AVG(stars) AS tp_avg FROM `cn_evaluate` WHERE `merchant` = 'm_d7c116a9cc' LIMIT 1   [ RunTime:0.0002s ]
SQL: SELECT COUNT(*) AS tp_count FROM `cn_evaluate` WHERE `merchant` = 'm_d7c116a9cc' LIMIT 1   [ RunTime:0.0002s ]
SQL: SELECT cn_evaluate.*,`nickname`,`headImage` FROM `cn_evaluate` INNER JOIN cn_user on cn_user.uuid = cn_evaluate.user  WHERE `merchant` = 'm_d7c116a9cc' LIMIT 0,2   [ RunTime:0.0003s ]
SQL: SHOW COLUMNS FROM `cn_user_card` [ RunTime:0.0004s ]
SQL: SELECT COUNT(*) AS tp_count FROM `cn_user_card` WHERE `merchant` = 'm_d7c116a9cc' LIMIT 1   [ RunTime:0.0002s ]
SQL: SHOW COLUMNS FROM `cn_merchant_card` [ RunTime:0.0004s ]
SQL: SELECT * FROM `cn_merchant_card` WHERE `merchant` = 'm_d7c116a9cc'  [ RunTime:0.0002s ]
SQL: SHOW COLUMNS FROM `cn_merchant_info` [ RunTime:0.0004s ]
SQL: SELECT * FROM `cn_merchant_info` WHERE `merchant` = 'm_d7c116a9cc'  [ RunTime:0.0002s ]
NOTIC: [8] Undefined offset: 0 /var/www/html/cnconsum/Project/App/Common/function.php 第 295 行.
NOTIC: [8] Undefined offset: 0 /var/www/html/cnconsum/Project/App/Common/function.php 第 296 行.
NOTIC: [8] Undefined offset: 0 /var/www/html/cnconsum/Project/App/Common/function.php 第 297 行.
NOTIC: [8] Undefined offset: 0 /var/www/html/cnconsum/Project/App/Common/function.php 第 298 行.
INFO: [ app_end ] --START--
INFO: Run Behavior\ShowPageTraceBehavior [ RunTime:0.000388s ]
INFO: [ app_end ] --END-- [ RunTime:0.000428s ]

[ 2017-02-12T17:13:08+08:00 ] 113.200.141.100 /cnconsum/App/Extra/source/version
INFO: [ app_init ] --START--
INFO: Run Behavior\BuildLiteBehavior [ RunTime:0.000014s ]
INFO: [ app_init ] --END-- [ RunTime:0.000269s ]
INFO: [ app_begin ] --START--
INFO: Run Behavior\ReadHtmlCacheBehavior [ RunTime:0.000359s ]
INFO: [ app_begin ] --END-- [ RunTime:0.000413s ]
INFO: [ app_end ] --START--
INFO: Run Behavior\ShowPageTraceBehavior [ RunTime:0.000365s ]
INFO: [ app_end ] --END-- [ RunTime:0.000415s ]

[ 2017-02-12T17:13:09+08:00 ] 113.200.141.100 /cnconsum/App/MerchantType/advert/insertGet
INFO: [ app_init ] --START--
INFO: Run Behavior\BuildLiteBehavior [ RunTime:0.000019s ]
INFO: [ app_init ] --END-- [ RunTime:0.000353s ]
INFO: [ app_begin ] --START--
INFO: Run Behavior\ReadHtmlCacheBehavior [ RunTime:0.001578s ]
INFO: [ app_begin ] --END-- [ RunTime:0.001622s ]
SQL: SHOW COLUMNS FROM `cn_advert_insert` [ RunTime:0.0006s ]
SQL: SELECT * FROM `cn_advert_insert` WHERE `area` = '西安' AND `place` = 1 AND `state` = 'ONLINE' ORDER BY start_time asc  [ RunTime:0.0004s ]
INFO: [ app_end ] --START--
INFO: Run Behavior\ShowPageTraceBehavior [ RunTime:0.000394s ]
INFO: [ app_end ] --END-- [ RunTime:0.000439s ]

[ 2017-02-12T17:13:09+08:00 ] 113.200.141.100 /cnconsum/App/MerchantType/activity/get
INFO: [ app_init ] --START--
INFO: Run Behavior\BuildLiteBehavior [ RunTime:0.000012s ]
INFO: [ app_init ] --END-- [ RunTime:0.002342s ]
INFO: [ app_begin ] --START--
INFO: Run Behavior\ReadHtmlCacheBehavior [ RunTime:0.000397s ]
INFO: [ app_begin ] --END-- [ RunTime:0.000451s ]
NOTIC: [2048] Declaration of App\Controller\MerchantType\ActivityController::get() should be compatible with Think\Controller::get($name = '') /var/www/html/cnconsum/Project/App/Controller/MerchantType/ActivityController.class.php 第 127 行.
SQL: SHOW COLUMNS FROM `cn_activity` [ RunTime:0.0005s ]
SQL: SELECT * FROM `cn_activity` WHERE `eare` = '西安市雁塔区' AND `state` = 'ONLINE'  [ RunTime:0.0002s ]
INFO: [ app_end ] --START--
INFO: Run Behavior\ShowPageTraceBehavior [ RunTime:0.000455s ]
INFO: [ app_end ] --END-- [ RunTime:0.000499s ]

[ 2017-02-12T17:13:09+08:00 ] 113.200.141.100 /cnconsum/App/MerchantType/advert/popupGet
INFO: [ app_init ] --START--
INFO: Run Behavior\BuildLiteBehavior [ RunTime:0.000016s ]
INFO: [ app_init ] --END-- [ RunTime:0.000322s ]
INFO: [ app_begin ] --START--
INFO: Run Behavior\ReadHtmlCacheBehavior [ RunTime:0.000418s ]
INFO: [ app_begin ] --END-- [ RunTime:0.000489s ]
SQL: SHOW COLUMNS FROM `cn_advert_popup` [ RunTime:0.0007s ]
SQL: SELECT * FROM `cn_advert_popup` WHERE `area` = '西安' AND `state` = 'ONLINE' ORDER BY start_time asc  [ RunTime:0.0004s ]
NOTIC: [8] Undefined offset: 0 /var/www/html/cnconsum/Project/App/Controller/MerchantType/AdvertController.class.php 第 112 行.
INFO: [ app_end ] --START--
INFO: Run Behavior\ShowPageTraceBehavior [ RunTime:0.000622s ]
INFO: [ app_end ] --END-- [ RunTime:0.000739s ]

[ 2017-02-12T17:13:09+08:00 ] 113.200.141.100 /cnconsum/App/MerchantType/advert/headlineGet
INFO: [ app_init ] --START--
INFO: Run Behavior\BuildLiteBehavior [ RunTime:0.000014s ]
INFO: [ app_init ] --END-- [ RunTime:0.000282s ]
INFO: [ app_begin ] --START--
INFO: Run Behavior\ReadHtmlCacheBehavior [ RunTime:0.000462s ]
INFO: [ app_begin ] --END-- [ RunTime:0.000528s ]
SQL: SHOW COLUMNS FROM `cn_advert_headline` [ RunTime:0.0005s ]
SQL: SELECT * FROM `cn_advert_headline` WHERE `area` = '西安' AND `state` = 'ONLINE' ORDER BY place asc  [ RunTime:0.0005s ]
INFO: [ app_end ] --START--
INFO: Run Behavior\ShowPageTraceBehavior [ RunTime:0.000442s ]
INFO: [ app_end ] --END-- [ RunTime:0.000484s ]

[ 2017-02-12T17:13:09+08:00 ] 113.200.141.100 /cnconsum/App/Extra/Source/tradeIconGet
INFO: [ app_init ] --START--
INFO: Run Behavior\BuildLiteBehavior [ RunTime:0.000015s ]
INFO: [ app_init ] --END-- [ RunTime:0.000313s ]
INFO: [ app_begin ] --START--
INFO: Run Behavior\ReadHtmlCacheBehavior [ RunTime:0.000419s ]
INFO: [ app_begin ] --END-- [ RunTime:0.000464s ]
SQL: SHOW COLUMNS FROM `cn_trade_icon` [ RunTime:0.0076s ]
SQL: SELECT * FROM `cn_trade_icon`  [ RunTime:0.0002s ]
INFO: [ app_end ] --START--
INFO: Run Behavior\ShowPageTraceBehavior [ RunTime:0.000415s ]
INFO: [ app_end ] --END-- [ RunTime:0.000463s ]

[ 2017-02-12T17:13:09+08:00 ] 113.200.141.100 /cnconsum/App/MerchantType/merchant/listGet
INFO: [ app_init ] --START--
INFO: Run Behavior\BuildLiteBehavior [ RunTime:0.000013s ]
INFO: [ app_init ] --END-- [ RunTime:0.000258s ]
INFO: [ app_begin ] --START--
INFO: Run Behavior\ReadHtmlCacheBehavior [ RunTime:0.002392s ]
INFO: [ app_begin ] --END-- [ RunTime:0.002455s ]
SQL: SHOW COLUMNS FROM `cn_merchant` [ RunTime:0.0010s ]
SQL: SELECT `muid`,`phone`,`store`,`image_url`,`longtitude`,`latitude` FROM `cn_merchant` WHERE `address` LIKE '%西安%' LIMIT 0,5   [ RunTime:0.0003s ]
SQL: SHOW COLUMNS FROM `cn_evaluate` [ RunTime:0.0005s ]
SQL: SELECT AVG(stars) AS tp_avg FROM `cn_evaluate` WHERE `merchant` = 'm_d7c116a9cc' LIMIT 1   [ RunTime:0.0002s ]
SQL: SHOW COLUMNS FROM `cn_user_card` [ RunTime:0.0004s ]
SQL: SELECT COUNT(*) AS tp_count FROM `cn_user_card` WHERE `merchant` = 'm_d7c116a9cc' LIMIT 1   [ RunTime:0.0002s ]
SQL: SHOW COLUMNS FROM `cn_merchant_card` [ RunTime:0.0004s ]
SQL: SELECT MIN(rule) AS tp_min FROM `cn_merchant_card` WHERE `merchant` = 'm_d7c116a9cc' AND `type` = '储值卡' LIMIT 1   [ RunTime:0.0002s ]
SQL: SELECT MAX(addition_sum) AS tp_max FROM `cn_merchant_card` WHERE `merchant` = 'm_d7c116a9cc' AND `type` = '储值卡' LIMIT 1   [ RunTime:0.0002s ]
SQL: SELECT AVG(stars) AS tp_avg FROM `cn_evaluate` WHERE `merchant` = 'm_online01' LIMIT 1   [ RunTime:0.0002s ]
SQL: SELECT COUNT(*) AS tp_count FROM `cn_user_card` WHERE `merchant` = 'm_online01' LIMIT 1   [ RunTime:0.0002s ]
SQL: SELECT MIN(rule) AS tp_min FROM `cn_merchant_card` WHERE `merchant` = 'm_online01' AND `type` = '储值卡' LIMIT 1   [ RunTime:0.0002s ]
SQL: SELECT MAX(addition_sum) AS tp_max FROM `cn_merchant_card` WHERE `merchant` = 'm_online01' AND `type` = '储值卡' LIMIT 1   [ RunTime:0.0002s ]
SQL: SELECT AVG(stars) AS tp_avg FROM `cn_evaluate` WHERE `merchant` = 'm_online03' LIMIT 1   [ RunTime:0.0002s ]
SQL: SELECT COUNT(*) AS tp_count FROM `cn_user_card` WHERE `merchant` = 'm_online03' LIMIT 1   [ RunTime:0.0002s ]
SQL: SELECT MIN(rule) AS tp_min FROM `cn_merchant_card` WHERE `merchant` = 'm_online03' AND `type` = '储值卡' LIMIT 1   [ RunTime:0.0002s ]
SQL: SELECT MAX(addition_sum) AS tp_max FROM `cn_merchant_card` WHERE `merchant` = 'm_online03' AND `type` = '储值卡' LIMIT 1   [ RunTime:0.0002s ]
SQL: SELECT AVG(stars) AS tp_avg FROM `cn_evaluate` WHERE `merchant` = 'm_online04' LIMIT 1   [ RunTime:0.0002s ]
SQL: SELECT COUNT(*) AS tp_count FROM `cn_user_card` WHERE `merchant` = 'm_online04' LIMIT 1   [ RunTime:0.0001s ]
SQL: SELECT MIN(rule) AS tp_min FROM `cn_merchant_card` WHERE `merchant` = 'm_online04' AND `type` = '储值卡' LIMIT 1   [ RunTime:0.0002s ]
SQL: SELECT MAX(addition_sum) AS tp_max FROM `cn_merchant_card` WHERE `merchant` = 'm_online04' AND `type` = '储值卡' LIMIT 1   [ RunTime:0.0002s ]
SQL: SELECT AVG(stars) AS tp_avg FROM `cn_evaluate` WHERE `merchant` = 'm_test00' LIMIT 1   [ RunTime:0.0002s ]
SQL: SELECT COUNT(*) AS tp_count FROM `cn_user_card` WHERE `merchant` = 'm_test00' LIMIT 1   [ RunTime:0.0001s ]
SQL: SELECT MIN(rule) AS tp_min FROM `cn_merchant_card` WHERE `merchant` = 'm_test00' AND `type` = '储值卡' LIMIT 1   [ RunTime:0.0002s ]
SQL: SELECT MAX(addition_sum) AS tp_max FROM `cn_merchant_card` WHERE `merchant` = 'm_test00' AND `type` = '储值卡' LIMIT 1   [ RunTime:0.0002s ]
INFO: [ app_end ] --START--
INFO: Run Behavior\ShowPageTraceBehavior [ RunTime:0.000475s ]
INFO: [ app_end ] --END-- [ RunTime:0.000526s ]

[ 2017-02-12T17:13:09+08:00 ] 113.200.141.100 /cnconsum/App/MerchantType/search/get
INFO: [ app_init ] --START--
INFO: Run Behavior\BuildLiteBehavior [ RunTime:0.000015s ]
INFO: [ app_init ] --END-- [ RunTime:0.000283s ]
INFO: [ app_begin ] --START--
INFO: Run Behavior\ReadHtmlCacheBehavior [ RunTime:0.000374s ]
INFO: [ app_begin ] --END-- [ RunTime:0.000418s ]
NOTIC: [2048] Declaration of App\Controller\MerchantType\SearchController::get() should be compatible with Think\Controller::get($name = '') /var/www/html/cnconsum/Project/App/Controller/MerchantType/SearchController.class.php 第 35 行.
SQL: SHOW COLUMNS FROM `cn_merchant` [ RunTime:0.0008s ]
SQL: SELECT `muid`,`phone`,`store`,`image_url`,`longtitude`,`latitude` FROM `cn_merchant` WHERE `address` LIKE '%西安%' AND `trade` LIKE '%%' LIMIT 0,10   [ RunTime:0.0003s ]
SQL: SHOW COLUMNS FROM `cn_evaluate` [ RunTime:0.0004s ]
SQL: SELECT AVG(stars) AS tp_avg FROM `cn_evaluate` WHERE `merchant` = 'm_d7c116a9cc' LIMIT 1   [ RunTime:0.0003s ]
SQL: SHOW COLUMNS FROM `cn_user_card` [ RunTime:0.0005s ]
SQL: SELECT COUNT(*) AS tp_count FROM `cn_user_card` WHERE `merchant` = 'm_d7c116a9cc' LIMIT 1   [ RunTime:0.0002s ]
SQL: SHOW COLUMNS FROM `cn_merchant_card` [ RunTime:0.0004s ]
SQL: SELECT MIN(rule) AS tp_min FROM `cn_merchant_card` WHERE `merchant` = 'm_d7c116a9cc' AND `type` = '储值卡' LIMIT 1   [ RunTime:0.0002s ]
SQL: SELECT MAX(addition_sum) AS tp_max FROM `cn_merchant_card` WHERE `merchant` = 'm_d7c116a9cc' AND `type` = '储值卡' LIMIT 1   [ RunTime:0.0002s ]
SQL: SELECT AVG(stars) AS tp_avg FROM `cn_evaluate` WHERE `merchant` = 'm_online01' LIMIT 1   [ RunTime:0.0002s ]
SQL: SELECT COUNT(*) AS tp_count FROM `cn_user_card` WHERE `merchant` = 'm_online01' LIMIT 1   [ RunTime:0.0002s ]
SQL: SELECT MIN(rule) AS tp_min FROM `cn_merchant_card` WHERE `merchant` = 'm_online01' AND `type` = '储值卡' LIMIT 1   [ RunTime:0.0002s ]
SQL: SELECT MAX(addition_sum) AS tp_max FROM `cn_merchant_card` WHERE `merchant` = 'm_online01' AND `type` = '储值卡' LIMIT 1   [ RunTime:0.0002s ]
SQL: SELECT AVG(stars) AS tp_avg FROM `cn_evaluate` WHERE `merchant` = 'm_online03' LIMIT 1   [ RunTime:0.0003s ]
SQL: SELECT COUNT(*) AS tp_count FROM `cn_user_card` WHERE `merchant` = 'm_online03' LIMIT 1   [ RunTime:0.0002s ]
SQL: SELECT MIN(rule) AS tp_min FROM `cn_merchant_card` WHERE `merchant` = 'm_online03' AND `type` = '储值卡' LIMIT 1   [ RunTime:0.0002s ]
SQL: SELECT MAX(addition_sum) AS tp_max FROM `cn_merchant_card` WHERE `merchant` = 'm_online03' AND `type` = '储值卡' LIMIT 1   [ RunTime:0.0002s ]
SQL: SELECT AVG(stars) AS tp_avg FROM `cn_evaluate` WHERE `merchant` = 'm_online04' LIMIT 1   [ RunTime:0.0002s ]
SQL: SELECT COUNT(*) AS tp_count FROM `cn_user_card` WHERE `merchant` = 'm_online04' LIMIT 1   [ RunTime:0.0002s ]
SQL: SELECT MIN(rule) AS tp_min FROM `cn_merchant_card` WHERE `merchant` = 'm_online04' AND `type` = '储值卡' LIMIT 1   [ RunTime:0.0002s ]
SQL: SELECT MAX(addition_sum) AS tp_max FROM `cn_merchant_card` WHERE `merchant` = 'm_online04' AND `type` = '储值卡' LIMIT 1   [ RunTime:0.0002s ]
SQL: SELECT AVG(stars) AS tp_avg FROM `cn_evaluate` WHERE `merchant` = 'm_test00' LIMIT 1   [ RunTime:0.0002s ]
SQL: SELECT COUNT(*) AS tp_count FROM `cn_user_card` WHERE `merchant` = 'm_test00' LIMIT 1   [ RunTime:0.0001s ]
SQL: SELECT MIN(rule) AS tp_min FROM `cn_merchant_card` WHERE `merchant` = 'm_test00' AND `type` = '储值卡' LIMIT 1   [ RunTime:0.0002s ]
SQL: SELECT MAX(addition_sum) AS tp_max FROM `cn_merchant_card` WHERE `merchant` = 'm_test00' AND `type` = '储值卡' LIMIT 1   [ RunTime:0.0002s ]
SQL: SELECT AVG(stars) AS tp_avg FROM `cn_evaluate` WHERE `merchant` = 'm_test01' LIMIT 1   [ RunTime:0.0002s ]
SQL: SELECT COUNT(*) AS tp_count FROM `cn_user_card` WHERE `merchant` = 'm_test01' LIMIT 1   [ RunTime:0.0001s ]
SQL: SELECT MIN(rule) AS tp_min FROM `cn_merchant_card` WHERE `merchant` = 'm_test01' AND `type` = '储值卡' LIMIT 1   [ RunTime:0.0002s ]
SQL: SELECT MAX(addition_sum) AS tp_max FROM `cn_merchant_card` WHERE `merchant` = 'm_test01' AND `type` = '储值卡' LIMIT 1   [ RunTime:0.0002s ]
SQL: SELECT AVG(stars) AS tp_avg FROM `cn_evaluate` WHERE `merchant` = 'm_test010' LIMIT 1   [ RunTime:0.0002s ]
SQL: SELECT COUNT(*) AS tp_count FROM `cn_user_card` WHERE `merchant` = 'm_test010' LIMIT 1   [ RunTime:0.0001s ]
SQL: SELECT MIN(rule) AS tp_min FROM `cn_merchant_card` WHERE `merchant` = 'm_test010' AND `type` = '储值卡' LIMIT 1   [ RunTime:0.0002s ]
SQL: SELECT MAX(addition_sum) AS tp_max FROM `cn_merchant_card` WHERE `merchant` = 'm_test010' AND `type` = '储值卡' LIMIT 1   [ RunTime:0.0002s ]
SQL: SELECT AVG(stars) AS tp_avg FROM `cn_evaluate` WHERE `merchant` = 'm_test011' LIMIT 1   [ RunTime:0.0002s ]
SQL: SELECT COUNT(*) AS tp_count FROM `cn_user_card` WHERE `merchant` = 'm_test011' LIMIT 1   [ RunTime:0.0001s ]
SQL: SELECT MIN(rule) AS tp_min FROM `cn_merchant_card` WHERE `merchant` = 'm_test011' AND `type` = '储值卡' LIMIT 1   [ RunTime:0.0002s ]
SQL: SELECT MAX(addition_sum) AS tp_max FROM `cn_merchant_card` WHERE `merchant` = 'm_test011' AND `type` = '储值卡' LIMIT 1   [ RunTime:0.0002s ]
SQL: SELECT AVG(stars) AS tp_avg FROM `cn_evaluate` WHERE `merchant` = 'm_test012' LIMIT 1   [ RunTime:0.0002s ]
SQL: SELECT COUNT(*) AS tp_count FROM `cn_user_card` WHERE `merchant` = 'm_test012' LIMIT 1   [ RunTime:0.0002s ]
SQL: SELECT MIN(rule) AS tp_min FROM `cn_merchant_card` WHERE `merchant` = 'm_test012' AND `type` = '储值卡' LIMIT 1   [ RunTime:0.0002s ]
SQL: SELECT MAX(addition_sum) AS tp_max FROM `cn_merchant_card` WHERE `merchant` = 'm_test012' AND `type` = '储值卡' LIMIT 1   [ RunTime:0.0002s ]
SQL: SELECT AVG(stars) AS tp_avg FROM `cn_evaluate` WHERE `merchant` = 'm_test013' LIMIT 1   [ RunTime:0.0002s ]
SQL: SELECT COUNT(*) AS tp_count FROM `cn_user_card` WHERE `merchant` = 'm_test013' LIMIT 1   [ RunTime:0.0002s ]
SQL: SELECT MIN(rule) AS tp_min FROM `cn_merchant_card` WHERE `merchant` = 'm_test013' AND `type` = '储值卡' LIMIT 1   [ RunTime:0.0002s ]
SQL: SELECT MAX(addition_sum) AS tp_max FROM `cn_merchant_card` WHERE `merchant` = 'm_test013' AND `type` = '储值卡' LIMIT 1   [ RunTime:0.0002s ]
INFO: [ app_end ] --START--
INFO: Run Behavior\ShowPageTraceBehavior [ RunTime:0.000492s ]
INFO: [ app_end ] --END-- [ RunTime:0.000535s ]

[ 2017-02-12T17:13:09+08:00 ] 113.200.141.100 /cnconsum/App/UserType/CardMarket/get
INFO: [ app_init ] --START--
INFO: Run Behavior\BuildLiteBehavior [ RunTime:0.000014s ]
INFO: [ app_init ] --END-- [ RunTime:0.000258s ]
INFO: [ app_begin ] --START--
INFO: Run Behavior\ReadHtmlCacheBehavior [ RunTime:0.000340s ]
INFO: [ app_begin ] --END-- [ RunTime:0.000383s ]
NOTIC: [2048] Declaration of App\Controller\UserType\CardMarketController::get() should be compatible with Think\Controller::get($name = '') /var/www/html/cnconsum/Project/App/Controller/UserType/CardMarketController.class.php 第 241 行.
SQL: SHOW COLUMNS FROM `cn_card_market` [ RunTime:0.0008s ]
SQL: SELECT `rule`,`card_code`,`headimage`,cn_merchant.muid,cn_user.uuid,`method`,`nickname`,cn_card_market.datetime,`store`,`card_remain`,`card_level`,`card_type`,`rate`,cn_merchant.address FROM `cn_card_market` INNER JOIN cn_user ON cn_user.uuid = cn_card_market.uuid INNER JOIN cn_merchant ON cn_merchant.muid = cn_card_market.muid  WHERE `method` = 'transfer' AND cn_merchant.address LIKE '%西安%' LIMIT 0,1   [ RunTime:0.0005s ]
INFO: [ app_end ] --START--
INFO: Run Behavior\ShowPageTraceBehavior [ RunTime:0.000483s ]
INFO: [ app_end ] --END-- [ RunTime:0.000527s ]

[ 2017-02-12T17:13:17+08:00 ] 113.200.141.100 /cnconsum/App/MerchantType/advert/leadGet
INFO: [ app_init ] --START--
INFO: Run Behavior\BuildLiteBehavior [ RunTime:0.000027s ]
INFO: [ app_init ] --END-- [ RunTime:0.000507s ]
INFO: [ app_begin ] --START--
INFO: Run Behavior\ReadHtmlCacheBehavior [ RunTime:0.000492s ]
INFO: [ app_begin ] --END-- [ RunTime:0.000552s ]
SQL: SHOW COLUMNS FROM `cn_advert_lead` [ RunTime:0.0007s ]
SQL: SELECT * FROM `cn_advert_lead` WHERE `area` = '西安市雁塔区' AND `state` = 'ONLINE' ORDER BY start_time asc  [ RunTime:0.0003s ]
INFO: [ app_end ] --START--
INFO: Run Behavior\ShowPageTraceBehavior [ RunTime:0.000390s ]
INFO: [ app_end ] --END-- [ RunTime:0.000452s ]

[ 2017-02-12T17:13:22+08:00 ] 113.200.141.100 /cnconsum/App/Extra/source/version
INFO: [ app_init ] --START--
INFO: Run Behavior\BuildLiteBehavior [ RunTime:0.000014s ]
INFO: [ app_init ] --END-- [ RunTime:0.000255s ]
INFO: [ app_begin ] --START--
INFO: Run Behavior\ReadHtmlCacheBehavior [ RunTime:0.000327s ]
INFO: [ app_begin ] --END-- [ RunTime:0.000380s ]
INFO: [ app_end ] --START--
INFO: Run Behavior\ShowPageTraceBehavior [ RunTime:0.000372s ]
INFO: [ app_end ] --END-- [ RunTime:0.000419s ]

[ 2017-02-12T17:13:23+08:00 ] 113.200.141.100 /cnconsum/App/MerchantType/advert/popupGet
INFO: [ app_init ] --START--
INFO: Run Behavior\BuildLiteBehavior [ RunTime:0.000013s ]
INFO: [ app_init ] --END-- [ RunTime:0.000265s ]
INFO: [ app_begin ] --START--
INFO: Run Behavior\ReadHtmlCacheBehavior [ RunTime:0.000401s ]
INFO: [ app_begin ] --END-- [ RunTime:0.000446s ]
SQL: SHOW COLUMNS FROM `cn_advert_popup` [ RunTime:0.0007s ]
SQL: SELECT * FROM `cn_advert_popup` WHERE `area` = '西安市雁塔区' AND `state` = 'ONLINE' ORDER BY start_time asc  [ RunTime:0.0004s ]
INFO: [ app_end ] --START--
INFO: Run Behavior\ShowPageTraceBehavior [ RunTime:0.000416s ]
INFO: [ app_end ] --END-- [ RunTime:0.000461s ]

[ 2017-02-12T17:13:23+08:00 ] 113.200.141.100 /cnconsum/App/MerchantType/advert/headlineGet
INFO: [ app_init ] --START--
INFO: Run Behavior\BuildLiteBehavior [ RunTime:0.000011s ]
INFO: [ app_init ] --END-- [ RunTime:0.000243s ]
INFO: [ app_begin ] --START--
INFO: Run Behavior\ReadHtmlCacheBehavior [ RunTime:0.000394s ]
INFO: [ app_begin ] --END-- [ RunTime:0.000447s ]
SQL: SHOW COLUMNS FROM `cn_advert_headline` [ RunTime:0.0009s ]
SQL: SELECT * FROM `cn_advert_headline` WHERE `area` = '西安市雁塔区' AND `state` = 'ONLINE' ORDER BY place asc  [ RunTime:0.0003s ]
INFO: [ app_end ] --START--
INFO: Run Behavior\ShowPageTraceBehavior [ RunTime:0.000362s ]
INFO: [ app_end ] --END-- [ RunTime:0.000407s ]

[ 2017-02-12T17:13:23+08:00 ] 113.200.141.100 /cnconsum/App/Extra/Source/tradeIconGet
INFO: [ app_init ] --START--
INFO: Run Behavior\BuildLiteBehavior [ RunTime:0.000012s ]
INFO: [ app_init ] --END-- [ RunTime:0.000259s ]
INFO: [ app_begin ] --START--
INFO: Run Behavior\ReadHtmlCacheBehavior [ RunTime:0.000343s ]
INFO: [ app_begin ] --END-- [ RunTime:0.000386s ]
SQL: SHOW COLUMNS FROM `cn_trade_icon` [ RunTime:0.0005s ]
SQL: SELECT * FROM `cn_trade_icon`  [ RunTime:0.0002s ]
INFO: [ app_end ] --START--
INFO: Run Behavior\ShowPageTraceBehavior [ RunTime:0.000442s ]
INFO: [ app_end ] --END-- [ RunTime:0.000485s ]

[ 2017-02-12T17:13:23+08:00 ] 113.200.141.100 /cnconsum/App/MerchantType/activity/get
INFO: [ app_init ] --START--
INFO: Run Behavior\BuildLiteBehavior [ RunTime:0.000014s ]
INFO: [ app_init ] --END-- [ RunTime:0.000298s ]
INFO: [ app_begin ] --START--
INFO: Run Behavior\ReadHtmlCacheBehavior [ RunTime:0.000320s ]
INFO: [ app_begin ] --END-- [ RunTime:0.000380s ]
NOTIC: [2048] Declaration of App\Controller\MerchantType\ActivityController::get() should be compatible with Think\Controller::get($name = '') /var/www/html/cnconsum/Project/App/Controller/MerchantType/ActivityController.class.php 第 127 行.
SQL: SHOW COLUMNS FROM `cn_activity` [ RunTime:0.0005s ]
SQL: SELECT * FROM `cn_activity` WHERE `eare` = '西安市雁塔区' AND `state` = 'ONLINE'  [ RunTime:0.0002s ]
INFO: [ app_end ] --START--
INFO: Run Behavior\ShowPageTraceBehavior [ RunTime:0.000419s ]
INFO: [ app_end ] --END-- [ RunTime:0.000464s ]

[ 2017-02-12T17:13:23+08:00 ] 113.200.141.100 /cnconsum/App/MerchantType/advert/insertGet
INFO: [ app_init ] --START--
INFO: Run Behavior\BuildLiteBehavior [ RunTime:0.000012s ]
INFO: [ app_init ] --END-- [ RunTime:0.000256s ]
INFO: [ app_begin ] --START--
INFO: Run Behavior\ReadHtmlCacheBehavior [ RunTime:0.000355s ]
INFO: [ app_begin ] --END-- [ RunTime:0.000396s ]
SQL: SHOW COLUMNS FROM `cn_advert_insert` [ RunTime:0.0004s ]
SQL: SELECT * FROM `cn_advert_insert` WHERE `area` = '西安市雁塔区' AND `place` = 1 AND `state` = 'ONLINE' ORDER BY start_time asc  [ RunTime:0.0003s ]
INFO: [ app_end ] --START--
INFO: Run Behavior\ShowPageTraceBehavior [ RunTime:0.000395s ]
INFO: [ app_end ] --END-- [ RunTime:0.000438s ]

[ 2017-02-12T17:13:23+08:00 ] 113.200.141.100 /cnconsum/App/MerchantType/merchant/listGet
INFO: [ app_init ] --START--
INFO: Run Behavior\BuildLiteBehavior [ RunTime:0.000011s ]
INFO: [ app_init ] --END-- [ RunTime:0.000243s ]
INFO: [ app_begin ] --START--
INFO: Run Behavior\ReadHtmlCacheBehavior [ RunTime:0.000341s ]
INFO: [ app_begin ] --END-- [ RunTime:0.000393s ]
SQL: SHOW COLUMNS FROM `cn_merchant` [ RunTime:0.0006s ]
SQL: SELECT `muid`,`phone`,`store`,`image_url`,`longtitude`,`latitude` FROM `cn_merchant` WHERE `address` LIKE '%西安市雁塔区%' LIMIT 0,5   [ RunTime:0.0002s ]
SQL: SHOW COLUMNS FROM `cn_evaluate` [ RunTime:0.0004s ]
SQL: SELECT AVG(stars) AS tp_avg FROM `cn_evaluate` WHERE `merchant` = 'm_d7c116a9cc' LIMIT 1   [ RunTime:0.0002s ]
SQL: SHOW COLUMNS FROM `cn_user_card` [ RunTime:0.0004s ]
SQL: SELECT COUNT(*) AS tp_count FROM `cn_user_card` WHERE `merchant` = 'm_d7c116a9cc' LIMIT 1   [ RunTime:0.0002s ]
SQL: SHOW COLUMNS FROM `cn_merchant_card` [ RunTime:0.0004s ]
SQL: SELECT MIN(rule) AS tp_min FROM `cn_merchant_card` WHERE `merchant` = 'm_d7c116a9cc' AND `type` = '储值卡' LIMIT 1   [ RunTime:0.0002s ]
SQL: SELECT MAX(addition_sum) AS tp_max FROM `cn_merchant_card` WHERE `merchant` = 'm_d7c116a9cc' AND `type` = '储值卡' LIMIT 1   [ RunTime:0.0002s ]
SQL: SELECT AVG(stars) AS tp_avg FROM `cn_evaluate` WHERE `merchant` = 'm_online01' LIMIT 1   [ RunTime:0.0002s ]
SQL: SELECT COUNT(*) AS tp_count FROM `cn_user_card` WHERE `merchant` = 'm_online01' LIMIT 1   [ RunTime:0.0001s ]
SQL: SELECT MIN(rule) AS tp_min FROM `cn_merchant_card` WHERE `merchant` = 'm_online01' AND `type` = '储值卡' LIMIT 1   [ RunTime:0.0002s ]
SQL: SELECT MAX(addition_sum) AS tp_max FROM `cn_merchant_card` WHERE `merchant` = 'm_online01' AND `type` = '储值卡' LIMIT 1   [ RunTime:0.0002s ]
SQL: SELECT AVG(stars) AS tp_avg FROM `cn_evaluate` WHERE `merchant` = 'm_online04' LIMIT 1   [ RunTime:0.0002s ]
SQL: SELECT COUNT(*) AS tp_count FROM `cn_user_card` WHERE `merchant` = 'm_online04' LIMIT 1   [ RunTime:0.0002s ]
SQL: SELECT MIN(rule) AS tp_min FROM `cn_merchant_card` WHERE `merchant` = 'm_online04' AND `type` = '储值卡' LIMIT 1   [ RunTime:0.0002s ]
SQL: SELECT MAX(addition_sum) AS tp_max FROM `cn_merchant_card` WHERE `merchant` = 'm_online04' AND `type` = '储值卡' LIMIT 1   [ RunTime:0.0002s ]
SQL: SELECT AVG(stars) AS tp_avg FROM `cn_evaluate` WHERE `merchant` = 'm_test01' LIMIT 1   [ RunTime:0.0002s ]
SQL: SELECT COUNT(*) AS tp_count FROM `cn_user_card` WHERE `merchant` = 'm_test01' LIMIT 1   [ RunTime:0.0002s ]
SQL: SELECT MIN(rule) AS tp_min FROM `cn_merchant_card` WHERE `merchant` = 'm_test01' AND `type` = '储值卡' LIMIT 1   [ RunTime:0.0002s ]
SQL: SELECT MAX(addition_sum) AS tp_max FROM `cn_merchant_card` WHERE `merchant` = 'm_test01' AND `type` = '储值卡' LIMIT 1   [ RunTime:0.0002s ]
SQL: SELECT AVG(stars) AS tp_avg FROM `cn_evaluate` WHERE `merchant` = 'm_test013' LIMIT 1   [ RunTime:0.0002s ]
SQL: SELECT COUNT(*) AS tp_count FROM `cn_user_card` WHERE `merchant` = 'm_test013' LIMIT 1   [ RunTime:0.0003s ]
SQL: SELECT MIN(rule) AS tp_min FROM `cn_merchant_card` WHERE `merchant` = 'm_test013' AND `type` = '储值卡' LIMIT 1   [ RunTime:0.0002s ]
SQL: SELECT MAX(addition_sum) AS tp_max FROM `cn_merchant_card` WHERE `merchant` = 'm_test013' AND `type` = '储值卡' LIMIT 1   [ RunTime:0.0002s ]
INFO: [ app_end ] --START--
INFO: Run Behavior\ShowPageTraceBehavior [ RunTime:0.000500s ]
INFO: [ app_end ] --END-- [ RunTime:0.000567s ]

[ 2017-02-12T17:13:23+08:00 ] 113.200.141.100 /cnconsum/App/MerchantType/search/get
INFO: [ app_init ] --START--
INFO: Run Behavior\BuildLiteBehavior [ RunTime:0.000013s ]
INFO: [ app_init ] --END-- [ RunTime:0.000254s ]
INFO: [ app_begin ] --START--
INFO: Run Behavior\ReadHtmlCacheBehavior [ RunTime:0.000327s ]
INFO: [ app_begin ] --END-- [ RunTime:0.000369s ]
NOTIC: [2048] Declaration of App\Controller\MerchantType\SearchController::get() should be compatible with Think\Controller::get($name = '') /var/www/html/cnconsum/Project/App/Controller/MerchantType/SearchController.class.php 第 35 行.
SQL: SHOW COLUMNS FROM `cn_merchant` [ RunTime:0.0008s ]
SQL: SELECT `muid`,`phone`,`store`,`image_url`,`longtitude`,`latitude` FROM `cn_merchant` WHERE `address` LIKE '%西安市雁塔区%' AND `trade` LIKE '%%' LIMIT 0,10   [ RunTime:0.0003s ]
SQL: SHOW COLUMNS FROM `cn_evaluate` [ RunTime:0.0004s ]
SQL: SELECT AVG(stars) AS tp_avg FROM `cn_evaluate` WHERE `merchant` = 'm_d7c116a9cc' LIMIT 1   [ RunTime:0.0003s ]
SQL: SHOW COLUMNS FROM `cn_user_card` [ RunTime:0.0004s ]
SQL: SELECT COUNT(*) AS tp_count FROM `cn_user_card` WHERE `merchant` = 'm_d7c116a9cc' LIMIT 1   [ RunTime:0.0002s ]
SQL: SHOW COLUMNS FROM `cn_merchant_card` [ RunTime:0.0004s ]
SQL: SELECT MIN(rule) AS tp_min FROM `cn_merchant_card` WHERE `merchant` = 'm_d7c116a9cc' AND `type` = '储值卡' LIMIT 1   [ RunTime:0.0003s ]
SQL: SELECT MAX(addition_sum) AS tp_max FROM `cn_merchant_card` WHERE `merchant` = 'm_d7c116a9cc' AND `type` = '储值卡' LIMIT 1   [ RunTime:0.0002s ]
SQL: SELECT AVG(stars) AS tp_avg FROM `cn_evaluate` WHERE `merchant` = 'm_online01' LIMIT 1   [ RunTime:0.0002s ]
SQL: SELECT COUNT(*) AS tp_count FROM `cn_user_card` WHERE `merchant` = 'm_online01' LIMIT 1   [ RunTime:0.0002s ]
SQL: SELECT MIN(rule) AS tp_min FROM `cn_merchant_card` WHERE `merchant` = 'm_online01' AND `type` = '储值卡' LIMIT 1   [ RunTime:0.0002s ]
SQL: SELECT MAX(addition_sum) AS tp_max FROM `cn_merchant_card` WHERE `merchant` = 'm_online01' AND `type` = '储值卡' LIMIT 1   [ RunTime:0.0002s ]
SQL: SELECT AVG(stars) AS tp_avg FROM `cn_evaluate` WHERE `merchant` = 'm_online04' LIMIT 1   [ RunTime:0.0002s ]
SQL: SELECT COUNT(*) AS tp_count FROM `cn_user_card` WHERE `merchant` = 'm_online04' LIMIT 1   [ RunTime:0.0002s ]
SQL: SELECT MIN(rule) AS tp_min FROM `cn_merchant_card` WHERE `merchant` = 'm_online04' AND `type` = '储值卡' LIMIT 1   [ RunTime:0.0002s ]
SQL: SELECT MAX(addition_sum) AS tp_max FROM `cn_merchant_card` WHERE `merchant` = 'm_online04' AND `type` = '储值卡' LIMIT 1   [ RunTime:0.0002s ]
SQL: SELECT AVG(stars) AS tp_avg FROM `cn_evaluate` WHERE `merchant` = 'm_test01' LIMIT 1   [ RunTime:0.0002s ]
SQL: SELECT COUNT(*) AS tp_count FROM `cn_user_card` WHERE `merchant` = 'm_test01' LIMIT 1   [ RunTime:0.0002s ]
SQL: SELECT MIN(rule) AS tp_min FROM `cn_merchant_card` WHERE `merchant` = 'm_test01' AND `type` = '储值卡' LIMIT 1   [ RunTime:0.0002s ]
SQL: SELECT MAX(addition_sum) AS tp_max FROM `cn_merchant_card` WHERE `merchant` = 'm_test01' AND `type` = '储值卡' LIMIT 1   [ RunTime:0.0002s ]
SQL: SELECT AVG(stars) AS tp_avg FROM `cn_evaluate` WHERE `merchant` = 'm_test013' LIMIT 1   [ RunTime:0.0002s ]
SQL: SELECT COUNT(*) AS tp_count FROM `cn_user_card` WHERE `merchant` = 'm_test013' LIMIT 1   [ RunTime:0.0002s ]
SQL: SELECT MIN(rule) AS tp_min FROM `cn_merchant_card` WHERE `merchant` = 'm_test013' AND `type` = '储值卡' LIMIT 1   [ RunTime:0.0002s ]
SQL: SELECT MAX(addition_sum) AS tp_max FROM `cn_merchant_card` WHERE `merchant` = 'm_test013' AND `type` = '储值卡' LIMIT 1   [ RunTime:0.0002s ]
SQL: SELECT AVG(stars) AS tp_avg FROM `cn_evaluate` WHERE `merchant` = 'm_test016' LIMIT 1   [ RunTime:0.0002s ]
SQL: SELECT COUNT(*) AS tp_count FROM `cn_user_card` WHERE `merchant` = 'm_test016' LIMIT 1   [ RunTime:0.0002s ]
SQL: SELECT MIN(rule) AS tp_min FROM `cn_merchant_card` WHERE `merchant` = 'm_test016' AND `type` = '储值卡' LIMIT 1   [ RunTime:0.0002s ]
SQL: SELECT MAX(addition_sum) AS tp_max FROM `cn_merchant_card` WHERE `merchant` = 'm_test016' AND `type` = '储值卡' LIMIT 1   [ RunTime:0.0002s ]
SQL: SELECT AVG(stars) AS tp_avg FROM `cn_evaluate` WHERE `merchant` = 'm_test02' LIMIT 1   [ RunTime:0.0002s ]
SQL: SELECT COUNT(*) AS tp_count FROM `cn_user_card` WHERE `merchant` = 'm_test02' LIMIT 1   [ RunTime:0.0002s ]
SQL: SELECT MIN(rule) AS tp_min FROM `cn_merchant_card` WHERE `merchant` = 'm_test02' AND `type` = '储值卡' LIMIT 1   [ RunTime:0.0002s ]
SQL: SELECT MAX(addition_sum) AS tp_max FROM `cn_merchant_card` WHERE `merchant` = 'm_test02' AND `type` = '储值卡' LIMIT 1   [ RunTime:0.0002s ]
SQL: SELECT AVG(stars) AS tp_avg FROM `cn_evaluate` WHERE `merchant` = 'm_test033' LIMIT 1   [ RunTime:0.0002s ]
SQL: SELECT COUNT(*) AS tp_count FROM `cn_user_card` WHERE `merchant` = 'm_test033' LIMIT 1   [ RunTime:0.0002s ]
SQL: SELECT MIN(rule) AS tp_min FROM `cn_merchant_card` WHERE `merchant` = 'm_test033' AND `type` = '储值卡' LIMIT 1   [ RunTime:0.0003s ]
SQL: SELECT MAX(addition_sum) AS tp_max FROM `cn_merchant_card` WHERE `merchant` = 'm_test033' AND `type` = '储值卡' LIMIT 1   [ RunTime:0.0002s ]
SQL: SELECT AVG(stars) AS tp_avg FROM `cn_evaluate` WHERE `merchant` = 'm_test035' LIMIT 1   [ RunTime:0.0002s ]
SQL: SELECT COUNT(*) AS tp_count FROM `cn_user_card` WHERE `merchant` = 'm_test035' LIMIT 1   [ RunTime:0.0002s ]
SQL: SELECT MIN(rule) AS tp_min FROM `cn_merchant_card` WHERE `merchant` = 'm_test035' AND `type` = '储值卡' LIMIT 1   [ RunTime:0.0002s ]
SQL: SELECT MAX(addition_sum) AS tp_max FROM `cn_merchant_card` WHERE `merchant` = 'm_test035' AND `type` = '储值卡' LIMIT 1   [ RunTime:0.0002s ]
INFO: [ app_end ] --START--
INFO: Run Behavior\ShowPageTraceBehavior [ RunTime:0.000475s ]
INFO: [ app_end ] --END-- [ RunTime:0.000517s ]

[ 2017-02-12T17:13:23+08:00 ] 113.200.141.100 /cnconsum/App/UserType/CardMarket/get
INFO: [ app_init ] --START--
INFO: Run Behavior\BuildLiteBehavior [ RunTime:0.000014s ]
INFO: [ app_init ] --END-- [ RunTime:0.000331s ]
INFO: [ app_begin ] --START--
INFO: Run Behavior\ReadHtmlCacheBehavior [ RunTime:0.000340s ]
INFO: [ app_begin ] --END-- [ RunTime:0.000396s ]
NOTIC: [2048] Declaration of App\Controller\UserType\CardMarketController::get() should be compatible with Think\Controller::get($name = '') /var/www/html/cnconsum/Project/App/Controller/UserType/CardMarketController.class.php 第 241 行.
SQL: SHOW COLUMNS FROM `cn_card_market` [ RunTime:0.0007s ]
SQL: SELECT `rule`,`card_code`,`headimage`,cn_merchant.muid,cn_user.uuid,`method`,`nickname`,cn_card_market.datetime,`store`,`card_remain`,`card_level`,`card_type`,`rate`,cn_merchant.address FROM `cn_card_market` INNER JOIN cn_user ON cn_user.uuid = cn_card_market.uuid INNER JOIN cn_merchant ON cn_merchant.muid = cn_card_market.muid  WHERE `method` = 'transfer' AND cn_merchant.address LIKE '%西安市雁塔区%' LIMIT 0,1   [ RunTime:0.0005s ]
INFO: [ app_end ] --START--
INFO: Run Behavior\ShowPageTraceBehavior [ RunTime:0.000434s ]
INFO: [ app_end ] --END-- [ RunTime:0.000492s ]

[ 2017-02-12T17:17:05+08:00 ] 113.200.141.100 /cnconsum/App/MerchantType/advert/insertGet
INFO: [ app_init ] --START--
INFO: Run Behavior\BuildLiteBehavior [ RunTime:0.000019s ]
INFO: [ app_init ] --END-- [ RunTime:0.000342s ]
INFO: [ app_begin ] --START--
INFO: Run Behavior\ReadHtmlCacheBehavior [ RunTime:0.000452s ]
INFO: [ app_begin ] --END-- [ RunTime:0.000510s ]
SQL: SHOW COLUMNS FROM `cn_advert_insert` [ RunTime:0.0007s ]
SQL: SELECT * FROM `cn_advert_insert` WHERE `area` = '西安市雁塔区' AND `place` = 2 AND `state` = 'ONLINE' ORDER BY start_time asc  [ RunTime:0.0004s ]
INFO: [ app_end ] --START--
INFO: Run Behavior\ShowPageTraceBehavior [ RunTime:0.000485s ]
INFO: [ app_end ] --END-- [ RunTime:0.000532s ]

[ 2017-02-12T17:17:05+08:00 ] 113.200.141.100 /cnconsum/App/MerchantType/merchant/listGet
INFO: [ app_init ] --START--
INFO: Run Behavior\BuildLiteBehavior [ RunTime:0.000021s ]
INFO: [ app_init ] --END-- [ RunTime:0.000316s ]
INFO: [ app_begin ] --START--
INFO: Run Behavior\ReadHtmlCacheBehavior [ RunTime:0.000406s ]
INFO: [ app_begin ] --END-- [ RunTime:0.000469s ]
SQL: SHOW COLUMNS FROM `cn_merchant` [ RunTime:0.0009s ]
SQL: SELECT `muid`,`phone`,`store`,`image_url`,`longtitude`,`latitude` FROM `cn_merchant` WHERE `address` LIKE '%西安市雁塔区%' LIMIT 5,5   [ RunTime:0.0004s ]
SQL: SHOW COLUMNS FROM `cn_evaluate` [ RunTime:0.0005s ]
SQL: SELECT AVG(stars) AS tp_avg FROM `cn_evaluate` WHERE `merchant` = 'm_test016' LIMIT 1   [ RunTime:0.0004s ]
SQL: SHOW COLUMNS FROM `cn_user_card` [ RunTime:0.0005s ]
SQL: SELECT COUNT(*) AS tp_count FROM `cn_user_card` WHERE `merchant` = 'm_test016' LIMIT 1   [ RunTime:0.0004s ]
SQL: SHOW COLUMNS FROM `cn_merchant_card` [ RunTime:0.0005s ]
SQL: SELECT MIN(rule) AS tp_min FROM `cn_merchant_card` WHERE `merchant` = 'm_test016' AND `type` = '储值卡' LIMIT 1   [ RunTime:0.0003s ]
SQL: SELECT MAX(addition_sum) AS tp_max FROM `cn_merchant_card` WHERE `merchant` = 'm_test016' AND `type` = '储值卡' LIMIT 1   [ RunTime:0.0002s ]
SQL: SELECT AVG(stars) AS tp_avg FROM `cn_evaluate` WHERE `merchant` = 'm_test02' LIMIT 1   [ RunTime:0.0002s ]
SQL: SELECT COUNT(*) AS tp_count FROM `cn_user_card` WHERE `merchant` = 'm_test02' LIMIT 1   [ RunTime:0.0002s ]
SQL: SELECT MIN(rule) AS tp_min FROM `cn_merchant_card` WHERE `merchant` = 'm_test02' AND `type` = '储值卡' LIMIT 1   [ RunTime:0.0002s ]
SQL: SELECT MAX(addition_sum) AS tp_max FROM `cn_merchant_card` WHERE `merchant` = 'm_test02' AND `type` = '储值卡' LIMIT 1   [ RunTime:0.0004s ]
SQL: SELECT AVG(stars) AS tp_avg FROM `cn_evaluate` WHERE `merchant` = 'm_test033' LIMIT 1   [ RunTime:0.0002s ]
SQL: SELECT COUNT(*) AS tp_count FROM `cn_user_card` WHERE `merchant` = 'm_test033' LIMIT 1   [ RunTime:0.0002s ]
SQL: SELECT MIN(rule) AS tp_min FROM `cn_merchant_card` WHERE `merchant` = 'm_test033' AND `type` = '储值卡' LIMIT 1   [ RunTime:0.0003s ]
SQL: SELECT MAX(addition_sum) AS tp_max FROM `cn_merchant_card` WHERE `merchant` = 'm_test033' AND `type` = '储值卡' LIMIT 1   [ RunTime:0.0003s ]
SQL: SELECT AVG(stars) AS tp_avg FROM `cn_evaluate` WHERE `merchant` = 'm_test035' LIMIT 1   [ RunTime:0.0002s ]
SQL: SELECT COUNT(*) AS tp_count FROM `cn_user_card` WHERE `merchant` = 'm_test035' LIMIT 1   [ RunTime:0.0002s ]
SQL: SELECT MIN(rule) AS tp_min FROM `cn_merchant_card` WHERE `merchant` = 'm_test035' AND `type` = '储值卡' LIMIT 1   [ RunTime:0.0002s ]
SQL: SELECT MAX(addition_sum) AS tp_max FROM `cn_merchant_card` WHERE `merchant` = 'm_test035' AND `type` = '储值卡' LIMIT 1   [ RunTime:0.0004s ]
INFO: [ app_end ] --START--
INFO: Run Behavior\ShowPageTraceBehavior [ RunTime:0.000495s ]
INFO: [ app_end ] --END-- [ RunTime:0.000542s ]

[ 2017-02-12T17:18:52+08:00 ] 113.200.141.100 /cnconsum/App/MerchantType/search/get
INFO: [ app_init ] --START--
INFO: Run Behavior\BuildLiteBehavior [ RunTime:0.000016s ]
INFO: [ app_init ] --END-- [ RunTime:0.000535s ]
INFO: [ app_begin ] --START--
INFO: Run Behavior\ReadHtmlCacheBehavior [ RunTime:0.000469s ]
INFO: [ app_begin ] --END-- [ RunTime:0.000526s ]
NOTIC: [2048] Declaration of App\Controller\MerchantType\SearchController::get() should be compatible with Think\Controller::get($name = '') /var/www/html/cnconsum/Project/App/Controller/MerchantType/SearchController.class.php 第 35 行.
SQL: SHOW COLUMNS FROM `cn_merchant` [ RunTime:0.0008s ]
SQL: SELECT `muid`,`phone`,`store`,`image_url`,`longtitude`,`latitude` FROM `cn_merchant` WHERE `address` LIKE '%西安市雁塔区%' AND `trade` LIKE '%%' LIMIT 0,10   [ RunTime:0.0004s ]
SQL: SHOW COLUMNS FROM `cn_evaluate` [ RunTime:0.0006s ]
SQL: SELECT AVG(stars) AS tp_avg FROM `cn_evaluate` WHERE `merchant` = 'm_d7c116a9cc' LIMIT 1   [ RunTime:0.0004s ]
SQL: SHOW COLUMNS FROM `cn_user_card` [ RunTime:0.0006s ]
SQL: SELECT COUNT(*) AS tp_count FROM `cn_user_card` WHERE `merchant` = 'm_d7c116a9cc' LIMIT 1   [ RunTime:0.0002s ]
SQL: SHOW COLUMNS FROM `cn_merchant_card` [ RunTime:0.0006s ]
SQL: SELECT MIN(rule) AS tp_min FROM `cn_merchant_card` WHERE `merchant` = 'm_d7c116a9cc' AND `type` = '储值卡' LIMIT 1   [ RunTime:0.0003s ]
SQL: SELECT MAX(addition_sum) AS tp_max FROM `cn_merchant_card` WHERE `merchant` = 'm_d7c116a9cc' AND `type` = '储值卡' LIMIT 1   [ RunTime:0.0003s ]
SQL: SELECT AVG(stars) AS tp_avg FROM `cn_evaluate` WHERE `merchant` = 'm_online01' LIMIT 1   [ RunTime:0.0003s ]
SQL: SELECT COUNT(*) AS tp_count FROM `cn_user_card` WHERE `merchant` = 'm_online01' LIMIT 1   [ RunTime:0.0002s ]
SQL: SELECT MIN(rule) AS tp_min FROM `cn_merchant_card` WHERE `merchant` = 'm_online01' AND `type` = '储值卡' LIMIT 1   [ RunTime:0.0003s ]
SQL: SELECT MAX(addition_sum) AS tp_max FROM `cn_merchant_card` WHERE `merchant` = 'm_online01' AND `type` = '储值卡' LIMIT 1   [ RunTime:0.0002s ]
SQL: SELECT AVG(stars) AS tp_avg FROM `cn_evaluate` WHERE `merchant` = 'm_online04' LIMIT 1   [ RunTime:0.0002s ]
SQL: SELECT COUNT(*) AS tp_count FROM `cn_user_card` WHERE `merchant` = 'm_online04' LIMIT 1   [ RunTime:0.0002s ]
SQL: SELECT MIN(rule) AS tp_min FROM `cn_merchant_card` WHERE `merchant` = 'm_online04' AND `type` = '储值卡' LIMIT 1   [ RunTime:0.0002s ]
SQL: SELECT MAX(addition_sum) AS tp_max FROM `cn_merchant_card` WHERE `merchant` = 'm_online04' AND `type` = '储值卡' LIMIT 1   [ RunTime:0.0002s ]
SQL: SELECT AVG(stars) AS tp_avg FROM `cn_evaluate` WHERE `merchant` = 'm_test01' LIMIT 1   [ RunTime:0.0003s ]
SQL: SELECT COUNT(*) AS tp_count FROM `cn_user_card` WHERE `merchant` = 'm_test01' LIMIT 1   [ RunTime:0.0002s ]
SQL: SELECT MIN(rule) AS tp_min FROM `cn_merchant_card` WHERE `merchant` = 'm_test01' AND `type` = '储值卡' LIMIT 1   [ RunTime:0.0003s ]
SQL: SELECT MAX(addition_sum) AS tp_max FROM `cn_merchant_card` WHERE `merchant` = 'm_test01' AND `type` = '储值卡' LIMIT 1   [ RunTime:0.0003s ]
SQL: SELECT AVG(stars) AS tp_avg FROM `cn_evaluate` WHERE `merchant` = 'm_test013' LIMIT 1   [ RunTime:0.0002s ]
SQL: SELECT COUNT(*) AS tp_count FROM `cn_user_card` WHERE `merchant` = 'm_test013' LIMIT 1   [ RunTime:0.0002s ]
SQL: SELECT MIN(rule) AS tp_min FROM `cn_merchant_card` WHERE `merchant` = 'm_test013' AND `type` = '储值卡' LIMIT 1   [ RunTime:0.0002s ]
SQL: SELECT MAX(addition_sum) AS tp_max FROM `cn_merchant_card` WHERE `merchant` = 'm_test013' AND `type` = '储值卡' LIMIT 1   [ RunTime:0.0002s ]
SQL: SELECT AVG(stars) AS tp_avg FROM `cn_evaluate` WHERE `merchant` = 'm_test016' LIMIT 1   [ RunTime:0.0002s ]
SQL: SELECT COUNT(*) AS tp_count FROM `cn_user_card` WHERE `merchant` = 'm_test016' LIMIT 1   [ RunTime:0.0002s ]
SQL: SELECT MIN(rule) AS tp_min FROM `cn_merchant_card` WHERE `merchant` = 'm_test016' AND `type` = '储值卡' LIMIT 1   [ RunTime:0.0002s ]
SQL: SELECT MAX(addition_sum) AS tp_max FROM `cn_merchant_card` WHERE `merchant` = 'm_test016' AND `type` = '储值卡' LIMIT 1   [ RunTime:0.0002s ]
SQL: SELECT AVG(stars) AS tp_avg FROM `cn_evaluate` WHERE `merchant` = 'm_test02' LIMIT 1   [ RunTime:0.0002s ]
SQL: SELECT COUNT(*) AS tp_count FROM `cn_user_card` WHERE `merchant` = 'm_test02' LIMIT 1   [ RunTime:0.0003s ]
SQL: SELECT MIN(rule) AS tp_min FROM `cn_merchant_card` WHERE `merchant` = 'm_test02' AND `type` = '储值卡' LIMIT 1   [ RunTime:0.0006s ]
SQL: SELECT MAX(addition_sum) AS tp_max FROM `cn_merchant_card` WHERE `merchant` = 'm_test02' AND `type` = '储值卡' LIMIT 1   [ RunTime:0.0002s ]
SQL: SELECT AVG(stars) AS tp_avg FROM `cn_evaluate` WHERE `merchant` = 'm_test033' LIMIT 1   [ RunTime:0.0003s ]
SQL: SELECT COUNT(*) AS tp_count FROM `cn_user_card` WHERE `merchant` = 'm_test033' LIMIT 1   [ RunTime:0.0002s ]
SQL: SELECT MIN(rule) AS tp_min FROM `cn_merchant_card` WHERE `merchant` = 'm_test033' AND `type` = '储值卡' LIMIT 1   [ RunTime:0.0002s ]
SQL: SELECT MAX(addition_sum) AS tp_max FROM `cn_merchant_card` WHERE `merchant` = 'm_test033' AND `type` = '储值卡' LIMIT 1   [ RunTime:0.0004s ]
SQL: SELECT AVG(stars) AS tp_avg FROM `cn_evaluate` WHERE `merchant` = 'm_test035' LIMIT 1   [ RunTime:0.0002s ]
SQL: SELECT COUNT(*) AS tp_count FROM `cn_user_card` WHERE `merchant` = 'm_test035' LIMIT 1   [ RunTime:0.0002s ]
SQL: SELECT MIN(rule) AS tp_min FROM `cn_merchant_card` WHERE `merchant` = 'm_test035' AND `type` = '储值卡' LIMIT 1   [ RunTime:0.0003s ]
SQL: SELECT MAX(addition_sum) AS tp_max FROM `cn_merchant_card` WHERE `merchant` = 'm_test035' AND `type` = '储值卡' LIMIT 1   [ RunTime:0.0002s ]
INFO: [ app_end ] --START--
INFO: Run Behavior\ShowPageTraceBehavior [ RunTime:0.000615s ]
INFO: [ app_end ] --END-- [ RunTime:0.000703s ]

[ 2017-02-12T17:19:02+08:00 ] 113.200.141.100 /cnconsum/App/UserType/CardMarket/get
INFO: [ app_init ] --START--
INFO: Run Behavior\BuildLiteBehavior [ RunTime:0.000018s ]
INFO: [ app_init ] --END-- [ RunTime:0.000398s ]
INFO: [ app_begin ] --START--
INFO: Run Behavior\ReadHtmlCacheBehavior [ RunTime:0.000528s ]
INFO: [ app_begin ] --END-- [ RunTime:0.000592s ]
NOTIC: [2048] Declaration of App\Controller\UserType\CardMarketController::get() should be compatible with Think\Controller::get($name = '') /var/www/html/cnconsum/Project/App/Controller/UserType/CardMarketController.class.php 第 241 行.
SQL: SHOW COLUMNS FROM `cn_card_market` [ RunTime:0.0008s ]
SQL: SELECT `rule`,`card_code`,`headimage`,cn_merchant.muid,cn_user.uuid,`method`,`nickname`,cn_card_market.datetime,`store`,`card_remain`,`card_level`,`card_type`,`rate`,cn_merchant.address FROM `cn_card_market` INNER JOIN cn_user ON cn_user.uuid = cn_card_market.uuid INNER JOIN cn_merchant ON cn_merchant.muid = cn_card_market.muid  WHERE `method` = 'transfer' AND cn_merchant.address LIKE '%西安市雁塔区%' LIMIT 1,1   [ RunTime:0.0004s ]
INFO: [ app_end ] --START--
INFO: Run Behavior\ShowPageTraceBehavior [ RunTime:0.000618s ]
INFO: [ app_end ] --END-- [ RunTime:0.000671s ]

[ 2017-02-12T17:19:03+08:00 ] 113.200.141.100 /cnconsum/App/UserType/CardMarket/get
INFO: [ app_init ] --START--
INFO: Run Behavior\BuildLiteBehavior [ RunTime:0.000015s ]
INFO: [ app_init ] --END-- [ RunTime:0.000307s ]
INFO: [ app_begin ] --START--
INFO: Run Behavior\ReadHtmlCacheBehavior [ RunTime:0.000366s ]
INFO: [ app_begin ] --END-- [ RunTime:0.000411s ]
NOTIC: [2048] Declaration of App\Controller\UserType\CardMarketController::get() should be compatible with Think\Controller::get($name = '') /var/www/html/cnconsum/Project/App/Controller/UserType/CardMarketController.class.php 第 241 行.
SQL: SHOW COLUMNS FROM `cn_card_market` [ RunTime:0.0006s ]
SQL: SELECT `rule`,`card_code`,`headimage`,cn_merchant.muid,cn_user.uuid,`method`,`nickname`,cn_card_market.datetime,`store`,`card_remain`,`card_level`,`card_type`,`rate`,cn_merchant.address FROM `cn_card_market` INNER JOIN cn_user ON cn_user.uuid = cn_card_market.uuid INNER JOIN cn_merchant ON cn_merchant.muid = cn_card_market.muid  WHERE `method` = 'share' AND cn_merchant.address LIKE '%西安市雁塔区%' LIMIT 0,1   [ RunTime:0.0004s ]
INFO: [ app_end ] --START--
INFO: Run Behavior\ShowPageTraceBehavior [ RunTime:0.000443s ]
INFO: [ app_end ] --END-- [ RunTime:0.000534s ]

[ 2017-02-12T18:25:51+08:00 ] 113.200.141.100 /cnconsum/App/UserType/CardMarket/get
INFO: [ app_init ] --START--
INFO: Run Behavior\BuildLiteBehavior [ RunTime:0.000014s ]
INFO: [ app_init ] --END-- [ RunTime:0.000293s ]
INFO: [ app_begin ] --START--
INFO: Run Behavior\ReadHtmlCacheBehavior [ RunTime:0.000360s ]
INFO: [ app_begin ] --END-- [ RunTime:0.000420s ]
NOTIC: [2048] Declaration of App\Controller\UserType\CardMarketController::get() should be compatible with Think\Controller::get($name = '') /var/www/html/cnconsum/Project/App/Controller/UserType/CardMarketController.class.php 第 241 行.
SQL: SHOW COLUMNS FROM `cn_card_market` [ RunTime:0.0007s ]
SQL: SELECT `rule`,`card_code`,`headimage`,cn_merchant.muid,cn_user.uuid,`method`,`nickname`,cn_card_market.datetime,`store`,`card_remain`,`card_level`,`card_type`,`rate`,cn_merchant.address FROM `cn_card_market` INNER JOIN cn_user ON cn_user.uuid = cn_card_market.uuid INNER JOIN cn_merchant ON cn_merchant.muid = cn_card_market.muid  WHERE `method` = 'share' AND cn_merchant.address LIKE '%西安市雁塔区%' LIMIT 0,1   [ RunTime:0.0004s ]
INFO: [ app_end ] --START--
INFO: Run Behavior\ShowPageTraceBehavior [ RunTime:0.000524s ]
INFO: [ app_end ] --END-- [ RunTime:0.000567s ]

