[ 2017-02-19T16:40:43+08:00 ] 42.228.223.221 /cnconsum/App/MerchantType/advert/leadGet
INFO: [ app_init ] --START--
INFO: Run Behavior\BuildLiteBehavior [ RunTime:0.000046s ]
INFO: [ app_init ] --END-- [ RunTime:0.000397s ]
INFO: [ app_begin ] --START--
INFO: Run Behavior\ReadHtmlCacheBehavior [ RunTime:0.000513s ]
INFO: [ app_begin ] --END-- [ RunTime:0.000584s ]
SQL: SHOW COLUMNS FROM `cn_advert_lead` [ RunTime:0.0007s ]
SQL: SELECT * FROM `cn_advert_lead` WHERE `area` = '西安市雁塔区' AND `state` = 'ONLINE' ORDER BY start_time asc  [ RunTime:0.0004s ]
INFO: [ app_end ] --START--
INFO: Run Behavior\ShowPageTraceBehavior [ RunTime:0.000549s ]
INFO: [ app_end ] --END-- [ RunTime:0.000611s ]

[ 2017-02-19T16:40:46+08:00 ] 42.228.223.221 /cnconsum/App/UserType/user/login
INFO: [ app_init ] --START--
INFO: Run Behavior\BuildLiteBehavior [ RunTime:0.000022s ]
INFO: [ app_init ] --END-- [ RunTime:0.000378s ]
INFO: [ app_begin ] --START--
INFO: Run Behavior\ReadHtmlCacheBehavior [ RunTime:0.000420s ]
INFO: [ app_begin ] --END-- [ RunTime:0.000490s ]
SQL: SHOW COLUMNS FROM `cn_user` [ RunTime:0.0008s ]
SQL: SELECT COUNT(*) AS tp_count FROM `cn_user` WHERE `phone` = '13723012124' LIMIT 1   [ RunTime:0.0005s ]
SQL: SELECT * FROM `cn_user` WHERE `phone` = '13723012124'  [ RunTime:0.0007s ]
INFO: [ app_end ] --START--
INFO: Run Behavior\ShowPageTraceBehavior [ RunTime:0.000427s ]
INFO: [ app_end ] --END-- [ RunTime:0.000479s ]

[ 2017-02-19T16:40:46+08:00 ] 42.228.223.221 /cnconsum/App/Extra/source/version
INFO: [ app_init ] --START--
INFO: Run Behavior\BuildLiteBehavior [ RunTime:0.000014s ]
INFO: [ app_init ] --END-- [ RunTime:0.000302s ]
INFO: [ app_begin ] --START--
INFO: Run Behavior\ReadHtmlCacheBehavior [ RunTime:0.000325s ]
INFO: [ app_begin ] --END-- [ RunTime:0.000367s ]
INFO: [ app_end ] --START--
INFO: Run Behavior\ShowPageTraceBehavior [ RunTime:0.000334s ]
INFO: [ app_end ] --END-- [ RunTime:0.000375s ]

[ 2017-02-19T16:40:46+08:00 ] 42.228.223.221 /cnconsum/App/Extra/Source/tradeIconGet
INFO: [ app_init ] --START--
INFO: Run Behavior\BuildLiteBehavior [ RunTime:0.000212s ]
INFO: [ app_init ] --END-- [ RunTime:0.000530s ]
INFO: [ app_begin ] --START--
INFO: Run Behavior\ReadHtmlCacheBehavior [ RunTime:0.000426s ]
INFO: [ app_begin ] --END-- [ RunTime:0.000480s ]
SQL: SHOW COLUMNS FROM `cn_trade_icon` [ RunTime:0.0006s ]
SQL: SELECT * FROM `cn_trade_icon`  [ RunTime:0.0003s ]
INFO: [ app_end ] --START--
INFO: Run Behavior\ShowPageTraceBehavior [ RunTime:0.000383s ]
INFO: [ app_end ] --END-- [ RunTime:0.000468s ]

[ 2017-02-19T16:40:46+08:00 ] 42.228.223.221 /cnconsum/App/Extra/source/version
INFO: [ app_init ] --START--
INFO: Run Behavior\BuildLiteBehavior [ RunTime:0.000019s ]
INFO: [ app_init ] --END-- [ RunTime:0.000359s ]
INFO: [ app_begin ] --START--
INFO: Run Behavior\ReadHtmlCacheBehavior [ RunTime:0.000367s ]
INFO: [ app_begin ] --END-- [ RunTime:0.000414s ]
INFO: [ app_end ] --START--
INFO: Run Behavior\ShowPageTraceBehavior [ RunTime:0.000387s ]
INFO: [ app_end ] --END-- [ RunTime:0.000434s ]

[ 2017-02-19T16:40:46+08:00 ] 42.228.223.221 /cnconsum/App/MerchantType/advert/headlineGet
INFO: [ app_init ] --START--
INFO: Run Behavior\BuildLiteBehavior [ RunTime:0.000016s ]
INFO: [ app_init ] --END-- [ RunTime:0.000275s ]
INFO: [ app_begin ] --START--
INFO: Run Behavior\ReadHtmlCacheBehavior [ RunTime:0.000393s ]
INFO: [ app_begin ] --END-- [ RunTime:0.000451s ]
SQL: SHOW COLUMNS FROM `cn_advert_headline` [ RunTime:0.0008s ]
SQL: SELECT * FROM `cn_advert_headline` WHERE `area` = '南阳市卧龙区' AND `state` = 'ONLINE' ORDER BY place asc  [ RunTime:0.0004s ]
INFO: [ app_end ] --START--
INFO: Run Behavior\ShowPageTraceBehavior [ RunTime:0.000689s ]
INFO: [ app_end ] --END-- [ RunTime:0.000753s ]

[ 2017-02-19T16:40:47+08:00 ] 42.228.223.221 /cnconsum/App/MerchantType/advert/popupGet
INFO: [ app_init ] --START--
INFO: Run Behavior\BuildLiteBehavior [ RunTime:0.000016s ]
INFO: [ app_init ] --END-- [ RunTime:0.000332s ]
INFO: [ app_begin ] --START--
INFO: Run Behavior\ReadHtmlCacheBehavior [ RunTime:0.000540s ]
INFO: [ app_begin ] --END-- [ RunTime:0.000622s ]
SQL: SHOW COLUMNS FROM `cn_advert_popup` [ RunTime:0.0007s ]
SQL: SELECT * FROM `cn_advert_popup` WHERE `area` = '南阳市卧龙区' AND `state` = 'ONLINE' ORDER BY start_time asc  [ RunTime:0.0004s ]
NOTIC: [8] Undefined offset: 0 /var/www/html/cnconsum/Project/App/Controller/MerchantType/AdvertController.class.php 第 112 行.
INFO: [ app_end ] --START--
INFO: Run Behavior\ShowPageTraceBehavior [ RunTime:0.000417s ]
INFO: [ app_end ] --END-- [ RunTime:0.000463s ]

[ 2017-02-19T16:40:47+08:00 ] 42.228.223.221 /cnconsum/App/MerchantType/activity/get
INFO: [ app_init ] --START--
INFO: Run Behavior\BuildLiteBehavior [ RunTime:0.000021s ]
INFO: [ app_init ] --END-- [ RunTime:0.000321s ]
INFO: [ app_begin ] --START--
INFO: Run Behavior\ReadHtmlCacheBehavior [ RunTime:0.000371s ]
INFO: [ app_begin ] --END-- [ RunTime:0.000419s ]
NOTIC: [2048] Declaration of App\Controller\MerchantType\ActivityController::get() should be compatible with Think\Controller::get($name = '') /var/www/html/cnconsum/Project/App/Controller/MerchantType/ActivityController.class.php 第 127 行.
SQL: SHOW COLUMNS FROM `cn_activity` [ RunTime:0.0007s ]
SQL: SELECT * FROM `cn_activity` WHERE `eare` = '西安市雁塔区' AND `state` = 'ONLINE'  [ RunTime:0.0003s ]
INFO: [ app_end ] --START--
INFO: Run Behavior\ShowPageTraceBehavior [ RunTime:0.000493s ]
INFO: [ app_end ] --END-- [ RunTime:0.000545s ]

[ 2017-02-19T16:40:47+08:00 ] 42.228.223.221 /cnconsum/App/MerchantType/advert/insertGet
INFO: [ app_init ] --START--
INFO: Run Behavior\BuildLiteBehavior [ RunTime:0.000023s ]
INFO: [ app_init ] --END-- [ RunTime:0.000438s ]
INFO: [ app_begin ] --START--
INFO: Run Behavior\ReadHtmlCacheBehavior [ RunTime:0.000444s ]
INFO: [ app_begin ] --END-- [ RunTime:0.000502s ]
SQL: SHOW COLUMNS FROM `cn_advert_insert` [ RunTime:0.0007s ]
SQL: SELECT * FROM `cn_advert_insert` WHERE `area` = '南阳市卧龙区' AND `place` = 1 AND `state` = 'ONLINE' ORDER BY start_time asc  [ RunTime:0.0004s ]
INFO: [ app_end ] --START--
INFO: Run Behavior\ShowPageTraceBehavior [ RunTime:0.000515s ]
INFO: [ app_end ] --END-- [ RunTime:0.000576s ]

[ 2017-02-19T16:40:47+08:00 ] 42.228.223.221 /cnconsum/App/MerchantType/merchant/listGet
INFO: [ app_init ] --START--
INFO: Run Behavior\BuildLiteBehavior [ RunTime:0.000017s ]
INFO: [ app_init ] --END-- [ RunTime:0.000383s ]
INFO: [ app_begin ] --START--
INFO: Run Behavior\ReadHtmlCacheBehavior [ RunTime:0.000404s ]
INFO: [ app_begin ] --END-- [ RunTime:0.000449s ]
SQL: SHOW COLUMNS FROM `cn_merchant` [ RunTime:0.0009s ]
SQL: SELECT `muid`,`phone`,`store`,`image_url`,`longtitude`,`latitude` FROM `cn_merchant` WHERE `address` LIKE '%南阳市卧龙区%' LIMIT 0,5   [ RunTime:0.0003s ]
INFO: [ app_end ] --START--
INFO: Run Behavior\ShowPageTraceBehavior [ RunTime:0.000544s ]
INFO: [ app_end ] --END-- [ RunTime:0.000615s ]

[ 2017-02-19T16:40:49+08:00 ] 42.228.223.221 /cnconsum/App/UserType/user/accountGet
INFO: [ app_init ] --START--
INFO: Run Behavior\BuildLiteBehavior [ RunTime:0.000014s ]
INFO: [ app_init ] --END-- [ RunTime:0.000286s ]
INFO: [ app_begin ] --START--
INFO: Run Behavior\ReadHtmlCacheBehavior [ RunTime:0.000408s ]
INFO: [ app_begin ] --END-- [ RunTime:0.000451s ]
SQL: SHOW COLUMNS FROM `cn_user` [ RunTime:0.0008s ]
SQL: SELECT * FROM `cn_user` WHERE `uuid` = 'u_4bc2e32486'  [ RunTime:0.0004s ]
INFO: [ app_end ] --START--
INFO: Run Behavior\ShowPageTraceBehavior [ RunTime:0.000669s ]
INFO: [ app_end ] --END-- [ RunTime:0.000740s ]

[ 2017-02-19T16:40:49+08:00 ] 42.228.223.221 /cnconsum/App/Extra/source/share
INFO: [ app_init ] --START--
INFO: Run Behavior\BuildLiteBehavior [ RunTime:0.000017s ]
INFO: [ app_init ] --END-- [ RunTime:0.000296s ]
INFO: [ app_begin ] --START--
INFO: Run Behavior\ReadHtmlCacheBehavior [ RunTime:0.000449s ]
INFO: [ app_begin ] --END-- [ RunTime:0.000496s ]
INFO: [ app_end ] --START--
INFO: Run Behavior\ShowPageTraceBehavior [ RunTime:0.000377s ]
INFO: [ app_end ] --END-- [ RunTime:0.000440s ]

[ 2017-02-19T16:40:50+08:00 ] 42.228.223.221 /cnconsum/App/UserType/user/accountGet
INFO: [ app_init ] --START--
INFO: Run Behavior\BuildLiteBehavior [ RunTime:0.000016s ]
INFO: [ app_init ] --END-- [ RunTime:0.000277s ]
INFO: [ app_begin ] --START--
INFO: Run Behavior\ReadHtmlCacheBehavior [ RunTime:0.000391s ]
INFO: [ app_begin ] --END-- [ RunTime:0.000435s ]
SQL: SHOW COLUMNS FROM `cn_user` [ RunTime:0.0010s ]
SQL: SELECT * FROM `cn_user` WHERE `uuid` = 'u_4bc2e32486'  [ RunTime:0.0004s ]
INFO: [ app_end ] --START--
INFO: Run Behavior\ShowPageTraceBehavior [ RunTime:0.000676s ]
INFO: [ app_end ] --END-- [ RunTime:0.000753s ]

[ 2017-02-19T16:40:50+08:00 ] 42.228.223.221 /cnconsum/App/UserType/bank/get
INFO: [ app_init ] --START--
INFO: Run Behavior\BuildLiteBehavior [ RunTime:0.000018s ]
INFO: [ app_init ] --END-- [ RunTime:0.000344s ]
INFO: [ app_begin ] --START--
INFO: Run Behavior\ReadHtmlCacheBehavior [ RunTime:0.000461s ]
INFO: [ app_begin ] --END-- [ RunTime:0.000517s ]
NOTIC: [2048] Declaration of App\Controller\UserType\BankController::get() should be compatible with Think\Controller::get($name = '') /var/www/html/cnconsum/Project/App/Controller/UserType/BankController.class.php 第 95 行.
SQL: SHOW COLUMNS FROM `cn_user_bank` [ RunTime:0.0007s ]
SQL: SELECT * FROM `cn_user_bank` WHERE `user` = 'u_4bc2e32486'  [ RunTime:0.0004s ]
INFO: [ app_end ] --START--
INFO: Run Behavior\ShowPageTraceBehavior [ RunTime:0.000617s ]
INFO: [ app_end ] --END-- [ RunTime:0.000684s ]

[ 2017-02-19T16:40:53+08:00 ] 42.228.223.221 /cnconsum/App/UserType/user/accountGet
INFO: [ app_init ] --START--
INFO: Run Behavior\BuildLiteBehavior [ RunTime:0.000019s ]
INFO: [ app_init ] --END-- [ RunTime:0.000272s ]
INFO: [ app_begin ] --START--
INFO: Run Behavior\ReadHtmlCacheBehavior [ RunTime:0.000334s ]
INFO: [ app_begin ] --END-- [ RunTime:0.000377s ]
SQL: SHOW COLUMNS FROM `cn_user` [ RunTime:0.0008s ]
SQL: SELECT * FROM `cn_user` WHERE `uuid` = 'u_4bc2e32486'  [ RunTime:0.0003s ]
INFO: [ app_end ] --START--
INFO: Run Behavior\ShowPageTraceBehavior [ RunTime:0.000496s ]
INFO: [ app_end ] --END-- [ RunTime:0.000544s ]

[ 2017-02-19T16:40:53+08:00 ] 42.228.223.221 /cnconsum/App/UserType/bank/get
INFO: [ app_init ] --START--
INFO: Run Behavior\BuildLiteBehavior [ RunTime:0.000017s ]
INFO: [ app_init ] --END-- [ RunTime:0.000303s ]
INFO: [ app_begin ] --START--
INFO: Run Behavior\ReadHtmlCacheBehavior [ RunTime:0.000570s ]
INFO: [ app_begin ] --END-- [ RunTime:0.000640s ]
NOTIC: [2048] Declaration of App\Controller\UserType\BankController::get() should be compatible with Think\Controller::get($name = '') /var/www/html/cnconsum/Project/App/Controller/UserType/BankController.class.php 第 95 行.
SQL: SHOW COLUMNS FROM `cn_user_bank` [ RunTime:0.0009s ]
SQL: SELECT * FROM `cn_user_bank` WHERE `user` = 'u_4bc2e32486'  [ RunTime:0.0004s ]
INFO: [ app_end ] --START--
INFO: Run Behavior\ShowPageTraceBehavior [ RunTime:0.000515s ]
INFO: [ app_end ] --END-- [ RunTime:0.000560s ]

[ 2017-02-19T16:40:55+08:00 ] 42.228.223.221 /cnconsum/App/UserType/user/accountGet
INFO: [ app_init ] --START--
INFO: Run Behavior\BuildLiteBehavior [ RunTime:0.000014s ]
INFO: [ app_init ] --END-- [ RunTime:0.000278s ]
INFO: [ app_begin ] --START--
INFO: Run Behavior\ReadHtmlCacheBehavior [ RunTime:0.000473s ]
INFO: [ app_begin ] --END-- [ RunTime:0.000525s ]
SQL: SHOW COLUMNS FROM `cn_user` [ RunTime:0.0008s ]
SQL: SELECT * FROM `cn_user` WHERE `uuid` = 'u_4bc2e32486'  [ RunTime:0.0003s ]
INFO: [ app_end ] --START--
INFO: Run Behavior\ShowPageTraceBehavior [ RunTime:0.000362s ]
INFO: [ app_end ] --END-- [ RunTime:0.000414s ]

[ 2017-02-19T16:41:02+08:00 ] 42.228.223.221 /cnconsum/App/MerchantType/search/get
INFO: [ app_init ] --START--
INFO: Run Behavior\BuildLiteBehavior [ RunTime:0.000019s ]
INFO: [ app_init ] --END-- [ RunTime:0.000343s ]
INFO: [ app_begin ] --START--
INFO: Run Behavior\ReadHtmlCacheBehavior [ RunTime:0.000568s ]
INFO: [ app_begin ] --END-- [ RunTime:0.000643s ]
NOTIC: [2048] Declaration of App\Controller\MerchantType\SearchController::get() should be compatible with Think\Controller::get($name = '') /var/www/html/cnconsum/Project/App/Controller/MerchantType/SearchController.class.php 第 35 行.
SQL: SHOW COLUMNS FROM `cn_merchant` [ RunTime:0.0008s ]
SQL: SELECT `muid`,`phone`,`store`,`image_url`,`longtitude`,`latitude` FROM `cn_merchant` WHERE `address` LIKE '%南阳市卧龙区%' AND `trade` LIKE '%超市购物%' LIMIT 0,10   [ RunTime:0.0004s ]
INFO: [ app_end ] --START--
INFO: Run Behavior\ShowPageTraceBehavior [ RunTime:0.000405s ]
INFO: [ app_end ] --END-- [ RunTime:0.000450s ]

[ 2017-02-19T16:41:02+08:00 ] 42.228.223.221 /cnconsum/App/MerchantType/search/get
INFO: [ app_init ] --START--
INFO: Run Behavior\BuildLiteBehavior [ RunTime:0.000020s ]
INFO: [ app_init ] --END-- [ RunTime:0.000348s ]
INFO: [ app_begin ] --START--
INFO: Run Behavior\ReadHtmlCacheBehavior [ RunTime:0.000479s ]
INFO: [ app_begin ] --END-- [ RunTime:0.000529s ]
NOTIC: [2048] Declaration of App\Controller\MerchantType\SearchController::get() should be compatible with Think\Controller::get($name = '') /var/www/html/cnconsum/Project/App/Controller/MerchantType/SearchController.class.php 第 35 行.
SQL: SHOW COLUMNS FROM `cn_merchant` [ RunTime:0.0009s ]
SQL: SELECT `muid`,`phone`,`store`,`image_url`,`longtitude`,`latitude` FROM `cn_merchant` WHERE `address` LIKE '%南阳市卧龙区%' AND `trade` LIKE '%超市购物%' LIMIT 0,10   [ RunTime:0.0004s ]
INFO: [ app_end ] --START--
INFO: Run Behavior\ShowPageTraceBehavior [ RunTime:0.000503s ]
INFO: [ app_end ] --END-- [ RunTime:0.000547s ]

[ 2017-02-19T16:41:03+08:00 ] 42.228.223.221 /cnconsum/App/MerchantType/search/get
INFO: [ app_init ] --START--
INFO: Run Behavior\BuildLiteBehavior [ RunTime:0.000017s ]
INFO: [ app_init ] --END-- [ RunTime:0.000317s ]
INFO: [ app_begin ] --START--
INFO: Run Behavior\ReadHtmlCacheBehavior [ RunTime:0.000433s ]
INFO: [ app_begin ] --END-- [ RunTime:0.000478s ]
NOTIC: [2048] Declaration of App\Controller\MerchantType\SearchController::get() should be compatible with Think\Controller::get($name = '') /var/www/html/cnconsum/Project/App/Controller/MerchantType/SearchController.class.php 第 35 行.
SQL: SHOW COLUMNS FROM `cn_merchant` [ RunTime:0.0010s ]
SQL: SELECT `muid`,`phone`,`store`,`image_url`,`longtitude`,`latitude` FROM `cn_merchant` WHERE `address` LIKE '%南阳市卧龙区%' AND `trade` LIKE '%超市购物%' LIMIT 0,10   [ RunTime:0.0004s ]
INFO: [ app_end ] --START--
INFO: Run Behavior\ShowPageTraceBehavior [ RunTime:0.000514s ]
INFO: [ app_end ] --END-- [ RunTime:0.000561s ]

[ 2017-02-19T16:41:07+08:00 ] 42.228.223.221 /cnconsum/App/Extra/Source/tradeIconGet
INFO: [ app_init ] --START--
INFO: Run Behavior\BuildLiteBehavior [ RunTime:0.000015s ]
INFO: [ app_init ] --END-- [ RunTime:0.000278s ]
INFO: [ app_begin ] --START--
INFO: Run Behavior\ReadHtmlCacheBehavior [ RunTime:0.000343s ]
INFO: [ app_begin ] --END-- [ RunTime:0.000390s ]
SQL: SHOW COLUMNS FROM `cn_trade_icon` [ RunTime:0.0007s ]
SQL: SELECT * FROM `cn_trade_icon`  [ RunTime:0.0004s ]
INFO: [ app_end ] --START--
INFO: Run Behavior\ShowPageTraceBehavior [ RunTime:0.000429s ]
INFO: [ app_end ] --END-- [ RunTime:0.000484s ]

[ 2017-02-19T16:41:07+08:00 ] 42.228.223.221 /cnconsum/App/MerchantType/advert/headlineGet
INFO: [ app_init ] --START--
INFO: Run Behavior\BuildLiteBehavior [ RunTime:0.000017s ]
INFO: [ app_init ] --END-- [ RunTime:0.000289s ]
INFO: [ app_begin ] --START--
INFO: Run Behavior\ReadHtmlCacheBehavior [ RunTime:0.000331s ]
INFO: [ app_begin ] --END-- [ RunTime:0.000374s ]
SQL: SHOW COLUMNS FROM `cn_advert_headline` [ RunTime:0.0007s ]
SQL: SELECT * FROM `cn_advert_headline` WHERE `area` = '上海市' AND `state` = 'ONLINE' ORDER BY place asc  [ RunTime:0.0004s ]
INFO: [ app_end ] --START--
INFO: Run Behavior\ShowPageTraceBehavior [ RunTime:0.000493s ]
INFO: [ app_end ] --END-- [ RunTime:0.000553s ]

[ 2017-02-19T16:41:07+08:00 ] 42.228.223.221 /cnconsum/App/MerchantType/activity/get
INFO: [ app_init ] --START--
INFO: Run Behavior\BuildLiteBehavior [ RunTime:0.000016s ]
INFO: [ app_init ] --END-- [ RunTime:0.000291s ]
INFO: [ app_begin ] --START--
INFO: Run Behavior\ReadHtmlCacheBehavior [ RunTime:0.000355s ]
INFO: [ app_begin ] --END-- [ RunTime:0.000410s ]
NOTIC: [2048] Declaration of App\Controller\MerchantType\ActivityController::get() should be compatible with Think\Controller::get($name = '') /var/www/html/cnconsum/Project/App/Controller/MerchantType/ActivityController.class.php 第 127 行.
SQL: SHOW COLUMNS FROM `cn_activity` [ RunTime:0.0011s ]
SQL: SELECT * FROM `cn_activity` WHERE `eare` = '西安市雁塔区' AND `state` = 'ONLINE'  [ RunTime:0.0005s ]
INFO: [ app_end ] --START--
INFO: Run Behavior\ShowPageTraceBehavior [ RunTime:0.000695s ]
INFO: [ app_end ] --END-- [ RunTime:0.000756s ]

[ 2017-02-19T16:41:07+08:00 ] 42.228.223.221 /cnconsum/App/MerchantType/advert/insertGet
INFO: [ app_init ] --START--
INFO: Run Behavior\BuildLiteBehavior [ RunTime:0.000019s ]
INFO: [ app_init ] --END-- [ RunTime:0.000366s ]
INFO: [ app_begin ] --START--
INFO: Run Behavior\ReadHtmlCacheBehavior [ RunTime:0.000430s ]
INFO: [ app_begin ] --END-- [ RunTime:0.000491s ]
SQL: SHOW COLUMNS FROM `cn_advert_insert` [ RunTime:0.0010s ]
SQL: SELECT * FROM `cn_advert_insert` WHERE `area` = '上海市' AND `place` = 1 AND `state` = 'ONLINE' ORDER BY start_time asc  [ RunTime:0.0006s ]
INFO: [ app_end ] --START--
INFO: Run Behavior\ShowPageTraceBehavior [ RunTime:0.000521s ]
INFO: [ app_end ] --END-- [ RunTime:0.000581s ]

[ 2017-02-19T16:41:07+08:00 ] 42.228.223.221 /cnconsum/App/MerchantType/merchant/listGet
INFO: [ app_init ] --START--
INFO: Run Behavior\BuildLiteBehavior [ RunTime:0.000034s ]
INFO: [ app_init ] --END-- [ RunTime:0.000295s ]
INFO: [ app_begin ] --START--
INFO: Run Behavior\ReadHtmlCacheBehavior [ RunTime:0.000336s ]
INFO: [ app_begin ] --END-- [ RunTime:0.000379s ]
SQL: SHOW COLUMNS FROM `cn_merchant` [ RunTime:0.0009s ]
SQL: SELECT `muid`,`phone`,`store`,`image_url`,`longtitude`,`latitude` FROM `cn_merchant` WHERE `address` LIKE '%上海市%' LIMIT 0,5   [ RunTime:0.0004s ]
INFO: [ app_end ] --START--
INFO: Run Behavior\ShowPageTraceBehavior [ RunTime:0.000511s ]
INFO: [ app_end ] --END-- [ RunTime:0.000567s ]

[ 2017-02-19T16:41:08+08:00 ] 42.228.223.221 /cnconsum/App/MerchantType/advert/insertGet
INFO: [ app_init ] --START--
INFO: Run Behavior\BuildLiteBehavior [ RunTime:0.000014s ]
INFO: [ app_init ] --END-- [ RunTime:0.000289s ]
INFO: [ app_begin ] --START--
INFO: Run Behavior\ReadHtmlCacheBehavior [ RunTime:0.000351s ]
INFO: [ app_begin ] --END-- [ RunTime:0.000427s ]
SQL: SHOW COLUMNS FROM `cn_advert_insert` [ RunTime:0.0007s ]
SQL: SELECT * FROM `cn_advert_insert` WHERE `area` = '上海市' AND `place` = 2 AND `state` = 'ONLINE' ORDER BY start_time asc  [ RunTime:0.0003s ]
INFO: [ app_end ] --START--
INFO: Run Behavior\ShowPageTraceBehavior [ RunTime:0.000422s ]
INFO: [ app_end ] --END-- [ RunTime:0.000477s ]

[ 2017-02-19T16:41:08+08:00 ] 42.228.223.221 /cnconsum/App/MerchantType/merchant/listGet
INFO: [ app_init ] --START--
INFO: Run Behavior\BuildLiteBehavior [ RunTime:0.000021s ]
INFO: [ app_init ] --END-- [ RunTime:0.000389s ]
INFO: [ app_begin ] --START--
INFO: Run Behavior\ReadHtmlCacheBehavior [ RunTime:0.000425s ]
INFO: [ app_begin ] --END-- [ RunTime:0.000483s ]
SQL: SHOW COLUMNS FROM `cn_merchant` [ RunTime:0.0009s ]
SQL: SELECT `muid`,`phone`,`store`,`image_url`,`longtitude`,`latitude` FROM `cn_merchant` WHERE `address` LIKE '%上海市%' LIMIT 5,5   [ RunTime:0.0005s ]
INFO: [ app_end ] --START--
INFO: Run Behavior\ShowPageTraceBehavior [ RunTime:0.000503s ]
INFO: [ app_end ] --END-- [ RunTime:0.000547s ]

[ 2017-02-19T16:41:10+08:00 ] 42.228.223.221 /cnconsum/App/MerchantType/advert/insertGet
INFO: [ app_init ] --START--
INFO: Run Behavior\BuildLiteBehavior [ RunTime:0.000023s ]
INFO: [ app_init ] --END-- [ RunTime:0.000332s ]
INFO: [ app_begin ] --START--
INFO: Run Behavior\ReadHtmlCacheBehavior [ RunTime:0.000398s ]
INFO: [ app_begin ] --END-- [ RunTime:0.000445s ]
SQL: SHOW COLUMNS FROM `cn_advert_insert` [ RunTime:0.0009s ]
SQL: SELECT * FROM `cn_advert_insert` WHERE `area` = '上海市' AND `place` = 3 AND `state` = 'ONLINE' ORDER BY start_time asc  [ RunTime:0.0004s ]
INFO: [ app_end ] --START--
INFO: Run Behavior\ShowPageTraceBehavior [ RunTime:0.000636s ]
INFO: [ app_end ] --END-- [ RunTime:0.000704s ]

[ 2017-02-19T16:41:10+08:00 ] 42.228.223.221 /cnconsum/App/MerchantType/merchant/listGet
INFO: [ app_init ] --START--
INFO: Run Behavior\BuildLiteBehavior [ RunTime:0.000018s ]
INFO: [ app_init ] --END-- [ RunTime:0.000306s ]
INFO: [ app_begin ] --START--
INFO: Run Behavior\ReadHtmlCacheBehavior [ RunTime:0.000343s ]
INFO: [ app_begin ] --END-- [ RunTime:0.000400s ]
SQL: SHOW COLUMNS FROM `cn_merchant` [ RunTime:0.0010s ]
SQL: SELECT `muid`,`phone`,`store`,`image_url`,`longtitude`,`latitude` FROM `cn_merchant` WHERE `address` LIKE '%上海市%' LIMIT 10,5   [ RunTime:0.0004s ]
INFO: [ app_end ] --START--
INFO: Run Behavior\ShowPageTraceBehavior [ RunTime:0.000462s ]
INFO: [ app_end ] --END-- [ RunTime:0.000523s ]

[ 2017-02-19T16:41:10+08:00 ] 42.228.223.221 /cnconsum/App/UserType/user/accountGet
INFO: [ app_init ] --START--
INFO: Run Behavior\BuildLiteBehavior [ RunTime:0.000018s ]
INFO: [ app_init ] --END-- [ RunTime:0.000278s ]
INFO: [ app_begin ] --START--
INFO: Run Behavior\ReadHtmlCacheBehavior [ RunTime:0.000360s ]
INFO: [ app_begin ] --END-- [ RunTime:0.000405s ]
SQL: SHOW COLUMNS FROM `cn_user` [ RunTime:0.0008s ]
SQL: SELECT * FROM `cn_user` WHERE `uuid` = 'u_4bc2e32486'  [ RunTime:0.0003s ]
INFO: [ app_end ] --START--
INFO: Run Behavior\ShowPageTraceBehavior [ RunTime:0.000452s ]
INFO: [ app_end ] --END-- [ RunTime:0.000503s ]

[ 2017-02-19T16:41:11+08:00 ] 42.228.223.221 /cnconsum/App/UserType/user/accountGet
INFO: [ app_init ] --START--
INFO: Run Behavior\BuildLiteBehavior [ RunTime:0.000024s ]
INFO: [ app_init ] --END-- [ RunTime:0.000336s ]
INFO: [ app_begin ] --START--
INFO: Run Behavior\ReadHtmlCacheBehavior [ RunTime:0.000344s ]
INFO: [ app_begin ] --END-- [ RunTime:0.000387s ]
SQL: SHOW COLUMNS FROM `cn_user` [ RunTime:0.0010s ]
SQL: SELECT * FROM `cn_user` WHERE `uuid` = 'u_4bc2e32486'  [ RunTime:0.0003s ]
INFO: [ app_end ] --START--
INFO: Run Behavior\ShowPageTraceBehavior [ RunTime:0.000375s ]
INFO: [ app_end ] --END-- [ RunTime:0.000422s ]

[ 2017-02-19T16:41:11+08:00 ] 42.228.223.221 /cnconsum/App/UserType/bank/get
INFO: [ app_init ] --START--
INFO: Run Behavior\BuildLiteBehavior [ RunTime:0.000012s ]
INFO: [ app_init ] --END-- [ RunTime:0.000243s ]
INFO: [ app_begin ] --START--
INFO: Run Behavior\ReadHtmlCacheBehavior [ RunTime:0.000339s ]
INFO: [ app_begin ] --END-- [ RunTime:0.000382s ]
NOTIC: [2048] Declaration of App\Controller\UserType\BankController::get() should be compatible with Think\Controller::get($name = '') /var/www/html/cnconsum/Project/App/Controller/UserType/BankController.class.php 第 95 行.
SQL: SHOW COLUMNS FROM `cn_user_bank` [ RunTime:0.0007s ]
SQL: SELECT * FROM `cn_user_bank` WHERE `user` = 'u_4bc2e32486'  [ RunTime:0.0003s ]
INFO: [ app_end ] --START--
INFO: Run Behavior\ShowPageTraceBehavior [ RunTime:0.000368s ]
INFO: [ app_end ] --END-- [ RunTime:0.000420s ]

[ 2017-02-19T22:34:00+08:00 ] 113.200.205.68 /cnconsum/App/MerchantType/advert/leadGet
INFO: [ app_init ] --START--
INFO: Run Behavior\BuildLiteBehavior [ RunTime:0.000026s ]
INFO: [ app_init ] --END-- [ RunTime:0.000445s ]
INFO: [ app_begin ] --START--
INFO: Run Behavior\ReadHtmlCacheBehavior [ RunTime:0.000605s ]
INFO: [ app_begin ] --END-- [ RunTime:0.000677s ]
SQL: SHOW COLUMNS FROM `cn_advert_lead` [ RunTime:0.0007s ]
SQL: SELECT * FROM `cn_advert_lead` WHERE `area` = '西安市雁塔区' AND `state` = 'ONLINE' ORDER BY start_time asc  [ RunTime:0.0003s ]
INFO: [ app_end ] --START--
INFO: Run Behavior\ShowPageTraceBehavior [ RunTime:0.000472s ]
INFO: [ app_end ] --END-- [ RunTime:0.000518s ]

[ 2017-02-19T22:34:03+08:00 ] 113.200.205.68 /cnconsum/App/Extra/source/version
INFO: [ app_init ] --START--
INFO: Run Behavior\BuildLiteBehavior [ RunTime:0.000020s ]
INFO: [ app_init ] --END-- [ RunTime:0.000406s ]
INFO: [ app_begin ] --START--
INFO: Run Behavior\ReadHtmlCacheBehavior [ RunTime:0.000574s ]
INFO: [ app_begin ] --END-- [ RunTime:0.000647s ]
INFO: [ app_end ] --START--
INFO: Run Behavior\ShowPageTraceBehavior [ RunTime:0.000574s ]
INFO: [ app_end ] --END-- [ RunTime:0.000658s ]

[ 2017-02-19T22:34:04+08:00 ] 113.200.205.68 /cnconsum/App/Extra/source/version
INFO: [ app_init ] --START--
INFO: Run Behavior\BuildLiteBehavior [ RunTime:0.000017s ]
INFO: [ app_init ] --END-- [ RunTime:0.000319s ]
INFO: [ app_begin ] --START--
INFO: Run Behavior\ReadHtmlCacheBehavior [ RunTime:0.000446s ]
INFO: [ app_begin ] --END-- [ RunTime:0.000504s ]
INFO: [ app_end ] --START--
INFO: Run Behavior\ShowPageTraceBehavior [ RunTime:0.000463s ]
INFO: [ app_end ] --END-- [ RunTime:0.000516s ]

[ 2017-02-19T22:34:05+08:00 ] 113.200.205.68 /cnconsum/App/Extra/Source/tradeIconGet
INFO: [ app_init ] --START--
INFO: Run Behavior\BuildLiteBehavior [ RunTime:0.000018s ]
INFO: [ app_init ] --END-- [ RunTime:0.000376s ]
INFO: [ app_begin ] --START--
INFO: Run Behavior\ReadHtmlCacheBehavior [ RunTime:0.000425s ]
INFO: [ app_begin ] --END-- [ RunTime:0.000482s ]
SQL: SHOW COLUMNS FROM `cn_trade_icon` [ RunTime:0.0008s ]
SQL: SELECT * FROM `cn_trade_icon`  [ RunTime:0.0003s ]
INFO: [ app_end ] --START--
INFO: Run Behavior\ShowPageTraceBehavior [ RunTime:0.000480s ]
INFO: [ app_end ] --END-- [ RunTime:0.000526s ]

[ 2017-02-19T22:34:05+08:00 ] 113.200.205.68 /cnconsum/App/Extra/Source/tradeIconGet
INFO: [ app_init ] --START--
INFO: Run Behavior\BuildLiteBehavior [ RunTime:0.000013s ]
INFO: [ app_init ] --END-- [ RunTime:0.000249s ]
INFO: [ app_begin ] --START--
INFO: Run Behavior\ReadHtmlCacheBehavior [ RunTime:0.000332s ]
INFO: [ app_begin ] --END-- [ RunTime:0.000378s ]
SQL: SHOW COLUMNS FROM `cn_trade_icon` [ RunTime:0.0006s ]
SQL: SELECT * FROM `cn_trade_icon`  [ RunTime:0.0002s ]
INFO: [ app_end ] --START--
INFO: Run Behavior\ShowPageTraceBehavior [ RunTime:0.000503s ]
INFO: [ app_end ] --END-- [ RunTime:0.000548s ]

[ 2017-02-19T22:34:05+08:00 ] 113.200.205.68 /cnconsum/App/MerchantType/advert/popupGet
INFO: [ app_init ] --START--
INFO: Run Behavior\BuildLiteBehavior [ RunTime:0.000012s ]
INFO: [ app_init ] --END-- [ RunTime:0.000282s ]
INFO: [ app_begin ] --START--
INFO: Run Behavior\ReadHtmlCacheBehavior [ RunTime:0.000344s ]
INFO: [ app_begin ] --END-- [ RunTime:0.000406s ]
SQL: SHOW COLUMNS FROM `cn_advert_popup` [ RunTime:0.0005s ]
SQL: SELECT * FROM `cn_advert_popup` WHERE `area` = '西安市户县' AND `state` = 'ONLINE' ORDER BY start_time asc  [ RunTime:0.0003s ]
NOTIC: [8] Undefined offset: 0 /var/www/html/cnconsum/Project/App/Controller/MerchantType/AdvertController.class.php 第 112 行.
INFO: [ app_end ] --START--
INFO: Run Behavior\ShowPageTraceBehavior [ RunTime:0.000600s ]
INFO: [ app_end ] --END-- [ RunTime:0.000641s ]

[ 2017-02-19T22:34:05+08:00 ] 113.200.205.68 /cnconsum/App/MerchantType/advert/headlineGet
INFO: [ app_init ] --START--
INFO: Run Behavior\BuildLiteBehavior [ RunTime:0.000014s ]
INFO: [ app_init ] --END-- [ RunTime:0.000259s ]
INFO: [ app_begin ] --START--
INFO: Run Behavior\ReadHtmlCacheBehavior [ RunTime:0.000337s ]
INFO: [ app_begin ] --END-- [ RunTime:0.000381s ]
SQL: SHOW COLUMNS FROM `cn_advert_headline` [ RunTime:0.0007s ]
SQL: SELECT * FROM `cn_advert_headline` WHERE `area` = '西安市户县' AND `state` = 'ONLINE' ORDER BY place asc  [ RunTime:0.0003s ]
INFO: [ app_end ] --START--
INFO: Run Behavior\ShowPageTraceBehavior [ RunTime:0.000392s ]
INFO: [ app_end ] --END-- [ RunTime:0.000459s ]

[ 2017-02-19T22:34:05+08:00 ] 113.200.205.68 /cnconsum/App/MerchantType/advert/headlineGet
INFO: [ app_init ] --START--
INFO: Run Behavior\BuildLiteBehavior [ RunTime:0.000020s ]
INFO: [ app_init ] --END-- [ RunTime:0.000373s ]
INFO: [ app_begin ] --START--
INFO: Run Behavior\ReadHtmlCacheBehavior [ RunTime:0.000412s ]
INFO: [ app_begin ] --END-- [ RunTime:0.000456s ]
SQL: SHOW COLUMNS FROM `cn_advert_headline` [ RunTime:0.0008s ]
SQL: SELECT * FROM `cn_advert_headline` WHERE `area` = '西安市户县' AND `state` = 'ONLINE' ORDER BY place asc  [ RunTime:0.0004s ]
INFO: [ app_end ] --START--
INFO: Run Behavior\ShowPageTraceBehavior [ RunTime:0.000383s ]
INFO: [ app_end ] --END-- [ RunTime:0.000436s ]

[ 2017-02-19T22:34:05+08:00 ] 113.200.205.68 /cnconsum/App/MerchantType/activity/get
INFO: [ app_init ] --START--
INFO: Run Behavior\BuildLiteBehavior [ RunTime:0.000038s ]
INFO: [ app_init ] --END-- [ RunTime:0.000314s ]
INFO: [ app_begin ] --START--
INFO: Run Behavior\ReadHtmlCacheBehavior [ RunTime:0.000371s ]
INFO: [ app_begin ] --END-- [ RunTime:0.000439s ]
NOTIC: [2048] Declaration of App\Controller\MerchantType\ActivityController::get() should be compatible with Think\Controller::get($name = '') /var/www/html/cnconsum/Project/App/Controller/MerchantType/ActivityController.class.php 第 127 行.
SQL: SHOW COLUMNS FROM `cn_activity` [ RunTime:0.0007s ]
SQL: SELECT * FROM `cn_activity` WHERE `eare` = '西安市雁塔区' AND `state` = 'ONLINE'  [ RunTime:0.0003s ]
INFO: [ app_end ] --START--
INFO: Run Behavior\ShowPageTraceBehavior [ RunTime:0.000407s ]
INFO: [ app_end ] --END-- [ RunTime:0.000454s ]

[ 2017-02-19T22:34:05+08:00 ] 113.200.205.68 /cnconsum/App/MerchantType/activity/get
INFO: [ app_init ] --START--
INFO: Run Behavior\BuildLiteBehavior [ RunTime:0.000014s ]
INFO: [ app_init ] --END-- [ RunTime:0.000265s ]
INFO: [ app_begin ] --START--
INFO: Run Behavior\ReadHtmlCacheBehavior [ RunTime:0.000364s ]
INFO: [ app_begin ] --END-- [ RunTime:0.000407s ]
NOTIC: [2048] Declaration of App\Controller\MerchantType\ActivityController::get() should be compatible with Think\Controller::get($name = '') /var/www/html/cnconsum/Project/App/Controller/MerchantType/ActivityController.class.php 第 127 行.
SQL: SHOW COLUMNS FROM `cn_activity` [ RunTime:0.0007s ]
SQL: SELECT * FROM `cn_activity` WHERE `eare` = '西安市雁塔区' AND `state` = 'ONLINE'  [ RunTime:0.0003s ]
INFO: [ app_end ] --START--
INFO: Run Behavior\ShowPageTraceBehavior [ RunTime:0.000391s ]
INFO: [ app_end ] --END-- [ RunTime:0.000437s ]

[ 2017-02-19T22:34:05+08:00 ] 113.200.205.68 /cnconsum/App/MerchantType/advert/insertGet
INFO: [ app_init ] --START--
INFO: Run Behavior\BuildLiteBehavior [ RunTime:0.000031s ]
INFO: [ app_init ] --END-- [ RunTime:0.000277s ]
INFO: [ app_begin ] --START--
INFO: Run Behavior\ReadHtmlCacheBehavior [ RunTime:0.000324s ]
INFO: [ app_begin ] --END-- [ RunTime:0.000368s ]
SQL: SHOW COLUMNS FROM `cn_advert_insert` [ RunTime:0.0006s ]
SQL: SELECT * FROM `cn_advert_insert` WHERE `area` = '西安市户县' AND `place` = 1 AND `state` = 'ONLINE' ORDER BY start_time asc  [ RunTime:0.0003s ]
INFO: [ app_end ] --START--
INFO: Run Behavior\ShowPageTraceBehavior [ RunTime:0.000370s ]
INFO: [ app_end ] --END-- [ RunTime:0.000416s ]

[ 2017-02-19T22:34:05+08:00 ] 113.200.205.68 /cnconsum/App/MerchantType/advert/insertGet
INFO: [ app_init ] --START--
INFO: Run Behavior\BuildLiteBehavior [ RunTime:0.000017s ]
INFO: [ app_init ] --END-- [ RunTime:0.000292s ]
INFO: [ app_begin ] --START--
INFO: Run Behavior\ReadHtmlCacheBehavior [ RunTime:0.000331s ]
INFO: [ app_begin ] --END-- [ RunTime:0.000382s ]
SQL: SHOW COLUMNS FROM `cn_advert_insert` [ RunTime:0.0009s ]
SQL: SELECT * FROM `cn_advert_insert` WHERE `area` = '西安市户县' AND `place` = 1 AND `state` = 'ONLINE' ORDER BY start_time asc  [ RunTime:0.0004s ]
INFO: [ app_end ] --START--
INFO: Run Behavior\ShowPageTraceBehavior [ RunTime:0.000555s ]
INFO: [ app_end ] --END-- [ RunTime:0.000613s ]

[ 2017-02-19T22:34:05+08:00 ] 113.200.205.68 /cnconsum/App/MerchantType/merchant/listGet
INFO: [ app_init ] --START--
INFO: Run Behavior\BuildLiteBehavior [ RunTime:0.000017s ]
INFO: [ app_init ] --END-- [ RunTime:0.000404s ]
INFO: [ app_begin ] --START--
INFO: Run Behavior\ReadHtmlCacheBehavior [ RunTime:0.000534s ]
INFO: [ app_begin ] --END-- [ RunTime:0.000633s ]
SQL: SHOW COLUMNS FROM `cn_merchant` [ RunTime:0.0008s ]
SQL: SELECT `muid`,`phone`,`store`,`image_url`,`longtitude`,`latitude` FROM `cn_merchant` WHERE `address` LIKE '%西安市户县%' LIMIT 0,5   [ RunTime:0.0004s ]
SQL: SHOW COLUMNS FROM `cn_evaluate` [ RunTime:0.0005s ]
SQL: SELECT AVG(stars) AS tp_avg FROM `cn_evaluate` WHERE `merchant` = 'm_test026' LIMIT 1   [ RunTime:0.0003s ]
SQL: SHOW COLUMNS FROM `cn_user_card` [ RunTime:0.0005s ]
SQL: SELECT COUNT(*) AS tp_count FROM `cn_user_card` WHERE `merchant` = 'm_test026' LIMIT 1   [ RunTime:0.0002s ]
SQL: SHOW COLUMNS FROM `cn_merchant_card` [ RunTime:0.0005s ]
SQL: SELECT MIN(rule) AS tp_min FROM `cn_merchant_card` WHERE `merchant` = 'm_test026' AND `type` = '储值卡' LIMIT 1   [ RunTime:0.0003s ]
SQL: SELECT MAX(addition_sum) AS tp_max FROM `cn_merchant_card` WHERE `merchant` = 'm_test026' AND `type` = '储值卡' LIMIT 1   [ RunTime:0.0002s ]
INFO: [ app_end ] --START--
INFO: Run Behavior\ShowPageTraceBehavior [ RunTime:0.000394s ]
INFO: [ app_end ] --END-- [ RunTime:0.000440s ]

[ 2017-02-19T22:34:05+08:00 ] 113.200.205.68 /cnconsum/App/MerchantType/merchant/listGet
INFO: [ app_init ] --START--
INFO: Run Behavior\BuildLiteBehavior [ RunTime:0.000016s ]
INFO: [ app_init ] --END-- [ RunTime:0.000372s ]
INFO: [ app_begin ] --START--
INFO: Run Behavior\ReadHtmlCacheBehavior [ RunTime:0.000505s ]
INFO: [ app_begin ] --END-- [ RunTime:0.000571s ]
SQL: SHOW COLUMNS FROM `cn_merchant` [ RunTime:0.0007s ]
SQL: SELECT `muid`,`phone`,`store`,`image_url`,`longtitude`,`latitude` FROM `cn_merchant` WHERE `address` LIKE '%西安市户县%' LIMIT 0,5   [ RunTime:0.0003s ]
SQL: SHOW COLUMNS FROM `cn_evaluate` [ RunTime:0.0005s ]
SQL: SELECT AVG(stars) AS tp_avg FROM `cn_evaluate` WHERE `merchant` = 'm_test026' LIMIT 1   [ RunTime:0.0002s ]
SQL: SHOW COLUMNS FROM `cn_user_card` [ RunTime:0.0005s ]
SQL: SELECT COUNT(*) AS tp_count FROM `cn_user_card` WHERE `merchant` = 'm_test026' LIMIT 1   [ RunTime:0.0002s ]
SQL: SHOW COLUMNS FROM `cn_merchant_card` [ RunTime:0.0006s ]
SQL: SELECT MIN(rule) AS tp_min FROM `cn_merchant_card` WHERE `merchant` = 'm_test026' AND `type` = '储值卡' LIMIT 1   [ RunTime:0.0003s ]
SQL: SELECT MAX(addition_sum) AS tp_max FROM `cn_merchant_card` WHERE `merchant` = 'm_test026' AND `type` = '储值卡' LIMIT 1   [ RunTime:0.0003s ]
INFO: [ app_end ] --START--
INFO: Run Behavior\ShowPageTraceBehavior [ RunTime:0.000373s ]
INFO: [ app_end ] --END-- [ RunTime:0.000416s ]

[ 2017-02-19T22:34:15+08:00 ] 113.200.205.68 /cnconsum/App/Extra/Source/tradeIconGet
INFO: [ app_init ] --START--
INFO: Run Behavior\BuildLiteBehavior [ RunTime:0.000018s ]
INFO: [ app_init ] --END-- [ RunTime:0.000313s ]
INFO: [ app_begin ] --START--
INFO: Run Behavior\ReadHtmlCacheBehavior [ RunTime:0.000369s ]
INFO: [ app_begin ] --END-- [ RunTime:0.000427s ]
SQL: SHOW COLUMNS FROM `cn_trade_icon` [ RunTime:0.0007s ]
SQL: SELECT * FROM `cn_trade_icon`  [ RunTime:0.0003s ]
INFO: [ app_end ] --START--
INFO: Run Behavior\ShowPageTraceBehavior [ RunTime:0.000526s ]
INFO: [ app_end ] --END-- [ RunTime:0.000590s ]

[ 2017-02-19T22:34:15+08:00 ] 113.200.205.68 /cnconsum/App/MerchantType/advert/headlineGet
INFO: [ app_init ] --START--
INFO: Run Behavior\BuildLiteBehavior [ RunTime:0.000014s ]
INFO: [ app_init ] --END-- [ RunTime:0.000262s ]
INFO: [ app_begin ] --START--
INFO: Run Behavior\ReadHtmlCacheBehavior [ RunTime:0.000324s ]
INFO: [ app_begin ] --END-- [ RunTime:0.000367s ]
SQL: SHOW COLUMNS FROM `cn_advert_headline` [ RunTime:0.0007s ]
SQL: SELECT * FROM `cn_advert_headline` WHERE `area` = '西安市长安区' AND `state` = 'ONLINE' ORDER BY place asc  [ RunTime:0.0003s ]
INFO: [ app_end ] --START--
INFO: Run Behavior\ShowPageTraceBehavior [ RunTime:0.000398s ]
INFO: [ app_end ] --END-- [ RunTime:0.000446s ]

[ 2017-02-19T22:34:15+08:00 ] 113.200.205.68 /cnconsum/App/MerchantType/activity/get
INFO: [ app_init ] --START--
INFO: Run Behavior\BuildLiteBehavior [ RunTime:0.000015s ]
INFO: [ app_init ] --END-- [ RunTime:0.000331s ]
INFO: [ app_begin ] --START--
INFO: Run Behavior\ReadHtmlCacheBehavior [ RunTime:0.000397s ]
INFO: [ app_begin ] --END-- [ RunTime:0.000442s ]
NOTIC: [2048] Declaration of App\Controller\MerchantType\ActivityController::get() should be compatible with Think\Controller::get($name = '') /var/www/html/cnconsum/Project/App/Controller/MerchantType/ActivityController.class.php 第 127 行.
SQL: SHOW COLUMNS FROM `cn_activity` [ RunTime:0.0007s ]
SQL: SELECT * FROM `cn_activity` WHERE `eare` = '西安市雁塔区' AND `state` = 'ONLINE'  [ RunTime:0.0003s ]
INFO: [ app_end ] --START--
INFO: Run Behavior\ShowPageTraceBehavior [ RunTime:0.000377s ]
INFO: [ app_end ] --END-- [ RunTime:0.000435s ]

[ 2017-02-19T22:34:15+08:00 ] 113.200.205.68 /cnconsum/App/MerchantType/advert/insertGet
INFO: [ app_init ] --START--
INFO: Run Behavior\BuildLiteBehavior [ RunTime:0.000014s ]
INFO: [ app_init ] --END-- [ RunTime:0.000315s ]
INFO: [ app_begin ] --START--
INFO: Run Behavior\ReadHtmlCacheBehavior [ RunTime:0.000354s ]
INFO: [ app_begin ] --END-- [ RunTime:0.000402s ]
SQL: SHOW COLUMNS FROM `cn_advert_insert` [ RunTime:0.0008s ]
SQL: SELECT * FROM `cn_advert_insert` WHERE `area` = '西安市长安区' AND `place` = 1 AND `state` = 'ONLINE' ORDER BY start_time asc  [ RunTime:0.0004s ]
INFO: [ app_end ] --START--
INFO: Run Behavior\ShowPageTraceBehavior [ RunTime:0.000389s ]
INFO: [ app_end ] --END-- [ RunTime:0.000434s ]

[ 2017-02-19T22:34:15+08:00 ] 113.200.205.68 /cnconsum/App/MerchantType/merchant/listGet
INFO: [ app_init ] --START--
INFO: Run Behavior\BuildLiteBehavior [ RunTime:0.000022s ]
INFO: [ app_init ] --END-- [ RunTime:0.000339s ]
INFO: [ app_begin ] --START--
INFO: Run Behavior\ReadHtmlCacheBehavior [ RunTime:0.000342s ]
INFO: [ app_begin ] --END-- [ RunTime:0.000386s ]
SQL: SHOW COLUMNS FROM `cn_merchant` [ RunTime:0.0009s ]
SQL: SELECT `muid`,`phone`,`store`,`image_url`,`longtitude`,`latitude` FROM `cn_merchant` WHERE `address` LIKE '%西安市长安区%' LIMIT 0,5   [ RunTime:0.0004s ]
SQL: SHOW COLUMNS FROM `cn_evaluate` [ RunTime:0.0005s ]
SQL: SELECT AVG(stars) AS tp_avg FROM `cn_evaluate` WHERE `merchant` = 'm_test018' LIMIT 1   [ RunTime:0.0003s ]
SQL: SHOW COLUMNS FROM `cn_user_card` [ RunTime:0.0006s ]
SQL: SELECT COUNT(*) AS tp_count FROM `cn_user_card` WHERE `merchant` = 'm_test018' LIMIT 1   [ RunTime:0.0002s ]
SQL: SHOW COLUMNS FROM `cn_merchant_card` [ RunTime:0.0006s ]
SQL: SELECT MIN(rule) AS tp_min FROM `cn_merchant_card` WHERE `merchant` = 'm_test018' AND `type` = '储值卡' LIMIT 1   [ RunTime:0.0003s ]
SQL: SELECT MAX(addition_sum) AS tp_max FROM `cn_merchant_card` WHERE `merchant` = 'm_test018' AND `type` = '储值卡' LIMIT 1   [ RunTime:0.0002s ]
SQL: SELECT AVG(stars) AS tp_avg FROM `cn_evaluate` WHERE `merchant` = 'm_test040' LIMIT 1   [ RunTime:0.0004s ]
SQL: SELECT COUNT(*) AS tp_count FROM `cn_user_card` WHERE `merchant` = 'm_test040' LIMIT 1   [ RunTime:0.0002s ]
SQL: SELECT MIN(rule) AS tp_min FROM `cn_merchant_card` WHERE `merchant` = 'm_test040' AND `type` = '储值卡' LIMIT 1   [ RunTime:0.0003s ]
SQL: SELECT MAX(addition_sum) AS tp_max FROM `cn_merchant_card` WHERE `merchant` = 'm_test040' AND `type` = '储值卡' LIMIT 1   [ RunTime:0.0002s ]
SQL: SELECT AVG(stars) AS tp_avg FROM `cn_evaluate` WHERE `merchant` = 'm_test07' LIMIT 1   [ RunTime:0.0002s ]
SQL: SELECT COUNT(*) AS tp_count FROM `cn_user_card` WHERE `merchant` = 'm_test07' LIMIT 1   [ RunTime:0.0002s ]
SQL: SELECT MIN(rule) AS tp_min FROM `cn_merchant_card` WHERE `merchant` = 'm_test07' AND `type` = '储值卡' LIMIT 1   [ RunTime:0.0002s ]
SQL: SELECT MAX(addition_sum) AS tp_max FROM `cn_merchant_card` WHERE `merchant` = 'm_test07' AND `type` = '储值卡' LIMIT 1   [ RunTime:0.0002s ]
INFO: [ app_end ] --START--
INFO: Run Behavior\ShowPageTraceBehavior [ RunTime:0.000496s ]
INFO: [ app_end ] --END-- [ RunTime:0.000546s ]

[ 2017-02-19T22:34:17+08:00 ] 113.200.205.68 /cnconsum/App/Extra/Source/tradeIconGet
INFO: [ app_init ] --START--
INFO: Run Behavior\BuildLiteBehavior [ RunTime:0.000014s ]
INFO: [ app_init ] --END-- [ RunTime:0.000316s ]
INFO: [ app_begin ] --START--
INFO: Run Behavior\ReadHtmlCacheBehavior [ RunTime:0.000461s ]
INFO: [ app_begin ] --END-- [ RunTime:0.000517s ]
SQL: SHOW COLUMNS FROM `cn_trade_icon` [ RunTime:0.0007s ]
SQL: SELECT * FROM `cn_trade_icon`  [ RunTime:0.0004s ]
INFO: [ app_end ] --START--
INFO: Run Behavior\ShowPageTraceBehavior [ RunTime:0.000385s ]
INFO: [ app_end ] --END-- [ RunTime:0.000439s ]

[ 2017-02-19T22:34:17+08:00 ] 113.200.205.68 /cnconsum/App/MerchantType/advert/headlineGet
INFO: [ app_init ] --START--
INFO: Run Behavior\BuildLiteBehavior [ RunTime:0.000015s ]
INFO: [ app_init ] --END-- [ RunTime:0.000408s ]
INFO: [ app_begin ] --START--
INFO: Run Behavior\ReadHtmlCacheBehavior [ RunTime:0.000344s ]
INFO: [ app_begin ] --END-- [ RunTime:0.000388s ]
SQL: SHOW COLUMNS FROM `cn_advert_headline` [ RunTime:0.0007s ]
SQL: SELECT * FROM `cn_advert_headline` WHERE `area` = '西安市长安区' AND `state` = 'ONLINE' ORDER BY place asc  [ RunTime:0.0003s ]
INFO: [ app_end ] --START--
INFO: Run Behavior\ShowPageTraceBehavior [ RunTime:0.000540s ]
INFO: [ app_end ] --END-- [ RunTime:0.000608s ]

[ 2017-02-19T22:34:18+08:00 ] 113.200.205.68 /cnconsum/App/MerchantType/activity/get
INFO: [ app_init ] --START--
INFO: Run Behavior\BuildLiteBehavior [ RunTime:0.000014s ]
INFO: [ app_init ] --END-- [ RunTime:0.000258s ]
INFO: [ app_begin ] --START--
INFO: Run Behavior\ReadHtmlCacheBehavior [ RunTime:0.000322s ]
INFO: [ app_begin ] --END-- [ RunTime:0.000366s ]
NOTIC: [2048] Declaration of App\Controller\MerchantType\ActivityController::get() should be compatible with Think\Controller::get($name = '') /var/www/html/cnconsum/Project/App/Controller/MerchantType/ActivityController.class.php 第 127 行.
SQL: SHOW COLUMNS FROM `cn_activity` [ RunTime:0.0007s ]
SQL: SELECT * FROM `cn_activity` WHERE `eare` = '西安市雁塔区' AND `state` = 'ONLINE'  [ RunTime:0.0003s ]
INFO: [ app_end ] --START--
INFO: Run Behavior\ShowPageTraceBehavior [ RunTime:0.000363s ]
INFO: [ app_end ] --END-- [ RunTime:0.000411s ]

[ 2017-02-19T22:34:18+08:00 ] 113.200.205.68 /cnconsum/App/MerchantType/advert/insertGet
INFO: [ app_init ] --START--
INFO: Run Behavior\BuildLiteBehavior [ RunTime:0.000015s ]
INFO: [ app_init ] --END-- [ RunTime:0.000338s ]
INFO: [ app_begin ] --START--
INFO: Run Behavior\ReadHtmlCacheBehavior [ RunTime:0.000366s ]
INFO: [ app_begin ] --END-- [ RunTime:0.000422s ]
SQL: SHOW COLUMNS FROM `cn_advert_insert` [ RunTime:0.0007s ]
SQL: SELECT * FROM `cn_advert_insert` WHERE `area` = '西安市长安区' AND `place` = 1 AND `state` = 'ONLINE' ORDER BY start_time asc  [ RunTime:0.0003s ]
INFO: [ app_end ] --START--
INFO: Run Behavior\ShowPageTraceBehavior [ RunTime:0.000495s ]
INFO: [ app_end ] --END-- [ RunTime:0.000550s ]

[ 2017-02-19T22:34:18+08:00 ] 113.200.205.68 /cnconsum/App/MerchantType/merchant/listGet
INFO: [ app_init ] --START--
INFO: Run Behavior\BuildLiteBehavior [ RunTime:0.000020s ]
INFO: [ app_init ] --END-- [ RunTime:0.000359s ]
INFO: [ app_begin ] --START--
INFO: Run Behavior\ReadHtmlCacheBehavior [ RunTime:0.000416s ]
INFO: [ app_begin ] --END-- [ RunTime:0.000487s ]
SQL: SHOW COLUMNS FROM `cn_merchant` [ RunTime:0.0009s ]
SQL: SELECT `muid`,`phone`,`store`,`image_url`,`longtitude`,`latitude` FROM `cn_merchant` WHERE `address` LIKE '%西安市长安区%' LIMIT 0,5   [ RunTime:0.0004s ]
SQL: SHOW COLUMNS FROM `cn_evaluate` [ RunTime:0.0005s ]
SQL: SELECT AVG(stars) AS tp_avg FROM `cn_evaluate` WHERE `merchant` = 'm_test018' LIMIT 1   [ RunTime:0.0003s ]
SQL: SHOW COLUMNS FROM `cn_user_card` [ RunTime:0.0004s ]
SQL: SELECT COUNT(*) AS tp_count FROM `cn_user_card` WHERE `merchant` = 'm_test018' LIMIT 1   [ RunTime:0.0003s ]
SQL: SHOW COLUMNS FROM `cn_merchant_card` [ RunTime:0.0004s ]
SQL: SELECT MIN(rule) AS tp_min FROM `cn_merchant_card` WHERE `merchant` = 'm_test018' AND `type` = '储值卡' LIMIT 1   [ RunTime:0.0002s ]
SQL: SELECT MAX(addition_sum) AS tp_max FROM `cn_merchant_card` WHERE `merchant` = 'm_test018' AND `type` = '储值卡' LIMIT 1   [ RunTime:0.0002s ]
SQL: SELECT AVG(stars) AS tp_avg FROM `cn_evaluate` WHERE `merchant` = 'm_test040' LIMIT 1   [ RunTime:0.0002s ]
SQL: SELECT COUNT(*) AS tp_count FROM `cn_user_card` WHERE `merchant` = 'm_test040' LIMIT 1   [ RunTime:0.0002s ]
SQL: SELECT MIN(rule) AS tp_min FROM `cn_merchant_card` WHERE `merchant` = 'm_test040' AND `type` = '储值卡' LIMIT 1   [ RunTime:0.0002s ]
SQL: SELECT MAX(addition_sum) AS tp_max FROM `cn_merchant_card` WHERE `merchant` = 'm_test040' AND `type` = '储值卡' LIMIT 1   [ RunTime:0.0002s ]
SQL: SELECT AVG(stars) AS tp_avg FROM `cn_evaluate` WHERE `merchant` = 'm_test07' LIMIT 1   [ RunTime:0.0002s ]
SQL: SELECT COUNT(*) AS tp_count FROM `cn_user_card` WHERE `merchant` = 'm_test07' LIMIT 1   [ RunTime:0.0002s ]
SQL: SELECT MIN(rule) AS tp_min FROM `cn_merchant_card` WHERE `merchant` = 'm_test07' AND `type` = '储值卡' LIMIT 1   [ RunTime:0.0002s ]
SQL: SELECT MAX(addition_sum) AS tp_max FROM `cn_merchant_card` WHERE `merchant` = 'm_test07' AND `type` = '储值卡' LIMIT 1   [ RunTime:0.0002s ]
INFO: [ app_end ] --START--
INFO: Run Behavior\ShowPageTraceBehavior [ RunTime:0.000559s ]
INFO: [ app_end ] --END-- [ RunTime:0.000614s ]

[ 2017-02-19T22:34:19+08:00 ] 113.200.205.68 /cnconsum/App/MerchantType/advert/insertGet
INFO: [ app_init ] --START--
INFO: Run Behavior\BuildLiteBehavior [ RunTime:0.000017s ]
INFO: [ app_init ] --END-- [ RunTime:0.000273s ]
INFO: [ app_begin ] --START--
INFO: Run Behavior\ReadHtmlCacheBehavior [ RunTime:0.000372s ]
INFO: [ app_begin ] --END-- [ RunTime:0.000416s ]
SQL: SHOW COLUMNS FROM `cn_advert_insert` [ RunTime:0.0007s ]
SQL: SELECT * FROM `cn_advert_insert` WHERE `area` = '西安市长安区' AND `place` = 2 AND `state` = 'ONLINE' ORDER BY start_time asc  [ RunTime:0.0004s ]
INFO: [ app_end ] --START--
INFO: Run Behavior\ShowPageTraceBehavior [ RunTime:0.000444s ]
INFO: [ app_end ] --END-- [ RunTime:0.000494s ]

[ 2017-02-19T22:34:19+08:00 ] 113.200.205.68 /cnconsum/App/MerchantType/merchant/listGet
INFO: [ app_init ] --START--
INFO: Run Behavior\BuildLiteBehavior [ RunTime:0.000020s ]
INFO: [ app_init ] --END-- [ RunTime:0.000339s ]
INFO: [ app_begin ] --START--
INFO: Run Behavior\ReadHtmlCacheBehavior [ RunTime:0.000419s ]
INFO: [ app_begin ] --END-- [ RunTime:0.000485s ]
SQL: SHOW COLUMNS FROM `cn_merchant` [ RunTime:0.0010s ]
SQL: SELECT `muid`,`phone`,`store`,`image_url`,`longtitude`,`latitude` FROM `cn_merchant` WHERE `address` LIKE '%西安市长安区%' LIMIT 5,5   [ RunTime:0.0004s ]
INFO: [ app_end ] --START--
INFO: Run Behavior\ShowPageTraceBehavior [ RunTime:0.000435s ]
INFO: [ app_end ] --END-- [ RunTime:0.000513s ]

[ 2017-02-19T22:34:21+08:00 ] 113.200.205.68 /cnconsum/App/Extra/Source/tradeIconGet
INFO: [ app_init ] --START--
INFO: Run Behavior\BuildLiteBehavior [ RunTime:0.000021s ]
INFO: [ app_init ] --END-- [ RunTime:0.000328s ]
INFO: [ app_begin ] --START--
INFO: Run Behavior\ReadHtmlCacheBehavior [ RunTime:0.000612s ]
INFO: [ app_begin ] --END-- [ RunTime:0.000708s ]
SQL: SHOW COLUMNS FROM `cn_trade_icon` [ RunTime:0.0009s ]
SQL: SELECT * FROM `cn_trade_icon`  [ RunTime:0.0003s ]
INFO: [ app_end ] --START--
INFO: Run Behavior\ShowPageTraceBehavior [ RunTime:0.000534s ]
INFO: [ app_end ] --END-- [ RunTime:0.000594s ]

[ 2017-02-19T22:34:21+08:00 ] 113.200.205.68 /cnconsum/App/MerchantType/advert/headlineGet
INFO: [ app_init ] --START--
INFO: Run Behavior\BuildLiteBehavior [ RunTime:0.000028s ]
INFO: [ app_init ] --END-- [ RunTime:0.000487s ]
INFO: [ app_begin ] --START--
INFO: Run Behavior\ReadHtmlCacheBehavior [ RunTime:0.000660s ]
INFO: [ app_begin ] --END-- [ RunTime:0.000758s ]
SQL: SHOW COLUMNS FROM `cn_advert_headline` [ RunTime:0.0030s ]
SQL: SELECT * FROM `cn_advert_headline` WHERE `area` = '西安市长安区' AND `state` = 'ONLINE' ORDER BY place asc  [ RunTime:0.0004s ]
INFO: [ app_end ] --START--
INFO: Run Behavior\ShowPageTraceBehavior [ RunTime:0.000937s ]
INFO: [ app_end ] --END-- [ RunTime:0.001017s ]

[ 2017-02-19T22:34:21+08:00 ] 113.200.205.68 /cnconsum/App/MerchantType/activity/get
INFO: [ app_init ] --START--
INFO: Run Behavior\BuildLiteBehavior [ RunTime:0.000024s ]
INFO: [ app_init ] --END-- [ RunTime:0.000642s ]
INFO: [ app_begin ] --START--
INFO: Run Behavior\ReadHtmlCacheBehavior [ RunTime:0.000377s ]
INFO: [ app_begin ] --END-- [ RunTime:0.000423s ]
NOTIC: [2048] Declaration of App\Controller\MerchantType\ActivityController::get() should be compatible with Think\Controller::get($name = '') /var/www/html/cnconsum/Project/App/Controller/MerchantType/ActivityController.class.php 第 127 行.
SQL: SHOW COLUMNS FROM `cn_activity` [ RunTime:0.0009s ]
SQL: SELECT * FROM `cn_activity` WHERE `eare` = '西安市雁塔区' AND `state` = 'ONLINE'  [ RunTime:0.0004s ]
INFO: [ app_end ] --START--
INFO: Run Behavior\ShowPageTraceBehavior [ RunTime:0.000706s ]
INFO: [ app_end ] --END-- [ RunTime:0.000784s ]

[ 2017-02-19T22:34:21+08:00 ] 113.200.205.68 /cnconsum/App/MerchantType/advert/insertGet
INFO: [ app_init ] --START--
INFO: Run Behavior\BuildLiteBehavior [ RunTime:0.000038s ]
INFO: [ app_init ] --END-- [ RunTime:0.000297s ]
INFO: [ app_begin ] --START--
INFO: Run Behavior\ReadHtmlCacheBehavior [ RunTime:0.000359s ]
INFO: [ app_begin ] --END-- [ RunTime:0.000420s ]
SQL: SHOW COLUMNS FROM `cn_advert_insert` [ RunTime:0.0007s ]
SQL: SELECT * FROM `cn_advert_insert` WHERE `area` = '西安市长安区' AND `place` = 1 AND `state` = 'ONLINE' ORDER BY start_time asc  [ RunTime:0.0003s ]
INFO: [ app_end ] --START--
INFO: Run Behavior\ShowPageTraceBehavior [ RunTime:0.000474s ]
INFO: [ app_end ] --END-- [ RunTime:0.000539s ]

[ 2017-02-19T22:34:21+08:00 ] 113.200.205.68 /cnconsum/App/MerchantType/merchant/listGet
INFO: [ app_init ] --START--
INFO: Run Behavior\BuildLiteBehavior [ RunTime:0.000014s ]
INFO: [ app_init ] --END-- [ RunTime:0.000259s ]
INFO: [ app_begin ] --START--
INFO: Run Behavior\ReadHtmlCacheBehavior [ RunTime:0.000421s ]
INFO: [ app_begin ] --END-- [ RunTime:0.000475s ]
SQL: SHOW COLUMNS FROM `cn_merchant` [ RunTime:0.0009s ]
SQL: SELECT `muid`,`phone`,`store`,`image_url`,`longtitude`,`latitude` FROM `cn_merchant` WHERE `address` LIKE '%西安市长安区%' LIMIT 0,5   [ RunTime:0.0004s ]
SQL: SHOW COLUMNS FROM `cn_evaluate` [ RunTime:0.0005s ]
SQL: SELECT AVG(stars) AS tp_avg FROM `cn_evaluate` WHERE `merchant` = 'm_test018' LIMIT 1   [ RunTime:0.0004s ]
SQL: SHOW COLUMNS FROM `cn_user_card` [ RunTime:0.0005s ]
SQL: SELECT COUNT(*) AS tp_count FROM `cn_user_card` WHERE `merchant` = 'm_test018' LIMIT 1   [ RunTime:0.0002s ]
SQL: SHOW COLUMNS FROM `cn_merchant_card` [ RunTime:0.0005s ]
SQL: SELECT MIN(rule) AS tp_min FROM `cn_merchant_card` WHERE `merchant` = 'm_test018' AND `type` = '储值卡' LIMIT 1   [ RunTime:0.0003s ]
SQL: SELECT MAX(addition_sum) AS tp_max FROM `cn_merchant_card` WHERE `merchant` = 'm_test018' AND `type` = '储值卡' LIMIT 1   [ RunTime:0.0003s ]
SQL: SELECT AVG(stars) AS tp_avg FROM `cn_evaluate` WHERE `merchant` = 'm_test040' LIMIT 1   [ RunTime:0.0002s ]
SQL: SELECT COUNT(*) AS tp_count FROM `cn_user_card` WHERE `merchant` = 'm_test040' LIMIT 1   [ RunTime:0.0002s ]
SQL: SELECT MIN(rule) AS tp_min FROM `cn_merchant_card` WHERE `merchant` = 'm_test040' AND `type` = '储值卡' LIMIT 1   [ RunTime:0.0003s ]
SQL: SELECT MAX(addition_sum) AS tp_max FROM `cn_merchant_card` WHERE `merchant` = 'm_test040' AND `type` = '储值卡' LIMIT 1   [ RunTime:0.0003s ]
SQL: SELECT AVG(stars) AS tp_avg FROM `cn_evaluate` WHERE `merchant` = 'm_test07' LIMIT 1   [ RunTime:0.0002s ]
SQL: SELECT COUNT(*) AS tp_count FROM `cn_user_card` WHERE `merchant` = 'm_test07' LIMIT 1   [ RunTime:0.0002s ]
SQL: SELECT MIN(rule) AS tp_min FROM `cn_merchant_card` WHERE `merchant` = 'm_test07' AND `type` = '储值卡' LIMIT 1   [ RunTime:0.0002s ]
SQL: SELECT MAX(addition_sum) AS tp_max FROM `cn_merchant_card` WHERE `merchant` = 'm_test07' AND `type` = '储值卡' LIMIT 1   [ RunTime:0.0002s ]
INFO: [ app_end ] --START--
INFO: Run Behavior\ShowPageTraceBehavior [ RunTime:0.000429s ]
INFO: [ app_end ] --END-- [ RunTime:0.000472s ]

[ 2017-02-19T22:34:27+08:00 ] 113.200.205.68 /cnconsum/App/Extra/Source/tradeIconGet
INFO: [ app_init ] --START--
INFO: Run Behavior\BuildLiteBehavior [ RunTime:0.000028s ]
INFO: [ app_init ] --END-- [ RunTime:0.000533s ]
INFO: [ app_begin ] --START--
INFO: Run Behavior\ReadHtmlCacheBehavior [ RunTime:0.000699s ]
INFO: [ app_begin ] --END-- [ RunTime:0.000796s ]
SQL: SHOW COLUMNS FROM `cn_trade_icon` [ RunTime:0.0009s ]
SQL: SELECT * FROM `cn_trade_icon`  [ RunTime:0.0003s ]
INFO: [ app_end ] --START--
INFO: Run Behavior\ShowPageTraceBehavior [ RunTime:0.000492s ]
INFO: [ app_end ] --END-- [ RunTime:0.000546s ]

[ 2017-02-19T22:34:27+08:00 ] 113.200.205.68 /cnconsum/App/MerchantType/advert/headlineGet
INFO: [ app_init ] --START--
INFO: Run Behavior\BuildLiteBehavior [ RunTime:0.000016s ]
INFO: [ app_init ] --END-- [ RunTime:0.000275s ]
INFO: [ app_begin ] --START--
INFO: Run Behavior\ReadHtmlCacheBehavior [ RunTime:0.000359s ]
INFO: [ app_begin ] --END-- [ RunTime:0.000402s ]
SQL: SHOW COLUMNS FROM `cn_advert_headline` [ RunTime:0.0009s ]
SQL: SELECT * FROM `cn_advert_headline` WHERE `area` = '西安市雁塔区' AND `state` = 'ONLINE' ORDER BY place asc  [ RunTime:0.0006s ]
INFO: [ app_end ] --START--
INFO: Run Behavior\ShowPageTraceBehavior [ RunTime:0.000465s ]
INFO: [ app_end ] --END-- [ RunTime:0.000514s ]

[ 2017-02-19T22:34:27+08:00 ] 113.200.205.68 /cnconsum/App/MerchantType/activity/get
INFO: [ app_init ] --START--
INFO: Run Behavior\BuildLiteBehavior [ RunTime:0.000017s ]
INFO: [ app_init ] --END-- [ RunTime:0.000415s ]
INFO: [ app_begin ] --START--
INFO: Run Behavior\ReadHtmlCacheBehavior [ RunTime:0.000335s ]
INFO: [ app_begin ] --END-- [ RunTime:0.000401s ]
NOTIC: [2048] Declaration of App\Controller\MerchantType\ActivityController::get() should be compatible with Think\Controller::get($name = '') /var/www/html/cnconsum/Project/App/Controller/MerchantType/ActivityController.class.php 第 127 行.
SQL: SHOW COLUMNS FROM `cn_activity` [ RunTime:0.0008s ]
SQL: SELECT * FROM `cn_activity` WHERE `eare` = '西安市雁塔区' AND `state` = 'ONLINE'  [ RunTime:0.0004s ]
INFO: [ app_end ] --START--
INFO: Run Behavior\ShowPageTraceBehavior [ RunTime:0.000479s ]
INFO: [ app_end ] --END-- [ RunTime:0.000524s ]

[ 2017-02-19T22:34:27+08:00 ] 113.200.205.68 /cnconsum/App/MerchantType/advert/insertGet
INFO: [ app_init ] --START--
INFO: Run Behavior\BuildLiteBehavior [ RunTime:0.000017s ]
INFO: [ app_init ] --END-- [ RunTime:0.000280s ]
INFO: [ app_begin ] --START--
INFO: Run Behavior\ReadHtmlCacheBehavior [ RunTime:0.000333s ]
INFO: [ app_begin ] --END-- [ RunTime:0.000378s ]
SQL: SHOW COLUMNS FROM `cn_advert_insert` [ RunTime:0.0008s ]
SQL: SELECT * FROM `cn_advert_insert` WHERE `area` = '西安市雁塔区' AND `place` = 1 AND `state` = 'ONLINE' ORDER BY start_time asc  [ RunTime:0.0003s ]
INFO: [ app_end ] --START--
INFO: Run Behavior\ShowPageTraceBehavior [ RunTime:0.000540s ]
INFO: [ app_end ] --END-- [ RunTime:0.000586s ]

[ 2017-02-19T22:34:27+08:00 ] 113.200.205.68 /cnconsum/App/MerchantType/merchant/listGet
INFO: [ app_init ] --START--
INFO: Run Behavior\BuildLiteBehavior [ RunTime:0.000018s ]
INFO: [ app_init ] --END-- [ RunTime:0.000316s ]
INFO: [ app_begin ] --START--
INFO: Run Behavior\ReadHtmlCacheBehavior [ RunTime:0.000339s ]
INFO: [ app_begin ] --END-- [ RunTime:0.000393s ]
SQL: SHOW COLUMNS FROM `cn_merchant` [ RunTime:0.0008s ]
SQL: SELECT `muid`,`phone`,`store`,`image_url`,`longtitude`,`latitude` FROM `cn_merchant` WHERE `address` LIKE '%西安市雁塔区%' LIMIT 0,5   [ RunTime:0.0003s ]
SQL: SHOW COLUMNS FROM `cn_evaluate` [ RunTime:0.0007s ]
SQL: SELECT AVG(stars) AS tp_avg FROM `cn_evaluate` WHERE `merchant` = 'm_d7c116a9cc' LIMIT 1   [ RunTime:0.0003s ]
SQL: SHOW COLUMNS FROM `cn_user_card` [ RunTime:0.0006s ]
SQL: SELECT COUNT(*) AS tp_count FROM `cn_user_card` WHERE `merchant` = 'm_d7c116a9cc' LIMIT 1   [ RunTime:0.0002s ]
SQL: SHOW COLUMNS FROM `cn_merchant_card` [ RunTime:0.0006s ]
SQL: SELECT MIN(rule) AS tp_min FROM `cn_merchant_card` WHERE `merchant` = 'm_d7c116a9cc' AND `type` = '储值卡' LIMIT 1   [ RunTime:0.0004s ]
SQL: SELECT MAX(addition_sum) AS tp_max FROM `cn_merchant_card` WHERE `merchant` = 'm_d7c116a9cc' AND `type` = '储值卡' LIMIT 1   [ RunTime:0.0003s ]
SQL: SELECT AVG(stars) AS tp_avg FROM `cn_evaluate` WHERE `merchant` = 'm_online01' LIMIT 1   [ RunTime:0.0003s ]
SQL: SELECT COUNT(*) AS tp_count FROM `cn_user_card` WHERE `merchant` = 'm_online01' LIMIT 1   [ RunTime:0.0002s ]
SQL: SELECT MIN(rule) AS tp_min FROM `cn_merchant_card` WHERE `merchant` = 'm_online01' AND `type` = '储值卡' LIMIT 1   [ RunTime:0.0003s ]
SQL: SELECT MAX(addition_sum) AS tp_max FROM `cn_merchant_card` WHERE `merchant` = 'm_online01' AND `type` = '储值卡' LIMIT 1   [ RunTime:0.0006s ]
SQL: SELECT AVG(stars) AS tp_avg FROM `cn_evaluate` WHERE `merchant` = 'm_online04' LIMIT 1   [ RunTime:0.0003s ]
SQL: SELECT COUNT(*) AS tp_count FROM `cn_user_card` WHERE `merchant` = 'm_online04' LIMIT 1   [ RunTime:0.0002s ]
SQL: SELECT MIN(rule) AS tp_min FROM `cn_merchant_card` WHERE `merchant` = 'm_online04' AND `type` = '储值卡' LIMIT 1   [ RunTime:0.0003s ]
SQL: SELECT MAX(addition_sum) AS tp_max FROM `cn_merchant_card` WHERE `merchant` = 'm_online04' AND `type` = '储值卡' LIMIT 1   [ RunTime:0.0003s ]
SQL: SELECT AVG(stars) AS tp_avg FROM `cn_evaluate` WHERE `merchant` = 'm_test01' LIMIT 1   [ RunTime:0.0003s ]
SQL: SELECT COUNT(*) AS tp_count FROM `cn_user_card` WHERE `merchant` = 'm_test01' LIMIT 1   [ RunTime:0.0003s ]
SQL: SELECT MIN(rule) AS tp_min FROM `cn_merchant_card` WHERE `merchant` = 'm_test01' AND `type` = '储值卡' LIMIT 1   [ RunTime:0.0003s ]
SQL: SELECT MAX(addition_sum) AS tp_max FROM `cn_merchant_card` WHERE `merchant` = 'm_test01' AND `type` = '储值卡' LIMIT 1   [ RunTime:0.0003s ]
SQL: SELECT AVG(stars) AS tp_avg FROM `cn_evaluate` WHERE `merchant` = 'm_test013' LIMIT 1   [ RunTime:0.0002s ]
SQL: SELECT COUNT(*) AS tp_count FROM `cn_user_card` WHERE `merchant` = 'm_test013' LIMIT 1   [ RunTime:0.0002s ]
SQL: SELECT MIN(rule) AS tp_min FROM `cn_merchant_card` WHERE `merchant` = 'm_test013' AND `type` = '储值卡' LIMIT 1   [ RunTime:0.0003s ]
SQL: SELECT MAX(addition_sum) AS tp_max FROM `cn_merchant_card` WHERE `merchant` = 'm_test013' AND `type` = '储值卡' LIMIT 1   [ RunTime:0.0003s ]
INFO: [ app_end ] --START--
INFO: Run Behavior\ShowPageTraceBehavior [ RunTime:0.000972s ]
INFO: [ app_end ] --END-- [ RunTime:0.001052s ]

[ 2017-02-19T22:34:36+08:00 ] 113.200.205.68 /cnconsum/App/Extra/Source/tradeIconGet
INFO: [ app_init ] --START--
INFO: Run Behavior\BuildLiteBehavior [ RunTime:0.000014s ]
INFO: [ app_init ] --END-- [ RunTime:0.000259s ]
INFO: [ app_begin ] --START--
INFO: Run Behavior\ReadHtmlCacheBehavior [ RunTime:0.000328s ]
INFO: [ app_begin ] --END-- [ RunTime:0.000381s ]
SQL: SHOW COLUMNS FROM `cn_trade_icon` [ RunTime:0.0008s ]
SQL: SELECT * FROM `cn_trade_icon`  [ RunTime:0.0003s ]
INFO: [ app_end ] --START--
INFO: Run Behavior\ShowPageTraceBehavior [ RunTime:0.000520s ]
INFO: [ app_end ] --END-- [ RunTime:0.000576s ]

[ 2017-02-19T22:34:36+08:00 ] 113.200.205.68 /cnconsum/App/MerchantType/advert/headlineGet
INFO: [ app_init ] --START--
INFO: Run Behavior\BuildLiteBehavior [ RunTime:0.000017s ]
INFO: [ app_init ] --END-- [ RunTime:0.000294s ]
INFO: [ app_begin ] --START--
INFO: Run Behavior\ReadHtmlCacheBehavior [ RunTime:0.000377s ]
INFO: [ app_begin ] --END-- [ RunTime:0.000421s ]
SQL: SHOW COLUMNS FROM `cn_advert_headline` [ RunTime:0.0007s ]
SQL: SELECT * FROM `cn_advert_headline` WHERE `area` = '西安市长安区' AND `state` = 'ONLINE' ORDER BY place asc  [ RunTime:0.0004s ]
INFO: [ app_end ] --START--
INFO: Run Behavior\ShowPageTraceBehavior [ RunTime:0.000444s ]
INFO: [ app_end ] --END-- [ RunTime:0.000494s ]

[ 2017-02-19T22:34:36+08:00 ] 113.200.205.68 /cnconsum/App/MerchantType/activity/get
INFO: [ app_init ] --START--
INFO: Run Behavior\BuildLiteBehavior [ RunTime:0.000018s ]
INFO: [ app_init ] --END-- [ RunTime:0.000327s ]
INFO: [ app_begin ] --START--
INFO: Run Behavior\ReadHtmlCacheBehavior [ RunTime:0.000377s ]
INFO: [ app_begin ] --END-- [ RunTime:0.000425s ]
NOTIC: [2048] Declaration of App\Controller\MerchantType\ActivityController::get() should be compatible with Think\Controller::get($name = '') /var/www/html/cnconsum/Project/App/Controller/MerchantType/ActivityController.class.php 第 127 行.
SQL: SHOW COLUMNS FROM `cn_activity` [ RunTime:0.0008s ]
SQL: SELECT * FROM `cn_activity` WHERE `eare` = '西安市雁塔区' AND `state` = 'ONLINE'  [ RunTime:0.0003s ]
INFO: [ app_end ] --START--
INFO: Run Behavior\ShowPageTraceBehavior [ RunTime:0.000521s ]
INFO: [ app_end ] --END-- [ RunTime:0.000570s ]

[ 2017-02-19T22:34:36+08:00 ] 113.200.205.68 /cnconsum/App/MerchantType/advert/insertGet
INFO: [ app_init ] --START--
INFO: Run Behavior\BuildLiteBehavior [ RunTime:0.000017s ]
INFO: [ app_init ] --END-- [ RunTime:0.000297s ]
INFO: [ app_begin ] --START--
INFO: Run Behavior\ReadHtmlCacheBehavior [ RunTime:0.000442s ]
INFO: [ app_begin ] --END-- [ RunTime:0.000501s ]
SQL: SHOW COLUMNS FROM `cn_advert_insert` [ RunTime:0.0007s ]
SQL: SELECT * FROM `cn_advert_insert` WHERE `area` = '西安市长安区' AND `place` = 1 AND `state` = 'ONLINE' ORDER BY start_time asc  [ RunTime:0.0003s ]
INFO: [ app_end ] --START--
INFO: Run Behavior\ShowPageTraceBehavior [ RunTime:0.000476s ]
INFO: [ app_end ] --END-- [ RunTime:0.000525s ]

[ 2017-02-19T22:34:36+08:00 ] 113.200.205.68 /cnconsum/App/MerchantType/merchant/listGet
INFO: [ app_init ] --START--
INFO: Run Behavior\BuildLiteBehavior [ RunTime:0.000018s ]
INFO: [ app_init ] --END-- [ RunTime:0.000279s ]
INFO: [ app_begin ] --START--
INFO: Run Behavior\ReadHtmlCacheBehavior [ RunTime:0.000413s ]
INFO: [ app_begin ] --END-- [ RunTime:0.000458s ]
SQL: SHOW COLUMNS FROM `cn_merchant` [ RunTime:0.0008s ]
SQL: SELECT `muid`,`phone`,`store`,`image_url`,`longtitude`,`latitude` FROM `cn_merchant` WHERE `address` LIKE '%西安市长安区%' LIMIT 0,5   [ RunTime:0.0004s ]
SQL: SHOW COLUMNS FROM `cn_evaluate` [ RunTime:0.0005s ]
SQL: SELECT AVG(stars) AS tp_avg FROM `cn_evaluate` WHERE `merchant` = 'm_test018' LIMIT 1   [ RunTime:0.0003s ]
SQL: SHOW COLUMNS FROM `cn_user_card` [ RunTime:0.0005s ]
SQL: SELECT COUNT(*) AS tp_count FROM `cn_user_card` WHERE `merchant` = 'm_test018' LIMIT 1   [ RunTime:0.0002s ]
SQL: SHOW COLUMNS FROM `cn_merchant_card` [ RunTime:0.0005s ]
SQL: SELECT MIN(rule) AS tp_min FROM `cn_merchant_card` WHERE `merchant` = 'm_test018' AND `type` = '储值卡' LIMIT 1   [ RunTime:0.0002s ]
SQL: SELECT MAX(addition_sum) AS tp_max FROM `cn_merchant_card` WHERE `merchant` = 'm_test018' AND `type` = '储值卡' LIMIT 1   [ RunTime:0.0003s ]
SQL: SELECT AVG(stars) AS tp_avg FROM `cn_evaluate` WHERE `merchant` = 'm_test040' LIMIT 1   [ RunTime:0.0003s ]
SQL: SELECT COUNT(*) AS tp_count FROM `cn_user_card` WHERE `merchant` = 'm_test040' LIMIT 1   [ RunTime:0.0002s ]
SQL: SELECT MIN(rule) AS tp_min FROM `cn_merchant_card` WHERE `merchant` = 'm_test040' AND `type` = '储值卡' LIMIT 1   [ RunTime:0.0002s ]
SQL: SELECT MAX(addition_sum) AS tp_max FROM `cn_merchant_card` WHERE `merchant` = 'm_test040' AND `type` = '储值卡' LIMIT 1   [ RunTime:0.0003s ]
SQL: SELECT AVG(stars) AS tp_avg FROM `cn_evaluate` WHERE `merchant` = 'm_test07' LIMIT 1   [ RunTime:0.0002s ]
SQL: SELECT COUNT(*) AS tp_count FROM `cn_user_card` WHERE `merchant` = 'm_test07' LIMIT 1   [ RunTime:0.0002s ]
SQL: SELECT MIN(rule) AS tp_min FROM `cn_merchant_card` WHERE `merchant` = 'm_test07' AND `type` = '储值卡' LIMIT 1   [ RunTime:0.0002s ]
SQL: SELECT MAX(addition_sum) AS tp_max FROM `cn_merchant_card` WHERE `merchant` = 'm_test07' AND `type` = '储值卡' LIMIT 1   [ RunTime:0.0002s ]
INFO: [ app_end ] --START--
INFO: Run Behavior\ShowPageTraceBehavior [ RunTime:0.000645s ]
INFO: [ app_end ] --END-- [ RunTime:0.000717s ]

