[ 2017-02-25T23:54:42+08:00 ] 117.22.24.252 /cnconsum/App/MerchantType/record/getNewRecord
INFO: [ app_init ] --START--
INFO: Run Behavior\BuildLiteBehavior [ RunTime:0.000018s ]
INFO: [ app_init ] --END-- [ RunTime:0.000378s ]
INFO: [ app_begin ] --START--
INFO: Run Behavior\ReadHtmlCacheBehavior [ RunTime:0.000326s ]
INFO: [ app_begin ] --END-- [ RunTime:0.000369s ]
NOTIC: [2048] Declaration of App\Controller\MerchantType\RecordController::get() should be compatible with Think\Controller::get($name = '') /var/www/html/cnconsum/Project/App/Controller/MerchantType/RecordController.class.php 第 146 行.
SQL: SHOW COLUMNS FROM `cn_record_consum` [ RunTime:0.0009s ]
SQL: SELECT COUNT(*) AS tp_count FROM `cn_record_consum` WHERE `state` = 'false' AND `merchant` = 'm_d7c116a9cc' LIMIT 1   [ RunTime:0.0003s ]
SQL: SELECT * FROM `cn_record_consum` WHERE `state` = 'false' AND `merchant` = 'm_d7c116a9cc'  [ RunTime:0.0002s ]
INFO: [ app_end ] --START--
INFO: Run Behavior\ShowPageTraceBehavior [ RunTime:0.000359s ]
INFO: [ app_end ] --END-- [ RunTime:0.000398s ]

[ 2017-02-25T23:54:49+08:00 ] 117.22.24.252 /cnconsum/App/MerchantType/record/getNewRecord
INFO: [ app_init ] --START--
INFO: Run Behavior\BuildLiteBehavior [ RunTime:0.000014s ]
INFO: [ app_init ] --END-- [ RunTime:0.000280s ]
INFO: [ app_begin ] --START--
INFO: Run Behavior\ReadHtmlCacheBehavior [ RunTime:0.000375s ]
INFO: [ app_begin ] --END-- [ RunTime:0.000418s ]
NOTIC: [2048] Declaration of App\Controller\MerchantType\RecordController::get() should be compatible with Think\Controller::get($name = '') /var/www/html/cnconsum/Project/App/Controller/MerchantType/RecordController.class.php 第 146 行.
SQL: SHOW COLUMNS FROM `cn_record_consum` [ RunTime:0.0008s ]
SQL: SELECT COUNT(*) AS tp_count FROM `cn_record_consum` WHERE `state` = 'false' AND `merchant` = 'm_d7c116a9cc' LIMIT 1   [ RunTime:0.0004s ]
SQL: SELECT * FROM `cn_record_consum` WHERE `state` = 'false' AND `merchant` = 'm_d7c116a9cc'  [ RunTime:0.0002s ]
INFO: [ app_end ] --START--
INFO: Run Behavior\ShowPageTraceBehavior [ RunTime:0.000358s ]
INFO: [ app_end ] --END-- [ RunTime:0.000407s ]

[ 2017-02-25T23:54:55+08:00 ] 117.22.24.252 /cnconsum/App/MerchantType/record/getNewRecord
INFO: [ app_init ] --START--
INFO: Run Behavior\BuildLiteBehavior [ RunTime:0.000014s ]
INFO: [ app_init ] --END-- [ RunTime:0.000291s ]
INFO: [ app_begin ] --START--
INFO: Run Behavior\ReadHtmlCacheBehavior [ RunTime:0.000366s ]
INFO: [ app_begin ] --END-- [ RunTime:0.000422s ]
NOTIC: [2048] Declaration of App\Controller\MerchantType\RecordController::get() should be compatible with Think\Controller::get($name = '') /var/www/html/cnconsum/Project/App/Controller/MerchantType/RecordController.class.php 第 146 行.
SQL: SHOW COLUMNS FROM `cn_record_consum` [ RunTime:0.0007s ]
SQL: SELECT COUNT(*) AS tp_count FROM `cn_record_consum` WHERE `state` = 'false' AND `merchant` = 'm_d7c116a9cc' LIMIT 1   [ RunTime:0.0003s ]
SQL: SELECT * FROM `cn_record_consum` WHERE `state` = 'false' AND `merchant` = 'm_d7c116a9cc'  [ RunTime:0.0003s ]
INFO: [ app_end ] --START--
INFO: Run Behavior\ShowPageTraceBehavior [ RunTime:0.000353s ]
INFO: [ app_end ] --END-- [ RunTime:0.000391s ]

[ 2017-02-25T23:55:02+08:00 ] 117.22.24.252 /cnconsum/App/MerchantType/record/getNewRecord
INFO: [ app_init ] --START--
INFO: Run Behavior\BuildLiteBehavior [ RunTime:0.000016s ]
INFO: [ app_init ] --END-- [ RunTime:0.000269s ]
INFO: [ app_begin ] --START--
INFO: Run Behavior\ReadHtmlCacheBehavior [ RunTime:0.000488s ]
INFO: [ app_begin ] --END-- [ RunTime:0.000539s ]
NOTIC: [2048] Declaration of App\Controller\MerchantType\RecordController::get() should be compatible with Think\Controller::get($name = '') /var/www/html/cnconsum/Project/App/Controller/MerchantType/RecordController.class.php 第 146 行.
SQL: SHOW COLUMNS FROM `cn_record_consum` [ RunTime:0.0008s ]
SQL: SELECT COUNT(*) AS tp_count FROM `cn_record_consum` WHERE `state` = 'false' AND `merchant` = 'm_d7c116a9cc' LIMIT 1   [ RunTime:0.0003s ]
SQL: SELECT * FROM `cn_record_consum` WHERE `state` = 'false' AND `merchant` = 'm_d7c116a9cc'  [ RunTime:0.0002s ]
INFO: [ app_end ] --START--
INFO: Run Behavior\ShowPageTraceBehavior [ RunTime:0.000542s ]
INFO: [ app_end ] --END-- [ RunTime:0.000597s ]

[ 2017-02-25T23:56:42+08:00 ] 117.22.24.252 /cnconsum/App/MerchantType/record/getNewRecord
INFO: [ app_init ] --START--
INFO: Run Behavior\BuildLiteBehavior [ RunTime:0.000015s ]
INFO: [ app_init ] --END-- [ RunTime:0.000262s ]
INFO: [ app_begin ] --START--
INFO: Run Behavior\ReadHtmlCacheBehavior [ RunTime:0.000357s ]
INFO: [ app_begin ] --END-- [ RunTime:0.000399s ]
NOTIC: [2048] Declaration of App\Controller\MerchantType\RecordController::get() should be compatible with Think\Controller::get($name = '') /var/www/html/cnconsum/Project/App/Controller/MerchantType/RecordController.class.php 第 146 行.
SQL: SHOW COLUMNS FROM `cn_record_consum` [ RunTime:0.0007s ]
SQL: SELECT COUNT(*) AS tp_count FROM `cn_record_consum` WHERE `state` = 'false' AND `merchant` = 'm_d7c116a9cc' LIMIT 1   [ RunTime:0.0003s ]
SQL: SELECT * FROM `cn_record_consum` WHERE `state` = 'false' AND `merchant` = 'm_d7c116a9cc'  [ RunTime:0.0002s ]
INFO: [ app_end ] --START--
INFO: Run Behavior\ShowPageTraceBehavior [ RunTime:0.000379s ]
INFO: [ app_end ] --END-- [ RunTime:0.000428s ]

[ 2017-02-25T23:56:42+08:00 ] 117.22.24.252 /cnconsum/App/MerchantType/record/getNewRecord
INFO: [ app_init ] --START--
INFO: Run Behavior\BuildLiteBehavior [ RunTime:0.000018s ]
INFO: [ app_init ] --END-- [ RunTime:0.000431s ]
INFO: [ app_begin ] --START--
INFO: Run Behavior\ReadHtmlCacheBehavior [ RunTime:0.000417s ]
INFO: [ app_begin ] --END-- [ RunTime:0.000463s ]
NOTIC: [2048] Declaration of App\Controller\MerchantType\RecordController::get() should be compatible with Think\Controller::get($name = '') /var/www/html/cnconsum/Project/App/Controller/MerchantType/RecordController.class.php 第 146 行.
SQL: SHOW COLUMNS FROM `cn_record_consum` [ RunTime:0.0009s ]
SQL: SELECT COUNT(*) AS tp_count FROM `cn_record_consum` WHERE `state` = 'false' AND `merchant` = 'm_d7c116a9cc' LIMIT 1   [ RunTime:0.0004s ]
SQL: SELECT * FROM `cn_record_consum` WHERE `state` = 'false' AND `merchant` = 'm_d7c116a9cc'  [ RunTime:0.0003s ]
INFO: [ app_end ] --START--
INFO: Run Behavior\ShowPageTraceBehavior [ RunTime:0.000542s ]
INFO: [ app_end ] --END-- [ RunTime:0.000605s ]

[ 2017-02-25T23:56:48+08:00 ] 117.22.24.252 /cnconsum/App/MerchantType/record/getNewRecord
INFO: [ app_init ] --START--
INFO: Run Behavior\BuildLiteBehavior [ RunTime:0.000021s ]
INFO: [ app_init ] --END-- [ RunTime:0.000385s ]
INFO: [ app_begin ] --START--
INFO: Run Behavior\ReadHtmlCacheBehavior [ RunTime:0.000498s ]
INFO: [ app_begin ] --END-- [ RunTime:0.000547s ]
NOTIC: [2048] Declaration of App\Controller\MerchantType\RecordController::get() should be compatible with Think\Controller::get($name = '') /var/www/html/cnconsum/Project/App/Controller/MerchantType/RecordController.class.php 第 146 行.
SQL: SHOW COLUMNS FROM `cn_record_consum` [ RunTime:0.0008s ]
SQL: SELECT COUNT(*) AS tp_count FROM `cn_record_consum` WHERE `state` = 'false' AND `merchant` = 'm_d7c116a9cc' LIMIT 1   [ RunTime:0.0004s ]
SQL: SELECT * FROM `cn_record_consum` WHERE `state` = 'false' AND `merchant` = 'm_d7c116a9cc'  [ RunTime:0.0002s ]
INFO: [ app_end ] --START--
INFO: Run Behavior\ShowPageTraceBehavior [ RunTime:0.000381s ]
INFO: [ app_end ] --END-- [ RunTime:0.000426s ]

[ 2017-02-25T23:57:09+08:00 ] 117.22.24.252 /cnconsum/App/MerchantType/record/getNewRecord
INFO: [ app_init ] --START--
INFO: Run Behavior\BuildLiteBehavior [ RunTime:0.000014s ]
INFO: [ app_init ] --END-- [ RunTime:0.000267s ]
INFO: [ app_begin ] --START--
INFO: Run Behavior\ReadHtmlCacheBehavior [ RunTime:0.000398s ]
INFO: [ app_begin ] --END-- [ RunTime:0.000448s ]
NOTIC: [2048] Declaration of App\Controller\MerchantType\RecordController::get() should be compatible with Think\Controller::get($name = '') /var/www/html/cnconsum/Project/App/Controller/MerchantType/RecordController.class.php 第 146 行.
SQL: SHOW COLUMNS FROM `cn_record_consum` [ RunTime:0.0007s ]
SQL: SELECT COUNT(*) AS tp_count FROM `cn_record_consum` WHERE `state` = 'false' AND `merchant` = 'm_d7c116a9cc' LIMIT 1   [ RunTime:0.0004s ]
SQL: SELECT * FROM `cn_record_consum` WHERE `state` = 'false' AND `merchant` = 'm_d7c116a9cc'  [ RunTime:0.0004s ]
INFO: [ app_end ] --START--
INFO: Run Behavior\ShowPageTraceBehavior [ RunTime:0.000388s ]
INFO: [ app_end ] --END-- [ RunTime:0.000429s ]

[ 2017-02-25T23:57:10+08:00 ] 117.22.24.252 /cnconsum/App/MerchantType/record/getNewRecord
INFO: [ app_init ] --START--
INFO: Run Behavior\BuildLiteBehavior [ RunTime:0.000013s ]
INFO: [ app_init ] --END-- [ RunTime:0.000258s ]
INFO: [ app_begin ] --START--
INFO: Run Behavior\ReadHtmlCacheBehavior [ RunTime:0.000369s ]
INFO: [ app_begin ] --END-- [ RunTime:0.000413s ]
NOTIC: [2048] Declaration of App\Controller\MerchantType\RecordController::get() should be compatible with Think\Controller::get($name = '') /var/www/html/cnconsum/Project/App/Controller/MerchantType/RecordController.class.php 第 146 行.
SQL: SHOW COLUMNS FROM `cn_record_consum` [ RunTime:0.0007s ]
SQL: SELECT COUNT(*) AS tp_count FROM `cn_record_consum` WHERE `state` = 'false' AND `merchant` = 'm_d7c116a9cc' LIMIT 1   [ RunTime:0.0003s ]
SQL: SELECT * FROM `cn_record_consum` WHERE `state` = 'false' AND `merchant` = 'm_d7c116a9cc'  [ RunTime:0.0002s ]
INFO: [ app_end ] --START--
INFO: Run Behavior\ShowPageTraceBehavior [ RunTime:0.000452s ]
INFO: [ app_end ] --END-- [ RunTime:0.000492s ]

[ 2017-02-25T23:57:14+08:00 ] 117.22.24.252 /cnconsum/App/MerchantType/record/getNewRecord
INFO: [ app_init ] --START--
INFO: Run Behavior\BuildLiteBehavior [ RunTime:0.000015s ]
INFO: [ app_init ] --END-- [ RunTime:0.000267s ]
INFO: [ app_begin ] --START--
INFO: Run Behavior\ReadHtmlCacheBehavior [ RunTime:0.000332s ]
INFO: [ app_begin ] --END-- [ RunTime:0.000386s ]
NOTIC: [2048] Declaration of App\Controller\MerchantType\RecordController::get() should be compatible with Think\Controller::get($name = '') /var/www/html/cnconsum/Project/App/Controller/MerchantType/RecordController.class.php 第 146 行.
SQL: SHOW COLUMNS FROM `cn_record_consum` [ RunTime:0.0006s ]
SQL: SELECT COUNT(*) AS tp_count FROM `cn_record_consum` WHERE `state` = 'false' AND `merchant` = 'm_d7c116a9cc' LIMIT 1   [ RunTime:0.0003s ]
SQL: SELECT * FROM `cn_record_consum` WHERE `state` = 'false' AND `merchant` = 'm_d7c116a9cc'  [ RunTime:0.0002s ]
INFO: [ app_end ] --START--
INFO: Run Behavior\ShowPageTraceBehavior [ RunTime:0.000673s ]
INFO: [ app_end ] --END-- [ RunTime:0.000799s ]

[ 2017-02-25T23:57:20+08:00 ] 117.22.24.252 /cnconsum/App/MerchantType/record/getNewRecord
INFO: [ app_init ] --START--
INFO: Run Behavior\BuildLiteBehavior [ RunTime:0.000014s ]
INFO: [ app_init ] --END-- [ RunTime:0.000258s ]
INFO: [ app_begin ] --START--
INFO: Run Behavior\ReadHtmlCacheBehavior [ RunTime:0.000321s ]
INFO: [ app_begin ] --END-- [ RunTime:0.000371s ]
NOTIC: [2048] Declaration of App\Controller\MerchantType\RecordController::get() should be compatible with Think\Controller::get($name = '') /var/www/html/cnconsum/Project/App/Controller/MerchantType/RecordController.class.php 第 146 行.
SQL: SHOW COLUMNS FROM `cn_record_consum` [ RunTime:0.0007s ]
SQL: SELECT COUNT(*) AS tp_count FROM `cn_record_consum` WHERE `state` = 'false' AND `merchant` = 'm_d7c116a9cc' LIMIT 1   [ RunTime:0.0004s ]
SQL: SELECT * FROM `cn_record_consum` WHERE `state` = 'false' AND `merchant` = 'm_d7c116a9cc'  [ RunTime:0.0003s ]
INFO: [ app_end ] --START--
INFO: Run Behavior\ShowPageTraceBehavior [ RunTime:0.000364s ]
INFO: [ app_end ] --END-- [ RunTime:0.000408s ]

[ 2017-02-25T23:57:27+08:00 ] 117.22.24.252 /cnconsum/App/MerchantType/record/getNewRecord
INFO: [ app_init ] --START--
INFO: Run Behavior\BuildLiteBehavior [ RunTime:0.000013s ]
INFO: [ app_init ] --END-- [ RunTime:0.000282s ]
INFO: [ app_begin ] --START--
INFO: Run Behavior\ReadHtmlCacheBehavior [ RunTime:0.000323s ]
INFO: [ app_begin ] --END-- [ RunTime:0.000365s ]
NOTIC: [2048] Declaration of App\Controller\MerchantType\RecordController::get() should be compatible with Think\Controller::get($name = '') /var/www/html/cnconsum/Project/App/Controller/MerchantType/RecordController.class.php 第 146 行.
SQL: SHOW COLUMNS FROM `cn_record_consum` [ RunTime:0.0007s ]
SQL: SELECT COUNT(*) AS tp_count FROM `cn_record_consum` WHERE `state` = 'false' AND `merchant` = 'm_d7c116a9cc' LIMIT 1   [ RunTime:0.0003s ]
SQL: SELECT * FROM `cn_record_consum` WHERE `state` = 'false' AND `merchant` = 'm_d7c116a9cc'  [ RunTime:0.0002s ]
INFO: [ app_end ] --START--
INFO: Run Behavior\ShowPageTraceBehavior [ RunTime:0.000352s ]
INFO: [ app_end ] --END-- [ RunTime:0.000393s ]

[ 2017-02-25T23:57:33+08:00 ] 117.22.24.252 /cnconsum/App/MerchantType/record/getNewRecord
INFO: [ app_init ] --START--
INFO: Run Behavior\BuildLiteBehavior [ RunTime:0.000019s ]
INFO: [ app_init ] --END-- [ RunTime:0.000401s ]
INFO: [ app_begin ] --START--
INFO: Run Behavior\ReadHtmlCacheBehavior [ RunTime:0.000324s ]
INFO: [ app_begin ] --END-- [ RunTime:0.000391s ]
NOTIC: [2048] Declaration of App\Controller\MerchantType\RecordController::get() should be compatible with Think\Controller::get($name = '') /var/www/html/cnconsum/Project/App/Controller/MerchantType/RecordController.class.php 第 146 行.
SQL: SHOW COLUMNS FROM `cn_record_consum` [ RunTime:0.0006s ]
SQL: SELECT COUNT(*) AS tp_count FROM `cn_record_consum` WHERE `state` = 'false' AND `merchant` = 'm_d7c116a9cc' LIMIT 1   [ RunTime:0.0004s ]
SQL: SELECT * FROM `cn_record_consum` WHERE `state` = 'false' AND `merchant` = 'm_d7c116a9cc'  [ RunTime:0.0002s ]
INFO: [ app_end ] --START--
INFO: Run Behavior\ShowPageTraceBehavior [ RunTime:0.000422s ]
INFO: [ app_end ] --END-- [ RunTime:0.000463s ]

[ 2017-02-25T23:57:40+08:00 ] 117.22.24.252 /cnconsum/App/MerchantType/record/getNewRecord
INFO: [ app_init ] --START--
INFO: Run Behavior\BuildLiteBehavior [ RunTime:0.000013s ]
INFO: [ app_init ] --END-- [ RunTime:0.000254s ]
INFO: [ app_begin ] --START--
INFO: Run Behavior\ReadHtmlCacheBehavior [ RunTime:0.000368s ]
INFO: [ app_begin ] --END-- [ RunTime:0.000412s ]
NOTIC: [2048] Declaration of App\Controller\MerchantType\RecordController::get() should be compatible with Think\Controller::get($name = '') /var/www/html/cnconsum/Project/App/Controller/MerchantType/RecordController.class.php 第 146 行.
SQL: SHOW COLUMNS FROM `cn_record_consum` [ RunTime:0.0006s ]
SQL: SELECT COUNT(*) AS tp_count FROM `cn_record_consum` WHERE `state` = 'false' AND `merchant` = 'm_d7c116a9cc' LIMIT 1   [ RunTime:0.0003s ]
SQL: SELECT * FROM `cn_record_consum` WHERE `state` = 'false' AND `merchant` = 'm_d7c116a9cc'  [ RunTime:0.0002s ]
INFO: [ app_end ] --START--
INFO: Run Behavior\ShowPageTraceBehavior [ RunTime:0.000440s ]
INFO: [ app_end ] --END-- [ RunTime:0.000493s ]

