[ 2016-12-09T10:43:11+08:00 ] 117.23.83.217 /cnconsum/Merchant/merchant/loginView
INFO: [ app_init ] --START--
INFO: Run Behavior\BuildLiteBehavior [ RunTime:0.000013s ]
INFO: [ app_init ] --END-- [ RunTime:0.000262s ]

[ 2016-12-09T10:43:14+08:00 ] 117.23.83.217 /cnconsum/Merchant/merchant/login
INFO: [ app_init ] --START--
INFO: Run Behavior\BuildLiteBehavior [ RunTime:0.000014s ]
INFO: [ app_init ] --END-- [ RunTime:0.000268s ]

[ 2016-12-09T10:43:17+08:00 ] 117.23.83.217 /cnconsum/index.php/Merchant/Business/hyzgl.html
INFO: [ app_init ] --START--
INFO: Run Behavior\BuildLiteBehavior [ RunTime:0.000014s ]
INFO: [ app_init ] --END-- [ RunTime:0.000261s ]

[ 2016-12-09T10:43:21+08:00 ] 117.23.83.217 /cnconsum/index.php/Merchant/Business/glysz
INFO: [ app_init ] --START--
INFO: Run Behavior\BuildLiteBehavior [ RunTime:0.000024s ]
INFO: [ app_init ] --END-- [ RunTime:0.000275s ]

[ 2016-12-09T10:43:24+08:00 ] 117.23.83.217 /cnconsum/index.php/Merchant/Business/adminMod?account=10001
INFO: [ app_init ] --START--
INFO: Run Behavior\BuildLiteBehavior [ RunTime:0.000014s ]
INFO: [ app_init ] --END-- [ RunTime:0.000287s ]

[ 2016-12-09T10:43:34+08:00 ] 101.226.69.246 /cnconsum/index.php/Merchant/Business/adminMod?account=10001
INFO: [ app_init ] --START--
INFO: Run Behavior\BuildLiteBehavior [ RunTime:0.000019s ]
INFO: [ app_init ] --END-- [ RunTime:0.000394s ]

[ 2016-12-09T11:10:09+08:00 ] 117.23.83.217 /cnconsum/index.php/Merchant/Business/adminMod?account=123456
INFO: [ app_init ] --START--
INFO: Run Behavior\BuildLiteBehavior [ RunTime:0.000014s ]
INFO: [ app_init ] --END-- [ RunTime:0.000266s ]

[ 2016-12-09T11:14:48+08:00 ] 117.23.83.217 /cnconsum/index.php/Merchant/Business/adminMod?account=10001
INFO: [ app_init ] --START--
INFO: Run Behavior\BuildLiteBehavior [ RunTime:0.000014s ]
INFO: [ app_init ] --END-- [ RunTime:0.000292s ]

[ 2016-12-09T11:15:03+08:00 ] 117.23.83.217 /cnconsum/index.php/Merchant/Business/glysz
INFO: [ app_init ] --START--
INFO: Run Behavior\BuildLiteBehavior [ RunTime:0.000015s ]
INFO: [ app_init ] --END-- [ RunTime:0.000291s ]

[ 2016-12-09T11:15:04+08:00 ] 117.23.83.217 /cnconsum/index.php/Merchant/Business/glysz
INFO: [ app_init ] --START--
INFO: Run Behavior\BuildLiteBehavior [ RunTime:0.000013s ]
INFO: [ app_init ] --END-- [ RunTime:0.000338s ]

[ 2016-12-09T11:15:06+08:00 ] 117.23.83.217 /cnconsum/index.php/Merchant/Business/adminMod?account=10001
INFO: [ app_init ] --START--
INFO: Run Behavior\BuildLiteBehavior [ RunTime:0.000040s ]
INFO: [ app_init ] --END-- [ RunTime:0.000438s ]

[ 2016-12-09T11:15:33+08:00 ] 117.23.83.217 /cnconsum/index.php/Merchant/Business/glysz
INFO: [ app_init ] --START--
INFO: Run Behavior\BuildLiteBehavior [ RunTime:0.000014s ]
INFO: [ app_init ] --END-- [ RunTime:0.000264s ]

[ 2016-12-09T11:15:35+08:00 ] 117.23.83.217 /cnconsum/index.php/Merchant/Business/adminMod?account=10001
INFO: [ app_init ] --START--
INFO: Run Behavior\BuildLiteBehavior [ RunTime:0.000015s ]
INFO: [ app_init ] --END-- [ RunTime:0.000330s ]

[ 2016-12-09T11:16:01+08:00 ] 117.23.83.217 /cnconsum/index.php/Merchant/Business/glysz
INFO: [ app_init ] --START--
INFO: Run Behavior\BuildLiteBehavior [ RunTime:0.000016s ]
INFO: [ app_init ] --END-- [ RunTime:0.000303s ]
INFO: [ app_begin ] --START--
INFO: Run Behavior\ReadHtmlCacheBehavior [ RunTime:0.000394s ]
INFO: [ app_begin ] --END-- [ RunTime:0.000434s ]
SQL: SHOW COLUMNS FROM `cn_admin` [ RunTime:0.0007s ]
SQL: SELECT COUNT(*) AS tp_count FROM `cn_admin` LIMIT 1   [ RunTime:0.0002s ]
SQL: SELECT * FROM `cn_admin` LIMIT 3,3   [ RunTime:0.0002s ]

[ 2016-12-09T11:16:04+08:00 ] 117.23.83.217 /cnconsum/index.php/Merchant/Business/glysz
INFO: [ app_init ] --START--
INFO: Run Behavior\BuildLiteBehavior [ RunTime:0.000014s ]
INFO: [ app_init ] --END-- [ RunTime:0.000271s ]
INFO: [ app_begin ] --START--
INFO: Run Behavior\ReadHtmlCacheBehavior [ RunTime:0.000406s ]
INFO: [ app_begin ] --END-- [ RunTime:0.000459s ]
SQL: SHOW COLUMNS FROM `cn_admin` [ RunTime:0.0007s ]
SQL: SELECT COUNT(*) AS tp_count FROM `cn_admin` LIMIT 1   [ RunTime:0.0003s ]
SQL: SELECT * FROM `cn_admin` LIMIT 0,3   [ RunTime:0.0002s ]

[ 2016-12-09T11:17:32+08:00 ] 117.23.83.217 /cnconsum/index.php/Merchant/Business/glysz
INFO: [ app_init ] --START--
INFO: Run Behavior\BuildLiteBehavior [ RunTime:0.000013s ]
INFO: [ app_init ] --END-- [ RunTime:0.000268s ]

[ 2016-12-09T11:17:35+08:00 ] 117.23.83.217 /cnconsum/index.php/Merchant/Business/glysz
INFO: [ app_init ] --START--
INFO: Run Behavior\BuildLiteBehavior [ RunTime:0.000013s ]
INFO: [ app_init ] --END-- [ RunTime:0.000259s ]
INFO: [ app_begin ] --START--
INFO: Run Behavior\ReadHtmlCacheBehavior [ RunTime:0.000359s ]
INFO: [ app_begin ] --END-- [ RunTime:0.000397s ]
SQL: SHOW COLUMNS FROM `cn_admin` [ RunTime:0.0007s ]
SQL: SELECT COUNT(*) AS tp_count FROM `cn_admin` WHERE `merchant` = 'm_6d4e76ca11' LIMIT 1   [ RunTime:0.0004s ]
SQL: SELECT * FROM `cn_admin` WHERE `merchant` = 'm_6d4e76ca11' LIMIT 3,3   [ RunTime:0.0002s ]

[ 2016-12-09T11:17:36+08:00 ] 117.23.83.217 /cnconsum/index.php/Merchant/Business/glysz
INFO: [ app_init ] --START--
INFO: Run Behavior\BuildLiteBehavior [ RunTime:0.000014s ]
INFO: [ app_init ] --END-- [ RunTime:0.000298s ]
INFO: [ app_begin ] --START--
INFO: Run Behavior\ReadHtmlCacheBehavior [ RunTime:0.000353s ]
INFO: [ app_begin ] --END-- [ RunTime:0.000401s ]
SQL: SHOW COLUMNS FROM `cn_admin` [ RunTime:0.0008s ]
SQL: SELECT COUNT(*) AS tp_count FROM `cn_admin` WHERE `merchant` = 'm_6d4e76ca11' LIMIT 1   [ RunTime:0.0003s ]
SQL: SELECT * FROM `cn_admin` WHERE `merchant` = 'm_6d4e76ca11' LIMIT 0,3   [ RunTime:0.0002s ]

[ 2016-12-09T11:17:43+08:00 ] 117.23.83.217 /cnconsum/index.php/Merchant/Business/glysz
INFO: [ app_init ] --START--
INFO: Run Behavior\BuildLiteBehavior [ RunTime:0.000014s ]
INFO: [ app_init ] --END-- [ RunTime:0.000265s ]
INFO: [ app_begin ] --START--
INFO: Run Behavior\ReadHtmlCacheBehavior [ RunTime:0.000315s ]
INFO: [ app_begin ] --END-- [ RunTime:0.000354s ]
SQL: SHOW COLUMNS FROM `cn_admin` [ RunTime:0.0007s ]
SQL: SELECT COUNT(*) AS tp_count FROM `cn_admin` WHERE `merchant` = 'm_6d4e76ca11' LIMIT 1   [ RunTime:0.0004s ]
SQL: SELECT * FROM `cn_admin` WHERE `merchant` = 'm_6d4e76ca11' LIMIT 3,3   [ RunTime:0.0003s ]

[ 2016-12-09T11:17:44+08:00 ] 117.23.83.217 /cnconsum/index.php/Merchant/Business/glysz
INFO: [ app_init ] --START--
INFO: Run Behavior\BuildLiteBehavior [ RunTime:0.000019s ]
INFO: [ app_init ] --END-- [ RunTime:0.000416s ]
INFO: [ app_begin ] --START--
INFO: Run Behavior\ReadHtmlCacheBehavior [ RunTime:0.000364s ]
INFO: [ app_begin ] --END-- [ RunTime:0.000403s ]
SQL: SHOW COLUMNS FROM `cn_admin` [ RunTime:0.0008s ]
SQL: SELECT COUNT(*) AS tp_count FROM `cn_admin` WHERE `merchant` = 'm_6d4e76ca11' LIMIT 1   [ RunTime:0.0003s ]
SQL: SELECT * FROM `cn_admin` WHERE `merchant` = 'm_6d4e76ca11' LIMIT 0,3   [ RunTime:0.0002s ]

[ 2016-12-09T11:18:10+08:00 ] 117.23.83.217 /cnconsum/index.php/Merchant/Business/glysz
INFO: [ app_init ] --START--
INFO: Run Behavior\BuildLiteBehavior [ RunTime:0.000014s ]
INFO: [ app_init ] --END-- [ RunTime:0.000326s ]

[ 2016-12-09T11:18:14+08:00 ] 117.23.83.217 /cnconsum/index.php/Merchant/Business/adminMod?account=123456
INFO: [ app_init ] --START--
INFO: Run Behavior\BuildLiteBehavior [ RunTime:0.000043s ]
INFO: [ app_init ] --END-- [ RunTime:0.000305s ]

[ 2016-12-09T11:19:31+08:00 ] 117.23.83.217 /cnconsum/index.php/Merchant/Business/adminMod?account=123456
INFO: [ app_init ] --START--
INFO: Run Behavior\BuildLiteBehavior [ RunTime:0.000019s ]
INFO: [ app_init ] --END-- [ RunTime:0.000322s ]

[ 2016-12-09T11:19:33+08:00 ] 117.23.83.217 /cnconsum/index.php/Merchant/Business/adminMod?account=123456
INFO: [ app_init ] --START--
INFO: Run Behavior\BuildLiteBehavior [ RunTime:0.000013s ]
INFO: [ app_init ] --END-- [ RunTime:0.000260s ]

[ 2016-12-09T11:19:44+08:00 ] 117.23.83.217 /cnconsum/index.php/Merchant/Business/adminMod?account=123456
INFO: [ app_init ] --START--
INFO: Run Behavior\BuildLiteBehavior [ RunTime:0.000013s ]
INFO: [ app_init ] --END-- [ RunTime:0.000288s ]

[ 2016-12-09T11:19:53+08:00 ] 117.23.83.217 /cnconsum/Merchant/merchant/loginView
INFO: [ app_init ] --START--
INFO: Run Behavior\BuildLiteBehavior [ RunTime:0.000015s ]
INFO: [ app_init ] --END-- [ RunTime:0.000268s ]

[ 2016-12-09T11:19:57+08:00 ] 117.23.83.217 /cnconsum/Merchant/merchant/login
INFO: [ app_init ] --START--
INFO: Run Behavior\BuildLiteBehavior [ RunTime:0.000014s ]
INFO: [ app_init ] --END-- [ RunTime:0.000314s ]

[ 2016-12-09T11:20:00+08:00 ] 117.23.83.217 /cnconsum/index.php/Merchant/Business/hyzgl.html
INFO: [ app_init ] --START--
INFO: Run Behavior\BuildLiteBehavior [ RunTime:0.000013s ]
INFO: [ app_init ] --END-- [ RunTime:0.000303s ]

[ 2016-12-09T11:20:03+08:00 ] 117.23.83.217 /cnconsum/index.php/Merchant/Business/glysz
INFO: [ app_init ] --START--
INFO: Run Behavior\BuildLiteBehavior [ RunTime:0.000013s ]
INFO: [ app_init ] --END-- [ RunTime:0.000257s ]

[ 2016-12-09T11:20:05+08:00 ] 117.23.83.217 /cnconsum/index.php/Merchant/Business/adminMod?account=123456
INFO: [ app_init ] --START--
INFO: Run Behavior\BuildLiteBehavior [ RunTime:0.000014s ]
INFO: [ app_init ] --END-- [ RunTime:0.000301s ]

[ 2016-12-09T11:21:50+08:00 ] 117.23.83.217 /cnconsum/index.php/Merchant/Business/adminMod?account=123456
INFO: [ app_init ] --START--
INFO: Run Behavior\BuildLiteBehavior [ RunTime:0.000014s ]
INFO: [ app_init ] --END-- [ RunTime:0.000323s ]

[ 2016-12-09T11:21:51+08:00 ] 117.23.83.217 /cnconsum/index.php/Merchant/Business/adminMod?account=123456
INFO: [ app_init ] --START--
INFO: Run Behavior\BuildLiteBehavior [ RunTime:0.000014s ]
INFO: [ app_init ] --END-- [ RunTime:0.000278s ]

[ 2016-12-09T11:21:52+08:00 ] 117.23.83.217 /cnconsum/index.php/Merchant/Business/adminMod?account=123456
INFO: [ app_init ] --START--
INFO: Run Behavior\BuildLiteBehavior [ RunTime:0.000022s ]
INFO: [ app_init ] --END-- [ RunTime:0.000325s ]

[ 2016-12-09T11:21:52+08:00 ] 117.23.83.217 /cnconsum/index.php/Merchant/Business/adminMod?account=123456
INFO: [ app_init ] --START--
INFO: Run Behavior\BuildLiteBehavior [ RunTime:0.000018s ]
INFO: [ app_init ] --END-- [ RunTime:0.000328s ]

[ 2016-12-09T11:21:52+08:00 ] 117.23.83.217 /cnconsum/index.php/Merchant/Business/adminMod?account=123456
INFO: [ app_init ] --START--
INFO: Run Behavior\BuildLiteBehavior [ RunTime:0.000013s ]
INFO: [ app_init ] --END-- [ RunTime:0.000322s ]

[ 2016-12-09T11:21:53+08:00 ] 117.23.83.217 /cnconsum/index.php/Merchant/Business/adminMod?account=123456
INFO: [ app_init ] --START--
INFO: Run Behavior\BuildLiteBehavior [ RunTime:0.000014s ]
INFO: [ app_init ] --END-- [ RunTime:0.000310s ]

[ 2016-12-09T11:21:53+08:00 ] 117.23.83.217 /cnconsum/index.php/Merchant/Business/adminMod?account=123456
INFO: [ app_init ] --START--
INFO: Run Behavior\BuildLiteBehavior [ RunTime:0.000014s ]
INFO: [ app_init ] --END-- [ RunTime:0.000314s ]

[ 2016-12-09T11:21:58+08:00 ] 117.23.83.217 /cnconsum/index.php/Merchant/Business/adminMod?account=123456
INFO: [ app_init ] --START--
INFO: Run Behavior\BuildLiteBehavior [ RunTime:0.000016s ]
INFO: [ app_init ] --END-- [ RunTime:0.000310s ]

[ 2016-12-09T11:25:33+08:00 ] 117.23.83.217 /cnconsum/index.php/Merchant/Business/hyzgl
INFO: [ app_init ] --START--
INFO: Run Behavior\BuildLiteBehavior [ RunTime:0.000014s ]
INFO: [ app_init ] --END-- [ RunTime:0.000272s ]

[ 2016-12-09T11:25:34+08:00 ] 117.23.83.217 /cnconsum/index.php/Merchant/Business/turnURL?url=../card/addView
INFO: [ app_init ] --START--
INFO: Run Behavior\BuildLiteBehavior [ RunTime:0.000019s ]
INFO: [ app_init ] --END-- [ RunTime:0.000286s ]

[ 2016-12-09T11:25:34+08:00 ] 117.23.83.217 /cnconsum/index.php/Merchant/card/addView
INFO: [ app_init ] --START--
INFO: Run Behavior\BuildLiteBehavior [ RunTime:0.000013s ]
INFO: [ app_init ] --END-- [ RunTime:0.000255s ]

[ 2016-12-09T11:25:39+08:00 ] 117.23.83.217 /cnconsum/index.php/Merchant/Business/glysz
INFO: [ app_init ] --START--
INFO: Run Behavior\BuildLiteBehavior [ RunTime:0.000015s ]
INFO: [ app_init ] --END-- [ RunTime:0.000397s ]

[ 2016-12-09T11:25:41+08:00 ] 117.23.83.217 /cnconsum/index.php/Merchant/Business/adminMod?account=123456
INFO: [ app_init ] --START--
INFO: Run Behavior\BuildLiteBehavior [ RunTime:0.000014s ]
INFO: [ app_init ] --END-- [ RunTime:0.000268s ]

[ 2016-12-09T11:25:49+08:00 ] 101.226.64.177 /cnconsum/index.php/Merchant/Business/turnURL?url=../card/addView
INFO: [ app_init ] --START--
INFO: Run Behavior\BuildLiteBehavior [ RunTime:0.000018s ]
INFO: [ app_init ] --END-- [ RunTime:0.000354s ]

[ 2016-12-09T11:25:49+08:00 ] 101.226.64.177 /cnconsum/index.php/Merchant/card/addView
INFO: [ app_init ] --START--
INFO: Run Behavior\BuildLiteBehavior [ RunTime:0.000014s ]
INFO: [ app_init ] --END-- [ RunTime:0.000268s ]

[ 2016-12-09T11:25:58+08:00 ] 61.151.228.22 /cnconsum/index.php/Merchant/Business/adminMod?account=123456
INFO: [ app_init ] --START--
INFO: Run Behavior\BuildLiteBehavior [ RunTime:0.000019s ]
INFO: [ app_init ] --END-- [ RunTime:0.000323s ]

[ 2016-12-09T14:23:42+08:00 ] 117.23.83.217 /cnconsum/Merchant/merchant/loginView
INFO: [ app_init ] --START--
INFO: Run Behavior\BuildLiteBehavior [ RunTime:0.000014s ]
INFO: [ app_init ] --END-- [ RunTime:0.000257s ]

[ 2016-12-09T14:23:52+08:00 ] 101.226.33.217 /cnconsum/Merchant/merchant/loginView
INFO: [ app_init ] --START--
INFO: Run Behavior\BuildLiteBehavior [ RunTime:0.000020s ]
INFO: [ app_init ] --END-- [ RunTime:0.000415s ]

[ 2016-12-09T14:23:52+08:00 ] 101.226.33.217 /cnconsum/Merchant/merchant/%20/cnconsum/Public/js/jquery.min.js
INFO: [ app_init ] --START--
INFO: Run Behavior\BuildLiteBehavior [ RunTime:0.000014s ]
INFO: [ app_init ] --END-- [ RunTime:0.000344s ]
ERR: 非法操作: 

[ 2016-12-09T14:23:52+08:00 ] 101.226.33.217 /cnconsum/Merchant/merchant/%20/cnconsum/Public/js/login.js
INFO: [ app_init ] --START--
INFO: Run Behavior\BuildLiteBehavior [ RunTime:0.000016s ]
INFO: [ app_init ] --END-- [ RunTime:0.000321s ]
ERR: 非法操作: 

[ 2016-12-09T14:23:52+08:00 ] 101.226.33.217 /cnconsum/Merchant/merchant/%20/cnconsum/Public/js/jquery.luara.0.0.1.min.js
INFO: [ app_init ] --START--
INFO: Run Behavior\BuildLiteBehavior [ RunTime:0.000014s ]
INFO: [ app_init ] --END-- [ RunTime:0.000259s ]
ERR: 非法操作: 

[ 2016-12-09T14:23:58+08:00 ] 117.23.83.217 /cnconsum/Merchant/merchant/login
INFO: [ app_init ] --START--
INFO: Run Behavior\BuildLiteBehavior [ RunTime:0.000017s ]
INFO: [ app_init ] --END-- [ RunTime:0.000350s ]

[ 2016-12-09T14:24:01+08:00 ] 117.23.83.217 /cnconsum/index.php/Merchant/Business/hyzgl.html
INFO: [ app_init ] --START--
INFO: Run Behavior\BuildLiteBehavior [ RunTime:0.000014s ]
INFO: [ app_init ] --END-- [ RunTime:0.000339s ]

[ 2016-12-09T14:24:08+08:00 ] 117.23.83.217 /cnconsum/index.php/Merchant/Business/turnURL?url=../card/addView
INFO: [ app_init ] --START--
INFO: Run Behavior\BuildLiteBehavior [ RunTime:0.000014s ]
INFO: [ app_init ] --END-- [ RunTime:0.000289s ]

[ 2016-12-09T14:24:08+08:00 ] 117.23.83.217 /cnconsum/index.php/Merchant/card/addView
INFO: [ app_init ] --START--
INFO: Run Behavior\BuildLiteBehavior [ RunTime:0.000014s ]
INFO: [ app_init ] --END-- [ RunTime:0.000333s ]

[ 2016-12-09T14:24:11+08:00 ] 180.153.206.23 /cnconsum/index.php/Merchant/Business/hyzgl.html
INFO: [ app_init ] --START--
INFO: Run Behavior\BuildLiteBehavior [ RunTime:0.000014s ]
INFO: [ app_init ] --END-- [ RunTime:0.000263s ]

[ 2016-12-09T14:24:16+08:00 ] 117.23.83.217 /cnconsum/index.php/Merchant/Business/glysz
INFO: [ app_init ] --START--
INFO: Run Behavior\BuildLiteBehavior [ RunTime:0.000019s ]
INFO: [ app_init ] --END-- [ RunTime:0.000323s ]

[ 2016-12-09T14:24:18+08:00 ] 101.226.51.230 /cnconsum/index.php/Merchant/Business/turnURL?url=../card/addView
INFO: [ app_init ] --START--
INFO: Run Behavior\BuildLiteBehavior [ RunTime:0.000019s ]
INFO: [ app_init ] --END-- [ RunTime:0.000393s ]

[ 2016-12-09T14:24:18+08:00 ] 180.153.214.199 /cnconsum/index.php/Merchant/card/addView
INFO: [ app_init ] --START--
INFO: Run Behavior\BuildLiteBehavior [ RunTime:0.000021s ]
INFO: [ app_init ] --END-- [ RunTime:0.000399s ]

[ 2016-12-09T14:24:18+08:00 ] 101.226.51.230 /cnconsum/index.php/Merchant/card/addView
INFO: [ app_init ] --START--
INFO: Run Behavior\BuildLiteBehavior [ RunTime:0.000020s ]
INFO: [ app_init ] --END-- [ RunTime:0.000276s ]

[ 2016-12-09T14:24:19+08:00 ] 117.23.83.217 /cnconsum/index.php/Merchant/Business/adminMod?account=123456
INFO: [ app_init ] --START--
INFO: Run Behavior\BuildLiteBehavior [ RunTime:0.000021s ]
INFO: [ app_init ] --END-- [ RunTime:0.000416s ]

[ 2016-12-09T14:24:26+08:00 ] 101.226.61.207 /cnconsum/index.php/Merchant/Business/glysz
INFO: [ app_init ] --START--
INFO: Run Behavior\BuildLiteBehavior [ RunTime:0.000013s ]
INFO: [ app_init ] --END-- [ RunTime:0.000287s ]

[ 2016-12-09T14:24:29+08:00 ] 180.153.81.212 /cnconsum/index.php/Merchant/Business/adminMod?account=123456
INFO: [ app_init ] --START--
INFO: Run Behavior\BuildLiteBehavior [ RunTime:0.000021s ]
INFO: [ app_init ] --END-- [ RunTime:0.000351s ]

[ 2016-12-09T14:24:59+08:00 ] 117.23.83.217 /cnconsum/index.php/Merchant/Business/hyzgl.html
INFO: [ app_init ] --START--
INFO: Run Behavior\BuildLiteBehavior [ RunTime:0.000017s ]
INFO: [ app_init ] --END-- [ RunTime:0.000392s ]

[ 2016-12-09T14:25:11+08:00 ] 117.23.83.217 /cnconsum/index.php/Merchant/merchant/LoginView
INFO: [ app_init ] --START--
INFO: Run Behavior\BuildLiteBehavior [ RunTime:0.000014s ]
INFO: [ app_init ] --END-- [ RunTime:0.000261s ]

[ 2016-12-09T14:25:14+08:00 ] 117.23.83.217 /cnconsum/index.php/Merchant/Business/hyzgl.html
INFO: [ app_init ] --START--
INFO: Run Behavior\BuildLiteBehavior [ RunTime:0.000014s ]
INFO: [ app_init ] --END-- [ RunTime:0.000319s ]

[ 2016-12-09T14:25:21+08:00 ] 61.151.226.202 /cnconsum/index.php/Merchant/merchant/LoginView
INFO: [ app_init ] --START--
INFO: Run Behavior\BuildLiteBehavior [ RunTime:0.000014s ]
INFO: [ app_init ] --END-- [ RunTime:0.000263s ]

[ 2016-12-09T14:25:21+08:00 ] 61.151.226.202 /cnconsum/index.php/Merchant/merchant/%20/cnconsum/Public/js/jquery.min.js
INFO: [ app_init ] --START--
INFO: Run Behavior\BuildLiteBehavior [ RunTime:0.000014s ]
INFO: [ app_init ] --END-- [ RunTime:0.000257s ]
ERR: 非法操作: 

[ 2016-12-09T14:25:21+08:00 ] 61.151.226.202 /cnconsum/index.php/Merchant/merchant/%20/cnconsum/Public/js/login.js
INFO: [ app_init ] --START--
INFO: Run Behavior\BuildLiteBehavior [ RunTime:0.000014s ]
INFO: [ app_init ] --END-- [ RunTime:0.000257s ]
ERR: 非法操作: 

[ 2016-12-09T14:25:21+08:00 ] 61.151.226.202 /cnconsum/index.php/Merchant/merchant/%20/cnconsum/Public/js/jquery.luara.0.0.1.min.js
INFO: [ app_init ] --START--
INFO: Run Behavior\BuildLiteBehavior [ RunTime:0.000014s ]
INFO: [ app_init ] --END-- [ RunTime:0.000289s ]
ERR: 非法操作: 

[ 2016-12-09T14:25:35+08:00 ] 117.23.83.217 /cnconsum/Merchant/merchant/loginView
INFO: [ app_init ] --START--
INFO: Run Behavior\BuildLiteBehavior [ RunTime:0.000014s ]
INFO: [ app_init ] --END-- [ RunTime:0.000319s ]

[ 2016-12-09T14:25:45+08:00 ] 117.23.83.217 /cnconsum/Merchant/merchant/login
INFO: [ app_init ] --START--
INFO: Run Behavior\BuildLiteBehavior [ RunTime:0.000014s ]
INFO: [ app_init ] --END-- [ RunTime:0.000299s ]

[ 2016-12-09T14:25:49+08:00 ] 117.23.83.217 /cnconsum/Merchant/merchant/loginView
INFO: [ app_init ] --START--
INFO: Run Behavior\BuildLiteBehavior [ RunTime:0.000013s ]
INFO: [ app_init ] --END-- [ RunTime:0.000261s ]

[ 2016-12-09T14:25:59+08:00 ] 117.23.83.217 /cnconsum/Merchant/merchant/login
INFO: [ app_init ] --START--
INFO: Run Behavior\BuildLiteBehavior [ RunTime:0.000013s ]
INFO: [ app_init ] --END-- [ RunTime:0.000259s ]

[ 2016-12-09T14:26:03+08:00 ] 117.23.83.217 /cnconsum/index.php/Merchant/Business/hyzgl.html
INFO: [ app_init ] --START--
INFO: Run Behavior\BuildLiteBehavior [ RunTime:0.000014s ]
INFO: [ app_init ] --END-- [ RunTime:0.000293s ]

[ 2016-12-09T14:26:45+08:00 ] 117.23.83.217 /cnconsum/index.php/Merchant/DataReport/data_xk
INFO: [ app_init ] --START--
INFO: Run Behavior\BuildLiteBehavior [ RunTime:0.000014s ]
INFO: [ app_init ] --END-- [ RunTime:0.000286s ]

[ 2016-12-09T14:26:48+08:00 ] 117.23.83.217 /cnconsum/index.php/Merchant/Business/glysz
INFO: [ app_init ] --START--
INFO: Run Behavior\BuildLiteBehavior [ RunTime:0.000019s ]
INFO: [ app_init ] --END-- [ RunTime:0.000347s ]

[ 2016-12-09T14:26:50+08:00 ] 117.23.83.217 /cnconsum/index.php/Merchant/Business/adminMod?account=123456
INFO: [ app_init ] --START--
INFO: Run Behavior\BuildLiteBehavior [ RunTime:0.000016s ]
INFO: [ app_init ] --END-- [ RunTime:0.000380s ]

[ 2016-12-09T14:26:55+08:00 ] 101.226.89.117 /cnconsum/index.php/Merchant/DataReport/data_xk
INFO: [ app_init ] --START--
INFO: Run Behavior\BuildLiteBehavior [ RunTime:0.000014s ]
INFO: [ app_init ] --END-- [ RunTime:0.000335s ]

[ 2016-12-09T14:28:06+08:00 ] 117.23.83.217 /cnconsum/Merchant/merchant/LoginView
INFO: [ app_init ] --START--
INFO: Run Behavior\BuildLiteBehavior [ RunTime:0.000016s ]
INFO: [ app_init ] --END-- [ RunTime:0.000308s ]

[ 2016-12-09T14:28:14+08:00 ] 117.23.83.217 /cnconsum/Merchant/merchant/LoginView
INFO: [ app_init ] --START--
INFO: Run Behavior\BuildLiteBehavior [ RunTime:0.000013s ]
INFO: [ app_init ] --END-- [ RunTime:0.000260s ]

[ 2016-12-09T14:28:28+08:00 ] 117.23.83.217 /cnconsum/Merchant/merchant/login
INFO: [ app_init ] --START--
INFO: Run Behavior\BuildLiteBehavior [ RunTime:0.000013s ]
INFO: [ app_init ] --END-- [ RunTime:0.000264s ]

[ 2016-12-09T14:28:35+08:00 ] 117.23.83.217 /cnconsum/index.php/Merchant/Business/hyzgl.html
INFO: [ app_init ] --START--
INFO: Run Behavior\BuildLiteBehavior [ RunTime:0.000015s ]
INFO: [ app_init ] --END-- [ RunTime:0.000295s ]

[ 2016-12-09T14:28:38+08:00 ] 101.226.66.173 /cnconsum/Merchant/merchant/login
INFO: [ app_init ] --START--
INFO: Run Behavior\BuildLiteBehavior [ RunTime:0.000017s ]
INFO: [ app_init ] --END-- [ RunTime:0.000281s ]

[ 2016-12-09T14:28:44+08:00 ] 117.23.83.217 /cnconsum/index.php/Merchant/Business/hyzgl.html
INFO: [ app_init ] --START--
INFO: Run Behavior\BuildLiteBehavior [ RunTime:0.000018s ]
INFO: [ app_init ] --END-- [ RunTime:0.000343s ]

[ 2016-12-09T14:28:45+08:00 ] 101.226.89.123 /cnconsum/index.php/Merchant/Business/hyzgl.html
INFO: [ app_init ] --START--
INFO: Run Behavior\BuildLiteBehavior [ RunTime:0.000013s ]
INFO: [ app_init ] --END-- [ RunTime:0.000255s ]

[ 2016-12-09T14:28:55+08:00 ] 117.23.83.217 /cnconsum/index.php/Merchant/Business/hyzgl.html
INFO: [ app_init ] --START--
INFO: Run Behavior\BuildLiteBehavior [ RunTime:0.000022s ]
INFO: [ app_init ] --END-- [ RunTime:0.000333s ]

[ 2016-12-09T14:28:56+08:00 ] 117.23.83.217 /cnconsum/index.php/Merchant/Business/hyzgl.html
INFO: [ app_init ] --START--
INFO: Run Behavior\BuildLiteBehavior [ RunTime:0.000014s ]
INFO: [ app_init ] --END-- [ RunTime:0.000289s ]

[ 2016-12-09T14:28:57+08:00 ] 117.23.83.217 /cnconsum/index.php/Merchant/Business/hyzgl.html
INFO: [ app_init ] --START--
INFO: Run Behavior\BuildLiteBehavior [ RunTime:0.000014s ]
INFO: [ app_init ] --END-- [ RunTime:0.000262s ]

[ 2016-12-09T14:29:14+08:00 ] 117.23.83.217 /cnconsum/index.php/Merchant/Business/hyzgl.html
INFO: [ app_init ] --START--
INFO: Run Behavior\BuildLiteBehavior [ RunTime:0.000013s ]
INFO: [ app_init ] --END-- [ RunTime:0.000282s ]

[ 2016-12-09T14:29:38+08:00 ] 117.23.83.217 /cnconsum/index.php/Merchant/Business/turnURL?url=../card/addView
INFO: [ app_init ] --START--
INFO: Run Behavior\BuildLiteBehavior [ RunTime:0.000013s ]
INFO: [ app_init ] --END-- [ RunTime:0.000259s ]

[ 2016-12-09T14:29:38+08:00 ] 117.23.83.217 /cnconsum/index.php/Merchant/card/addView
INFO: [ app_init ] --START--
INFO: Run Behavior\BuildLiteBehavior [ RunTime:0.000014s ]
INFO: [ app_init ] --END-- [ RunTime:0.000264s ]

[ 2016-12-09T14:32:47+08:00 ] 117.23.83.217 /cnconsum/index.php/Merchant/Business/glysz
INFO: [ app_init ] --START--
INFO: Run Behavior\BuildLiteBehavior [ RunTime:0.000014s ]
INFO: [ app_init ] --END-- [ RunTime:0.000255s ]

[ 2016-12-09T14:32:48+08:00 ] 117.23.83.217 /cnconsum/index.php/Merchant/Business/adminMod?account=123456
INFO: [ app_init ] --START--
INFO: Run Behavior\BuildLiteBehavior [ RunTime:0.000013s ]
INFO: [ app_init ] --END-- [ RunTime:0.000280s ]

[ 2016-12-09T14:32:56+08:00 ] 101.226.66.193 /cnconsum/index.php/Merchant/Business/glysz
INFO: [ app_init ] --START--
INFO: Run Behavior\BuildLiteBehavior [ RunTime:0.000013s ]
INFO: [ app_init ] --END-- [ RunTime:0.000260s ]

[ 2016-12-09T14:36:56+08:00 ] 117.23.83.217 /cnconsum/index.php/Merchant/Business/adminMod?account=123456
INFO: [ app_init ] --START--
INFO: Run Behavior\BuildLiteBehavior [ RunTime:0.000013s ]
INFO: [ app_init ] --END-- [ RunTime:0.000281s ]

[ 2016-12-09T14:44:43+08:00 ] 117.23.83.217 /cnconsum/Merchant/merchant/loginView
INFO: [ app_init ] --START--
INFO: Run Behavior\BuildLiteBehavior [ RunTime:0.000014s ]
INFO: [ app_init ] --END-- [ RunTime:0.000323s ]

[ 2016-12-09T14:44:45+08:00 ] 117.23.83.217 /cnconsum/Merchant/merchant/login
INFO: [ app_init ] --START--
INFO: Run Behavior\BuildLiteBehavior [ RunTime:0.000021s ]
INFO: [ app_init ] --END-- [ RunTime:0.000347s ]

[ 2016-12-09T14:44:48+08:00 ] 117.23.83.217 /cnconsum/index.php/Merchant/Business/hyzgl.html
INFO: [ app_init ] --START--
INFO: Run Behavior\BuildLiteBehavior [ RunTime:0.000014s ]
INFO: [ app_init ] --END-- [ RunTime:0.000292s ]

[ 2016-12-09T14:44:52+08:00 ] 117.23.83.217 /cnconsum/index.php/Merchant/Business/zjtx
INFO: [ app_init ] --START--
INFO: Run Behavior\BuildLiteBehavior [ RunTime:0.000016s ]
INFO: [ app_init ] --END-- [ RunTime:0.000284s ]

[ 2016-12-09T14:45:03+08:00 ] 180.163.2.117 /cnconsum/index.php/Merchant/Business/hyzgl.html
INFO: [ app_init ] --START--
INFO: Run Behavior\BuildLiteBehavior [ RunTime:0.000016s ]
INFO: [ app_init ] --END-- [ RunTime:0.000334s ]

[ 2016-12-09T14:46:18+08:00 ] 117.23.83.217 /cnconsum/index.php/Merchant/Business/adminMod?account=123456
INFO: [ app_init ] --START--
INFO: Run Behavior\BuildLiteBehavior [ RunTime:0.000019s ]
INFO: [ app_init ] --END-- [ RunTime:0.000340s ]

[ 2016-12-09T14:46:44+08:00 ] 117.23.83.217 /cnconsum/index.php/Merchant/Business/adminMod?account=123456
INFO: [ app_init ] --START--
INFO: Run Behavior\BuildLiteBehavior [ RunTime:0.000014s ]
INFO: [ app_init ] --END-- [ RunTime:0.000272s ]

[ 2016-12-09T14:46:54+08:00 ] 117.23.83.217 /cnconsum/index.php/Merchant/Business/adminMod?account=1234567
INFO: [ app_init ] --START--
INFO: Run Behavior\BuildLiteBehavior [ RunTime:0.000014s ]
INFO: [ app_init ] --END-- [ RunTime:0.000294s ]

[ 2016-12-09T14:46:59+08:00 ] 117.23.83.217 /cnconsum/index.php/Merchant/Business/adminMod?account=12345678
INFO: [ app_init ] --START--
INFO: Run Behavior\BuildLiteBehavior [ RunTime:0.000020s ]
INFO: [ app_init ] --END-- [ RunTime:0.000317s ]

[ 2016-12-09T14:47:04+08:00 ] 101.226.51.226 /cnconsum/index.php/Merchant/Business/adminMod?account=1234567
INFO: [ app_init ] --START--
INFO: Run Behavior\BuildLiteBehavior [ RunTime:0.000016s ]
INFO: [ app_init ] --END-- [ RunTime:0.000311s ]

[ 2016-12-09T14:47:11+08:00 ] 117.23.83.217 /cnconsum/index.php/Merchant/Business/adminMod?account=123456
INFO: [ app_init ] --START--
INFO: Run Behavior\BuildLiteBehavior [ RunTime:0.000024s ]
INFO: [ app_init ] --END-- [ RunTime:0.000356s ]

[ 2016-12-09T14:47:31+08:00 ] 117.23.83.217 /cnconsum/index.php/Merchant/Business/adminMod?account=123456
INFO: [ app_init ] --START--
INFO: Run Behavior\BuildLiteBehavior [ RunTime:0.000014s ]
INFO: [ app_init ] --END-- [ RunTime:0.000303s ]

[ 2016-12-09T14:51:17+08:00 ] 117.23.83.217 /cnconsum/index.php/Merchant/Business/adminMod?account=12345678
INFO: [ app_init ] --START--
INFO: Run Behavior\BuildLiteBehavior [ RunTime:0.000014s ]
INFO: [ app_init ] --END-- [ RunTime:0.000279s ]

[ 2016-12-09T14:51:20+08:00 ] 117.23.83.217 /cnconsum/index.php/Merchant/Business/glysz
INFO: [ app_init ] --START--
INFO: Run Behavior\BuildLiteBehavior [ RunTime:0.000014s ]
INFO: [ app_init ] --END-- [ RunTime:0.000297s ]
INFO: [ app_begin ] --START--
INFO: Run Behavior\ReadHtmlCacheBehavior [ RunTime:0.000351s ]
INFO: [ app_begin ] --END-- [ RunTime:0.000399s ]
SQL: SHOW COLUMNS FROM `cn_admin` [ RunTime:0.0034s ]
SQL: SELECT COUNT(*) AS tp_count FROM `cn_admin` WHERE `merchant` = 'm_6d4e76ca11' LIMIT 1   [ RunTime:0.0003s ]
SQL: SELECT * FROM `cn_admin` WHERE `merchant` = 'm_6d4e76ca11' LIMIT 3,3   [ RunTime:0.0002s ]

[ 2016-12-09T14:51:23+08:00 ] 117.23.83.217 /cnconsum/index.php/Merchant/DataReport/data_xk
INFO: [ app_init ] --START--
INFO: Run Behavior\BuildLiteBehavior [ RunTime:0.000013s ]
INFO: [ app_init ] --END-- [ RunTime:0.000260s ]

[ 2016-12-09T14:51:39+08:00 ] 117.23.83.217 /cnconsum/index.php/Merchant/Business/glysz
INFO: [ app_init ] --START--
INFO: Run Behavior\BuildLiteBehavior [ RunTime:0.000014s ]
INFO: [ app_init ] --END-- [ RunTime:0.000269s ]

[ 2016-12-09T14:51:41+08:00 ] 117.23.83.217 /cnconsum/index.php/Merchant/Business/adminMod?account=123456
INFO: [ app_init ] --START--
INFO: Run Behavior\BuildLiteBehavior [ RunTime:0.000014s ]
INFO: [ app_init ] --END-- [ RunTime:0.000408s ]

[ 2016-12-09T14:51:53+08:00 ] 117.23.83.217 /cnconsum/index.php/Merchant/Business/glysz
INFO: [ app_init ] --START--
INFO: Run Behavior\BuildLiteBehavior [ RunTime:0.000013s ]
INFO: [ app_init ] --END-- [ RunTime:0.000324s ]

[ 2016-12-09T14:51:57+08:00 ] 117.23.83.217 /cnconsum/index.php/Merchant/Business/adminMod?account=123456
INFO: [ app_init ] --START--
INFO: Run Behavior\BuildLiteBehavior [ RunTime:0.000014s ]
INFO: [ app_init ] --END-- [ RunTime:0.000293s ]

[ 2016-12-09T14:55:15+08:00 ] 117.23.83.217 /cnconsum/index.php/Merchant/Business/adminMod?account=123456
INFO: [ app_init ] --START--
INFO: Run Behavior\BuildLiteBehavior [ RunTime:0.000014s ]
INFO: [ app_init ] --END-- [ RunTime:0.000292s ]

[ 2016-12-09T14:56:00+08:00 ] 117.23.83.217 /cnconsum/index.php/Merchant/Business/glysz
INFO: [ app_init ] --START--
INFO: Run Behavior\BuildLiteBehavior [ RunTime:0.000013s ]
INFO: [ app_init ] --END-- [ RunTime:0.000261s ]

[ 2016-12-09T14:56:03+08:00 ] 117.23.83.217 /cnconsum/index.php/Merchant/Business/adminMod?account=123456
INFO: [ app_init ] --START--
INFO: Run Behavior\BuildLiteBehavior [ RunTime:0.000013s ]
INFO: [ app_init ] --END-- [ RunTime:0.000258s ]

[ 2016-12-09T14:56:09+08:00 ] 117.23.83.217 /cnconsum/index.php/Merchant/Business/adminMod?account=12345678
INFO: [ app_init ] --START--
INFO: Run Behavior\BuildLiteBehavior [ RunTime:0.000013s ]
INFO: [ app_init ] --END-- [ RunTime:0.000256s ]

[ 2016-12-09T14:57:54+08:00 ] 117.23.83.217 /cnconsum/index.php/Merchant/Business/glysz
INFO: [ app_init ] --START--
INFO: Run Behavior\BuildLiteBehavior [ RunTime:0.000013s ]
INFO: [ app_init ] --END-- [ RunTime:0.000257s ]

[ 2016-12-09T14:57:56+08:00 ] 117.23.83.217 /cnconsum/index.php/Merchant/Business/adminMod?account=123456
INFO: [ app_init ] --START--
INFO: Run Behavior\BuildLiteBehavior [ RunTime:0.000013s ]
INFO: [ app_init ] --END-- [ RunTime:0.000265s ]

[ 2016-12-09T14:57:57+08:00 ] 117.23.83.217 /cnconsum/index.php/Merchant/admin/mod
INFO: [ app_init ] --START--
INFO: Run Behavior\BuildLiteBehavior [ RunTime:0.000013s ]
INFO: [ app_init ] --END-- [ RunTime:0.000291s ]
ERR: 非法操作:mod

[ 2016-12-09T15:24:25+08:00 ] 117.23.83.217 /cnconsum/index.php/Merchant/Business/glysz
INFO: [ app_init ] --START--
INFO: Run Behavior\BuildLiteBehavior [ RunTime:0.000017s ]
INFO: [ app_init ] --END-- [ RunTime:0.000307s ]

[ 2016-12-09T15:24:27+08:00 ] 117.23.83.217 /cnconsum/index.php/Merchant/Business/adminMod?account=123456
INFO: [ app_init ] --START--
INFO: Run Behavior\BuildLiteBehavior [ RunTime:0.000016s ]
INFO: [ app_init ] --END-- [ RunTime:0.000268s ]

[ 2016-12-09T15:24:31+08:00 ] 117.23.83.217 /cnconsum/index.php/Merchant/admin/mod
INFO: [ app_init ] --START--
INFO: Run Behavior\BuildLiteBehavior [ RunTime:0.000013s ]
INFO: [ app_init ] --END-- [ RunTime:0.000307s ]

[ 2016-12-09T15:24:34+08:00 ] 117.23.83.217 /cnconsum/index.php/Merchant/Business/adminAdd
INFO: [ app_init ] --START--
INFO: Run Behavior\BuildLiteBehavior [ RunTime:0.000013s ]
INFO: [ app_init ] --END-- [ RunTime:0.000259s ]

[ 2016-12-09T15:24:37+08:00 ] 180.153.206.22 /cnconsum/index.php/Merchant/Business/adminMod?account=123456
INFO: [ app_init ] --START--
INFO: Run Behavior\BuildLiteBehavior [ RunTime:0.000013s ]
INFO: [ app_init ] --END-- [ RunTime:0.000287s ]

[ 2016-12-09T15:24:41+08:00 ] 117.23.83.217 /cnconsum/index.php/Merchant/Business/adminAdd
INFO: [ app_init ] --START--
INFO: Run Behavior\BuildLiteBehavior [ RunTime:0.000017s ]
INFO: [ app_init ] --END-- [ RunTime:0.000347s ]

[ 2016-12-09T15:30:56+08:00 ] 117.23.83.217 /cnconsum/Merchant/merchant/loginView
INFO: [ app_init ] --START--
INFO: Run Behavior\BuildLiteBehavior [ RunTime:0.000014s ]
INFO: [ app_init ] --END-- [ RunTime:0.000260s ]

[ 2016-12-09T15:30:59+08:00 ] 117.23.83.217 /cnconsum/index.php/Merchant/Business/hyzgl.html
INFO: [ app_init ] --START--
INFO: Run Behavior\BuildLiteBehavior [ RunTime:0.000014s ]
INFO: [ app_init ] --END-- [ RunTime:0.000260s ]

[ 2016-12-09T15:32:20+08:00 ] 117.23.83.217 /cnconsum/index.php/Merchant/Business/glysz
INFO: [ app_init ] --START--
INFO: Run Behavior\BuildLiteBehavior [ RunTime:0.000014s ]
INFO: [ app_init ] --END-- [ RunTime:0.000328s ]

[ 2016-12-09T15:32:24+08:00 ] 117.23.83.217 /cnconsum/index.php/Merchant/Business/adminMod?account=123456
INFO: [ app_init ] --START--
INFO: Run Behavior\BuildLiteBehavior [ RunTime:0.000020s ]
INFO: [ app_init ] --END-- [ RunTime:0.000398s ]

[ 2016-12-09T15:34:13+08:00 ] 117.23.83.217 /cnconsum/index.php/Merchant/admin/mod
INFO: [ app_init ] --START--
INFO: Run Behavior\BuildLiteBehavior [ RunTime:0.000013s ]
INFO: [ app_init ] --END-- [ RunTime:0.000281s ]

[ 2016-12-09T15:34:17+08:00 ] 117.23.83.217 /cnconsum/index.php/Merchant/Business/glysz
INFO: [ app_init ] --START--
INFO: Run Behavior\BuildLiteBehavior [ RunTime:0.000013s ]
INFO: [ app_init ] --END-- [ RunTime:0.000266s ]

[ 2016-12-09T15:34:22+08:00 ] 117.23.83.217 /cnconsum/index.php/Merchant/Business/adminMod?account=123456
INFO: [ app_init ] --START--
INFO: Run Behavior\BuildLiteBehavior [ RunTime:0.000020s ]
INFO: [ app_init ] --END-- [ RunTime:0.000469s ]

[ 2016-12-09T15:34:26+08:00 ] 117.23.83.217 /cnconsum/index.php/Merchant/admin/mod
INFO: [ app_init ] --START--
INFO: Run Behavior\BuildLiteBehavior [ RunTime:0.000014s ]
INFO: [ app_init ] --END-- [ RunTime:0.000289s ]

[ 2016-12-09T15:34:30+08:00 ] 117.23.83.217 /cnconsum/index.php/Merchant/Business/glysz
INFO: [ app_init ] --START--
INFO: Run Behavior\BuildLiteBehavior [ RunTime:0.000014s ]
INFO: [ app_init ] --END-- [ RunTime:0.000259s ]

[ 2016-12-09T15:34:31+08:00 ] 117.23.83.217 /cnconsum/index.php/Merchant/Business/adminMod?account=123456
INFO: [ app_init ] --START--
INFO: Run Behavior\BuildLiteBehavior [ RunTime:0.000014s ]
INFO: [ app_init ] --END-- [ RunTime:0.000257s ]

[ 2016-12-09T15:34:35+08:00 ] 117.23.83.217 /cnconsum/index.php/Merchant/admin/mod
INFO: [ app_init ] --START--
INFO: Run Behavior\BuildLiteBehavior [ RunTime:0.000015s ]
INFO: [ app_init ] --END-- [ RunTime:0.000341s ]

[ 2016-12-09T15:34:38+08:00 ] 117.23.83.217 /cnconsum/index.php/Merchant/Business/glysz
INFO: [ app_init ] --START--
INFO: Run Behavior\BuildLiteBehavior [ RunTime:0.000013s ]
INFO: [ app_init ] --END-- [ RunTime:0.000306s ]

[ 2016-12-09T15:35:35+08:00 ] 117.23.83.217 /cnconsum/index.php/Merchant/Business/adminMod?account=123456
INFO: [ app_init ] --START--
INFO: Run Behavior\BuildLiteBehavior [ RunTime:0.000014s ]
INFO: [ app_init ] --END-- [ RunTime:0.000264s ]

[ 2016-12-09T15:35:41+08:00 ] 117.23.83.217 /cnconsum/index.php/Merchant/admin/mod
INFO: [ app_init ] --START--
INFO: Run Behavior\BuildLiteBehavior [ RunTime:0.000014s ]
INFO: [ app_init ] --END-- [ RunTime:0.000339s ]

[ 2016-12-09T15:35:44+08:00 ] 117.23.83.217 /cnconsum/index.php/Merchant/Business/glysz
INFO: [ app_init ] --START--
INFO: Run Behavior\BuildLiteBehavior [ RunTime:0.000014s ]
INFO: [ app_init ] --END-- [ RunTime:0.000303s ]

[ 2016-12-09T15:35:47+08:00 ] 117.23.83.217 /cnconsum/index.php/Merchant/Business/adminMod?account=123456
INFO: [ app_init ] --START--
INFO: Run Behavior\BuildLiteBehavior [ RunTime:0.000013s ]
INFO: [ app_init ] --END-- [ RunTime:0.000254s ]

[ 2016-12-09T15:35:49+08:00 ] 117.23.83.217 /cnconsum/index.php/Merchant/admin/mod
INFO: [ app_init ] --START--
INFO: Run Behavior\BuildLiteBehavior [ RunTime:0.000014s ]
INFO: [ app_init ] --END-- [ RunTime:0.000280s ]

[ 2016-12-09T15:35:52+08:00 ] 117.23.83.217 /cnconsum/index.php/Merchant/Business/glysz
INFO: [ app_init ] --START--
INFO: Run Behavior\BuildLiteBehavior [ RunTime:0.000019s ]
INFO: [ app_init ] --END-- [ RunTime:0.000376s ]

[ 2016-12-09T15:35:55+08:00 ] 117.23.83.217 /cnconsum/index.php/Merchant/Business/adminMod?account=123456
INFO: [ app_init ] --START--
INFO: Run Behavior\BuildLiteBehavior [ RunTime:0.000017s ]
INFO: [ app_init ] --END-- [ RunTime:0.000347s ]

[ 2016-12-09T15:36:04+08:00 ] 117.23.83.217 /cnconsum/index.php/Merchant/admin/mod
INFO: [ app_init ] --START--
INFO: Run Behavior\BuildLiteBehavior [ RunTime:0.000013s ]
INFO: [ app_init ] --END-- [ RunTime:0.000273s ]

[ 2016-12-09T15:36:08+08:00 ] 117.23.83.217 /cnconsum/index.php/Merchant/Business/glysz
INFO: [ app_init ] --START--
INFO: Run Behavior\BuildLiteBehavior [ RunTime:0.000013s ]
INFO: [ app_init ] --END-- [ RunTime:0.000299s ]

[ 2016-12-09T15:36:15+08:00 ] 117.23.83.217 /cnconsum/index.php/Merchant/Business/adminMod?account=123456
INFO: [ app_init ] --START--
INFO: Run Behavior\BuildLiteBehavior [ RunTime:0.000014s ]
INFO: [ app_init ] --END-- [ RunTime:0.000285s ]

[ 2016-12-09T15:36:25+08:00 ] 117.23.83.217 /cnconsum/index.php/Merchant/admin/mod
INFO: [ app_init ] --START--
INFO: Run Behavior\BuildLiteBehavior [ RunTime:0.000014s ]
INFO: [ app_init ] --END-- [ RunTime:0.000299s ]

[ 2016-12-09T15:36:29+08:00 ] 117.23.83.217 /cnconsum/index.php/Merchant/Business/glysz
INFO: [ app_init ] --START--
INFO: Run Behavior\BuildLiteBehavior [ RunTime:0.000013s ]
INFO: [ app_init ] --END-- [ RunTime:0.000257s ]

[ 2016-12-09T15:36:34+08:00 ] 117.23.83.217 /cnconsum/index.php/Merchant/Business/adminMod?account=09132341
INFO: [ app_init ] --START--
INFO: Run Behavior\BuildLiteBehavior [ RunTime:0.000013s ]
INFO: [ app_init ] --END-- [ RunTime:0.000284s ]

[ 2016-12-09T15:36:43+08:00 ] 117.23.83.217 /cnconsum/index.php/Merchant/admin/mod
INFO: [ app_init ] --START--
INFO: Run Behavior\BuildLiteBehavior [ RunTime:0.000014s ]
INFO: [ app_init ] --END-- [ RunTime:0.000261s ]

[ 2016-12-09T15:36:46+08:00 ] 117.23.83.217 /cnconsum/index.php/Merchant/Business/glysz
INFO: [ app_init ] --START--
INFO: Run Behavior\BuildLiteBehavior [ RunTime:0.000013s ]
INFO: [ app_init ] --END-- [ RunTime:0.000263s ]

[ 2016-12-09T15:36:53+08:00 ] 101.226.33.223 /cnconsum/index.php/Merchant/Business/adminMod?account=09132341
INFO: [ app_init ] --START--
INFO: Run Behavior\BuildLiteBehavior [ RunTime:0.000014s ]
INFO: [ app_init ] --END-- [ RunTime:0.000337s ]

[ 2016-12-09T15:37:02+08:00 ] 117.23.83.217 /cnconsum/index.php/Merchant/Business/adminMod?account=09132341
INFO: [ app_init ] --START--
INFO: Run Behavior\BuildLiteBehavior [ RunTime:0.000014s ]
INFO: [ app_init ] --END-- [ RunTime:0.000334s ]

[ 2016-12-09T15:37:17+08:00 ] 117.23.83.217 /cnconsum/index.php/Merchant/Business/image/dialog_cb.png
INFO: [ app_init ] --START--
INFO: Run Behavior\BuildLiteBehavior [ RunTime:0.000014s ]
INFO: [ app_init ] --END-- [ RunTime:0.000268s ]

[ 2016-12-09T15:37:17+08:00 ] 117.23.83.217 /cnconsum/index.php/Merchant/Business/image/window.gif
INFO: [ app_init ] --START--
INFO: Run Behavior\BuildLiteBehavior [ RunTime:0.000014s ]
INFO: [ app_init ] --END-- [ RunTime:0.000284s ]

[ 2016-12-09T15:41:11+08:00 ] 117.23.83.217 /cnconsum/index.php/Merchant/Business/image/dialog_cb.png
INFO: [ app_init ] --START--
INFO: Run Behavior\BuildLiteBehavior [ RunTime:0.000013s ]
INFO: [ app_init ] --END-- [ RunTime:0.000254s ]

[ 2016-12-09T15:41:11+08:00 ] 117.23.83.217 /cnconsum/index.php/Merchant/Business/image/window.gif
INFO: [ app_init ] --START--
INFO: Run Behavior\BuildLiteBehavior [ RunTime:0.000012s ]
INFO: [ app_init ] --END-- [ RunTime:0.000240s ]

[ 2016-12-09T15:43:21+08:00 ] 117.23.83.217 /cnconsum/index.php/Merchant/Business/glysz
INFO: [ app_init ] --START--
INFO: Run Behavior\BuildLiteBehavior [ RunTime:0.000014s ]
INFO: [ app_init ] --END-- [ RunTime:0.000290s ]

[ 2016-12-09T15:43:53+08:00 ] 117.23.83.217 /cnconsum/index.php/Merchant/Business/glysz
INFO: [ app_init ] --START--
INFO: Run Behavior\BuildLiteBehavior [ RunTime:0.000014s ]
INFO: [ app_init ] --END-- [ RunTime:0.000344s ]

[ 2016-12-09T15:43:56+08:00 ] 117.23.83.217 /cnconsum/index.php/Merchant/Business/image/dialog_cb.png
INFO: [ app_init ] --START--
INFO: Run Behavior\BuildLiteBehavior [ RunTime:0.000015s ]
INFO: [ app_init ] --END-- [ RunTime:0.000326s ]

[ 2016-12-09T15:43:56+08:00 ] 117.23.83.217 /cnconsum/index.php/Merchant/Business/image/window.gif
INFO: [ app_init ] --START--
INFO: Run Behavior\BuildLiteBehavior [ RunTime:0.000011s ]
INFO: [ app_init ] --END-- [ RunTime:0.000246s ]

[ 2016-12-09T15:44:03+08:00 ] 117.23.83.217 /cnconsum/index.php/Merchant/Business/image/window.gif
INFO: [ app_init ] --START--
INFO: Run Behavior\BuildLiteBehavior [ RunTime:0.000014s ]
INFO: [ app_init ] --END-- [ RunTime:0.000296s ]

[ 2016-12-09T15:44:07+08:00 ] 117.23.83.217 /cnconsum/index.php/Merchant/Business/image/dialog_cb.png
INFO: [ app_init ] --START--
INFO: Run Behavior\BuildLiteBehavior [ RunTime:0.000013s ]
INFO: [ app_init ] --END-- [ RunTime:0.000264s ]

[ 2016-12-09T15:44:07+08:00 ] 117.23.83.217 /cnconsum/index.php/Merchant/Business/image/window.gif
INFO: [ app_init ] --START--
INFO: Run Behavior\BuildLiteBehavior [ RunTime:0.000012s ]
INFO: [ app_init ] --END-- [ RunTime:0.000251s ]

[ 2016-12-09T15:44:14+08:00 ] 117.23.83.217 /cnconsum/index.php/Merchant/Business/image/dialog_cb.png
INFO: [ app_init ] --START--
INFO: Run Behavior\BuildLiteBehavior [ RunTime:0.000020s ]
INFO: [ app_init ] --END-- [ RunTime:0.000420s ]

[ 2016-12-09T15:44:14+08:00 ] 117.23.83.217 /cnconsum/index.php/Merchant/Business/image/window.gif
INFO: [ app_init ] --START--
INFO: Run Behavior\BuildLiteBehavior [ RunTime:0.000017s ]
INFO: [ app_init ] --END-- [ RunTime:0.000320s ]

[ 2016-12-09T15:44:22+08:00 ] 117.23.83.217 /cnconsum/index.php/Merchant/Business/adminMod?account=09132341
INFO: [ app_init ] --START--
INFO: Run Behavior\BuildLiteBehavior [ RunTime:0.000013s ]
INFO: [ app_init ] --END-- [ RunTime:0.000286s ]

[ 2016-12-09T15:44:26+08:00 ] 117.23.83.217 /cnconsum/index.php/Merchant/admin/mod
INFO: [ app_init ] --START--
INFO: Run Behavior\BuildLiteBehavior [ RunTime:0.000017s ]
INFO: [ app_init ] --END-- [ RunTime:0.000302s ]

[ 2016-12-09T15:44:30+08:00 ] 117.23.83.217 /cnconsum/index.php/Merchant/Business/glysz
INFO: [ app_init ] --START--
INFO: Run Behavior\BuildLiteBehavior [ RunTime:0.000017s ]
INFO: [ app_init ] --END-- [ RunTime:0.000369s ]

[ 2016-12-09T15:44:33+08:00 ] 117.23.83.217 /cnconsum/index.php/Merchant/Business/glysz
INFO: [ app_init ] --START--
INFO: Run Behavior\BuildLiteBehavior [ RunTime:0.000021s ]
INFO: [ app_init ] --END-- [ RunTime:0.000833s ]
INFO: [ app_begin ] --START--
INFO: Run Behavior\ReadHtmlCacheBehavior [ RunTime:0.000545s ]
INFO: [ app_begin ] --END-- [ RunTime:0.000617s ]
SQL: SHOW COLUMNS FROM `cn_admin` [ RunTime:0.0007s ]
SQL: SELECT COUNT(*) AS tp_count FROM `cn_admin` WHERE `merchant` = 'm_6d4e76ca11' LIMIT 1   [ RunTime:0.0004s ]
SQL: SELECT * FROM `cn_admin` WHERE `merchant` = 'm_6d4e76ca11' LIMIT 3,3   [ RunTime:0.0003s ]

[ 2016-12-09T15:44:35+08:00 ] 117.23.83.217 /cnconsum/index.php/Merchant/Business/glysz
INFO: [ app_init ] --START--
INFO: Run Behavior\BuildLiteBehavior [ RunTime:0.000014s ]
INFO: [ app_init ] --END-- [ RunTime:0.000255s ]
INFO: [ app_begin ] --START--
INFO: Run Behavior\ReadHtmlCacheBehavior [ RunTime:0.000313s ]
INFO: [ app_begin ] --END-- [ RunTime:0.000352s ]
SQL: SHOW COLUMNS FROM `cn_admin` [ RunTime:0.0007s ]
SQL: SELECT COUNT(*) AS tp_count FROM `cn_admin` WHERE `merchant` = 'm_6d4e76ca11' LIMIT 1   [ RunTime:0.0004s ]
SQL: SELECT * FROM `cn_admin` WHERE `merchant` = 'm_6d4e76ca11' LIMIT 0,3   [ RunTime:0.0003s ]

[ 2016-12-09T15:44:36+08:00 ] 117.23.83.217 /cnconsum/index.php/Merchant/Business/glysz
INFO: [ app_init ] --START--
INFO: Run Behavior\BuildLiteBehavior [ RunTime:0.000013s ]
INFO: [ app_init ] --END-- [ RunTime:0.000259s ]

[ 2016-12-09T15:44:38+08:00 ] 117.23.83.217 /cnconsum/index.php/Merchant/Business/image/dialog_cb.png
INFO: [ app_init ] --START--
INFO: Run Behavior\BuildLiteBehavior [ RunTime:0.000013s ]
INFO: [ app_init ] --END-- [ RunTime:0.000255s ]

[ 2016-12-09T15:44:38+08:00 ] 117.23.83.217 /cnconsum/index.php/Merchant/Business/image/window.gif
INFO: [ app_init ] --START--
INFO: Run Behavior\BuildLiteBehavior [ RunTime:0.000014s ]
INFO: [ app_init ] --END-- [ RunTime:0.000335s ]

[ 2016-12-09T15:44:41+08:00 ] 117.23.83.217 /cnconsum/index.php/Merchant/Business/image/window.gif
INFO: [ app_init ] --START--
INFO: Run Behavior\BuildLiteBehavior [ RunTime:0.000013s ]
INFO: [ app_init ] --END-- [ RunTime:0.000258s ]

[ 2016-12-09T15:46:38+08:00 ] 117.23.83.217 /cnconsum/index.php/Merchant/Business/glysz
INFO: [ app_init ] --START--
INFO: Run Behavior\BuildLiteBehavior [ RunTime:0.000014s ]
INFO: [ app_init ] --END-- [ RunTime:0.000304s ]

[ 2016-12-09T15:46:40+08:00 ] 117.23.83.217 /cnconsum/index.php/Merchant/Business/image/dialog_cb.png
INFO: [ app_init ] --START--
INFO: Run Behavior\BuildLiteBehavior [ RunTime:0.000020s ]
INFO: [ app_init ] --END-- [ RunTime:0.000432s ]

[ 2016-12-09T15:46:40+08:00 ] 117.23.83.217 /cnconsum/index.php/Merchant/Business/image/window.gif
INFO: [ app_init ] --START--
INFO: Run Behavior\BuildLiteBehavior [ RunTime:0.000012s ]
INFO: [ app_init ] --END-- [ RunTime:0.000244s ]

[ 2016-12-09T15:46:42+08:00 ] 117.23.83.217 /cnconsum/index.php/Merchant/admin/del
INFO: [ app_init ] --START--
INFO: Run Behavior\BuildLiteBehavior [ RunTime:0.000013s ]
INFO: [ app_init ] --END-- [ RunTime:0.000269s ]

[ 2016-12-09T15:46:45+08:00 ] 117.23.83.217 /cnconsum/index.php/Merchant/Business/glysz
INFO: [ app_init ] --START--
INFO: Run Behavior\BuildLiteBehavior [ RunTime:0.000014s ]
INFO: [ app_init ] --END-- [ RunTime:0.000262s ]

[ 2016-12-09T15:46:52+08:00 ] 101.226.66.187 /cnconsum/index.php/Merchant/admin/del
INFO: [ app_init ] --START--
INFO: Run Behavior\BuildLiteBehavior [ RunTime:0.000021s ]
INFO: [ app_init ] --END-- [ RunTime:0.000421s ]

[ 2016-12-09T15:50:58+08:00 ] 117.23.83.217 /cnconsum/index.php/Merchant/Business/glysz
INFO: [ app_init ] --START--
INFO: Run Behavior\BuildLiteBehavior [ RunTime:0.000013s ]
INFO: [ app_init ] --END-- [ RunTime:0.000258s ]

[ 2016-12-09T15:50:59+08:00 ] 117.23.83.217 /cnconsum/index.php/Merchant/Business/image/dialog_cb.png
INFO: [ app_init ] --START--
INFO: Run Behavior\BuildLiteBehavior [ RunTime:0.000014s ]
INFO: [ app_init ] --END-- [ RunTime:0.000289s ]

[ 2016-12-09T15:50:59+08:00 ] 117.23.83.217 /cnconsum/index.php/Merchant/Business/image/window.gif
INFO: [ app_init ] --START--
INFO: Run Behavior\BuildLiteBehavior [ RunTime:0.000016s ]
INFO: [ app_init ] --END-- [ RunTime:0.000273s ]

[ 2016-12-09T15:51:01+08:00 ] 117.23.83.217 /cnconsum/index.php/Merchant/admin/del
INFO: [ app_init ] --START--
INFO: Run Behavior\BuildLiteBehavior [ RunTime:0.000014s ]
INFO: [ app_init ] --END-- [ RunTime:0.000257s ]

[ 2016-12-09T15:51:04+08:00 ] 117.23.83.217 /cnconsum/index.php/Merchant/Business/glysz
INFO: [ app_init ] --START--
INFO: Run Behavior\BuildLiteBehavior [ RunTime:0.000014s ]
INFO: [ app_init ] --END-- [ RunTime:0.000341s ]

[ 2016-12-09T15:53:54+08:00 ] 117.23.83.217 /cnconsum/index.php/Merchant/Business/glysz
INFO: [ app_init ] --START--
INFO: Run Behavior\BuildLiteBehavior [ RunTime:0.000014s ]
INFO: [ app_init ] --END-- [ RunTime:0.000260s ]

[ 2016-12-09T15:53:56+08:00 ] 117.23.83.217 /cnconsum/index.php/Merchant/Business/image/dialog_cb.png
INFO: [ app_init ] --START--
INFO: Run Behavior\BuildLiteBehavior [ RunTime:0.000020s ]
INFO: [ app_init ] --END-- [ RunTime:0.000347s ]

[ 2016-12-09T15:53:56+08:00 ] 117.23.83.217 /cnconsum/index.php/Merchant/Business/image/window.gif
INFO: [ app_init ] --START--
INFO: Run Behavior\BuildLiteBehavior [ RunTime:0.000014s ]
INFO: [ app_init ] --END-- [ RunTime:0.000284s ]

[ 2016-12-09T15:53:58+08:00 ] 117.23.83.217 /cnconsum/index.php/Merchant/admin/del?account=1234567
INFO: [ app_init ] --START--
INFO: Run Behavior\BuildLiteBehavior [ RunTime:0.000013s ]
INFO: [ app_init ] --END-- [ RunTime:0.000265s ]

[ 2016-12-09T15:54:02+08:00 ] 117.23.83.217 /cnconsum/index.php/Merchant/Business/glysz
INFO: [ app_init ] --START--
INFO: Run Behavior\BuildLiteBehavior [ RunTime:0.000014s ]
INFO: [ app_init ] --END-- [ RunTime:0.000293s ]

[ 2016-12-09T15:54:13+08:00 ] 101.226.33.204 /cnconsum/index.php/Merchant/admin/del?account=1234567
INFO: [ app_init ] --START--
INFO: Run Behavior\BuildLiteBehavior [ RunTime:0.000016s ]
INFO: [ app_init ] --END-- [ RunTime:0.000351s ]

[ 2016-12-09T15:54:16+08:00 ] 117.23.83.217 /cnconsum/Merchant/merchant/loginView
INFO: [ app_init ] --START--
INFO: Run Behavior\BuildLiteBehavior [ RunTime:0.000014s ]
INFO: [ app_init ] --END-- [ RunTime:0.000279s ]

[ 2016-12-09T15:54:19+08:00 ] 117.23.83.217 /cnconsum/index.php/Merchant/Business/hyzgl.html
INFO: [ app_init ] --START--
INFO: Run Behavior\BuildLiteBehavior [ RunTime:0.000014s ]
INFO: [ app_init ] --END-- [ RunTime:0.000268s ]

[ 2016-12-09T15:54:24+08:00 ] 117.23.83.217 /cnconsum/index.php/Merchant/Business/glysz
INFO: [ app_init ] --START--
INFO: Run Behavior\BuildLiteBehavior [ RunTime:0.000066s ]
INFO: [ app_init ] --END-- [ RunTime:0.000389s ]

[ 2016-12-09T15:54:26+08:00 ] 117.23.83.217 /cnconsum/index.php/Merchant/Business/adminAdd
INFO: [ app_init ] --START--
INFO: Run Behavior\BuildLiteBehavior [ RunTime:0.000013s ]
INFO: [ app_init ] --END-- [ RunTime:0.000258s ]

[ 2016-12-09T15:54:42+08:00 ] 117.23.83.217 /cnconsum/index.php/Merchant/admin/add
INFO: [ app_init ] --START--
INFO: Run Behavior\BuildLiteBehavior [ RunTime:0.000015s ]
INFO: [ app_init ] --END-- [ RunTime:0.000294s ]

[ 2016-12-09T15:54:45+08:00 ] 117.23.83.217 /cnconsum/index.php/Merchant/Business/adminAdd
INFO: [ app_init ] --START--
INFO: Run Behavior\BuildLiteBehavior [ RunTime:0.000018s ]
INFO: [ app_init ] --END-- [ RunTime:0.000315s ]

[ 2016-12-09T15:54:51+08:00 ] 117.23.83.217 /cnconsum/index.php/Merchant/admin/add
INFO: [ app_init ] --START--
INFO: Run Behavior\BuildLiteBehavior [ RunTime:0.000012s ]
INFO: [ app_init ] --END-- [ RunTime:0.000254s ]

[ 2016-12-09T15:55:26+08:00 ] 117.23.83.217 /cnconsum/Merchant/merchant/loginView
INFO: [ app_init ] --START--
INFO: Run Behavior\BuildLiteBehavior [ RunTime:0.000014s ]
INFO: [ app_init ] --END-- [ RunTime:0.000272s ]

[ 2016-12-09T15:55:29+08:00 ] 117.23.83.217 /cnconsum/index.php/Merchant/Business/hyzgl.html
INFO: [ app_init ] --START--
INFO: Run Behavior\BuildLiteBehavior [ RunTime:0.000015s ]
INFO: [ app_init ] --END-- [ RunTime:0.000318s ]

[ 2016-12-09T15:55:32+08:00 ] 117.23.83.217 /cnconsum/index.php/Merchant/Business/glysz
INFO: [ app_init ] --START--
INFO: Run Behavior\BuildLiteBehavior [ RunTime:0.000015s ]
INFO: [ app_init ] --END-- [ RunTime:0.000361s ]

[ 2016-12-09T16:02:15+08:00 ] 117.23.83.217 /cnconsum/Merchant/merchant/loginView
INFO: [ app_init ] --START--
INFO: Run Behavior\BuildLiteBehavior [ RunTime:0.000019s ]
INFO: [ app_init ] --END-- [ RunTime:0.000405s ]

[ 2016-12-09T16:02:26+08:00 ] 117.23.83.217 /cnconsum/Merchant/merchant/login
INFO: [ app_init ] --START--
INFO: Run Behavior\BuildLiteBehavior [ RunTime:0.000014s ]
INFO: [ app_init ] --END-- [ RunTime:0.000304s ]

[ 2016-12-09T16:02:29+08:00 ] 117.23.83.217 /cnconsum/index.php/Merchant/Business/hyzgl.html
INFO: [ app_init ] --START--
INFO: Run Behavior\BuildLiteBehavior [ RunTime:0.000014s ]
INFO: [ app_init ] --END-- [ RunTime:0.000285s ]

[ 2016-12-09T16:32:28+08:00 ] 117.23.83.217 /cnconsum/index.php/Merchant/Business/glysz
INFO: [ app_init ] --START--
INFO: Run Behavior\BuildLiteBehavior [ RunTime:0.000014s ]
INFO: [ app_init ] --END-- [ RunTime:0.000259s ]

[ 2016-12-09T16:32:36+08:00 ] 117.23.83.217 /cnconsum/index.php/Merchant/Business/adminAdd
INFO: [ app_init ] --START--
INFO: Run Behavior\BuildLiteBehavior [ RunTime:0.000014s ]
INFO: [ app_init ] --END-- [ RunTime:0.000311s ]

[ 2016-12-09T16:32:45+08:00 ] 117.23.83.217 /cnconsum/index.php/Merchant/admin/add
INFO: [ app_init ] --START--
INFO: Run Behavior\BuildLiteBehavior [ RunTime:0.000011s ]
INFO: [ app_init ] --END-- [ RunTime:0.000243s ]

[ 2016-12-09T16:32:48+08:00 ] 117.23.83.217 /cnconsum/index.php/Merchant/Business/glysz
INFO: [ app_init ] --START--
INFO: Run Behavior\BuildLiteBehavior [ RunTime:0.000022s ]
INFO: [ app_init ] --END-- [ RunTime:0.000299s ]

[ 2016-12-09T16:32:51+08:00 ] 117.23.83.217 /cnconsum/index.php/Merchant/Business/adminAdd
INFO: [ app_init ] --START--
INFO: Run Behavior\BuildLiteBehavior [ RunTime:0.000014s ]
INFO: [ app_init ] --END-- [ RunTime:0.000291s ]

[ 2016-12-09T16:32:59+08:00 ] 117.23.83.217 /cnconsum/index.php/Merchant/admin/add
INFO: [ app_init ] --START--
INFO: Run Behavior\BuildLiteBehavior [ RunTime:0.000019s ]
INFO: [ app_init ] --END-- [ RunTime:0.000454s ]

[ 2016-12-09T16:33:03+08:00 ] 117.23.83.217 /cnconsum/index.php/Merchant/Business/glysz
INFO: [ app_init ] --START--
INFO: Run Behavior\BuildLiteBehavior [ RunTime:0.000014s ]
INFO: [ app_init ] --END-- [ RunTime:0.000263s ]

[ 2016-12-09T16:33:05+08:00 ] 117.23.83.217 /cnconsum/index.php/Merchant/Business/glysz
INFO: [ app_init ] --START--
INFO: Run Behavior\BuildLiteBehavior [ RunTime:0.000014s ]
INFO: [ app_init ] --END-- [ RunTime:0.000291s ]
INFO: [ app_begin ] --START--
INFO: Run Behavior\ReadHtmlCacheBehavior [ RunTime:0.000313s ]
INFO: [ app_begin ] --END-- [ RunTime:0.000369s ]
SQL: SHOW COLUMNS FROM `cn_admin` [ RunTime:0.0006s ]
SQL: SELECT COUNT(*) AS tp_count FROM `cn_admin` WHERE `merchant` = 'm_e89531d9a4' LIMIT 1   [ RunTime:0.0004s ]
SQL: SELECT * FROM `cn_admin` WHERE `merchant` = 'm_e89531d9a4' LIMIT 3,3   [ RunTime:0.0002s ]

[ 2016-12-09T16:33:06+08:00 ] 117.23.83.217 /cnconsum/index.php/Merchant/Business/glysz
INFO: [ app_init ] --START--
INFO: Run Behavior\BuildLiteBehavior [ RunTime:0.000013s ]
INFO: [ app_init ] --END-- [ RunTime:0.000264s ]
INFO: [ app_begin ] --START--
INFO: Run Behavior\ReadHtmlCacheBehavior [ RunTime:0.000317s ]
INFO: [ app_begin ] --END-- [ RunTime:0.000357s ]
SQL: SHOW COLUMNS FROM `cn_admin` [ RunTime:0.0007s ]
SQL: SELECT COUNT(*) AS tp_count FROM `cn_admin` WHERE `merchant` = 'm_e89531d9a4' LIMIT 1   [ RunTime:0.0004s ]
SQL: SELECT * FROM `cn_admin` WHERE `merchant` = 'm_e89531d9a4' LIMIT 0,3   [ RunTime:0.0003s ]

[ 2016-12-09T16:33:08+08:00 ] 117.23.83.217 /cnconsum/index.php/Merchant/Business/image/dialog_cb.png
INFO: [ app_init ] --START--
INFO: Run Behavior\BuildLiteBehavior [ RunTime:0.000017s ]
INFO: [ app_init ] --END-- [ RunTime:0.000349s ]

[ 2016-12-09T16:33:08+08:00 ] 117.23.83.217 /cnconsum/index.php/Merchant/Business/image/window.gif
INFO: [ app_init ] --START--
INFO: Run Behavior\BuildLiteBehavior [ RunTime:0.000013s ]
INFO: [ app_init ] --END-- [ RunTime:0.000261s ]

[ 2016-12-09T16:33:17+08:00 ] 117.23.83.217 /cnconsum/index.php/Merchant/Business/glysz
INFO: [ app_init ] --START--
INFO: Run Behavior\BuildLiteBehavior [ RunTime:0.000016s ]
INFO: [ app_init ] --END-- [ RunTime:0.000291s ]

[ 2016-12-09T16:33:18+08:00 ] 117.23.83.217 /cnconsum/index.php/Merchant/Business/image/dialog_cb.png
INFO: [ app_init ] --START--
INFO: Run Behavior\BuildLiteBehavior [ RunTime:0.000013s ]
INFO: [ app_init ] --END-- [ RunTime:0.000263s ]

[ 2016-12-09T16:33:18+08:00 ] 117.23.83.217 /cnconsum/index.php/Merchant/Business/image/window.gif
INFO: [ app_init ] --START--
INFO: Run Behavior\BuildLiteBehavior [ RunTime:0.000012s ]
INFO: [ app_init ] --END-- [ RunTime:0.000247s ]

[ 2016-12-09T16:33:20+08:00 ] 117.23.83.217 /cnconsum/index.php/Merchant/admin/del?account=0
INFO: [ app_init ] --START--
INFO: Run Behavior\BuildLiteBehavior [ RunTime:0.000015s ]
INFO: [ app_init ] --END-- [ RunTime:0.000345s ]

[ 2016-12-09T16:33:24+08:00 ] 117.23.83.217 /cnconsum/index.php/Merchant/Business/glysz
INFO: [ app_init ] --START--
INFO: Run Behavior\BuildLiteBehavior [ RunTime:0.000013s ]
INFO: [ app_init ] --END-- [ RunTime:0.000257s ]

[ 2016-12-09T16:33:37+08:00 ] 101.226.89.119 /cnconsum/index.php/Merchant/admin/del?account=0
INFO: [ app_init ] --START--
INFO: Run Behavior\BuildLiteBehavior [ RunTime:0.000016s ]
INFO: [ app_init ] --END-- [ RunTime:0.000310s ]

[ 2016-12-09T16:34:54+08:00 ] 117.23.83.217 /cnconsum/index.php/Merchant/Business/image/dialog_cb.png
INFO: [ app_init ] --START--
INFO: Run Behavior\BuildLiteBehavior [ RunTime:0.000013s ]
INFO: [ app_init ] --END-- [ RunTime:0.000304s ]

[ 2016-12-09T16:34:54+08:00 ] 117.23.83.217 /cnconsum/index.php/Merchant/Business/image/window.gif
INFO: [ app_init ] --START--
INFO: Run Behavior\BuildLiteBehavior [ RunTime:0.000013s ]
INFO: [ app_init ] --END-- [ RunTime:0.000253s ]

[ 2016-12-09T16:34:56+08:00 ] 117.23.83.217 /cnconsum/index.php/Merchant/admin/del?account=0
INFO: [ app_init ] --START--
INFO: Run Behavior\BuildLiteBehavior [ RunTime:0.000014s ]
INFO: [ app_init ] --END-- [ RunTime:0.000261s ]

[ 2016-12-09T16:34:59+08:00 ] 117.23.83.217 /cnconsum/index.php/Merchant/Business/glysz
INFO: [ app_init ] --START--
INFO: Run Behavior\BuildLiteBehavior [ RunTime:0.000013s ]
INFO: [ app_init ] --END-- [ RunTime:0.000259s ]

[ 2016-12-09T16:35:09+08:00 ] 117.23.83.217 /cnconsum/index.php/Merchant/Business/image/dialog_cb.png
INFO: [ app_init ] --START--
INFO: Run Behavior\BuildLiteBehavior [ RunTime:0.000013s ]
INFO: [ app_init ] --END-- [ RunTime:0.000265s ]

[ 2016-12-09T16:35:09+08:00 ] 117.23.83.217 /cnconsum/index.php/Merchant/Business/image/window.gif
INFO: [ app_init ] --START--
INFO: Run Behavior\BuildLiteBehavior [ RunTime:0.000012s ]
INFO: [ app_init ] --END-- [ RunTime:0.000267s ]

[ 2016-12-09T16:35:10+08:00 ] 117.23.83.217 /cnconsum/index.php/Merchant/admin/del?account=123124
INFO: [ app_init ] --START--
INFO: Run Behavior\BuildLiteBehavior [ RunTime:0.000018s ]
INFO: [ app_init ] --END-- [ RunTime:0.000296s ]

[ 2016-12-09T16:35:14+08:00 ] 117.23.83.217 /cnconsum/index.php/Merchant/Business/glysz
INFO: [ app_init ] --START--
INFO: Run Behavior\BuildLiteBehavior [ RunTime:0.000016s ]
INFO: [ app_init ] --END-- [ RunTime:0.000411s ]

[ 2016-12-09T16:35:26+08:00 ] 101.226.85.67 /cnconsum/index.php/Merchant/admin/del?account=123124
INFO: [ app_init ] --START--
INFO: Run Behavior\BuildLiteBehavior [ RunTime:0.000015s ]
INFO: [ app_init ] --END-- [ RunTime:0.000284s ]

[ 2016-12-09T16:35:39+08:00 ] 117.23.83.217 /cnconsum/index.php/Merchant/Business/glysz
INFO: [ app_init ] --START--
INFO: Run Behavior\BuildLiteBehavior [ RunTime:0.000013s ]
INFO: [ app_init ] --END-- [ RunTime:0.000293s ]

[ 2016-12-09T16:35:43+08:00 ] 117.23.83.217 /cnconsum/index.php/Merchant/Business/adminAdd
INFO: [ app_init ] --START--
INFO: Run Behavior\BuildLiteBehavior [ RunTime:0.000015s ]
INFO: [ app_init ] --END-- [ RunTime:0.000355s ]

[ 2016-12-09T16:35:50+08:00 ] 117.23.83.217 /cnconsum/index.php/Merchant/admin/add
INFO: [ app_init ] --START--
INFO: Run Behavior\BuildLiteBehavior [ RunTime:0.000013s ]
INFO: [ app_init ] --END-- [ RunTime:0.000259s ]

[ 2016-12-09T16:35:54+08:00 ] 117.23.83.217 /cnconsum/index.php/Merchant/Business/glysz
INFO: [ app_init ] --START--
INFO: Run Behavior\BuildLiteBehavior [ RunTime:0.000019s ]
INFO: [ app_init ] --END-- [ RunTime:0.000274s ]

[ 2016-12-09T16:35:57+08:00 ] 117.23.83.217 /cnconsum/index.php/Merchant/Business/adminAdd
INFO: [ app_init ] --START--
INFO: Run Behavior\BuildLiteBehavior [ RunTime:0.000014s ]
INFO: [ app_init ] --END-- [ RunTime:0.000390s ]

[ 2016-12-09T16:36:06+08:00 ] 117.23.83.217 /cnconsum/index.php/Merchant/admin/add
INFO: [ app_init ] --START--
INFO: Run Behavior\BuildLiteBehavior [ RunTime:0.000013s ]
INFO: [ app_init ] --END-- [ RunTime:0.000255s ]

[ 2016-12-09T16:36:09+08:00 ] 117.23.83.217 /cnconsum/index.php/Merchant/Business/glysz
INFO: [ app_init ] --START--
INFO: Run Behavior\BuildLiteBehavior [ RunTime:0.000013s ]
INFO: [ app_init ] --END-- [ RunTime:0.000253s ]

[ 2016-12-09T16:36:11+08:00 ] 117.23.83.217 /cnconsum/index.php/Merchant/Business/glysz
INFO: [ app_init ] --START--
INFO: Run Behavior\BuildLiteBehavior [ RunTime:0.000013s ]
INFO: [ app_init ] --END-- [ RunTime:0.000264s ]
INFO: [ app_begin ] --START--
INFO: Run Behavior\ReadHtmlCacheBehavior [ RunTime:0.000317s ]
INFO: [ app_begin ] --END-- [ RunTime:0.000362s ]
SQL: SHOW COLUMNS FROM `cn_admin` [ RunTime:0.0008s ]
SQL: SELECT COUNT(*) AS tp_count FROM `cn_admin` WHERE `merchant` = 'm_e89531d9a4' LIMIT 1   [ RunTime:0.0004s ]
SQL: SELECT * FROM `cn_admin` WHERE `merchant` = 'm_e89531d9a4' LIMIT 3,3   [ RunTime:0.0002s ]

[ 2016-12-09T16:36:12+08:00 ] 117.23.83.217 /cnconsum/index.php/Merchant/Business/glysz
INFO: [ app_init ] --START--
INFO: Run Behavior\BuildLiteBehavior [ RunTime:0.000014s ]
INFO: [ app_init ] --END-- [ RunTime:0.000352s ]
INFO: [ app_begin ] --START--
INFO: Run Behavior\ReadHtmlCacheBehavior [ RunTime:0.000409s ]
INFO: [ app_begin ] --END-- [ RunTime:0.000448s ]
SQL: SHOW COLUMNS FROM `cn_admin` [ RunTime:0.0007s ]
SQL: SELECT COUNT(*) AS tp_count FROM `cn_admin` WHERE `merchant` = 'm_e89531d9a4' LIMIT 1   [ RunTime:0.0004s ]
SQL: SELECT * FROM `cn_admin` WHERE `merchant` = 'm_e89531d9a4' LIMIT 0,3   [ RunTime:0.0002s ]

[ 2016-12-09T16:36:14+08:00 ] 117.23.83.217 /cnconsum/index.php/Merchant/Business/glysz
INFO: [ app_init ] --START--
INFO: Run Behavior\BuildLiteBehavior [ RunTime:0.000015s ]
INFO: [ app_init ] --END-- [ RunTime:0.000277s ]

[ 2016-12-09T16:36:24+08:00 ] 117.23.83.217 /cnconsum/index.php/Merchant/Business/adminMod?account=123450987
INFO: [ app_init ] --START--
INFO: Run Behavior\BuildLiteBehavior [ RunTime:0.000024s ]
INFO: [ app_init ] --END-- [ RunTime:0.000445s ]

[ 2016-12-09T16:36:28+08:00 ] 117.23.83.217 /cnconsum/index.php/Merchant/Business/adminMod?account=312414
INFO: [ app_init ] --START--
INFO: Run Behavior\BuildLiteBehavior [ RunTime:0.000014s ]
INFO: [ app_init ] --END-- [ RunTime:0.000339s ]

[ 2016-12-09T16:36:34+08:00 ] 180.153.81.212 /cnconsum/index.php/Merchant/Business/adminMod?account=123450987
INFO: [ app_init ] --START--
INFO: Run Behavior\BuildLiteBehavior [ RunTime:0.000020s ]
INFO: [ app_init ] --END-- [ RunTime:0.000392s ]

[ 2016-12-09T16:36:43+08:00 ] 101.226.33.200 /cnconsum/index.php/Merchant/Business/adminMod?account=312414
INFO: [ app_init ] --START--
INFO: Run Behavior\BuildLiteBehavior [ RunTime:0.000027s ]
INFO: [ app_init ] --END-- [ RunTime:0.000384s ]

[ 2016-12-09T16:37:15+08:00 ] 117.23.83.217 /cnconsum/index.php/Merchant/Business/adminMod?account=123450987
INFO: [ app_init ] --START--
INFO: Run Behavior\BuildLiteBehavior [ RunTime:0.000013s ]
INFO: [ app_init ] --END-- [ RunTime:0.000262s ]

[ 2016-12-09T16:37:19+08:00 ] 117.23.83.217 /cnconsum/index.php/Merchant/Business/adminMod?account=312414
INFO: [ app_init ] --START--
INFO: Run Behavior\BuildLiteBehavior [ RunTime:0.000014s ]
INFO: [ app_init ] --END-- [ RunTime:0.000264s ]

[ 2016-12-09T16:37:25+08:00 ] 117.23.83.217 /cnconsum/index.php/Merchant/admin/mod
INFO: [ app_init ] --START--
INFO: Run Behavior\BuildLiteBehavior [ RunTime:0.000013s ]
INFO: [ app_init ] --END-- [ RunTime:0.000259s ]

[ 2016-12-09T16:37:28+08:00 ] 117.23.83.217 /cnconsum/index.php/Merchant/Business/glysz
INFO: [ app_init ] --START--
INFO: Run Behavior\BuildLiteBehavior [ RunTime:0.000018s ]
INFO: [ app_init ] --END-- [ RunTime:0.000398s ]

[ 2016-12-09T16:40:27+08:00 ] 117.23.83.217 /cnconsum/index.php/Merchant/Business/hyzgl
INFO: [ app_init ] --START--
INFO: Run Behavior\BuildLiteBehavior [ RunTime:0.000014s ]
INFO: [ app_init ] --END-- [ RunTime:0.000261s ]

[ 2016-12-09T16:40:29+08:00 ] 117.23.83.217 /cnconsum/index.php/Merchant/Business/turnURL?url=../card/addView
INFO: [ app_init ] --START--
INFO: Run Behavior\BuildLiteBehavior [ RunTime:0.000015s ]
INFO: [ app_init ] --END-- [ RunTime:0.000306s ]

[ 2016-12-09T16:40:29+08:00 ] 117.23.83.217 /cnconsum/index.php/Merchant/card/addView
INFO: [ app_init ] --START--
INFO: Run Behavior\BuildLiteBehavior [ RunTime:0.000011s ]
INFO: [ app_init ] --END-- [ RunTime:0.000238s ]

