[ 2016-11-16T09:24:15+08:00 ] 1.80.216.83 /cnconsum/Merchant/merchant/loginView
INFO: [ app_init ] --START--
INFO: Run Behavior\BuildLiteBehavior [ RunTime:0.000025s ]
INFO: [ app_init ] --END-- [ RunTime:0.000490s ]

[ 2016-11-16T09:24:19+08:00 ] 1.80.216.83 /cnconsum/Merchant/merchant/test
INFO: [ app_init ] --START--
INFO: Run Behavior\BuildLiteBehavior [ RunTime:0.000018s ]
INFO: [ app_init ] --END-- [ RunTime:0.000298s ]

[ 2016-11-16T09:24:19+08:00 ] 1.80.216.83 /cnconsum/Merchant/merchant/__PUBLIC__/swf/uploadify.swf?preventswfcaching=1479259589169
INFO: [ app_init ] --START--
INFO: Run Behavior\BuildLiteBehavior [ RunTime:0.000014s ]
INFO: [ app_init ] --END-- [ RunTime:0.000266s ]
ERR: 非法操作:__PUBLIC__

[ 2016-11-16T09:24:19+08:00 ] 1.80.216.83 /cnconsum/Merchant/merchant/__PUBLIC__/swf/uploadify.swf?preventswfcaching=1479259589169
INFO: [ app_init ] --START--
INFO: Run Behavior\BuildLiteBehavior [ RunTime:0.000015s ]
INFO: [ app_init ] --END-- [ RunTime:0.000265s ]
ERR: 非法操作:__PUBLIC__

[ 2016-11-16T09:24:29+08:00 ] 101.226.66.181 /cnconsum/Merchant/merchant/__PUBLIC__/swf/uploadify.swf?preventswfcaching=1479259589169
INFO: [ app_init ] --START--
INFO: Run Behavior\BuildLiteBehavior [ RunTime:0.000014s ]
INFO: [ app_init ] --END-- [ RunTime:0.000299s ]
ERR: 非法操作:__PUBLIC__

[ 2016-11-16T09:24:37+08:00 ] 101.226.99.197 /cnconsum/Merchant/merchant/test
INFO: [ app_init ] --START--
INFO: Run Behavior\BuildLiteBehavior [ RunTime:0.000013s ]
INFO: [ app_init ] --END-- [ RunTime:0.000251s ]

[ 2016-11-16T09:25:41+08:00 ] 1.80.216.83 /cnconsum/Merchant/merchant/test
INFO: [ app_init ] --START--
INFO: Run Behavior\BuildLiteBehavior [ RunTime:0.000013s ]
INFO: [ app_init ] --END-- [ RunTime:0.000263s ]

[ 2016-11-16T09:25:42+08:00 ] 1.80.216.83 /cnconsum/Merchant/merchant/cnconsum/Public/swf/uploadify.swf?preventswfcaching=1479259671481
INFO: [ app_init ] --START--
INFO: Run Behavior\BuildLiteBehavior [ RunTime:0.000015s ]
INFO: [ app_init ] --END-- [ RunTime:0.000284s ]
ERR: 非法操作:cnconsum

[ 2016-11-16T09:25:42+08:00 ] 1.80.216.83 /cnconsum/Merchant/merchant/cnconsum/Public/swf/uploadify.swf?preventswfcaching=1479259671481
INFO: [ app_init ] --START--
INFO: Run Behavior\BuildLiteBehavior [ RunTime:0.000013s ]
INFO: [ app_init ] --END-- [ RunTime:0.000268s ]
ERR: 非法操作:cnconsum

[ 2016-11-16T09:26:01+08:00 ] 180.153.201.28 /cnconsum/Merchant/merchant/cnconsum/Public/swf/uploadify.swf?preventswfcaching=1479259671481
INFO: [ app_init ] --START--
INFO: Run Behavior\BuildLiteBehavior [ RunTime:0.000019s ]
INFO: [ app_init ] --END-- [ RunTime:0.000289s ]
ERR: 非法操作:cnconsum

[ 2016-11-16T09:26:13+08:00 ] 1.80.216.83 /cnconsum/Merchant/merchant/test
INFO: [ app_init ] --START--
INFO: Run Behavior\BuildLiteBehavior [ RunTime:0.000014s ]
INFO: [ app_init ] --END-- [ RunTime:0.000339s ]

[ 2016-11-16T09:26:13+08:00 ] 1.80.216.83 /cnconsum/Merchant/swf/uploadify.swf?preventswfcaching=1479259702830
INFO: [ app_init ] --START--
INFO: Run Behavior\BuildLiteBehavior [ RunTime:0.000023s ]
INFO: [ app_init ] --END-- [ RunTime:0.000332s ]
ERR: 无法加载控制器:Swf

[ 2016-11-16T09:26:13+08:00 ] 1.80.216.83 /cnconsum/Merchant/swf/uploadify.swf?preventswfcaching=1479259702830
INFO: [ app_init ] --START--
INFO: Run Behavior\BuildLiteBehavior [ RunTime:0.000018s ]
INFO: [ app_init ] --END-- [ RunTime:0.000345s ]
ERR: 无法加载控制器:Swf

[ 2016-11-16T09:26:30+08:00 ] 180.153.201.66 /cnconsum/Merchant/swf/uploadify.swf?preventswfcaching=1479259702830
INFO: [ app_init ] --START--
INFO: Run Behavior\BuildLiteBehavior [ RunTime:0.000020s ]
INFO: [ app_init ] --END-- [ RunTime:0.000376s ]
ERR: 无法加载控制器:Swf

[ 2016-11-16T09:26:38+08:00 ] 1.80.216.83 /cnconsum/Merchant/merchant/test
INFO: [ app_init ] --START--
INFO: Run Behavior\BuildLiteBehavior [ RunTime:0.000014s ]
INFO: [ app_init ] --END-- [ RunTime:0.000279s ]

[ 2016-11-16T09:26:54+08:00 ] 117.94.161.57 /cnconsum/Merchant/swf/uploadify.swf?preventswfcaching=1479259702830
INFO: [ app_init ] --START--
INFO: Run Behavior\BuildLiteBehavior [ RunTime:0.000020s ]
INFO: [ app_init ] --END-- [ RunTime:0.000394s ]
ERR: 无法加载控制器:Swf

[ 2016-11-16T09:27:05+08:00 ] 1.80.216.83 /cnconsum/Merchant/merchant/test
INFO: [ app_init ] --START--
INFO: Run Behavior\BuildLiteBehavior [ RunTime:0.000013s ]
INFO: [ app_init ] --END-- [ RunTime:0.000256s ]

[ 2016-11-16T09:27:05+08:00 ] 1.80.216.83 /cnconsum/Merchant/Public/swf/uploadify.swf?preventswfcaching=1479259755078
INFO: [ app_init ] --START--
INFO: Run Behavior\BuildLiteBehavior [ RunTime:0.000016s ]
INFO: [ app_init ] --END-- [ RunTime:0.000286s ]
ERR: 无法加载控制器:Public

[ 2016-11-16T09:27:05+08:00 ] 1.80.216.83 /cnconsum/Merchant/Public/swf/uploadify.swf?preventswfcaching=1479259755078
INFO: [ app_init ] --START--
INFO: Run Behavior\BuildLiteBehavior [ RunTime:0.000014s ]
INFO: [ app_init ] --END-- [ RunTime:0.000373s ]
ERR: 无法加载控制器:Public

[ 2016-11-16T09:27:24+08:00 ] 101.226.66.192 /cnconsum/Merchant/Public/swf/uploadify.swf?preventswfcaching=1479259755078
INFO: [ app_init ] --START--
INFO: Run Behavior\BuildLiteBehavior [ RunTime:0.000018s ]
INFO: [ app_init ] --END-- [ RunTime:0.000358s ]
ERR: 无法加载控制器:Public

[ 2016-11-16T09:27:26+08:00 ] 1.80.216.83 /cnconsum/Merchant/merchant/test
INFO: [ app_init ] --START--
INFO: Run Behavior\BuildLiteBehavior [ RunTime:0.000014s ]
INFO: [ app_init ] --END-- [ RunTime:0.000255s ]

[ 2016-11-16T09:27:26+08:00 ] 1.80.216.83 /cnconsum/Merchant/merchant/
INFO: [ app_init ] --START--
INFO: Run Behavior\BuildLiteBehavior [ RunTime:0.000013s ]
INFO: [ app_init ] --END-- [ RunTime:0.000256s ]
ERR: 非法操作:index

[ 2016-11-16T09:27:35+08:00 ] 1.80.216.83 /cnconsum/Merchant/upload/upload
INFO: [ app_init ] --START--
INFO: Run Behavior\BuildLiteBehavior [ RunTime:0.000017s ]
INFO: [ app_init ] --END-- [ RunTime:0.000307s ]

[ 2016-11-16T09:36:20+08:00 ] 1.80.216.83 /cnconsum/Merchant/merchant/test
INFO: [ app_init ] --START--
INFO: Run Behavior\BuildLiteBehavior [ RunTime:0.000014s ]
INFO: [ app_init ] --END-- [ RunTime:0.000262s ]

[ 2016-11-16T09:36:21+08:00 ] 1.80.216.83 /cnconsum/Merchant/merchant/
INFO: [ app_init ] --START--
INFO: Run Behavior\BuildLiteBehavior [ RunTime:0.000013s ]
INFO: [ app_init ] --END-- [ RunTime:0.000260s ]
ERR: 非法操作:index

[ 2016-11-16T09:36:33+08:00 ] 1.80.216.83 /cnconsum/Merchant/upload/upload
INFO: [ app_init ] --START--
INFO: Run Behavior\BuildLiteBehavior [ RunTime:0.000014s ]
INFO: [ app_init ] --END-- [ RunTime:0.000272s ]

[ 2016-11-16T09:36:36+08:00 ] 101.226.99.196 /cnconsum/Merchant/merchant
INFO: [ app_init ] --START--
INFO: Run Behavior\BuildLiteBehavior [ RunTime:0.000015s ]
INFO: [ app_init ] --END-- [ RunTime:0.000301s ]
ERR: 非法操作:index

[ 2016-11-16T09:37:15+08:00 ] 1.80.216.83 /cnconsum/Merchant/merchant/test
INFO: [ app_init ] --START--
INFO: Run Behavior\BuildLiteBehavior [ RunTime:0.000018s ]
INFO: [ app_init ] --END-- [ RunTime:0.000300s ]

[ 2016-11-16T09:37:20+08:00 ] 1.80.216.83 /cnconsum/Merchant/merchant/
INFO: [ app_init ] --START--
INFO: Run Behavior\BuildLiteBehavior [ RunTime:0.000019s ]
INFO: [ app_init ] --END-- [ RunTime:0.000307s ]
ERR: 非法操作:index

[ 2016-11-16T09:41:53+08:00 ] 1.80.216.83 /cnconsum/Merchant/merchant/
INFO: [ app_init ] --START--
INFO: Run Behavior\BuildLiteBehavior [ RunTime:0.000014s ]
INFO: [ app_init ] --END-- [ RunTime:0.000282s ]
ERR: 非法操作:index

[ 2016-11-16T09:56:42+08:00 ] 1.80.216.83 /cnconsum/Merchant/merchant/loginView
INFO: [ app_init ] --START--
INFO: Run Behavior\BuildLiteBehavior [ RunTime:0.000019s ]
INFO: [ app_init ] --END-- [ RunTime:0.000279s ]

[ 2016-11-16T09:56:45+08:00 ] 1.80.216.83 /cnconsum/Merchant/merchant/test
INFO: [ app_init ] --START--
INFO: Run Behavior\BuildLiteBehavior [ RunTime:0.000015s ]
INFO: [ app_init ] --END-- [ RunTime:0.000386s ]

[ 2016-11-16T09:56:45+08:00 ] 1.80.216.83 /cnconsum/Merchant/merchant/
INFO: [ app_init ] --START--
INFO: Run Behavior\BuildLiteBehavior [ RunTime:0.000021s ]
INFO: [ app_init ] --END-- [ RunTime:0.000422s ]
ERR: 非法操作:index

[ 2016-11-16T09:56:58+08:00 ] 180.153.206.22 /cnconsum/Merchant/merchant/loginView
INFO: [ app_init ] --START--
INFO: Run Behavior\BuildLiteBehavior [ RunTime:0.000014s ]
INFO: [ app_init ] --END-- [ RunTime:0.000296s ]

[ 2016-11-16T09:56:58+08:00 ] 180.153.206.22 /cnconsum/Merchant/merchant/%20/cnconsum/Public/js/jquery.min.js
INFO: [ app_init ] --START--
INFO: Run Behavior\BuildLiteBehavior [ RunTime:0.000021s ]
INFO: [ app_init ] --END-- [ RunTime:0.000463s ]
ERR: 非法操作: 

[ 2016-11-16T09:56:58+08:00 ] 180.153.206.22 /cnconsum/Merchant/merchant/%20/cnconsum/Public/js/login.js
INFO: [ app_init ] --START--
INFO: Run Behavior\BuildLiteBehavior [ RunTime:0.000015s ]
INFO: [ app_init ] --END-- [ RunTime:0.000346s ]
ERR: 非法操作: 

[ 2016-11-16T09:56:59+08:00 ] 180.153.206.22 /cnconsum/Merchant/merchant/%20/cnconsum/Public/js/jquery.luara.0.0.1.min.js
INFO: [ app_init ] --START--
INFO: Run Behavior\BuildLiteBehavior [ RunTime:0.000019s ]
INFO: [ app_init ] --END-- [ RunTime:0.000359s ]
ERR: 非法操作: 

[ 2016-11-16T09:57:28+08:00 ] 1.80.216.83 /cnconsum/Merchant/merchant/test
INFO: [ app_init ] --START--
INFO: Run Behavior\BuildLiteBehavior [ RunTime:0.000014s ]
INFO: [ app_init ] --END-- [ RunTime:0.000257s ]

[ 2016-11-16T09:57:29+08:00 ] 1.80.216.83 /cnconsum/Merchant/merchant/
INFO: [ app_init ] --START--
INFO: Run Behavior\BuildLiteBehavior [ RunTime:0.000014s ]
INFO: [ app_init ] --END-- [ RunTime:0.000293s ]
ERR: 非法操作:index

[ 2016-11-16T09:57:37+08:00 ] 1.80.216.83 /cnconsum/Merchant/upload/upload
INFO: [ app_init ] --START--
INFO: Run Behavior\BuildLiteBehavior [ RunTime:0.000014s ]
INFO: [ app_init ] --END-- [ RunTime:0.000360s ]

[ 2016-11-16T09:58:54+08:00 ] 1.80.216.83 /cnconsum/Merchant/merchant/test
INFO: [ app_init ] --START--
INFO: Run Behavior\BuildLiteBehavior [ RunTime:0.000013s ]
INFO: [ app_init ] --END-- [ RunTime:0.000278s ]

[ 2016-11-16T09:58:55+08:00 ] 1.80.216.83 /cnconsum/Merchant/merchant/
INFO: [ app_init ] --START--
INFO: Run Behavior\BuildLiteBehavior [ RunTime:0.000017s ]
INFO: [ app_init ] --END-- [ RunTime:0.000326s ]
ERR: 非法操作:index

[ 2016-11-16T09:59:36+08:00 ] 1.80.216.83 /cnconsum/Merchant/merchant/test
INFO: [ app_init ] --START--
INFO: Run Behavior\BuildLiteBehavior [ RunTime:0.000014s ]
INFO: [ app_init ] --END-- [ RunTime:0.000328s ]

[ 2016-11-16T09:59:37+08:00 ] 1.80.216.83 /cnconsum/Merchant/merchant/
INFO: [ app_init ] --START--
INFO: Run Behavior\BuildLiteBehavior [ RunTime:0.000013s ]
INFO: [ app_init ] --END-- [ RunTime:0.000276s ]
ERR: 非法操作:index

[ 2016-11-16T09:59:52+08:00 ] 1.80.216.83 /cnconsum/Merchant/upload/upload
INFO: [ app_init ] --START--
INFO: Run Behavior\BuildLiteBehavior [ RunTime:0.000014s ]
INFO: [ app_init ] --END-- [ RunTime:0.000302s ]

[ 2016-11-16T10:00:00+08:00 ] 1.80.216.83 /cnconsum/Merchant/upload/upload
INFO: [ app_init ] --START--
INFO: Run Behavior\BuildLiteBehavior [ RunTime:0.000025s ]
INFO: [ app_init ] --END-- [ RunTime:0.000378s ]

[ 2016-11-16T10:04:15+08:00 ] 1.80.216.83 /cnconsum/Merchant/merchant/test
INFO: [ app_init ] --START--
INFO: Run Behavior\BuildLiteBehavior [ RunTime:0.000014s ]
INFO: [ app_init ] --END-- [ RunTime:0.000442s ]

[ 2016-11-16T10:04:15+08:00 ] 1.80.216.83 /cnconsum/Merchant/merchant/
INFO: [ app_init ] --START--
INFO: Run Behavior\BuildLiteBehavior [ RunTime:0.000020s ]
INFO: [ app_init ] --END-- [ RunTime:0.000300s ]
ERR: 非法操作:index

[ 2016-11-16T10:04:23+08:00 ] 1.80.216.83 /cnconsum/Merchant/upload/upload
INFO: [ app_init ] --START--
INFO: Run Behavior\BuildLiteBehavior [ RunTime:0.000020s ]
INFO: [ app_init ] --END-- [ RunTime:0.000451s ]

[ 2016-11-16T10:06:54+08:00 ] 1.80.216.83 /cnconsum/Merchant/merchant/loginView
INFO: [ app_init ] --START--
INFO: Run Behavior\BuildLiteBehavior [ RunTime:0.000020s ]
INFO: [ app_init ] --END-- [ RunTime:0.000450s ]

[ 2016-11-16T10:06:55+08:00 ] 1.80.216.83 /cnconsum/Merchant/merchant/login
INFO: [ app_init ] --START--
INFO: Run Behavior\BuildLiteBehavior [ RunTime:0.000014s ]
INFO: [ app_init ] --END-- [ RunTime:0.000258s ]

[ 2016-11-16T10:06:58+08:00 ] 1.80.216.83 /cnconsum/Merchant/merchant/completeView_01
INFO: [ app_init ] --START--
INFO: Run Behavior\BuildLiteBehavior [ RunTime:0.000022s ]
INFO: [ app_init ] --END-- [ RunTime:0.000394s ]

[ 2016-11-16T10:06:59+08:00 ] 1.80.216.83 /cnconsum/Merchant/merchant/
INFO: [ app_init ] --START--
INFO: Run Behavior\BuildLiteBehavior [ RunTime:0.000014s ]
INFO: [ app_init ] --END-- [ RunTime:0.000255s ]
ERR: 非法操作:index

[ 2016-11-16T10:07:06+08:00 ] 1.80.216.83 /cnconsum/Merchant/upload/upload
INFO: [ app_init ] --START--
INFO: Run Behavior\BuildLiteBehavior [ RunTime:0.000019s ]
INFO: [ app_init ] --END-- [ RunTime:0.000276s ]

[ 2016-11-16T10:07:14+08:00 ] 101.226.102.97 /cnconsum/Merchant/merchant/completeView_01
INFO: [ app_init ] --START--
INFO: Run Behavior\BuildLiteBehavior [ RunTime:0.000025s ]
INFO: [ app_init ] --END-- [ RunTime:0.000431s ]

[ 2016-11-16T10:08:30+08:00 ] 1.80.216.83 /cnconsum/Merchant/upload/upload
INFO: [ app_init ] --START--
INFO: Run Behavior\BuildLiteBehavior [ RunTime:0.000030s ]
INFO: [ app_init ] --END-- [ RunTime:0.000304s ]

[ 2016-11-16T10:08:43+08:00 ] 1.80.216.83 /cnconsum/Merchant/upload/upload
INFO: [ app_init ] --START--
INFO: Run Behavior\BuildLiteBehavior [ RunTime:0.000013s ]
INFO: [ app_init ] --END-- [ RunTime:0.000292s ]

[ 2016-11-16T10:09:31+08:00 ] 1.80.216.83 /cnconsum/Merchant/upload/upload
INFO: [ app_init ] --START--
INFO: Run Behavior\BuildLiteBehavior [ RunTime:0.000014s ]
INFO: [ app_init ] --END-- [ RunTime:0.000304s ]

[ 2016-11-16T10:24:39+08:00 ] 119.147.21.144 /cnconsum/Merchant/merchant/completeView_01
INFO: [ app_init ] --START--
INFO: Run Behavior\BuildLiteBehavior [ RunTime:0.000016s ]
INFO: [ app_init ] --END-- [ RunTime:0.000361s ]

[ 2016-11-16T10:24:48+08:00 ] 1.80.216.83 /cnconsum/Merchant/merchant/completeView_01
INFO: [ app_init ] --START--
INFO: Run Behavior\BuildLiteBehavior [ RunTime:0.000023s ]
INFO: [ app_init ] --END-- [ RunTime:0.000465s ]

[ 2016-11-16T10:24:49+08:00 ] 1.80.216.83 /cnconsum/Merchant/merchant/
INFO: [ app_init ] --START--
INFO: Run Behavior\BuildLiteBehavior [ RunTime:0.000015s ]
INFO: [ app_init ] --END-- [ RunTime:0.000264s ]
ERR: 非法操作:index

[ 2016-11-16T10:24:55+08:00 ] 113.108.80.206 /cnconsum/Merchant/merchant/test
INFO: [ app_init ] --START--
INFO: Run Behavior\BuildLiteBehavior [ RunTime:0.000017s ]
INFO: [ app_init ] --END-- [ RunTime:0.000363s ]

[ 2016-11-16T10:24:55+08:00 ] 112.90.82.218 /cnconsum/Merchant/merchant/test
INFO: [ app_init ] --START--
INFO: Run Behavior\BuildLiteBehavior [ RunTime:0.000017s ]
INFO: [ app_init ] --END-- [ RunTime:0.000338s ]

[ 2016-11-16T10:25:03+08:00 ] 1.80.216.83 /cnconsum/Merchant/merchant/test
INFO: [ app_init ] --START--
INFO: Run Behavior\BuildLiteBehavior [ RunTime:0.000015s ]
INFO: [ app_init ] --END-- [ RunTime:0.000327s ]

[ 2016-11-16T10:25:03+08:00 ] 1.80.216.83 /cnconsum/Merchant/merchant/
INFO: [ app_init ] --START--
INFO: Run Behavior\BuildLiteBehavior [ RunTime:0.000013s ]
INFO: [ app_init ] --END-- [ RunTime:0.000254s ]
ERR: 非法操作:index

[ 2016-11-16T10:25:07+08:00 ] 1.80.216.83 /cnconsum/Merchant/merchant/test
INFO: [ app_init ] --START--
INFO: Run Behavior\BuildLiteBehavior [ RunTime:0.000013s ]
INFO: [ app_init ] --END-- [ RunTime:0.000307s ]

[ 2016-11-16T10:25:07+08:00 ] 1.80.216.83 /cnconsum/Merchant/merchant/
INFO: [ app_init ] --START--
INFO: Run Behavior\BuildLiteBehavior [ RunTime:0.000016s ]
INFO: [ app_init ] --END-- [ RunTime:0.000376s ]
ERR: 非法操作:index

[ 2016-11-16T10:25:09+08:00 ] 1.80.216.83 /cnconsum/Merchant/upload/upload
INFO: [ app_init ] --START--
INFO: Run Behavior\BuildLiteBehavior [ RunTime:0.000017s ]
INFO: [ app_init ] --END-- [ RunTime:0.000367s ]

[ 2016-11-16T10:25:11+08:00 ] 1.80.216.83 /cnconsum/Merchant/upload/upload
INFO: [ app_init ] --START--
INFO: Run Behavior\BuildLiteBehavior [ RunTime:0.000024s ]
INFO: [ app_init ] --END-- [ RunTime:0.000486s ]

[ 2016-11-16T10:25:27+08:00 ] 1.80.216.83 /cnconsum/Merchant/upload/upload
INFO: [ app_init ] --START--
INFO: Run Behavior\BuildLiteBehavior [ RunTime:0.000013s ]
INFO: [ app_init ] --END-- [ RunTime:0.000264s ]

[ 2016-11-16T10:32:51+08:00 ] 1.80.216.83 /cnconsum/Merchant/upload/upload
INFO: [ app_init ] --START--
INFO: Run Behavior\BuildLiteBehavior [ RunTime:0.000019s ]
INFO: [ app_init ] --END-- [ RunTime:0.000401s ]

[ 2016-11-16T10:35:34+08:00 ] 115.236.159.162 /cnconsum/Merchant/merchant/test
INFO: [ app_init ] --START--
INFO: Run Behavior\BuildLiteBehavior [ RunTime:0.000021s ]
INFO: [ app_init ] --END-- [ RunTime:0.000319s ]

[ 2016-11-16T10:46:56+08:00 ] 1.80.216.83 /cnconsum/Merchant/merchant/test
INFO: [ app_init ] --START--
INFO: Run Behavior\BuildLiteBehavior [ RunTime:0.000014s ]
INFO: [ app_init ] --END-- [ RunTime:0.000268s ]

[ 2016-11-16T10:46:56+08:00 ] 1.80.216.83 /cnconsum/Merchant/merchant/
INFO: [ app_init ] --START--
INFO: Run Behavior\BuildLiteBehavior [ RunTime:0.000014s ]
INFO: [ app_init ] --END-- [ RunTime:0.000261s ]
ERR: 非法操作:index

[ 2016-11-16T10:47:02+08:00 ] 1.80.216.83 /cnconsum/Merchant/upload/upload
INFO: [ app_init ] --START--
INFO: Run Behavior\BuildLiteBehavior [ RunTime:0.000015s ]
INFO: [ app_init ] --END-- [ RunTime:0.000293s ]

[ 2016-11-16T10:47:28+08:00 ] 1.80.216.83 /cnconsum/Merchant/merchant/test
INFO: [ app_init ] --START--
INFO: Run Behavior\BuildLiteBehavior [ RunTime:0.000013s ]
INFO: [ app_init ] --END-- [ RunTime:0.000264s ]

[ 2016-11-16T10:47:29+08:00 ] 1.80.216.83 /cnconsum/Merchant/merchant/
INFO: [ app_init ] --START--
INFO: Run Behavior\BuildLiteBehavior [ RunTime:0.000017s ]
INFO: [ app_init ] --END-- [ RunTime:0.000316s ]
ERR: 非法操作:index

[ 2016-11-16T10:47:33+08:00 ] 1.80.216.83 /cnconsum/Merchant/upload/upload
INFO: [ app_init ] --START--
INFO: Run Behavior\BuildLiteBehavior [ RunTime:0.000019s ]
INFO: [ app_init ] --END-- [ RunTime:0.000332s ]

[ 2016-11-16T10:47:57+08:00 ] 1.80.216.83 /cnconsum/Merchant/upload/upload
INFO: [ app_init ] --START--
INFO: Run Behavior\BuildLiteBehavior [ RunTime:0.000014s ]
INFO: [ app_init ] --END-- [ RunTime:0.000262s ]

[ 2016-11-16T10:49:28+08:00 ] 1.80.216.83 /cnconsum/Merchant/merchant/test
INFO: [ app_init ] --START--
INFO: Run Behavior\BuildLiteBehavior [ RunTime:0.000014s ]
INFO: [ app_init ] --END-- [ RunTime:0.000278s ]

[ 2016-11-16T10:49:28+08:00 ] 1.80.216.83 /cnconsum/Merchant/merchant/
INFO: [ app_init ] --START--
INFO: Run Behavior\BuildLiteBehavior [ RunTime:0.000014s ]
INFO: [ app_init ] --END-- [ RunTime:0.000311s ]
ERR: 非法操作:index

[ 2016-11-16T10:49:35+08:00 ] 1.80.216.83 /cnconsum/Merchant/upload/upload
INFO: [ app_init ] --START--
INFO: Run Behavior\BuildLiteBehavior [ RunTime:0.000027s ]
INFO: [ app_init ] --END-- [ RunTime:0.000449s ]

[ 2016-11-16T10:54:20+08:00 ] 1.80.216.83 /cnconsum/Merchant/merchant/test
INFO: [ app_init ] --START--
INFO: Run Behavior\BuildLiteBehavior [ RunTime:0.000014s ]
INFO: [ app_init ] --END-- [ RunTime:0.000262s ]

[ 2016-11-16T10:54:21+08:00 ] 1.80.216.83 /cnconsum/Merchant/merchant/
INFO: [ app_init ] --START--
INFO: Run Behavior\BuildLiteBehavior [ RunTime:0.000023s ]
INFO: [ app_init ] --END-- [ RunTime:0.000389s ]
ERR: 非法操作:index

[ 2016-11-16T10:54:26+08:00 ] 1.80.216.83 /cnconsum/Merchant/upload/upload
INFO: [ app_init ] --START--
INFO: Run Behavior\BuildLiteBehavior [ RunTime:0.000015s ]
INFO: [ app_init ] --END-- [ RunTime:0.000288s ]

[ 2016-11-16T10:57:49+08:00 ] 1.80.216.83 /cnconsum/Merchant/merchant/completeView_01
INFO: [ app_init ] --START--
INFO: Run Behavior\BuildLiteBehavior [ RunTime:0.000020s ]
INFO: [ app_init ] --END-- [ RunTime:0.000318s ]

[ 2016-11-16T10:57:50+08:00 ] 1.80.216.83 /cnconsum/Merchant/merchant/
INFO: [ app_init ] --START--
INFO: Run Behavior\BuildLiteBehavior [ RunTime:0.000020s ]
INFO: [ app_init ] --END-- [ RunTime:0.000337s ]
ERR: 非法操作:index

[ 2016-11-16T10:57:57+08:00 ] 1.80.216.83 /cnconsum/Merchant/upload/upload
INFO: [ app_init ] --START--
INFO: Run Behavior\BuildLiteBehavior [ RunTime:0.000024s ]
INFO: [ app_init ] --END-- [ RunTime:0.000312s ]

[ 2016-11-16T10:59:42+08:00 ] 1.80.216.83 /cnconsum/Merchant/merchant/completeView_01
INFO: [ app_init ] --START--
INFO: Run Behavior\BuildLiteBehavior [ RunTime:0.000014s ]
INFO: [ app_init ] --END-- [ RunTime:0.000258s ]

[ 2016-11-16T10:59:43+08:00 ] 1.80.216.83 /cnconsum/Merchant/merchant/
INFO: [ app_init ] --START--
INFO: Run Behavior\BuildLiteBehavior [ RunTime:0.000020s ]
INFO: [ app_init ] --END-- [ RunTime:0.000356s ]
ERR: 非法操作:index

[ 2016-11-16T10:59:50+08:00 ] 1.80.216.83 /cnconsum/Merchant/upload/upload
INFO: [ app_init ] --START--
INFO: Run Behavior\BuildLiteBehavior [ RunTime:0.000017s ]
INFO: [ app_init ] --END-- [ RunTime:0.000462s ]

[ 2016-11-16T11:00:10+08:00 ] 1.80.216.83 /cnconsum/Merchant/upload/upload
INFO: [ app_init ] --START--
INFO: Run Behavior\BuildLiteBehavior [ RunTime:0.000015s ]
INFO: [ app_init ] --END-- [ RunTime:0.000360s ]

[ 2016-11-16T11:02:43+08:00 ] 1.80.216.83 /cnconsum/Merchant/upload/upload
INFO: [ app_init ] --START--
INFO: Run Behavior\BuildLiteBehavior [ RunTime:0.000016s ]
INFO: [ app_init ] --END-- [ RunTime:0.000277s ]

[ 2016-11-16T11:04:25+08:00 ] 1.80.216.83 /cnconsum/Merchant/merchant/completeView_01
INFO: [ app_init ] --START--
INFO: Run Behavior\BuildLiteBehavior [ RunTime:0.000019s ]
INFO: [ app_init ] --END-- [ RunTime:0.000342s ]

[ 2016-11-16T11:04:25+08:00 ] 1.80.216.83 /cnconsum/Merchant/merchant/
INFO: [ app_init ] --START--
INFO: Run Behavior\BuildLiteBehavior [ RunTime:0.000023s ]
INFO: [ app_init ] --END-- [ RunTime:0.000405s ]
ERR: 非法操作:index

[ 2016-11-16T11:04:30+08:00 ] 1.80.216.83 /cnconsum/Merchant/upload/upload
INFO: [ app_init ] --START--
INFO: Run Behavior\BuildLiteBehavior [ RunTime:0.000023s ]
INFO: [ app_init ] --END-- [ RunTime:0.000446s ]

[ 2016-11-16T11:04:52+08:00 ] 1.80.216.83 /cnconsum/Merchant/merchant/completeView_01
INFO: [ app_init ] --START--
INFO: Run Behavior\BuildLiteBehavior [ RunTime:0.000015s ]
INFO: [ app_init ] --END-- [ RunTime:0.000298s ]

[ 2016-11-16T11:04:52+08:00 ] 1.80.216.83 /cnconsum/Merchant/merchant/
INFO: [ app_init ] --START--
INFO: Run Behavior\BuildLiteBehavior [ RunTime:0.000018s ]
INFO: [ app_init ] --END-- [ RunTime:0.000400s ]
ERR: 非法操作:index

[ 2016-11-16T11:04:56+08:00 ] 1.80.216.83 /cnconsum/Merchant/upload/upload
INFO: [ app_init ] --START--
INFO: Run Behavior\BuildLiteBehavior [ RunTime:0.000015s ]
INFO: [ app_init ] --END-- [ RunTime:0.000326s ]

[ 2016-11-16T11:07:31+08:00 ] 1.80.216.83 /cnconsum/Merchant/upload/upload
INFO: [ app_init ] --START--
INFO: Run Behavior\BuildLiteBehavior [ RunTime:0.000021s ]
INFO: [ app_init ] --END-- [ RunTime:0.000347s ]

[ 2016-11-16T11:08:16+08:00 ] 1.80.216.83 /cnconsum/Merchant/merchant/completeView_01
INFO: [ app_init ] --START--
INFO: Run Behavior\BuildLiteBehavior [ RunTime:0.000020s ]
INFO: [ app_init ] --END-- [ RunTime:0.000389s ]

[ 2016-11-16T11:08:17+08:00 ] 1.80.216.83 /cnconsum/Merchant/merchant/
INFO: [ app_init ] --START--
INFO: Run Behavior\BuildLiteBehavior [ RunTime:0.000023s ]
INFO: [ app_init ] --END-- [ RunTime:0.000456s ]
ERR: 非法操作:index

[ 2016-11-16T11:08:36+08:00 ] 1.80.216.83 /cnconsum/Merchant/upload/upload
INFO: [ app_init ] --START--
INFO: Run Behavior\BuildLiteBehavior [ RunTime:0.000014s ]
INFO: [ app_init ] --END-- [ RunTime:0.000262s ]

[ 2016-11-16T11:09:06+08:00 ] 1.80.216.83 /cnconsum/Merchant/upload/upload
INFO: [ app_init ] --START--
INFO: Run Behavior\BuildLiteBehavior [ RunTime:0.000014s ]
INFO: [ app_init ] --END-- [ RunTime:0.000262s ]

[ 2016-11-16T11:09:16+08:00 ] 1.80.216.83 /cnconsum/Merchant/upload/upload
INFO: [ app_init ] --START--
INFO: Run Behavior\BuildLiteBehavior [ RunTime:0.000026s ]
INFO: [ app_init ] --END-- [ RunTime:0.000428s ]

[ 2016-11-16T11:13:57+08:00 ] 1.80.216.83 /cnconsum/Merchant/upload/upload
INFO: [ app_init ] --START--
INFO: Run Behavior\BuildLiteBehavior [ RunTime:0.000030s ]
INFO: [ app_init ] --END-- [ RunTime:0.000301s ]

[ 2016-11-16T14:26:04+08:00 ] 101.226.64.174 /cnconsum/Merchant/merchant/completeView_01
INFO: [ app_init ] --START--
INFO: Run Behavior\BuildLiteBehavior [ RunTime:0.000019s ]
INFO: [ app_init ] --END-- [ RunTime:0.000326s ]

[ 2016-11-16T14:35:36+08:00 ] 1.80.216.83 /cnconsum/Merchant/merchant/loginView
INFO: [ app_init ] --START--
INFO: Run Behavior\BuildLiteBehavior [ RunTime:0.000023s ]
INFO: [ app_init ] --END-- [ RunTime:0.000337s ]

[ 2016-11-16T14:35:47+08:00 ] 1.80.216.83 /cnconsum/Merchant/merchant/login
INFO: [ app_init ] --START--
INFO: Run Behavior\BuildLiteBehavior [ RunTime:0.000014s ]
INFO: [ app_init ] --END-- [ RunTime:0.000322s ]

[ 2016-11-16T14:35:51+08:00 ] 1.80.216.83 /cnconsum/Merchant/merchant/loginView
INFO: [ app_init ] --START--
INFO: Run Behavior\BuildLiteBehavior [ RunTime:0.000014s ]
INFO: [ app_init ] --END-- [ RunTime:0.000259s ]

[ 2016-11-16T14:36:05+08:00 ] 1.80.216.83 /cnconsum/Merchant/merchant/login
INFO: [ app_init ] --START--
INFO: Run Behavior\BuildLiteBehavior [ RunTime:0.000015s ]
INFO: [ app_init ] --END-- [ RunTime:0.000271s ]

[ 2016-11-16T14:36:08+08:00 ] 1.80.216.83 /cnconsum/Merchant/merchant/completeView_01
INFO: [ app_init ] --START--
INFO: Run Behavior\BuildLiteBehavior [ RunTime:0.000015s ]
INFO: [ app_init ] --END-- [ RunTime:0.000338s ]

[ 2016-11-16T14:36:10+08:00 ] 1.80.216.83 /cnconsum/Merchant/merchant/
INFO: [ app_init ] --START--
INFO: Run Behavior\BuildLiteBehavior [ RunTime:0.000021s ]
INFO: [ app_init ] --END-- [ RunTime:0.000311s ]
ERR: 非法操作:index

[ 2016-11-16T14:36:18+08:00 ] 101.226.51.226 /cnconsum/Merchant/merchant/completeView_01
INFO: [ app_init ] --START--
INFO: Run Behavior\BuildLiteBehavior [ RunTime:0.000014s ]
INFO: [ app_init ] --END-- [ RunTime:0.000257s ]

[ 2016-11-16T14:36:20+08:00 ] 61.151.226.16 /cnconsum/Merchant/merchant
INFO: [ app_init ] --START--
INFO: Run Behavior\BuildLiteBehavior [ RunTime:0.000035s ]
INFO: [ app_init ] --END-- [ RunTime:0.000434s ]
ERR: 非法操作:index

[ 2016-11-16T14:37:36+08:00 ] 119.188.70.20 /cnconsum/Merchant/merchant/login
INFO: [ app_init ] --START--
INFO: Run Behavior\BuildLiteBehavior [ RunTime:0.000019s ]
INFO: [ app_init ] --END-- [ RunTime:0.000438s ]

[ 2016-11-16T14:37:40+08:00 ] 1.80.216.83 /cnconsum/Merchant/merchant/loginView
INFO: [ app_init ] --START--
INFO: Run Behavior\BuildLiteBehavior [ RunTime:0.000017s ]
INFO: [ app_init ] --END-- [ RunTime:0.000355s ]

[ 2016-11-16T14:37:43+08:00 ] 1.80.216.83 /cnconsum/Merchant/merchant/completeView_01
INFO: [ app_init ] --START--
INFO: Run Behavior\BuildLiteBehavior [ RunTime:0.000015s ]
INFO: [ app_init ] --END-- [ RunTime:0.000298s ]

[ 2016-11-16T14:37:44+08:00 ] 1.80.216.83 /cnconsum/Merchant/merchant/
INFO: [ app_init ] --START--
INFO: Run Behavior\BuildLiteBehavior [ RunTime:0.000013s ]
INFO: [ app_init ] --END-- [ RunTime:0.000283s ]
ERR: 非法操作:index

[ 2016-11-16T14:37:53+08:00 ] 101.199.112.53 /cnconsum/Merchant/merchant/login
INFO: [ app_init ] --START--
INFO: Run Behavior\BuildLiteBehavior [ RunTime:0.000024s ]
INFO: [ app_init ] --END-- [ RunTime:0.000392s ]

[ 2016-11-16T14:37:57+08:00 ] 101.199.112.53 /cnconsum/Merchant/merchant/loginView
INFO: [ app_init ] --START--
INFO: Run Behavior\BuildLiteBehavior [ RunTime:0.000014s ]
INFO: [ app_init ] --END-- [ RunTime:0.000293s ]

[ 2016-11-16T14:38:08+08:00 ] 220.181.132.218 /cnconsum/Merchant/merchant/loginView
INFO: [ app_init ] --START--
INFO: Run Behavior\BuildLiteBehavior [ RunTime:0.000025s ]
INFO: [ app_init ] --END-- [ RunTime:0.000441s ]

[ 2016-11-16T14:38:33+08:00 ] 220.181.132.218 /cnconsum/Merchant/merchant/completeView_01
INFO: [ app_init ] --START--
INFO: Run Behavior\BuildLiteBehavior [ RunTime:0.000019s ]
INFO: [ app_init ] --END-- [ RunTime:0.000286s ]

[ 2016-11-16T14:38:43+08:00 ] 182.118.20.156 /cnconsum/Merchant/merchant/completeView_01
INFO: [ app_init ] --START--
INFO: Run Behavior\BuildLiteBehavior [ RunTime:0.000018s ]
INFO: [ app_init ] --END-- [ RunTime:0.000325s ]

[ 2016-11-16T14:38:45+08:00 ] 1.80.216.83 /cnconsum/Merchant/merchant/loginView
INFO: [ app_init ] --START--
INFO: Run Behavior\BuildLiteBehavior [ RunTime:0.000015s ]
INFO: [ app_init ] --END-- [ RunTime:0.000267s ]

[ 2016-11-16T14:38:48+08:00 ] 1.80.216.83 /cnconsum/Merchant/merchant/completeView_01
INFO: [ app_init ] --START--
INFO: Run Behavior\BuildLiteBehavior [ RunTime:0.000021s ]
INFO: [ app_init ] --END-- [ RunTime:0.000433s ]

[ 2016-11-16T14:38:49+08:00 ] 1.80.216.83 /cnconsum/Merchant/merchant/
INFO: [ app_init ] --START--
INFO: Run Behavior\BuildLiteBehavior [ RunTime:0.000014s ]
INFO: [ app_init ] --END-- [ RunTime:0.000254s ]
ERR: 非法操作:index

[ 2016-11-16T14:39:07+08:00 ] 101.199.108.56 /cnconsum/Merchant/merchant/loginView
INFO: [ app_init ] --START--
INFO: Run Behavior\BuildLiteBehavior [ RunTime:0.000044s ]
INFO: [ app_init ] --END-- [ RunTime:0.000290s ]

[ 2016-11-16T14:39:44+08:00 ] 1.80.216.83 /cnconsum/Merchant/merchant/complete_01
INFO: [ app_init ] --START--
INFO: Run Behavior\BuildLiteBehavior [ RunTime:0.000013s ]
INFO: [ app_init ] --END-- [ RunTime:0.000250s ]

[ 2016-11-16T14:39:46+08:00 ] 220.181.132.196 /cnconsum/Merchant/merchant/completeView_01
INFO: [ app_init ] --START--
INFO: Run Behavior\BuildLiteBehavior [ RunTime:0.000021s ]
INFO: [ app_init ] --END-- [ RunTime:0.000313s ]

[ 2016-11-16T14:41:09+08:00 ] 1.80.216.83 /cnconsum/Merchant/merchant/
INFO: [ app_init ] --START--
INFO: Run Behavior\BuildLiteBehavior [ RunTime:0.000015s ]
INFO: [ app_init ] --END-- [ RunTime:0.000285s ]
ERR: 非法操作:index

[ 2016-11-16T14:41:11+08:00 ] 1.80.216.83 /cnconsum/Merchant/merchant/completeView_02
INFO: [ app_init ] --START--
INFO: Run Behavior\BuildLiteBehavior [ RunTime:0.000022s ]
INFO: [ app_init ] --END-- [ RunTime:0.000284s ]

[ 2016-11-16T14:41:29+08:00 ] 101.226.89.115 /cnconsum/Merchant/merchant/completeView_02
INFO: [ app_init ] --START--
INFO: Run Behavior\BuildLiteBehavior [ RunTime:0.000013s ]
INFO: [ app_init ] --END-- [ RunTime:0.000299s ]

[ 2016-11-16T14:42:59+08:00 ] 119.147.146.73 /cnconsum/Merchant/merchant/
INFO: [ app_init ] --START--
INFO: Run Behavior\BuildLiteBehavior [ RunTime:0.000014s ]
INFO: [ app_init ] --END-- [ RunTime:0.000306s ]
ERR: 非法操作:index

[ 2016-11-16T14:42:59+08:00 ] 119.147.146.73 /cnconsum/Merchant/merchant/
INFO: [ app_init ] --START--
INFO: Run Behavior\BuildLiteBehavior [ RunTime:0.000016s ]
INFO: [ app_init ] --END-- [ RunTime:0.000275s ]
ERR: 非法操作:index

[ 2016-11-16T14:43:53+08:00 ] 1.80.216.83 /cnconsum/Merchant/merchant/
INFO: [ app_init ] --START--
INFO: Run Behavior\BuildLiteBehavior [ RunTime:0.000018s ]
INFO: [ app_init ] --END-- [ RunTime:0.000307s ]
ERR: 非法操作:index

[ 2016-11-16T14:43:57+08:00 ] 1.80.216.83 /cnconsum/Merchant/merchant/complete_01
INFO: [ app_init ] --START--
INFO: Run Behavior\BuildLiteBehavior [ RunTime:0.000021s ]
INFO: [ app_init ] --END-- [ RunTime:0.000351s ]

[ 2016-11-16T14:44:12+08:00 ] 1.80.216.83 /cnconsum/Merchant/merchant/loginView
INFO: [ app_init ] --START--
INFO: Run Behavior\BuildLiteBehavior [ RunTime:0.000014s ]
INFO: [ app_init ] --END-- [ RunTime:0.000303s ]

[ 2016-11-16T14:44:15+08:00 ] 1.80.216.83 /cnconsum/Merchant/merchant/completeView_01
INFO: [ app_init ] --START--
INFO: Run Behavior\BuildLiteBehavior [ RunTime:0.000019s ]
INFO: [ app_init ] --END-- [ RunTime:0.000279s ]

[ 2016-11-16T14:44:16+08:00 ] 1.80.216.83 /cnconsum/Merchant/merchant/
INFO: [ app_init ] --START--
INFO: Run Behavior\BuildLiteBehavior [ RunTime:0.000017s ]
INFO: [ app_init ] --END-- [ RunTime:0.000379s ]
ERR: 非法操作:index

[ 2016-11-16T14:44:56+08:00 ] 1.80.216.83 /cnconsum/Merchant/merchant/complete_01
INFO: [ app_init ] --START--
INFO: Run Behavior\BuildLiteBehavior [ RunTime:0.000017s ]
INFO: [ app_init ] --END-- [ RunTime:0.000276s ]

[ 2016-11-16T14:44:59+08:00 ] 1.80.216.83 /cnconsum/Merchant/merchant/loginView
INFO: [ app_init ] --START--
INFO: Run Behavior\BuildLiteBehavior [ RunTime:0.000014s ]
INFO: [ app_init ] --END-- [ RunTime:0.000305s ]

[ 2016-11-16T14:45:02+08:00 ] 1.80.216.83 /cnconsum/Merchant/merchant/completeView_01
INFO: [ app_init ] --START--
INFO: Run Behavior\BuildLiteBehavior [ RunTime:0.000019s ]
INFO: [ app_init ] --END-- [ RunTime:0.000342s ]

[ 2016-11-16T14:45:03+08:00 ] 1.80.216.83 /cnconsum/Merchant/merchant/
INFO: [ app_init ] --START--
INFO: Run Behavior\BuildLiteBehavior [ RunTime:0.000021s ]
INFO: [ app_init ] --END-- [ RunTime:0.000490s ]
ERR: 非法操作:index

[ 2016-11-16T15:07:31+08:00 ] 1.80.216.83 /cnconsum/Merchant/merchant/test
INFO: [ app_init ] --START--
INFO: Run Behavior\BuildLiteBehavior [ RunTime:0.000013s ]
INFO: [ app_init ] --END-- [ RunTime:0.000267s ]

[ 2016-11-16T15:08:10+08:00 ] 1.80.216.83 /cnconsum/Merchant/merchant/test
INFO: [ app_init ] --START--
INFO: Run Behavior\BuildLiteBehavior [ RunTime:0.000013s ]
INFO: [ app_init ] --END-- [ RunTime:0.000276s ]

[ 2016-11-16T15:08:35+08:00 ] 1.80.216.83 /cnconsum/Merchant/merchant/test
INFO: [ app_init ] --START--
INFO: Run Behavior\BuildLiteBehavior [ RunTime:0.000015s ]
INFO: [ app_init ] --END-- [ RunTime:0.000318s ]

[ 2016-11-16T15:08:51+08:00 ] 1.80.216.83 /cnconsum/Merchant/merchant/test
INFO: [ app_init ] --START--
INFO: Run Behavior\BuildLiteBehavior [ RunTime:0.000019s ]
INFO: [ app_init ] --END-- [ RunTime:0.000289s ]

[ 2016-11-16T15:09:00+08:00 ] 1.80.216.83 /cnconsum/Merchant/merchant/test
INFO: [ app_init ] --START--
INFO: Run Behavior\BuildLiteBehavior [ RunTime:0.000013s ]
INFO: [ app_init ] --END-- [ RunTime:0.000261s ]

[ 2016-11-16T15:09:09+08:00 ] 1.80.216.83 /cnconsum/Merchant/merchant/test
INFO: [ app_init ] --START--
INFO: Run Behavior\BuildLiteBehavior [ RunTime:0.000013s ]
INFO: [ app_init ] --END-- [ RunTime:0.000263s ]

[ 2016-11-16T15:09:17+08:00 ] 1.80.216.83 /cnconsum/Merchant/merchant/test
INFO: [ app_init ] --START--
INFO: Run Behavior\BuildLiteBehavior [ RunTime:0.000014s ]
INFO: [ app_init ] --END-- [ RunTime:0.000264s ]

[ 2016-11-16T15:09:57+08:00 ] 1.80.216.83 /cnconsum/Merchant/merchant/completeView_01
INFO: [ app_init ] --START--
INFO: Run Behavior\BuildLiteBehavior [ RunTime:0.000013s ]
INFO: [ app_init ] --END-- [ RunTime:0.000253s ]

[ 2016-11-16T15:10:35+08:00 ] 1.80.216.83 /cnconsum/Merchant/merchant/completeView_01
INFO: [ app_init ] --START--
INFO: Run Behavior\BuildLiteBehavior [ RunTime:0.000022s ]
INFO: [ app_init ] --END-- [ RunTime:0.000463s ]

[ 2016-11-16T15:10:36+08:00 ] 1.80.216.83 /cnconsum/Merchant/merchant/
INFO: [ app_init ] --START--
INFO: Run Behavior\BuildLiteBehavior [ RunTime:0.000015s ]
INFO: [ app_init ] --END-- [ RunTime:0.000303s ]
ERR: 非法操作:index

[ 2016-11-16T15:31:57+08:00 ] 1.80.216.83 /cnconsum/Merchant/merchant/loginView
INFO: [ app_init ] --START--
INFO: Run Behavior\BuildLiteBehavior [ RunTime:0.000023s ]
INFO: [ app_init ] --END-- [ RunTime:0.000462s ]

[ 2016-11-16T15:32:01+08:00 ] 1.80.216.83 /cnconsum/Merchant/merchant/completeView_01
INFO: [ app_init ] --START--
INFO: Run Behavior\BuildLiteBehavior [ RunTime:0.000015s ]
INFO: [ app_init ] --END-- [ RunTime:0.000336s ]

[ 2016-11-16T15:32:01+08:00 ] 1.80.216.83 /cnconsum/Merchant/merchant/
INFO: [ app_init ] --START--
INFO: Run Behavior\BuildLiteBehavior [ RunTime:0.000015s ]
INFO: [ app_init ] --END-- [ RunTime:0.000270s ]
ERR: 非法操作:index

[ 2016-11-16T15:32:38+08:00 ] 1.80.216.83 /cnconsum/Merchant/merchant/completeView_01
INFO: [ app_init ] --START--
INFO: Run Behavior\BuildLiteBehavior [ RunTime:0.000015s ]
INFO: [ app_init ] --END-- [ RunTime:0.000334s ]

[ 2016-11-16T15:32:39+08:00 ] 1.80.216.83 /cnconsum/Merchant/merchant/
INFO: [ app_init ] --START--
INFO: Run Behavior\BuildLiteBehavior [ RunTime:0.000014s ]
INFO: [ app_init ] --END-- [ RunTime:0.000341s ]
ERR: 非法操作:index

[ 2016-11-16T15:35:53+08:00 ] 1.80.216.83 /cnconsum/Merchant/merchant/completeView_01
INFO: [ app_init ] --START--
INFO: Run Behavior\BuildLiteBehavior [ RunTime:0.000019s ]
INFO: [ app_init ] --END-- [ RunTime:0.000461s ]

[ 2016-11-16T15:35:54+08:00 ] 1.80.216.83 /cnconsum/Merchant/merchant/
INFO: [ app_init ] --START--
INFO: Run Behavior\BuildLiteBehavior [ RunTime:0.000015s ]
INFO: [ app_init ] --END-- [ RunTime:0.000403s ]
ERR: 非法操作:index

[ 2016-11-16T15:37:05+08:00 ] 1.80.216.83 /cnconsum/Merchant/merchant/completeView_01
INFO: [ app_init ] --START--
INFO: Run Behavior\BuildLiteBehavior [ RunTime:0.000015s ]
INFO: [ app_init ] --END-- [ RunTime:0.000303s ]

[ 2016-11-16T15:37:06+08:00 ] 1.80.216.83 /cnconsum/Merchant/merchant/
INFO: [ app_init ] --START--
INFO: Run Behavior\BuildLiteBehavior [ RunTime:0.000018s ]
INFO: [ app_init ] --END-- [ RunTime:0.000383s ]
ERR: 非法操作:index

[ 2016-11-16T16:15:46+08:00 ] 1.80.216.83 /cnconsum/Merchant/merchant/loginView
INFO: [ app_init ] --START--
INFO: Run Behavior\BuildLiteBehavior [ RunTime:0.000021s ]
INFO: [ app_init ] --END-- [ RunTime:0.000280s ]

[ 2016-11-16T16:15:49+08:00 ] 1.80.216.83 /cnconsum/Merchant/merchant/completeView_01
INFO: [ app_init ] --START--
INFO: Run Behavior\BuildLiteBehavior [ RunTime:0.000020s ]
INFO: [ app_init ] --END-- [ RunTime:0.000355s ]

[ 2016-11-16T16:15:51+08:00 ] 1.80.216.83 /cnconsum/Merchant/merchant/
INFO: [ app_init ] --START--
INFO: Run Behavior\BuildLiteBehavior [ RunTime:0.000020s ]
INFO: [ app_init ] --END-- [ RunTime:0.000404s ]
ERR: 非法操作:index

[ 2016-11-16T16:16:02+08:00 ] 101.226.33.200 /cnconsum/Merchant/merchant/loginView
INFO: [ app_init ] --START--
INFO: Run Behavior\BuildLiteBehavior [ RunTime:0.000030s ]
INFO: [ app_init ] --END-- [ RunTime:0.000537s ]

[ 2016-11-16T16:16:02+08:00 ] 101.226.33.200 /cnconsum/Merchant/merchant/%20/cnconsum/Public/js/jquery.min.js
INFO: [ app_init ] --START--
INFO: Run Behavior\BuildLiteBehavior [ RunTime:0.000013s ]
INFO: [ app_init ] --END-- [ RunTime:0.000271s ]
ERR: 非法操作: 

[ 2016-11-16T16:16:03+08:00 ] 101.226.33.200 /cnconsum/Merchant/merchant/%20/cnconsum/Public/js/login.js
INFO: [ app_init ] --START--
INFO: Run Behavior\BuildLiteBehavior [ RunTime:0.000021s ]
INFO: [ app_init ] --END-- [ RunTime:0.000356s ]
ERR: 非法操作: 

[ 2016-11-16T16:16:03+08:00 ] 101.226.33.200 /cnconsum/Merchant/merchant/%20/cnconsum/Public/js/jquery.luara.0.0.1.min.js
INFO: [ app_init ] --START--
INFO: Run Behavior\BuildLiteBehavior [ RunTime:0.000026s ]
INFO: [ app_init ] --END-- [ RunTime:0.000407s ]
ERR: 非法操作: 

[ 2016-11-16T16:16:03+08:00 ] 1.80.216.83 /cnconsum/Merchant/upload/upload
INFO: [ app_init ] --START--
INFO: Run Behavior\BuildLiteBehavior [ RunTime:0.000018s ]
INFO: [ app_init ] --END-- [ RunTime:0.000362s ]

[ 2016-11-16T16:16:21+08:00 ] 1.80.216.83 /cnconsum/Merchant/upload/upload
INFO: [ app_init ] --START--
INFO: Run Behavior\BuildLiteBehavior [ RunTime:0.000019s ]
INFO: [ app_init ] --END-- [ RunTime:0.000324s ]

[ 2016-11-16T16:18:21+08:00 ] 1.80.216.83 /cnconsum/Merchant/merchant/completeView_01
INFO: [ app_init ] --START--
INFO: Run Behavior\BuildLiteBehavior [ RunTime:0.000016s ]
INFO: [ app_init ] --END-- [ RunTime:0.000308s ]

[ 2016-11-16T16:18:22+08:00 ] 1.80.216.83 /cnconsum/Merchant/merchant/
INFO: [ app_init ] --START--
INFO: Run Behavior\BuildLiteBehavior [ RunTime:0.000014s ]
INFO: [ app_init ] --END-- [ RunTime:0.000321s ]
ERR: 非法操作:index

[ 2016-11-16T16:18:30+08:00 ] 1.80.216.83 /cnconsum/Merchant/upload/upload
INFO: [ app_init ] --START--
INFO: Run Behavior\BuildLiteBehavior [ RunTime:0.000018s ]
INFO: [ app_init ] --END-- [ RunTime:0.000375s ]

[ 2016-11-16T16:22:11+08:00 ] 1.80.216.83 /cnconsum/Merchant/merchant/info2.html
INFO: [ app_init ] --START--
INFO: Run Behavior\BuildLiteBehavior [ RunTime:0.000025s ]
INFO: [ app_init ] --END-- [ RunTime:0.000440s ]

[ 2016-11-16T16:22:21+08:00 ] 117.185.27.114 /cnconsum/Merchant/merchant/info2.html
INFO: [ app_init ] --START--
INFO: Run Behavior\BuildLiteBehavior [ RunTime:0.000015s ]
INFO: [ app_init ] --END-- [ RunTime:0.000317s ]

[ 2016-11-16T16:32:57+08:00 ] 1.80.216.83 /cnconsum/Merchant/merchant/
INFO: [ app_init ] --START--
INFO: Run Behavior\BuildLiteBehavior [ RunTime:0.000018s ]
INFO: [ app_init ] --END-- [ RunTime:0.000358s ]
ERR: 非法操作:index

[ 2016-11-16T16:33:47+08:00 ] 1.80.216.83 /cnconsum/Merchant/merchant/
INFO: [ app_init ] --START--
INFO: Run Behavior\BuildLiteBehavior [ RunTime:0.000020s ]
INFO: [ app_init ] --END-- [ RunTime:0.000352s ]
ERR: 非法操作:index

[ 2016-11-16T16:38:32+08:00 ] 1.80.216.83 /cnconsum/Merchant/merchant/loginView
INFO: [ app_init ] --START--
INFO: Run Behavior\BuildLiteBehavior [ RunTime:0.000025s ]
INFO: [ app_init ] --END-- [ RunTime:0.000444s ]

[ 2016-11-16T16:38:36+08:00 ] 1.80.216.83 /cnconsum/Merchant/merchant/completeView_01
INFO: [ app_init ] --START--
INFO: Run Behavior\BuildLiteBehavior [ RunTime:0.000022s ]
INFO: [ app_init ] --END-- [ RunTime:0.000481s ]

[ 2016-11-16T16:38:37+08:00 ] 1.80.216.83 /cnconsum/Merchant/merchant/
INFO: [ app_init ] --START--
INFO: Run Behavior\BuildLiteBehavior [ RunTime:0.000020s ]
INFO: [ app_init ] --END-- [ RunTime:0.000508s ]
ERR: 非法操作:index

[ 2016-11-16T16:38:37+08:00 ] 1.80.216.83 /cnconsum/Merchant/merchant/
INFO: [ app_init ] --START--
INFO: Run Behavior\BuildLiteBehavior [ RunTime:0.000018s ]
INFO: [ app_init ] --END-- [ RunTime:0.000422s ]
ERR: 非法操作:index

[ 2016-11-16T16:38:37+08:00 ] 1.80.216.83 /cnconsum/Merchant/merchant/
INFO: [ app_init ] --START--
INFO: Run Behavior\BuildLiteBehavior [ RunTime:0.000017s ]
INFO: [ app_init ] --END-- [ RunTime:0.000507s ]
ERR: 非法操作:index

[ 2016-11-16T16:40:30+08:00 ] 1.80.216.83 /cnconsum/Merchant/upload/upload
INFO: [ app_init ] --START--
INFO: Run Behavior\BuildLiteBehavior [ RunTime:0.000026s ]
INFO: [ app_init ] --END-- [ RunTime:0.000433s ]

[ 2016-11-16T16:41:57+08:00 ] 1.80.216.83 /cnconsum/Merchant/upload/upload
INFO: [ app_init ] --START--
INFO: Run Behavior\BuildLiteBehavior [ RunTime:0.000013s ]
INFO: [ app_init ] --END-- [ RunTime:0.000289s ]

[ 2016-11-16T16:42:26+08:00 ] 1.80.216.83 /cnconsum/Merchant/upload/upload
INFO: [ app_init ] --START--
INFO: Run Behavior\BuildLiteBehavior [ RunTime:0.000013s ]
INFO: [ app_init ] --END-- [ RunTime:0.000254s ]

[ 2016-11-16T16:46:11+08:00 ] 1.80.216.83 /cnconsum/Merchant/merchant/completeView_01
INFO: [ app_init ] --START--
INFO: Run Behavior\BuildLiteBehavior [ RunTime:0.000013s ]
INFO: [ app_init ] --END-- [ RunTime:0.000286s ]

[ 2016-11-16T16:46:12+08:00 ] 1.80.216.83 /cnconsum/Merchant/merchant/
INFO: [ app_init ] --START--
INFO: Run Behavior\BuildLiteBehavior [ RunTime:0.000016s ]
INFO: [ app_init ] --END-- [ RunTime:0.000288s ]
ERR: 非法操作:index

[ 2016-11-16T16:46:13+08:00 ] 1.80.216.83 /cnconsum/Merchant/merchant/
INFO: [ app_init ] --START--
INFO: Run Behavior\BuildLiteBehavior [ RunTime:0.000021s ]
INFO: [ app_init ] --END-- [ RunTime:0.000402s ]
ERR: 非法操作:index

[ 2016-11-16T16:46:13+08:00 ] 1.80.216.83 /cnconsum/Merchant/merchant/
INFO: [ app_init ] --START--
INFO: Run Behavior\BuildLiteBehavior [ RunTime:0.000020s ]
INFO: [ app_init ] --END-- [ RunTime:0.000469s ]
ERR: 非法操作:index

[ 2016-11-16T16:47:38+08:00 ] 1.80.216.83 /cnconsum/Merchant/merchant/completeView_01
INFO: [ app_init ] --START--
INFO: Run Behavior\BuildLiteBehavior [ RunTime:0.000014s ]
INFO: [ app_init ] --END-- [ RunTime:0.000328s ]

[ 2016-11-16T16:47:39+08:00 ] 1.80.216.83 /cnconsum/Merchant/merchant/
INFO: [ app_init ] --START--
INFO: Run Behavior\BuildLiteBehavior [ RunTime:0.000023s ]
INFO: [ app_init ] --END-- [ RunTime:0.000407s ]
ERR: 非法操作:index

[ 2016-11-16T16:47:39+08:00 ] 1.80.216.83 /cnconsum/Merchant/merchant/
INFO: [ app_init ] --START--
INFO: Run Behavior\BuildLiteBehavior [ RunTime:0.000019s ]
INFO: [ app_init ] --END-- [ RunTime:0.000315s ]
ERR: 非法操作:index

[ 2016-11-16T16:47:40+08:00 ] 1.80.216.83 /cnconsum/Merchant/merchant/
INFO: [ app_init ] --START--
INFO: Run Behavior\BuildLiteBehavior [ RunTime:0.000015s ]
INFO: [ app_init ] --END-- [ RunTime:0.000314s ]
ERR: 非法操作:index

[ 2016-11-16T16:47:46+08:00 ] 1.80.216.83 /cnconsum/Merchant/merchant/info2.html
INFO: [ app_init ] --START--
INFO: Run Behavior\BuildLiteBehavior [ RunTime:0.000014s ]
INFO: [ app_init ] --END-- [ RunTime:0.000255s ]

[ 2016-11-16T16:50:00+08:00 ] 1.80.216.83 /cnconsum/Merchant/merchant/
INFO: [ app_init ] --START--
INFO: Run Behavior\BuildLiteBehavior [ RunTime:0.000015s ]
INFO: [ app_init ] --END-- [ RunTime:0.000331s ]
ERR: 非法操作:index

[ 2016-11-16T16:50:00+08:00 ] 1.80.216.83 /cnconsum/Merchant/merchant/
INFO: [ app_init ] --START--
INFO: Run Behavior\BuildLiteBehavior [ RunTime:0.000020s ]
INFO: [ app_init ] --END-- [ RunTime:0.000354s ]
ERR: 非法操作:index

[ 2016-11-16T16:50:00+08:00 ] 1.80.216.83 /cnconsum/Merchant/merchant/
INFO: [ app_init ] --START--
INFO: Run Behavior\BuildLiteBehavior [ RunTime:0.000022s ]
INFO: [ app_init ] --END-- [ RunTime:0.000435s ]
ERR: 非法操作:index

[ 2016-11-16T16:50:02+08:00 ] 1.80.216.83 /cnconsum/Merchant/merchant/info2.html
INFO: [ app_init ] --START--
INFO: Run Behavior\BuildLiteBehavior [ RunTime:0.000018s ]
INFO: [ app_init ] --END-- [ RunTime:0.000292s ]

[ 2016-11-16T16:50:07+08:00 ] 1.80.216.83 /cnconsum/Merchant/merchant/
INFO: [ app_init ] --START--
INFO: Run Behavior\BuildLiteBehavior [ RunTime:0.000014s ]
INFO: [ app_init ] --END-- [ RunTime:0.000266s ]
ERR: 非法操作:index

[ 2016-11-16T16:50:07+08:00 ] 1.80.216.83 /cnconsum/Merchant/merchant/
INFO: [ app_init ] --START--
INFO: Run Behavior\BuildLiteBehavior [ RunTime:0.000014s ]
INFO: [ app_init ] --END-- [ RunTime:0.000402s ]
ERR: 非法操作:index

[ 2016-11-16T16:50:07+08:00 ] 1.80.216.83 /cnconsum/Merchant/merchant/
INFO: [ app_init ] --START--
INFO: Run Behavior\BuildLiteBehavior [ RunTime:0.000015s ]
INFO: [ app_init ] --END-- [ RunTime:0.000325s ]
ERR: 非法操作:index

[ 2016-11-16T16:54:23+08:00 ] 1.80.216.83 /cnconsum/Merchant/merchant/completeView_01
INFO: [ app_init ] --START--
INFO: Run Behavior\BuildLiteBehavior [ RunTime:0.000015s ]
INFO: [ app_init ] --END-- [ RunTime:0.000382s ]

[ 2016-11-16T16:54:24+08:00 ] 1.80.216.83 /cnconsum/Merchant/merchant/
INFO: [ app_init ] --START--
INFO: Run Behavior\BuildLiteBehavior [ RunTime:0.000020s ]
INFO: [ app_init ] --END-- [ RunTime:0.000472s ]
ERR: 非法操作:index

[ 2016-11-16T16:54:24+08:00 ] 1.80.216.83 /cnconsum/Merchant/merchant/
INFO: [ app_init ] --START--
INFO: Run Behavior\BuildLiteBehavior [ RunTime:0.000016s ]
INFO: [ app_init ] --END-- [ RunTime:0.000296s ]
ERR: 非法操作:index

[ 2016-11-16T16:54:24+08:00 ] 1.80.216.83 /cnconsum/Merchant/merchant/
INFO: [ app_init ] --START--
INFO: Run Behavior\BuildLiteBehavior [ RunTime:0.000020s ]
INFO: [ app_init ] --END-- [ RunTime:0.000316s ]
ERR: 非法操作:index

[ 2016-11-16T16:54:27+08:00 ] 1.80.216.83 /cnconsum/Merchant/merchant/complete_01
INFO: [ app_init ] --START--
INFO: Run Behavior\BuildLiteBehavior [ RunTime:0.000025s ]
INFO: [ app_init ] --END-- [ RunTime:0.000459s ]

[ 2016-11-16T16:54:30+08:00 ] 1.80.216.83 /cnconsum/Merchant/merchant/loginView
INFO: [ app_init ] --START--
INFO: Run Behavior\BuildLiteBehavior [ RunTime:0.000015s ]
INFO: [ app_init ] --END-- [ RunTime:0.000272s ]

[ 2016-11-16T16:54:33+08:00 ] 1.80.216.83 /cnconsum/Merchant/merchant/completeView_01
INFO: [ app_init ] --START--
INFO: Run Behavior\BuildLiteBehavior [ RunTime:0.000015s ]
INFO: [ app_init ] --END-- [ RunTime:0.000300s ]

[ 2016-11-16T16:54:34+08:00 ] 1.80.216.83 /cnconsum/Merchant/merchant/
INFO: [ app_init ] --START--
INFO: Run Behavior\BuildLiteBehavior [ RunTime:0.000014s ]
INFO: [ app_init ] --END-- [ RunTime:0.000315s ]
ERR: 非法操作:index

[ 2016-11-16T16:54:34+08:00 ] 1.80.216.83 /cnconsum/Merchant/merchant/
INFO: [ app_init ] --START--
INFO: Run Behavior\BuildLiteBehavior [ RunTime:0.000019s ]
INFO: [ app_init ] --END-- [ RunTime:0.000497s ]
ERR: 非法操作:index

[ 2016-11-16T16:54:34+08:00 ] 1.80.216.83 /cnconsum/Merchant/merchant/
INFO: [ app_init ] --START--
INFO: Run Behavior\BuildLiteBehavior [ RunTime:0.000013s ]
INFO: [ app_init ] --END-- [ RunTime:0.000288s ]
ERR: 非法操作:index

[ 2016-11-16T16:54:58+08:00 ] 1.80.216.83 /cnconsum/Merchant/merchant/complete_01
INFO: [ app_init ] --START--
INFO: Run Behavior\BuildLiteBehavior [ RunTime:0.000019s ]
INFO: [ app_init ] --END-- [ RunTime:0.000461s ]

[ 2016-11-16T16:55:02+08:00 ] 1.80.216.83 /cnconsum/Merchant/merchant/loginView
INFO: [ app_init ] --START--
INFO: Run Behavior\BuildLiteBehavior [ RunTime:0.000018s ]
INFO: [ app_init ] --END-- [ RunTime:0.000405s ]

[ 2016-11-16T16:55:05+08:00 ] 1.80.216.83 /cnconsum/Merchant/merchant/completeView_01
INFO: [ app_init ] --START--
INFO: Run Behavior\BuildLiteBehavior [ RunTime:0.000016s ]
INFO: [ app_init ] --END-- [ RunTime:0.000336s ]

[ 2016-11-16T16:55:05+08:00 ] 1.80.216.83 /cnconsum/Merchant/merchant/
INFO: [ app_init ] --START--
INFO: Run Behavior\BuildLiteBehavior [ RunTime:0.000015s ]
INFO: [ app_init ] --END-- [ RunTime:0.000289s ]
ERR: 非法操作:index

[ 2016-11-16T16:55:06+08:00 ] 1.80.216.83 /cnconsum/Merchant/merchant/
INFO: [ app_init ] --START--
INFO: Run Behavior\BuildLiteBehavior [ RunTime:0.000023s ]
INFO: [ app_init ] --END-- [ RunTime:0.000437s ]
ERR: 非法操作:index

[ 2016-11-16T16:55:06+08:00 ] 1.80.216.83 /cnconsum/Merchant/merchant/
INFO: [ app_init ] --START--
INFO: Run Behavior\BuildLiteBehavior [ RunTime:0.000017s ]
INFO: [ app_init ] --END-- [ RunTime:0.000387s ]
ERR: 非法操作:index

[ 2016-11-16T16:55:23+08:00 ] 1.80.216.83 /cnconsum/Merchant/merchant/complete_01
INFO: [ app_init ] --START--
INFO: Run Behavior\BuildLiteBehavior [ RunTime:0.000026s ]
INFO: [ app_init ] --END-- [ RunTime:0.000373s ]

[ 2016-11-16T16:55:26+08:00 ] 1.80.216.83 /cnconsum/Merchant/merchant/loginView
INFO: [ app_init ] --START--
INFO: Run Behavior\BuildLiteBehavior [ RunTime:0.000018s ]
INFO: [ app_init ] --END-- [ RunTime:0.000354s ]

[ 2016-11-16T16:55:30+08:00 ] 1.80.216.83 /cnconsum/Merchant/merchant/completeView_01
INFO: [ app_init ] --START--
INFO: Run Behavior\BuildLiteBehavior [ RunTime:0.000015s ]
INFO: [ app_init ] --END-- [ RunTime:0.000270s ]

[ 2016-11-16T16:55:30+08:00 ] 1.80.216.83 /cnconsum/Merchant/merchant/
INFO: [ app_init ] --START--
INFO: Run Behavior\BuildLiteBehavior [ RunTime:0.000014s ]
INFO: [ app_init ] --END-- [ RunTime:0.000261s ]
ERR: 非法操作:index

[ 2016-11-16T16:55:30+08:00 ] 1.80.216.83 /cnconsum/Merchant/merchant/
INFO: [ app_init ] --START--
INFO: Run Behavior\BuildLiteBehavior [ RunTime:0.000022s ]
INFO: [ app_init ] --END-- [ RunTime:0.000427s ]
ERR: 非法操作:index

[ 2016-11-16T16:55:30+08:00 ] 1.80.216.83 /cnconsum/Merchant/merchant/
INFO: [ app_init ] --START--
INFO: Run Behavior\BuildLiteBehavior [ RunTime:0.000012s ]
INFO: [ app_init ] --END-- [ RunTime:0.000276s ]
ERR: 非法操作:index

[ 2016-11-16T16:55:41+08:00 ] 1.80.216.83 /cnconsum/Merchant/merchant/complete_01
INFO: [ app_init ] --START--
INFO: Run Behavior\BuildLiteBehavior [ RunTime:0.000016s ]
INFO: [ app_init ] --END-- [ RunTime:0.000399s ]

[ 2016-11-16T16:55:44+08:00 ] 1.80.216.83 /cnconsum/Merchant/merchant/loginView
INFO: [ app_init ] --START--
INFO: Run Behavior\BuildLiteBehavior [ RunTime:0.000021s ]
INFO: [ app_init ] --END-- [ RunTime:0.000430s ]

[ 2016-11-16T16:55:47+08:00 ] 1.80.216.83 /cnconsum/Merchant/merchant/completeView_01
INFO: [ app_init ] --START--
INFO: Run Behavior\BuildLiteBehavior [ RunTime:0.000014s ]
INFO: [ app_init ] --END-- [ RunTime:0.000258s ]

[ 2016-11-16T16:55:48+08:00 ] 1.80.216.83 /cnconsum/Merchant/merchant/
INFO: [ app_init ] --START--
INFO: Run Behavior\BuildLiteBehavior [ RunTime:0.000015s ]
INFO: [ app_init ] --END-- [ RunTime:0.000307s ]
ERR: 非法操作:index

[ 2016-11-16T16:55:48+08:00 ] 1.80.216.83 /cnconsum/Merchant/merchant/
INFO: [ app_init ] --START--
INFO: Run Behavior\BuildLiteBehavior [ RunTime:0.000025s ]
INFO: [ app_init ] --END-- [ RunTime:0.000488s ]
ERR: 非法操作:index

[ 2016-11-16T16:55:48+08:00 ] 1.80.216.83 /cnconsum/Merchant/merchant/
INFO: [ app_init ] --START--
INFO: Run Behavior\BuildLiteBehavior [ RunTime:0.000020s ]
INFO: [ app_init ] --END-- [ RunTime:0.000396s ]
ERR: 非法操作:index

[ 2016-11-16T16:56:02+08:00 ] 1.80.216.83 /cnconsum/Merchant/merchant/complete_01
INFO: [ app_init ] --START--
INFO: Run Behavior\BuildLiteBehavior [ RunTime:0.000024s ]
INFO: [ app_init ] --END-- [ RunTime:0.000402s ]

[ 2016-11-16T16:56:05+08:00 ] 1.80.216.83 /cnconsum/Merchant/merchant/loginView
INFO: [ app_init ] --START--
INFO: Run Behavior\BuildLiteBehavior [ RunTime:0.000016s ]
INFO: [ app_init ] --END-- [ RunTime:0.000286s ]

[ 2016-11-16T16:56:08+08:00 ] 1.80.216.83 /cnconsum/Merchant/merchant/completeView_01
INFO: [ app_init ] --START--
INFO: Run Behavior\BuildLiteBehavior [ RunTime:0.000018s ]
INFO: [ app_init ] --END-- [ RunTime:0.000296s ]

[ 2016-11-16T16:56:09+08:00 ] 1.80.216.83 /cnconsum/Merchant/merchant/
INFO: [ app_init ] --START--
INFO: Run Behavior\BuildLiteBehavior [ RunTime:0.000014s ]
INFO: [ app_init ] --END-- [ RunTime:0.000286s ]
ERR: 非法操作:index

[ 2016-11-16T16:56:09+08:00 ] 1.80.216.83 /cnconsum/Merchant/merchant/
INFO: [ app_init ] --START--
INFO: Run Behavior\BuildLiteBehavior [ RunTime:0.000013s ]
INFO: [ app_init ] --END-- [ RunTime:0.000315s ]
ERR: 非法操作:index

[ 2016-11-16T16:56:09+08:00 ] 1.80.216.83 /cnconsum/Merchant/merchant/
INFO: [ app_init ] --START--
INFO: Run Behavior\BuildLiteBehavior [ RunTime:0.000012s ]
INFO: [ app_init ] --END-- [ RunTime:0.000347s ]
ERR: 非法操作:index

[ 2016-11-16T16:56:18+08:00 ] 1.80.216.83 /cnconsum/Merchant/merchant/complete_01
INFO: [ app_init ] --START--
INFO: Run Behavior\BuildLiteBehavior [ RunTime:0.000018s ]
INFO: [ app_init ] --END-- [ RunTime:0.000320s ]

[ 2016-11-16T16:56:22+08:00 ] 1.80.216.83 /cnconsum/Merchant/merchant/loginView
INFO: [ app_init ] --START--
INFO: Run Behavior\BuildLiteBehavior [ RunTime:0.000015s ]
INFO: [ app_init ] --END-- [ RunTime:0.000279s ]

[ 2016-11-16T16:56:25+08:00 ] 1.80.216.83 /cnconsum/Merchant/merchant/completeView_01
INFO: [ app_init ] --START--
INFO: Run Behavior\BuildLiteBehavior [ RunTime:0.000016s ]
INFO: [ app_init ] --END-- [ RunTime:0.000335s ]

[ 2016-11-16T16:56:26+08:00 ] 1.80.216.83 /cnconsum/Merchant/merchant/
INFO: [ app_init ] --START--
INFO: Run Behavior\BuildLiteBehavior [ RunTime:0.000022s ]
INFO: [ app_init ] --END-- [ RunTime:0.000401s ]
ERR: 非法操作:index

[ 2016-11-16T16:56:26+08:00 ] 1.80.216.83 /cnconsum/Merchant/merchant/
INFO: [ app_init ] --START--
INFO: Run Behavior\BuildLiteBehavior [ RunTime:0.000014s ]
INFO: [ app_init ] --END-- [ RunTime:0.000310s ]
ERR: 非法操作:index

[ 2016-11-16T16:56:26+08:00 ] 1.80.216.83 /cnconsum/Merchant/merchant/
INFO: [ app_init ] --START--
INFO: Run Behavior\BuildLiteBehavior [ RunTime:0.000048s ]
INFO: [ app_init ] --END-- [ RunTime:0.000378s ]
ERR: 非法操作:index

[ 2016-11-16T16:57:40+08:00 ] 1.80.216.83 /cnconsum/Merchant/merchant/completeView_01
INFO: [ app_init ] --START--
INFO: Run Behavior\BuildLiteBehavior [ RunTime:0.000031s ]
INFO: [ app_init ] --END-- [ RunTime:0.000335s ]

[ 2016-11-16T16:57:41+08:00 ] 1.80.216.83 /cnconsum/Merchant/merchant/
INFO: [ app_init ] --START--
INFO: Run Behavior\BuildLiteBehavior [ RunTime:0.000021s ]
INFO: [ app_init ] --END-- [ RunTime:0.000374s ]
ERR: 非法操作:index

[ 2016-11-16T16:57:41+08:00 ] 1.80.216.83 /cnconsum/Merchant/merchant/
INFO: [ app_init ] --START--
INFO: Run Behavior\BuildLiteBehavior [ RunTime:0.000014s ]
INFO: [ app_init ] --END-- [ RunTime:0.000362s ]
ERR: 非法操作:index

[ 2016-11-16T16:57:41+08:00 ] 1.80.216.83 /cnconsum/Merchant/merchant/
INFO: [ app_init ] --START--
INFO: Run Behavior\BuildLiteBehavior [ RunTime:0.000021s ]
INFO: [ app_init ] --END-- [ RunTime:0.000439s ]
ERR: 非法操作:index

[ 2016-11-16T16:58:11+08:00 ] 1.80.216.83 /cnconsum/Merchant/merchant/completeView_01
INFO: [ app_init ] --START--
INFO: Run Behavior\BuildLiteBehavior [ RunTime:0.000015s ]
INFO: [ app_init ] --END-- [ RunTime:0.000288s ]

[ 2016-11-16T16:58:12+08:00 ] 1.80.216.83 /cnconsum/Merchant/merchant/
INFO: [ app_init ] --START--
INFO: Run Behavior\BuildLiteBehavior [ RunTime:0.000020s ]
INFO: [ app_init ] --END-- [ RunTime:0.000349s ]
ERR: 非法操作:index

[ 2016-11-16T16:58:12+08:00 ] 1.80.216.83 /cnconsum/Merchant/merchant/
INFO: [ app_init ] --START--
INFO: Run Behavior\BuildLiteBehavior [ RunTime:0.000014s ]
INFO: [ app_init ] --END-- [ RunTime:0.000456s ]
ERR: 非法操作:index

[ 2016-11-16T16:58:12+08:00 ] 1.80.216.83 /cnconsum/Merchant/merchant/
INFO: [ app_init ] --START--
INFO: Run Behavior\BuildLiteBehavior [ RunTime:0.000012s ]
INFO: [ app_init ] --END-- [ RunTime:0.000296s ]
ERR: 非法操作:index

[ 2016-11-16T16:59:16+08:00 ] 1.80.216.83 /cnconsum/Merchant/merchant/completeView_01
INFO: [ app_init ] --START--
INFO: Run Behavior\BuildLiteBehavior [ RunTime:0.000013s ]
INFO: [ app_init ] --END-- [ RunTime:0.000289s ]

[ 2016-11-16T16:59:17+08:00 ] 1.80.216.83 /cnconsum/Merchant/merchant/
INFO: [ app_init ] --START--
INFO: Run Behavior\BuildLiteBehavior [ RunTime:0.000026s ]
INFO: [ app_init ] --END-- [ RunTime:0.000397s ]
ERR: 非法操作:index

[ 2016-11-16T16:59:17+08:00 ] 1.80.216.83 /cnconsum/Merchant/merchant/
INFO: [ app_init ] --START--
INFO: Run Behavior\BuildLiteBehavior [ RunTime:0.000017s ]
INFO: [ app_init ] --END-- [ RunTime:0.000421s ]
ERR: 非法操作:index

[ 2016-11-16T16:59:17+08:00 ] 1.80.216.83 /cnconsum/Merchant/merchant/
INFO: [ app_init ] --START--
INFO: Run Behavior\BuildLiteBehavior [ RunTime:0.000016s ]
INFO: [ app_init ] --END-- [ RunTime:0.000297s ]
ERR: 非法操作:index

[ 2016-11-16T17:02:40+08:00 ] 1.80.216.83 /cnconsum/Merchant/merchant/complete_01
INFO: [ app_init ] --START--
INFO: Run Behavior\BuildLiteBehavior [ RunTime:0.000015s ]
INFO: [ app_init ] --END-- [ RunTime:0.000367s ]

[ 2016-11-16T17:02:43+08:00 ] 1.80.216.83 /cnconsum/Merchant/merchant/loginView
INFO: [ app_init ] --START--
INFO: Run Behavior\BuildLiteBehavior [ RunTime:0.000017s ]
INFO: [ app_init ] --END-- [ RunTime:0.000309s ]

[ 2016-11-16T17:02:46+08:00 ] 1.80.216.83 /cnconsum/Merchant/merchant/completeView_01
INFO: [ app_init ] --START--
INFO: Run Behavior\BuildLiteBehavior [ RunTime:0.000018s ]
INFO: [ app_init ] --END-- [ RunTime:0.000408s ]

[ 2016-11-16T17:02:47+08:00 ] 1.80.216.83 /cnconsum/Merchant/merchant/
INFO: [ app_init ] --START--
INFO: Run Behavior\BuildLiteBehavior [ RunTime:0.000018s ]
INFO: [ app_init ] --END-- [ RunTime:0.000324s ]
ERR: 非法操作:index

[ 2016-11-16T17:02:47+08:00 ] 1.80.216.83 /cnconsum/Merchant/merchant/
INFO: [ app_init ] --START--
INFO: Run Behavior\BuildLiteBehavior [ RunTime:0.000019s ]
INFO: [ app_init ] --END-- [ RunTime:0.000385s ]
ERR: 非法操作:index

[ 2016-11-16T17:02:47+08:00 ] 1.80.216.83 /cnconsum/Merchant/merchant/
INFO: [ app_init ] --START--
INFO: Run Behavior\BuildLiteBehavior [ RunTime:0.000012s ]
INFO: [ app_init ] --END-- [ RunTime:0.000300s ]
ERR: 非法操作:index

[ 2016-11-16T17:03:45+08:00 ] 1.80.216.83 /cnconsum/Merchant/merchant/complete_01
INFO: [ app_init ] --START--
INFO: Run Behavior\BuildLiteBehavior [ RunTime:0.000014s ]
INFO: [ app_init ] --END-- [ RunTime:0.000281s ]

[ 2016-11-16T17:03:48+08:00 ] 1.80.216.83 /cnconsum/Merchant/merchant/loginView
INFO: [ app_init ] --START--
INFO: Run Behavior\BuildLiteBehavior [ RunTime:0.000019s ]
INFO: [ app_init ] --END-- [ RunTime:0.000300s ]

[ 2016-11-16T17:03:53+08:00 ] 1.80.216.83 /cnconsum/Merchant/merchant/completeView_01
INFO: [ app_init ] --START--
INFO: Run Behavior\BuildLiteBehavior [ RunTime:0.000024s ]
INFO: [ app_init ] --END-- [ RunTime:0.000458s ]

[ 2016-11-16T17:03:53+08:00 ] 1.80.216.83 /cnconsum/Merchant/merchant/
INFO: [ app_init ] --START--
INFO: Run Behavior\BuildLiteBehavior [ RunTime:0.000014s ]
INFO: [ app_init ] --END-- [ RunTime:0.000327s ]
ERR: 非法操作:index

[ 2016-11-16T17:03:53+08:00 ] 1.80.216.83 /cnconsum/Merchant/merchant/
INFO: [ app_init ] --START--
INFO: Run Behavior\BuildLiteBehavior [ RunTime:0.000020s ]
INFO: [ app_init ] --END-- [ RunTime:0.000345s ]
ERR: 非法操作:index

[ 2016-11-16T17:03:54+08:00 ] 1.80.216.83 /cnconsum/Merchant/merchant/
INFO: [ app_init ] --START--
INFO: Run Behavior\BuildLiteBehavior [ RunTime:0.000015s ]
INFO: [ app_init ] --END-- [ RunTime:0.000305s ]
ERR: 非法操作:index

[ 2016-11-16T17:04:17+08:00 ] 1.80.216.83 /cnconsum/Merchant/merchant/completeView_01
INFO: [ app_init ] --START--
INFO: Run Behavior\BuildLiteBehavior [ RunTime:0.000023s ]
INFO: [ app_init ] --END-- [ RunTime:0.000307s ]

[ 2016-11-16T17:04:18+08:00 ] 1.80.216.83 /cnconsum/Merchant/merchant/
INFO: [ app_init ] --START--
INFO: Run Behavior\BuildLiteBehavior [ RunTime:0.000014s ]
INFO: [ app_init ] --END-- [ RunTime:0.000260s ]
ERR: 非法操作:index

[ 2016-11-16T17:04:18+08:00 ] 1.80.216.83 /cnconsum/Merchant/merchant/
INFO: [ app_init ] --START--
INFO: Run Behavior\BuildLiteBehavior [ RunTime:0.000015s ]
INFO: [ app_init ] --END-- [ RunTime:0.000373s ]
ERR: 非法操作:index

[ 2016-11-16T17:04:18+08:00 ] 1.80.216.83 /cnconsum/Merchant/merchant/
INFO: [ app_init ] --START--
INFO: Run Behavior\BuildLiteBehavior [ RunTime:0.000013s ]
INFO: [ app_init ] --END-- [ RunTime:0.000256s ]
ERR: 非法操作:index

[ 2016-11-16T17:05:04+08:00 ] 1.80.216.83 /cnconsum/Merchant/merchant/completeView_01
INFO: [ app_init ] --START--
INFO: Run Behavior\BuildLiteBehavior [ RunTime:0.000022s ]
INFO: [ app_init ] --END-- [ RunTime:0.000353s ]

[ 2016-11-16T17:05:05+08:00 ] 1.80.216.83 /cnconsum/Merchant/merchant/
INFO: [ app_init ] --START--
INFO: Run Behavior\BuildLiteBehavior [ RunTime:0.000017s ]
INFO: [ app_init ] --END-- [ RunTime:0.000306s ]
ERR: 非法操作:index

[ 2016-11-16T17:05:05+08:00 ] 1.80.216.83 /cnconsum/Merchant/merchant/
INFO: [ app_init ] --START--
INFO: Run Behavior\BuildLiteBehavior [ RunTime:0.000021s ]
INFO: [ app_init ] --END-- [ RunTime:0.000434s ]
ERR: 非法操作:index

[ 2016-11-16T17:05:05+08:00 ] 1.80.216.83 /cnconsum/Merchant/merchant/
INFO: [ app_init ] --START--
INFO: Run Behavior\BuildLiteBehavior [ RunTime:0.000016s ]
INFO: [ app_init ] --END-- [ RunTime:0.000481s ]
ERR: 非法操作:index

[ 2016-11-16T17:05:40+08:00 ] 1.80.216.83 /cnconsum/Merchant/merchant/completeView_01
INFO: [ app_init ] --START--
INFO: Run Behavior\BuildLiteBehavior [ RunTime:0.000015s ]
INFO: [ app_init ] --END-- [ RunTime:0.000274s ]

[ 2016-11-16T17:05:41+08:00 ] 1.80.216.83 /cnconsum/Merchant/merchant/
INFO: [ app_init ] --START--
INFO: Run Behavior\BuildLiteBehavior [ RunTime:0.000015s ]
INFO: [ app_init ] --END-- [ RunTime:0.000346s ]
ERR: 非法操作:index

[ 2016-11-16T17:05:42+08:00 ] 1.80.216.83 /cnconsum/Merchant/merchant/
INFO: [ app_init ] --START--
INFO: Run Behavior\BuildLiteBehavior [ RunTime:0.000018s ]
INFO: [ app_init ] --END-- [ RunTime:0.000299s ]
ERR: 非法操作:index

[ 2016-11-16T17:05:42+08:00 ] 1.80.216.83 /cnconsum/Merchant/merchant/
INFO: [ app_init ] --START--
INFO: Run Behavior\BuildLiteBehavior [ RunTime:0.000019s ]
INFO: [ app_init ] --END-- [ RunTime:0.000397s ]
ERR: 非法操作:index

[ 2016-11-16T17:06:03+08:00 ] 1.80.216.83 /cnconsum/Merchant/merchant/completeView_01
INFO: [ app_init ] --START--
INFO: Run Behavior\BuildLiteBehavior [ RunTime:0.000024s ]
INFO: [ app_init ] --END-- [ RunTime:0.000456s ]

[ 2016-11-16T17:06:04+08:00 ] 1.80.216.83 /cnconsum/Merchant/merchant/
INFO: [ app_init ] --START--
INFO: Run Behavior\BuildLiteBehavior [ RunTime:0.000013s ]
INFO: [ app_init ] --END-- [ RunTime:0.000254s ]
ERR: 非法操作:index

[ 2016-11-16T17:06:04+08:00 ] 1.80.216.83 /cnconsum/Merchant/merchant/
INFO: [ app_init ] --START--
INFO: Run Behavior\BuildLiteBehavior [ RunTime:0.000019s ]
INFO: [ app_init ] --END-- [ RunTime:0.000501s ]
ERR: 非法操作:index

[ 2016-11-16T17:06:04+08:00 ] 1.80.216.83 /cnconsum/Merchant/merchant/
INFO: [ app_init ] --START--
INFO: Run Behavior\BuildLiteBehavior [ RunTime:0.000022s ]
INFO: [ app_init ] --END-- [ RunTime:0.000408s ]
ERR: 非法操作:index

[ 2016-11-16T17:10:13+08:00 ] 1.80.216.83 /cnconsum/Merchant/merchant/completeView_01
INFO: [ app_init ] --START--
INFO: Run Behavior\BuildLiteBehavior [ RunTime:0.000020s ]
INFO: [ app_init ] --END-- [ RunTime:0.000358s ]

[ 2016-11-16T17:10:36+08:00 ] 1.80.216.83 /cnconsum/Merchant/merchant/completeView_01
INFO: [ app_init ] --START--
INFO: Run Behavior\BuildLiteBehavior [ RunTime:0.000021s ]
INFO: [ app_init ] --END-- [ RunTime:0.000359s ]

[ 2016-11-16T17:10:37+08:00 ] 1.80.216.83 /cnconsum/Merchant/merchant/
INFO: [ app_init ] --START--
INFO: Run Behavior\BuildLiteBehavior [ RunTime:0.000014s ]
INFO: [ app_init ] --END-- [ RunTime:0.000283s ]
ERR: 非法操作:index

[ 2016-11-16T17:10:37+08:00 ] 1.80.216.83 /cnconsum/Merchant/merchant/
INFO: [ app_init ] --START--
INFO: Run Behavior\BuildLiteBehavior [ RunTime:0.000039s ]
INFO: [ app_init ] --END-- [ RunTime:0.000424s ]
ERR: 非法操作:index

[ 2016-11-16T17:10:37+08:00 ] 1.80.216.83 /cnconsum/Merchant/merchant/
INFO: [ app_init ] --START--
INFO: Run Behavior\BuildLiteBehavior [ RunTime:0.000019s ]
INFO: [ app_init ] --END-- [ RunTime:0.000428s ]
ERR: 非法操作:index

[ 2016-11-16T17:14:03+08:00 ] 1.80.216.83 /cnconsum/Merchant/merchant/completeView_01
INFO: [ app_init ] --START--
INFO: Run Behavior\BuildLiteBehavior [ RunTime:0.000014s ]
INFO: [ app_init ] --END-- [ RunTime:0.000300s ]

[ 2016-11-16T17:14:04+08:00 ] 1.80.216.83 /cnconsum/Merchant/merchant/
INFO: [ app_init ] --START--
INFO: Run Behavior\BuildLiteBehavior [ RunTime:0.000021s ]
INFO: [ app_init ] --END-- [ RunTime:0.000453s ]
ERR: 非法操作:index

[ 2016-11-16T17:14:04+08:00 ] 1.80.216.83 /cnconsum/Merchant/merchant/
INFO: [ app_init ] --START--
INFO: Run Behavior\BuildLiteBehavior [ RunTime:0.000013s ]
INFO: [ app_init ] --END-- [ RunTime:0.000259s ]
ERR: 非法操作:index

[ 2016-11-16T17:14:04+08:00 ] 1.80.216.83 /cnconsum/Merchant/merchant/
INFO: [ app_init ] --START--
INFO: Run Behavior\BuildLiteBehavior [ RunTime:0.000013s ]
INFO: [ app_init ] --END-- [ RunTime:0.000292s ]
ERR: 非法操作:index

[ 2016-11-16T17:27:45+08:00 ] 1.80.216.83 /cnconsum/Merchant/merchant/completeView_01
INFO: [ app_init ] --START--
INFO: Run Behavior\BuildLiteBehavior [ RunTime:0.000019s ]
INFO: [ app_init ] --END-- [ RunTime:0.000405s ]

[ 2016-11-16T17:27:46+08:00 ] 1.80.216.83 /cnconsum/Merchant/merchant/
INFO: [ app_init ] --START--
INFO: Run Behavior\BuildLiteBehavior [ RunTime:0.000019s ]
INFO: [ app_init ] --END-- [ RunTime:0.000339s ]
ERR: 非法操作:index

[ 2016-11-16T17:27:46+08:00 ] 1.80.216.83 /cnconsum/Merchant/merchant/
INFO: [ app_init ] --START--
INFO: Run Behavior\BuildLiteBehavior [ RunTime:0.000020s ]
INFO: [ app_init ] --END-- [ RunTime:0.000423s ]
ERR: 非法操作:index

[ 2016-11-16T17:27:46+08:00 ] 1.80.216.83 /cnconsum/Merchant/merchant/
INFO: [ app_init ] --START--
INFO: Run Behavior\BuildLiteBehavior [ RunTime:0.000019s ]
INFO: [ app_init ] --END-- [ RunTime:0.000311s ]
ERR: 非法操作:index

[ 2016-11-16T17:56:19+08:00 ] 1.80.216.83 /cnconsum/Merchant/merchant/completeView_01
INFO: [ app_init ] --START--
INFO: Run Behavior\BuildLiteBehavior [ RunTime:0.000020s ]
INFO: [ app_init ] --END-- [ RunTime:0.000372s ]

[ 2016-11-16T17:56:20+08:00 ] 1.80.216.83 /cnconsum/Merchant/merchant/__PUBLIC__/image/upbg.png
INFO: [ app_init ] --START--
INFO: Run Behavior\BuildLiteBehavior [ RunTime:0.000017s ]
INFO: [ app_init ] --END-- [ RunTime:0.000379s ]

[ 2016-11-16T17:56:20+08:00 ] 1.80.216.83 /cnconsum/Merchant/merchant/
INFO: [ app_init ] --START--
INFO: Run Behavior\BuildLiteBehavior [ RunTime:0.000024s ]
INFO: [ app_init ] --END-- [ RunTime:0.000444s ]
ERR: 非法操作:index

[ 2016-11-16T17:56:20+08:00 ] 1.80.216.83 /cnconsum/Merchant/merchant/
INFO: [ app_init ] --START--
INFO: Run Behavior\BuildLiteBehavior [ RunTime:0.000021s ]
INFO: [ app_init ] --END-- [ RunTime:0.000412s ]
ERR: 非法操作:index

[ 2016-11-16T17:56:20+08:00 ] 1.80.216.83 /cnconsum/Merchant/merchant/
INFO: [ app_init ] --START--
INFO: Run Behavior\BuildLiteBehavior [ RunTime:0.000017s ]
INFO: [ app_init ] --END-- [ RunTime:0.000417s ]
ERR: 非法操作:index

[ 2016-11-16T17:57:58+08:00 ] 1.80.216.83 /cnconsum/Merchant/merchant/completeView_01
INFO: [ app_init ] --START--
INFO: Run Behavior\BuildLiteBehavior [ RunTime:0.000019s ]
INFO: [ app_init ] --END-- [ RunTime:0.000420s ]

[ 2016-11-16T17:57:59+08:00 ] 1.80.216.83 /cnconsum/Merchant/merchant/
INFO: [ app_init ] --START--
INFO: Run Behavior\BuildLiteBehavior [ RunTime:0.000025s ]
INFO: [ app_init ] --END-- [ RunTime:0.000488s ]
ERR: 非法操作:index

[ 2016-11-16T17:57:59+08:00 ] 1.80.216.83 /cnconsum/Merchant/merchant/
INFO: [ app_init ] --START--
INFO: Run Behavior\BuildLiteBehavior [ RunTime:0.000025s ]
INFO: [ app_init ] --END-- [ RunTime:0.000486s ]
ERR: 非法操作:index

[ 2016-11-16T17:57:59+08:00 ] 1.80.216.83 /cnconsum/Merchant/merchant/
INFO: [ app_init ] --START--
INFO: Run Behavior\BuildLiteBehavior [ RunTime:0.000017s ]
INFO: [ app_init ] --END-- [ RunTime:0.000392s ]
ERR: 非法操作:index

[ 2016-11-16T17:59:09+08:00 ] 1.80.216.83 /cnconsum/Merchant/merchant/completeView_01
INFO: [ app_init ] --START--
INFO: Run Behavior\BuildLiteBehavior [ RunTime:0.000021s ]
INFO: [ app_init ] --END-- [ RunTime:0.000363s ]

[ 2016-11-16T17:59:10+08:00 ] 1.80.216.83 /cnconsum/Merchant/merchant/
INFO: [ app_init ] --START--
INFO: Run Behavior\BuildLiteBehavior [ RunTime:0.000014s ]
INFO: [ app_init ] --END-- [ RunTime:0.000269s ]
ERR: 非法操作:index

[ 2016-11-16T17:59:10+08:00 ] 1.80.216.83 /cnconsum/Merchant/merchant/
INFO: [ app_init ] --START--
INFO: Run Behavior\BuildLiteBehavior [ RunTime:0.000024s ]
INFO: [ app_init ] --END-- [ RunTime:0.000451s ]
ERR: 非法操作:index

[ 2016-11-16T17:59:10+08:00 ] 1.80.216.83 /cnconsum/Merchant/merchant/
INFO: [ app_init ] --START--
INFO: Run Behavior\BuildLiteBehavior [ RunTime:0.000019s ]
INFO: [ app_init ] --END-- [ RunTime:0.000433s ]
ERR: 非法操作:index

[ 2016-11-16T17:59:54+08:00 ] 1.80.216.83 /cnconsum/Merchant/merchant/completeView_01
INFO: [ app_init ] --START--
INFO: Run Behavior\BuildLiteBehavior [ RunTime:0.000018s ]
INFO: [ app_init ] --END-- [ RunTime:0.000260s ]

[ 2016-11-16T17:59:55+08:00 ] 1.80.216.83 /cnconsum/Merchant/merchant/
INFO: [ app_init ] --START--
INFO: Run Behavior\BuildLiteBehavior [ RunTime:0.000018s ]
INFO: [ app_init ] --END-- [ RunTime:0.000285s ]
ERR: 非法操作:index

[ 2016-11-16T17:59:55+08:00 ] 1.80.216.83 /cnconsum/Merchant/merchant/
INFO: [ app_init ] --START--
INFO: Run Behavior\BuildLiteBehavior [ RunTime:0.000020s ]
INFO: [ app_init ] --END-- [ RunTime:0.000419s ]
ERR: 非法操作:index

[ 2016-11-16T17:59:55+08:00 ] 1.80.216.83 /cnconsum/Merchant/merchant/
INFO: [ app_init ] --START--
INFO: Run Behavior\BuildLiteBehavior [ RunTime:0.000013s ]
INFO: [ app_init ] --END-- [ RunTime:0.000325s ]
ERR: 非法操作:index

[ 2016-11-16T18:00:41+08:00 ] 1.80.216.83 /cnconsum/Merchant/merchant/completeView_01
INFO: [ app_init ] --START--
INFO: Run Behavior\BuildLiteBehavior [ RunTime:0.000014s ]
INFO: [ app_init ] --END-- [ RunTime:0.000372s ]

[ 2016-11-16T18:00:42+08:00 ] 1.80.216.83 /cnconsum/Merchant/merchant/
INFO: [ app_init ] --START--
INFO: Run Behavior\BuildLiteBehavior [ RunTime:0.001548s ]
INFO: [ app_init ] --END-- [ RunTime:0.002129s ]
ERR: 非法操作:index

[ 2016-11-16T18:00:42+08:00 ] 1.80.216.83 /cnconsum/Merchant/merchant/
INFO: [ app_init ] --START--
INFO: Run Behavior\BuildLiteBehavior [ RunTime:0.000020s ]
INFO: [ app_init ] --END-- [ RunTime:0.000393s ]
ERR: 非法操作:index

[ 2016-11-16T18:00:42+08:00 ] 1.80.216.83 /cnconsum/Merchant/merchant/
INFO: [ app_init ] --START--
INFO: Run Behavior\BuildLiteBehavior [ RunTime:0.000030s ]
INFO: [ app_init ] --END-- [ RunTime:0.000752s ]
ERR: 非法操作:index

[ 2016-11-16T18:01:15+08:00 ] 1.80.216.83 /cnconsum/Merchant/merchant/completeView_01
INFO: [ app_init ] --START--
INFO: Run Behavior\BuildLiteBehavior [ RunTime:0.000021s ]
INFO: [ app_init ] --END-- [ RunTime:0.000404s ]

[ 2016-11-16T18:01:16+08:00 ] 1.80.216.83 /cnconsum/Merchant/merchant/
INFO: [ app_init ] --START--
INFO: Run Behavior\BuildLiteBehavior [ RunTime:0.000015s ]
INFO: [ app_init ] --END-- [ RunTime:0.000278s ]
ERR: 非法操作:index

[ 2016-11-16T18:01:16+08:00 ] 1.80.216.83 /cnconsum/Merchant/merchant/
INFO: [ app_init ] --START--
INFO: Run Behavior\BuildLiteBehavior [ RunTime:0.000016s ]
INFO: [ app_init ] --END-- [ RunTime:0.000363s ]
ERR: 非法操作:index

[ 2016-11-16T18:01:16+08:00 ] 1.80.216.83 /cnconsum/Merchant/merchant/
INFO: [ app_init ] --START--
INFO: Run Behavior\BuildLiteBehavior [ RunTime:0.000022s ]
INFO: [ app_init ] --END-- [ RunTime:0.000431s ]
ERR: 非法操作:index

[ 2016-11-16T18:02:22+08:00 ] 1.80.216.83 /cnconsum/Merchant/merchant/completeView_01
INFO: [ app_init ] --START--
INFO: Run Behavior\BuildLiteBehavior [ RunTime:0.000017s ]
INFO: [ app_init ] --END-- [ RunTime:0.000324s ]

[ 2016-11-16T18:02:23+08:00 ] 1.80.216.83 /cnconsum/Merchant/merchant/
INFO: [ app_init ] --START--
INFO: Run Behavior\BuildLiteBehavior [ RunTime:0.000018s ]
INFO: [ app_init ] --END-- [ RunTime:0.000297s ]
ERR: 非法操作:index

[ 2016-11-16T18:02:23+08:00 ] 1.80.216.83 /cnconsum/Merchant/merchant/
INFO: [ app_init ] --START--
INFO: Run Behavior\BuildLiteBehavior [ RunTime:0.000021s ]
INFO: [ app_init ] --END-- [ RunTime:0.000530s ]
ERR: 非法操作:index

[ 2016-11-16T18:02:23+08:00 ] 1.80.216.83 /cnconsum/Merchant/merchant/
INFO: [ app_init ] --START--
INFO: Run Behavior\BuildLiteBehavior [ RunTime:0.000019s ]
INFO: [ app_init ] --END-- [ RunTime:0.000456s ]
ERR: 非法操作:index

[ 2016-11-16T18:02:25+08:00 ] 1.80.216.83 /cnconsum/Merchant/merchant/completeView_01
INFO: [ app_init ] --START--
INFO: Run Behavior\BuildLiteBehavior [ RunTime:0.000023s ]
INFO: [ app_init ] --END-- [ RunTime:0.000432s ]

[ 2016-11-16T18:02:26+08:00 ] 1.80.216.83 /cnconsum/Merchant/merchant/
INFO: [ app_init ] --START--
INFO: Run Behavior\BuildLiteBehavior [ RunTime:0.000015s ]
INFO: [ app_init ] --END-- [ RunTime:0.000320s ]
ERR: 非法操作:index

[ 2016-11-16T18:02:26+08:00 ] 1.80.216.83 /cnconsum/Merchant/merchant/
INFO: [ app_init ] --START--
INFO: Run Behavior\BuildLiteBehavior [ RunTime:0.000021s ]
INFO: [ app_init ] --END-- [ RunTime:0.000410s ]
ERR: 非法操作:index

[ 2016-11-16T18:02:26+08:00 ] 1.80.216.83 /cnconsum/Merchant/merchant/
INFO: [ app_init ] --START--
INFO: Run Behavior\BuildLiteBehavior [ RunTime:0.000018s ]
INFO: [ app_init ] --END-- [ RunTime:0.000326s ]
ERR: 非法操作:index

[ 2016-11-16T18:02:39+08:00 ] 1.80.216.83 /cnconsum/Merchant/merchant/completeView_01
INFO: [ app_init ] --START--
INFO: Run Behavior\BuildLiteBehavior [ RunTime:0.000026s ]
INFO: [ app_init ] --END-- [ RunTime:0.000459s ]

[ 2016-11-16T18:02:40+08:00 ] 1.80.216.83 /cnconsum/Merchant/merchant/
INFO: [ app_init ] --START--
INFO: Run Behavior\BuildLiteBehavior [ RunTime:0.000015s ]
INFO: [ app_init ] --END-- [ RunTime:0.000265s ]
ERR: 非法操作:index

[ 2016-11-16T18:02:40+08:00 ] 1.80.216.83 /cnconsum/Merchant/merchant/
INFO: [ app_init ] --START--
INFO: Run Behavior\BuildLiteBehavior [ RunTime:0.000015s ]
INFO: [ app_init ] --END-- [ RunTime:0.000263s ]
ERR: 非法操作:index

[ 2016-11-16T18:02:40+08:00 ] 1.80.216.83 /cnconsum/Merchant/merchant/
INFO: [ app_init ] --START--
INFO: Run Behavior\BuildLiteBehavior [ RunTime:0.000013s ]
INFO: [ app_init ] --END-- [ RunTime:0.000304s ]
ERR: 非法操作:index

[ 2016-11-16T18:02:58+08:00 ] 1.80.216.83 /cnconsum/Merchant/merchant/completeView_01
INFO: [ app_init ] --START--
INFO: Run Behavior\BuildLiteBehavior [ RunTime:0.000028s ]
INFO: [ app_init ] --END-- [ RunTime:0.000432s ]

[ 2016-11-16T18:02:59+08:00 ] 1.80.216.83 /cnconsum/Merchant/merchant/
INFO: [ app_init ] --START--
INFO: Run Behavior\BuildLiteBehavior [ RunTime:0.000014s ]
INFO: [ app_init ] --END-- [ RunTime:0.000292s ]
ERR: 非法操作:index

[ 2016-11-16T18:02:59+08:00 ] 1.80.216.83 /cnconsum/Merchant/merchant/
INFO: [ app_init ] --START--
INFO: Run Behavior\BuildLiteBehavior [ RunTime:0.000017s ]
INFO: [ app_init ] --END-- [ RunTime:0.000285s ]
ERR: 非法操作:index

[ 2016-11-16T18:02:59+08:00 ] 1.80.216.83 /cnconsum/Merchant/merchant/
INFO: [ app_init ] --START--
INFO: Run Behavior\BuildLiteBehavior [ RunTime:0.000013s ]
INFO: [ app_init ] --END-- [ RunTime:0.000295s ]
ERR: 非法操作:index

[ 2016-11-16T18:03:20+08:00 ] 1.80.216.83 /cnconsum/Merchant/merchant/completeView_01
INFO: [ app_init ] --START--
INFO: Run Behavior\BuildLiteBehavior [ RunTime:0.000026s ]
INFO: [ app_init ] --END-- [ RunTime:0.000401s ]

[ 2016-11-16T18:03:21+08:00 ] 1.80.216.83 /cnconsum/Merchant/merchant/
INFO: [ app_init ] --START--
INFO: Run Behavior\BuildLiteBehavior [ RunTime:0.000014s ]
INFO: [ app_init ] --END-- [ RunTime:0.000257s ]
ERR: 非法操作:index

[ 2016-11-16T18:03:21+08:00 ] 1.80.216.83 /cnconsum/Merchant/merchant/
INFO: [ app_init ] --START--
INFO: Run Behavior\BuildLiteBehavior [ RunTime:0.000014s ]
INFO: [ app_init ] --END-- [ RunTime:0.000349s ]
ERR: 非法操作:index

[ 2016-11-16T18:03:21+08:00 ] 1.80.216.83 /cnconsum/Merchant/merchant/
INFO: [ app_init ] --START--
INFO: Run Behavior\BuildLiteBehavior [ RunTime:0.000011s ]
INFO: [ app_init ] --END-- [ RunTime:0.000250s ]
ERR: 非法操作:index

[ 2016-11-16T18:07:00+08:00 ] 1.80.216.83 /cnconsum/Merchant/merchant/completeView_01
INFO: [ app_init ] --START--
INFO: Run Behavior\BuildLiteBehavior [ RunTime:0.000027s ]
INFO: [ app_init ] --END-- [ RunTime:0.000458s ]

[ 2016-11-16T18:07:00+08:00 ] 1.80.216.83 /cnconsum/Merchant/merchant/
INFO: [ app_init ] --START--
INFO: Run Behavior\BuildLiteBehavior [ RunTime:0.000022s ]
INFO: [ app_init ] --END-- [ RunTime:0.000439s ]
ERR: 非法操作:index

[ 2016-11-16T18:07:00+08:00 ] 1.80.216.83 /cnconsum/Merchant/merchant/
INFO: [ app_init ] --START--
INFO: Run Behavior\BuildLiteBehavior [ RunTime:0.000026s ]
INFO: [ app_init ] --END-- [ RunTime:0.000461s ]
ERR: 非法操作:index

[ 2016-11-16T18:07:01+08:00 ] 1.80.216.83 /cnconsum/Merchant/merchant/
INFO: [ app_init ] --START--
INFO: Run Behavior\BuildLiteBehavior [ RunTime:0.000018s ]
INFO: [ app_init ] --END-- [ RunTime:0.000439s ]
ERR: 非法操作:index

[ 2016-11-16T18:08:23+08:00 ] 1.80.216.83 /cnconsum/Merchant/merchant/completeView_01
INFO: [ app_init ] --START--
INFO: Run Behavior\BuildLiteBehavior [ RunTime:0.000028s ]
INFO: [ app_init ] --END-- [ RunTime:0.001772s ]

[ 2016-11-16T18:08:24+08:00 ] 1.80.216.83 /cnconsum/Merchant/merchant/
INFO: [ app_init ] --START--
INFO: Run Behavior\BuildLiteBehavior [ RunTime:0.000026s ]
INFO: [ app_init ] --END-- [ RunTime:0.000476s ]
ERR: 非法操作:index

[ 2016-11-16T18:08:24+08:00 ] 1.80.216.83 /cnconsum/Merchant/merchant/
INFO: [ app_init ] --START--
INFO: Run Behavior\BuildLiteBehavior [ RunTime:0.000021s ]
INFO: [ app_init ] --END-- [ RunTime:0.000395s ]
ERR: 非法操作:index

[ 2016-11-16T18:08:24+08:00 ] 1.80.216.83 /cnconsum/Merchant/merchant/
INFO: [ app_init ] --START--
INFO: Run Behavior\BuildLiteBehavior [ RunTime:0.000022s ]
INFO: [ app_init ] --END-- [ RunTime:0.000422s ]
ERR: 非法操作:index

[ 2016-11-16T18:08:31+08:00 ] 1.80.216.83 /cnconsum/Merchant/merchant/completeView_01
INFO: [ app_init ] --START--
INFO: Run Behavior\BuildLiteBehavior [ RunTime:0.000026s ]
INFO: [ app_init ] --END-- [ RunTime:0.000464s ]

[ 2016-11-16T18:08:32+08:00 ] 1.80.216.83 /cnconsum/Merchant/merchant/
INFO: [ app_init ] --START--
INFO: Run Behavior\BuildLiteBehavior [ RunTime:0.000015s ]
INFO: [ app_init ] --END-- [ RunTime:0.000481s ]
ERR: 非法操作:index

[ 2016-11-16T18:08:32+08:00 ] 1.80.216.83 /cnconsum/Merchant/merchant/
INFO: [ app_init ] --START--
INFO: Run Behavior\BuildLiteBehavior [ RunTime:0.000016s ]
INFO: [ app_init ] --END-- [ RunTime:0.000296s ]
ERR: 非法操作:index

[ 2016-11-16T18:08:32+08:00 ] 1.80.216.83 /cnconsum/Merchant/merchant/
INFO: [ app_init ] --START--
INFO: Run Behavior\BuildLiteBehavior [ RunTime:0.000013s ]
INFO: [ app_init ] --END-- [ RunTime:0.000328s ]
ERR: 非法操作:index

