[ 2016-11-19T10:50:15+08:00 ] 1.80.217.176 /cnconsum/Merchant/merchant/
INFO: [ app_init ] --START--
INFO: Run Behavior\BuildLiteBehavior [ RunTime:0.000037s ]
INFO: [ app_init ] --END-- [ RunTime:0.000530s ]
ERR: 非法操作:index

[ 2016-11-19T10:50:15+08:00 ] 1.80.217.176 /cnconsum/Merchant/merchant/
INFO: [ app_init ] --START--
INFO: Run Behavior\BuildLiteBehavior [ RunTime:0.000019s ]
INFO: [ app_init ] --END-- [ RunTime:0.000400s ]
ERR: 非法操作:index

[ 2016-11-19T10:50:15+08:00 ] 1.80.217.176 /cnconsum/Merchant/merchant/
INFO: [ app_init ] --START--
INFO: Run Behavior\BuildLiteBehavior [ RunTime:0.000012s ]
INFO: [ app_init ] --END-- [ RunTime:0.000250s ]
ERR: 非法操作:index

[ 2016-11-19T14:10:39+08:00 ] 1.80.217.176 /cnconsum/Merchant/merchant/
INFO: [ app_init ] --START--
INFO: Run Behavior\BuildLiteBehavior [ RunTime:0.000015s ]
INFO: [ app_init ] --END-- [ RunTime:0.000273s ]

[ 2016-11-19T14:10:39+08:00 ] 1.80.217.176 /cnconsum/Merchant/merchant/
INFO: [ app_init ] --START--
INFO: Run Behavior\BuildLiteBehavior [ RunTime:0.000022s ]
INFO: [ app_init ] --END-- [ RunTime:0.000447s ]

[ 2016-11-19T14:10:39+08:00 ] 1.80.217.176 /cnconsum/Merchant/merchant/
INFO: [ app_init ] --START--
INFO: Run Behavior\BuildLiteBehavior [ RunTime:0.000016s ]
INFO: [ app_init ] --END-- [ RunTime:0.000402s ]

[ 2016-11-19T14:10:42+08:00 ] 1.80.217.176 /cnconsum/Merchant/merchant/complete_01
INFO: [ app_init ] --START--
INFO: Run Behavior\BuildLiteBehavior [ RunTime:0.000014s ]
INFO: [ app_init ] --END-- [ RunTime:0.000278s ]

[ 2016-11-19T14:10:42+08:00 ] 1.80.217.176 /cnconsum/Merchant/merchant/completeView_02
INFO: [ app_init ] --START--
INFO: Run Behavior\BuildLiteBehavior [ RunTime:0.000015s ]
INFO: [ app_init ] --END-- [ RunTime:0.000317s ]

[ 2016-11-19T14:10:43+08:00 ] 1.80.217.176 /cnconsum/Merchant/merchant/
INFO: [ app_init ] --START--
INFO: Run Behavior\BuildLiteBehavior [ RunTime:0.000016s ]
INFO: [ app_init ] --END-- [ RunTime:0.000405s ]

[ 2016-11-19T14:10:43+08:00 ] 1.80.217.176 /cnconsum/Merchant/merchant/
INFO: [ app_init ] --START--
INFO: Run Behavior\BuildLiteBehavior [ RunTime:0.000018s ]
INFO: [ app_init ] --END-- [ RunTime:0.000353s ]

[ 2016-11-19T14:10:43+08:00 ] 1.80.217.176 /cnconsum/Merchant/merchant/
INFO: [ app_init ] --START--
INFO: Run Behavior\BuildLiteBehavior [ RunTime:0.000012s ]
INFO: [ app_init ] --END-- [ RunTime:0.000299s ]

[ 2016-11-19T14:10:43+08:00 ] 1.80.217.176 /cnconsum/Merchant/merchant/
INFO: [ app_init ] --START--
INFO: Run Behavior\BuildLiteBehavior [ RunTime:0.000016s ]
INFO: [ app_init ] --END-- [ RunTime:0.000333s ]

[ 2016-11-19T14:10:44+08:00 ] 1.80.217.176 /cnconsum/Merchant/merchant/
INFO: [ app_init ] --START--
INFO: Run Behavior\BuildLiteBehavior [ RunTime:0.000018s ]
INFO: [ app_init ] --END-- [ RunTime:0.000369s ]

[ 2016-11-19T14:10:44+08:00 ] 1.80.217.176 /cnconsum/Merchant/merchant/
INFO: [ app_init ] --START--
INFO: Run Behavior\BuildLiteBehavior [ RunTime:0.000014s ]
INFO: [ app_init ] --END-- [ RunTime:0.000273s ]

[ 2016-11-19T14:12:56+08:00 ] 1.80.217.176 /cnconsum/Merchant/merchant/completeView_02
INFO: [ app_init ] --START--
INFO: Run Behavior\BuildLiteBehavior [ RunTime:0.000017s ]
INFO: [ app_init ] --END-- [ RunTime:0.000366s ]

[ 2016-11-19T14:12:59+08:00 ] 1.80.217.176 /cnconsum/Merchant/merchant/
INFO: [ app_init ] --START--
INFO: Run Behavior\BuildLiteBehavior [ RunTime:0.000015s ]
INFO: [ app_init ] --END-- [ RunTime:0.000398s ]

[ 2016-11-19T14:12:59+08:00 ] 1.80.217.176 /cnconsum/Merchant/merchant/
INFO: [ app_init ] --START--
INFO: Run Behavior\BuildLiteBehavior [ RunTime:0.000020s ]
INFO: [ app_init ] --END-- [ RunTime:0.000438s ]

[ 2016-11-19T14:12:59+08:00 ] 1.80.217.176 /cnconsum/Merchant/merchant/
INFO: [ app_init ] --START--
INFO: Run Behavior\BuildLiteBehavior [ RunTime:0.000013s ]
INFO: [ app_init ] --END-- [ RunTime:0.000320s ]

[ 2016-11-19T14:12:59+08:00 ] 1.80.217.176 /cnconsum/Merchant/merchant/
INFO: [ app_init ] --START--
INFO: Run Behavior\BuildLiteBehavior [ RunTime:0.000187s ]
INFO: [ app_init ] --END-- [ RunTime:0.000501s ]

[ 2016-11-19T14:12:59+08:00 ] 1.80.217.176 /cnconsum/Merchant/merchant/
INFO: [ app_init ] --START--
INFO: Run Behavior\BuildLiteBehavior [ RunTime:0.000015s ]
INFO: [ app_init ] --END-- [ RunTime:0.000338s ]

[ 2016-11-19T14:12:59+08:00 ] 1.80.217.176 /cnconsum/Merchant/merchant/
INFO: [ app_init ] --START--
INFO: Run Behavior\BuildLiteBehavior [ RunTime:0.000021s ]
INFO: [ app_init ] --END-- [ RunTime:0.000373s ]

[ 2016-11-19T14:13:01+08:00 ] 1.80.217.176 /cnconsum/Merchant/merchant/completeView_01
INFO: [ app_init ] --START--
INFO: Run Behavior\BuildLiteBehavior [ RunTime:0.000013s ]
INFO: [ app_init ] --END-- [ RunTime:0.000311s ]

[ 2016-11-19T14:13:02+08:00 ] 1.80.217.176 /cnconsum/Merchant/merchant/
INFO: [ app_init ] --START--
INFO: Run Behavior\BuildLiteBehavior [ RunTime:0.000018s ]
INFO: [ app_init ] --END-- [ RunTime:0.000313s ]

[ 2016-11-19T14:13:02+08:00 ] 1.80.217.176 /cnconsum/Merchant/merchant/
INFO: [ app_init ] --START--
INFO: Run Behavior\BuildLiteBehavior [ RunTime:0.000018s ]
INFO: [ app_init ] --END-- [ RunTime:0.000401s ]

[ 2016-11-19T14:13:03+08:00 ] 1.80.217.176 /cnconsum/Merchant/merchant/
INFO: [ app_init ] --START--
INFO: Run Behavior\BuildLiteBehavior [ RunTime:0.000018s ]
INFO: [ app_init ] --END-- [ RunTime:0.000400s ]

[ 2016-11-19T14:13:22+08:00 ] 1.80.217.176 /cnconsum/Merchant/merchant/loginView
INFO: [ app_init ] --START--
INFO: Run Behavior\BuildLiteBehavior [ RunTime:0.000027s ]
INFO: [ app_init ] --END-- [ RunTime:0.000414s ]

[ 2016-11-19T14:13:26+08:00 ] 1.80.217.176 /cnconsum/Merchant/merchant/completeView_01
INFO: [ app_init ] --START--
INFO: Run Behavior\BuildLiteBehavior [ RunTime:0.000014s ]
INFO: [ app_init ] --END-- [ RunTime:0.000287s ]

[ 2016-11-19T14:13:27+08:00 ] 1.80.217.176 /cnconsum/Merchant/merchant/
INFO: [ app_init ] --START--
INFO: Run Behavior\BuildLiteBehavior [ RunTime:0.000019s ]
INFO: [ app_init ] --END-- [ RunTime:0.000361s ]

[ 2016-11-19T14:13:27+08:00 ] 1.80.217.176 /cnconsum/Merchant/merchant/
INFO: [ app_init ] --START--
INFO: Run Behavior\BuildLiteBehavior [ RunTime:0.000019s ]
INFO: [ app_init ] --END-- [ RunTime:0.000410s ]

[ 2016-11-19T14:13:27+08:00 ] 1.80.217.176 /cnconsum/Merchant/merchant/
INFO: [ app_init ] --START--
INFO: Run Behavior\BuildLiteBehavior [ RunTime:0.000013s ]
INFO: [ app_init ] --END-- [ RunTime:0.000370s ]

[ 2016-11-19T14:13:37+08:00 ] 1.80.217.176 /cnconsum/Merchant/upload/upload
INFO: [ app_init ] --START--
INFO: Run Behavior\BuildLiteBehavior [ RunTime:0.000020s ]
INFO: [ app_init ] --END-- [ RunTime:0.003071s ]

[ 2016-11-19T14:13:42+08:00 ] 1.80.217.176 /cnconsum/Merchant/upload/upload
INFO: [ app_init ] --START--
INFO: Run Behavior\BuildLiteBehavior [ RunTime:0.000014s ]
INFO: [ app_init ] --END-- [ RunTime:0.000365s ]

[ 2016-11-19T14:14:02+08:00 ] 1.80.217.176 /cnconsum/Merchant/merchant/complete_01
INFO: [ app_init ] --START--
INFO: Run Behavior\BuildLiteBehavior [ RunTime:0.000015s ]
INFO: [ app_init ] --END-- [ RunTime:0.000327s ]

[ 2016-11-19T14:14:02+08:00 ] 1.80.217.176 /cnconsum/Merchant/merchant/completeView_02
INFO: [ app_init ] --START--
INFO: Run Behavior\BuildLiteBehavior [ RunTime:0.000018s ]
INFO: [ app_init ] --END-- [ RunTime:0.000360s ]

[ 2016-11-19T14:14:03+08:00 ] 1.80.217.176 /cnconsum/Merchant/merchant/
INFO: [ app_init ] --START--
INFO: Run Behavior\BuildLiteBehavior [ RunTime:0.000017s ]
INFO: [ app_init ] --END-- [ RunTime:0.000331s ]

[ 2016-11-19T14:14:04+08:00 ] 1.80.217.176 /cnconsum/Merchant/merchant/
INFO: [ app_init ] --START--
INFO: Run Behavior\BuildLiteBehavior [ RunTime:0.000022s ]
INFO: [ app_init ] --END-- [ RunTime:0.000388s ]

[ 2016-11-19T14:14:08+08:00 ] 1.80.217.176 /cnconsum/Merchant/merchant/
INFO: [ app_init ] --START--
INFO: Run Behavior\BuildLiteBehavior [ RunTime:0.000020s ]
INFO: [ app_init ] --END-- [ RunTime:0.000406s ]

[ 2016-11-19T14:14:08+08:00 ] 1.80.217.176 /cnconsum/Merchant/merchant/
INFO: [ app_init ] --START--
INFO: Run Behavior\BuildLiteBehavior [ RunTime:0.000021s ]
INFO: [ app_init ] --END-- [ RunTime:0.000403s ]

[ 2016-11-19T14:14:08+08:00 ] 1.80.217.176 /cnconsum/Merchant/merchant/
INFO: [ app_init ] --START--
INFO: Run Behavior\BuildLiteBehavior [ RunTime:0.000052s ]
INFO: [ app_init ] --END-- [ RunTime:0.000614s ]

[ 2016-11-19T14:14:12+08:00 ] 1.80.217.176 /cnconsum/Merchant/merchant/completeView_01
INFO: [ app_init ] --START--
INFO: Run Behavior\BuildLiteBehavior [ RunTime:0.000018s ]
INFO: [ app_init ] --END-- [ RunTime:0.000371s ]

[ 2016-11-19T14:14:13+08:00 ] 1.80.217.176 /cnconsum/Merchant/merchant/
INFO: [ app_init ] --START--
INFO: Run Behavior\BuildLiteBehavior [ RunTime:0.000019s ]
INFO: [ app_init ] --END-- [ RunTime:0.000382s ]

[ 2016-11-19T14:14:14+08:00 ] 1.80.217.176 /cnconsum/Merchant/merchant/
INFO: [ app_init ] --START--
INFO: Run Behavior\BuildLiteBehavior [ RunTime:0.000017s ]
INFO: [ app_init ] --END-- [ RunTime:0.000384s ]

[ 2016-11-19T14:14:56+08:00 ] 1.80.217.176 /cnconsum/Merchant/merchant/complete_01
INFO: [ app_init ] --START--
INFO: Run Behavior\BuildLiteBehavior [ RunTime:0.000019s ]
INFO: [ app_init ] --END-- [ RunTime:0.000360s ]

[ 2016-11-19T14:14:56+08:00 ] 1.80.217.176 /cnconsum/Merchant/merchant/completeView_02
INFO: [ app_init ] --START--
INFO: Run Behavior\BuildLiteBehavior [ RunTime:0.000032s ]
INFO: [ app_init ] --END-- [ RunTime:0.000413s ]

[ 2016-11-19T14:14:57+08:00 ] 1.80.217.176 /cnconsum/Merchant/merchant/
INFO: [ app_init ] --START--
INFO: Run Behavior\BuildLiteBehavior [ RunTime:0.000014s ]
INFO: [ app_init ] --END-- [ RunTime:0.000262s ]

[ 2016-11-19T14:14:58+08:00 ] 1.80.217.176 /cnconsum/Merchant/merchant/
INFO: [ app_init ] --START--
INFO: Run Behavior\BuildLiteBehavior [ RunTime:0.000014s ]
INFO: [ app_init ] --END-- [ RunTime:0.000304s ]

[ 2016-11-19T14:14:58+08:00 ] 1.80.217.176 /cnconsum/Merchant/merchant/
INFO: [ app_init ] --START--
INFO: Run Behavior\BuildLiteBehavior [ RunTime:0.000015s ]
INFO: [ app_init ] --END-- [ RunTime:0.000298s ]

[ 2016-11-19T14:14:58+08:00 ] 1.80.217.176 /cnconsum/Merchant/merchant/
INFO: [ app_init ] --START--
INFO: Run Behavior\BuildLiteBehavior [ RunTime:0.000013s ]
INFO: [ app_init ] --END-- [ RunTime:0.000348s ]

[ 2016-11-19T14:15:33+08:00 ] 1.80.217.176 /cnconsum/Merchant/merchant/completeView_02
INFO: [ app_init ] --START--
INFO: Run Behavior\BuildLiteBehavior [ RunTime:0.000020s ]
INFO: [ app_init ] --END-- [ RunTime:0.000412s ]

[ 2016-11-19T14:15:35+08:00 ] 1.80.217.176 /cnconsum/Merchant/merchant/
INFO: [ app_init ] --START--
INFO: Run Behavior\BuildLiteBehavior [ RunTime:0.000019s ]
INFO: [ app_init ] --END-- [ RunTime:0.000353s ]

[ 2016-11-19T14:15:35+08:00 ] 1.80.217.176 /cnconsum/Merchant/merchant/
INFO: [ app_init ] --START--
INFO: Run Behavior\BuildLiteBehavior [ RunTime:0.000020s ]
INFO: [ app_init ] --END-- [ RunTime:0.000436s ]

[ 2016-11-19T14:15:35+08:00 ] 1.80.217.176 /cnconsum/Merchant/merchant/
INFO: [ app_init ] --START--
INFO: Run Behavior\BuildLiteBehavior [ RunTime:0.000018s ]
INFO: [ app_init ] --END-- [ RunTime:0.000406s ]

[ 2016-11-19T14:15:35+08:00 ] 1.80.217.176 /cnconsum/Merchant/merchant/
INFO: [ app_init ] --START--
INFO: Run Behavior\BuildLiteBehavior [ RunTime:0.000016s ]
INFO: [ app_init ] --END-- [ RunTime:0.000415s ]

[ 2016-11-19T14:15:56+08:00 ] 1.80.217.176 /cnconsum/Merchant/merchant/
INFO: [ app_init ] --START--
INFO: Run Behavior\BuildLiteBehavior [ RunTime:0.000022s ]
INFO: [ app_init ] --END-- [ RunTime:0.000368s ]

[ 2016-11-19T14:18:46+08:00 ] 101.226.64.174 /cnconsum/Merchant/merchant/loginView
INFO: [ app_init ] --START--
INFO: Run Behavior\BuildLiteBehavior [ RunTime:0.000041s ]
INFO: [ app_init ] --END-- [ RunTime:0.000367s ]

[ 2016-11-19T14:18:56+08:00 ] 1.80.217.176 /cnconsum/Merchant/merchant/loginView
INFO: [ app_init ] --START--
INFO: Run Behavior\BuildLiteBehavior [ RunTime:0.000022s ]
INFO: [ app_init ] --END-- [ RunTime:0.000378s ]

[ 2016-11-19T14:19:03+08:00 ] 1.80.217.176 /cnconsum/Merchant/merchant/login
INFO: [ app_init ] --START--
INFO: Run Behavior\BuildLiteBehavior [ RunTime:0.000015s ]
INFO: [ app_init ] --END-- [ RunTime:0.000288s ]

[ 2016-11-19T14:19:06+08:00 ] 1.80.217.176 /cnconsum/Merchant/merchant/completeView_01
INFO: [ app_init ] --START--
INFO: Run Behavior\BuildLiteBehavior [ RunTime:0.000040s ]
INFO: [ app_init ] --END-- [ RunTime:0.000508s ]

[ 2016-11-19T14:19:08+08:00 ] 1.80.217.176 /cnconsum/Merchant/merchant/
INFO: [ app_init ] --START--
INFO: Run Behavior\BuildLiteBehavior [ RunTime:0.000020s ]
INFO: [ app_init ] --END-- [ RunTime:0.000519s ]

[ 2016-11-19T14:19:08+08:00 ] 1.80.217.176 /cnconsum/Merchant/merchant/
INFO: [ app_init ] --START--
INFO: Run Behavior\BuildLiteBehavior [ RunTime:0.000036s ]
INFO: [ app_init ] --END-- [ RunTime:0.000409s ]

[ 2016-11-19T14:19:12+08:00 ] 1.80.217.176 /cnconsum/Merchant/merchant/
INFO: [ app_init ] --START--
INFO: Run Behavior\BuildLiteBehavior [ RunTime:0.000021s ]
INFO: [ app_init ] --END-- [ RunTime:0.000435s ]

[ 2016-11-19T14:19:13+08:00 ] 1.80.217.176 /cnconsum/Merchant/merchant/completeView_02
INFO: [ app_init ] --START--
INFO: Run Behavior\BuildLiteBehavior [ RunTime:0.000014s ]
INFO: [ app_init ] --END-- [ RunTime:0.000326s ]

[ 2016-11-19T14:19:16+08:00 ] 1.80.217.176 /cnconsum/Merchant/merchant/
INFO: [ app_init ] --START--
INFO: Run Behavior\BuildLiteBehavior [ RunTime:0.000021s ]
INFO: [ app_init ] --END-- [ RunTime:0.000409s ]

[ 2016-11-19T14:19:16+08:00 ] 1.80.217.176 /cnconsum/Merchant/merchant/
INFO: [ app_init ] --START--
INFO: Run Behavior\BuildLiteBehavior [ RunTime:0.000018s ]
INFO: [ app_init ] --END-- [ RunTime:0.000407s ]

[ 2016-11-19T14:19:16+08:00 ] 1.80.217.176 /cnconsum/Merchant/merchant/
INFO: [ app_init ] --START--
INFO: Run Behavior\BuildLiteBehavior [ RunTime:0.000019s ]
INFO: [ app_init ] --END-- [ RunTime:0.000338s ]

[ 2016-11-19T14:19:16+08:00 ] 1.80.217.176 /cnconsum/Merchant/merchant/
INFO: [ app_init ] --START--
INFO: Run Behavior\BuildLiteBehavior [ RunTime:0.000016s ]
INFO: [ app_init ] --END-- [ RunTime:0.000298s ]

[ 2016-11-19T14:19:16+08:00 ] 1.80.217.176 /cnconsum/Merchant/merchant/
INFO: [ app_init ] --START--
INFO: Run Behavior\BuildLiteBehavior [ RunTime:0.000044s ]
INFO: [ app_init ] --END-- [ RunTime:0.000416s ]

[ 2016-11-19T14:30:15+08:00 ] 1.80.217.176 /cnconsum/Merchant/merchant/loginView
INFO: [ app_init ] --START--
INFO: Run Behavior\BuildLiteBehavior [ RunTime:0.000018s ]
INFO: [ app_init ] --END-- [ RunTime:0.000281s ]

[ 2016-11-19T14:30:21+08:00 ] 1.80.217.176 /cnconsum/Merchant/merchant/login
INFO: [ app_init ] --START--
INFO: Run Behavior\BuildLiteBehavior [ RunTime:0.000026s ]
INFO: [ app_init ] --END-- [ RunTime:0.000489s ]

[ 2016-11-19T14:30:25+08:00 ] 1.80.217.176 /cnconsum/Merchant/merchant/completeView_01
INFO: [ app_init ] --START--
INFO: Run Behavior\BuildLiteBehavior [ RunTime:0.000024s ]
INFO: [ app_init ] --END-- [ RunTime:0.000366s ]

[ 2016-11-19T14:30:25+08:00 ] 1.80.217.176 /cnconsum/Merchant/merchant/
INFO: [ app_init ] --START--
INFO: Run Behavior\BuildLiteBehavior [ RunTime:0.000015s ]
INFO: [ app_init ] --END-- [ RunTime:0.000347s ]

[ 2016-11-19T14:30:26+08:00 ] 1.80.217.176 /cnconsum/Merchant/merchant/
INFO: [ app_init ] --START--
INFO: Run Behavior\BuildLiteBehavior [ RunTime:0.000018s ]
INFO: [ app_init ] --END-- [ RunTime:0.000286s ]

[ 2016-11-19T14:30:27+08:00 ] 1.80.217.176 /cnconsum/Merchant/merchant/
INFO: [ app_init ] --START--
INFO: Run Behavior\BuildLiteBehavior [ RunTime:0.000020s ]
INFO: [ app_init ] --END-- [ RunTime:0.000417s ]

[ 2016-11-19T14:30:30+08:00 ] 1.80.217.176 /cnconsum/Merchant/merchant/completeView_02
INFO: [ app_init ] --START--
INFO: Run Behavior\BuildLiteBehavior [ RunTime:0.000024s ]
INFO: [ app_init ] --END-- [ RunTime:0.000447s ]

[ 2016-11-19T14:30:31+08:00 ] 1.80.217.176 /cnconsum/Merchant/merchant/
INFO: [ app_init ] --START--
INFO: Run Behavior\BuildLiteBehavior [ RunTime:0.000034s ]
INFO: [ app_init ] --END-- [ RunTime:0.000538s ]

[ 2016-11-19T14:30:31+08:00 ] 1.80.217.176 /cnconsum/Merchant/merchant/
INFO: [ app_init ] --START--
INFO: Run Behavior\BuildLiteBehavior [ RunTime:0.000023s ]
INFO: [ app_init ] --END-- [ RunTime:0.000447s ]

[ 2016-11-19T14:30:31+08:00 ] 1.80.217.176 /cnconsum/Merchant/merchant/
INFO: [ app_init ] --START--
INFO: Run Behavior\BuildLiteBehavior [ RunTime:0.000021s ]
INFO: [ app_init ] --END-- [ RunTime:0.000402s ]

[ 2016-11-19T14:30:33+08:00 ] 1.80.217.176 /cnconsum/Merchant/merchant/
INFO: [ app_init ] --START--
INFO: Run Behavior\BuildLiteBehavior [ RunTime:0.000014s ]
INFO: [ app_init ] --END-- [ RunTime:0.000276s ]

[ 2016-11-19T14:30:33+08:00 ] 1.80.217.176 /cnconsum/Merchant/merchant/
INFO: [ app_init ] --START--
INFO: Run Behavior\BuildLiteBehavior [ RunTime:0.000025s ]
INFO: [ app_init ] --END-- [ RunTime:0.000504s ]

[ 2016-11-19T14:30:33+08:00 ] 1.80.217.176 /cnconsum/Merchant/merchant/
INFO: [ app_init ] --START--
INFO: Run Behavior\BuildLiteBehavior [ RunTime:0.000025s ]
INFO: [ app_init ] --END-- [ RunTime:0.000457s ]

[ 2016-11-19T14:36:53+08:00 ] 1.80.217.176 /cnconsum/Merchant/merchant/completeView_02
INFO: [ app_init ] --START--
INFO: Run Behavior\BuildLiteBehavior [ RunTime:0.000043s ]
INFO: [ app_init ] --END-- [ RunTime:0.000456s ]

[ 2016-11-19T14:36:55+08:00 ] 1.80.217.176 /cnconsum/Merchant/merchant/
INFO: [ app_init ] --START--
INFO: Run Behavior\BuildLiteBehavior [ RunTime:0.000031s ]
INFO: [ app_init ] --END-- [ RunTime:0.000482s ]

[ 2016-11-19T14:36:55+08:00 ] 1.80.217.176 /cnconsum/Merchant/merchant/
INFO: [ app_init ] --START--
INFO: Run Behavior\BuildLiteBehavior [ RunTime:0.000036s ]
INFO: [ app_init ] --END-- [ RunTime:0.000524s ]

[ 2016-11-19T14:36:55+08:00 ] 1.80.217.176 /cnconsum/Merchant/merchant/
INFO: [ app_init ] --START--
INFO: Run Behavior\BuildLiteBehavior [ RunTime:0.000026s ]
INFO: [ app_init ] --END-- [ RunTime:0.000479s ]

[ 2016-11-19T14:36:55+08:00 ] 1.80.217.176 /cnconsum/Merchant/merchant/
INFO: [ app_init ] --START--
INFO: Run Behavior\BuildLiteBehavior [ RunTime:0.000024s ]
INFO: [ app_init ] --END-- [ RunTime:0.000465s ]

[ 2016-11-19T14:36:55+08:00 ] 1.80.217.176 /cnconsum/Merchant/merchant/
INFO: [ app_init ] --START--
INFO: Run Behavior\BuildLiteBehavior [ RunTime:0.000028s ]
INFO: [ app_init ] --END-- [ RunTime:0.000461s ]

[ 2016-11-19T14:37:32+08:00 ] 1.80.217.176 /cnconsum/Merchant/merchant/completeView_02
INFO: [ app_init ] --START--
INFO: Run Behavior\BuildLiteBehavior [ RunTime:0.000023s ]
INFO: [ app_init ] --END-- [ RunTime:0.000499s ]

[ 2016-11-19T14:37:34+08:00 ] 1.80.217.176 /cnconsum/Merchant/merchant/
INFO: [ app_init ] --START--
INFO: Run Behavior\BuildLiteBehavior [ RunTime:0.000017s ]
INFO: [ app_init ] --END-- [ RunTime:0.000277s ]

[ 2016-11-19T14:37:35+08:00 ] 1.80.217.176 /cnconsum/Merchant/merchant/
INFO: [ app_init ] --START--
INFO: Run Behavior\BuildLiteBehavior [ RunTime:0.000021s ]
INFO: [ app_init ] --END-- [ RunTime:0.000450s ]

[ 2016-11-19T14:37:35+08:00 ] 1.80.217.176 /cnconsum/Merchant/merchant/
INFO: [ app_init ] --START--
INFO: Run Behavior\BuildLiteBehavior [ RunTime:0.000017s ]
INFO: [ app_init ] --END-- [ RunTime:0.000375s ]

[ 2016-11-19T14:37:35+08:00 ] 1.80.217.176 /cnconsum/Merchant/merchant/
INFO: [ app_init ] --START--
INFO: Run Behavior\BuildLiteBehavior [ RunTime:0.000014s ]
INFO: [ app_init ] --END-- [ RunTime:0.000288s ]

[ 2016-11-19T14:37:35+08:00 ] 1.80.217.176 /cnconsum/Merchant/merchant/
INFO: [ app_init ] --START--
INFO: Run Behavior\BuildLiteBehavior [ RunTime:0.000019s ]
INFO: [ app_init ] --END-- [ RunTime:0.000371s ]

[ 2016-11-19T14:37:35+08:00 ] 1.80.217.176 /cnconsum/Merchant/merchant/
INFO: [ app_init ] --START--
INFO: Run Behavior\BuildLiteBehavior [ RunTime:0.000019s ]
INFO: [ app_init ] --END-- [ RunTime:0.000315s ]

[ 2016-11-19T14:37:58+08:00 ] 1.80.217.176 /cnconsum/Merchant/merchant/completeView_02
INFO: [ app_init ] --START--
INFO: Run Behavior\BuildLiteBehavior [ RunTime:0.000026s ]
INFO: [ app_init ] --END-- [ RunTime:0.000576s ]

[ 2016-11-19T14:38:00+08:00 ] 1.80.217.176 /cnconsum/Merchant/merchant/
INFO: [ app_init ] --START--
INFO: Run Behavior\BuildLiteBehavior [ RunTime:0.000022s ]
INFO: [ app_init ] --END-- [ RunTime:0.000331s ]

[ 2016-11-19T14:38:00+08:00 ] 1.80.217.176 /cnconsum/Merchant/merchant/
INFO: [ app_init ] --START--
INFO: Run Behavior\BuildLiteBehavior [ RunTime:0.000018s ]
INFO: [ app_init ] --END-- [ RunTime:0.000316s ]

[ 2016-11-19T14:38:14+08:00 ] 1.80.217.176 /cnconsum/Merchant/merchant/
INFO: [ app_init ] --START--
INFO: Run Behavior\BuildLiteBehavior [ RunTime:0.000023s ]
INFO: [ app_init ] --END-- [ RunTime:0.000493s ]

[ 2016-11-19T14:38:14+08:00 ] 1.80.217.176 /cnconsum/Merchant/merchant/
INFO: [ app_init ] --START--
INFO: Run Behavior\BuildLiteBehavior [ RunTime:0.000018s ]
INFO: [ app_init ] --END-- [ RunTime:0.000349s ]

[ 2016-11-19T14:38:44+08:00 ] 1.80.217.176 /cnconsum/Merchant/merchant/loginView
INFO: [ app_init ] --START--
INFO: Run Behavior\BuildLiteBehavior [ RunTime:0.000015s ]
INFO: [ app_init ] --END-- [ RunTime:0.000385s ]

[ 2016-11-19T14:38:49+08:00 ] 1.80.217.176 /cnconsum/Merchant/merchant/login
INFO: [ app_init ] --START--
INFO: Run Behavior\BuildLiteBehavior [ RunTime:0.000015s ]
INFO: [ app_init ] --END-- [ RunTime:0.000293s ]

[ 2016-11-19T14:38:52+08:00 ] 1.80.217.176 /cnconsum/Merchant/merchant/completeView_01
INFO: [ app_init ] --START--
INFO: Run Behavior\BuildLiteBehavior [ RunTime:0.000025s ]
INFO: [ app_init ] --END-- [ RunTime:0.000455s ]

[ 2016-11-19T14:38:53+08:00 ] 1.80.217.176 /cnconsum/Merchant/merchant/
INFO: [ app_init ] --START--
INFO: Run Behavior\BuildLiteBehavior [ RunTime:0.000021s ]
INFO: [ app_init ] --END-- [ RunTime:0.000327s ]

[ 2016-11-19T14:39:18+08:00 ] 1.80.217.176 /cnconsum/Merchant/merchant/complete_01
INFO: [ app_init ] --START--
INFO: Run Behavior\BuildLiteBehavior [ RunTime:0.000021s ]
INFO: [ app_init ] --END-- [ RunTime:0.000402s ]

[ 2016-11-19T14:39:18+08:00 ] 1.80.217.176 /cnconsum/Merchant/merchant/completeView_02
INFO: [ app_init ] --START--
INFO: Run Behavior\BuildLiteBehavior [ RunTime:0.000049s ]
INFO: [ app_init ] --END-- [ RunTime:0.000487s ]

[ 2016-11-19T14:39:19+08:00 ] 1.80.217.176 /cnconsum/Merchant/merchant/
INFO: [ app_init ] --START--
INFO: Run Behavior\BuildLiteBehavior [ RunTime:0.000014s ]
INFO: [ app_init ] --END-- [ RunTime:0.000345s ]

[ 2016-11-19T14:39:19+08:00 ] 1.80.217.176 /cnconsum/Merchant/merchant/
INFO: [ app_init ] --START--
INFO: Run Behavior\BuildLiteBehavior [ RunTime:0.000019s ]
INFO: [ app_init ] --END-- [ RunTime:0.000589s ]

[ 2016-11-19T14:39:19+08:00 ] 1.80.217.176 /cnconsum/Merchant/merchant/
INFO: [ app_init ] --START--
INFO: Run Behavior\BuildLiteBehavior [ RunTime:0.000016s ]
INFO: [ app_init ] --END-- [ RunTime:0.003408s ]

[ 2016-11-19T14:39:19+08:00 ] 1.80.217.176 /cnconsum/Merchant/merchant/
INFO: [ app_init ] --START--
INFO: Run Behavior\BuildLiteBehavior [ RunTime:0.000020s ]
INFO: [ app_init ] --END-- [ RunTime:0.000385s ]

[ 2016-11-19T14:39:19+08:00 ] 1.80.217.176 /cnconsum/Merchant/merchant/
INFO: [ app_init ] --START--
INFO: Run Behavior\BuildLiteBehavior [ RunTime:0.000020s ]
INFO: [ app_init ] --END-- [ RunTime:0.000423s ]

[ 2016-11-19T14:39:19+08:00 ] 1.80.217.176 /cnconsum/Merchant/merchant/
INFO: [ app_init ] --START--
INFO: Run Behavior\BuildLiteBehavior [ RunTime:0.000022s ]
INFO: [ app_init ] --END-- [ RunTime:0.000486s ]

[ 2016-11-19T14:39:37+08:00 ] 1.80.217.176 /cnconsum/Merchant/merchant/loginView
INFO: [ app_init ] --START--
INFO: Run Behavior\BuildLiteBehavior [ RunTime:0.000020s ]
INFO: [ app_init ] --END-- [ RunTime:0.000430s ]

[ 2016-11-19T14:39:52+08:00 ] 1.80.217.176 /cnconsum/Merchant/merchant/loginView
INFO: [ app_init ] --START--
INFO: Run Behavior\BuildLiteBehavior [ RunTime:0.000014s ]
INFO: [ app_init ] --END-- [ RunTime:0.000309s ]

[ 2016-11-19T14:39:59+08:00 ] 1.80.217.176 /cnconsum/Merchant/merchant/login
INFO: [ app_init ] --START--
INFO: Run Behavior\BuildLiteBehavior [ RunTime:0.000018s ]
INFO: [ app_init ] --END-- [ RunTime:0.000321s ]

[ 2016-11-19T14:40:02+08:00 ] 1.80.217.176 /cnconsum/Merchant/merchant/completeView_01
INFO: [ app_init ] --START--
INFO: Run Behavior\BuildLiteBehavior [ RunTime:0.000021s ]
INFO: [ app_init ] --END-- [ RunTime:0.000425s ]

[ 2016-11-19T14:40:03+08:00 ] 1.80.217.176 /cnconsum/Merchant/merchant/
INFO: [ app_init ] --START--
INFO: Run Behavior\BuildLiteBehavior [ RunTime:0.000028s ]
INFO: [ app_init ] --END-- [ RunTime:0.000511s ]

[ 2016-11-19T14:40:03+08:00 ] 1.80.217.176 /cnconsum/Merchant/merchant/
INFO: [ app_init ] --START--
INFO: Run Behavior\BuildLiteBehavior [ RunTime:0.000018s ]
INFO: [ app_init ] --END-- [ RunTime:0.000373s ]

[ 2016-11-19T14:40:16+08:00 ] 1.80.217.176 /cnconsum/Merchant/merchant/complete_01
INFO: [ app_init ] --START--
INFO: Run Behavior\BuildLiteBehavior [ RunTime:0.000019s ]
INFO: [ app_init ] --END-- [ RunTime:0.000392s ]

[ 2016-11-19T14:40:16+08:00 ] 1.80.217.176 /cnconsum/Merchant/merchant/completeView_02
INFO: [ app_init ] --START--
INFO: Run Behavior\BuildLiteBehavior [ RunTime:0.000014s ]
INFO: [ app_init ] --END-- [ RunTime:0.000389s ]

[ 2016-11-19T14:40:17+08:00 ] 1.80.217.176 /cnconsum/Merchant/merchant/
INFO: [ app_init ] --START--
INFO: Run Behavior\BuildLiteBehavior [ RunTime:0.000020s ]
INFO: [ app_init ] --END-- [ RunTime:0.000350s ]

[ 2016-11-19T14:40:17+08:00 ] 1.80.217.176 /cnconsum/Merchant/merchant/
INFO: [ app_init ] --START--
INFO: Run Behavior\BuildLiteBehavior [ RunTime:0.000022s ]
INFO: [ app_init ] --END-- [ RunTime:0.000455s ]

[ 2016-11-19T14:40:17+08:00 ] 1.80.217.176 /cnconsum/Merchant/merchant/
INFO: [ app_init ] --START--
INFO: Run Behavior\BuildLiteBehavior [ RunTime:0.000019s ]
INFO: [ app_init ] --END-- [ RunTime:0.000437s ]

[ 2016-11-19T14:40:18+08:00 ] 1.80.217.176 /cnconsum/Merchant/merchant/
INFO: [ app_init ] --START--
INFO: Run Behavior\BuildLiteBehavior [ RunTime:0.000018s ]
INFO: [ app_init ] --END-- [ RunTime:0.000387s ]

[ 2016-11-19T14:40:23+08:00 ] 1.80.217.176 /cnconsum/Merchant/merchant/
INFO: [ app_init ] --START--
INFO: Run Behavior\BuildLiteBehavior [ RunTime:0.000014s ]
INFO: [ app_init ] --END-- [ RunTime:0.000294s ]

[ 2016-11-19T14:40:23+08:00 ] 1.80.217.176 /cnconsum/Merchant/merchant/
INFO: [ app_init ] --START--
INFO: Run Behavior\BuildLiteBehavior [ RunTime:0.000033s ]
INFO: [ app_init ] --END-- [ RunTime:0.000516s ]

[ 2016-11-19T14:40:23+08:00 ] 1.80.217.176 /cnconsum/Merchant/merchant/
INFO: [ app_init ] --START--
INFO: Run Behavior\BuildLiteBehavior [ RunTime:0.000013s ]
INFO: [ app_init ] --END-- [ RunTime:0.000259s ]

[ 2016-11-19T14:40:23+08:00 ] 1.80.217.176 /cnconsum/Merchant/merchant/
INFO: [ app_init ] --START--
INFO: Run Behavior\BuildLiteBehavior [ RunTime:0.000014s ]
INFO: [ app_init ] --END-- [ RunTime:0.000298s ]

[ 2016-11-19T14:40:33+08:00 ] 1.80.217.176 /cnconsum/Merchant/merchant/completeView_03
INFO: [ app_init ] --START--
INFO: Run Behavior\BuildLiteBehavior [ RunTime:0.000023s ]
INFO: [ app_init ] --END-- [ RunTime:0.000477s ]

[ 2016-11-19T14:40:36+08:00 ] 1.80.217.176 /cnconsum/Merchant/merchant/
INFO: [ app_init ] --START--
INFO: Run Behavior\BuildLiteBehavior [ RunTime:0.000018s ]
INFO: [ app_init ] --END-- [ RunTime:0.000402s ]

[ 2016-11-19T14:40:36+08:00 ] 1.80.217.176 /cnconsum/Merchant/merchant/
INFO: [ app_init ] --START--
INFO: Run Behavior\BuildLiteBehavior [ RunTime:0.000024s ]
INFO: [ app_init ] --END-- [ RunTime:0.000460s ]

[ 2016-11-19T14:40:37+08:00 ] 1.80.217.176 /cnconsum/Merchant/merchant/
INFO: [ app_init ] --START--
INFO: Run Behavior\BuildLiteBehavior [ RunTime:0.000024s ]
INFO: [ app_init ] --END-- [ RunTime:0.000521s ]

[ 2016-11-19T14:40:37+08:00 ] 1.80.217.176 /cnconsum/Merchant/merchant/
INFO: [ app_init ] --START--
INFO: Run Behavior\BuildLiteBehavior [ RunTime:0.000023s ]
INFO: [ app_init ] --END-- [ RunTime:0.002168s ]

[ 2016-11-19T14:40:37+08:00 ] 1.80.217.176 /cnconsum/Merchant/merchant/
INFO: [ app_init ] --START--
INFO: Run Behavior\BuildLiteBehavior [ RunTime:0.000023s ]
INFO: [ app_init ] --END-- [ RunTime:0.000466s ]

[ 2016-11-19T14:40:37+08:00 ] 1.80.217.176 /cnconsum/Merchant/merchant/
INFO: [ app_init ] --START--
INFO: Run Behavior\BuildLiteBehavior [ RunTime:0.000018s ]
INFO: [ app_init ] --END-- [ RunTime:0.000387s ]

[ 2016-11-19T14:42:16+08:00 ] 1.80.217.176 /cnconsum/Merchant/merchant/completeView_02
INFO: [ app_init ] --START--
INFO: Run Behavior\BuildLiteBehavior [ RunTime:0.000019s ]
INFO: [ app_init ] --END-- [ RunTime:0.000388s ]

[ 2016-11-19T14:42:19+08:00 ] 1.80.217.176 /cnconsum/Merchant/merchant/
INFO: [ app_init ] --START--
INFO: Run Behavior\BuildLiteBehavior [ RunTime:0.000013s ]
INFO: [ app_init ] --END-- [ RunTime:0.000302s ]

[ 2016-11-19T14:42:19+08:00 ] 1.80.217.176 /cnconsum/Merchant/merchant/
INFO: [ app_init ] --START--
INFO: Run Behavior\BuildLiteBehavior [ RunTime:0.000025s ]
INFO: [ app_init ] --END-- [ RunTime:0.000507s ]

[ 2016-11-19T14:42:19+08:00 ] 1.80.217.176 /cnconsum/Merchant/merchant/
INFO: [ app_init ] --START--
INFO: Run Behavior\BuildLiteBehavior [ RunTime:0.000022s ]
INFO: [ app_init ] --END-- [ RunTime:0.000629s ]

[ 2016-11-19T14:42:40+08:00 ] 1.80.217.176 /cnconsum/Merchant/merchant/loginView
INFO: [ app_init ] --START--
INFO: Run Behavior\BuildLiteBehavior [ RunTime:0.000020s ]
INFO: [ app_init ] --END-- [ RunTime:0.000446s ]

[ 2016-11-19T14:42:43+08:00 ] 1.80.217.176 /cnconsum/Merchant/merchant/completeView_01
INFO: [ app_init ] --START--
INFO: Run Behavior\BuildLiteBehavior [ RunTime:0.000015s ]
INFO: [ app_init ] --END-- [ RunTime:0.000386s ]

[ 2016-11-19T14:42:45+08:00 ] 1.80.217.176 /cnconsum/Merchant/merchant/
INFO: [ app_init ] --START--
INFO: Run Behavior\BuildLiteBehavior [ RunTime:0.000025s ]
INFO: [ app_init ] --END-- [ RunTime:0.000908s ]

[ 2016-11-19T14:42:45+08:00 ] 1.80.217.176 /cnconsum/Merchant/merchant/
INFO: [ app_init ] --START--
INFO: Run Behavior\BuildLiteBehavior [ RunTime:0.000012s ]
INFO: [ app_init ] --END-- [ RunTime:0.000302s ]

[ 2016-11-19T14:42:46+08:00 ] 1.80.217.176 /cnconsum/Merchant/merchant/complete_01
INFO: [ app_init ] --START--
INFO: Run Behavior\BuildLiteBehavior [ RunTime:0.000015s ]
INFO: [ app_init ] --END-- [ RunTime:0.000336s ]

[ 2016-11-19T14:42:46+08:00 ] 1.80.217.176 /cnconsum/Merchant/merchant/completeView_02
INFO: [ app_init ] --START--
INFO: Run Behavior\BuildLiteBehavior [ RunTime:0.000014s ]
INFO: [ app_init ] --END-- [ RunTime:0.000254s ]

[ 2016-11-19T14:42:48+08:00 ] 1.80.217.176 /cnconsum/Merchant/merchant/
INFO: [ app_init ] --START--
INFO: Run Behavior\BuildLiteBehavior [ RunTime:0.000019s ]
INFO: [ app_init ] --END-- [ RunTime:0.000424s ]

[ 2016-11-19T14:42:48+08:00 ] 1.80.217.176 /cnconsum/Merchant/merchant/
INFO: [ app_init ] --START--
INFO: Run Behavior\BuildLiteBehavior [ RunTime:0.000019s ]
INFO: [ app_init ] --END-- [ RunTime:0.000629s ]

[ 2016-11-19T14:42:48+08:00 ] 1.80.217.176 /cnconsum/Merchant/merchant/
INFO: [ app_init ] --START--
INFO: Run Behavior\BuildLiteBehavior [ RunTime:0.000027s ]
INFO: [ app_init ] --END-- [ RunTime:0.000459s ]

[ 2016-11-19T14:42:48+08:00 ] 1.80.217.176 /cnconsum/Merchant/merchant/
INFO: [ app_init ] --START--
INFO: Run Behavior\BuildLiteBehavior [ RunTime:0.000018s ]
INFO: [ app_init ] --END-- [ RunTime:0.000404s ]

[ 2016-11-19T14:42:48+08:00 ] 1.80.217.176 /cnconsum/Merchant/merchant/
INFO: [ app_init ] --START--
INFO: Run Behavior\BuildLiteBehavior [ RunTime:0.000018s ]
INFO: [ app_init ] --END-- [ RunTime:0.000386s ]

[ 2016-11-19T14:42:49+08:00 ] 1.80.217.176 /cnconsum/Merchant/merchant/
INFO: [ app_init ] --START--
INFO: Run Behavior\BuildLiteBehavior [ RunTime:0.000017s ]
INFO: [ app_init ] --END-- [ RunTime:0.000410s ]

[ 2016-11-19T14:43:03+08:00 ] 1.80.217.176 /cnconsum/Merchant/merchant/completeView_03
INFO: [ app_init ] --START--
INFO: Run Behavior\BuildLiteBehavior [ RunTime:0.000013s ]
INFO: [ app_init ] --END-- [ RunTime:0.000264s ]

[ 2016-11-19T14:43:06+08:00 ] 1.80.217.176 /cnconsum/Merchant/merchant/
INFO: [ app_init ] --START--
INFO: Run Behavior\BuildLiteBehavior [ RunTime:0.000014s ]
INFO: [ app_init ] --END-- [ RunTime:0.000278s ]

[ 2016-11-19T14:43:06+08:00 ] 1.80.217.176 /cnconsum/Merchant/merchant/
INFO: [ app_init ] --START--
INFO: Run Behavior\BuildLiteBehavior [ RunTime:0.000018s ]
INFO: [ app_init ] --END-- [ RunTime:0.000355s ]

[ 2016-11-19T14:43:06+08:00 ] 1.80.217.176 /cnconsum/Merchant/merchant/
INFO: [ app_init ] --START--
INFO: Run Behavior\BuildLiteBehavior [ RunTime:0.000014s ]
INFO: [ app_init ] --END-- [ RunTime:0.000318s ]

[ 2016-11-19T14:43:06+08:00 ] 1.80.217.176 /cnconsum/Merchant/merchant/
INFO: [ app_init ] --START--
INFO: Run Behavior\BuildLiteBehavior [ RunTime:0.000018s ]
INFO: [ app_init ] --END-- [ RunTime:0.000288s ]

[ 2016-11-19T14:43:06+08:00 ] 1.80.217.176 /cnconsum/Merchant/merchant/
INFO: [ app_init ] --START--
INFO: Run Behavior\BuildLiteBehavior [ RunTime:0.000020s ]
INFO: [ app_init ] --END-- [ RunTime:0.000462s ]

[ 2016-11-19T14:43:06+08:00 ] 1.80.217.176 /cnconsum/Merchant/merchant/
INFO: [ app_init ] --START--
INFO: Run Behavior\BuildLiteBehavior [ RunTime:0.000016s ]
INFO: [ app_init ] --END-- [ RunTime:0.000341s ]

[ 2016-11-19T14:46:51+08:00 ] 1.80.217.176 /cnconsum/Merchant/merchant/completeView_03
INFO: [ app_init ] --START--
INFO: Run Behavior\BuildLiteBehavior [ RunTime:0.000020s ]
INFO: [ app_init ] --END-- [ RunTime:0.000416s ]

[ 2016-11-19T14:46:54+08:00 ] 1.80.217.176 /cnconsum/Merchant/merchant/
INFO: [ app_init ] --START--
INFO: Run Behavior\BuildLiteBehavior [ RunTime:0.000014s ]
INFO: [ app_init ] --END-- [ RunTime:0.000329s ]

[ 2016-11-19T14:46:54+08:00 ] 1.80.217.176 /cnconsum/Merchant/merchant/
INFO: [ app_init ] --START--
INFO: Run Behavior\BuildLiteBehavior [ RunTime:0.000020s ]
INFO: [ app_init ] --END-- [ RunTime:0.000969s ]

[ 2016-11-19T14:46:54+08:00 ] 1.80.217.176 /cnconsum/Merchant/merchant/
INFO: [ app_init ] --START--
INFO: Run Behavior\BuildLiteBehavior [ RunTime:0.000024s ]
INFO: [ app_init ] --END-- [ RunTime:0.000492s ]

[ 2016-11-19T14:46:54+08:00 ] 1.80.217.176 /cnconsum/Merchant/merchant/
INFO: [ app_init ] --START--
INFO: Run Behavior\BuildLiteBehavior [ RunTime:0.000018s ]
INFO: [ app_init ] --END-- [ RunTime:0.000395s ]

[ 2016-11-19T14:46:54+08:00 ] 1.80.217.176 /cnconsum/Merchant/merchant/
INFO: [ app_init ] --START--
INFO: Run Behavior\BuildLiteBehavior [ RunTime:0.000018s ]
INFO: [ app_init ] --END-- [ RunTime:0.000424s ]

[ 2016-11-19T14:46:54+08:00 ] 1.80.217.176 /cnconsum/Merchant/merchant/
INFO: [ app_init ] --START--
INFO: Run Behavior\BuildLiteBehavior [ RunTime:0.000017s ]
INFO: [ app_init ] --END-- [ RunTime:0.000435s ]

[ 2016-11-19T14:47:48+08:00 ] 1.80.217.176 /cnconsum/Merchant/merchant/completeView_02
INFO: [ app_init ] --START--
INFO: Run Behavior\BuildLiteBehavior [ RunTime:0.000032s ]
INFO: [ app_init ] --END-- [ RunTime:0.000673s ]

[ 2016-11-19T14:47:49+08:00 ] 1.80.217.176 /cnconsum/Merchant/merchant/
INFO: [ app_init ] --START--
INFO: Run Behavior\BuildLiteBehavior [ RunTime:0.000026s ]
INFO: [ app_init ] --END-- [ RunTime:0.000456s ]

[ 2016-11-19T14:47:49+08:00 ] 1.80.217.176 /cnconsum/Merchant/merchant/
INFO: [ app_init ] --START--
INFO: Run Behavior\BuildLiteBehavior [ RunTime:0.000037s ]
INFO: [ app_init ] --END-- [ RunTime:0.000359s ]

[ 2016-11-19T14:48:09+08:00 ] 1.80.217.176 /cnconsum/Merchant/merchant/complete_02
INFO: [ app_init ] --START--
INFO: Run Behavior\BuildLiteBehavior [ RunTime:0.000020s ]
INFO: [ app_init ] --END-- [ RunTime:0.000411s ]

[ 2016-11-19T14:48:09+08:00 ] 1.80.217.176 /cnconsum/Merchant/merchant/completeView_03
INFO: [ app_init ] --START--
INFO: Run Behavior\BuildLiteBehavior [ RunTime:0.000018s ]
INFO: [ app_init ] --END-- [ RunTime:0.000350s ]

[ 2016-11-19T14:48:15+08:00 ] 1.80.217.176 /cnconsum/Merchant/merchant/
INFO: [ app_init ] --START--
INFO: Run Behavior\BuildLiteBehavior [ RunTime:0.000015s ]
INFO: [ app_init ] --END-- [ RunTime:0.000327s ]

[ 2016-11-19T14:48:15+08:00 ] 1.80.217.176 /cnconsum/Merchant/merchant/
INFO: [ app_init ] --START--
INFO: Run Behavior\BuildLiteBehavior [ RunTime:0.000020s ]
INFO: [ app_init ] --END-- [ RunTime:0.000439s ]

[ 2016-11-19T14:48:15+08:00 ] 1.80.217.176 /cnconsum/Merchant/merchant/
INFO: [ app_init ] --START--
INFO: Run Behavior\BuildLiteBehavior [ RunTime:0.000016s ]
INFO: [ app_init ] --END-- [ RunTime:0.000357s ]

[ 2016-11-19T14:48:15+08:00 ] 1.80.217.176 /cnconsum/Merchant/merchant/
INFO: [ app_init ] --START--
INFO: Run Behavior\BuildLiteBehavior [ RunTime:0.000022s ]
INFO: [ app_init ] --END-- [ RunTime:0.000505s ]

[ 2016-11-19T14:48:20+08:00 ] 1.80.217.176 /cnconsum/Merchant/merchant/complete_02
INFO: [ app_init ] --START--
INFO: Run Behavior\BuildLiteBehavior [ RunTime:0.000020s ]
INFO: [ app_init ] --END-- [ RunTime:0.000619s ]

[ 2016-11-19T14:48:20+08:00 ] 1.80.217.176 /cnconsum/Merchant/merchant/completeView_03
INFO: [ app_init ] --START--
INFO: Run Behavior\BuildLiteBehavior [ RunTime:0.000013s ]
INFO: [ app_init ] --END-- [ RunTime:0.000276s ]

[ 2016-11-19T14:48:23+08:00 ] 1.80.217.176 /cnconsum/Merchant/merchant/
INFO: [ app_init ] --START--
INFO: Run Behavior\BuildLiteBehavior [ RunTime:0.000021s ]
INFO: [ app_init ] --END-- [ RunTime:0.000412s ]

[ 2016-11-19T14:48:23+08:00 ] 1.80.217.176 /cnconsum/Merchant/merchant/
INFO: [ app_init ] --START--
INFO: Run Behavior\BuildLiteBehavior [ RunTime:0.000014s ]
INFO: [ app_init ] --END-- [ RunTime:0.000352s ]

[ 2016-11-19T14:48:23+08:00 ] 1.80.217.176 /cnconsum/Merchant/merchant/
INFO: [ app_init ] --START--
INFO: Run Behavior\BuildLiteBehavior [ RunTime:0.000034s ]
INFO: [ app_init ] --END-- [ RunTime:0.000361s ]

[ 2016-11-19T14:48:23+08:00 ] 1.80.217.176 /cnconsum/Merchant/merchant/
INFO: [ app_init ] --START--
INFO: Run Behavior\BuildLiteBehavior [ RunTime:0.000018s ]
INFO: [ app_init ] --END-- [ RunTime:0.000360s ]

[ 2016-11-19T14:48:23+08:00 ] 1.80.217.176 /cnconsum/Merchant/merchant/
INFO: [ app_init ] --START--
INFO: Run Behavior\BuildLiteBehavior [ RunTime:0.000013s ]
INFO: [ app_init ] --END-- [ RunTime:0.000353s ]

[ 2016-11-19T14:48:23+08:00 ] 1.80.217.176 /cnconsum/Merchant/merchant/
INFO: [ app_init ] --START--
INFO: Run Behavior\BuildLiteBehavior [ RunTime:0.000023s ]
INFO: [ app_init ] --END-- [ RunTime:0.000385s ]

[ 2016-11-19T14:50:41+08:00 ] 1.80.217.176 /cnconsum/Merchant/merchant/completeView_02
INFO: [ app_init ] --START--
INFO: Run Behavior\BuildLiteBehavior [ RunTime:0.000013s ]
INFO: [ app_init ] --END-- [ RunTime:0.000278s ]

[ 2016-11-19T14:50:44+08:00 ] 1.80.217.176 /cnconsum/Merchant/merchant/
INFO: [ app_init ] --START--
INFO: Run Behavior\BuildLiteBehavior [ RunTime:0.000020s ]
INFO: [ app_init ] --END-- [ RunTime:0.000476s ]

[ 2016-11-19T14:50:44+08:00 ] 1.80.217.176 /cnconsum/Merchant/merchant/
INFO: [ app_init ] --START--
INFO: Run Behavior\BuildLiteBehavior [ RunTime:0.000023s ]
INFO: [ app_init ] --END-- [ RunTime:0.000384s ]

[ 2016-11-19T14:50:44+08:00 ] 1.80.217.176 /cnconsum/Merchant/merchant/
INFO: [ app_init ] --START--
INFO: Run Behavior\BuildLiteBehavior [ RunTime:0.000021s ]
INFO: [ app_init ] --END-- [ RunTime:0.000344s ]

[ 2016-11-19T14:50:44+08:00 ] 1.80.217.176 /cnconsum/Merchant/merchant/
INFO: [ app_init ] --START--
INFO: Run Behavior\BuildLiteBehavior [ RunTime:0.000015s ]
INFO: [ app_init ] --END-- [ RunTime:0.000384s ]

[ 2016-11-19T14:50:44+08:00 ] 1.80.217.176 /cnconsum/Merchant/merchant/
INFO: [ app_init ] --START--
INFO: Run Behavior\BuildLiteBehavior [ RunTime:0.000020s ]
INFO: [ app_init ] --END-- [ RunTime:0.000275s ]

[ 2016-11-19T14:51:11+08:00 ] 1.80.217.176 /cnconsum/Merchant/merchant/
INFO: [ app_init ] --START--
INFO: Run Behavior\BuildLiteBehavior [ RunTime:0.000024s ]
INFO: [ app_init ] --END-- [ RunTime:0.000412s ]

[ 2016-11-19T14:51:11+08:00 ] 1.80.217.176 /cnconsum/Merchant/merchant/
INFO: [ app_init ] --START--
INFO: Run Behavior\BuildLiteBehavior [ RunTime:0.000024s ]
INFO: [ app_init ] --END-- [ RunTime:0.000374s ]

[ 2016-11-19T14:51:12+08:00 ] 1.80.217.176 /cnconsum/Merchant/merchant/
INFO: [ app_init ] --START--
INFO: Run Behavior\BuildLiteBehavior [ RunTime:0.000014s ]
INFO: [ app_init ] --END-- [ RunTime:0.000262s ]

[ 2016-11-19T14:51:12+08:00 ] 1.80.217.176 /cnconsum/Merchant/merchant/
INFO: [ app_init ] --START--
INFO: Run Behavior\BuildLiteBehavior [ RunTime:0.000013s ]
INFO: [ app_init ] --END-- [ RunTime:0.000254s ]

[ 2016-11-19T14:51:13+08:00 ] 1.80.217.176 /cnconsum/Merchant/merchant/
INFO: [ app_init ] --START--
INFO: Run Behavior\BuildLiteBehavior [ RunTime:0.000014s ]
INFO: [ app_init ] --END-- [ RunTime:0.000288s ]

[ 2016-11-19T14:51:13+08:00 ] 1.80.217.176 /cnconsum/Merchant/merchant/
INFO: [ app_init ] --START--
INFO: Run Behavior\BuildLiteBehavior [ RunTime:0.000018s ]
INFO: [ app_init ] --END-- [ RunTime:0.000407s ]

[ 2016-11-19T14:51:14+08:00 ] 1.80.217.176 /cnconsum/Merchant/merchant/
INFO: [ app_init ] --START--
INFO: Run Behavior\BuildLiteBehavior [ RunTime:0.000020s ]
INFO: [ app_init ] --END-- [ RunTime:0.000373s ]

[ 2016-11-19T14:51:14+08:00 ] 1.80.217.176 /cnconsum/Merchant/merchant/
INFO: [ app_init ] --START--
INFO: Run Behavior\BuildLiteBehavior [ RunTime:0.000013s ]
INFO: [ app_init ] --END-- [ RunTime:0.000279s ]

[ 2016-11-19T14:51:15+08:00 ] 1.80.217.176 /cnconsum/Merchant/merchant/
INFO: [ app_init ] --START--
INFO: Run Behavior\BuildLiteBehavior [ RunTime:0.000014s ]
INFO: [ app_init ] --END-- [ RunTime:0.000360s ]

[ 2016-11-19T14:51:15+08:00 ] 1.80.217.176 /cnconsum/Merchant/merchant/
INFO: [ app_init ] --START--
INFO: Run Behavior\BuildLiteBehavior [ RunTime:0.000013s ]
INFO: [ app_init ] --END-- [ RunTime:0.000244s ]

[ 2016-11-19T14:51:16+08:00 ] 1.80.217.176 /cnconsum/Merchant/merchant/
INFO: [ app_init ] --START--
INFO: Run Behavior\BuildLiteBehavior [ RunTime:0.000014s ]
INFO: [ app_init ] --END-- [ RunTime:0.000294s ]

[ 2016-11-19T14:51:16+08:00 ] 1.80.217.176 /cnconsum/Merchant/merchant/
INFO: [ app_init ] --START--
INFO: Run Behavior\BuildLiteBehavior [ RunTime:0.000013s ]
INFO: [ app_init ] --END-- [ RunTime:0.000300s ]

[ 2016-11-19T14:51:17+08:00 ] 1.80.217.176 /cnconsum/Merchant/merchant/
INFO: [ app_init ] --START--
INFO: Run Behavior\BuildLiteBehavior [ RunTime:0.000134s ]
INFO: [ app_init ] --END-- [ RunTime:0.000569s ]

[ 2016-11-19T14:51:17+08:00 ] 1.80.217.176 /cnconsum/Merchant/merchant/
INFO: [ app_init ] --START--
INFO: Run Behavior\BuildLiteBehavior [ RunTime:0.000015s ]
INFO: [ app_init ] --END-- [ RunTime:0.000262s ]

[ 2016-11-19T14:51:17+08:00 ] 1.80.217.176 /cnconsum/Merchant/merchant/
INFO: [ app_init ] --START--
INFO: Run Behavior\BuildLiteBehavior [ RunTime:0.000015s ]
INFO: [ app_init ] --END-- [ RunTime:0.000265s ]

[ 2016-11-19T14:51:17+08:00 ] 1.80.217.176 /cnconsum/Merchant/merchant/
INFO: [ app_init ] --START--
INFO: Run Behavior\BuildLiteBehavior [ RunTime:0.000022s ]
INFO: [ app_init ] --END-- [ RunTime:0.000382s ]

[ 2016-11-19T14:51:18+08:00 ] 1.80.217.176 /cnconsum/Merchant/merchant/
INFO: [ app_init ] --START--
INFO: Run Behavior\BuildLiteBehavior [ RunTime:0.000020s ]
INFO: [ app_init ] --END-- [ RunTime:0.000365s ]

[ 2016-11-19T14:51:18+08:00 ] 1.80.217.176 /cnconsum/Merchant/merchant/
INFO: [ app_init ] --START--
INFO: Run Behavior\BuildLiteBehavior [ RunTime:0.000026s ]
INFO: [ app_init ] --END-- [ RunTime:0.000460s ]

[ 2016-11-19T14:51:19+08:00 ] 1.80.217.176 /cnconsum/Merchant/merchant/
INFO: [ app_init ] --START--
INFO: Run Behavior\BuildLiteBehavior [ RunTime:0.000020s ]
INFO: [ app_init ] --END-- [ RunTime:0.000431s ]

[ 2016-11-19T14:51:19+08:00 ] 1.80.217.176 /cnconsum/Merchant/merchant/
INFO: [ app_init ] --START--
INFO: Run Behavior\BuildLiteBehavior [ RunTime:0.000017s ]
INFO: [ app_init ] --END-- [ RunTime:0.000360s ]

[ 2016-11-19T14:51:20+08:00 ] 1.80.217.176 /cnconsum/Merchant/merchant/completeView_02
INFO: [ app_init ] --START--
INFO: Run Behavior\BuildLiteBehavior [ RunTime:0.000014s ]
INFO: [ app_init ] --END-- [ RunTime:0.000298s ]

[ 2016-11-19T14:51:21+08:00 ] 1.80.217.176 /cnconsum/Merchant/merchant/
INFO: [ app_init ] --START--
INFO: Run Behavior\BuildLiteBehavior [ RunTime:0.000023s ]
INFO: [ app_init ] --END-- [ RunTime:0.000430s ]

[ 2016-11-19T14:51:21+08:00 ] 1.80.217.176 /cnconsum/Merchant/merchant/
INFO: [ app_init ] --START--
INFO: Run Behavior\BuildLiteBehavior [ RunTime:0.000016s ]
INFO: [ app_init ] --END-- [ RunTime:0.000310s ]

[ 2016-11-19T14:51:22+08:00 ] 1.80.217.176 /cnconsum/Merchant/merchant/
INFO: [ app_init ] --START--
INFO: Run Behavior\BuildLiteBehavior [ RunTime:0.000022s ]
INFO: [ app_init ] --END-- [ RunTime:0.000395s ]

[ 2016-11-19T14:55:00+08:00 ] 1.80.217.176 /cnconsum/Merchant/merchant/loginView
INFO: [ app_init ] --START--
INFO: Run Behavior\BuildLiteBehavior [ RunTime:0.000023s ]
INFO: [ app_init ] --END-- [ RunTime:0.000353s ]

[ 2016-11-19T14:55:05+08:00 ] 1.80.217.176 /cnconsum/Merchant/merchant/login
INFO: [ app_init ] --START--
INFO: Run Behavior\BuildLiteBehavior [ RunTime:0.000018s ]
INFO: [ app_init ] --END-- [ RunTime:0.000279s ]

[ 2016-11-19T14:55:09+08:00 ] 1.80.217.176 /cnconsum/index.php/Merchant/Business/glysz.html
INFO: [ app_init ] --START--
INFO: Run Behavior\BuildLiteBehavior [ RunTime:0.000015s ]
INFO: [ app_init ] --END-- [ RunTime:0.000334s ]

[ 2016-11-19T14:55:16+08:00 ] 1.80.217.176 /cnconsum/index.php/Merchant/Account/account
INFO: [ app_init ] --START--
INFO: Run Behavior\BuildLiteBehavior [ RunTime:0.000014s ]
INFO: [ app_init ] --END-- [ RunTime:0.000279s ]

[ 2016-11-19T14:55:27+08:00 ] 1.80.217.176 /cnconsum/index.php/Merchant/Business/glysz
INFO: [ app_init ] --START--
INFO: Run Behavior\BuildLiteBehavior [ RunTime:0.000018s ]
INFO: [ app_init ] --END-- [ RunTime:0.000397s ]

[ 2016-11-19T14:55:45+08:00 ] 1.80.217.176 /cnconsum/index.php/Merchant/Business/glysz
INFO: [ app_init ] --START--
INFO: Run Behavior\BuildLiteBehavior [ RunTime:0.000014s ]
INFO: [ app_init ] --END-- [ RunTime:0.000313s ]

[ 2016-11-19T14:55:46+08:00 ] 112.195.97.241 /cnconsum/index.php/Merchant/Business/glysz.html
INFO: [ app_init ] --START--
INFO: Run Behavior\BuildLiteBehavior [ RunTime:0.000023s ]
INFO: [ app_init ] --END-- [ RunTime:0.000452s ]

[ 2016-11-19T14:56:27+08:00 ] 1.80.217.176 /cnconsum/index.php/Merchant/Business/hyzgl
INFO: [ app_init ] --START--
INFO: Run Behavior\BuildLiteBehavior [ RunTime:0.000020s ]
INFO: [ app_init ] --END-- [ RunTime:0.000448s ]

[ 2016-11-19T14:56:35+08:00 ] 1.80.217.176 /cnconsum/index.php/Merchant/Business/hyzgl-ck.html
INFO: [ app_init ] --START--
INFO: Run Behavior\BuildLiteBehavior [ RunTime:0.000025s ]
INFO: [ app_init ] --END-- [ RunTime:0.000457s ]

[ 2016-11-19T14:56:45+08:00 ] 180.153.205.253 /cnconsum/index.php/Merchant/Business/hyzgl-ck.html
INFO: [ app_init ] --START--
INFO: Run Behavior\BuildLiteBehavior [ RunTime:0.000024s ]
INFO: [ app_init ] --END-- [ RunTime:0.000418s ]

[ 2016-11-19T14:57:01+08:00 ] 1.80.217.176 /cnconsum/index.php/Merchant/Business/hyzgl-ck.html
INFO: [ app_init ] --START--
INFO: Run Behavior\BuildLiteBehavior [ RunTime:0.000017s ]
INFO: [ app_init ] --END-- [ RunTime:0.000333s ]

[ 2016-11-19T14:57:24+08:00 ] 1.80.217.176 /cnconsum/index.php/Merchant/Business/hyzgl-ck.html
INFO: [ app_init ] --START--
INFO: Run Behavior\BuildLiteBehavior [ RunTime:0.000014s ]
INFO: [ app_init ] --END-- [ RunTime:0.000329s ]

[ 2016-11-19T14:57:57+08:00 ] 1.80.217.176 /cnconsum/index.php/Merchant/Business/hyzgl-ck.html
INFO: [ app_init ] --START--
INFO: Run Behavior\BuildLiteBehavior [ RunTime:0.000025s ]
INFO: [ app_init ] --END-- [ RunTime:0.000368s ]

[ 2016-11-19T14:58:11+08:00 ] 1.80.217.176 /cnconsum/index.php/Merchant/Business/glysz.html
INFO: [ app_init ] --START--
INFO: Run Behavior\BuildLiteBehavior [ RunTime:0.000019s ]
INFO: [ app_init ] --END-- [ RunTime:0.000330s ]

[ 2016-11-19T15:09:49+08:00 ] 1.80.217.176 /cnconsum/index.php/Merchant/Business/hyzgl
INFO: [ app_init ] --START--
INFO: Run Behavior\BuildLiteBehavior [ RunTime:0.000019s ]
INFO: [ app_init ] --END-- [ RunTime:0.000498s ]

[ 2016-11-19T15:10:09+08:00 ] 1.80.217.176 /cnconsum/index.php/Merchant/Business/hyzgl-ck.html
INFO: [ app_init ] --START--
INFO: Run Behavior\BuildLiteBehavior [ RunTime:0.000018s ]
INFO: [ app_init ] --END-- [ RunTime:0.000419s ]

[ 2016-11-19T15:12:14+08:00 ] 1.80.217.176 /cnconsum/index.php/Merchant/Business/hyzgl
INFO: [ app_init ] --START--
INFO: Run Behavior\BuildLiteBehavior [ RunTime:0.000024s ]
INFO: [ app_init ] --END-- [ RunTime:0.000466s ]

[ 2016-11-19T15:13:43+08:00 ] 1.80.217.176 /cnconsum/index.php/Merchant/Business/hyzgl
INFO: [ app_init ] --START--
INFO: Run Behavior\BuildLiteBehavior [ RunTime:0.000017s ]
INFO: [ app_init ] --END-- [ RunTime:0.000389s ]

[ 2016-11-19T15:13:45+08:00 ] 1.80.217.176 /cnconsum/index.php/Merchant/Business/hyzgl
INFO: [ app_init ] --START--
INFO: Run Behavior\BuildLiteBehavior [ RunTime:0.000020s ]
INFO: [ app_init ] --END-- [ RunTime:0.000465s ]
INFO: [ app_begin ] --START--
INFO: Run Behavior\ReadHtmlCacheBehavior [ RunTime:0.001668s ]
INFO: [ app_begin ] --END-- [ RunTime:0.001727s ]
SQL: SHOW COLUMNS FROM `cn_merchant_card` [ RunTime:0.0016s ]
SQL: SELECT COUNT(*) AS tp_count FROM `cn_merchant_card` LIMIT 1   [ RunTime:0.0018s ]
SQL: SELECT * FROM `cn_merchant_card` LIMIT 8,8   [ RunTime:0.0094s ]

[ 2016-11-19T15:13:47+08:00 ] 1.80.217.176 /cnconsum/index.php/Merchant/Business/hyzgl
INFO: [ app_init ] --START--
INFO: Run Behavior\BuildLiteBehavior [ RunTime:0.000130s ]
INFO: [ app_init ] --END-- [ RunTime:0.000490s ]
INFO: [ app_begin ] --START--
INFO: Run Behavior\ReadHtmlCacheBehavior [ RunTime:0.000509s ]
INFO: [ app_begin ] --END-- [ RunTime:0.000583s ]
SQL: SHOW COLUMNS FROM `cn_merchant_card` [ RunTime:0.0018s ]
SQL: SELECT COUNT(*) AS tp_count FROM `cn_merchant_card` LIMIT 1   [ RunTime:0.0004s ]
SQL: SELECT * FROM `cn_merchant_card` LIMIT 16,8   [ RunTime:0.0003s ]

[ 2016-11-19T15:13:50+08:00 ] 1.80.217.176 /cnconsum/index.php/Merchant/Business/hyzgl
INFO: [ app_init ] --START--
INFO: Run Behavior\BuildLiteBehavior [ RunTime:0.000026s ]
INFO: [ app_init ] --END-- [ RunTime:0.000491s ]
INFO: [ app_begin ] --START--
INFO: Run Behavior\ReadHtmlCacheBehavior [ RunTime:0.000565s ]
INFO: [ app_begin ] --END-- [ RunTime:0.000629s ]
SQL: SHOW COLUMNS FROM `cn_merchant_card` [ RunTime:0.0009s ]
SQL: SELECT COUNT(*) AS tp_count FROM `cn_merchant_card` LIMIT 1   [ RunTime:0.0003s ]
SQL: SELECT * FROM `cn_merchant_card` LIMIT 8,8   [ RunTime:0.0003s ]

[ 2016-11-19T15:13:53+08:00 ] 1.80.217.176 /cnconsum/index.php/Merchant/Business/hyzgl
INFO: [ app_init ] --START--
INFO: Run Behavior\BuildLiteBehavior [ RunTime:0.000021s ]
INFO: [ app_init ] --END-- [ RunTime:0.000471s ]
INFO: [ app_begin ] --START--
INFO: Run Behavior\ReadHtmlCacheBehavior [ RunTime:0.000468s ]
INFO: [ app_begin ] --END-- [ RunTime:0.000520s ]
SQL: SHOW COLUMNS FROM `cn_merchant_card` [ RunTime:0.0008s ]
SQL: SELECT COUNT(*) AS tp_count FROM `cn_merchant_card` LIMIT 1   [ RunTime:0.0002s ]
SQL: SELECT * FROM `cn_merchant_card` LIMIT 16,8   [ RunTime:0.0002s ]

[ 2016-11-19T15:13:56+08:00 ] 1.80.217.176 /cnconsum/index.php/Merchant/Business/hyzgl
INFO: [ app_init ] --START--
INFO: Run Behavior\BuildLiteBehavior [ RunTime:0.000024s ]
INFO: [ app_init ] --END-- [ RunTime:0.000447s ]
INFO: [ app_begin ] --START--
INFO: Run Behavior\ReadHtmlCacheBehavior [ RunTime:0.000453s ]
INFO: [ app_begin ] --END-- [ RunTime:0.000497s ]
SQL: SHOW COLUMNS FROM `cn_merchant_card` [ RunTime:0.0010s ]
SQL: SELECT COUNT(*) AS tp_count FROM `cn_merchant_card` LIMIT 1   [ RunTime:0.0004s ]
SQL: SELECT * FROM `cn_merchant_card` LIMIT 8,8   [ RunTime:0.0003s ]

[ 2016-11-19T15:14:06+08:00 ] 1.80.217.176 /cnconsum/index.php/Merchant/Business/hyzgl
INFO: [ app_init ] --START--
INFO: Run Behavior\BuildLiteBehavior [ RunTime:0.000029s ]
INFO: [ app_init ] --END-- [ RunTime:0.000458s ]
INFO: [ app_begin ] --START--
INFO: Run Behavior\ReadHtmlCacheBehavior [ RunTime:0.000761s ]
INFO: [ app_begin ] --END-- [ RunTime:0.000843s ]
SQL: SHOW COLUMNS FROM `cn_merchant_card` [ RunTime:0.0017s ]
SQL: SELECT COUNT(*) AS tp_count FROM `cn_merchant_card` LIMIT 1   [ RunTime:0.0004s ]
SQL: SELECT * FROM `cn_merchant_card` LIMIT 0,8   [ RunTime:0.0003s ]

[ 2016-11-19T15:14:19+08:00 ] 1.80.217.176 /cnconsum/index.php/Merchant/Business/hyzgl
INFO: [ app_init ] --START--
INFO: Run Behavior\BuildLiteBehavior [ RunTime:0.000019s ]
INFO: [ app_init ] --END-- [ RunTime:0.000373s ]
INFO: [ app_begin ] --START--
INFO: Run Behavior\ReadHtmlCacheBehavior [ RunTime:0.000427s ]
INFO: [ app_begin ] --END-- [ RunTime:0.000477s ]
SQL: SHOW COLUMNS FROM `cn_merchant_card` [ RunTime:0.0008s ]
SQL: SELECT COUNT(*) AS tp_count FROM `cn_merchant_card` LIMIT 1   [ RunTime:0.0003s ]
SQL: SELECT * FROM `cn_merchant_card` LIMIT 8,8   [ RunTime:0.0004s ]

[ 2016-11-19T15:14:20+08:00 ] 1.80.217.176 /cnconsum/index.php/Merchant/Business/hyzgl
INFO: [ app_init ] --START--
INFO: Run Behavior\BuildLiteBehavior [ RunTime:0.000018s ]
INFO: [ app_init ] --END-- [ RunTime:0.000346s ]
INFO: [ app_begin ] --START--
INFO: Run Behavior\ReadHtmlCacheBehavior [ RunTime:0.000510s ]
INFO: [ app_begin ] --END-- [ RunTime:0.000570s ]
SQL: SHOW COLUMNS FROM `cn_merchant_card` [ RunTime:0.0008s ]
SQL: SELECT COUNT(*) AS tp_count FROM `cn_merchant_card` LIMIT 1   [ RunTime:0.0003s ]
SQL: SELECT * FROM `cn_merchant_card` LIMIT 0,8   [ RunTime:0.0002s ]

[ 2016-11-19T15:15:45+08:00 ] 1.80.217.176 /cnconsum/Merchant/merchant/loginView
INFO: [ app_init ] --START--
INFO: Run Behavior\BuildLiteBehavior [ RunTime:0.000015s ]
INFO: [ app_init ] --END-- [ RunTime:0.000413s ]

[ 2016-11-19T15:15:48+08:00 ] 1.80.217.176 /cnconsum/index.php/Merchant/Business/hyzgl.html
INFO: [ app_init ] --START--
INFO: Run Behavior\BuildLiteBehavior [ RunTime:0.000026s ]
INFO: [ app_init ] --END-- [ RunTime:0.000378s ]

[ 2016-11-19T15:16:03+08:00 ] 180.153.214.152 /cnconsum/index.php/Merchant/Business/hyzgl.html
INFO: [ app_init ] --START--
INFO: Run Behavior\BuildLiteBehavior [ RunTime:0.000021s ]
INFO: [ app_init ] --END-- [ RunTime:0.000726s ]

[ 2016-11-19T15:18:38+08:00 ] 1.80.217.176 /cnconsum/index.php/Merchant/Business/hyzgl.html
INFO: [ app_init ] --START--
INFO: Run Behavior\BuildLiteBehavior [ RunTime:0.000022s ]
INFO: [ app_init ] --END-- [ RunTime:0.000497s ]

[ 2016-11-19T15:18:41+08:00 ] 1.80.217.176 /cnconsum/index.php/Merchant/Business/glysz
INFO: [ app_init ] --START--
INFO: Run Behavior\BuildLiteBehavior [ RunTime:0.000019s ]
INFO: [ app_init ] --END-- [ RunTime:0.000445s ]

[ 2016-11-19T15:18:44+08:00 ] 1.80.217.176 /cnconsum/index.php/Merchant/Business/hyzgl
INFO: [ app_init ] --START--
INFO: Run Behavior\BuildLiteBehavior [ RunTime:0.000018s ]
INFO: [ app_init ] --END-- [ RunTime:0.000349s ]

[ 2016-11-19T15:18:47+08:00 ] 1.80.217.176 /cnconsum/index.php/Merchant/Business/glysz
INFO: [ app_init ] --START--
INFO: Run Behavior\BuildLiteBehavior [ RunTime:0.000018s ]
INFO: [ app_init ] --END-- [ RunTime:0.000273s ]

[ 2016-11-19T15:18:50+08:00 ] 1.80.217.176 /cnconsum/index.php/Merchant/Business/hyzgl
INFO: [ app_init ] --START--
INFO: Run Behavior\BuildLiteBehavior [ RunTime:0.000023s ]
INFO: [ app_init ] --END-- [ RunTime:0.000461s ]

[ 2016-11-19T15:18:52+08:00 ] 1.80.217.176 /cnconsum/index.php/Merchant/Business/hyzgl-ck.html
INFO: [ app_init ] --START--
INFO: Run Behavior\BuildLiteBehavior [ RunTime:0.000021s ]
INFO: [ app_init ] --END-- [ RunTime:0.000753s ]

[ 2016-11-19T15:18:59+08:00 ] 180.153.206.17 /cnconsum/index.php/Merchant/Business/glysz
INFO: [ app_init ] --START--
INFO: Run Behavior\BuildLiteBehavior [ RunTime:0.000015s ]
INFO: [ app_init ] --END-- [ RunTime:0.000359s ]

[ 2016-11-19T15:29:25+08:00 ] 1.80.217.176 /cnconsum/index.php/Merchant/Business/hyzgl
INFO: [ app_init ] --START--
INFO: Run Behavior\BuildLiteBehavior [ RunTime:0.000014s ]
INFO: [ app_init ] --END-- [ RunTime:0.000357s ]

[ 2016-11-19T15:29:28+08:00 ] 1.80.217.176 /cnconsum/index.php/Merchant/index/turn?url=%27card/addView%27
INFO: [ app_init ] --START--
INFO: Run Behavior\BuildLiteBehavior [ RunTime:0.000015s ]
INFO: [ app_init ] --END-- [ RunTime:0.000302s ]

[ 2016-11-19T15:29:28+08:00 ] 1.80.217.176 /cnconsum/index.php/Merchant/index/'card/addView'
INFO: [ app_init ] --START--
INFO: Run Behavior\BuildLiteBehavior [ RunTime:0.000020s ]
INFO: [ app_init ] --END-- [ RunTime:0.000453s ]
ERR: 非法操作:'card

[ 2016-11-19T15:30:27+08:00 ] 1.80.217.176 /cnconsum/index.php/Merchant/Business/hyzgl
INFO: [ app_init ] --START--
INFO: Run Behavior\BuildLiteBehavior [ RunTime:0.000016s ]
INFO: [ app_init ] --END-- [ RunTime:0.000333s ]

[ 2016-11-19T15:30:32+08:00 ] 1.80.217.176 /cnconsum/index.php/Merchant/index/turn?para=%27card/addView%27
INFO: [ app_init ] --START--
INFO: Run Behavior\BuildLiteBehavior [ RunTime:0.000014s ]
INFO: [ app_init ] --END-- [ RunTime:0.000288s ]

[ 2016-11-19T15:30:32+08:00 ] 1.80.217.176 /cnconsum/index.php/Merchant/index/'card/addView'
INFO: [ app_init ] --START--
INFO: Run Behavior\BuildLiteBehavior [ RunTime:0.000019s ]
INFO: [ app_init ] --END-- [ RunTime:0.000356s ]
ERR: 非法操作:'card

[ 2016-11-19T15:30:41+08:00 ] 1.80.217.176 /cnconsum/index.php/Merchant/index/'card/addView'
INFO: [ app_init ] --START--
INFO: Run Behavior\BuildLiteBehavior [ RunTime:0.000025s ]
INFO: [ app_init ] --END-- [ RunTime:0.000480s ]
ERR: 非法操作:'card

[ 2016-11-19T15:31:28+08:00 ] 1.80.217.176 /cnconsum/index.php/Merchant/Business/hyzgl
INFO: [ app_init ] --START--
INFO: Run Behavior\BuildLiteBehavior [ RunTime:0.000016s ]
INFO: [ app_init ] --END-- [ RunTime:0.000304s ]

[ 2016-11-19T15:31:30+08:00 ] 1.80.217.176 /cnconsum/index.php/Merchant/index/turn
INFO: [ app_init ] --START--
INFO: Run Behavior\BuildLiteBehavior [ RunTime:0.000014s ]
INFO: [ app_init ] --END-- [ RunTime:0.000331s ]

[ 2016-11-19T15:31:30+08:00 ] 1.80.217.176 /cnconsum/index.php/Merchant/index/null
INFO: [ app_init ] --START--
INFO: Run Behavior\BuildLiteBehavior [ RunTime:0.000014s ]
INFO: [ app_init ] --END-- [ RunTime:0.000259s ]
ERR: 非法操作:null

[ 2016-11-19T15:31:47+08:00 ] 101.226.33.216 /cnconsum/index.php/Merchant/index/turn
INFO: [ app_init ] --START--
INFO: Run Behavior\BuildLiteBehavior [ RunTime:0.000017s ]
INFO: [ app_init ] --END-- [ RunTime:0.000338s ]

[ 2016-11-19T15:31:47+08:00 ] 101.226.33.216 /cnconsum/index.php/Merchant/index/null
INFO: [ app_init ] --START--
INFO: Run Behavior\BuildLiteBehavior [ RunTime:0.000018s ]
INFO: [ app_init ] --END-- [ RunTime:0.000298s ]
ERR: 非法操作:null

[ 2016-11-19T15:32:21+08:00 ] 1.80.217.176 /cnconsum/index.php/Merchant/index/null
INFO: [ app_init ] --START--
INFO: Run Behavior\BuildLiteBehavior [ RunTime:0.000024s ]
INFO: [ app_init ] --END-- [ RunTime:0.000401s ]
ERR: 非法操作:null

[ 2016-11-19T15:32:23+08:00 ] 1.80.217.176 /cnconsum/index.php/Merchant/index/null
INFO: [ app_init ] --START--
INFO: Run Behavior\BuildLiteBehavior [ RunTime:0.000081s ]
INFO: [ app_init ] --END-- [ RunTime:0.000519s ]
ERR: 非法操作:null

[ 2016-11-19T15:32:24+08:00 ] 1.80.217.176 /cnconsum/index.php/Merchant/index/null
INFO: [ app_init ] --START--
INFO: Run Behavior\BuildLiteBehavior [ RunTime:0.000021s ]
INFO: [ app_init ] --END-- [ RunTime:0.000305s ]
ERR: 非法操作:null

[ 2016-11-19T15:32:39+08:00 ] 1.80.217.176 /cnconsum/index.php/Merchant/index/null
INFO: [ app_init ] --START--
INFO: Run Behavior\BuildLiteBehavior [ RunTime:0.000021s ]
INFO: [ app_init ] --END-- [ RunTime:0.000371s ]
ERR: 非法操作:null

[ 2016-11-19T15:33:03+08:00 ] 1.80.217.176 /cnconsum/index.php/Merchant/Business/hyzgl
INFO: [ app_init ] --START--
INFO: Run Behavior\BuildLiteBehavior [ RunTime:0.000024s ]
INFO: [ app_init ] --END-- [ RunTime:0.000419s ]

[ 2016-11-19T15:33:05+08:00 ] 1.80.217.176 /cnconsum/index.php/Merchant/Business/hyzgl
INFO: [ app_init ] --START--
INFO: Run Behavior\BuildLiteBehavior [ RunTime:0.000021s ]
INFO: [ app_init ] --END-- [ RunTime:0.000384s ]

[ 2016-11-19T15:33:06+08:00 ] 1.80.217.176 /cnconsum/index.php/Merchant/Business/index/turn
INFO: [ app_init ] --START--
INFO: Run Behavior\BuildLiteBehavior [ RunTime:0.000021s ]
INFO: [ app_init ] --END-- [ RunTime:0.000312s ]
ERR: 非法操作:index

[ 2016-11-19T15:33:21+08:00 ] 101.226.33.226 /cnconsum/index.php/Merchant/Business/index/turn
INFO: [ app_init ] --START--
INFO: Run Behavior\BuildLiteBehavior [ RunTime:0.000032s ]
INFO: [ app_init ] --END-- [ RunTime:0.000488s ]
ERR: 非法操作:index

[ 2016-11-19T15:33:36+08:00 ] 1.80.217.176 /cnconsum/index.php/Merchant/Business/index/turn
INFO: [ app_init ] --START--
INFO: Run Behavior\BuildLiteBehavior [ RunTime:0.000024s ]
INFO: [ app_init ] --END-- [ RunTime:0.000452s ]
ERR: 非法操作:index

[ 2016-11-19T15:33:41+08:00 ] 1.80.217.176 /cnconsum/index.php/Merchant/Business/hyzgl
INFO: [ app_init ] --START--
INFO: Run Behavior\BuildLiteBehavior [ RunTime:0.000020s ]
INFO: [ app_init ] --END-- [ RunTime:0.000311s ]

[ 2016-11-19T15:33:42+08:00 ] 1.80.217.176 /cnconsum/index.php/Merchant/index/turn
INFO: [ app_init ] --START--
INFO: Run Behavior\BuildLiteBehavior [ RunTime:0.000022s ]
INFO: [ app_init ] --END-- [ RunTime:0.000468s ]

[ 2016-11-19T15:33:42+08:00 ] 1.80.217.176 /cnconsum/index.php/Merchant/index/null
INFO: [ app_init ] --START--
INFO: Run Behavior\BuildLiteBehavior [ RunTime:0.000020s ]
INFO: [ app_init ] --END-- [ RunTime:0.000425s ]
ERR: 非法操作:null

[ 2016-11-19T15:36:06+08:00 ] 1.80.217.176 /cnconsum/index.php/Merchant/Business/hyzgl
INFO: [ app_init ] --START--
INFO: Run Behavior\BuildLiteBehavior [ RunTime:0.000015s ]
INFO: [ app_init ] --END-- [ RunTime:0.000365s ]

[ 2016-11-19T15:36:08+08:00 ] 1.80.217.176 /cnconsum/index.php/Merchant/Business/turn?para=%27../card/adView%27
INFO: [ app_init ] --START--
INFO: Run Behavior\BuildLiteBehavior [ RunTime:0.000013s ]
INFO: [ app_init ] --END-- [ RunTime:0.000257s ]

[ 2016-11-19T15:36:08+08:00 ] 1.80.217.176 /cnconsum/index.php/Merchant/Business/'../card/adView'
INFO: [ app_init ] --START--
INFO: Run Behavior\BuildLiteBehavior [ RunTime:0.000012s ]
INFO: [ app_init ] --END-- [ RunTime:0.000244s ]
ERR: 非法操作:'..

[ 2016-11-19T15:36:23+08:00 ] 180.163.2.117 /cnconsum/index.php/Merchant/Business/'../card/adView'
INFO: [ app_init ] --START--
INFO: Run Behavior\BuildLiteBehavior [ RunTime:0.000020s ]
INFO: [ app_init ] --END-- [ RunTime:0.000372s ]
ERR: 非法操作:'..

[ 2016-11-19T15:37:20+08:00 ] 1.80.217.176 /cnconsum/index.php/Merchant/Business/hyzgl
INFO: [ app_init ] --START--
INFO: Run Behavior\BuildLiteBehavior [ RunTime:0.000022s ]
INFO: [ app_init ] --END-- [ RunTime:0.000406s ]

[ 2016-11-19T15:37:23+08:00 ] 1.80.217.176 /cnconsum/index.php/Merchant/Business/turnURL
INFO: [ app_init ] --START--
INFO: Run Behavior\BuildLiteBehavior [ RunTime:0.000017s ]
INFO: [ app_init ] --END-- [ RunTime:0.000475s ]

[ 2016-11-19T15:37:23+08:00 ] 1.80.217.176 /cnconsum/index.php/Merchant/Business/null
INFO: [ app_init ] --START--
INFO: Run Behavior\BuildLiteBehavior [ RunTime:0.000015s ]
INFO: [ app_init ] --END-- [ RunTime:0.000294s ]
ERR: 非法操作:null

[ 2016-11-19T15:37:34+08:00 ] 61.151.226.16 /cnconsum/index.php/Merchant/Business/null
INFO: [ app_init ] --START--
INFO: Run Behavior\BuildLiteBehavior [ RunTime:0.000013s ]
INFO: [ app_init ] --END-- [ RunTime:0.000258s ]
ERR: 非法操作:null

[ 2016-11-19T15:37:42+08:00 ] 180.153.81.212 /cnconsum/index.php/Merchant/Business/turnURL
INFO: [ app_init ] --START--
INFO: Run Behavior\BuildLiteBehavior [ RunTime:0.000016s ]
INFO: [ app_init ] --END-- [ RunTime:0.000326s ]

[ 2016-11-19T15:37:42+08:00 ] 180.153.81.212 /cnconsum/index.php/Merchant/Business/null
INFO: [ app_init ] --START--
INFO: Run Behavior\BuildLiteBehavior [ RunTime:0.000015s ]
INFO: [ app_init ] --END-- [ RunTime:0.000284s ]
ERR: 非法操作:null

[ 2016-11-19T15:38:10+08:00 ] 1.80.217.176 /cnconsum/index.php/Merchant/Business/hyzgl
INFO: [ app_init ] --START--
INFO: Run Behavior\BuildLiteBehavior [ RunTime:0.000018s ]
INFO: [ app_init ] --END-- [ RunTime:0.000377s ]

[ 2016-11-19T15:38:12+08:00 ] 1.80.217.176 /cnconsum/index.php/Merchant/Business/turnURL
INFO: [ app_init ] --START--
INFO: Run Behavior\BuildLiteBehavior [ RunTime:0.000016s ]
INFO: [ app_init ] --END-- [ RunTime:0.000409s ]

[ 2016-11-19T15:38:12+08:00 ] 1.80.217.176 /cnconsum/index.php/Merchant/card/addView
INFO: [ app_init ] --START--
INFO: Run Behavior\BuildLiteBehavior [ RunTime:0.000022s ]
INFO: [ app_init ] --END-- [ RunTime:0.000463s ]
ERR: 模板不存在:./Project/Merchant/View/Business/hyzgl_ck.html

[ 2016-11-19T15:38:31+08:00 ] 101.226.33.220 /cnconsum/index.php/Merchant/card/addView
INFO: [ app_init ] --START--
INFO: Run Behavior\BuildLiteBehavior [ RunTime:0.000027s ]
INFO: [ app_init ] --END-- [ RunTime:0.000382s ]
ERR: 模板不存在:./Project/Merchant/View/Business/hyzgl_ck.html

[ 2016-11-19T15:38:57+08:00 ] 1.80.217.176 /cnconsum/index.php/Merchant/Business/hyzgl
INFO: [ app_init ] --START--
INFO: Run Behavior\BuildLiteBehavior [ RunTime:0.000028s ]
INFO: [ app_init ] --END-- [ RunTime:0.000521s ]

[ 2016-11-19T15:38:59+08:00 ] 1.80.217.176 /cnconsum/index.php/Merchant/Business/turnURL
INFO: [ app_init ] --START--
INFO: Run Behavior\BuildLiteBehavior [ RunTime:0.000016s ]
INFO: [ app_init ] --END-- [ RunTime:0.000411s ]

[ 2016-11-19T15:38:59+08:00 ] 1.80.217.176 /cnconsum/index.php/Merchant/card/addView
INFO: [ app_init ] --START--
INFO: Run Behavior\BuildLiteBehavior [ RunTime:0.000024s ]
INFO: [ app_init ] --END-- [ RunTime:0.000459s ]

[ 2016-11-19T15:39:11+08:00 ] 1.80.217.176 /cnconsum/index.php/Merchant/card/hyzgl.html
INFO: [ app_init ] --START--
INFO: Run Behavior\BuildLiteBehavior [ RunTime:0.000027s ]
INFO: [ app_init ] --END-- [ RunTime:0.000310s ]
ERR: 非法操作:hyzgl

[ 2016-11-19T15:39:26+08:00 ] 180.153.201.66 /cnconsum/index.php/Merchant/card/hyzgl.html
INFO: [ app_init ] --START--
INFO: Run Behavior\BuildLiteBehavior [ RunTime:0.000020s ]
INFO: [ app_init ] --END-- [ RunTime:0.000380s ]
ERR: 非法操作:hyzgl

[ 2016-11-19T15:42:44+08:00 ] 1.80.217.176 /cnconsum/index.php/Merchant/card/hyzgl.html
INFO: [ app_init ] --START--
INFO: Run Behavior\BuildLiteBehavior [ RunTime:0.000097s ]
INFO: [ app_init ] --END-- [ RunTime:0.000530s ]
ERR: 非法操作:hyzgl

[ 2016-11-19T15:42:48+08:00 ] 1.80.217.176 /cnconsum/index.php/Merchant/Business/hyzgl
INFO: [ app_init ] --START--
INFO: Run Behavior\BuildLiteBehavior [ RunTime:0.000014s ]
INFO: [ app_init ] --END-- [ RunTime:0.000329s ]

[ 2016-11-19T15:42:50+08:00 ] 1.80.217.176 /cnconsum/index.php/Merchant/Business/turnURL?url=%271%27
INFO: [ app_init ] --START--
INFO: Run Behavior\BuildLiteBehavior [ RunTime:0.000021s ]
INFO: [ app_init ] --END-- [ RunTime:0.000363s ]

[ 2016-11-19T15:42:50+08:00 ] 1.80.217.176 /cnconsum/index.php/Merchant/card/addView
INFO: [ app_init ] --START--
INFO: Run Behavior\BuildLiteBehavior [ RunTime:0.000021s ]
INFO: [ app_init ] --END-- [ RunTime:0.000353s ]

[ 2016-11-19T15:43:06+08:00 ] 101.226.68.200 /cnconsum/index.php/Merchant/Business/turnURL?url='1'
INFO: [ app_init ] --START--
INFO: Run Behavior\BuildLiteBehavior [ RunTime:0.000021s ]
INFO: [ app_init ] --END-- [ RunTime:0.000444s ]

[ 2016-11-19T15:43:06+08:00 ] 101.226.68.200 /cnconsum/index.php/Merchant/card/addView
INFO: [ app_init ] --START--
INFO: Run Behavior\BuildLiteBehavior [ RunTime:0.000018s ]
INFO: [ app_init ] --END-- [ RunTime:0.000366s ]

[ 2016-11-19T15:43:39+08:00 ] 1.80.217.176 /cnconsum/index.php/Merchant/Business/hyzgl
INFO: [ app_init ] --START--
INFO: Run Behavior\BuildLiteBehavior [ RunTime:0.000023s ]
INFO: [ app_init ] --END-- [ RunTime:0.000797s ]

[ 2016-11-19T15:43:41+08:00 ] 1.80.217.176 /cnconsum/index.php/Merchant/Business/turnURL?url=%271%27
INFO: [ app_init ] --START--
INFO: Run Behavior\BuildLiteBehavior [ RunTime:0.000020s ]
INFO: [ app_init ] --END-- [ RunTime:0.000520s ]

[ 2016-11-19T15:44:27+08:00 ] 1.80.217.176 /cnconsum/index.php/Merchant/Business/hyzgl
INFO: [ app_init ] --START--
INFO: Run Behavior\BuildLiteBehavior [ RunTime:0.000027s ]
INFO: [ app_init ] --END-- [ RunTime:0.000452s ]

[ 2016-11-19T15:44:29+08:00 ] 1.80.217.176 /cnconsum/index.php/Merchant/Business/turnURL?url=../card/addView
INFO: [ app_init ] --START--
INFO: Run Behavior\BuildLiteBehavior [ RunTime:0.000022s ]
INFO: [ app_init ] --END-- [ RunTime:0.000389s ]

[ 2016-11-19T15:44:44+08:00 ] 180.153.214.180 /cnconsum/index.php/Merchant/Business/turnURL?url=../card/addView
INFO: [ app_init ] --START--
INFO: Run Behavior\BuildLiteBehavior [ RunTime:0.000022s ]
INFO: [ app_init ] --END-- [ RunTime:0.000689s ]

[ 2016-11-19T15:45:09+08:00 ] 1.80.217.176 /cnconsum/index.php/Merchant/Business/hyzgl
INFO: [ app_init ] --START--
INFO: Run Behavior\BuildLiteBehavior [ RunTime:0.000025s ]
INFO: [ app_init ] --END-- [ RunTime:0.000456s ]

[ 2016-11-19T15:45:11+08:00 ] 1.80.217.176 /cnconsum/index.php/Merchant/Business/turnURL?url=../card/addView
INFO: [ app_init ] --START--
INFO: Run Behavior\BuildLiteBehavior [ RunTime:0.000014s ]
INFO: [ app_init ] --END-- [ RunTime:0.000289s ]

[ 2016-11-19T15:45:11+08:00 ] 1.80.217.176 /cnconsum/index.php/Merchant/card/addView
INFO: [ app_init ] --START--
INFO: Run Behavior\BuildLiteBehavior [ RunTime:0.000018s ]
INFO: [ app_init ] --END-- [ RunTime:0.000283s ]

[ 2016-11-19T15:45:20+08:00 ] 1.80.217.176 /cnconsum/index.php/Merchant/Business/turnURL?url=../card/addView
INFO: [ app_init ] --START--
INFO: Run Behavior\BuildLiteBehavior [ RunTime:0.000019s ]
INFO: [ app_init ] --END-- [ RunTime:0.000313s ]

[ 2016-11-19T15:45:20+08:00 ] 1.80.217.176 /cnconsum/index.php/Merchant/card/addView
INFO: [ app_init ] --START--
INFO: Run Behavior\BuildLiteBehavior [ RunTime:0.000022s ]
INFO: [ app_init ] --END-- [ RunTime:0.000442s ]

[ 2016-11-19T15:47:41+08:00 ] 1.80.217.176 /cnconsum/index.php/Merchant/Business/hyzgl
INFO: [ app_init ] --START--
INFO: Run Behavior\BuildLiteBehavior [ RunTime:0.000020s ]
INFO: [ app_init ] --END-- [ RunTime:0.000352s ]

[ 2016-11-19T15:47:43+08:00 ] 1.80.217.176 /cnconsum/index.php/Merchant/Business/turnURL?url=../card/showView
INFO: [ app_init ] --START--
INFO: Run Behavior\BuildLiteBehavior [ RunTime:0.000015s ]
INFO: [ app_init ] --END-- [ RunTime:0.000289s ]

[ 2016-11-19T15:47:43+08:00 ] 1.80.217.176 /cnconsum/index.php/Merchant/card/showView
INFO: [ app_init ] --START--
INFO: Run Behavior\BuildLiteBehavior [ RunTime:0.000018s ]
INFO: [ app_init ] --END-- [ RunTime:0.000386s ]

[ 2016-11-19T15:47:47+08:00 ] 1.80.217.176 /cnconsum/index.php/Merchant/Business/hyzgl
INFO: [ app_init ] --START--
INFO: Run Behavior\BuildLiteBehavior [ RunTime:0.000020s ]
INFO: [ app_init ] --END-- [ RunTime:0.000450s ]
INFO: [ app_begin ] --START--
INFO: Run Behavior\ReadHtmlCacheBehavior [ RunTime:0.000555s ]
INFO: [ app_begin ] --END-- [ RunTime:0.000642s ]
SQL: SHOW COLUMNS FROM `cn_merchant_card` [ RunTime:0.0008s ]
SQL: SELECT COUNT(*) AS tp_count FROM `cn_merchant_card` LIMIT 1   [ RunTime:0.0003s ]
SQL: SELECT * FROM `cn_merchant_card` LIMIT 8,8   [ RunTime:0.0002s ]

[ 2016-11-19T15:47:50+08:00 ] 1.80.217.176 /cnconsum/index.php/Merchant/Business/turnURL?url=../card/showView
INFO: [ app_init ] --START--
INFO: Run Behavior\BuildLiteBehavior [ RunTime:0.000018s ]
INFO: [ app_init ] --END-- [ RunTime:0.000391s ]

[ 2016-11-19T15:47:50+08:00 ] 1.80.217.176 /cnconsum/index.php/Merchant/card/showView
INFO: [ app_init ] --START--
INFO: Run Behavior\BuildLiteBehavior [ RunTime:0.000024s ]
INFO: [ app_init ] --END-- [ RunTime:0.000451s ]

[ 2016-11-19T15:47:53+08:00 ] 1.80.217.176 /cnconsum/index.php/Merchant/Business/hyzgl
INFO: [ app_init ] --START--
INFO: Run Behavior\BuildLiteBehavior [ RunTime:0.000019s ]
INFO: [ app_init ] --END-- [ RunTime:0.000376s ]

[ 2016-11-19T15:47:53+08:00 ] 180.163.2.119 /cnconsum/index.php/Merchant/card/showView
INFO: [ app_init ] --START--
INFO: Run Behavior\BuildLiteBehavior [ RunTime:0.000014s ]
INFO: [ app_init ] --END-- [ RunTime:0.000260s ]

[ 2016-11-19T15:47:54+08:00 ] 1.80.217.176 /cnconsum/index.php/Merchant/Business/turnURL?url=../card/addView
INFO: [ app_init ] --START--
INFO: Run Behavior\BuildLiteBehavior [ RunTime:0.000036s ]
INFO: [ app_init ] --END-- [ RunTime:0.015770s ]

[ 2016-11-19T15:47:54+08:00 ] 1.80.217.176 /cnconsum/index.php/Merchant/card/addView
INFO: [ app_init ] --START--
INFO: Run Behavior\BuildLiteBehavior [ RunTime:0.000026s ]
INFO: [ app_init ] --END-- [ RunTime:0.000477s ]

[ 2016-11-19T15:52:14+08:00 ] 1.80.217.176 /cnconsum/index.php/Merchant/Business/hyzgl
INFO: [ app_init ] --START--
INFO: Run Behavior\BuildLiteBehavior [ RunTime:0.000022s ]
INFO: [ app_init ] --END-- [ RunTime:0.000423s ]

[ 2016-11-19T15:52:15+08:00 ] 1.80.217.176 /cnconsum/index.php/Merchant/Business/turnURL?url=../card/addView
INFO: [ app_init ] --START--
INFO: Run Behavior\BuildLiteBehavior [ RunTime:0.000025s ]
INFO: [ app_init ] --END-- [ RunTime:0.000478s ]

[ 2016-11-19T15:52:15+08:00 ] 1.80.217.176 /cnconsum/index.php/Merchant/card/addView
INFO: [ app_init ] --START--
INFO: Run Behavior\BuildLiteBehavior [ RunTime:0.000076s ]
INFO: [ app_init ] --END-- [ RunTime:0.000434s ]

[ 2016-11-19T15:52:19+08:00 ] 1.80.217.176 /cnconsum/index.php/Merchant/Business/glysz
INFO: [ app_init ] --START--
INFO: Run Behavior\BuildLiteBehavior [ RunTime:0.000021s ]
INFO: [ app_init ] --END-- [ RunTime:0.000505s ]

[ 2016-11-19T15:52:25+08:00 ] 1.80.217.176 /cnconsum/index.php/Merchant/Business/sxed
INFO: [ app_init ] --START--
INFO: Run Behavior\BuildLiteBehavior [ RunTime:0.000013s ]
INFO: [ app_init ] --END-- [ RunTime:0.000260s ]

[ 2016-11-19T15:53:59+08:00 ] 1.80.217.176 /cnconsum/index.php/Merchant/card/addView
INFO: [ app_init ] --START--
INFO: Run Behavior\BuildLiteBehavior [ RunTime:0.000017s ]
INFO: [ app_init ] --END-- [ RunTime:0.000271s ]

[ 2016-11-19T15:54:00+08:00 ] 1.80.217.176 /cnconsum/index.php/Merchant/card/
INFO: [ app_init ] --START--
INFO: Run Behavior\BuildLiteBehavior [ RunTime:0.000024s ]
INFO: [ app_init ] --END-- [ RunTime:0.000838s ]
ERR: 非法操作:index

[ 2016-11-19T15:54:10+08:00 ] 1.80.217.176 /cnconsum/index.php/Merchant/upload/upload
INFO: [ app_init ] --START--
INFO: Run Behavior\BuildLiteBehavior [ RunTime:0.000019s ]
INFO: [ app_init ] --END-- [ RunTime:0.000326s ]

[ 2016-11-19T15:54:10+08:00 ] 1.80.217.176 /cnconsum/index.php/Merchant/card/uploads/1.jpg
INFO: [ app_init ] --START--
INFO: Run Behavior\BuildLiteBehavior [ RunTime:0.000026s ]
INFO: [ app_init ] --END-- [ RunTime:0.001830s ]

[ 2016-11-19T16:08:37+08:00 ] 1.80.217.176 /cnconsum/index.php/Merchant/Business/hyzgl
INFO: [ app_init ] --START--
INFO: Run Behavior\BuildLiteBehavior [ RunTime:0.000016s ]
INFO: [ app_init ] --END-- [ RunTime:0.000267s ]

[ 2016-11-19T16:08:41+08:00 ] 1.80.217.176 /cnconsum/index.php/Merchant/Business/turnURL?url=../card/addView
INFO: [ app_init ] --START--
INFO: Run Behavior\BuildLiteBehavior [ RunTime:0.000037s ]
INFO: [ app_init ] --END-- [ RunTime:0.000337s ]

[ 2016-11-19T16:08:41+08:00 ] 1.80.217.176 /cnconsum/index.php/Merchant/card/addView
INFO: [ app_init ] --START--
INFO: Run Behavior\BuildLiteBehavior [ RunTime:0.000015s ]
INFO: [ app_init ] --END-- [ RunTime:0.000339s ]

[ 2016-11-19T16:08:44+08:00 ] 1.80.217.176 /cnconsum/index.php/Merchant/Business/turnURL?url=../card/showView
INFO: [ app_init ] --START--
INFO: Run Behavior\BuildLiteBehavior [ RunTime:0.000017s ]
INFO: [ app_init ] --END-- [ RunTime:0.000400s ]

[ 2016-11-19T16:08:44+08:00 ] 1.80.217.176 /cnconsum/index.php/Merchant/card/showView
INFO: [ app_init ] --START--
INFO: Run Behavior\BuildLiteBehavior [ RunTime:0.000020s ]
INFO: [ app_init ] --END-- [ RunTime:0.000509s ]

[ 2016-11-19T16:09:00+08:00 ] 101.226.89.122 /cnconsum/index.php/Merchant/Business/turnURL?url=../card/showView
INFO: [ app_init ] --START--
INFO: Run Behavior\BuildLiteBehavior [ RunTime:0.000019s ]
INFO: [ app_init ] --END-- [ RunTime:0.000290s ]

[ 2016-11-19T16:09:00+08:00 ] 101.226.89.122 /cnconsum/index.php/Merchant/card/showView
INFO: [ app_init ] --START--
INFO: Run Behavior\BuildLiteBehavior [ RunTime:0.000019s ]
INFO: [ app_init ] --END-- [ RunTime:0.000320s ]

[ 2016-11-19T16:23:34+08:00 ] 1.80.217.176 /cnconsum/index.php/Merchant/card/showView
INFO: [ app_init ] --START--
INFO: Run Behavior\BuildLiteBehavior [ RunTime:0.000017s ]
INFO: [ app_init ] --END-- [ RunTime:0.000332s ]

[ 2016-11-19T16:26:01+08:00 ] 1.80.217.176 /cnconsum/index.php/Merchant/card/showView
INFO: [ app_init ] --START--
INFO: Run Behavior\BuildLiteBehavior [ RunTime:0.000024s ]
INFO: [ app_init ] --END-- [ RunTime:0.000384s ]

[ 2016-11-19T16:26:04+08:00 ] 1.80.217.176 /cnconsum/index.php/Merchant/card/showView
INFO: [ app_init ] --START--
INFO: Run Behavior\BuildLiteBehavior [ RunTime:0.000019s ]
INFO: [ app_init ] --END-- [ RunTime:0.000358s ]

[ 2016-11-19T16:26:35+08:00 ] 1.80.217.176 /cnconsum/index.php/Merchant/Business/turnURL?url=../card/addView
INFO: [ app_init ] --START--
INFO: Run Behavior\BuildLiteBehavior [ RunTime:0.000022s ]
INFO: [ app_init ] --END-- [ RunTime:0.000412s ]

[ 2016-11-19T16:26:35+08:00 ] 1.80.217.176 /cnconsum/index.php/Merchant/card/addView
INFO: [ app_init ] --START--
INFO: Run Behavior\BuildLiteBehavior [ RunTime:0.000023s ]
INFO: [ app_init ] --END-- [ RunTime:0.000428s ]

[ 2016-11-19T16:27:25+08:00 ] 1.80.217.176 /cnconsum/index.php/Merchant/card/addView
INFO: [ app_init ] --START--
INFO: Run Behavior\BuildLiteBehavior [ RunTime:0.000018s ]
INFO: [ app_init ] --END-- [ RunTime:0.000310s ]

[ 2016-11-19T16:28:47+08:00 ] 1.80.217.176 /cnconsum/index.php/Merchant/card/addView
INFO: [ app_init ] --START--
INFO: Run Behavior\BuildLiteBehavior [ RunTime:0.000022s ]
INFO: [ app_init ] --END-- [ RunTime:0.000614s ]

[ 2016-11-19T16:30:51+08:00 ] 1.80.217.176 /cnconsum/index.php/Merchant/Business/hyzgl
INFO: [ app_init ] --START--
INFO: Run Behavior\BuildLiteBehavior [ RunTime:0.000019s ]
INFO: [ app_init ] --END-- [ RunTime:0.000340s ]

[ 2016-11-19T16:30:53+08:00 ] 1.80.217.176 /cnconsum/index.php/Merchant/Business/turnURL?url=../card/showView
INFO: [ app_init ] --START--
INFO: Run Behavior\BuildLiteBehavior [ RunTime:0.000024s ]
INFO: [ app_init ] --END-- [ RunTime:0.000425s ]

[ 2016-11-19T16:30:53+08:00 ] 1.80.217.176 /cnconsum/index.php/Merchant/card/showView
INFO: [ app_init ] --START--
INFO: Run Behavior\BuildLiteBehavior [ RunTime:0.000024s ]
INFO: [ app_init ] --END-- [ RunTime:0.000411s ]

[ 2016-11-19T16:38:23+08:00 ] 1.80.217.176 /cnconsum/index.php/Merchant/card/huiyuanyanqi.html
INFO: [ app_init ] --START--
INFO: Run Behavior\BuildLiteBehavior [ RunTime:0.000023s ]
INFO: [ app_init ] --END-- [ RunTime:0.000475s ]
ERR: 非法操作:huiyuanyanqi

[ 2016-11-19T16:38:27+08:00 ] 1.80.217.176 /cnconsum/index.php/Merchant/Business/zjtx
INFO: [ app_init ] --START--
INFO: Run Behavior\BuildLiteBehavior [ RunTime:0.000024s ]
INFO: [ app_init ] --END-- [ RunTime:0.000430s ]

[ 2016-11-19T16:38:30+08:00 ] 1.80.217.176 /cnconsum/index.php/Merchant/Vip/vip
INFO: [ app_init ] --START--
INFO: Run Behavior\BuildLiteBehavior [ RunTime:0.000018s ]
INFO: [ app_init ] --END-- [ RunTime:0.000380s ]

[ 2016-11-19T16:38:30+08:00 ] 1.80.217.176 /cnconsum/index.php/Merchant/Vip/image/sch.png
INFO: [ app_init ] --START--
INFO: Run Behavior\BuildLiteBehavior [ RunTime:0.000014s ]
INFO: [ app_init ] --END-- [ RunTime:0.000270s ]

[ 2016-11-19T16:38:43+08:00 ] 101.226.125.104 /cnconsum/index.php/Merchant/Business/zjtx
INFO: [ app_init ] --START--
INFO: Run Behavior\BuildLiteBehavior [ RunTime:0.000016s ]
INFO: [ app_init ] --END-- [ RunTime:0.000340s ]

[ 2016-11-19T16:38:45+08:00 ] 1.80.217.176 /cnconsum/index.php/Merchant/Business/hyzgl
INFO: [ app_init ] --START--
INFO: Run Behavior\BuildLiteBehavior [ RunTime:0.000019s ]
INFO: [ app_init ] --END-- [ RunTime:0.000410s ]

[ 2016-11-19T17:00:35+08:00 ] 1.80.217.176 /cnconsum/index.php/Merchant/Business/glysz
INFO: [ app_init ] --START--
INFO: Run Behavior\BuildLiteBehavior [ RunTime:0.000020s ]
INFO: [ app_init ] --END-- [ RunTime:0.000349s ]

[ 2016-11-19T17:01:01+08:00 ] 1.80.217.176 /cnconsum/index.php/Merchant/Business/hyzgl
INFO: [ app_init ] --START--
INFO: Run Behavior\BuildLiteBehavior [ RunTime:0.000015s ]
INFO: [ app_init ] --END-- [ RunTime:0.000269s ]
INFO: [ app_begin ] --START--
INFO: Run Behavior\ReadHtmlCacheBehavior [ RunTime:0.000321s ]
INFO: [ app_begin ] --END-- [ RunTime:0.000367s ]
SQL: SHOW COLUMNS FROM `cn_merchant_card` [ RunTime:0.0009s ]
SQL: SELECT COUNT(*) AS tp_count FROM `cn_merchant_card` LIMIT 1   [ RunTime:0.0002s ]
SQL: SELECT * FROM `cn_merchant_card` LIMIT 8,8   [ RunTime:0.0002s ]

[ 2016-11-19T17:01:01+08:00 ] 1.80.217.176 /cnconsum/index.php/Merchant/Business/hyzgl
INFO: [ app_init ] --START--
INFO: Run Behavior\BuildLiteBehavior [ RunTime:0.000014s ]
INFO: [ app_init ] --END-- [ RunTime:0.000303s ]
INFO: [ app_begin ] --START--
INFO: Run Behavior\ReadHtmlCacheBehavior [ RunTime:0.000419s ]
INFO: [ app_begin ] --END-- [ RunTime:0.000517s ]
SQL: SHOW COLUMNS FROM `cn_merchant_card` [ RunTime:0.0011s ]
SQL: SELECT COUNT(*) AS tp_count FROM `cn_merchant_card` LIMIT 1   [ RunTime:0.0003s ]
SQL: SELECT * FROM `cn_merchant_card` LIMIT 16,8   [ RunTime:0.0002s ]

[ 2016-11-19T17:01:03+08:00 ] 1.80.217.176 /cnconsum/index.php/Merchant/Business/hyzgl
INFO: [ app_init ] --START--
INFO: Run Behavior\BuildLiteBehavior [ RunTime:0.000019s ]
INFO: [ app_init ] --END-- [ RunTime:0.000338s ]
INFO: [ app_begin ] --START--
INFO: Run Behavior\ReadHtmlCacheBehavior [ RunTime:0.000464s ]
INFO: [ app_begin ] --END-- [ RunTime:0.000525s ]
SQL: SHOW COLUMNS FROM `cn_merchant_card` [ RunTime:0.0007s ]
SQL: SELECT COUNT(*) AS tp_count FROM `cn_merchant_card` LIMIT 1   [ RunTime:0.0003s ]
SQL: SELECT * FROM `cn_merchant_card` LIMIT 8,8   [ RunTime:0.0002s ]

