[ 2016-11-25T10:34:52+08:00 ] 1.80.219.150 /cnconsum/Merchant/merchant/loginView
INFO: [ app_init ] --START--
INFO: Run Behavior\BuildLiteBehavior [ RunTime:0.000013s ]
INFO: [ app_init ] --END-- [ RunTime:0.000261s ]

[ 2016-11-25T10:34:54+08:00 ] 1.80.219.150 /cnconsum/Merchant/merchant/login
INFO: [ app_init ] --START--
INFO: Run Behavior\BuildLiteBehavior [ RunTime:0.000014s ]
INFO: [ app_init ] --END-- [ RunTime:0.000342s ]

[ 2016-11-25T10:34:57+08:00 ] 1.80.219.150 /cnconsum/index.php/Merchant/Business/hyzgl.html
INFO: [ app_init ] --START--
INFO: Run Behavior\BuildLiteBehavior [ RunTime:0.000017s ]
INFO: [ app_init ] --END-- [ RunTime:0.000352s ]

[ 2016-11-25T10:35:00+08:00 ] 1.80.219.150 /cnconsum/index.php/Merchant/Vip/vip
INFO: [ app_init ] --START--
INFO: Run Behavior\BuildLiteBehavior [ RunTime:0.000031s ]
INFO: [ app_init ] --END-- [ RunTime:0.000308s ]

[ 2016-11-25T10:35:02+08:00 ] 101.226.66.174 /cnconsum/Merchant/merchant/loginView
INFO: [ app_init ] --START--
INFO: Run Behavior\BuildLiteBehavior [ RunTime:0.000013s ]
INFO: [ app_init ] --END-- [ RunTime:0.000266s ]

[ 2016-11-25T10:35:02+08:00 ] 101.226.66.174 /cnconsum/Merchant/merchant/%20/cnconsum/Public/js/jquery.min.js
INFO: [ app_init ] --START--
INFO: Run Behavior\BuildLiteBehavior [ RunTime:0.000023s ]
INFO: [ app_init ] --END-- [ RunTime:0.000446s ]
ERR: 非法操作: 

[ 2016-11-25T10:35:02+08:00 ] 101.226.66.174 /cnconsum/Merchant/merchant/%20/cnconsum/Public/js/login.js
INFO: [ app_init ] --START--
INFO: Run Behavior\BuildLiteBehavior [ RunTime:0.000014s ]
INFO: [ app_init ] --END-- [ RunTime:0.000289s ]
ERR: 非法操作: 

[ 2016-11-25T10:35:02+08:00 ] 101.226.66.174 /cnconsum/Merchant/merchant/%20/cnconsum/Public/js/jquery.luara.0.0.1.min.js
INFO: [ app_init ] --START--
INFO: Run Behavior\BuildLiteBehavior [ RunTime:0.000014s ]
INFO: [ app_init ] --END-- [ RunTime:0.000269s ]
ERR: 非法操作: 

[ 2016-11-25T10:35:10+08:00 ] 180.153.214.178 /cnconsum/index.php/Merchant/Vip/vip
INFO: [ app_init ] --START--
INFO: Run Behavior\BuildLiteBehavior [ RunTime:0.000015s ]
INFO: [ app_init ] --END-- [ RunTime:0.000419s ]

[ 2016-11-25T10:35:15+08:00 ] 61.151.226.16 /cnconsum/index.php/Merchant/Business/hyzgl.html
INFO: [ app_init ] --START--
INFO: Run Behavior\BuildLiteBehavior [ RunTime:0.000014s ]
INFO: [ app_init ] --END-- [ RunTime:0.000304s ]

[ 2016-11-25T10:35:19+08:00 ] 61.151.218.119 /cnconsum/index.php/Merchant/Vip/vip
INFO: [ app_init ] --START--
INFO: Run Behavior\BuildLiteBehavior [ RunTime:0.000018s ]
INFO: [ app_init ] --END-- [ RunTime:0.000325s ]

[ 2016-11-25T10:35:20+08:00 ] 101.226.33.208 /cnconsum/index.php/Merchant/Vip/vip
INFO: [ app_init ] --START--
INFO: Run Behavior\BuildLiteBehavior [ RunTime:0.000030s ]
INFO: [ app_init ] --END-- [ RunTime:0.000407s ]

[ 2016-11-25T10:38:53+08:00 ] 1.80.219.150 /cnconsum/index.php/Merchant/Vip/vip
INFO: [ app_init ] --START--
INFO: Run Behavior\BuildLiteBehavior [ RunTime:0.000014s ]
INFO: [ app_init ] --END-- [ RunTime:0.000308s ]

[ 2016-11-25T10:39:00+08:00 ] 1.80.219.150 /cnconsum/index.php/Merchant/Commodity/commodity
INFO: [ app_init ] --START--
INFO: Run Behavior\BuildLiteBehavior [ RunTime:0.000015s ]
INFO: [ app_init ] --END-- [ RunTime:0.000301s ]

[ 2016-11-25T10:39:00+08:00 ] 1.80.219.150 /cnconsum/index.php/Merchant/Commodity/image/logo.png
INFO: [ app_init ] --START--
INFO: Run Behavior\BuildLiteBehavior [ RunTime:0.000014s ]
INFO: [ app_init ] --END-- [ RunTime:0.000280s ]

[ 2016-11-25T10:39:03+08:00 ] 1.80.219.150 /cnconsum/index.php/Merchant/Vip/vip
INFO: [ app_init ] --START--
INFO: Run Behavior\BuildLiteBehavior [ RunTime:0.000013s ]
INFO: [ app_init ] --END-- [ RunTime:0.000268s ]

[ 2016-11-25T10:39:10+08:00 ] 112.65.193.15 /cnconsum/index.php/Merchant/Commodity/commodity
INFO: [ app_init ] --START--
INFO: Run Behavior\BuildLiteBehavior [ RunTime:0.000014s ]
INFO: [ app_init ] --END-- [ RunTime:0.000271s ]

[ 2016-11-25T10:39:15+08:00 ] 1.80.219.150 /cnconsum/index.php/Merchant/Vip/vip
INFO: [ app_init ] --START--
INFO: Run Behavior\BuildLiteBehavior [ RunTime:0.000015s ]
INFO: [ app_init ] --END-- [ RunTime:0.000300s ]

[ 2016-11-25T10:39:19+08:00 ] 1.80.219.150 /cnconsum/index.php/Merchant/Business/glysz
INFO: [ app_init ] --START--
INFO: Run Behavior\BuildLiteBehavior [ RunTime:0.000018s ]
INFO: [ app_init ] --END-- [ RunTime:0.000290s ]

[ 2016-11-25T10:39:21+08:00 ] 1.80.219.150 /cnconsum/index.php/Merchant/Vip/vip
INFO: [ app_init ] --START--
INFO: Run Behavior\BuildLiteBehavior [ RunTime:0.000023s ]
INFO: [ app_init ] --END-- [ RunTime:0.000294s ]

[ 2016-11-25T10:44:52+08:00 ] 1.80.219.150 /cnconsum/index.php/Merchant/Vip/vip
INFO: [ app_init ] --START--
INFO: Run Behavior\BuildLiteBehavior [ RunTime:0.000036s ]
INFO: [ app_init ] --END-- [ RunTime:0.000373s ]

[ 2016-11-25T10:44:54+08:00 ] 1.80.219.150 /cnconsum/index.php/Merchant/Commodity/commodity
INFO: [ app_init ] --START--
INFO: Run Behavior\BuildLiteBehavior [ RunTime:0.000014s ]
INFO: [ app_init ] --END-- [ RunTime:0.000322s ]

[ 2016-11-25T10:50:50+08:00 ] 1.80.219.150 /cnconsum/index.php/Merchant/Commodity/commodity
INFO: [ app_init ] --START--
INFO: Run Behavior\BuildLiteBehavior [ RunTime:0.000013s ]
INFO: [ app_init ] --END-- [ RunTime:0.000260s ]

[ 2016-11-25T10:50:53+08:00 ] 1.80.219.150 /cnconsum/index.php/Merchant/Account/account
INFO: [ app_init ] --START--
INFO: Run Behavior\BuildLiteBehavior [ RunTime:0.000014s ]
INFO: [ app_init ] --END-- [ RunTime:0.000275s ]

[ 2016-11-25T10:50:59+08:00 ] 1.80.219.150 /cnconsum/index.php/Merchant/Business/glysz
INFO: [ app_init ] --START--
INFO: Run Behavior\BuildLiteBehavior [ RunTime:0.000019s ]
INFO: [ app_init ] --END-- [ RunTime:0.000383s ]

[ 2016-11-25T10:51:05+08:00 ] 1.80.219.150 /cnconsum/index.php/Merchant/Business/hyzgl
INFO: [ app_init ] --START--
INFO: Run Behavior\BuildLiteBehavior [ RunTime:0.000014s ]
INFO: [ app_init ] --END-- [ RunTime:0.000307s ]

[ 2016-11-25T10:51:11+08:00 ] 180.163.2.118 /cnconsum/index.php/Merchant/Account/account
INFO: [ app_init ] --START--
INFO: Run Behavior\BuildLiteBehavior [ RunTime:0.000022s ]
INFO: [ app_init ] --END-- [ RunTime:0.000391s ]

[ 2016-11-25T10:51:11+08:00 ] 1.80.219.150 /cnconsum/index.php/Merchant/Business/sjjs
INFO: [ app_init ] --START--
INFO: Run Behavior\BuildLiteBehavior [ RunTime:0.000014s ]
INFO: [ app_init ] --END-- [ RunTime:0.000256s ]
ERR: 非法操作:sjjs

[ 2016-11-25T10:51:15+08:00 ] 101.226.33.206 /cnconsum/index.php/Merchant/Business/hyzgl
INFO: [ app_init ] --START--
INFO: Run Behavior\BuildLiteBehavior [ RunTime:0.000018s ]
INFO: [ app_init ] --END-- [ RunTime:0.000389s ]

[ 2016-11-25T10:58:27+08:00 ] 1.80.219.150 /cnconsum/index.php/Merchant/Business/hyzgl
INFO: [ app_init ] --START--
INFO: Run Behavior\BuildLiteBehavior [ RunTime:0.000020s ]
INFO: [ app_init ] --END-- [ RunTime:0.000423s ]

[ 2016-11-25T10:58:30+08:00 ] 1.80.219.150 /cnconsum/index.php/Merchant/Business/glysz
INFO: [ app_init ] --START--
INFO: Run Behavior\BuildLiteBehavior [ RunTime:0.000014s ]
INFO: [ app_init ] --END-- [ RunTime:0.000276s ]

[ 2016-11-25T10:58:35+08:00 ] 1.80.219.150 /cnconsum/index.php/Merchant/Business/data
INFO: [ app_init ] --START--
INFO: Run Behavior\BuildLiteBehavior [ RunTime:0.000014s ]
INFO: [ app_init ] --END-- [ RunTime:0.000310s ]

[ 2016-11-25T10:58:48+08:00 ] 1.80.219.150 /cnconsum/index.php/Merchant/Business/datamore.html
INFO: [ app_init ] --START--
INFO: Run Behavior\BuildLiteBehavior [ RunTime:0.000015s ]
INFO: [ app_init ] --END-- [ RunTime:0.000296s ]

[ 2016-11-25T10:59:07+08:00 ] 101.226.79.182 /cnconsum/index.php/Merchant/Business/datamore.html
INFO: [ app_init ] --START--
INFO: Run Behavior\BuildLiteBehavior [ RunTime:0.000020s ]
INFO: [ app_init ] --END-- [ RunTime:0.000327s ]

[ 2016-11-25T11:00:54+08:00 ] 1.80.219.150 /cnconsum/index.php/Merchant/Business/datamore.html
INFO: [ app_init ] --START--
INFO: Run Behavior\BuildLiteBehavior [ RunTime:0.000014s ]
INFO: [ app_init ] --END-- [ RunTime:0.000280s ]

[ 2016-11-25T11:05:00+08:00 ] 1.80.219.150 /cnconsum/index.php/Merchant/Business/data
INFO: [ app_init ] --START--
INFO: Run Behavior\BuildLiteBehavior [ RunTime:0.000017s ]
INFO: [ app_init ] --END-- [ RunTime:0.000294s ]
ERR: 非法操作:data

[ 2016-11-25T11:05:08+08:00 ] 1.80.219.150 /cnconsum/index.php/Merchant/Business/glysz
INFO: [ app_init ] --START--
INFO: Run Behavior\BuildLiteBehavior [ RunTime:0.000019s ]
INFO: [ app_init ] --END-- [ RunTime:0.000297s ]

[ 2016-11-25T11:05:13+08:00 ] 1.80.219.150 /cnconsum/index.php/Merchant/Business/data
INFO: [ app_init ] --START--
INFO: Run Behavior\BuildLiteBehavior [ RunTime:0.000014s ]
INFO: [ app_init ] --END-- [ RunTime:0.000259s ]
ERR: 非法操作:data

[ 2016-11-25T11:05:18+08:00 ] 180.153.206.23 /cnconsum/index.php/Merchant/Business/glysz
INFO: [ app_init ] --START--
INFO: Run Behavior\BuildLiteBehavior [ RunTime:0.000018s ]
INFO: [ app_init ] --END-- [ RunTime:0.000353s ]

[ 2016-11-25T11:05:23+08:00 ] 140.207.124.105 /cnconsum/index.php/Merchant/Business/data
INFO: [ app_init ] --START--
INFO: Run Behavior\BuildLiteBehavior [ RunTime:0.000014s ]
INFO: [ app_init ] --END-- [ RunTime:0.000299s ]
ERR: 非法操作:data

[ 2016-11-25T11:05:38+08:00 ] 1.80.219.150 /cnconsum/index.php/Merchant/Business/data
INFO: [ app_init ] --START--
INFO: Run Behavior\BuildLiteBehavior [ RunTime:0.000014s ]
INFO: [ app_init ] --END-- [ RunTime:0.000308s ]
ERR: 非法操作:data

[ 2016-11-25T11:05:42+08:00 ] 1.80.219.150 /cnconsum/index.php/Merchant/Business/glysz
INFO: [ app_init ] --START--
INFO: Run Behavior\BuildLiteBehavior [ RunTime:0.000014s ]
INFO: [ app_init ] --END-- [ RunTime:0.000260s ]

[ 2016-11-25T11:05:44+08:00 ] 1.80.219.150 /cnconsum/index.php/Merchant/Business/data_bk
INFO: [ app_init ] --START--
INFO: Run Behavior\BuildLiteBehavior [ RunTime:0.000013s ]
INFO: [ app_init ] --END-- [ RunTime:0.000261s ]

[ 2016-11-25T11:13:51+08:00 ] 1.80.219.150 /cnconsum/Merchant/merchant/loginView
INFO: [ app_init ] --START--
INFO: Run Behavior\BuildLiteBehavior [ RunTime:0.000021s ]
INFO: [ app_init ] --END-- [ RunTime:0.000482s ]

[ 2016-11-25T11:20:41+08:00 ] 1.80.219.150 /cnconsum/index.php/Merchant/Business/data_bk
INFO: [ app_init ] --START--
INFO: Run Behavior\BuildLiteBehavior [ RunTime:0.000020s ]
INFO: [ app_init ] --END-- [ RunTime:0.000339s ]

[ 2016-11-25T11:20:50+08:00 ] 1.80.219.150 /cnconsum/index.php/Merchant/Business/data_bk
INFO: [ app_init ] --START--
INFO: Run Behavior\BuildLiteBehavior [ RunTime:0.000018s ]
INFO: [ app_init ] --END-- [ RunTime:0.000322s ]

[ 2016-11-25T11:20:55+08:00 ] 1.80.219.150 /cnconsum/index.php/Merchant/Business/data_bk
INFO: [ app_init ] --START--
INFO: Run Behavior\BuildLiteBehavior [ RunTime:0.000017s ]
INFO: [ app_init ] --END-- [ RunTime:0.000376s ]

[ 2016-11-25T11:20:59+08:00 ] 61.151.226.189 /cnconsum/index.php/Merchant/Business/data_bk
INFO: [ app_init ] --START--
INFO: Run Behavior\BuildLiteBehavior [ RunTime:0.000013s ]
INFO: [ app_init ] --END-- [ RunTime:0.000281s ]

[ 2016-11-25T11:21:00+08:00 ] 1.80.219.150 /cnconsum/index.php/Merchant/Business/data_bk
INFO: [ app_init ] --START--
INFO: Run Behavior\BuildLiteBehavior [ RunTime:0.000014s ]
INFO: [ app_init ] --END-- [ RunTime:0.000261s ]

[ 2016-11-25T11:29:17+08:00 ] 1.80.219.150 /cnconsum/index.php/Merchant/Business/data_bk
INFO: [ app_init ] --START--
INFO: Run Behavior\BuildLiteBehavior [ RunTime:0.000021s ]
INFO: [ app_init ] --END-- [ RunTime:0.000645s ]

[ 2016-11-25T11:29:25+08:00 ] 1.80.219.150 /cnconsum/index.php/Merchant/Business/data_bk
INFO: [ app_init ] --START--
INFO: Run Behavior\BuildLiteBehavior [ RunTime:0.000013s ]
INFO: [ app_init ] --END-- [ RunTime:0.000293s ]

[ 2016-11-25T11:29:27+08:00 ] 1.80.219.150 /cnconsum/index.php/Merchant/Business/data_bk
INFO: [ app_init ] --START--
INFO: Run Behavior\BuildLiteBehavior [ RunTime:0.000014s ]
INFO: [ app_init ] --END-- [ RunTime:0.000549s ]

[ 2016-11-25T11:29:29+08:00 ] 1.80.219.150 /cnconsum/index.php/Merchant/Business/data_bk
INFO: [ app_init ] --START--
INFO: Run Behavior\BuildLiteBehavior [ RunTime:0.000020s ]
INFO: [ app_init ] --END-- [ RunTime:0.000355s ]

[ 2016-11-25T11:29:35+08:00 ] 1.80.219.150 /cnconsum/index.php/Merchant/Business/data_bk
INFO: [ app_init ] --START--
INFO: Run Behavior\BuildLiteBehavior [ RunTime:0.000015s ]
INFO: [ app_init ] --END-- [ RunTime:0.000355s ]

[ 2016-11-25T11:29:38+08:00 ] 1.80.219.150 /cnconsum/index.php/Merchant/Business/data_bk
INFO: [ app_init ] --START--
INFO: Run Behavior\BuildLiteBehavior [ RunTime:0.000042s ]
INFO: [ app_init ] --END-- [ RunTime:0.000425s ]

[ 2016-11-25T11:29:39+08:00 ] 1.80.219.150 /cnconsum/index.php/Merchant/Business/data_bk
INFO: [ app_init ] --START--
INFO: Run Behavior\BuildLiteBehavior [ RunTime:0.000020s ]
INFO: [ app_init ] --END-- [ RunTime:0.000438s ]

[ 2016-11-25T11:29:58+08:00 ] 1.80.219.150 /cnconsum/index.php/Merchant/Business/glysz
INFO: [ app_init ] --START--
INFO: Run Behavior\BuildLiteBehavior [ RunTime:0.000014s ]
INFO: [ app_init ] --END-- [ RunTime:0.000269s ]

[ 2016-11-25T11:30:00+08:00 ] 1.80.219.150 /cnconsum/index.php/Merchant/DataReport/data_bk
INFO: [ app_init ] --START--
INFO: Run Behavior\BuildLiteBehavior [ RunTime:0.000015s ]
INFO: [ app_init ] --END-- [ RunTime:0.000305s ]

[ 2016-11-25T11:30:16+08:00 ] 101.226.66.180 /cnconsum/index.php/Merchant/DataReport/data_bk
INFO: [ app_init ] --START--
INFO: Run Behavior\BuildLiteBehavior [ RunTime:0.000014s ]
INFO: [ app_init ] --END-- [ RunTime:0.000305s ]

[ 2016-11-25T11:30:48+08:00 ] 1.80.219.150 /cnconsum/index.php/Merchant/DataReport/data_bk
INFO: [ app_init ] --START--
INFO: Run Behavior\BuildLiteBehavior [ RunTime:0.000023s ]
INFO: [ app_init ] --END-- [ RunTime:0.000341s ]

[ 2016-11-25T11:34:20+08:00 ] 1.80.219.150 /cnconsum/index.php/Merchant/DataReport/data_xk
INFO: [ app_init ] --START--
INFO: Run Behavior\BuildLiteBehavior [ RunTime:0.000016s ]
INFO: [ app_init ] --END-- [ RunTime:0.000285s ]
ERR: 非法操作:data_xk

[ 2016-11-25T11:34:37+08:00 ] 180.153.201.66 /cnconsum/index.php/Merchant/DataReport/data_xk
INFO: [ app_init ] --START--
INFO: Run Behavior\BuildLiteBehavior [ RunTime:0.000013s ]
INFO: [ app_init ] --END-- [ RunTime:0.000343s ]
ERR: 非法操作:data_xk

[ 2016-11-25T11:34:50+08:00 ] 1.80.219.150 /cnconsum/index.php/Merchant/DataReport/data_bk
INFO: [ app_init ] --START--
INFO: Run Behavior\BuildLiteBehavior [ RunTime:0.000014s ]
INFO: [ app_init ] --END-- [ RunTime:0.000282s ]

[ 2016-11-25T11:35:31+08:00 ] 1.80.219.150 /cnconsum/index.php/Merchant/DataReport/data_bk
INFO: [ app_init ] --START--
INFO: Run Behavior\BuildLiteBehavior [ RunTime:0.000020s ]
INFO: [ app_init ] --END-- [ RunTime:0.000447s ]

[ 2016-11-25T11:35:39+08:00 ] 1.80.219.150 /cnconsum/index.php/Merchant/Vip/vip
INFO: [ app_init ] --START--
INFO: Run Behavior\BuildLiteBehavior [ RunTime:0.000014s ]
INFO: [ app_init ] --END-- [ RunTime:0.000331s ]

[ 2016-11-25T11:35:43+08:00 ] 1.80.219.150 /cnconsum/index.php/Merchant/Business/glysz
INFO: [ app_init ] --START--
INFO: Run Behavior\BuildLiteBehavior [ RunTime:0.000015s ]
INFO: [ app_init ] --END-- [ RunTime:0.000296s ]

[ 2016-11-25T11:35:49+08:00 ] 1.80.219.150 /cnconsum/index.php/Merchant/Business/glysz
INFO: [ app_init ] --START--
INFO: Run Behavior\BuildLiteBehavior [ RunTime:0.000020s ]
INFO: [ app_init ] --END-- [ RunTime:0.000329s ]

[ 2016-11-25T11:35:54+08:00 ] 1.80.219.150 /cnconsum/index.php/Merchant/Business/sxed
INFO: [ app_init ] --START--
INFO: Run Behavior\BuildLiteBehavior [ RunTime:0.000019s ]
INFO: [ app_init ] --END-- [ RunTime:0.000430s ]

[ 2016-11-25T11:35:59+08:00 ] 1.80.219.150 /cnconsum/index.php/Merchant/Business/glysz
INFO: [ app_init ] --START--
INFO: Run Behavior\BuildLiteBehavior [ RunTime:0.000015s ]
INFO: [ app_init ] --END-- [ RunTime:0.000264s ]

[ 2016-11-25T11:36:02+08:00 ] 1.80.219.150 /cnconsum/index.php/Merchant/Business/glysz
INFO: [ app_init ] --START--
INFO: Run Behavior\BuildLiteBehavior [ RunTime:0.000013s ]
INFO: [ app_init ] --END-- [ RunTime:0.000286s ]

[ 2016-11-25T11:36:05+08:00 ] 1.80.219.150 /cnconsum/index.php/Merchant/Business/hyzgl
INFO: [ app_init ] --START--
INFO: Run Behavior\BuildLiteBehavior [ RunTime:0.000021s ]
INFO: [ app_init ] --END-- [ RunTime:0.000358s ]

[ 2016-11-25T11:36:11+08:00 ] 101.226.66.180 /cnconsum/index.php/Merchant/Business/sxed
INFO: [ app_init ] --START--
INFO: Run Behavior\BuildLiteBehavior [ RunTime:0.000016s ]
INFO: [ app_init ] --END-- [ RunTime:0.000378s ]

[ 2016-11-25T11:36:25+08:00 ] 1.80.219.150 /cnconsum/index.php/Merchant/DataReport/data_bk
INFO: [ app_init ] --START--
INFO: Run Behavior\BuildLiteBehavior [ RunTime:0.000013s ]
INFO: [ app_init ] --END-- [ RunTime:0.000284s ]

[ 2016-11-25T11:37:29+08:00 ] 1.80.219.150 /cnconsum/index.php/Merchant/DataReport/data_bk
INFO: [ app_init ] --START--
INFO: Run Behavior\BuildLiteBehavior [ RunTime:0.000013s ]
INFO: [ app_init ] --END-- [ RunTime:0.000352s ]

[ 2016-11-25T11:37:33+08:00 ] 1.80.219.150 /cnconsum/index.php/Merchant/Business/zjtx
INFO: [ app_init ] --START--
INFO: Run Behavior\BuildLiteBehavior [ RunTime:0.000015s ]
INFO: [ app_init ] --END-- [ RunTime:0.000300s ]

[ 2016-11-25T11:37:37+08:00 ] 1.80.219.150 /cnconsum/index.php/Merchant/DataReport/data_bk
INFO: [ app_init ] --START--
INFO: Run Behavior\BuildLiteBehavior [ RunTime:0.000020s ]
INFO: [ app_init ] --END-- [ RunTime:0.000512s ]

[ 2016-11-25T11:37:48+08:00 ] 180.153.206.21 /cnconsum/index.php/Merchant/Business/zjtx
INFO: [ app_init ] --START--
INFO: Run Behavior\BuildLiteBehavior [ RunTime:0.000013s ]
INFO: [ app_init ] --END-- [ RunTime:0.000275s ]

[ 2016-11-25T11:40:51+08:00 ] 1.80.219.150 /cnconsum/index.php/Merchant/DataReport/data_bk
INFO: [ app_init ] --START--
INFO: Run Behavior\BuildLiteBehavior [ RunTime:0.000021s ]
INFO: [ app_init ] --END-- [ RunTime:0.000403s ]

[ 2016-11-25T11:40:53+08:00 ] 1.80.219.150 /cnconsum/index.php/Merchant/DataReport/data_xj
INFO: [ app_init ] --START--
INFO: Run Behavior\BuildLiteBehavior [ RunTime:0.000016s ]
INFO: [ app_init ] --END-- [ RunTime:0.000359s ]

[ 2016-11-25T11:41:11+08:00 ] 180.163.2.119 /cnconsum/index.php/Merchant/DataReport/data_xj
INFO: [ app_init ] --START--
INFO: Run Behavior\BuildLiteBehavior [ RunTime:0.000025s ]
INFO: [ app_init ] --END-- [ RunTime:0.000306s ]

[ 2016-11-25T11:42:33+08:00 ] 1.80.219.150 /cnconsum/index.php/Merchant/DataReport/data_xj
INFO: [ app_init ] --START--
INFO: Run Behavior\BuildLiteBehavior [ RunTime:0.000017s ]
INFO: [ app_init ] --END-- [ RunTime:0.000333s ]

[ 2016-11-25T11:43:09+08:00 ] 1.80.219.150 /cnconsum/index.php/Merchant/DataReport/data_xj
INFO: [ app_init ] --START--
INFO: Run Behavior\BuildLiteBehavior [ RunTime:0.000027s ]
INFO: [ app_init ] --END-- [ RunTime:0.000496s ]

[ 2016-11-25T11:43:46+08:00 ] 1.80.219.150 /cnconsum/index.php/Merchant/Business/zjtx
INFO: [ app_init ] --START--
INFO: Run Behavior\BuildLiteBehavior [ RunTime:0.000017s ]
INFO: [ app_init ] --END-- [ RunTime:0.000316s ]

[ 2016-11-25T11:43:54+08:00 ] 1.80.219.150 /cnconsum/index.php/Merchant/Business/txmx.html
INFO: [ app_init ] --START--
INFO: Run Behavior\BuildLiteBehavior [ RunTime:0.000014s ]
INFO: [ app_init ] --END-- [ RunTime:0.000297s ]

[ 2016-11-25T11:44:14+08:00 ] 1.80.219.150 /cnconsum/index.php/Merchant/Vip/vip
INFO: [ app_init ] --START--
INFO: Run Behavior\BuildLiteBehavior [ RunTime:0.000022s ]
INFO: [ app_init ] --END-- [ RunTime:0.000535s ]

[ 2016-11-25T11:44:23+08:00 ] 1.80.219.150 /cnconsum/index.php/Merchant/Commodity/commodity
INFO: [ app_init ] --START--
INFO: Run Behavior\BuildLiteBehavior [ RunTime:0.000014s ]
INFO: [ app_init ] --END-- [ RunTime:0.000277s ]

[ 2016-11-25T11:45:19+08:00 ] 1.80.219.150 /cnconsum/index.php/Merchant/Account/account
INFO: [ app_init ] --START--
INFO: Run Behavior\BuildLiteBehavior [ RunTime:0.000020s ]
INFO: [ app_init ] --END-- [ RunTime:0.000331s ]

[ 2016-11-25T11:45:22+08:00 ] 1.80.219.150 /cnconsum/index.php/Merchant/Vip/vip
INFO: [ app_init ] --START--
INFO: Run Behavior\BuildLiteBehavior [ RunTime:0.000015s ]
INFO: [ app_init ] --END-- [ RunTime:0.000268s ]

[ 2016-11-25T11:45:24+08:00 ] 1.80.219.150 /cnconsum/index.php/Merchant/Account/account
INFO: [ app_init ] --START--
INFO: Run Behavior\BuildLiteBehavior [ RunTime:0.000019s ]
INFO: [ app_init ] --END-- [ RunTime:0.000367s ]

[ 2016-11-25T11:45:30+08:00 ] 1.80.219.150 /cnconsum/index.php/Merchant/Vip/vip
INFO: [ app_init ] --START--
INFO: Run Behavior\BuildLiteBehavior [ RunTime:0.000022s ]
INFO: [ app_init ] --END-- [ RunTime:0.000419s ]

[ 2016-11-25T11:45:32+08:00 ] 1.80.219.150 /cnconsum/index.php/Merchant/Vip/vip
INFO: [ app_init ] --START--
INFO: Run Behavior\BuildLiteBehavior [ RunTime:0.000014s ]
INFO: [ app_init ] --END-- [ RunTime:0.000264s ]

[ 2016-11-25T11:45:37+08:00 ] 1.80.219.150 /cnconsum/index.php/Merchant/Account/account
INFO: [ app_init ] --START--
INFO: Run Behavior\BuildLiteBehavior [ RunTime:0.000015s ]
INFO: [ app_init ] --END-- [ RunTime:0.000315s ]

[ 2016-11-25T11:46:19+08:00 ] 1.80.219.150 /cnconsum/index.php/Merchant/Commodity/commodity
INFO: [ app_init ] --START--
INFO: Run Behavior\BuildLiteBehavior [ RunTime:0.000013s ]
INFO: [ app_init ] --END-- [ RunTime:0.000334s ]

[ 2016-11-25T11:46:21+08:00 ] 1.80.219.150 /cnconsum/index.php/Merchant/Vip/vip
INFO: [ app_init ] --START--
INFO: Run Behavior\BuildLiteBehavior [ RunTime:0.000014s ]
INFO: [ app_init ] --END-- [ RunTime:0.000261s ]

[ 2016-11-25T11:46:22+08:00 ] 1.80.219.150 /cnconsum/index.php/Merchant/Commodity/commodity
INFO: [ app_init ] --START--
INFO: Run Behavior\BuildLiteBehavior [ RunTime:0.000013s ]
INFO: [ app_init ] --END-- [ RunTime:0.000282s ]

[ 2016-11-25T11:46:28+08:00 ] 1.80.219.150 /cnconsum/index.php/Merchant/Vip/vip
INFO: [ app_init ] --START--
INFO: Run Behavior\BuildLiteBehavior [ RunTime:0.000017s ]
INFO: [ app_init ] --END-- [ RunTime:0.000280s ]

[ 2016-11-25T11:47:25+08:00 ] 1.80.219.150 /cnconsum/index.php/Merchant/Commodity/commodity
INFO: [ app_init ] --START--
INFO: Run Behavior\BuildLiteBehavior [ RunTime:0.000014s ]
INFO: [ app_init ] --END-- [ RunTime:0.000332s ]

[ 2016-11-25T11:48:48+08:00 ] 1.80.219.150 /cnconsum/index.php/Merchant/Vip/vip
INFO: [ app_init ] --START--
INFO: Run Behavior\BuildLiteBehavior [ RunTime:0.000019s ]
INFO: [ app_init ] --END-- [ RunTime:0.000341s ]

[ 2016-11-25T11:48:55+08:00 ] 1.80.219.150 /cnconsum/index.php/Merchant/Commodity/commodity
INFO: [ app_init ] --START--
INFO: Run Behavior\BuildLiteBehavior [ RunTime:0.000028s ]
INFO: [ app_init ] --END-- [ RunTime:0.000536s ]

[ 2016-11-25T11:49:00+08:00 ] 1.80.219.150 /cnconsum/index.php/Merchant/Account/account
INFO: [ app_init ] --START--
INFO: Run Behavior\BuildLiteBehavior [ RunTime:0.000015s ]
INFO: [ app_init ] --END-- [ RunTime:0.000291s ]

[ 2016-11-25T11:49:07+08:00 ] 1.80.219.150 /cnconsum/index.php/Merchant/Vip/vip
INFO: [ app_init ] --START--
INFO: Run Behavior\BuildLiteBehavior [ RunTime:0.000014s ]
INFO: [ app_init ] --END-- [ RunTime:0.000278s ]

[ 2016-11-25T11:49:18+08:00 ] 101.226.66.179 /cnconsum/index.php/Merchant/Account/account
INFO: [ app_init ] --START--
INFO: Run Behavior\BuildLiteBehavior [ RunTime:0.000020s ]
INFO: [ app_init ] --END-- [ RunTime:0.000390s ]

[ 2016-11-25T11:49:21+08:00 ] 1.80.219.150 /cnconsum/index.php/Merchant/Commodity/commodity
INFO: [ app_init ] --START--
INFO: Run Behavior\BuildLiteBehavior [ RunTime:0.000021s ]
INFO: [ app_init ] --END-- [ RunTime:0.000385s ]

[ 2016-11-25T13:45:43+08:00 ] 1.80.219.150 /cnconsum/index.php/Merchant/Vip/vip
INFO: [ app_init ] --START--
INFO: Run Behavior\BuildLiteBehavior [ RunTime:0.000015s ]
INFO: [ app_init ] --END-- [ RunTime:0.000342s ]

[ 2016-11-25T13:49:26+08:00 ] 1.80.219.150 /cnconsum/index.php/Merchant/Commodity/commodity
INFO: [ app_init ] --START--
INFO: Run Behavior\BuildLiteBehavior [ RunTime:0.000021s ]
INFO: [ app_init ] --END-- [ RunTime:0.000378s ]

[ 2016-11-25T13:49:36+08:00 ] 1.80.219.150 /cnconsum/index.php/Merchant/Business/hyzgl
INFO: [ app_init ] --START--
INFO: Run Behavior\BuildLiteBehavior [ RunTime:0.000014s ]
INFO: [ app_init ] --END-- [ RunTime:0.000271s ]

[ 2016-11-25T13:49:47+08:00 ] 1.80.219.150 /cnconsum/index.php/Merchant/Business/hyzgl
INFO: [ app_init ] --START--
INFO: Run Behavior\BuildLiteBehavior [ RunTime:0.000017s ]
INFO: [ app_init ] --END-- [ RunTime:0.000328s ]

[ 2016-11-25T13:49:50+08:00 ] 1.80.219.150 /cnconsum/index.php/Merchant/Business/glysz
INFO: [ app_init ] --START--
INFO: Run Behavior\BuildLiteBehavior [ RunTime:0.000019s ]
INFO: [ app_init ] --END-- [ RunTime:0.000336s ]

[ 2016-11-25T13:56:37+08:00 ] 1.80.219.150 /cnconsum/index.php/Merchant/Vip/vip
INFO: [ app_init ] --START--
INFO: Run Behavior\BuildLiteBehavior [ RunTime:0.000018s ]
INFO: [ app_init ] --END-- [ RunTime:0.000305s ]

[ 2016-11-25T14:44:48+08:00 ] 1.80.219.150 /cnconsum/index.php/Merchant/Vip/vip
INFO: [ app_init ] --START--
INFO: Run Behavior\BuildLiteBehavior [ RunTime:0.000022s ]
INFO: [ app_init ] --END-- [ RunTime:0.000350s ]
ERR: 1054:Unknown column 'cn_user.uid' in 'on clause'
 [ SQL语句 ] : SELECT COUNT(*) AS tp_count FROM `cn_user_card` INNER JOIN cn_user ON cn_user.uid = cn_user_card.user  GROUP BY user LIMIT 1  

[ 2016-11-25T14:46:04+08:00 ] 1.80.219.150 /cnconsum/index.php/Merchant/Vip/vip
INFO: [ app_init ] --START--
INFO: Run Behavior\BuildLiteBehavior [ RunTime:0.000013s ]
INFO: [ app_init ] --END-- [ RunTime:0.000320s ]
ERR: 模板不存在:./Project/Merchant/View/Vip/vip.html

[ 2016-11-25T14:47:24+08:00 ] 1.80.219.150 /cnconsum/index.php/Merchant/Vip/vip
INFO: [ app_init ] --START--
INFO: Run Behavior\BuildLiteBehavior [ RunTime:0.000014s ]
INFO: [ app_init ] --END-- [ RunTime:0.000261s ]

[ 2016-11-25T14:48:49+08:00 ] 1.80.219.150 /cnconsum/index.php/Merchant/Vip/vip
INFO: [ app_init ] --START--
INFO: Run Behavior\BuildLiteBehavior [ RunTime:0.000014s ]
INFO: [ app_init ] --END-- [ RunTime:0.000296s ]

[ 2016-11-25T14:49:28+08:00 ] 1.80.219.150 /cnconsum/index.php/Merchant/Vip/vip
INFO: [ app_init ] --START--
INFO: Run Behavior\BuildLiteBehavior [ RunTime:0.000015s ]
INFO: [ app_init ] --END-- [ RunTime:0.000335s ]

[ 2016-11-25T14:52:38+08:00 ] 1.80.219.150 /cnconsum/index.php/Merchant/Vip/vip
INFO: [ app_init ] --START--
INFO: Run Behavior\BuildLiteBehavior [ RunTime:0.000019s ]
INFO: [ app_init ] --END-- [ RunTime:0.000269s ]

[ 2016-11-25T14:52:38+08:00 ] 1.80.219.150 /cnconsum/index.php/Merchant/Vip/vip
INFO: [ app_init ] --START--
INFO: Run Behavior\BuildLiteBehavior [ RunTime:0.000017s ]
INFO: [ app_init ] --END-- [ RunTime:0.000313s ]

[ 2016-11-25T14:53:01+08:00 ] 1.80.219.150 /cnconsum/index.php/Merchant/Vip/vip
INFO: [ app_init ] --START--
INFO: Run Behavior\BuildLiteBehavior [ RunTime:0.000020s ]
INFO: [ app_init ] --END-- [ RunTime:0.000377s ]

[ 2016-11-25T14:57:16+08:00 ] 1.80.219.150 /cnconsum/index.php/Merchant/Vip/vip
INFO: [ app_init ] --START--
INFO: Run Behavior\BuildLiteBehavior [ RunTime:0.000020s ]
INFO: [ app_init ] --END-- [ RunTime:0.000407s ]

[ 2016-11-25T14:57:54+08:00 ] 1.80.219.150 /cnconsum/index.php/Merchant/Vip/vip
INFO: [ app_init ] --START--
INFO: Run Behavior\BuildLiteBehavior [ RunTime:0.000019s ]
INFO: [ app_init ] --END-- [ RunTime:0.000379s ]

[ 2016-11-25T14:59:12+08:00 ] 1.80.219.150 /cnconsum/index.php/Merchant/Vip/vip
INFO: [ app_init ] --START--
INFO: Run Behavior\BuildLiteBehavior [ RunTime:0.000016s ]
INFO: [ app_init ] --END-- [ RunTime:0.000307s ]

[ 2016-11-25T15:00:28+08:00 ] 1.80.219.150 /cnconsum/index.php/Merchant/Vip/vip
INFO: [ app_init ] --START--
INFO: Run Behavior\BuildLiteBehavior [ RunTime:0.000013s ]
INFO: [ app_init ] --END-- [ RunTime:0.000257s ]

[ 2016-11-25T15:01:11+08:00 ] 1.80.219.150 /cnconsum/index.php/Merchant/Vip/vip
INFO: [ app_init ] --START--
INFO: Run Behavior\BuildLiteBehavior [ RunTime:0.000015s ]
INFO: [ app_init ] --END-- [ RunTime:0.000364s ]

[ 2016-11-25T15:01:15+08:00 ] 1.80.219.150 /cnconsum/index.php/Merchant/Vip/vip
INFO: [ app_init ] --START--
INFO: Run Behavior\BuildLiteBehavior [ RunTime:0.000015s ]
INFO: [ app_init ] --END-- [ RunTime:0.000266s ]
INFO: [ app_begin ] --START--
INFO: Run Behavior\ReadHtmlCacheBehavior [ RunTime:0.000393s ]
INFO: [ app_begin ] --END-- [ RunTime:0.000447s ]
SQL: SHOW COLUMNS FROM `cn_user_card` [ RunTime:0.0009s ]
SQL: SELECT COUNT(*) AS tp_count FROM `cn_user_card` INNER JOIN cn_user ON cn_user.uuid = cn_user_card.user  LIMIT 1   [ RunTime:0.0004s ]
SQL: SELECT `nickname`,`sex`,`phone`,`card_code`,`card_level`,`card_remain`,`address`,`headImage` FROM `cn_user_card` INNER JOIN cn_user ON cn_user.uuid = cn_user_card.user  GROUP BY user LIMIT 1,1   [ RunTime:0.0003s ]

[ 2016-11-25T15:01:16+08:00 ] 1.80.219.150 /cnconsum/index.php/Merchant/Vip/vip
INFO: [ app_init ] --START--
INFO: Run Behavior\BuildLiteBehavior [ RunTime:0.000016s ]
INFO: [ app_init ] --END-- [ RunTime:0.000318s ]
INFO: [ app_begin ] --START--
INFO: Run Behavior\ReadHtmlCacheBehavior [ RunTime:0.000403s ]
INFO: [ app_begin ] --END-- [ RunTime:0.000449s ]
SQL: SHOW COLUMNS FROM `cn_user_card` [ RunTime:0.0008s ]
SQL: SELECT COUNT(*) AS tp_count FROM `cn_user_card` INNER JOIN cn_user ON cn_user.uuid = cn_user_card.user  LIMIT 1   [ RunTime:0.0005s ]
SQL: SELECT `nickname`,`sex`,`phone`,`card_code`,`card_level`,`card_remain`,`address`,`headImage` FROM `cn_user_card` INNER JOIN cn_user ON cn_user.uuid = cn_user_card.user  GROUP BY user LIMIT 1,1   [ RunTime:0.0004s ]

[ 2016-11-25T15:01:17+08:00 ] 1.80.219.150 /cnconsum/index.php/Merchant/Vip/vip
INFO: [ app_init ] --START--
INFO: Run Behavior\BuildLiteBehavior [ RunTime:0.000023s ]
INFO: [ app_init ] --END-- [ RunTime:0.000359s ]
INFO: [ app_begin ] --START--
INFO: Run Behavior\ReadHtmlCacheBehavior [ RunTime:0.000448s ]
INFO: [ app_begin ] --END-- [ RunTime:0.000489s ]
SQL: SHOW COLUMNS FROM `cn_user_card` [ RunTime:0.0008s ]
SQL: SELECT COUNT(*) AS tp_count FROM `cn_user_card` INNER JOIN cn_user ON cn_user.uuid = cn_user_card.user  LIMIT 1   [ RunTime:0.0004s ]
SQL: SELECT `nickname`,`sex`,`phone`,`card_code`,`card_level`,`card_remain`,`address`,`headImage` FROM `cn_user_card` INNER JOIN cn_user ON cn_user.uuid = cn_user_card.user  GROUP BY user LIMIT 1,1   [ RunTime:0.0005s ]

[ 2016-11-25T15:04:21+08:00 ] 1.80.219.150 /cnconsum/index.php/Merchant/Vip/vip
INFO: [ app_init ] --START--
INFO: Run Behavior\BuildLiteBehavior [ RunTime:0.000015s ]
INFO: [ app_init ] --END-- [ RunTime:0.000268s ]

[ 2016-11-25T15:04:29+08:00 ] 1.80.219.150 /cnconsum/index.php/Merchant/Vip/vip
INFO: [ app_init ] --START--
INFO: Run Behavior\BuildLiteBehavior [ RunTime:0.000019s ]
INFO: [ app_init ] --END-- [ RunTime:0.000433s ]
INFO: [ app_begin ] --START--
INFO: Run Behavior\ReadHtmlCacheBehavior [ RunTime:0.000379s ]
INFO: [ app_begin ] --END-- [ RunTime:0.000422s ]
SQL: SHOW COLUMNS FROM `cn_user_card` [ RunTime:0.0007s ]
SQL: SELECT COUNT(*) AS tp_count FROM `cn_user_card` INNER JOIN cn_user ON cn_user.uuid = cn_user_card.user  LIMIT 1   [ RunTime:0.0004s ]
SQL: SELECT `nickname`,`sex`,`phone`,`card_code`,`card_level`,`card_remain`,`address`,`headImage` FROM `cn_user_card` INNER JOIN cn_user ON cn_user.uuid = cn_user_card.user  GROUP BY user LIMIT 1,1   [ RunTime:0.0003s ]

[ 2016-11-25T15:04:31+08:00 ] 1.80.219.150 /cnconsum/index.php/Merchant/Vip/vip
INFO: [ app_init ] --START--
INFO: Run Behavior\BuildLiteBehavior [ RunTime:0.000016s ]
INFO: [ app_init ] --END-- [ RunTime:0.000405s ]
INFO: [ app_begin ] --START--
INFO: Run Behavior\ReadHtmlCacheBehavior [ RunTime:0.000487s ]
INFO: [ app_begin ] --END-- [ RunTime:0.000540s ]
SQL: SHOW COLUMNS FROM `cn_user_card` [ RunTime:0.0007s ]
SQL: SELECT COUNT(*) AS tp_count FROM `cn_user_card` INNER JOIN cn_user ON cn_user.uuid = cn_user_card.user  LIMIT 1   [ RunTime:0.0004s ]
SQL: SELECT `nickname`,`sex`,`phone`,`card_code`,`card_level`,`card_remain`,`address`,`headImage` FROM `cn_user_card` INNER JOIN cn_user ON cn_user.uuid = cn_user_card.user  GROUP BY user LIMIT 1,1   [ RunTime:0.0003s ]

[ 2016-11-25T15:04:36+08:00 ] 1.80.219.150 /cnconsum/index.php/Merchant/Vip/vip
INFO: [ app_init ] --START--
INFO: Run Behavior\BuildLiteBehavior [ RunTime:0.000014s ]
INFO: [ app_init ] --END-- [ RunTime:0.000264s ]

[ 2016-11-25T15:04:41+08:00 ] 1.80.219.150 /cnconsum/index.php/Merchant/Vip/vip
INFO: [ app_init ] --START--
INFO: Run Behavior\BuildLiteBehavior [ RunTime:0.000023s ]
INFO: [ app_init ] --END-- [ RunTime:0.000350s ]
INFO: [ app_begin ] --START--
INFO: Run Behavior\ReadHtmlCacheBehavior [ RunTime:0.000370s ]
INFO: [ app_begin ] --END-- [ RunTime:0.000412s ]
SQL: SHOW COLUMNS FROM `cn_user_card` [ RunTime:0.0009s ]
SQL: SELECT COUNT(*) AS tp_count FROM `cn_user_card` INNER JOIN cn_user ON cn_user.uuid = cn_user_card.user  LIMIT 1   [ RunTime:0.0004s ]
SQL: SELECT `nickname`,`sex`,`phone`,`card_code`,`card_level`,`card_remain`,`address`,`headImage` FROM `cn_user_card` INNER JOIN cn_user ON cn_user.uuid = cn_user_card.user  GROUP BY user LIMIT 1,1   [ RunTime:0.0004s ]

[ 2016-11-25T15:04:42+08:00 ] 1.80.219.150 /cnconsum/index.php/Merchant/Vip/vip
INFO: [ app_init ] --START--
INFO: Run Behavior\BuildLiteBehavior [ RunTime:0.000014s ]
INFO: [ app_init ] --END-- [ RunTime:0.000259s ]
INFO: [ app_begin ] --START--
INFO: Run Behavior\ReadHtmlCacheBehavior [ RunTime:0.000316s ]
INFO: [ app_begin ] --END-- [ RunTime:0.000363s ]
SQL: SHOW COLUMNS FROM `cn_user_card` [ RunTime:0.0007s ]
SQL: SELECT COUNT(*) AS tp_count FROM `cn_user_card` INNER JOIN cn_user ON cn_user.uuid = cn_user_card.user  LIMIT 1   [ RunTime:0.0003s ]
SQL: SELECT `nickname`,`sex`,`phone`,`card_code`,`card_level`,`card_remain`,`address`,`headImage` FROM `cn_user_card` INNER JOIN cn_user ON cn_user.uuid = cn_user_card.user  GROUP BY user LIMIT 1,1   [ RunTime:0.0006s ]

[ 2016-11-25T15:04:43+08:00 ] 1.80.219.150 /cnconsum/index.php/Merchant/Vip/vip
INFO: [ app_init ] --START--
INFO: Run Behavior\BuildLiteBehavior [ RunTime:0.000020s ]
INFO: [ app_init ] --END-- [ RunTime:0.000410s ]
INFO: [ app_begin ] --START--
INFO: Run Behavior\ReadHtmlCacheBehavior [ RunTime:0.000511s ]
INFO: [ app_begin ] --END-- [ RunTime:0.000571s ]
SQL: SHOW COLUMNS FROM `cn_user_card` [ RunTime:0.0007s ]
SQL: SELECT COUNT(*) AS tp_count FROM `cn_user_card` INNER JOIN cn_user ON cn_user.uuid = cn_user_card.user  LIMIT 1   [ RunTime:0.0004s ]
SQL: SELECT `nickname`,`sex`,`phone`,`card_code`,`card_level`,`card_remain`,`address`,`headImage` FROM `cn_user_card` INNER JOIN cn_user ON cn_user.uuid = cn_user_card.user  GROUP BY user LIMIT 2,1   [ RunTime:0.0003s ]

[ 2016-11-25T15:04:44+08:00 ] 1.80.219.150 /cnconsum/index.php/Merchant/Vip/vip
INFO: [ app_init ] --START--
INFO: Run Behavior\BuildLiteBehavior [ RunTime:0.000020s ]
INFO: [ app_init ] --END-- [ RunTime:0.000423s ]
INFO: [ app_begin ] --START--
INFO: Run Behavior\ReadHtmlCacheBehavior [ RunTime:0.000518s ]
INFO: [ app_begin ] --END-- [ RunTime:0.000575s ]
SQL: SHOW COLUMNS FROM `cn_user_card` [ RunTime:0.0008s ]
SQL: SELECT COUNT(*) AS tp_count FROM `cn_user_card` INNER JOIN cn_user ON cn_user.uuid = cn_user_card.user  LIMIT 1   [ RunTime:0.0004s ]
SQL: SELECT `nickname`,`sex`,`phone`,`card_code`,`card_level`,`card_remain`,`address`,`headImage` FROM `cn_user_card` INNER JOIN cn_user ON cn_user.uuid = cn_user_card.user  GROUP BY user LIMIT 1,1   [ RunTime:0.0004s ]

[ 2016-11-25T15:05:11+08:00 ] 1.80.219.150 /cnconsum/index.php/Merchant/Vip/vip
INFO: [ app_init ] --START--
INFO: Run Behavior\BuildLiteBehavior [ RunTime:0.000019s ]
INFO: [ app_init ] --END-- [ RunTime:0.000401s ]

[ 2016-11-25T15:05:13+08:00 ] 1.80.219.150 /cnconsum/index.php/Merchant/Vip/vip
INFO: [ app_init ] --START--
INFO: Run Behavior\BuildLiteBehavior [ RunTime:0.000015s ]
INFO: [ app_init ] --END-- [ RunTime:0.000343s ]
INFO: [ app_begin ] --START--
INFO: Run Behavior\ReadHtmlCacheBehavior [ RunTime:0.000350s ]
INFO: [ app_begin ] --END-- [ RunTime:0.000396s ]
SQL: SHOW COLUMNS FROM `cn_user_card` [ RunTime:0.0008s ]
SQL: SELECT COUNT(*) AS tp_count FROM `cn_user_card` INNER JOIN cn_user ON cn_user.uuid = cn_user_card.user  LIMIT 1   [ RunTime:0.0004s ]
SQL: SELECT `nickname`,`sex`,`phone`,`card_code`,`card_level`,`card_remain`,`address`,`headImage` FROM `cn_user_card` INNER JOIN cn_user ON cn_user.uuid = cn_user_card.user  LIMIT 1,1   [ RunTime:0.0003s ]

[ 2016-11-25T15:05:14+08:00 ] 1.80.219.150 /cnconsum/index.php/Merchant/Vip/vip
INFO: [ app_init ] --START--
INFO: Run Behavior\BuildLiteBehavior [ RunTime:0.000015s ]
INFO: [ app_init ] --END-- [ RunTime:0.000308s ]
INFO: [ app_begin ] --START--
INFO: Run Behavior\ReadHtmlCacheBehavior [ RunTime:0.000341s ]
INFO: [ app_begin ] --END-- [ RunTime:0.000381s ]
SQL: SHOW COLUMNS FROM `cn_user_card` [ RunTime:0.0008s ]
SQL: SELECT COUNT(*) AS tp_count FROM `cn_user_card` INNER JOIN cn_user ON cn_user.uuid = cn_user_card.user  LIMIT 1   [ RunTime:0.0004s ]
SQL: SELECT `nickname`,`sex`,`phone`,`card_code`,`card_level`,`card_remain`,`address`,`headImage` FROM `cn_user_card` INNER JOIN cn_user ON cn_user.uuid = cn_user_card.user  LIMIT 1,1   [ RunTime:0.0003s ]

[ 2016-11-25T15:05:15+08:00 ] 1.80.219.150 /cnconsum/index.php/Merchant/Vip/vip
INFO: [ app_init ] --START--
INFO: Run Behavior\BuildLiteBehavior [ RunTime:0.000021s ]
INFO: [ app_init ] --END-- [ RunTime:0.000406s ]
INFO: [ app_begin ] --START--
INFO: Run Behavior\ReadHtmlCacheBehavior [ RunTime:0.000500s ]
INFO: [ app_begin ] --END-- [ RunTime:0.000577s ]
SQL: SHOW COLUMNS FROM `cn_user_card` [ RunTime:0.0007s ]
SQL: SELECT COUNT(*) AS tp_count FROM `cn_user_card` INNER JOIN cn_user ON cn_user.uuid = cn_user_card.user  LIMIT 1   [ RunTime:0.0003s ]
SQL: SELECT `nickname`,`sex`,`phone`,`card_code`,`card_level`,`card_remain`,`address`,`headImage` FROM `cn_user_card` INNER JOIN cn_user ON cn_user.uuid = cn_user_card.user  LIMIT 1,1   [ RunTime:0.0002s ]

[ 2016-11-25T15:06:37+08:00 ] 1.80.219.150 /cnconsum/index.php/Merchant/Vip/vip
INFO: [ app_init ] --START--
INFO: Run Behavior\BuildLiteBehavior [ RunTime:0.000021s ]
INFO: [ app_init ] --END-- [ RunTime:0.000532s ]

[ 2016-11-25T15:06:48+08:00 ] 1.80.219.150 /cnconsum/index.php/Merchant/Vip/vip
INFO: [ app_init ] --START--
INFO: Run Behavior\BuildLiteBehavior [ RunTime:0.000013s ]
INFO: [ app_init ] --END-- [ RunTime:0.000337s ]
INFO: [ app_begin ] --START--
INFO: Run Behavior\ReadHtmlCacheBehavior [ RunTime:0.000399s ]
INFO: [ app_begin ] --END-- [ RunTime:0.000449s ]
SQL: SHOW COLUMNS FROM `cn_user_card` [ RunTime:0.0007s ]
SQL: SELECT COUNT(*) AS tp_count FROM `cn_user_card` INNER JOIN cn_user ON cn_user.uuid = cn_user_card.user  LIMIT 1   [ RunTime:0.0004s ]
SQL: SELECT `nickname`,`sex`,`phone`,`card_code`,`card_level`,`card_remain`,`address`,`headImage` FROM `cn_user_card` INNER JOIN cn_user ON cn_user.uuid = cn_user_card.user  LIMIT 1,1   [ RunTime:0.0003s ]

[ 2016-11-25T15:08:14+08:00 ] 1.80.219.150 /cnconsum/index.php/Merchant/Vip/vip
INFO: [ app_init ] --START--
INFO: Run Behavior\BuildLiteBehavior [ RunTime:0.000021s ]
INFO: [ app_init ] --END-- [ RunTime:0.000390s ]

[ 2016-11-25T15:08:15+08:00 ] 1.80.219.150 /cnconsum/index.php/Merchant/Vip/vip
INFO: [ app_init ] --START--
INFO: Run Behavior\BuildLiteBehavior [ RunTime:0.000020s ]
INFO: [ app_init ] --END-- [ RunTime:0.000478s ]
INFO: [ app_begin ] --START--
INFO: Run Behavior\ReadHtmlCacheBehavior [ RunTime:0.000542s ]
INFO: [ app_begin ] --END-- [ RunTime:0.000605s ]
SQL: SHOW COLUMNS FROM `cn_user_card` [ RunTime:0.0009s ]
SQL: SELECT COUNT(*) AS tp_count FROM `cn_user_card` INNER JOIN cn_user ON cn_user.uuid = cn_user_card.user  LIMIT 1   [ RunTime:0.0007s ]
SQL: SELECT `nickname`,`sex`,`phone`,`card_code`,`card_level`,`card_remain`,`address`,`headImage` FROM `cn_user_card` INNER JOIN cn_user ON cn_user.uuid = cn_user_card.user  LIMIT 1,1   [ RunTime:0.0004s ]

[ 2016-11-25T15:11:31+08:00 ] 1.80.219.150 /cnconsum/index.php/Merchant/Vip/vip
INFO: [ app_init ] --START--
INFO: Run Behavior\BuildLiteBehavior [ RunTime:0.000016s ]
INFO: [ app_init ] --END-- [ RunTime:0.000303s ]

[ 2016-11-25T15:11:33+08:00 ] 1.80.219.150 /cnconsum/index.php/Merchant/Vip/vip
INFO: [ app_init ] --START--
INFO: Run Behavior\BuildLiteBehavior [ RunTime:0.000014s ]
INFO: [ app_init ] --END-- [ RunTime:0.000304s ]
INFO: [ app_begin ] --START--
INFO: Run Behavior\ReadHtmlCacheBehavior [ RunTime:0.000316s ]
INFO: [ app_begin ] --END-- [ RunTime:0.000357s ]
SQL: SHOW COLUMNS FROM `cn_user_card` [ RunTime:0.0007s ]
SQL: SELECT COUNT(*) AS tp_count FROM `cn_user_card` INNER JOIN cn_user ON cn_user.uuid = cn_user_card.user  LIMIT 1   [ RunTime:0.0004s ]
SQL: SELECT `nickname`,`sex`,`phone`,`card_code`,`card_level`,`card_remain`,`address`,`headImage` FROM `cn_user_card` INNER JOIN cn_user ON cn_user.uuid = cn_user_card.user  LIMIT 1,1   [ RunTime:0.0002s ]

[ 2016-11-25T15:11:50+08:00 ] 1.80.219.150 /cnconsum/index.php/Merchant/Vip/vip
INFO: [ app_init ] --START--
INFO: Run Behavior\BuildLiteBehavior [ RunTime:0.000015s ]
INFO: [ app_init ] --END-- [ RunTime:0.000343s ]

[ 2016-11-25T15:11:52+08:00 ] 1.80.219.150 /cnconsum/index.php/Merchant/Vip/vip
INFO: [ app_init ] --START--
INFO: Run Behavior\BuildLiteBehavior [ RunTime:0.000035s ]
INFO: [ app_init ] --END-- [ RunTime:0.000319s ]
INFO: [ app_begin ] --START--
INFO: Run Behavior\ReadHtmlCacheBehavior [ RunTime:0.000357s ]
INFO: [ app_begin ] --END-- [ RunTime:0.000402s ]
SQL: SHOW COLUMNS FROM `cn_user_card` [ RunTime:0.0020s ]
SQL: SELECT COUNT(*) AS tp_count FROM `cn_user_card` INNER JOIN cn_user ON cn_user.uuid = cn_user_card.user  LIMIT 1   [ RunTime:0.0040s ]
SQL: SELECT `nickname`,`sex`,`phone`,`card_code`,`card_level`,`card_remain`,`address`,`headImage` FROM `cn_user_card` INNER JOIN cn_user ON cn_user.uuid = cn_user_card.user  LIMIT 1,1   [ RunTime:0.0003s ]

[ 2016-11-25T15:12:02+08:00 ] 1.80.219.150 /cnconsum/index.php/Merchant/Vip/vip
INFO: [ app_init ] --START--
INFO: Run Behavior\BuildLiteBehavior [ RunTime:0.000015s ]
INFO: [ app_init ] --END-- [ RunTime:0.000308s ]

[ 2016-11-25T15:12:04+08:00 ] 1.80.219.150 /cnconsum/index.php/Merchant/Vip/vip
INFO: [ app_init ] --START--
INFO: Run Behavior\BuildLiteBehavior [ RunTime:0.000014s ]
INFO: [ app_init ] --END-- [ RunTime:0.000263s ]
INFO: [ app_begin ] --START--
INFO: Run Behavior\ReadHtmlCacheBehavior [ RunTime:0.000317s ]
INFO: [ app_begin ] --END-- [ RunTime:0.000356s ]
SQL: SHOW COLUMNS FROM `cn_user_card` [ RunTime:0.0008s ]
SQL: SELECT COUNT(*) AS tp_count FROM `cn_user_card` INNER JOIN cn_user ON cn_user.uuid = cn_user_card.user  LIMIT 1   [ RunTime:0.0004s ]
SQL: SELECT `nickname`,`sex`,`phone`,`card_code`,`card_level`,`card_remain`,`address`,`headImage` FROM `cn_user_card` INNER JOIN cn_user ON cn_user.uuid = cn_user_card.user  LIMIT 1,1   [ RunTime:0.0003s ]

[ 2016-11-25T15:12:10+08:00 ] 1.80.219.150 /cnconsum/index.php/Merchant/Vip/vip
INFO: [ app_init ] --START--
INFO: Run Behavior\BuildLiteBehavior [ RunTime:0.000020s ]
INFO: [ app_init ] --END-- [ RunTime:0.000331s ]
INFO: [ app_begin ] --START--
INFO: Run Behavior\ReadHtmlCacheBehavior [ RunTime:0.000388s ]
INFO: [ app_begin ] --END-- [ RunTime:0.000428s ]
SQL: SHOW COLUMNS FROM `cn_user_card` [ RunTime:0.0008s ]
SQL: SELECT COUNT(*) AS tp_count FROM `cn_user_card` INNER JOIN cn_user ON cn_user.uuid = cn_user_card.user  LIMIT 1   [ RunTime:0.0004s ]
SQL: SELECT `nickname`,`sex`,`phone`,`card_code`,`card_level`,`card_remain`,`address`,`headImage` FROM `cn_user_card` INNER JOIN cn_user ON cn_user.uuid = cn_user_card.user  LIMIT 2,1   [ RunTime:0.0003s ]

[ 2016-11-25T15:12:11+08:00 ] 1.80.219.150 /cnconsum/index.php/Merchant/Vip/vip
INFO: [ app_init ] --START--
INFO: Run Behavior\BuildLiteBehavior [ RunTime:0.000013s ]
INFO: [ app_init ] --END-- [ RunTime:0.000269s ]
INFO: [ app_begin ] --START--
INFO: Run Behavior\ReadHtmlCacheBehavior [ RunTime:0.000357s ]
INFO: [ app_begin ] --END-- [ RunTime:0.000403s ]
SQL: SHOW COLUMNS FROM `cn_user_card` [ RunTime:0.0007s ]
SQL: SELECT COUNT(*) AS tp_count FROM `cn_user_card` INNER JOIN cn_user ON cn_user.uuid = cn_user_card.user  LIMIT 1   [ RunTime:0.0004s ]
SQL: SELECT `nickname`,`sex`,`phone`,`card_code`,`card_level`,`card_remain`,`address`,`headImage` FROM `cn_user_card` INNER JOIN cn_user ON cn_user.uuid = cn_user_card.user  LIMIT 0,1   [ RunTime:0.0003s ]

[ 2016-11-25T15:12:52+08:00 ] 1.80.219.150 /cnconsum/index.php/Merchant/Vip/vip
INFO: [ app_init ] --START--
INFO: Run Behavior\BuildLiteBehavior [ RunTime:0.000020s ]
INFO: [ app_init ] --END-- [ RunTime:0.000406s ]

[ 2016-11-25T15:12:54+08:00 ] 1.80.219.150 /cnconsum/index.php/Merchant/Vip/vip
INFO: [ app_init ] --START--
INFO: Run Behavior\BuildLiteBehavior [ RunTime:0.000014s ]
INFO: [ app_init ] --END-- [ RunTime:0.000321s ]
INFO: [ app_begin ] --START--
INFO: Run Behavior\ReadHtmlCacheBehavior [ RunTime:0.000397s ]
INFO: [ app_begin ] --END-- [ RunTime:0.000463s ]
SQL: SHOW COLUMNS FROM `cn_user_card` [ RunTime:0.0008s ]
SQL: SELECT COUNT(*) AS tp_count FROM `cn_user_card` INNER JOIN cn_user ON cn_user.uuid = cn_user_card.user  LIMIT 1   [ RunTime:0.0004s ]
SQL: SELECT `nickname`,`sex`,`phone`,`card_code`,`card_level`,`card_remain`,`address`,`headImage` FROM `cn_user_card` INNER JOIN cn_user ON cn_user.uuid = cn_user_card.user  LIMIT 1,1   [ RunTime:0.0003s ]

[ 2016-11-25T15:14:25+08:00 ] 1.80.219.150 /cnconsum/index.php/Merchant/Vip/vip
INFO: [ app_init ] --START--
INFO: Run Behavior\BuildLiteBehavior [ RunTime:0.000017s ]
INFO: [ app_init ] --END-- [ RunTime:0.000423s ]

[ 2016-11-25T15:14:28+08:00 ] 1.80.219.150 /cnconsum/index.php/Merchant/Vip/vip
INFO: [ app_init ] --START--
INFO: Run Behavior\BuildLiteBehavior [ RunTime:0.000030s ]
INFO: [ app_init ] --END-- [ RunTime:0.000562s ]
INFO: [ app_begin ] --START--
INFO: Run Behavior\ReadHtmlCacheBehavior [ RunTime:0.000661s ]
INFO: [ app_begin ] --END-- [ RunTime:0.000736s ]
SQL: SHOW COLUMNS FROM `cn_user_card` [ RunTime:0.0010s ]
SQL: SELECT COUNT(*) AS tp_count FROM `cn_user_card` INNER JOIN cn_user ON cn_user.uuid = cn_user_card.user  LIMIT 1   [ RunTime:0.0004s ]
SQL: SELECT `nickname`,`sex`,`phone`,`card_code`,`card_level`,`card_remain`,`address`,`headImage` FROM `cn_user_card` INNER JOIN cn_user ON cn_user.uuid = cn_user_card.user  LIMIT 1,1   [ RunTime:0.0003s ]

[ 2016-11-25T15:15:11+08:00 ] 1.80.219.150 /cnconsum/index.php/Merchant/Vip/vip
INFO: [ app_init ] --START--
INFO: Run Behavior\BuildLiteBehavior [ RunTime:0.000021s ]
INFO: [ app_init ] --END-- [ RunTime:0.000422s ]

[ 2016-11-25T15:15:13+08:00 ] 1.80.219.150 /cnconsum/index.php/Merchant/Vip/vip
INFO: [ app_init ] --START--
INFO: Run Behavior\BuildLiteBehavior [ RunTime:0.000014s ]
INFO: [ app_init ] --END-- [ RunTime:0.000272s ]
INFO: [ app_begin ] --START--
INFO: Run Behavior\ReadHtmlCacheBehavior [ RunTime:0.000482s ]
INFO: [ app_begin ] --END-- [ RunTime:0.000533s ]
SQL: SHOW COLUMNS FROM `cn_user_card` [ RunTime:0.0008s ]
SQL: SELECT COUNT(*) AS tp_count FROM `cn_user_card` INNER JOIN cn_user ON cn_user.uuid = cn_user_card.user  LIMIT 1   [ RunTime:0.0004s ]
SQL: SELECT `nickname`,`sex`,`phone`,`card_code`,`card_level`,`card_remain`,`address`,`headImage` FROM `cn_user_card` INNER JOIN cn_user ON cn_user.uuid = cn_user_card.user  LIMIT 1,1   [ RunTime:0.0005s ]

[ 2016-11-25T15:15:27+08:00 ] 1.80.219.150 /cnconsum/index.php/Merchant/Vip/vip
INFO: [ app_init ] --START--
INFO: Run Behavior\BuildLiteBehavior [ RunTime:0.000020s ]
INFO: [ app_init ] --END-- [ RunTime:0.000533s ]

[ 2016-11-25T15:15:29+08:00 ] 1.80.219.150 /cnconsum/index.php/Merchant/Vip/vip
INFO: [ app_init ] --START--
INFO: Run Behavior\BuildLiteBehavior [ RunTime:0.000014s ]
INFO: [ app_init ] --END-- [ RunTime:0.000270s ]
INFO: [ app_begin ] --START--
INFO: Run Behavior\ReadHtmlCacheBehavior [ RunTime:0.000345s ]
INFO: [ app_begin ] --END-- [ RunTime:0.000385s ]
SQL: SHOW COLUMNS FROM `cn_user_card` [ RunTime:0.0007s ]
SQL: SELECT COUNT(*) AS tp_count FROM `cn_user_card` INNER JOIN cn_user ON cn_user.uuid = cn_user_card.user  LIMIT 1   [ RunTime:0.0004s ]
SQL: SELECT `nickname`,`sex`,`phone`,`card_code`,`card_level`,`card_remain`,`address`,`headImage` FROM `cn_user_card` INNER JOIN cn_user ON cn_user.uuid = cn_user_card.user  LIMIT 1,1   [ RunTime:0.0004s ]

[ 2016-11-25T15:15:35+08:00 ] 1.80.219.150 /cnconsum/index.php/Merchant/Vip/__PUBLIC__/Uploads/headImage/u_eac19cca87_1479979605.png
INFO: [ app_init ] --START--
INFO: Run Behavior\BuildLiteBehavior [ RunTime:0.000015s ]
INFO: [ app_init ] --END-- [ RunTime:0.000272s ]

[ 2016-11-25T15:17:03+08:00 ] 1.80.219.150 /cnconsum/index.php/Merchant/Vip/vip
INFO: [ app_init ] --START--
INFO: Run Behavior\BuildLiteBehavior [ RunTime:0.000014s ]
INFO: [ app_init ] --END-- [ RunTime:0.000315s ]

[ 2016-11-25T15:17:05+08:00 ] 1.80.219.150 /cnconsum/index.php/Merchant/Vip/vip
INFO: [ app_init ] --START--
INFO: Run Behavior\BuildLiteBehavior [ RunTime:0.000019s ]
INFO: [ app_init ] --END-- [ RunTime:0.000346s ]
INFO: [ app_begin ] --START--
INFO: Run Behavior\ReadHtmlCacheBehavior [ RunTime:0.000461s ]
INFO: [ app_begin ] --END-- [ RunTime:0.000521s ]
SQL: SHOW COLUMNS FROM `cn_user_card` [ RunTime:0.0008s ]
SQL: SELECT COUNT(*) AS tp_count FROM `cn_user_card` INNER JOIN cn_user ON cn_user.uuid = cn_user_card.user  LIMIT 1   [ RunTime:0.0004s ]
SQL: SELECT `nickname`,`sex`,`phone`,`card_code`,`card_level`,`card_remain`,`address`,`headImage` FROM `cn_user_card` INNER JOIN cn_user ON cn_user.uuid = cn_user_card.user  LIMIT 1,1   [ RunTime:0.0005s ]

[ 2016-11-25T15:17:32+08:00 ] 1.80.219.150 /cnconsum/index.php/Merchant/Vip/vip
INFO: [ app_init ] --START--
INFO: Run Behavior\BuildLiteBehavior [ RunTime:0.000041s ]
INFO: [ app_init ] --END-- [ RunTime:0.000345s ]

[ 2016-11-25T15:17:34+08:00 ] 1.80.219.150 /cnconsum/index.php/Merchant/Vip/vip
INFO: [ app_init ] --START--
INFO: Run Behavior\BuildLiteBehavior [ RunTime:0.000019s ]
INFO: [ app_init ] --END-- [ RunTime:0.000339s ]
INFO: [ app_begin ] --START--
INFO: Run Behavior\ReadHtmlCacheBehavior [ RunTime:0.000470s ]
INFO: [ app_begin ] --END-- [ RunTime:0.000530s ]
SQL: SHOW COLUMNS FROM `cn_user_card` [ RunTime:0.0008s ]
SQL: SELECT COUNT(*) AS tp_count FROM `cn_user_card` INNER JOIN cn_user ON cn_user.uuid = cn_user_card.user  LIMIT 1   [ RunTime:0.0004s ]
SQL: SELECT `nickname`,`sex`,`phone`,`card_code`,`card_level`,`card_remain`,`address`,`headImage` FROM `cn_user_card` INNER JOIN cn_user ON cn_user.uuid = cn_user_card.user  LIMIT 1,1   [ RunTime:0.0004s ]

[ 2016-11-25T15:17:54+08:00 ] 1.80.219.150 /cnconsum/index.php/Merchant/Vip/vip
INFO: [ app_init ] --START--
INFO: Run Behavior\BuildLiteBehavior [ RunTime:0.000020s ]
INFO: [ app_init ] --END-- [ RunTime:0.000328s ]
INFO: [ app_begin ] --START--
INFO: Run Behavior\ReadHtmlCacheBehavior [ RunTime:0.000427s ]
INFO: [ app_begin ] --END-- [ RunTime:0.000489s ]
SQL: SHOW COLUMNS FROM `cn_user_card` [ RunTime:0.0008s ]
SQL: SELECT COUNT(*) AS tp_count FROM `cn_user_card` INNER JOIN cn_user ON cn_user.uuid = cn_user_card.user  LIMIT 1   [ RunTime:0.0004s ]
SQL: SELECT `nickname`,`sex`,`phone`,`card_code`,`card_level`,`card_remain`,`address`,`headImage` FROM `cn_user_card` INNER JOIN cn_user ON cn_user.uuid = cn_user_card.user  LIMIT 2,1   [ RunTime:0.0003s ]

[ 2016-11-25T15:18:01+08:00 ] 1.80.219.150 /cnconsum/index.php/Merchant/Vip/vip
INFO: [ app_init ] --START--
INFO: Run Behavior\BuildLiteBehavior [ RunTime:0.000020s ]
INFO: [ app_init ] --END-- [ RunTime:0.000358s ]

[ 2016-11-25T15:18:10+08:00 ] 1.80.219.150 /cnconsum/index.php/Merchant/Vip/vip
INFO: [ app_init ] --START--
INFO: Run Behavior\BuildLiteBehavior [ RunTime:0.000014s ]
INFO: [ app_init ] --END-- [ RunTime:0.000265s ]
INFO: [ app_begin ] --START--
INFO: Run Behavior\ReadHtmlCacheBehavior [ RunTime:0.000378s ]
INFO: [ app_begin ] --END-- [ RunTime:0.000419s ]
SQL: SHOW COLUMNS FROM `cn_user_card` [ RunTime:0.0007s ]
SQL: SELECT COUNT(*) AS tp_count FROM `cn_user_card` INNER JOIN cn_user ON cn_user.uuid = cn_user_card.user  LIMIT 1   [ RunTime:0.0004s ]
SQL: SELECT `nickname`,`sex`,`phone`,`card_code`,`card_level`,`card_remain`,`address`,`headImage` FROM `cn_user_card` INNER JOIN cn_user ON cn_user.uuid = cn_user_card.user  LIMIT 1,1   [ RunTime:0.0003s ]

[ 2016-11-25T15:18:13+08:00 ] 1.80.219.150 /cnconsum/index.php/Merchant/Vip/vip
INFO: [ app_init ] --START--
INFO: Run Behavior\BuildLiteBehavior [ RunTime:0.000021s ]
INFO: [ app_init ] --END-- [ RunTime:0.000449s ]
INFO: [ app_begin ] --START--
INFO: Run Behavior\ReadHtmlCacheBehavior [ RunTime:0.000411s ]
INFO: [ app_begin ] --END-- [ RunTime:0.000460s ]
SQL: SHOW COLUMNS FROM `cn_user_card` [ RunTime:0.0007s ]
SQL: SELECT COUNT(*) AS tp_count FROM `cn_user_card` INNER JOIN cn_user ON cn_user.uuid = cn_user_card.user  LIMIT 1   [ RunTime:0.0005s ]
SQL: SELECT `nickname`,`sex`,`phone`,`card_code`,`card_level`,`card_remain`,`address`,`headImage` FROM `cn_user_card` INNER JOIN cn_user ON cn_user.uuid = cn_user_card.user  LIMIT 2,1   [ RunTime:0.0002s ]

[ 2016-11-25T15:18:14+08:00 ] 1.80.219.150 /cnconsum/index.php/Merchant/Vip/vip
INFO: [ app_init ] --START--
INFO: Run Behavior\BuildLiteBehavior [ RunTime:0.000020s ]
INFO: [ app_init ] --END-- [ RunTime:0.000386s ]
INFO: [ app_begin ] --START--
INFO: Run Behavior\ReadHtmlCacheBehavior [ RunTime:0.000353s ]
INFO: [ app_begin ] --END-- [ RunTime:0.000404s ]
SQL: SHOW COLUMNS FROM `cn_user_card` [ RunTime:0.0007s ]
SQL: SELECT COUNT(*) AS tp_count FROM `cn_user_card` INNER JOIN cn_user ON cn_user.uuid = cn_user_card.user  LIMIT 1   [ RunTime:0.0004s ]
SQL: SELECT `nickname`,`sex`,`phone`,`card_code`,`card_level`,`card_remain`,`address`,`headImage` FROM `cn_user_card` INNER JOIN cn_user ON cn_user.uuid = cn_user_card.user  LIMIT 3,1   [ RunTime:0.0002s ]

[ 2016-11-25T15:18:17+08:00 ] 1.80.219.150 /cnconsum/index.php/Merchant/Vip/vip
INFO: [ app_init ] --START--
INFO: Run Behavior\BuildLiteBehavior [ RunTime:0.000025s ]
INFO: [ app_init ] --END-- [ RunTime:0.000337s ]
INFO: [ app_begin ] --START--
INFO: Run Behavior\ReadHtmlCacheBehavior [ RunTime:0.000412s ]
INFO: [ app_begin ] --END-- [ RunTime:0.000452s ]
SQL: SHOW COLUMNS FROM `cn_user_card` [ RunTime:0.0007s ]
SQL: SELECT COUNT(*) AS tp_count FROM `cn_user_card` INNER JOIN cn_user ON cn_user.uuid = cn_user_card.user  LIMIT 1   [ RunTime:0.0004s ]
SQL: SELECT `nickname`,`sex`,`phone`,`card_code`,`card_level`,`card_remain`,`address`,`headImage` FROM `cn_user_card` INNER JOIN cn_user ON cn_user.uuid = cn_user_card.user  LIMIT 4,1   [ RunTime:0.0003s ]

[ 2016-11-25T15:18:19+08:00 ] 1.80.219.150 /cnconsum/index.php/Merchant/Vip/vip
INFO: [ app_init ] --START--
INFO: Run Behavior\BuildLiteBehavior [ RunTime:0.000014s ]
INFO: [ app_init ] --END-- [ RunTime:0.000308s ]
INFO: [ app_begin ] --START--
INFO: Run Behavior\ReadHtmlCacheBehavior [ RunTime:0.000395s ]
INFO: [ app_begin ] --END-- [ RunTime:0.000449s ]
SQL: SHOW COLUMNS FROM `cn_user_card` [ RunTime:0.0008s ]
SQL: SELECT COUNT(*) AS tp_count FROM `cn_user_card` INNER JOIN cn_user ON cn_user.uuid = cn_user_card.user  LIMIT 1   [ RunTime:0.0004s ]
SQL: SELECT `nickname`,`sex`,`phone`,`card_code`,`card_level`,`card_remain`,`address`,`headImage` FROM `cn_user_card` INNER JOIN cn_user ON cn_user.uuid = cn_user_card.user  LIMIT 5,1   [ RunTime:0.0003s ]

[ 2016-11-25T15:18:21+08:00 ] 1.80.219.150 /cnconsum/index.php/Merchant/Vip/vip
INFO: [ app_init ] --START--
INFO: Run Behavior\BuildLiteBehavior [ RunTime:0.000016s ]
INFO: [ app_init ] --END-- [ RunTime:0.000280s ]
INFO: [ app_begin ] --START--
INFO: Run Behavior\ReadHtmlCacheBehavior [ RunTime:0.000328s ]
INFO: [ app_begin ] --END-- [ RunTime:0.000367s ]
SQL: SHOW COLUMNS FROM `cn_user_card` [ RunTime:0.0009s ]
SQL: SELECT COUNT(*) AS tp_count FROM `cn_user_card` INNER JOIN cn_user ON cn_user.uuid = cn_user_card.user  LIMIT 1   [ RunTime:0.0004s ]
SQL: SELECT `nickname`,`sex`,`phone`,`card_code`,`card_level`,`card_remain`,`address`,`headImage` FROM `cn_user_card` INNER JOIN cn_user ON cn_user.uuid = cn_user_card.user  LIMIT 4,1   [ RunTime:0.0003s ]

[ 2016-11-25T15:18:22+08:00 ] 1.80.219.150 /cnconsum/index.php/Merchant/Vip/vip
INFO: [ app_init ] --START--
INFO: Run Behavior\BuildLiteBehavior [ RunTime:0.000023s ]
INFO: [ app_init ] --END-- [ RunTime:0.000411s ]
INFO: [ app_begin ] --START--
INFO: Run Behavior\ReadHtmlCacheBehavior [ RunTime:0.000538s ]
INFO: [ app_begin ] --END-- [ RunTime:0.000587s ]
SQL: SHOW COLUMNS FROM `cn_user_card` [ RunTime:0.0008s ]
SQL: SELECT COUNT(*) AS tp_count FROM `cn_user_card` INNER JOIN cn_user ON cn_user.uuid = cn_user_card.user  LIMIT 1   [ RunTime:0.0004s ]
SQL: SELECT `nickname`,`sex`,`phone`,`card_code`,`card_level`,`card_remain`,`address`,`headImage` FROM `cn_user_card` INNER JOIN cn_user ON cn_user.uuid = cn_user_card.user  LIMIT 1,1   [ RunTime:0.0003s ]

[ 2016-11-25T15:18:23+08:00 ] 1.80.219.150 /cnconsum/index.php/Merchant/Vip/vip
INFO: [ app_init ] --START--
INFO: Run Behavior\BuildLiteBehavior [ RunTime:0.000014s ]
INFO: [ app_init ] --END-- [ RunTime:0.000283s ]
INFO: [ app_begin ] --START--
INFO: Run Behavior\ReadHtmlCacheBehavior [ RunTime:0.000370s ]
INFO: [ app_begin ] --END-- [ RunTime:0.000414s ]
SQL: SHOW COLUMNS FROM `cn_user_card` [ RunTime:0.0007s ]
SQL: SELECT COUNT(*) AS tp_count FROM `cn_user_card` INNER JOIN cn_user ON cn_user.uuid = cn_user_card.user  LIMIT 1   [ RunTime:0.0004s ]
SQL: SELECT `nickname`,`sex`,`phone`,`card_code`,`card_level`,`card_remain`,`address`,`headImage` FROM `cn_user_card` INNER JOIN cn_user ON cn_user.uuid = cn_user_card.user  LIMIT 0,1   [ RunTime:0.0003s ]

[ 2016-11-25T15:18:25+08:00 ] 1.80.219.150 /cnconsum/index.php/Merchant/Vip/vip
INFO: [ app_init ] --START--
INFO: Run Behavior\BuildLiteBehavior [ RunTime:0.000015s ]
INFO: [ app_init ] --END-- [ RunTime:0.000299s ]
INFO: [ app_begin ] --START--
INFO: Run Behavior\ReadHtmlCacheBehavior [ RunTime:0.000337s ]
INFO: [ app_begin ] --END-- [ RunTime:0.000376s ]
SQL: SHOW COLUMNS FROM `cn_user_card` [ RunTime:0.0008s ]
SQL: SELECT COUNT(*) AS tp_count FROM `cn_user_card` INNER JOIN cn_user ON cn_user.uuid = cn_user_card.user  LIMIT 1   [ RunTime:0.0004s ]
SQL: SELECT `nickname`,`sex`,`phone`,`card_code`,`card_level`,`card_remain`,`address`,`headImage` FROM `cn_user_card` INNER JOIN cn_user ON cn_user.uuid = cn_user_card.user  LIMIT 1,1   [ RunTime:0.0003s ]

[ 2016-11-25T15:18:26+08:00 ] 1.80.219.150 /cnconsum/index.php/Merchant/Vip/vip
INFO: [ app_init ] --START--
INFO: Run Behavior\BuildLiteBehavior [ RunTime:0.000015s ]
INFO: [ app_init ] --END-- [ RunTime:0.000337s ]
INFO: [ app_begin ] --START--
INFO: Run Behavior\ReadHtmlCacheBehavior [ RunTime:0.000364s ]
INFO: [ app_begin ] --END-- [ RunTime:0.000405s ]
SQL: SHOW COLUMNS FROM `cn_user_card` [ RunTime:0.0007s ]
SQL: SELECT COUNT(*) AS tp_count FROM `cn_user_card` INNER JOIN cn_user ON cn_user.uuid = cn_user_card.user  LIMIT 1   [ RunTime:0.0004s ]
SQL: SELECT `nickname`,`sex`,`phone`,`card_code`,`card_level`,`card_remain`,`address`,`headImage` FROM `cn_user_card` INNER JOIN cn_user ON cn_user.uuid = cn_user_card.user  LIMIT 2,1   [ RunTime:0.0003s ]

[ 2016-11-25T15:18:27+08:00 ] 1.80.219.150 /cnconsum/index.php/Merchant/Vip/vip
INFO: [ app_init ] --START--
INFO: Run Behavior\BuildLiteBehavior [ RunTime:0.000013s ]
INFO: [ app_init ] --END-- [ RunTime:0.000286s ]
INFO: [ app_begin ] --START--
INFO: Run Behavior\ReadHtmlCacheBehavior [ RunTime:0.000358s ]
INFO: [ app_begin ] --END-- [ RunTime:0.000398s ]
SQL: SHOW COLUMNS FROM `cn_user_card` [ RunTime:0.0008s ]
SQL: SELECT COUNT(*) AS tp_count FROM `cn_user_card` INNER JOIN cn_user ON cn_user.uuid = cn_user_card.user  LIMIT 1   [ RunTime:0.0004s ]
SQL: SELECT `nickname`,`sex`,`phone`,`card_code`,`card_level`,`card_remain`,`address`,`headImage` FROM `cn_user_card` INNER JOIN cn_user ON cn_user.uuid = cn_user_card.user  LIMIT 3,1   [ RunTime:0.0003s ]

[ 2016-11-25T15:18:27+08:00 ] 1.80.219.150 /cnconsum/index.php/Merchant/Vip/vip
INFO: [ app_init ] --START--
INFO: Run Behavior\BuildLiteBehavior [ RunTime:0.000014s ]
INFO: [ app_init ] --END-- [ RunTime:0.000279s ]
INFO: [ app_begin ] --START--
INFO: Run Behavior\ReadHtmlCacheBehavior [ RunTime:0.000331s ]
INFO: [ app_begin ] --END-- [ RunTime:0.000381s ]
SQL: SHOW COLUMNS FROM `cn_user_card` [ RunTime:0.0007s ]
SQL: SELECT COUNT(*) AS tp_count FROM `cn_user_card` INNER JOIN cn_user ON cn_user.uuid = cn_user_card.user  LIMIT 1   [ RunTime:0.0004s ]
SQL: SELECT `nickname`,`sex`,`phone`,`card_code`,`card_level`,`card_remain`,`address`,`headImage` FROM `cn_user_card` INNER JOIN cn_user ON cn_user.uuid = cn_user_card.user  LIMIT 4,1   [ RunTime:0.0003s ]

[ 2016-11-25T15:18:27+08:00 ] 1.80.219.150 /cnconsum/index.php/Merchant/Vip/vip
INFO: [ app_init ] --START--
INFO: Run Behavior\BuildLiteBehavior [ RunTime:0.000014s ]
INFO: [ app_init ] --END-- [ RunTime:0.000264s ]
INFO: [ app_begin ] --START--
INFO: Run Behavior\ReadHtmlCacheBehavior [ RunTime:0.000320s ]
INFO: [ app_begin ] --END-- [ RunTime:0.000359s ]
SQL: SHOW COLUMNS FROM `cn_user_card` [ RunTime:0.0009s ]
SQL: SELECT COUNT(*) AS tp_count FROM `cn_user_card` INNER JOIN cn_user ON cn_user.uuid = cn_user_card.user  LIMIT 1   [ RunTime:0.0004s ]
SQL: SELECT `nickname`,`sex`,`phone`,`card_code`,`card_level`,`card_remain`,`address`,`headImage` FROM `cn_user_card` INNER JOIN cn_user ON cn_user.uuid = cn_user_card.user  LIMIT 5,1   [ RunTime:0.0003s ]

[ 2016-11-25T15:18:37+08:00 ] 1.80.219.150 /cnconsum/index.php/Merchant/Vip/vip
INFO: [ app_init ] --START--
INFO: Run Behavior\BuildLiteBehavior [ RunTime:0.000062s ]
INFO: [ app_init ] --END-- [ RunTime:0.000403s ]
INFO: [ app_begin ] --START--
INFO: Run Behavior\ReadHtmlCacheBehavior [ RunTime:0.000460s ]
INFO: [ app_begin ] --END-- [ RunTime:0.000501s ]
SQL: SHOW COLUMNS FROM `cn_user_card` [ RunTime:0.0007s ]
SQL: SELECT COUNT(*) AS tp_count FROM `cn_user_card` INNER JOIN cn_user ON cn_user.uuid = cn_user_card.user  LIMIT 1   [ RunTime:0.0004s ]
SQL: SELECT `nickname`,`sex`,`phone`,`card_code`,`card_level`,`card_remain`,`address`,`headImage` FROM `cn_user_card` INNER JOIN cn_user ON cn_user.uuid = cn_user_card.user  LIMIT 4,1   [ RunTime:0.0002s ]

[ 2016-11-25T15:18:38+08:00 ] 1.80.219.150 /cnconsum/index.php/Merchant/Vip/vip
INFO: [ app_init ] --START--
INFO: Run Behavior\BuildLiteBehavior [ RunTime:0.000015s ]
INFO: [ app_init ] --END-- [ RunTime:0.000289s ]
INFO: [ app_begin ] --START--
INFO: Run Behavior\ReadHtmlCacheBehavior [ RunTime:0.000316s ]
INFO: [ app_begin ] --END-- [ RunTime:0.000355s ]
SQL: SHOW COLUMNS FROM `cn_user_card` [ RunTime:0.0009s ]
SQL: SELECT COUNT(*) AS tp_count FROM `cn_user_card` INNER JOIN cn_user ON cn_user.uuid = cn_user_card.user  LIMIT 1   [ RunTime:0.0004s ]
SQL: SELECT `nickname`,`sex`,`phone`,`card_code`,`card_level`,`card_remain`,`address`,`headImage` FROM `cn_user_card` INNER JOIN cn_user ON cn_user.uuid = cn_user_card.user  LIMIT 3,1   [ RunTime:0.0004s ]

[ 2016-11-25T15:18:39+08:00 ] 1.80.219.150 /cnconsum/index.php/Merchant/Vip/vip
INFO: [ app_init ] --START--
INFO: Run Behavior\BuildLiteBehavior [ RunTime:0.000014s ]
INFO: [ app_init ] --END-- [ RunTime:0.000258s ]
INFO: [ app_begin ] --START--
INFO: Run Behavior\ReadHtmlCacheBehavior [ RunTime:0.000312s ]
INFO: [ app_begin ] --END-- [ RunTime:0.000350s ]
SQL: SHOW COLUMNS FROM `cn_user_card` [ RunTime:0.0007s ]
SQL: SELECT COUNT(*) AS tp_count FROM `cn_user_card` INNER JOIN cn_user ON cn_user.uuid = cn_user_card.user  LIMIT 1   [ RunTime:0.0004s ]
SQL: SELECT `nickname`,`sex`,`phone`,`card_code`,`card_level`,`card_remain`,`address`,`headImage` FROM `cn_user_card` INNER JOIN cn_user ON cn_user.uuid = cn_user_card.user  LIMIT 2,1   [ RunTime:0.0003s ]

[ 2016-11-25T15:18:39+08:00 ] 1.80.219.150 /cnconsum/index.php/Merchant/Vip/vip
INFO: [ app_init ] --START--
INFO: Run Behavior\BuildLiteBehavior [ RunTime:0.000015s ]
INFO: [ app_init ] --END-- [ RunTime:0.000292s ]
INFO: [ app_begin ] --START--
INFO: Run Behavior\ReadHtmlCacheBehavior [ RunTime:0.000428s ]
INFO: [ app_begin ] --END-- [ RunTime:0.000471s ]
SQL: SHOW COLUMNS FROM `cn_user_card` [ RunTime:0.0009s ]
SQL: SELECT COUNT(*) AS tp_count FROM `cn_user_card` INNER JOIN cn_user ON cn_user.uuid = cn_user_card.user  LIMIT 1   [ RunTime:0.0004s ]
SQL: SELECT `nickname`,`sex`,`phone`,`card_code`,`card_level`,`card_remain`,`address`,`headImage` FROM `cn_user_card` INNER JOIN cn_user ON cn_user.uuid = cn_user_card.user  LIMIT 1,1   [ RunTime:0.0003s ]

[ 2016-11-25T15:19:16+08:00 ] 1.80.219.150 /cnconsum/index.php/Merchant/Vip/vip
INFO: [ app_init ] --START--
INFO: Run Behavior\BuildLiteBehavior [ RunTime:0.000019s ]
INFO: [ app_init ] --END-- [ RunTime:0.000382s ]

[ 2016-11-25T15:21:48+08:00 ] 1.80.219.150 /cnconsum/index.php/Merchant/Vip/vip
INFO: [ app_init ] --START--
INFO: Run Behavior\BuildLiteBehavior [ RunTime:0.000019s ]
INFO: [ app_init ] --END-- [ RunTime:0.000363s ]
INFO: [ app_begin ] --START--
INFO: Run Behavior\ReadHtmlCacheBehavior [ RunTime:0.000375s ]
INFO: [ app_begin ] --END-- [ RunTime:0.000416s ]
SQL: SHOW COLUMNS FROM `cn_user_card` [ RunTime:0.0008s ]
SQL: SELECT COUNT(*) AS tp_count FROM `cn_user_card` INNER JOIN cn_user ON cn_user.uuid = cn_user_card.user  LIMIT 1   [ RunTime:0.0004s ]
SQL: SELECT `nickname`,`sex`,`phone`,`card_code`,`card_level`,`card_remain`,`address`,`headImage` FROM `cn_user_card` INNER JOIN cn_user ON cn_user.uuid = cn_user_card.user  LIMIT 2,2   [ RunTime:0.0003s ]

[ 2016-11-25T15:24:47+08:00 ] 1.80.219.150 /cnconsum/index.php/Merchant/Vip/vip
INFO: [ app_init ] --START--
INFO: Run Behavior\BuildLiteBehavior [ RunTime:0.000024s ]
INFO: [ app_init ] --END-- [ RunTime:0.000400s ]
INFO: [ app_begin ] --START--
INFO: Run Behavior\ReadHtmlCacheBehavior [ RunTime:0.000422s ]
INFO: [ app_begin ] --END-- [ RunTime:0.000476s ]
SQL: SHOW COLUMNS FROM `cn_user_card` [ RunTime:0.0007s ]
SQL: SELECT COUNT(*) AS tp_count FROM `cn_user_card` INNER JOIN cn_user ON cn_user.uuid = cn_user_card.user  LIMIT 1   [ RunTime:0.0003s ]
SQL: SELECT `nickname`,`sex`,`phone`,`card_code`,`card_level`,`card_remain`,`address`,`headImage` FROM `cn_user_card` INNER JOIN cn_user ON cn_user.uuid = cn_user_card.user  LIMIT 0,2   [ RunTime:0.0003s ]

[ 2016-11-25T15:25:55+08:00 ] 1.80.219.150 /cnconsum/index.php/Merchant/Vip/vip
INFO: [ app_init ] --START--
INFO: Run Behavior\BuildLiteBehavior [ RunTime:0.000031s ]
INFO: [ app_init ] --END-- [ RunTime:0.000309s ]

[ 2016-11-25T15:26:37+08:00 ] 1.80.219.150 /cnconsum/index.php/Merchant/Vip/vip
INFO: [ app_init ] --START--
INFO: Run Behavior\BuildLiteBehavior [ RunTime:0.000018s ]
INFO: [ app_init ] --END-- [ RunTime:0.000356s ]

[ 2016-11-25T15:26:56+08:00 ] 1.80.219.150 /cnconsum/index.php/Merchant/Vip/vip
INFO: [ app_init ] --START--
INFO: Run Behavior\BuildLiteBehavior [ RunTime:0.000020s ]
INFO: [ app_init ] --END-- [ RunTime:0.000376s ]

[ 2016-11-25T15:27:14+08:00 ] 1.80.219.150 /cnconsum/index.php/Merchant/Vip/vip
INFO: [ app_init ] --START--
INFO: Run Behavior\BuildLiteBehavior [ RunTime:0.000014s ]
INFO: [ app_init ] --END-- [ RunTime:0.000270s ]

[ 2016-11-25T15:28:27+08:00 ] 1.80.219.150 /cnconsum/index.php/Merchant/Vip/vip
INFO: [ app_init ] --START--
INFO: Run Behavior\BuildLiteBehavior [ RunTime:0.000014s ]
INFO: [ app_init ] --END-- [ RunTime:0.000339s ]

[ 2016-11-25T15:28:59+08:00 ] 1.80.219.150 /cnconsum/index.php/Merchant/Vip/vip
INFO: [ app_init ] --START--
INFO: Run Behavior\BuildLiteBehavior [ RunTime:0.000022s ]
INFO: [ app_init ] --END-- [ RunTime:0.000429s ]
INFO: [ app_begin ] --START--
INFO: Run Behavior\ReadHtmlCacheBehavior [ RunTime:0.000551s ]
INFO: [ app_begin ] --END-- [ RunTime:0.000615s ]
SQL: SHOW COLUMNS FROM `cn_user_card` [ RunTime:0.0008s ]
SQL: SELECT COUNT(*) AS tp_count FROM `cn_user_card` INNER JOIN cn_user ON cn_user.uuid = cn_user_card.user  LIMIT 1   [ RunTime:0.0004s ]
SQL: SELECT `nickname`,`sex`,`phone`,`card_code`,`card_level`,`card_remain`,`address`,`headImage` FROM `cn_user_card` INNER JOIN cn_user ON cn_user.uuid = cn_user_card.user  LIMIT 2,2   [ RunTime:0.0005s ]

[ 2016-11-25T15:29:09+08:00 ] 1.80.219.150 /cnconsum/index.php/Merchant/Vip/vip
INFO: [ app_init ] --START--
INFO: Run Behavior\BuildLiteBehavior [ RunTime:0.000026s ]
INFO: [ app_init ] --END-- [ RunTime:0.000414s ]
INFO: [ app_begin ] --START--
INFO: Run Behavior\ReadHtmlCacheBehavior [ RunTime:0.000361s ]
INFO: [ app_begin ] --END-- [ RunTime:0.000410s ]
SQL: SHOW COLUMNS FROM `cn_user_card` [ RunTime:0.0007s ]
SQL: SELECT COUNT(*) AS tp_count FROM `cn_user_card` INNER JOIN cn_user ON cn_user.uuid = cn_user_card.user  LIMIT 1   [ RunTime:0.0004s ]
SQL: SELECT `nickname`,`sex`,`phone`,`card_code`,`card_level`,`card_remain`,`address`,`headImage` FROM `cn_user_card` INNER JOIN cn_user ON cn_user.uuid = cn_user_card.user  LIMIT 0,2   [ RunTime:0.0003s ]

[ 2016-11-25T15:29:10+08:00 ] 1.80.219.150 /cnconsum/index.php/Merchant/Vip/vip
INFO: [ app_init ] --START--
INFO: Run Behavior\BuildLiteBehavior [ RunTime:0.000021s ]
INFO: [ app_init ] --END-- [ RunTime:0.000386s ]

[ 2016-11-25T15:30:09+08:00 ] 1.80.219.150 /cnconsum/index.php/Merchant/Business/glysz
INFO: [ app_init ] --START--
INFO: Run Behavior\BuildLiteBehavior [ RunTime:0.000014s ]
INFO: [ app_init ] --END-- [ RunTime:0.000263s ]

[ 2016-11-25T15:30:20+08:00 ] 1.80.219.150 /cnconsum/index.php/Merchant/DataReport/data_sj
INFO: [ app_init ] --START--
INFO: Run Behavior\BuildLiteBehavior [ RunTime:0.000033s ]
INFO: [ app_init ] --END-- [ RunTime:0.000466s ]
ERR: 非法操作:data_sj

[ 2016-11-25T15:30:30+08:00 ] 117.185.27.114 /cnconsum/index.php/Merchant/DataReport/data_sj
INFO: [ app_init ] --START--
INFO: Run Behavior\BuildLiteBehavior [ RunTime:0.000023s ]
INFO: [ app_init ] --END-- [ RunTime:0.000489s ]
ERR: 非法操作:data_sj

[ 2016-11-25T15:30:41+08:00 ] 1.80.219.150 /cnconsum/index.php/Merchant/Vip/vip
INFO: [ app_init ] --START--
INFO: Run Behavior\BuildLiteBehavior [ RunTime:0.000013s ]
INFO: [ app_init ] --END-- [ RunTime:0.000276s ]

[ 2016-11-25T15:31:24+08:00 ] 1.80.219.150 /cnconsum/index.php/Merchant/Vip/vip
INFO: [ app_init ] --START--
INFO: Run Behavior\BuildLiteBehavior [ RunTime:0.000022s ]
INFO: [ app_init ] --END-- [ RunTime:0.000464s ]

[ 2016-11-25T15:36:39+08:00 ] 1.80.219.150 /cnconsum/index.php/Merchant/Commodity/commodity
INFO: [ app_init ] --START--
INFO: Run Behavior\BuildLiteBehavior [ RunTime:0.000014s ]
INFO: [ app_init ] --END-- [ RunTime:0.000266s ]

[ 2016-11-25T15:36:53+08:00 ] 1.80.219.150 /cnconsum/index.php/Merchant/Vip/vip
INFO: [ app_init ] --START--
INFO: Run Behavior\BuildLiteBehavior [ RunTime:0.000019s ]
INFO: [ app_init ] --END-- [ RunTime:0.000294s ]

[ 2016-11-25T15:36:56+08:00 ] 1.80.219.150 /cnconsum/index.php/Merchant/Vip/vip
INFO: [ app_init ] --START--
INFO: Run Behavior\BuildLiteBehavior [ RunTime:0.000017s ]
INFO: [ app_init ] --END-- [ RunTime:0.000297s ]
INFO: [ app_begin ] --START--
INFO: Run Behavior\ReadHtmlCacheBehavior [ RunTime:0.000360s ]
INFO: [ app_begin ] --END-- [ RunTime:0.000401s ]
SQL: SHOW COLUMNS FROM `cn_user_card` [ RunTime:0.0008s ]
SQL: SELECT COUNT(*) AS tp_count FROM `cn_user_card` INNER JOIN cn_user ON cn_user.uuid = cn_user_card.user  LIMIT 1   [ RunTime:0.0004s ]
SQL: SELECT `nickname`,`sex`,`phone`,`card_code`,`card_level`,`card_remain`,`address`,`headImage` FROM `cn_user_card` INNER JOIN cn_user ON cn_user.uuid = cn_user_card.user  LIMIT 2,2   [ RunTime:0.0002s ]

[ 2016-11-25T15:36:58+08:00 ] 1.80.219.150 /cnconsum/index.php/Merchant/Vip/vip
INFO: [ app_init ] --START--
INFO: Run Behavior\BuildLiteBehavior [ RunTime:0.000013s ]
INFO: [ app_init ] --END-- [ RunTime:0.000276s ]
INFO: [ app_begin ] --START--
INFO: Run Behavior\ReadHtmlCacheBehavior [ RunTime:0.000348s ]
INFO: [ app_begin ] --END-- [ RunTime:0.000386s ]
SQL: SHOW COLUMNS FROM `cn_user_card` [ RunTime:0.0007s ]
SQL: SELECT COUNT(*) AS tp_count FROM `cn_user_card` INNER JOIN cn_user ON cn_user.uuid = cn_user_card.user  LIMIT 1   [ RunTime:0.0003s ]
SQL: SELECT `nickname`,`sex`,`phone`,`card_code`,`card_level`,`card_remain`,`address`,`headImage` FROM `cn_user_card` INNER JOIN cn_user ON cn_user.uuid = cn_user_card.user  LIMIT 0,2   [ RunTime:0.0003s ]

[ 2016-11-25T15:41:26+08:00 ] 1.80.219.150 /cnconsum/index.php/Merchant/Commodity/commodity
INFO: [ app_init ] --START--
INFO: Run Behavior\BuildLiteBehavior [ RunTime:0.000014s ]
INFO: [ app_init ] --END-- [ RunTime:0.000294s ]

[ 2016-11-25T15:52:21+08:00 ] 1.80.219.150 /cnconsum/index.php/Merchant/Commodity/commodity
INFO: [ app_init ] --START--
INFO: Run Behavior\BuildLiteBehavior [ RunTime:0.000014s ]
INFO: [ app_init ] --END-- [ RunTime:0.000326s ]

[ 2016-11-25T15:52:25+08:00 ] 1.80.219.150 /cnconsum/index.php/Merchant/Commodity/commodity
INFO: [ app_init ] --START--
INFO: Run Behavior\BuildLiteBehavior [ RunTime:0.000032s ]
INFO: [ app_init ] --END-- [ RunTime:0.000338s ]
INFO: [ app_begin ] --START--
INFO: Run Behavior\ReadHtmlCacheBehavior [ RunTime:0.000659s ]
INFO: [ app_begin ] --END-- [ RunTime:0.000766s ]
NOTIC: [2048] Declaration of Merchant\Controller\CommodityController::get() should be compatible with Think\Controller::get($name = '') /var/www/html/cnconsum/Project/Merchant/Controller/CommodityController.class.php 第 204 行.
SQL: SHOW COLUMNS FROM `cn_commodity` [ RunTime:0.0008s ]
SQL: SELECT COUNT(*) AS tp_count FROM `cn_commodity` LIMIT 1   [ RunTime:0.0003s ]
SQL: SELECT * FROM `cn_commodity` LIMIT 8,8   [ RunTime:0.0003s ]

[ 2016-11-25T15:52:28+08:00 ] 1.80.219.150 /cnconsum/index.php/Merchant/Commodity/commodity
INFO: [ app_init ] --START--
INFO: Run Behavior\BuildLiteBehavior [ RunTime:0.000018s ]
INFO: [ app_init ] --END-- [ RunTime:0.000299s ]
INFO: [ app_begin ] --START--
INFO: Run Behavior\ReadHtmlCacheBehavior [ RunTime:0.000353s ]
INFO: [ app_begin ] --END-- [ RunTime:0.000399s ]
NOTIC: [2048] Declaration of Merchant\Controller\CommodityController::get() should be compatible with Think\Controller::get($name = '') /var/www/html/cnconsum/Project/Merchant/Controller/CommodityController.class.php 第 204 行.
SQL: SHOW COLUMNS FROM `cn_commodity` [ RunTime:0.0008s ]
SQL: SELECT COUNT(*) AS tp_count FROM `cn_commodity` LIMIT 1   [ RunTime:0.0003s ]
SQL: SELECT * FROM `cn_commodity` LIMIT 16,8   [ RunTime:0.0002s ]

[ 2016-11-25T15:52:31+08:00 ] 1.80.219.150 /cnconsum/index.php/Merchant/Commodity/commodity
INFO: [ app_init ] --START--
INFO: Run Behavior\BuildLiteBehavior [ RunTime:0.000022s ]
INFO: [ app_init ] --END-- [ RunTime:0.000441s ]
INFO: [ app_begin ] --START--
INFO: Run Behavior\ReadHtmlCacheBehavior [ RunTime:0.000562s ]
INFO: [ app_begin ] --END-- [ RunTime:0.000626s ]
NOTIC: [2048] Declaration of Merchant\Controller\CommodityController::get() should be compatible with Think\Controller::get($name = '') /var/www/html/cnconsum/Project/Merchant/Controller/CommodityController.class.php 第 204 行.
SQL: SHOW COLUMNS FROM `cn_commodity` [ RunTime:0.0007s ]
SQL: SELECT COUNT(*) AS tp_count FROM `cn_commodity` LIMIT 1   [ RunTime:0.0003s ]
SQL: SELECT * FROM `cn_commodity` LIMIT 24,8   [ RunTime:0.0002s ]

[ 2016-11-25T15:52:33+08:00 ] 1.80.219.150 /cnconsum/index.php/Merchant/Commodity/commodity
INFO: [ app_init ] --START--
INFO: Run Behavior\BuildLiteBehavior [ RunTime:0.000014s ]
INFO: [ app_init ] --END-- [ RunTime:0.000332s ]
INFO: [ app_begin ] --START--
INFO: Run Behavior\ReadHtmlCacheBehavior [ RunTime:0.000535s ]
INFO: [ app_begin ] --END-- [ RunTime:0.000598s ]
NOTIC: [2048] Declaration of Merchant\Controller\CommodityController::get() should be compatible with Think\Controller::get($name = '') /var/www/html/cnconsum/Project/Merchant/Controller/CommodityController.class.php 第 204 行.
SQL: SHOW COLUMNS FROM `cn_commodity` [ RunTime:0.0010s ]
SQL: SELECT COUNT(*) AS tp_count FROM `cn_commodity` LIMIT 1   [ RunTime:0.0003s ]
SQL: SELECT * FROM `cn_commodity` LIMIT 32,8   [ RunTime:0.0002s ]

[ 2016-11-25T15:52:42+08:00 ] 1.80.219.150 /cnconsum/index.php/Merchant/Commodity/commodity
INFO: [ app_init ] --START--
INFO: Run Behavior\BuildLiteBehavior [ RunTime:0.000013s ]
INFO: [ app_init ] --END-- [ RunTime:0.000282s ]
INFO: [ app_begin ] --START--
INFO: Run Behavior\ReadHtmlCacheBehavior [ RunTime:0.000340s ]
INFO: [ app_begin ] --END-- [ RunTime:0.000380s ]
NOTIC: [2048] Declaration of Merchant\Controller\CommodityController::get() should be compatible with Think\Controller::get($name = '') /var/www/html/cnconsum/Project/Merchant/Controller/CommodityController.class.php 第 204 行.
SQL: SHOW COLUMNS FROM `cn_commodity` [ RunTime:0.0009s ]
SQL: SELECT COUNT(*) AS tp_count FROM `cn_commodity` LIMIT 1   [ RunTime:0.0005s ]
SQL: SELECT * FROM `cn_commodity` LIMIT 40,8   [ RunTime:0.0002s ]

[ 2016-11-25T15:52:44+08:00 ] 1.80.219.150 /cnconsum/index.php/Merchant/Commodity/commodity
INFO: [ app_init ] --START--
INFO: Run Behavior\BuildLiteBehavior [ RunTime:0.000039s ]
INFO: [ app_init ] --END-- [ RunTime:0.000334s ]
INFO: [ app_begin ] --START--
INFO: Run Behavior\ReadHtmlCacheBehavior [ RunTime:0.000362s ]
INFO: [ app_begin ] --END-- [ RunTime:0.000414s ]
NOTIC: [2048] Declaration of Merchant\Controller\CommodityController::get() should be compatible with Think\Controller::get($name = '') /var/www/html/cnconsum/Project/Merchant/Controller/CommodityController.class.php 第 204 行.
SQL: SHOW COLUMNS FROM `cn_commodity` [ RunTime:0.0007s ]
SQL: SELECT COUNT(*) AS tp_count FROM `cn_commodity` LIMIT 1   [ RunTime:0.0003s ]
SQL: SELECT * FROM `cn_commodity` LIMIT 32,8   [ RunTime:0.0002s ]

[ 2016-11-25T15:52:46+08:00 ] 1.80.219.150 /cnconsum/index.php/Merchant/Commodity/commodity
INFO: [ app_init ] --START--
INFO: Run Behavior\BuildLiteBehavior [ RunTime:0.000018s ]
INFO: [ app_init ] --END-- [ RunTime:0.000287s ]
INFO: [ app_begin ] --START--
INFO: Run Behavior\ReadHtmlCacheBehavior [ RunTime:0.000377s ]
INFO: [ app_begin ] --END-- [ RunTime:0.000416s ]
NOTIC: [2048] Declaration of Merchant\Controller\CommodityController::get() should be compatible with Think\Controller::get($name = '') /var/www/html/cnconsum/Project/Merchant/Controller/CommodityController.class.php 第 204 行.
SQL: SHOW COLUMNS FROM `cn_commodity` [ RunTime:0.0007s ]
SQL: SELECT COUNT(*) AS tp_count FROM `cn_commodity` LIMIT 1   [ RunTime:0.0002s ]
SQL: SELECT * FROM `cn_commodity` LIMIT 24,8   [ RunTime:0.0002s ]

[ 2016-11-25T15:52:48+08:00 ] 1.80.219.150 /cnconsum/index.php/Merchant/Commodity/commodity
INFO: [ app_init ] --START--
INFO: Run Behavior\BuildLiteBehavior [ RunTime:0.000015s ]
INFO: [ app_init ] --END-- [ RunTime:0.000374s ]
INFO: [ app_begin ] --START--
INFO: Run Behavior\ReadHtmlCacheBehavior [ RunTime:0.000319s ]
INFO: [ app_begin ] --END-- [ RunTime:0.000368s ]
NOTIC: [2048] Declaration of Merchant\Controller\CommodityController::get() should be compatible with Think\Controller::get($name = '') /var/www/html/cnconsum/Project/Merchant/Controller/CommodityController.class.php 第 204 行.
SQL: SHOW COLUMNS FROM `cn_commodity` [ RunTime:0.0007s ]
SQL: SELECT COUNT(*) AS tp_count FROM `cn_commodity` LIMIT 1   [ RunTime:0.0003s ]
SQL: SELECT * FROM `cn_commodity` LIMIT 16,8   [ RunTime:0.0007s ]

[ 2016-11-25T15:54:10+08:00 ] 1.80.219.150 /cnconsum/index.php/Merchant/Vip/vip
INFO: [ app_init ] --START--
INFO: Run Behavior\BuildLiteBehavior [ RunTime:0.000023s ]
INFO: [ app_init ] --END-- [ RunTime:0.000439s ]

[ 2016-11-25T15:54:12+08:00 ] 1.80.219.150 /cnconsum/index.php/Merchant/Commodity/commodity
INFO: [ app_init ] --START--
INFO: Run Behavior\BuildLiteBehavior [ RunTime:0.000016s ]
INFO: [ app_init ] --END-- [ RunTime:0.000312s ]

[ 2016-11-25T15:54:16+08:00 ] 1.80.219.150 /cnconsum/index.php/Merchant/Business/glysz
INFO: [ app_init ] --START--
INFO: Run Behavior\BuildLiteBehavior [ RunTime:0.000019s ]
INFO: [ app_init ] --END-- [ RunTime:0.000410s ]

[ 2016-11-25T16:03:09+08:00 ] 1.80.219.150 /cnconsum/index.php/Merchant/Business/glysz
INFO: [ app_init ] --START--
INFO: Run Behavior\BuildLiteBehavior [ RunTime:0.000015s ]
INFO: [ app_init ] --END-- [ RunTime:0.000310s ]

[ 2016-11-25T16:04:33+08:00 ] 1.80.219.150 /cnconsum/index.php/Merchant/Business/glysz
INFO: [ app_init ] --START--
INFO: Run Behavior\BuildLiteBehavior [ RunTime:0.000015s ]
INFO: [ app_init ] --END-- [ RunTime:0.000315s ]

[ 2016-11-25T16:04:36+08:00 ] 1.80.219.150 /cnconsum/index.php/Merchant/Business/glysz
INFO: [ app_init ] --START--
INFO: Run Behavior\BuildLiteBehavior [ RunTime:0.000019s ]
INFO: [ app_init ] --END-- [ RunTime:0.000321s ]
INFO: [ app_begin ] --START--
INFO: Run Behavior\ReadHtmlCacheBehavior [ RunTime:0.000357s ]
INFO: [ app_begin ] --END-- [ RunTime:0.000397s ]
SQL: SHOW COLUMNS FROM `cn_admin` [ RunTime:0.0007s ]
SQL: SELECT COUNT(*) AS tp_count FROM `cn_admin` LIMIT 1   [ RunTime:0.0003s ]
SQL: SELECT * FROM `cn_admin` LIMIT 3,3   [ RunTime:0.0002s ]

[ 2016-11-25T16:04:37+08:00 ] 1.80.219.150 /cnconsum/index.php/Merchant/Business/glysz
INFO: [ app_init ] --START--
INFO: Run Behavior\BuildLiteBehavior [ RunTime:0.000014s ]
INFO: [ app_init ] --END-- [ RunTime:0.000290s ]
INFO: [ app_begin ] --START--
INFO: Run Behavior\ReadHtmlCacheBehavior [ RunTime:0.000368s ]
INFO: [ app_begin ] --END-- [ RunTime:0.000407s ]
SQL: SHOW COLUMNS FROM `cn_admin` [ RunTime:0.0008s ]
SQL: SELECT COUNT(*) AS tp_count FROM `cn_admin` LIMIT 1   [ RunTime:0.0003s ]
SQL: SELECT * FROM `cn_admin` LIMIT 0,3   [ RunTime:0.0002s ]

[ 2016-11-25T16:04:53+08:00 ] 1.80.219.150 /cnconsum/index.php/Merchant/Business/image/dialog_cb.png
INFO: [ app_init ] --START--
INFO: Run Behavior\BuildLiteBehavior [ RunTime:0.000018s ]
INFO: [ app_init ] --END-- [ RunTime:0.000350s ]

[ 2016-11-25T16:04:53+08:00 ] 1.80.219.150 /cnconsum/index.php/Merchant/Business/image/window.gif
INFO: [ app_init ] --START--
INFO: Run Behavior\BuildLiteBehavior [ RunTime:0.000020s ]
INFO: [ app_init ] --END-- [ RunTime:0.000391s ]

[ 2016-11-25T16:04:57+08:00 ] 1.80.219.150 /cnconsum/index.php/Merchant/Business/image/dialog_cb.png
INFO: [ app_init ] --START--
INFO: Run Behavior\BuildLiteBehavior [ RunTime:0.000025s ]
INFO: [ app_init ] --END-- [ RunTime:0.000485s ]

[ 2016-11-25T16:04:57+08:00 ] 1.80.219.150 /cnconsum/index.php/Merchant/Business/image/window.gif
INFO: [ app_init ] --START--
INFO: Run Behavior\BuildLiteBehavior [ RunTime:0.000018s ]
INFO: [ app_init ] --END-- [ RunTime:0.000329s ]

[ 2016-11-25T16:05:45+08:00 ] 1.80.219.150 /cnconsum/index.php/Merchant/Business/hyzgl
INFO: [ app_init ] --START--
INFO: Run Behavior\BuildLiteBehavior [ RunTime:0.000014s ]
INFO: [ app_init ] --END-- [ RunTime:0.000275s ]

[ 2016-11-25T16:05:47+08:00 ] 1.80.219.150 /cnconsum/index.php/Merchant/Business/hyzgl
INFO: [ app_init ] --START--
INFO: Run Behavior\BuildLiteBehavior [ RunTime:0.000015s ]
INFO: [ app_init ] --END-- [ RunTime:0.000284s ]
INFO: [ app_begin ] --START--
INFO: Run Behavior\ReadHtmlCacheBehavior [ RunTime:0.000333s ]
INFO: [ app_begin ] --END-- [ RunTime:0.000382s ]
SQL: SHOW COLUMNS FROM `cn_merchant_card` [ RunTime:0.0008s ]
SQL: SELECT COUNT(*) AS tp_count FROM `cn_merchant_card` LIMIT 1   [ RunTime:0.0003s ]
SQL: SELECT * FROM `cn_merchant_card` LIMIT 8,8   [ RunTime:0.0003s ]

[ 2016-11-25T16:05:49+08:00 ] 1.80.219.150 /cnconsum/index.php/Merchant/Business/hyzgl
INFO: [ app_init ] --START--
INFO: Run Behavior\BuildLiteBehavior [ RunTime:0.000018s ]
INFO: [ app_init ] --END-- [ RunTime:0.000508s ]
INFO: [ app_begin ] --START--
INFO: Run Behavior\ReadHtmlCacheBehavior [ RunTime:0.000683s ]
INFO: [ app_begin ] --END-- [ RunTime:0.000781s ]
SQL: SHOW COLUMNS FROM `cn_merchant_card` [ RunTime:0.0010s ]
SQL: SELECT COUNT(*) AS tp_count FROM `cn_merchant_card` LIMIT 1   [ RunTime:0.0003s ]
SQL: SELECT * FROM `cn_merchant_card` LIMIT 0,8   [ RunTime:0.0003s ]

[ 2016-11-25T16:05:50+08:00 ] 1.80.219.150 /cnconsum/index.php/Merchant/Business/hyzgl
INFO: [ app_init ] --START--
INFO: Run Behavior\BuildLiteBehavior [ RunTime:0.000015s ]
INFO: [ app_init ] --END-- [ RunTime:0.000267s ]
INFO: [ app_begin ] --START--
INFO: Run Behavior\ReadHtmlCacheBehavior [ RunTime:0.000347s ]
INFO: [ app_begin ] --END-- [ RunTime:0.000387s ]
SQL: SHOW COLUMNS FROM `cn_merchant_card` [ RunTime:0.0007s ]
SQL: SELECT COUNT(*) AS tp_count FROM `cn_merchant_card` LIMIT 1   [ RunTime:0.0003s ]
SQL: SELECT * FROM `cn_merchant_card` LIMIT 8,8   [ RunTime:0.0003s ]

[ 2016-11-25T16:05:50+08:00 ] 1.80.219.150 /cnconsum/index.php/Merchant/Business/hyzgl
INFO: [ app_init ] --START--
INFO: Run Behavior\BuildLiteBehavior [ RunTime:0.000014s ]
INFO: [ app_init ] --END-- [ RunTime:0.000310s ]
INFO: [ app_begin ] --START--
INFO: Run Behavior\ReadHtmlCacheBehavior [ RunTime:0.000371s ]
INFO: [ app_begin ] --END-- [ RunTime:0.000415s ]
SQL: SHOW COLUMNS FROM `cn_merchant_card` [ RunTime:0.0008s ]
SQL: SELECT COUNT(*) AS tp_count FROM `cn_merchant_card` LIMIT 1   [ RunTime:0.0002s ]
SQL: SELECT * FROM `cn_merchant_card` LIMIT 16,8   [ RunTime:0.0003s ]

[ 2016-11-25T16:05:57+08:00 ] 1.80.219.150 /cnconsum/index.php/Merchant/Business/hyzgl
INFO: [ app_init ] --START--
INFO: Run Behavior\BuildLiteBehavior [ RunTime:0.000014s ]
INFO: [ app_init ] --END-- [ RunTime:0.000316s ]

[ 2016-11-25T16:06:01+08:00 ] 1.80.219.150 /cnconsum/index.php/Merchant/Business/sxed
INFO: [ app_init ] --START--
INFO: Run Behavior\BuildLiteBehavior [ RunTime:0.000013s ]
INFO: [ app_init ] --END-- [ RunTime:0.000275s ]

[ 2016-11-25T16:06:17+08:00 ] 180.153.214.178 /cnconsum/index.php/Merchant/Business/sxed
INFO: [ app_init ] --START--
INFO: Run Behavior\BuildLiteBehavior [ RunTime:0.000014s ]
INFO: [ app_init ] --END-- [ RunTime:0.000387s ]

[ 2016-11-25T16:21:14+08:00 ] 1.80.219.150 /cnconsum/index.php/Merchant/Vip/vip
INFO: [ app_init ] --START--
INFO: Run Behavior\BuildLiteBehavior [ RunTime:0.000015s ]
INFO: [ app_init ] --END-- [ RunTime:0.000312s ]

[ 2016-11-25T16:29:38+08:00 ] 1.80.219.150 /cnconsum/index.php/Merchant/Vip/vip
INFO: [ app_init ] --START--
INFO: Run Behavior\BuildLiteBehavior [ RunTime:0.000015s ]
INFO: [ app_init ] --END-- [ RunTime:0.000267s ]

[ 2016-11-25T16:31:03+08:00 ] 1.80.219.150 /cnconsum/index.php/Merchant/Vip/vip
INFO: [ app_init ] --START--
INFO: Run Behavior\BuildLiteBehavior [ RunTime:0.000014s ]
INFO: [ app_init ] --END-- [ RunTime:0.000306s ]
INFO: [ app_begin ] --START--
INFO: Run Behavior\ReadHtmlCacheBehavior [ RunTime:0.000373s ]
INFO: [ app_begin ] --END-- [ RunTime:0.000422s ]
SQL: SHOW COLUMNS FROM `cn_user_card` [ RunTime:0.0007s ]
SQL: SELECT COUNT(*) AS tp_count FROM `cn_user_card` INNER JOIN cn_user ON cn_user.uuid = cn_user_card.user  LIMIT 1   [ RunTime:0.0004s ]
SQL: SELECT `nickname`,`sex`,`phone`,`card_code`,`card_level`,`card_remain`,`address`,`headImage` FROM `cn_user_card` INNER JOIN cn_user ON cn_user.uuid = cn_user_card.user  LIMIT 2,2   [ RunTime:0.0003s ]

[ 2016-11-25T16:31:06+08:00 ] 1.80.219.150 /cnconsum/index.php/Merchant/Vip/vip
INFO: [ app_init ] --START--
INFO: Run Behavior\BuildLiteBehavior [ RunTime:0.000015s ]
INFO: [ app_init ] --END-- [ RunTime:0.000294s ]
INFO: [ app_begin ] --START--
INFO: Run Behavior\ReadHtmlCacheBehavior [ RunTime:0.000411s ]
INFO: [ app_begin ] --END-- [ RunTime:0.000451s ]
SQL: SHOW COLUMNS FROM `cn_user_card` [ RunTime:0.0008s ]
SQL: SELECT COUNT(*) AS tp_count FROM `cn_user_card` INNER JOIN cn_user ON cn_user.uuid = cn_user_card.user  LIMIT 1   [ RunTime:0.0004s ]
SQL: SELECT `nickname`,`sex`,`phone`,`card_code`,`card_level`,`card_remain`,`address`,`headImage` FROM `cn_user_card` INNER JOIN cn_user ON cn_user.uuid = cn_user_card.user  LIMIT 0,2   [ RunTime:0.0002s ]

[ 2016-11-25T16:31:19+08:00 ] 1.80.219.150 /cnconsum/index.php/Merchant/Vip/vip
INFO: [ app_init ] --START--
INFO: Run Behavior\BuildLiteBehavior [ RunTime:0.000013s ]
INFO: [ app_init ] --END-- [ RunTime:0.000261s ]
INFO: [ app_begin ] --START--
INFO: Run Behavior\ReadHtmlCacheBehavior [ RunTime:0.000346s ]
INFO: [ app_begin ] --END-- [ RunTime:0.000385s ]
SQL: SHOW COLUMNS FROM `cn_user_card` [ RunTime:0.0011s ]
SQL: SELECT COUNT(*) AS tp_count FROM `cn_user_card` INNER JOIN cn_user ON cn_user.uuid = cn_user_card.user  LIMIT 1   [ RunTime:0.0016s ]
SQL: SELECT `nickname`,`sex`,`phone`,`card_code`,`card_level`,`card_remain`,`address`,`headImage` FROM `cn_user_card` INNER JOIN cn_user ON cn_user.uuid = cn_user_card.user  LIMIT 2,2   [ RunTime:0.0003s ]

[ 2016-11-25T16:31:22+08:00 ] 1.80.219.150 /cnconsum/index.php/Merchant/Vip/vip
INFO: [ app_init ] --START--
INFO: Run Behavior\BuildLiteBehavior [ RunTime:0.000014s ]
INFO: [ app_init ] --END-- [ RunTime:0.000256s ]
INFO: [ app_begin ] --START--
INFO: Run Behavior\ReadHtmlCacheBehavior [ RunTime:0.000313s ]
INFO: [ app_begin ] --END-- [ RunTime:0.000350s ]
SQL: SHOW COLUMNS FROM `cn_user_card` [ RunTime:0.0008s ]
SQL: SELECT COUNT(*) AS tp_count FROM `cn_user_card` INNER JOIN cn_user ON cn_user.uuid = cn_user_card.user  LIMIT 1   [ RunTime:0.0004s ]
SQL: SELECT `nickname`,`sex`,`phone`,`card_code`,`card_level`,`card_remain`,`address`,`headImage` FROM `cn_user_card` INNER JOIN cn_user ON cn_user.uuid = cn_user_card.user  LIMIT 0,2   [ RunTime:0.0003s ]

[ 2016-11-25T16:31:35+08:00 ] 1.80.219.150 /cnconsum/index.php/Merchant/Commodity/commodity
INFO: [ app_init ] --START--
INFO: Run Behavior\BuildLiteBehavior [ RunTime:0.000014s ]
INFO: [ app_init ] --END-- [ RunTime:0.000256s ]

[ 2016-11-25T16:31:41+08:00 ] 1.80.219.150 /cnconsum/index.php/Merchant/Commodity/commodity
INFO: [ app_init ] --START--
INFO: Run Behavior\BuildLiteBehavior [ RunTime:0.000015s ]
INFO: [ app_init ] --END-- [ RunTime:0.000315s ]
INFO: [ app_begin ] --START--
INFO: Run Behavior\ReadHtmlCacheBehavior [ RunTime:0.000384s ]
INFO: [ app_begin ] --END-- [ RunTime:0.000423s ]
NOTIC: [2048] Declaration of Merchant\Controller\CommodityController::get() should be compatible with Think\Controller::get($name = '') /var/www/html/cnconsum/Project/Merchant/Controller/CommodityController.class.php 第 204 行.
SQL: SHOW COLUMNS FROM `cn_commodity` [ RunTime:0.0009s ]
SQL: SELECT COUNT(*) AS tp_count FROM `cn_commodity` LIMIT 1   [ RunTime:0.0004s ]
SQL: SELECT * FROM `cn_commodity` LIMIT 8,8   [ RunTime:0.0003s ]

[ 2016-11-25T16:31:42+08:00 ] 1.80.219.150 /cnconsum/index.php/Merchant/Commodity/commodity
INFO: [ app_init ] --START--
INFO: Run Behavior\BuildLiteBehavior [ RunTime:0.000020s ]
INFO: [ app_init ] --END-- [ RunTime:0.000281s ]
INFO: [ app_begin ] --START--
INFO: Run Behavior\ReadHtmlCacheBehavior [ RunTime:0.000362s ]
INFO: [ app_begin ] --END-- [ RunTime:0.000411s ]
NOTIC: [2048] Declaration of Merchant\Controller\CommodityController::get() should be compatible with Think\Controller::get($name = '') /var/www/html/cnconsum/Project/Merchant/Controller/CommodityController.class.php 第 204 行.
SQL: SHOW COLUMNS FROM `cn_commodity` [ RunTime:0.0007s ]
SQL: SELECT COUNT(*) AS tp_count FROM `cn_commodity` LIMIT 1   [ RunTime:0.0003s ]
SQL: SELECT * FROM `cn_commodity` LIMIT 16,8   [ RunTime:0.0002s ]

[ 2016-11-25T16:31:43+08:00 ] 1.80.219.150 /cnconsum/index.php/Merchant/Commodity/commodity
INFO: [ app_init ] --START--
INFO: Run Behavior\BuildLiteBehavior [ RunTime:0.000019s ]
INFO: [ app_init ] --END-- [ RunTime:0.000396s ]
INFO: [ app_begin ] --START--
INFO: Run Behavior\ReadHtmlCacheBehavior [ RunTime:0.000490s ]
INFO: [ app_begin ] --END-- [ RunTime:0.000540s ]
NOTIC: [2048] Declaration of Merchant\Controller\CommodityController::get() should be compatible with Think\Controller::get($name = '') /var/www/html/cnconsum/Project/Merchant/Controller/CommodityController.class.php 第 204 行.
SQL: SHOW COLUMNS FROM `cn_commodity` [ RunTime:0.0007s ]
SQL: SELECT COUNT(*) AS tp_count FROM `cn_commodity` LIMIT 1   [ RunTime:0.0003s ]
SQL: SELECT * FROM `cn_commodity` LIMIT 24,8   [ RunTime:0.0002s ]

[ 2016-11-25T16:31:44+08:00 ] 1.80.219.150 /cnconsum/index.php/Merchant/Commodity/commodity
INFO: [ app_init ] --START--
INFO: Run Behavior\BuildLiteBehavior [ RunTime:0.000014s ]
INFO: [ app_init ] --END-- [ RunTime:0.000268s ]
INFO: [ app_begin ] --START--
INFO: Run Behavior\ReadHtmlCacheBehavior [ RunTime:0.000338s ]
INFO: [ app_begin ] --END-- [ RunTime:0.000385s ]
NOTIC: [2048] Declaration of Merchant\Controller\CommodityController::get() should be compatible with Think\Controller::get($name = '') /var/www/html/cnconsum/Project/Merchant/Controller/CommodityController.class.php 第 204 行.
SQL: SHOW COLUMNS FROM `cn_commodity` [ RunTime:0.0009s ]
SQL: SELECT COUNT(*) AS tp_count FROM `cn_commodity` LIMIT 1   [ RunTime:0.0003s ]
SQL: SELECT * FROM `cn_commodity` LIMIT 32,8   [ RunTime:0.0002s ]

[ 2016-11-25T16:31:45+08:00 ] 1.80.219.150 /cnconsum/index.php/Merchant/Commodity/commodity
INFO: [ app_init ] --START--
INFO: Run Behavior\BuildLiteBehavior [ RunTime:0.000014s ]
INFO: [ app_init ] --END-- [ RunTime:0.000276s ]
INFO: [ app_begin ] --START--
INFO: Run Behavior\ReadHtmlCacheBehavior [ RunTime:0.000348s ]
INFO: [ app_begin ] --END-- [ RunTime:0.000419s ]
NOTIC: [2048] Declaration of Merchant\Controller\CommodityController::get() should be compatible with Think\Controller::get($name = '') /var/www/html/cnconsum/Project/Merchant/Controller/CommodityController.class.php 第 204 行.
SQL: SHOW COLUMNS FROM `cn_commodity` [ RunTime:0.0007s ]
SQL: SELECT COUNT(*) AS tp_count FROM `cn_commodity` LIMIT 1   [ RunTime:0.0003s ]
SQL: SELECT * FROM `cn_commodity` LIMIT 40,8   [ RunTime:0.0002s ]

[ 2016-11-25T16:31:46+08:00 ] 1.80.219.150 /cnconsum/index.php/Merchant/Commodity/commodity
INFO: [ app_init ] --START--
INFO: Run Behavior\BuildLiteBehavior [ RunTime:0.000014s ]
INFO: [ app_init ] --END-- [ RunTime:0.000490s ]
INFO: [ app_begin ] --START--
INFO: Run Behavior\ReadHtmlCacheBehavior [ RunTime:0.000427s ]
INFO: [ app_begin ] --END-- [ RunTime:0.000474s ]
NOTIC: [2048] Declaration of Merchant\Controller\CommodityController::get() should be compatible with Think\Controller::get($name = '') /var/www/html/cnconsum/Project/Merchant/Controller/CommodityController.class.php 第 204 行.
SQL: SHOW COLUMNS FROM `cn_commodity` [ RunTime:0.0008s ]
SQL: SELECT COUNT(*) AS tp_count FROM `cn_commodity` LIMIT 1   [ RunTime:0.0003s ]
SQL: SELECT * FROM `cn_commodity` LIMIT 32,8   [ RunTime:0.0002s ]

[ 2016-11-25T16:31:48+08:00 ] 1.80.219.150 /cnconsum/index.php/Merchant/Commodity/commodity
INFO: [ app_init ] --START--
INFO: Run Behavior\BuildLiteBehavior [ RunTime:0.000014s ]
INFO: [ app_init ] --END-- [ RunTime:0.000260s ]

[ 2016-11-25T16:31:49+08:00 ] 1.80.219.150 /cnconsum/index.php/Merchant/Vip/vip
INFO: [ app_init ] --START--
INFO: Run Behavior\BuildLiteBehavior [ RunTime:0.000015s ]
INFO: [ app_init ] --END-- [ RunTime:0.000262s ]

[ 2016-11-25T16:31:57+08:00 ] 1.80.219.150 /cnconsum/index.php/Merchant/Account/account
INFO: [ app_init ] --START--
INFO: Run Behavior\BuildLiteBehavior [ RunTime:0.000014s ]
INFO: [ app_init ] --END-- [ RunTime:0.000281s ]

