[ 2016-12-07T09:21:55+08:00 ] 1.80.216.179 /cnconsum/Merchant/merchant/loginView
INFO: [ app_init ] --START--
INFO: Run Behavior\BuildLiteBehavior [ RunTime:0.000020s ]
INFO: [ app_init ] --END-- [ RunTime:0.000365s ]

[ 2016-12-07T09:21:57+08:00 ] 1.80.216.179 /cnconsum/Merchant/merchant/login
INFO: [ app_init ] --START--
INFO: Run Behavior\BuildLiteBehavior [ RunTime:0.000013s ]
INFO: [ app_init ] --END-- [ RunTime:0.000278s ]

[ 2016-12-07T09:22:00+08:00 ] 1.80.216.179 /cnconsum/index.php/Merchant/Business/hyzgl.html
INFO: [ app_init ] --START--
INFO: Run Behavior\BuildLiteBehavior [ RunTime:0.000015s ]
INFO: [ app_init ] --END-- [ RunTime:0.000328s ]

[ 2016-12-07T09:22:05+08:00 ] 140.207.124.105 /cnconsum/Merchant/merchant/loginView
INFO: [ app_init ] --START--
INFO: Run Behavior\BuildLiteBehavior [ RunTime:0.000019s ]
INFO: [ app_init ] --END-- [ RunTime:0.000338s ]

[ 2016-12-07T09:22:05+08:00 ] 140.207.124.105 /cnconsum/Merchant/merchant/%20/cnconsum/Public/js/jquery.min.js
INFO: [ app_init ] --START--
INFO: Run Behavior\BuildLiteBehavior [ RunTime:0.000014s ]
INFO: [ app_init ] --END-- [ RunTime:0.000267s ]
ERR: 非法操作: 

[ 2016-12-07T09:22:05+08:00 ] 140.207.124.105 /cnconsum/Merchant/merchant/%20/cnconsum/Public/js/login.js
INFO: [ app_init ] --START--
INFO: Run Behavior\BuildLiteBehavior [ RunTime:0.000013s ]
INFO: [ app_init ] --END-- [ RunTime:0.000284s ]
ERR: 非法操作: 

[ 2016-12-07T09:22:05+08:00 ] 140.207.124.105 /cnconsum/Merchant/merchant/%20/cnconsum/Public/js/jquery.luara.0.0.1.min.js
INFO: [ app_init ] --START--
INFO: Run Behavior\BuildLiteBehavior [ RunTime:0.000014s ]
INFO: [ app_init ] --END-- [ RunTime:0.000254s ]
ERR: 非法操作: 

[ 2016-12-07T09:22:10+08:00 ] 101.226.33.239 /cnconsum/index.php/Merchant/Business/hyzgl.html
INFO: [ app_init ] --START--
INFO: Run Behavior\BuildLiteBehavior [ RunTime:0.000019s ]
INFO: [ app_init ] --END-- [ RunTime:0.000371s ]

[ 2016-12-07T10:25:55+08:00 ] 1.80.216.179 /cnconsum/Merchant/merchant/loginView
INFO: [ app_init ] --START--
INFO: Run Behavior\BuildLiteBehavior [ RunTime:0.000042s ]
INFO: [ app_init ] --END-- [ RunTime:0.000444s ]

[ 2016-12-07T10:26:05+08:00 ] 1.80.216.179 /cnconsum/Merchant/merchant/index/qrcode
INFO: [ app_init ] --START--
INFO: Run Behavior\BuildLiteBehavior [ RunTime:0.000014s ]
INFO: [ app_init ] --END-- [ RunTime:0.000264s ]

[ 2016-12-07T10:26:22+08:00 ] 180.153.206.23 /cnconsum/Merchant/merchant/index/qrcode
INFO: [ app_init ] --START--
INFO: Run Behavior\BuildLiteBehavior [ RunTime:0.000013s ]
INFO: [ app_init ] --END-- [ RunTime:0.000254s ]

[ 2016-12-07T10:27:07+08:00 ] 1.80.216.179 /cnconsum/Merchant/merchant/index/qrcode
INFO: [ app_init ] --START--
INFO: Run Behavior\BuildLiteBehavior [ RunTime:0.000013s ]
INFO: [ app_init ] --END-- [ RunTime:0.000280s ]

[ 2016-12-07T10:27:42+08:00 ] 1.80.216.179 /cnconsum/Merchant/merchant/index/qrcode
INFO: [ app_init ] --START--
INFO: Run Behavior\BuildLiteBehavior [ RunTime:0.000013s ]
INFO: [ app_init ] --END-- [ RunTime:0.000285s ]

[ 2016-12-07T10:27:44+08:00 ] 1.80.216.179 /cnconsum/Merchant/merchant/index/qrcode
INFO: [ app_init ] --START--
INFO: Run Behavior\BuildLiteBehavior [ RunTime:0.000014s ]
INFO: [ app_init ] --END-- [ RunTime:0.000349s ]

[ 2016-12-07T10:27:44+08:00 ] 1.80.216.179 /cnconsum/Merchant/merchant/index/qrcode
INFO: [ app_init ] --START--
INFO: Run Behavior\BuildLiteBehavior [ RunTime:0.000013s ]
INFO: [ app_init ] --END-- [ RunTime:0.000263s ]

[ 2016-12-07T10:27:58+08:00 ] 1.80.216.179 /cnconsum/Merchant/merchant/index/qrcode
INFO: [ app_init ] --START--
INFO: Run Behavior\BuildLiteBehavior [ RunTime:0.000013s ]
INFO: [ app_init ] --END-- [ RunTime:0.000262s ]

[ 2016-12-07T10:27:58+08:00 ] 1.80.216.179 /cnconsum/Merchant/merchant/index/qrcode
INFO: [ app_init ] --START--
INFO: Run Behavior\BuildLiteBehavior [ RunTime:0.000013s ]
INFO: [ app_init ] --END-- [ RunTime:0.000294s ]

[ 2016-12-07T10:28:22+08:00 ] 1.80.216.179 /cnconsum/Merchant/merchant/index/qrcode
INFO: [ app_init ] --START--
INFO: Run Behavior\BuildLiteBehavior [ RunTime:0.000020s ]
INFO: [ app_init ] --END-- [ RunTime:0.000358s ]

[ 2016-12-07T10:28:23+08:00 ] 1.80.216.179 /cnconsum/Merchant/merchant/index/qrcode
INFO: [ app_init ] --START--
INFO: Run Behavior\BuildLiteBehavior [ RunTime:0.000014s ]
INFO: [ app_init ] --END-- [ RunTime:0.000359s ]

[ 2016-12-07T10:28:23+08:00 ] 1.80.216.179 /cnconsum/Merchant/merchant/index/qrcode
INFO: [ app_init ] --START--
INFO: Run Behavior\BuildLiteBehavior [ RunTime:0.000013s ]
INFO: [ app_init ] --END-- [ RunTime:0.000260s ]

[ 2016-12-07T10:28:24+08:00 ] 1.80.216.179 /cnconsum/Merchant/merchant/index/qrcode
INFO: [ app_init ] --START--
INFO: Run Behavior\BuildLiteBehavior [ RunTime:0.000019s ]
INFO: [ app_init ] --END-- [ RunTime:0.000333s ]

[ 2016-12-07T10:28:44+08:00 ] 1.80.216.179 /cnconsum/Merchant/merchant/index/index
INFO: [ app_init ] --START--
INFO: Run Behavior\BuildLiteBehavior [ RunTime:0.000014s ]
INFO: [ app_init ] --END-- [ RunTime:0.000329s ]

[ 2016-12-07T10:28:54+08:00 ] 140.207.185.109 /cnconsum/Merchant/merchant/index/index
INFO: [ app_init ] --START--
INFO: Run Behavior\BuildLiteBehavior [ RunTime:0.000013s ]
INFO: [ app_init ] --END-- [ RunTime:0.000308s ]

[ 2016-12-07T10:28:55+08:00 ] 1.80.216.179 /cnconsum/Merchant/merchant/index/qrcode
INFO: [ app_init ] --START--
INFO: Run Behavior\BuildLiteBehavior [ RunTime:0.000013s ]
INFO: [ app_init ] --END-- [ RunTime:0.000288s ]

[ 2016-12-07T10:29:01+08:00 ] 1.80.216.179 /cnconsum/Merchant/merchant/index
INFO: [ app_init ] --START--
INFO: Run Behavior\BuildLiteBehavior [ RunTime:0.000015s ]
INFO: [ app_init ] --END-- [ RunTime:0.000265s ]

[ 2016-12-07T10:29:07+08:00 ] 1.80.216.179 /cnconsum/Merchant/merchant/loginView
INFO: [ app_init ] --START--
INFO: Run Behavior\BuildLiteBehavior [ RunTime:0.000017s ]
INFO: [ app_init ] --END-- [ RunTime:0.000520s ]

[ 2016-12-07T10:29:15+08:00 ] 1.80.216.179 /cnconsum/Merchant/merchant/index
INFO: [ app_init ] --START--
INFO: Run Behavior\BuildLiteBehavior [ RunTime:0.000017s ]
INFO: [ app_init ] --END-- [ RunTime:0.000306s ]

[ 2016-12-07T10:29:16+08:00 ] 101.226.89.119 /cnconsum/Merchant/merchant/index
INFO: [ app_init ] --START--
INFO: Run Behavior\BuildLiteBehavior [ RunTime:0.000014s ]
INFO: [ app_init ] --END-- [ RunTime:0.000348s ]

[ 2016-12-07T10:30:42+08:00 ] 1.80.216.179 /cnconsum/Merchant/merchant/loginView
INFO: [ app_init ] --START--
INFO: Run Behavior\BuildLiteBehavior [ RunTime:0.000017s ]
INFO: [ app_init ] --END-- [ RunTime:0.000387s ]

[ 2016-12-07T10:30:52+08:00 ] 1.80.216.179 /cnconsum/Merchant/merchant/qrcode
INFO: [ app_init ] --START--
INFO: Run Behavior\BuildLiteBehavior [ RunTime:0.000020s ]
INFO: [ app_init ] --END-- [ RunTime:0.000369s ]

[ 2016-12-07T10:31:08+08:00 ] 101.226.33.240 /cnconsum/Merchant/merchant/qrcode
INFO: [ app_init ] --START--
INFO: Run Behavior\BuildLiteBehavior [ RunTime:0.000012s ]
INFO: [ app_init ] --END-- [ RunTime:0.000283s ]

[ 2016-12-07T10:31:14+08:00 ] 1.80.216.179 /cnconsum/Merchant/merchant/qrcode
INFO: [ app_init ] --START--
INFO: Run Behavior\BuildLiteBehavior [ RunTime:0.000013s ]
INFO: [ app_init ] --END-- [ RunTime:0.000284s ]

[ 2016-12-07T10:46:06+08:00 ] 1.80.216.179 /cnconsum/Merchant/merchant/qrcode
INFO: [ app_init ] --START--
INFO: Run Behavior\BuildLiteBehavior [ RunTime:0.000013s ]
INFO: [ app_init ] --END-- [ RunTime:0.000280s ]

[ 2016-12-07T10:46:22+08:00 ] 180.153.206.23 /cnconsum/Merchant/merchant/qrcode
INFO: [ app_init ] --START--
INFO: Run Behavior\BuildLiteBehavior [ RunTime:0.000018s ]
INFO: [ app_init ] --END-- [ RunTime:0.000293s ]

[ 2016-12-07T11:02:44+08:00 ] 1.80.216.179 /cnconsum/Merchant/merchant/loginView
INFO: [ app_init ] --START--
INFO: Run Behavior\BuildLiteBehavior [ RunTime:0.000014s ]
INFO: [ app_init ] --END-- [ RunTime:0.000312s ]

[ 2016-12-07T11:02:52+08:00 ] 1.80.216.179 /cnconsum/Merchant/merchant/qrcode
INFO: [ app_init ] --START--
INFO: Run Behavior\BuildLiteBehavior [ RunTime:0.000013s ]
INFO: [ app_init ] --END-- [ RunTime:0.000327s ]

[ 2016-12-07T11:04:37+08:00 ] 1.80.216.179 /cnconsum/Merchant/merchant/qrcode
INFO: [ app_init ] --START--
INFO: Run Behavior\BuildLiteBehavior [ RunTime:0.000014s ]
INFO: [ app_init ] --END-- [ RunTime:0.000272s ]

[ 2016-12-07T11:27:33+08:00 ] 1.80.216.60 /cnconsum/Merchant/merchant/qrcode
INFO: [ app_init ] --START--
INFO: Run Behavior\BuildLiteBehavior [ RunTime:0.000013s ]
INFO: [ app_init ] --END-- [ RunTime:0.000312s ]

[ 2016-12-07T11:31:09+08:00 ] 1.80.216.60 /cnconsum/Merchant/merchant/qrcode
INFO: [ app_init ] --START--
INFO: Run Behavior\BuildLiteBehavior [ RunTime:0.000013s ]
INFO: [ app_init ] --END-- [ RunTime:0.000272s ]

[ 2016-12-07T11:34:02+08:00 ] 1.80.216.60 /cnconsum/Merchant/merchant/qrcode
INFO: [ app_init ] --START--
INFO: Run Behavior\BuildLiteBehavior [ RunTime:0.000023s ]
INFO: [ app_init ] --END-- [ RunTime:0.000345s ]

[ 2016-12-07T11:34:36+08:00 ] 1.80.216.60 /cnconsum/Merchant/merchant/qrcode
INFO: [ app_init ] --START--
INFO: Run Behavior\BuildLiteBehavior [ RunTime:0.000023s ]
INFO: [ app_init ] --END-- [ RunTime:0.000455s ]

[ 2016-12-07T11:35:03+08:00 ] 1.80.216.60 /cnconsum/Merchant/merchant/qrcode
INFO: [ app_init ] --START--
INFO: Run Behavior\BuildLiteBehavior [ RunTime:0.000014s ]
INFO: [ app_init ] --END-- [ RunTime:0.000277s ]

[ 2016-12-07T11:35:27+08:00 ] 1.80.216.60 /cnconsum/Merchant/merchant/qrcode
INFO: [ app_init ] --START--
INFO: Run Behavior\BuildLiteBehavior [ RunTime:0.000014s ]
INFO: [ app_init ] --END-- [ RunTime:0.000332s ]

[ 2016-12-07T11:35:58+08:00 ] 1.80.216.60 /cnconsum/Merchant/merchant/qrcode
INFO: [ app_init ] --START--
INFO: Run Behavior\BuildLiteBehavior [ RunTime:0.000015s ]
INFO: [ app_init ] --END-- [ RunTime:0.000376s ]

[ 2016-12-07T11:36:19+08:00 ] 1.80.216.60 /cnconsum/Merchant/merchant/qrcode
INFO: [ app_init ] --START--
INFO: Run Behavior\BuildLiteBehavior [ RunTime:0.000014s ]
INFO: [ app_init ] --END-- [ RunTime:0.000266s ]

[ 2016-12-07T11:38:00+08:00 ] 1.80.216.60 /cnconsum/Merchant/merchant/qrcode
INFO: [ app_init ] --START--
INFO: Run Behavior\BuildLiteBehavior [ RunTime:0.000013s ]
INFO: [ app_init ] --END-- [ RunTime:0.000271s ]

[ 2016-12-07T11:39:16+08:00 ] 1.80.216.60 /cnconsum/Merchant/merchant/qrcode
INFO: [ app_init ] --START--
INFO: Run Behavior\BuildLiteBehavior [ RunTime:0.000014s ]
INFO: [ app_init ] --END-- [ RunTime:0.000270s ]

[ 2016-12-07T11:39:31+08:00 ] 1.80.216.60 /cnconsum/Merchant/merchant/qrcode
INFO: [ app_init ] --START--
INFO: Run Behavior\BuildLiteBehavior [ RunTime:0.000014s ]
INFO: [ app_init ] --END-- [ RunTime:0.000277s ]

[ 2016-12-07T11:40:37+08:00 ] 1.80.216.60 /cnconsum/Merchant/merchant/qrcode
INFO: [ app_init ] --START--
INFO: Run Behavior\BuildLiteBehavior [ RunTime:0.000014s ]
INFO: [ app_init ] --END-- [ RunTime:0.000292s ]

[ 2016-12-07T11:41:00+08:00 ] 1.80.216.60 /cnconsum/Merchant/merchant/qrcode
INFO: [ app_init ] --START--
INFO: Run Behavior\BuildLiteBehavior [ RunTime:0.000015s ]
INFO: [ app_init ] --END-- [ RunTime:0.000270s ]

[ 2016-12-07T11:43:41+08:00 ] 1.80.216.60 /cnconsum/Merchant/merchant/qrcode
INFO: [ app_init ] --START--
INFO: Run Behavior\BuildLiteBehavior [ RunTime:0.000014s ]
INFO: [ app_init ] --END-- [ RunTime:0.000315s ]

[ 2016-12-07T11:44:27+08:00 ] 1.80.216.60 /cnconsum/Merchant/merchant/qrcode
INFO: [ app_init ] --START--
INFO: Run Behavior\BuildLiteBehavior [ RunTime:0.000014s ]
INFO: [ app_init ] --END-- [ RunTime:0.000269s ]

[ 2016-12-07T11:45:18+08:00 ] 1.80.216.60 /cnconsum/Merchant/merchant/qrcode
INFO: [ app_init ] --START--
INFO: Run Behavior\BuildLiteBehavior [ RunTime:0.000019s ]
INFO: [ app_init ] --END-- [ RunTime:0.000287s ]

[ 2016-12-07T11:46:06+08:00 ] 1.80.216.60 /cnconsum/Merchant/merchant/qrcode
INFO: [ app_init ] --START--
INFO: Run Behavior\BuildLiteBehavior [ RunTime:0.000013s ]
INFO: [ app_init ] --END-- [ RunTime:0.000288s ]

[ 2016-12-07T11:47:00+08:00 ] 1.80.216.60 /cnconsum/Merchant/merchant/qrcode
INFO: [ app_init ] --START--
INFO: Run Behavior\BuildLiteBehavior [ RunTime:0.000013s ]
INFO: [ app_init ] --END-- [ RunTime:0.000251s ]

[ 2016-12-07T11:47:58+08:00 ] 1.80.216.60 /cnconsum/Merchant/merchant/qrcode
INFO: [ app_init ] --START--
INFO: Run Behavior\BuildLiteBehavior [ RunTime:0.000014s ]
INFO: [ app_init ] --END-- [ RunTime:0.000289s ]

[ 2016-12-07T13:58:16+08:00 ] 1.80.216.60 /cnconsum/Merchant/merchant/qrcode
INFO: [ app_init ] --START--
INFO: Run Behavior\BuildLiteBehavior [ RunTime:0.000014s ]
INFO: [ app_init ] --END-- [ RunTime:0.000298s ]

[ 2016-12-07T13:58:16+08:00 ] 1.80.216.60 /cnconsum/Merchant/merchant/__PUBLIC__/Uploads/qrcode/2.png
INFO: [ app_init ] --START--
INFO: Run Behavior\BuildLiteBehavior [ RunTime:0.000014s ]
INFO: [ app_init ] --END-- [ RunTime:0.000280s ]

[ 2016-12-07T13:58:16+08:00 ] 1.80.216.60 /cnconsum/Merchant/merchant/__PUBLIC__/Uploads/qrcode/2.png
INFO: [ app_init ] --START--
INFO: Run Behavior\BuildLiteBehavior [ RunTime:0.000029s ]
INFO: [ app_init ] --END-- [ RunTime:0.000425s ]

[ 2016-12-07T14:01:22+08:00 ] 1.80.216.60 /cnconsum/Merchant/merchant/qrcode
INFO: [ app_init ] --START--
INFO: Run Behavior\BuildLiteBehavior [ RunTime:0.000017s ]
INFO: [ app_init ] --END-- [ RunTime:0.000348s ]

[ 2016-12-07T14:03:23+08:00 ] 1.80.216.60 /cnconsum/Merchant/merchant/qrcode
INFO: [ app_init ] --START--
INFO: Run Behavior\BuildLiteBehavior [ RunTime:0.000014s ]
INFO: [ app_init ] --END-- [ RunTime:0.000298s ]

[ 2016-12-07T14:03:33+08:00 ] 1.80.216.60 /cnconsum/Merchant/merchant/qrcode
INFO: [ app_init ] --START--
INFO: Run Behavior\BuildLiteBehavior [ RunTime:0.000013s ]
INFO: [ app_init ] --END-- [ RunTime:0.000271s ]

[ 2016-12-07T14:03:34+08:00 ] 1.80.216.60 /cnconsum/Merchant/merchant/qrcode
INFO: [ app_init ] --START--
INFO: Run Behavior\BuildLiteBehavior [ RunTime:0.000018s ]
INFO: [ app_init ] --END-- [ RunTime:0.000358s ]

[ 2016-12-07T14:17:57+08:00 ] 1.80.216.60 /cnconsum/Merchant/merchant/qrcode
INFO: [ app_init ] --START--
INFO: Run Behavior\BuildLiteBehavior [ RunTime:0.000015s ]
INFO: [ app_init ] --END-- [ RunTime:0.000285s ]

[ 2016-12-07T14:19:00+08:00 ] 1.80.216.60 /cnconsum/Merchant/merchant/qrcode
INFO: [ app_init ] --START--
INFO: Run Behavior\BuildLiteBehavior [ RunTime:0.000014s ]
INFO: [ app_init ] --END-- [ RunTime:0.000295s ]

[ 2016-12-07T14:20:18+08:00 ] 1.80.216.60 /cnconsum/Merchant/merchant/qrcode
INFO: [ app_init ] --START--
INFO: Run Behavior\BuildLiteBehavior [ RunTime:0.000014s ]
INFO: [ app_init ] --END-- [ RunTime:0.000256s ]

[ 2016-12-07T15:06:40+08:00 ] 1.80.216.60 /cnconsum/Merchant/merchant/qrcode
INFO: [ app_init ] --START--
INFO: Run Behavior\BuildLiteBehavior [ RunTime:0.000014s ]
INFO: [ app_init ] --END-- [ RunTime:0.000264s ]

[ 2016-12-07T15:06:58+08:00 ] 1.80.216.60 /cnconsum/Merchant/merchant/qrcode
INFO: [ app_init ] --START--
INFO: Run Behavior\BuildLiteBehavior [ RunTime:0.000013s ]
INFO: [ app_init ] --END-- [ RunTime:0.000262s ]

[ 2016-12-07T15:07:22+08:00 ] 1.80.216.60 /cnconsum/Merchant/merchant/qrcode
INFO: [ app_init ] --START--
INFO: Run Behavior\BuildLiteBehavior [ RunTime:0.000013s ]
INFO: [ app_init ] --END-- [ RunTime:0.000261s ]

[ 2016-12-07T15:08:07+08:00 ] 1.80.216.60 /cnconsum/Merchant/merchant/qrcode
INFO: [ app_init ] --START--
INFO: Run Behavior\BuildLiteBehavior [ RunTime:0.000013s ]
INFO: [ app_init ] --END-- [ RunTime:0.000315s ]

[ 2016-12-07T15:18:23+08:00 ] 1.80.216.60 /cnconsum/Merchant/merchant/qrcode
INFO: [ app_init ] --START--
INFO: Run Behavior\BuildLiteBehavior [ RunTime:0.000014s ]
INFO: [ app_init ] --END-- [ RunTime:0.000328s ]

[ 2016-12-07T15:18:25+08:00 ] 1.80.216.60 /cnconsum/Merchant/merchant/qrcode
INFO: [ app_init ] --START--
INFO: Run Behavior\BuildLiteBehavior [ RunTime:0.000014s ]
INFO: [ app_init ] --END-- [ RunTime:0.000282s ]

[ 2016-12-07T15:18:26+08:00 ] 1.80.216.60 /cnconsum/Merchant/merchant/qrcode
INFO: [ app_init ] --START--
INFO: Run Behavior\BuildLiteBehavior [ RunTime:0.000013s ]
INFO: [ app_init ] --END-- [ RunTime:0.000256s ]

[ 2016-12-07T15:18:27+08:00 ] 1.80.216.60 /cnconsum/Merchant/merchant/qrcode
INFO: [ app_init ] --START--
INFO: Run Behavior\BuildLiteBehavior [ RunTime:0.000018s ]
INFO: [ app_init ] --END-- [ RunTime:0.000289s ]

[ 2016-12-07T15:20:53+08:00 ] 1.80.216.60 /cnconsum/Merchant/merchant/qrcode
INFO: [ app_init ] --START--
INFO: Run Behavior\BuildLiteBehavior [ RunTime:0.000014s ]
INFO: [ app_init ] --END-- [ RunTime:0.000300s ]

[ 2016-12-07T15:21:15+08:00 ] 1.80.216.60 /cnconsum/Merchant/merchant/qrcode
INFO: [ app_init ] --START--
INFO: Run Behavior\BuildLiteBehavior [ RunTime:0.000016s ]
INFO: [ app_init ] --END-- [ RunTime:0.000269s ]

[ 2016-12-07T15:21:25+08:00 ] 1.80.216.60 /cnconsum/Merchant/merchant/qrcode
INFO: [ app_init ] --START--
INFO: Run Behavior\BuildLiteBehavior [ RunTime:0.000013s ]
INFO: [ app_init ] --END-- [ RunTime:0.000256s ]

[ 2016-12-07T15:21:43+08:00 ] 1.80.216.60 /cnconsum/Merchant/merchant/qrcode
INFO: [ app_init ] --START--
INFO: Run Behavior\BuildLiteBehavior [ RunTime:0.000014s ]
INFO: [ app_init ] --END-- [ RunTime:0.000298s ]

[ 2016-12-07T15:23:20+08:00 ] 1.80.216.60 /cnconsum/Merchant/merchant/qrcode
INFO: [ app_init ] --START--
INFO: Run Behavior\BuildLiteBehavior [ RunTime:0.000014s ]
INFO: [ app_init ] --END-- [ RunTime:0.000299s ]

[ 2016-12-07T16:36:05+08:00 ] 1.80.216.60 /cnconsum/Merchant/merchant/qrcode
INFO: [ app_init ] --START--
INFO: Run Behavior\BuildLiteBehavior [ RunTime:0.000014s ]
INFO: [ app_init ] --END-- [ RunTime:0.000299s ]

[ 2016-12-07T16:44:00+08:00 ] 1.80.216.60 /cnconsum/Merchant/merchant/loginView
INFO: [ app_init ] --START--
INFO: Run Behavior\BuildLiteBehavior [ RunTime:0.000013s ]
INFO: [ app_init ] --END-- [ RunTime:0.000283s ]

[ 2016-12-07T16:44:02+08:00 ] 1.80.216.60 /cnconsum/Merchant/merchant/login
INFO: [ app_init ] --START--
INFO: Run Behavior\BuildLiteBehavior [ RunTime:0.000013s ]
INFO: [ app_init ] --END-- [ RunTime:0.000258s ]

[ 2016-12-07T16:44:05+08:00 ] 1.80.216.60 /cnconsum/index.php/Merchant/Business/hyzgl.html
INFO: [ app_init ] --START--
INFO: Run Behavior\BuildLiteBehavior [ RunTime:0.000013s ]
INFO: [ app_init ] --END-- [ RunTime:0.000284s ]

[ 2016-12-07T16:44:15+08:00 ] 180.163.2.117 /cnconsum/index.php/Merchant/Business/hyzgl.html
INFO: [ app_init ] --START--
INFO: Run Behavior\BuildLiteBehavior [ RunTime:0.000012s ]
INFO: [ app_init ] --END-- [ RunTime:0.000276s ]

[ 2016-12-07T16:44:17+08:00 ] 1.80.216.60 /cnconsum/index.php/Merchant/Business/turnURL?url=../card/showView
INFO: [ app_init ] --START--
INFO: Run Behavior\BuildLiteBehavior [ RunTime:0.000014s ]
INFO: [ app_init ] --END-- [ RunTime:0.000268s ]

[ 2016-12-07T16:44:18+08:00 ] 1.80.216.60 /cnconsum/index.php/Merchant/card/showView
INFO: [ app_init ] --START--
INFO: Run Behavior\BuildLiteBehavior [ RunTime:0.000016s ]
INFO: [ app_init ] --END-- [ RunTime:0.000282s ]

[ 2016-12-07T16:44:27+08:00 ] 1.80.216.60 /cnconsum/index.php/Merchant/Business/dpgl
INFO: [ app_init ] --START--
INFO: Run Behavior\BuildLiteBehavior [ RunTime:0.000013s ]
INFO: [ app_init ] --END-- [ RunTime:0.000289s ]

[ 2016-12-07T16:44:29+08:00 ] 1.80.216.60 /cnconsum/index.php/Merchant/Business/dpgl
INFO: [ app_init ] --START--
INFO: Run Behavior\BuildLiteBehavior [ RunTime:0.000014s ]
INFO: [ app_init ] --END-- [ RunTime:0.000394s ]
INFO: [ app_begin ] --START--
INFO: Run Behavior\ReadHtmlCacheBehavior [ RunTime:0.000381s ]
INFO: [ app_begin ] --END-- [ RunTime:0.000420s ]
SQL: SHOW COLUMNS FROM `cn_store_manage` [ RunTime:0.0007s ]
SQL: SELECT COUNT(*) AS tp_count FROM `cn_store_manage` WHERE cn_store_manage.state = 'access' AND cn_store_manage.merchant = 'm_6d4e76ca04' LIMIT 1   [ RunTime:0.0004s ]
SQL: SELECT `muid`,`name`,cn_merchant.store,`phone`,`address`,`passwd`,`remain`,`image_url`,cn_merchant_turnover.sum FROM `cn_store_manage` INNER JOIN cn_merchant ON cn_merchant.muid = cn_store_manage.store INNER JOIN cn_merchant_turnover ON cn_merchant_turnover.merchant = cn_store_manage.store  WHERE cn_store_manage.state = 'access' AND cn_store_manage.merchant = 'm_6d4e76ca04' LIMIT 1,1   [ RunTime:0.0004s ]
SQL: SHOW COLUMNS FROM `cn_user_card` [ RunTime:0.0006s ]
SQL: SELECT DISTINCT  COUNT(*) AS tp_count FROM `cn_user_card` WHERE `merchant` = 'm_6d4e76ca11' LIMIT 1   [ RunTime:0.0002s ]

[ 2016-12-07T16:44:30+08:00 ] 1.80.216.60 /cnconsum/index.php/Merchant/Business/dpgl
INFO: [ app_init ] --START--
INFO: Run Behavior\BuildLiteBehavior [ RunTime:0.000017s ]
INFO: [ app_init ] --END-- [ RunTime:0.000306s ]
INFO: [ app_begin ] --START--
INFO: Run Behavior\ReadHtmlCacheBehavior [ RunTime:0.000518s ]
INFO: [ app_begin ] --END-- [ RunTime:0.000572s ]
SQL: SHOW COLUMNS FROM `cn_store_manage` [ RunTime:0.0007s ]
SQL: SELECT COUNT(*) AS tp_count FROM `cn_store_manage` WHERE cn_store_manage.state = 'access' AND cn_store_manage.merchant = 'm_6d4e76ca04' LIMIT 1   [ RunTime:0.0003s ]
SQL: SELECT `muid`,`name`,cn_merchant.store,`phone`,`address`,`passwd`,`remain`,`image_url`,cn_merchant_turnover.sum FROM `cn_store_manage` INNER JOIN cn_merchant ON cn_merchant.muid = cn_store_manage.store INNER JOIN cn_merchant_turnover ON cn_merchant_turnover.merchant = cn_store_manage.store  WHERE cn_store_manage.state = 'access' AND cn_store_manage.merchant = 'm_6d4e76ca04' LIMIT 2,1   [ RunTime:0.0004s ]
SQL: SHOW COLUMNS FROM `cn_user_card` [ RunTime:0.0005s ]
SQL: SELECT DISTINCT  COUNT(*) AS tp_count FROM `cn_user_card` WHERE `merchant` = 'm_9ba5e2b48b' LIMIT 1   [ RunTime:0.0002s ]

[ 2016-12-07T16:44:31+08:00 ] 1.80.216.60 /cnconsum/index.php/Merchant/Business/shopAdd
INFO: [ app_init ] --START--
INFO: Run Behavior\BuildLiteBehavior [ RunTime:0.000013s ]
INFO: [ app_init ] --END-- [ RunTime:0.000278s ]

[ 2016-12-07T16:44:32+08:00 ] 101.226.61.207 /cnconsum/index.php/Merchant/Business/turnURL?url=../card/showView
INFO: [ app_init ] --START--
INFO: Run Behavior\BuildLiteBehavior [ RunTime:0.000014s ]
INFO: [ app_init ] --END-- [ RunTime:0.000260s ]

[ 2016-12-07T16:44:32+08:00 ] 101.226.61.207 /cnconsum/index.php/Merchant/card/showView
INFO: [ app_init ] --START--
INFO: Run Behavior\BuildLiteBehavior [ RunTime:0.000011s ]
INFO: [ app_init ] --END-- [ RunTime:0.000255s ]

[ 2016-12-07T16:44:32+08:00 ] 180.153.214.188 /cnconsum/index.php/Merchant/card/showView
INFO: [ app_init ] --START--
INFO: Run Behavior\BuildLiteBehavior [ RunTime:0.000014s ]
INFO: [ app_init ] --END-- [ RunTime:0.000263s ]

[ 2016-12-07T16:44:32+08:00 ] 1.80.216.60 /cnconsum/index.php/Merchant/Business/dpgl
INFO: [ app_init ] --START--
INFO: Run Behavior\BuildLiteBehavior [ RunTime:0.000014s ]
INFO: [ app_init ] --END-- [ RunTime:0.000261s ]

[ 2016-12-07T16:44:33+08:00 ] 1.80.216.60 /cnconsum/index.php/Merchant/Business/shopList
INFO: [ app_init ] --START--
INFO: Run Behavior\BuildLiteBehavior [ RunTime:0.000014s ]
INFO: [ app_init ] --END-- [ RunTime:0.000277s ]

[ 2016-12-07T16:44:37+08:00 ] 140.207.185.112 /cnconsum/index.php/Merchant/Business/dpgl
INFO: [ app_init ] --START--
INFO: Run Behavior\BuildLiteBehavior [ RunTime:0.000014s ]
INFO: [ app_init ] --END-- [ RunTime:0.000288s ]

[ 2016-12-07T16:44:38+08:00 ] 1.80.216.60 /cnconsum/index.php/Merchant/Business/zjtx
INFO: [ app_init ] --START--
INFO: Run Behavior\BuildLiteBehavior [ RunTime:0.000014s ]
INFO: [ app_init ] --END-- [ RunTime:0.000257s ]

[ 2016-12-07T16:44:42+08:00 ] 1.80.216.60 /cnconsum/index.php/Merchant/Business/glysz
INFO: [ app_init ] --START--
INFO: Run Behavior\BuildLiteBehavior [ RunTime:0.000014s ]
INFO: [ app_init ] --END-- [ RunTime:0.000322s ]

[ 2016-12-07T16:44:46+08:00 ] 1.80.216.60 /cnconsum/index.php/Merchant/Business/glysz
INFO: [ app_init ] --START--
INFO: Run Behavior\BuildLiteBehavior [ RunTime:0.000013s ]
INFO: [ app_init ] --END-- [ RunTime:0.000323s ]
INFO: [ app_begin ] --START--
INFO: Run Behavior\ReadHtmlCacheBehavior [ RunTime:0.000349s ]
INFO: [ app_begin ] --END-- [ RunTime:0.000397s ]
SQL: SHOW COLUMNS FROM `cn_admin` [ RunTime:0.0007s ]
SQL: SELECT COUNT(*) AS tp_count FROM `cn_admin` LIMIT 1   [ RunTime:0.0002s ]
SQL: SELECT * FROM `cn_admin` LIMIT 3,3   [ RunTime:0.0002s ]

[ 2016-12-07T16:44:46+08:00 ] 1.80.216.60 /cnconsum/index.php/Merchant/Business/glysz
INFO: [ app_init ] --START--
INFO: Run Behavior\BuildLiteBehavior [ RunTime:0.000014s ]
INFO: [ app_init ] --END-- [ RunTime:0.000269s ]
INFO: [ app_begin ] --START--
INFO: Run Behavior\ReadHtmlCacheBehavior [ RunTime:0.000326s ]
INFO: [ app_begin ] --END-- [ RunTime:0.000364s ]
SQL: SHOW COLUMNS FROM `cn_admin` [ RunTime:0.0007s ]
SQL: SELECT COUNT(*) AS tp_count FROM `cn_admin` LIMIT 1   [ RunTime:0.0003s ]
SQL: SELECT * FROM `cn_admin` LIMIT 6,3   [ RunTime:0.0002s ]

[ 2016-12-07T16:44:47+08:00 ] 101.226.89.122 /cnconsum/index.php/Merchant/Business/shopAdd
INFO: [ app_init ] --START--
INFO: Run Behavior\BuildLiteBehavior [ RunTime:0.000014s ]
INFO: [ app_init ] --END-- [ RunTime:0.000294s ]

[ 2016-12-07T16:44:47+08:00 ] 1.80.216.60 /cnconsum/index.php/Merchant/Business/glysz
INFO: [ app_init ] --START--
INFO: Run Behavior\BuildLiteBehavior [ RunTime:0.000013s ]
INFO: [ app_init ] --END-- [ RunTime:0.000263s ]
INFO: [ app_begin ] --START--
INFO: Run Behavior\ReadHtmlCacheBehavior [ RunTime:0.000316s ]
INFO: [ app_begin ] --END-- [ RunTime:0.000354s ]
SQL: SHOW COLUMNS FROM `cn_admin` [ RunTime:0.0006s ]
SQL: SELECT COUNT(*) AS tp_count FROM `cn_admin` LIMIT 1   [ RunTime:0.0002s ]
SQL: SELECT * FROM `cn_admin` LIMIT 3,3   [ RunTime:0.0002s ]

[ 2016-12-07T16:44:48+08:00 ] 1.80.216.60 /cnconsum/index.php/Merchant/Business/glysz
INFO: [ app_init ] --START--
INFO: Run Behavior\BuildLiteBehavior [ RunTime:0.000013s ]
INFO: [ app_init ] --END-- [ RunTime:0.000258s ]
INFO: [ app_begin ] --START--
INFO: Run Behavior\ReadHtmlCacheBehavior [ RunTime:0.000336s ]
INFO: [ app_begin ] --END-- [ RunTime:0.000376s ]
SQL: SHOW COLUMNS FROM `cn_admin` [ RunTime:0.0007s ]
SQL: SELECT COUNT(*) AS tp_count FROM `cn_admin` LIMIT 1   [ RunTime:0.0002s ]
SQL: SELECT * FROM `cn_admin` LIMIT 0,3   [ RunTime:0.0002s ]

[ 2016-12-07T16:44:50+08:00 ] 1.80.216.60 /cnconsum/index.php/Merchant/DataReport/data_xj
INFO: [ app_init ] --START--
INFO: Run Behavior\BuildLiteBehavior [ RunTime:0.000019s ]
INFO: [ app_init ] --END-- [ RunTime:0.000285s ]

[ 2016-12-07T16:44:50+08:00 ] 101.226.51.228 /cnconsum/index.php/Merchant/Business/shopList
INFO: [ app_init ] --START--
INFO: Run Behavior\BuildLiteBehavior [ RunTime:0.000013s ]
INFO: [ app_init ] --END-- [ RunTime:0.000258s ]

[ 2016-12-07T16:44:55+08:00 ] 180.153.205.253 /cnconsum/index.php/Merchant/Business/zjtx
INFO: [ app_init ] --START--
INFO: Run Behavior\BuildLiteBehavior [ RunTime:0.000020s ]
INFO: [ app_init ] --END-- [ RunTime:0.000340s ]

[ 2016-12-07T16:44:58+08:00 ] 1.80.216.60 /cnconsum/index.php/Merchant/DataReport/data_xj?date_type=season
INFO: [ app_init ] --START--
INFO: Run Behavior\BuildLiteBehavior [ RunTime:0.000020s ]
INFO: [ app_init ] --END-- [ RunTime:0.000401s ]

[ 2016-12-07T16:45:00+08:00 ] 112.65.193.13 /cnconsum/index.php/Merchant/DataReport/data_xj
INFO: [ app_init ] --START--
INFO: Run Behavior\BuildLiteBehavior [ RunTime:0.000021s ]
INFO: [ app_init ] --END-- [ RunTime:0.000330s ]

[ 2016-12-07T16:45:00+08:00 ] 101.226.33.219 /cnconsum/index.php/Merchant/Business/glysz
INFO: [ app_init ] --START--
INFO: Run Behavior\BuildLiteBehavior [ RunTime:0.000017s ]
INFO: [ app_init ] --END-- [ RunTime:0.000409s ]

[ 2016-12-07T16:45:00+08:00 ] 140.207.185.107 /cnconsum/index.php/Merchant/DataReport/data_xj
INFO: [ app_init ] --START--
INFO: Run Behavior\BuildLiteBehavior [ RunTime:0.000013s ]
INFO: [ app_init ] --END-- [ RunTime:0.000275s ]

[ 2016-12-07T16:45:01+08:00 ] 1.80.216.60 /cnconsum/index.php/Merchant/DataReport/data_xj?date_type=season
INFO: [ app_init ] --START--
INFO: Run Behavior\BuildLiteBehavior [ RunTime:0.000013s ]
INFO: [ app_init ] --END-- [ RunTime:0.000271s ]
INFO: [ app_begin ] --START--
INFO: Run Behavior\ReadHtmlCacheBehavior [ RunTime:0.000311s ]
INFO: [ app_begin ] --END-- [ RunTime:0.000349s ]
SQL: SHOW COLUMNS FROM `cn_record_tally` [ RunTime:0.0007s ]
SQL: SELECT COUNT(*) AS tp_count FROM `cn_record_tally` WHERE `merchant` = 'm_6d4e76ca11' AND ( cn_record_tally.datetime >= '2016-10-01 00:00:00' AND cn_record_tally.datetime <= '2016-12-31 23:59:59'  ) LIMIT 1   [ RunTime:0.0004s ]
SQL: SELECT SUM(sum) AS tp_sum FROM `cn_record_tally` WHERE `merchant` = 'm_6d4e76ca11' AND ( cn_record_tally.datetime >= '2016-10-01 00:00:00' AND cn_record_tally.datetime <= '2016-12-31 23:59:59'  ) LIMIT 1   [ RunTime:0.0002s ]
SQL: SELECT * FROM `cn_record_tally` WHERE `merchant` = 'm_6d4e76ca11' AND ( cn_record_tally.datetime >= '2016-10-01 00:00:00' AND cn_record_tally.datetime <= '2016-12-31 23:59:59'  ) LIMIT 1,1   [ RunTime:0.0002s ]

[ 2016-12-07T16:45:02+08:00 ] 1.80.216.60 /cnconsum/index.php/Merchant/DataReport/data_xj?date_type=season
INFO: [ app_init ] --START--
INFO: Run Behavior\BuildLiteBehavior [ RunTime:0.000023s ]
INFO: [ app_init ] --END-- [ RunTime:0.000268s ]
INFO: [ app_begin ] --START--
INFO: Run Behavior\ReadHtmlCacheBehavior [ RunTime:0.000308s ]
INFO: [ app_begin ] --END-- [ RunTime:0.000346s ]
SQL: SHOW COLUMNS FROM `cn_record_tally` [ RunTime:0.0007s ]
SQL: SELECT COUNT(*) AS tp_count FROM `cn_record_tally` WHERE `merchant` = 'm_6d4e76ca11' AND ( cn_record_tally.datetime >= '2016-10-01 00:00:00' AND cn_record_tally.datetime <= '2016-12-31 23:59:59'  ) LIMIT 1   [ RunTime:0.0005s ]
SQL: SELECT SUM(sum) AS tp_sum FROM `cn_record_tally` WHERE `merchant` = 'm_6d4e76ca11' AND ( cn_record_tally.datetime >= '2016-10-01 00:00:00' AND cn_record_tally.datetime <= '2016-12-31 23:59:59'  ) LIMIT 1   [ RunTime:0.0003s ]
SQL: SELECT * FROM `cn_record_tally` WHERE `merchant` = 'm_6d4e76ca11' AND ( cn_record_tally.datetime >= '2016-10-01 00:00:00' AND cn_record_tally.datetime <= '2016-12-31 23:59:59'  ) LIMIT 0,1   [ RunTime:0.0002s ]

[ 2016-12-07T16:45:05+08:00 ] 180.153.205.254 /cnconsum/index.php/Merchant/DataReport/data_xj
INFO: [ app_init ] --START--
INFO: Run Behavior\BuildLiteBehavior [ RunTime:0.000018s ]
INFO: [ app_init ] --END-- [ RunTime:0.000294s ]

[ 2016-12-07T16:45:07+08:00 ] 1.80.216.60 /cnconsum/index.php/Merchant/Business/sxed
INFO: [ app_init ] --START--
INFO: Run Behavior\BuildLiteBehavior [ RunTime:0.000014s ]
INFO: [ app_init ] --END-- [ RunTime:0.000267s ]

[ 2016-12-07T16:45:08+08:00 ] 101.226.68.200 /cnconsum/index.php/Merchant/DataReport/data_xj?date_type=season
INFO: [ app_init ] --START--
INFO: Run Behavior\BuildLiteBehavior [ RunTime:0.000014s ]
INFO: [ app_init ] --END-- [ RunTime:0.000262s ]

[ 2016-12-07T16:45:08+08:00 ] 101.226.33.204 /cnconsum/index.php/Merchant/DataReport/data_xj
INFO: [ app_init ] --START--
INFO: Run Behavior\BuildLiteBehavior [ RunTime:0.000014s ]
INFO: [ app_init ] --END-- [ RunTime:0.000269s ]

[ 2016-12-07T16:45:09+08:00 ] 1.80.216.60 /cnconsum/index.php/Merchant/DataReport/data_xj?date_type=season
INFO: [ app_init ] --START--
INFO: Run Behavior\BuildLiteBehavior [ RunTime:0.000016s ]
INFO: [ app_init ] --END-- [ RunTime:0.000288s ]

[ 2016-12-07T16:45:17+08:00 ] 117.185.27.113 /cnconsum/index.php/Merchant/Business/sxed
INFO: [ app_init ] --START--
INFO: Run Behavior\BuildLiteBehavior [ RunTime:0.000013s ]
INFO: [ app_init ] --END-- [ RunTime:0.000255s ]

[ 2016-12-07T16:51:12+08:00 ] 1.80.216.60 /cnconsum/index.php/Merchant/DataReport/data_xj?date_type=season
INFO: [ app_init ] --START--
INFO: Run Behavior\BuildLiteBehavior [ RunTime:0.000017s ]
INFO: [ app_init ] --END-- [ RunTime:0.000349s ]
INFO: [ app_begin ] --START--
INFO: Run Behavior\ReadHtmlCacheBehavior [ RunTime:0.000395s ]
INFO: [ app_begin ] --END-- [ RunTime:0.000443s ]
SQL: SHOW COLUMNS FROM `cn_record_tally` [ RunTime:0.0007s ]
SQL: SELECT COUNT(*) AS tp_count FROM `cn_record_tally` WHERE `merchant` = 'm_6d4e76ca11' AND ( cn_record_tally.datetime >= '2016-10-01 00:00:00' AND cn_record_tally.datetime <= '2016-12-31 23:59:59'  ) LIMIT 1   [ RunTime:0.0005s ]
SQL: SELECT SUM(sum) AS tp_sum FROM `cn_record_tally` WHERE `merchant` = 'm_6d4e76ca11' AND ( cn_record_tally.datetime >= '2016-10-01 00:00:00' AND cn_record_tally.datetime <= '2016-12-31 23:59:59'  ) LIMIT 1   [ RunTime:0.0003s ]
SQL: SELECT * FROM `cn_record_tally` WHERE `merchant` = 'm_6d4e76ca11' AND ( cn_record_tally.datetime >= '2016-10-01 00:00:00' AND cn_record_tally.datetime <= '2016-12-31 23:59:59'  ) LIMIT 1,1   [ RunTime:0.0003s ]

[ 2016-12-07T16:51:12+08:00 ] 1.80.216.60 /cnconsum/index.php/Merchant/DataReport/data_xj?date_type=season
INFO: [ app_init ] --START--
INFO: Run Behavior\BuildLiteBehavior [ RunTime:0.000014s ]
INFO: [ app_init ] --END-- [ RunTime:0.000571s ]
INFO: [ app_begin ] --START--
INFO: Run Behavior\ReadHtmlCacheBehavior [ RunTime:0.000453s ]
INFO: [ app_begin ] --END-- [ RunTime:0.000492s ]
SQL: SHOW COLUMNS FROM `cn_record_tally` [ RunTime:0.0006s ]
SQL: SELECT COUNT(*) AS tp_count FROM `cn_record_tally` WHERE `merchant` = 'm_6d4e76ca11' AND ( cn_record_tally.datetime >= '2016-10-01 00:00:00' AND cn_record_tally.datetime <= '2016-12-31 23:59:59'  ) LIMIT 1   [ RunTime:0.0003s ]
SQL: SELECT SUM(sum) AS tp_sum FROM `cn_record_tally` WHERE `merchant` = 'm_6d4e76ca11' AND ( cn_record_tally.datetime >= '2016-10-01 00:00:00' AND cn_record_tally.datetime <= '2016-12-31 23:59:59'  ) LIMIT 1   [ RunTime:0.0003s ]
SQL: SELECT * FROM `cn_record_tally` WHERE `merchant` = 'm_6d4e76ca11' AND ( cn_record_tally.datetime >= '2016-10-01 00:00:00' AND cn_record_tally.datetime <= '2016-12-31 23:59:59'  ) LIMIT 1,1   [ RunTime:0.0003s ]

[ 2016-12-07T16:51:14+08:00 ] 1.80.216.60 /cnconsum/index.php/Merchant/DataReport/data_xj?date_type=season
INFO: [ app_init ] --START--
INFO: Run Behavior\BuildLiteBehavior [ RunTime:0.000014s ]
INFO: [ app_init ] --END-- [ RunTime:0.000276s ]
INFO: [ app_begin ] --START--
INFO: Run Behavior\ReadHtmlCacheBehavior [ RunTime:0.000384s ]
INFO: [ app_begin ] --END-- [ RunTime:0.000427s ]
SQL: SHOW COLUMNS FROM `cn_record_tally` [ RunTime:0.0007s ]
SQL: SELECT COUNT(*) AS tp_count FROM `cn_record_tally` WHERE `merchant` = 'm_6d4e76ca11' AND ( cn_record_tally.datetime >= '2016-10-01 00:00:00' AND cn_record_tally.datetime <= '2016-12-31 23:59:59'  ) LIMIT 1   [ RunTime:0.0004s ]
SQL: SELECT SUM(sum) AS tp_sum FROM `cn_record_tally` WHERE `merchant` = 'm_6d4e76ca11' AND ( cn_record_tally.datetime >= '2016-10-01 00:00:00' AND cn_record_tally.datetime <= '2016-12-31 23:59:59'  ) LIMIT 1   [ RunTime:0.0002s ]
SQL: SELECT * FROM `cn_record_tally` WHERE `merchant` = 'm_6d4e76ca11' AND ( cn_record_tally.datetime >= '2016-10-01 00:00:00' AND cn_record_tally.datetime <= '2016-12-31 23:59:59'  ) LIMIT 0,1   [ RunTime:0.0003s ]

[ 2016-12-07T16:51:15+08:00 ] 1.80.216.60 /cnconsum/index.php/Merchant/DataReport/data_xj?date_type=season
INFO: [ app_init ] --START--
INFO: Run Behavior\BuildLiteBehavior [ RunTime:0.000013s ]
INFO: [ app_init ] --END-- [ RunTime:0.000265s ]
INFO: [ app_begin ] --START--
INFO: Run Behavior\ReadHtmlCacheBehavior [ RunTime:0.000333s ]
INFO: [ app_begin ] --END-- [ RunTime:0.000381s ]
SQL: SHOW COLUMNS FROM `cn_record_tally` [ RunTime:0.0007s ]
SQL: SELECT COUNT(*) AS tp_count FROM `cn_record_tally` WHERE `merchant` = 'm_6d4e76ca11' AND ( cn_record_tally.datetime >= '2016-10-01 00:00:00' AND cn_record_tally.datetime <= '2016-12-31 23:59:59'  ) LIMIT 1   [ RunTime:0.0004s ]
SQL: SELECT SUM(sum) AS tp_sum FROM `cn_record_tally` WHERE `merchant` = 'm_6d4e76ca11' AND ( cn_record_tally.datetime >= '2016-10-01 00:00:00' AND cn_record_tally.datetime <= '2016-12-31 23:59:59'  ) LIMIT 1   [ RunTime:0.0003s ]
SQL: SELECT * FROM `cn_record_tally` WHERE `merchant` = 'm_6d4e76ca11' AND ( cn_record_tally.datetime >= '2016-10-01 00:00:00' AND cn_record_tally.datetime <= '2016-12-31 23:59:59'  ) LIMIT 1,1   [ RunTime:0.0004s ]

[ 2016-12-07T16:51:16+08:00 ] 1.80.216.60 /cnconsum/index.php/Merchant/DataReport/data_xj?date_type=season
INFO: [ app_init ] --START--
INFO: Run Behavior\BuildLiteBehavior [ RunTime:0.000014s ]
INFO: [ app_init ] --END-- [ RunTime:0.000259s ]
INFO: [ app_begin ] --START--
INFO: Run Behavior\ReadHtmlCacheBehavior [ RunTime:0.000381s ]
INFO: [ app_begin ] --END-- [ RunTime:0.000421s ]
SQL: SHOW COLUMNS FROM `cn_record_tally` [ RunTime:0.0007s ]
SQL: SELECT COUNT(*) AS tp_count FROM `cn_record_tally` WHERE `merchant` = 'm_6d4e76ca11' AND ( cn_record_tally.datetime >= '2016-10-01 00:00:00' AND cn_record_tally.datetime <= '2016-12-31 23:59:59'  ) LIMIT 1   [ RunTime:0.0005s ]
SQL: SELECT SUM(sum) AS tp_sum FROM `cn_record_tally` WHERE `merchant` = 'm_6d4e76ca11' AND ( cn_record_tally.datetime >= '2016-10-01 00:00:00' AND cn_record_tally.datetime <= '2016-12-31 23:59:59'  ) LIMIT 1   [ RunTime:0.0003s ]
SQL: SELECT * FROM `cn_record_tally` WHERE `merchant` = 'm_6d4e76ca11' AND ( cn_record_tally.datetime >= '2016-10-01 00:00:00' AND cn_record_tally.datetime <= '2016-12-31 23:59:59'  ) LIMIT 0,1   [ RunTime:0.0003s ]

[ 2016-12-07T16:51:21+08:00 ] 1.80.216.60 /cnconsum/index.php/Merchant/Vip/vip
INFO: [ app_init ] --START--
INFO: Run Behavior\BuildLiteBehavior [ RunTime:0.000014s ]
INFO: [ app_init ] --END-- [ RunTime:0.000280s ]

[ 2016-12-07T16:51:23+08:00 ] 1.80.216.60 /cnconsum/index.php/Merchant/Commodity/commodity
INFO: [ app_init ] --START--
INFO: Run Behavior\BuildLiteBehavior [ RunTime:0.000013s ]
INFO: [ app_init ] --END-- [ RunTime:0.000287s ]

[ 2016-12-07T16:51:42+08:00 ] 101.226.33.202 /cnconsum/index.php/Merchant/Commodity/commodity
INFO: [ app_init ] --START--
INFO: Run Behavior\BuildLiteBehavior [ RunTime:0.000013s ]
INFO: [ app_init ] --END-- [ RunTime:0.000257s ]

[ 2016-12-07T16:53:31+08:00 ] 119.147.146.60 /cnconsum/index.php/Merchant/Business/shopList
INFO: [ app_init ] --START--
INFO: Run Behavior\BuildLiteBehavior [ RunTime:0.000016s ]
INFO: [ app_init ] --END-- [ RunTime:0.000294s ]

[ 2016-12-07T16:54:51+08:00 ] 1.80.216.60 /cnconsum/index.php/Merchant/Commodity/commodity
INFO: [ app_init ] --START--
INFO: Run Behavior\BuildLiteBehavior [ RunTime:0.000033s ]
INFO: [ app_init ] --END-- [ RunTime:0.000289s ]

[ 2016-12-07T16:54:54+08:00 ] 1.80.216.60 /cnconsum/index.php/Merchant/Commodity/commodity
INFO: [ app_init ] --START--
INFO: Run Behavior\BuildLiteBehavior [ RunTime:0.000014s ]
INFO: [ app_init ] --END-- [ RunTime:0.000263s ]

[ 2016-12-07T16:54:59+08:00 ] 1.80.216.60 /cnconsum/index.php/Merchant/DataReport/data_bk
INFO: [ app_init ] --START--
INFO: Run Behavior\BuildLiteBehavior [ RunTime:0.000033s ]
INFO: [ app_init ] --END-- [ RunTime:0.000295s ]

[ 2016-12-07T16:55:19+08:00 ] 101.226.33.205 /cnconsum/index.php/Merchant/DataReport/data_bk
INFO: [ app_init ] --START--
INFO: Run Behavior\BuildLiteBehavior [ RunTime:0.000030s ]
INFO: [ app_init ] --END-- [ RunTime:0.000326s ]

[ 2016-12-07T16:59:46+08:00 ] 1.80.216.60 /cnconsum/index.php/Merchant/DataReport/data_bk
INFO: [ app_init ] --START--
INFO: Run Behavior\BuildLiteBehavior [ RunTime:0.000015s ]
INFO: [ app_init ] --END-- [ RunTime:0.000309s ]

[ 2016-12-07T17:19:13+08:00 ] 1.80.216.60 /cnconsum/Merchant/merchant/loginView
INFO: [ app_init ] --START--
INFO: Run Behavior\BuildLiteBehavior [ RunTime:0.000018s ]
INFO: [ app_init ] --END-- [ RunTime:0.000421s ]

[ 2016-12-07T17:19:16+08:00 ] 1.80.216.60 /cnconsum/index.php/Merchant/Business/hyzgl.html
INFO: [ app_init ] --START--
INFO: Run Behavior\BuildLiteBehavior [ RunTime:0.000020s ]
INFO: [ app_init ] --END-- [ RunTime:0.000420s ]

[ 2016-12-07T17:19:21+08:00 ] 1.80.216.60 /cnconsum/index.php/Merchant/Business/qrcode
INFO: [ app_init ] --START--
INFO: Run Behavior\BuildLiteBehavior [ RunTime:0.000013s ]
INFO: [ app_init ] --END-- [ RunTime:0.000256s ]
ERR: 非法操作:qrcode

[ 2016-12-07T17:19:39+08:00 ] 1.80.216.60 /cnconsum/index.php/Merchant/merchant/qrcode
INFO: [ app_init ] --START--
INFO: Run Behavior\BuildLiteBehavior [ RunTime:0.000018s ]
INFO: [ app_init ] --END-- [ RunTime:0.000390s ]

[ 2016-12-07T17:19:41+08:00 ] 180.153.206.16 /cnconsum/index.php/Merchant/Business/qrcode
INFO: [ app_init ] --START--
INFO: Run Behavior\BuildLiteBehavior [ RunTime:0.000014s ]
INFO: [ app_init ] --END-- [ RunTime:0.000260s ]
ERR: 非法操作:qrcode

[ 2016-12-07T17:19:58+08:00 ] 101.226.125.103 /cnconsum/index.php/Merchant/merchant/qrcode
INFO: [ app_init ] --START--
INFO: Run Behavior\BuildLiteBehavior [ RunTime:0.000014s ]
INFO: [ app_init ] --END-- [ RunTime:0.000311s ]

[ 2016-12-07T18:03:22+08:00 ] 1.80.216.60 /cnconsum/Merchant/merchant/loginView
INFO: [ app_init ] --START--
INFO: Run Behavior\BuildLiteBehavior [ RunTime:0.000014s ]
INFO: [ app_init ] --END-- [ RunTime:0.000278s ]

