[ 2016-11-09T10:08:36+08:00 ] 113.132.10.123 /cnconsum/index.php/Merchant/Business/glysz.html
INFO: [ app_init ] --START--
INFO: Run Behavior\BuildLiteBehavior [ RunTime:0.000013s ]
INFO: [ app_init ] --END-- [ RunTime:0.000282s ]

[ 2016-11-09T10:08:42+08:00 ] 113.132.10.123 /cnconsum/index.php/Merchant/Commodity/commodity
INFO: [ app_init ] --START--
INFO: Run Behavior\BuildLiteBehavior [ RunTime:0.000014s ]
INFO: [ app_init ] --END-- [ RunTime:0.000302s ]

[ 2016-11-09T10:08:46+08:00 ] 113.132.10.123 /cnconsum/index.php/Merchant/Account/account
INFO: [ app_init ] --START--
INFO: Run Behavior\BuildLiteBehavior [ RunTime:0.000013s ]
INFO: [ app_init ] --END-- [ RunTime:0.000254s ]

[ 2016-11-09T10:08:48+08:00 ] 113.132.10.123 /cnconsum/index.php/Merchant/Vip/vip
INFO: [ app_init ] --START--
INFO: Run Behavior\BuildLiteBehavior [ RunTime:0.000014s ]
INFO: [ app_init ] --END-- [ RunTime:0.000289s ]

[ 2016-11-09T10:08:48+08:00 ] 113.132.10.123 /cnconsum/index.php/Merchant/Vip/image/sch.png
INFO: [ app_init ] --START--
INFO: Run Behavior\BuildLiteBehavior [ RunTime:0.000020s ]
INFO: [ app_init ] --END-- [ RunTime:0.000324s ]

[ 2016-11-09T10:09:16+08:00 ] 113.132.10.123 /cnconsum/index.php/Merchant/Vip/mystore.html
INFO: [ app_init ] --START--
INFO: Run Behavior\BuildLiteBehavior [ RunTime:0.000014s ]
INFO: [ app_init ] --END-- [ RunTime:0.000324s ]
ERR: 非法操作:mystore

[ 2016-11-09T10:12:22+08:00 ] 113.132.10.123 /cnconsum/Merchant/merchant/loginView
INFO: [ app_init ] --START--
INFO: Run Behavior\BuildLiteBehavior [ RunTime:0.000018s ]
INFO: [ app_init ] --END-- [ RunTime:0.000361s ]

[ 2016-11-09T10:12:25+08:00 ] 113.132.10.123 /cnconsum/index.php/Merchant/Business/glysz.html
INFO: [ app_init ] --START--
INFO: Run Behavior\BuildLiteBehavior [ RunTime:0.000017s ]
INFO: [ app_init ] --END-- [ RunTime:0.000352s ]

[ 2016-11-09T10:12:27+08:00 ] 113.132.10.123 /cnconsum/index.php/Merchant/Vip/vip
INFO: [ app_init ] --START--
INFO: Run Behavior\BuildLiteBehavior [ RunTime:0.000014s ]
INFO: [ app_init ] --END-- [ RunTime:0.000311s ]

[ 2016-11-09T10:12:27+08:00 ] 113.132.10.123 /cnconsum/index.php/Merchant/Vip/image/sch.png
INFO: [ app_init ] --START--
INFO: Run Behavior\BuildLiteBehavior [ RunTime:0.000013s ]
INFO: [ app_init ] --END-- [ RunTime:0.000307s ]

[ 2016-11-09T10:12:28+08:00 ] 113.132.10.123 /cnconsum/index.php/Merchant/Vip/mystore.html
INFO: [ app_init ] --START--
INFO: Run Behavior\BuildLiteBehavior [ RunTime:0.000013s ]
INFO: [ app_init ] --END-- [ RunTime:0.000286s ]
ERR: 非法操作:mystore

[ 2016-11-09T10:13:12+08:00 ] 113.132.10.123 /cnconsum/Merchant/merchant/loginView
INFO: [ app_init ] --START--
INFO: Run Behavior\BuildLiteBehavior [ RunTime:0.000014s ]
INFO: [ app_init ] --END-- [ RunTime:0.000268s ]

[ 2016-11-09T10:13:15+08:00 ] 113.132.10.123 /cnconsum/index.php/Merchant/Business/glysz.html
INFO: [ app_init ] --START--
INFO: Run Behavior\BuildLiteBehavior [ RunTime:0.000014s ]
INFO: [ app_init ] --END-- [ RunTime:0.000286s ]

[ 2016-11-09T10:14:14+08:00 ] 113.132.10.123 /cnconsum/index.php/Merchant/Commodity/commodity
INFO: [ app_init ] --START--
INFO: Run Behavior\BuildLiteBehavior [ RunTime:0.000019s ]
INFO: [ app_init ] --END-- [ RunTime:0.000337s ]

[ 2016-11-09T10:14:34+08:00 ] 113.132.10.123 /cnconsum/index.php/Merchant/Vip/vip
INFO: [ app_init ] --START--
INFO: Run Behavior\BuildLiteBehavior [ RunTime:0.000014s ]
INFO: [ app_init ] --END-- [ RunTime:0.000294s ]

[ 2016-11-09T10:14:34+08:00 ] 113.132.10.123 /cnconsum/index.php/Merchant/Vip/image/sch.png
INFO: [ app_init ] --START--
INFO: Run Behavior\BuildLiteBehavior [ RunTime:0.000013s ]
INFO: [ app_init ] --END-- [ RunTime:0.000321s ]

[ 2016-11-09T10:14:43+08:00 ] 113.132.10.123 /cnconsum/index.php/Merchant/Vip/mystore.html
INFO: [ app_init ] --START--
INFO: Run Behavior\BuildLiteBehavior [ RunTime:0.000013s ]
INFO: [ app_init ] --END-- [ RunTime:0.000257s ]
ERR: 非法操作:mystore

[ 2016-11-09T10:15:01+08:00 ] 113.132.10.123 /cnconsum/index.php/Merchant/Vip/mymember.html
INFO: [ app_init ] --START--
INFO: Run Behavior\BuildLiteBehavior [ RunTime:0.000014s ]
INFO: [ app_init ] --END-- [ RunTime:0.000279s ]

[ 2016-11-09T10:15:01+08:00 ] 113.132.10.123 /cnconsum/index.php/Merchant/Vip/image/sch.png
INFO: [ app_init ] --START--
INFO: Run Behavior\BuildLiteBehavior [ RunTime:0.000014s ]
INFO: [ app_init ] --END-- [ RunTime:0.000251s ]

[ 2016-11-09T10:15:07+08:00 ] 113.132.10.123 /cnconsum/index.php/Merchant/Vip/vip
INFO: [ app_init ] --START--
INFO: Run Behavior\BuildLiteBehavior [ RunTime:0.000014s ]
INFO: [ app_init ] --END-- [ RunTime:0.000257s ]

[ 2016-11-09T10:15:07+08:00 ] 113.132.10.123 /cnconsum/index.php/Merchant/Vip/image/sch.png
INFO: [ app_init ] --START--
INFO: Run Behavior\BuildLiteBehavior [ RunTime:0.000013s ]
INFO: [ app_init ] --END-- [ RunTime:0.000254s ]

[ 2016-11-09T10:15:08+08:00 ] 113.132.10.123 /cnconsum/index.php/Merchant/Vip/vip
INFO: [ app_init ] --START--
INFO: Run Behavior\BuildLiteBehavior [ RunTime:0.000013s ]
INFO: [ app_init ] --END-- [ RunTime:0.000252s ]

[ 2016-11-09T10:15:08+08:00 ] 113.132.10.123 /cnconsum/index.php/Merchant/Vip/image/sch.png
INFO: [ app_init ] --START--
INFO: Run Behavior\BuildLiteBehavior [ RunTime:0.000016s ]
INFO: [ app_init ] --END-- [ RunTime:0.000379s ]

[ 2016-11-09T10:15:10+08:00 ] 113.132.10.123 /cnconsum/index.php/Merchant/Vip/mymember.html
INFO: [ app_init ] --START--
INFO: Run Behavior\BuildLiteBehavior [ RunTime:0.000052s ]
INFO: [ app_init ] --END-- [ RunTime:0.000448s ]

[ 2016-11-09T10:15:10+08:00 ] 113.132.10.123 /cnconsum/index.php/Merchant/Vip/image/sch.png
INFO: [ app_init ] --START--
INFO: Run Behavior\BuildLiteBehavior [ RunTime:0.000014s ]
INFO: [ app_init ] --END-- [ RunTime:0.000289s ]

[ 2016-11-09T10:15:12+08:00 ] 113.132.10.123 /cnconsum/index.php/Merchant/Vip/mymember.html
INFO: [ app_init ] --START--
INFO: Run Behavior\BuildLiteBehavior [ RunTime:0.000014s ]
INFO: [ app_init ] --END-- [ RunTime:0.000307s ]

[ 2016-11-09T10:15:12+08:00 ] 113.132.10.123 /cnconsum/index.php/Merchant/Vip/image/sch.png
INFO: [ app_init ] --START--
INFO: Run Behavior\BuildLiteBehavior [ RunTime:0.000019s ]
INFO: [ app_init ] --END-- [ RunTime:0.000406s ]

[ 2016-11-09T10:15:12+08:00 ] 113.132.10.123 /cnconsum/index.php/Merchant/Vip/vip
INFO: [ app_init ] --START--
INFO: Run Behavior\BuildLiteBehavior [ RunTime:0.000017s ]
INFO: [ app_init ] --END-- [ RunTime:0.000320s ]

[ 2016-11-09T10:15:12+08:00 ] 113.132.10.123 /cnconsum/index.php/Merchant/Vip/image/sch.png
INFO: [ app_init ] --START--
INFO: Run Behavior\BuildLiteBehavior [ RunTime:0.000017s ]
INFO: [ app_init ] --END-- [ RunTime:0.000363s ]

[ 2016-11-09T10:15:13+08:00 ] 113.132.10.123 /cnconsum/index.php/Merchant/Vip/vip
INFO: [ app_init ] --START--
INFO: Run Behavior\BuildLiteBehavior [ RunTime:0.000014s ]
INFO: [ app_init ] --END-- [ RunTime:0.000252s ]

[ 2016-11-09T10:15:13+08:00 ] 113.132.10.123 /cnconsum/index.php/Merchant/Vip/image/sch.png
INFO: [ app_init ] --START--
INFO: Run Behavior\BuildLiteBehavior [ RunTime:0.000017s ]
INFO: [ app_init ] --END-- [ RunTime:0.000297s ]

[ 2016-11-09T10:15:14+08:00 ] 113.132.10.123 /cnconsum/index.php/Merchant/Vip/vip
INFO: [ app_init ] --START--
INFO: Run Behavior\BuildLiteBehavior [ RunTime:0.000015s ]
INFO: [ app_init ] --END-- [ RunTime:0.000302s ]

[ 2016-11-09T10:15:14+08:00 ] 113.132.10.123 /cnconsum/index.php/Merchant/Vip/image/sch.png
INFO: [ app_init ] --START--
INFO: Run Behavior\BuildLiteBehavior [ RunTime:0.000013s ]
INFO: [ app_init ] --END-- [ RunTime:0.000288s ]

[ 2016-11-09T10:15:14+08:00 ] 113.132.10.123 /cnconsum/index.php/Merchant/Vip/vip
INFO: [ app_init ] --START--
INFO: Run Behavior\BuildLiteBehavior [ RunTime:0.000014s ]
INFO: [ app_init ] --END-- [ RunTime:0.000255s ]

[ 2016-11-09T10:15:14+08:00 ] 113.132.10.123 /cnconsum/index.php/Merchant/Vip/image/sch.png
INFO: [ app_init ] --START--
INFO: Run Behavior\BuildLiteBehavior [ RunTime:0.000014s ]
INFO: [ app_init ] --END-- [ RunTime:0.000252s ]

[ 2016-11-09T10:15:15+08:00 ] 113.132.10.123 /cnconsum/index.php/Merchant/Vip/mymember.html
INFO: [ app_init ] --START--
INFO: Run Behavior\BuildLiteBehavior [ RunTime:0.000034s ]
INFO: [ app_init ] --END-- [ RunTime:0.000323s ]

[ 2016-11-09T10:15:15+08:00 ] 113.132.10.123 /cnconsum/index.php/Merchant/Vip/image/sch.png
INFO: [ app_init ] --START--
INFO: Run Behavior\BuildLiteBehavior [ RunTime:0.000014s ]
INFO: [ app_init ] --END-- [ RunTime:0.000254s ]

[ 2016-11-09T10:15:17+08:00 ] 113.132.10.123 /cnconsum/index.php/Merchant/Vip/mymember.html
INFO: [ app_init ] --START--
INFO: Run Behavior\BuildLiteBehavior [ RunTime:0.000018s ]
INFO: [ app_init ] --END-- [ RunTime:0.000336s ]

[ 2016-11-09T10:15:17+08:00 ] 113.132.10.123 /cnconsum/index.php/Merchant/Vip/image/sch.png
INFO: [ app_init ] --START--
INFO: Run Behavior\BuildLiteBehavior [ RunTime:0.000013s ]
INFO: [ app_init ] --END-- [ RunTime:0.000249s ]

[ 2016-11-09T10:15:18+08:00 ] 101.226.125.104 /cnconsum/index.php/Merchant/Vip/mymember.html
INFO: [ app_init ] --START--
INFO: Run Behavior\BuildLiteBehavior [ RunTime:0.000016s ]
INFO: [ app_init ] --END-- [ RunTime:0.000266s ]

[ 2016-11-09T10:15:18+08:00 ] 101.226.125.104 /cnconsum/index.php/Merchant/Vip/%20/cnconsum/Public/js/jquery-1.9.1.min.js
INFO: [ app_init ] --START--
INFO: Run Behavior\BuildLiteBehavior [ RunTime:0.000014s ]
INFO: [ app_init ] --END-- [ RunTime:0.000253s ]
ERR: 非法操作: 

[ 2016-11-09T10:15:18+08:00 ] 101.226.125.104 /cnconsum/index.php/Merchant/Vip/%20/cnconsum/Public/js/script.js
INFO: [ app_init ] --START--
INFO: Run Behavior\BuildLiteBehavior [ RunTime:0.000014s ]
INFO: [ app_init ] --END-- [ RunTime:0.000258s ]
ERR: 非法操作: 

[ 2016-11-09T10:15:18+08:00 ] 113.132.10.123 /cnconsum/index.php/Merchant/Vip/vip
INFO: [ app_init ] --START--
INFO: Run Behavior\BuildLiteBehavior [ RunTime:0.000013s ]
INFO: [ app_init ] --END-- [ RunTime:0.000267s ]

[ 2016-11-09T10:15:18+08:00 ] 113.132.10.123 /cnconsum/index.php/Merchant/Vip/image/sch.png
INFO: [ app_init ] --START--
INFO: Run Behavior\BuildLiteBehavior [ RunTime:0.000019s ]
INFO: [ app_init ] --END-- [ RunTime:0.000350s ]

[ 2016-11-09T10:15:20+08:00 ] 113.132.10.123 /cnconsum/index.php/Merchant/Vip/mymember.html
INFO: [ app_init ] --START--
INFO: Run Behavior\BuildLiteBehavior [ RunTime:0.000019s ]
INFO: [ app_init ] --END-- [ RunTime:0.000369s ]

[ 2016-11-09T10:15:20+08:00 ] 113.132.10.123 /cnconsum/index.php/Merchant/Vip/image/sch.png
INFO: [ app_init ] --START--
INFO: Run Behavior\BuildLiteBehavior [ RunTime:0.000014s ]
INFO: [ app_init ] --END-- [ RunTime:0.000259s ]

[ 2016-11-09T10:15:21+08:00 ] 113.132.10.123 /cnconsum/index.php/Merchant/Vip/mymember.html
INFO: [ app_init ] --START--
INFO: Run Behavior\BuildLiteBehavior [ RunTime:0.000017s ]
INFO: [ app_init ] --END-- [ RunTime:0.000309s ]

[ 2016-11-09T10:15:21+08:00 ] 113.132.10.123 /cnconsum/index.php/Merchant/Vip/image/sch.png
INFO: [ app_init ] --START--
INFO: Run Behavior\BuildLiteBehavior [ RunTime:0.000015s ]
INFO: [ app_init ] --END-- [ RunTime:0.000327s ]

[ 2016-11-09T10:15:23+08:00 ] 113.132.10.123 /cnconsum/index.php/Merchant/Vip/mymember.html
INFO: [ app_init ] --START--
INFO: Run Behavior\BuildLiteBehavior [ RunTime:0.000014s ]
INFO: [ app_init ] --END-- [ RunTime:0.000259s ]

[ 2016-11-09T10:15:23+08:00 ] 113.132.10.123 /cnconsum/index.php/Merchant/Vip/image/sch.png
INFO: [ app_init ] --START--
INFO: Run Behavior\BuildLiteBehavior [ RunTime:0.000027s ]
INFO: [ app_init ] --END-- [ RunTime:0.000462s ]

[ 2016-11-09T10:15:24+08:00 ] 113.132.10.123 /cnconsum/index.php/Merchant/Vip/vip
INFO: [ app_init ] --START--
INFO: Run Behavior\BuildLiteBehavior [ RunTime:0.000018s ]
INFO: [ app_init ] --END-- [ RunTime:0.000289s ]

[ 2016-11-09T10:15:24+08:00 ] 113.132.10.123 /cnconsum/index.php/Merchant/Vip/image/sch.png
INFO: [ app_init ] --START--
INFO: Run Behavior\BuildLiteBehavior [ RunTime:0.000012s ]
INFO: [ app_init ] --END-- [ RunTime:0.000286s ]

[ 2016-11-09T10:15:25+08:00 ] 113.132.10.123 /cnconsum/index.php/Merchant/Vip/mymember.html
INFO: [ app_init ] --START--
INFO: Run Behavior\BuildLiteBehavior [ RunTime:0.000013s ]
INFO: [ app_init ] --END-- [ RunTime:0.000257s ]

[ 2016-11-09T10:15:25+08:00 ] 113.132.10.123 /cnconsum/index.php/Merchant/Vip/image/sch.png
INFO: [ app_init ] --START--
INFO: Run Behavior\BuildLiteBehavior [ RunTime:0.000015s ]
INFO: [ app_init ] --END-- [ RunTime:0.000301s ]

[ 2016-11-09T10:15:27+08:00 ] 113.132.10.123 /cnconsum/index.php/Merchant/Vip/vip
INFO: [ app_init ] --START--
INFO: Run Behavior\BuildLiteBehavior [ RunTime:0.000014s ]
INFO: [ app_init ] --END-- [ RunTime:0.000257s ]

[ 2016-11-09T10:15:27+08:00 ] 113.132.10.123 /cnconsum/index.php/Merchant/Vip/image/sch.png
INFO: [ app_init ] --START--
INFO: Run Behavior\BuildLiteBehavior [ RunTime:0.000013s ]
INFO: [ app_init ] --END-- [ RunTime:0.000255s ]

[ 2016-11-09T10:15:28+08:00 ] 113.132.10.123 /cnconsum/index.php/Merchant/Vip/mymember.html
INFO: [ app_init ] --START--
INFO: Run Behavior\BuildLiteBehavior [ RunTime:0.000015s ]
INFO: [ app_init ] --END-- [ RunTime:0.000299s ]

[ 2016-11-09T10:15:28+08:00 ] 113.132.10.123 /cnconsum/index.php/Merchant/Vip/image/sch.png
INFO: [ app_init ] --START--
INFO: Run Behavior\BuildLiteBehavior [ RunTime:0.000014s ]
INFO: [ app_init ] --END-- [ RunTime:0.000257s ]

[ 2016-11-09T10:15:29+08:00 ] 113.132.10.123 /cnconsum/index.php/Merchant/Vip/vip
INFO: [ app_init ] --START--
INFO: Run Behavior\BuildLiteBehavior [ RunTime:0.000037s ]
INFO: [ app_init ] --END-- [ RunTime:0.000281s ]

[ 2016-11-09T10:15:29+08:00 ] 113.132.10.123 /cnconsum/index.php/Merchant/Vip/image/sch.png
INFO: [ app_init ] --START--
INFO: Run Behavior\BuildLiteBehavior [ RunTime:0.000013s ]
INFO: [ app_init ] --END-- [ RunTime:0.000269s ]

[ 2016-11-09T10:20:38+08:00 ] 113.132.10.123 /cnconsum/Merchant/merchant/loginView
INFO: [ app_init ] --START--
INFO: Run Behavior\BuildLiteBehavior [ RunTime:0.000014s ]
INFO: [ app_init ] --END-- [ RunTime:0.000256s ]

[ 2016-11-09T10:20:41+08:00 ] 113.132.10.123 /cnconsum/index.php/Merchant/Business/glysz.html
INFO: [ app_init ] --START--
INFO: Run Behavior\BuildLiteBehavior [ RunTime:0.000020s ]
INFO: [ app_init ] --END-- [ RunTime:0.000374s ]

[ 2016-11-09T10:20:45+08:00 ] 113.132.10.123 /cnconsum/index.php/Merchant/Vip/vip
INFO: [ app_init ] --START--
INFO: Run Behavior\BuildLiteBehavior [ RunTime:0.000014s ]
INFO: [ app_init ] --END-- [ RunTime:0.000267s ]

[ 2016-11-09T10:20:45+08:00 ] 113.132.10.123 /cnconsum/index.php/Merchant/Vip/image/sch.png
INFO: [ app_init ] --START--
INFO: Run Behavior\BuildLiteBehavior [ RunTime:0.000014s ]
INFO: [ app_init ] --END-- [ RunTime:0.000256s ]

[ 2016-11-09T10:20:47+08:00 ] 113.132.10.123 /cnconsum/index.php/Merchant/Commodity/commodity
INFO: [ app_init ] --START--
INFO: Run Behavior\BuildLiteBehavior [ RunTime:0.000013s ]
INFO: [ app_init ] --END-- [ RunTime:0.000291s ]

[ 2016-11-09T10:20:50+08:00 ] 113.132.10.123 /cnconsum/index.php/Merchant/Vip/vip
INFO: [ app_init ] --START--
INFO: Run Behavior\BuildLiteBehavior [ RunTime:0.000012s ]
INFO: [ app_init ] --END-- [ RunTime:0.000246s ]

[ 2016-11-09T10:20:50+08:00 ] 113.132.10.123 /cnconsum/index.php/Merchant/Vip/image/sch.png
INFO: [ app_init ] --START--
INFO: Run Behavior\BuildLiteBehavior [ RunTime:0.000013s ]
INFO: [ app_init ] --END-- [ RunTime:0.000249s ]

[ 2016-11-09T10:20:52+08:00 ] 113.132.10.123 /cnconsum/index.php/Merchant/Commodity/commodity
INFO: [ app_init ] --START--
INFO: Run Behavior\BuildLiteBehavior [ RunTime:0.000017s ]
INFO: [ app_init ] --END-- [ RunTime:0.000321s ]

[ 2016-11-09T10:20:53+08:00 ] 113.132.10.123 /cnconsum/index.php/Merchant/Vip/vip
INFO: [ app_init ] --START--
INFO: Run Behavior\BuildLiteBehavior [ RunTime:0.000016s ]
INFO: [ app_init ] --END-- [ RunTime:0.000293s ]

[ 2016-11-09T10:20:53+08:00 ] 113.132.10.123 /cnconsum/index.php/Merchant/Vip/image/sch.png
INFO: [ app_init ] --START--
INFO: Run Behavior\BuildLiteBehavior [ RunTime:0.000050s ]
INFO: [ app_init ] --END-- [ RunTime:0.000332s ]

[ 2016-11-09T10:20:54+08:00 ] 113.132.10.123 /cnconsum/index.php/Merchant/Commodity/commodity
INFO: [ app_init ] --START--
INFO: Run Behavior\BuildLiteBehavior [ RunTime:0.000013s ]
INFO: [ app_init ] --END-- [ RunTime:0.000285s ]

[ 2016-11-09T10:20:56+08:00 ] 113.132.10.123 /cnconsum/index.php/Merchant/Commodity/commodity
INFO: [ app_init ] --START--
INFO: Run Behavior\BuildLiteBehavior [ RunTime:0.000019s ]
INFO: [ app_init ] --END-- [ RunTime:0.000397s ]

[ 2016-11-09T10:20:58+08:00 ] 113.132.10.123 /cnconsum/index.php/Merchant/Commodity/commodity
INFO: [ app_init ] --START--
INFO: Run Behavior\BuildLiteBehavior [ RunTime:0.000017s ]
INFO: [ app_init ] --END-- [ RunTime:0.000324s ]

[ 2016-11-09T10:21:01+08:00 ] 113.132.10.123 /cnconsum/index.php/Merchant/Vip/vip
INFO: [ app_init ] --START--
INFO: Run Behavior\BuildLiteBehavior [ RunTime:0.000017s ]
INFO: [ app_init ] --END-- [ RunTime:0.000367s ]

[ 2016-11-09T10:21:02+08:00 ] 113.132.10.123 /cnconsum/index.php/Merchant/Vip/image/sch.png
INFO: [ app_init ] --START--
INFO: Run Behavior\BuildLiteBehavior [ RunTime:0.000015s ]
INFO: [ app_init ] --END-- [ RunTime:0.000299s ]

[ 2016-11-09T10:21:02+08:00 ] 113.132.10.123 /cnconsum/index.php/Merchant/Commodity/commodity
INFO: [ app_init ] --START--
INFO: Run Behavior\BuildLiteBehavior [ RunTime:0.000014s ]
INFO: [ app_init ] --END-- [ RunTime:0.000251s ]

[ 2016-11-09T10:21:04+08:00 ] 113.132.10.123 /cnconsum/index.php/Merchant/Account/account
INFO: [ app_init ] --START--
INFO: Run Behavior\BuildLiteBehavior [ RunTime:0.000014s ]
INFO: [ app_init ] --END-- [ RunTime:0.000284s ]

[ 2016-11-09T10:21:05+08:00 ] 113.132.10.123 /cnconsum/index.php/Merchant/Vip/vip
INFO: [ app_init ] --START--
INFO: Run Behavior\BuildLiteBehavior [ RunTime:0.000015s ]
INFO: [ app_init ] --END-- [ RunTime:0.000294s ]

[ 2016-11-09T10:21:05+08:00 ] 113.132.10.123 /cnconsum/index.php/Merchant/Vip/image/sch.png
INFO: [ app_init ] --START--
INFO: Run Behavior\BuildLiteBehavior [ RunTime:0.000021s ]
INFO: [ app_init ] --END-- [ RunTime:0.000389s ]

[ 2016-11-09T10:21:25+08:00 ] 113.132.10.123 /cnconsum/index.php/Merchant/Commodity/commodity
INFO: [ app_init ] --START--
INFO: Run Behavior\BuildLiteBehavior [ RunTime:0.000014s ]
INFO: [ app_init ] --END-- [ RunTime:0.000252s ]

[ 2016-11-09T10:22:08+08:00 ] 113.132.10.123 /cnconsum/index.php/Merchant/Account/account
INFO: [ app_init ] --START--
INFO: Run Behavior\BuildLiteBehavior [ RunTime:0.000013s ]
INFO: [ app_init ] --END-- [ RunTime:0.000254s ]

[ 2016-11-09T10:22:12+08:00 ] 113.132.10.123 /cnconsum/index.php/Merchant/Business/sxed
INFO: [ app_init ] --START--
INFO: Run Behavior\BuildLiteBehavior [ RunTime:0.000015s ]
INFO: [ app_init ] --END-- [ RunTime:0.000279s ]

[ 2016-11-09T10:22:14+08:00 ] 113.132.10.123 /cnconsum/index.php/Merchant/Commodity/commodity
INFO: [ app_init ] --START--
INFO: Run Behavior\BuildLiteBehavior [ RunTime:0.000013s ]
INFO: [ app_init ] --END-- [ RunTime:0.000290s ]

[ 2016-11-09T10:22:17+08:00 ] 113.132.10.123 /cnconsum/index.php/Merchant/Vip/vip
INFO: [ app_init ] --START--
INFO: Run Behavior\BuildLiteBehavior [ RunTime:0.000019s ]
INFO: [ app_init ] --END-- [ RunTime:0.000445s ]

[ 2016-11-09T10:22:17+08:00 ] 113.132.10.123 /cnconsum/index.php/Merchant/Vip/image/sch.png
INFO: [ app_init ] --START--
INFO: Run Behavior\BuildLiteBehavior [ RunTime:0.000020s ]
INFO: [ app_init ] --END-- [ RunTime:0.000388s ]

[ 2016-11-09T10:22:18+08:00 ] 113.132.10.123 /cnconsum/index.php/Merchant/Commodity/commodity
INFO: [ app_init ] --START--
INFO: Run Behavior\BuildLiteBehavior [ RunTime:0.000016s ]
INFO: [ app_init ] --END-- [ RunTime:0.000298s ]

[ 2016-11-09T10:22:21+08:00 ] 113.132.10.123 /cnconsum/index.php/Merchant/Account/account
INFO: [ app_init ] --START--
INFO: Run Behavior\BuildLiteBehavior [ RunTime:0.000013s ]
INFO: [ app_init ] --END-- [ RunTime:0.000274s ]

[ 2016-11-09T10:22:29+08:00 ] 113.132.10.123 /cnconsum/index.php/Merchant/Vip/vip
INFO: [ app_init ] --START--
INFO: Run Behavior\BuildLiteBehavior [ RunTime:0.000019s ]
INFO: [ app_init ] --END-- [ RunTime:0.000271s ]

[ 2016-11-09T10:22:29+08:00 ] 113.132.10.123 /cnconsum/index.php/Merchant/Vip/image/sch.png
INFO: [ app_init ] --START--
INFO: Run Behavior\BuildLiteBehavior [ RunTime:0.000014s ]
INFO: [ app_init ] --END-- [ RunTime:0.000253s ]

[ 2016-11-09T10:23:17+08:00 ] 113.132.10.123 /cnconsum/index.php/Merchant/Commodity/commodity
INFO: [ app_init ] --START--
INFO: Run Behavior\BuildLiteBehavior [ RunTime:0.000014s ]
INFO: [ app_init ] --END-- [ RunTime:0.000297s ]

[ 2016-11-09T10:26:38+08:00 ] 113.132.10.123 /cnconsum/index.php/Merchant/Commodity/commodity
INFO: [ app_init ] --START--
INFO: Run Behavior\BuildLiteBehavior [ RunTime:0.000015s ]
INFO: [ app_init ] --END-- [ RunTime:0.000267s ]

[ 2016-11-09T10:26:40+08:00 ] 113.132.10.123 /cnconsum/index.php/Merchant/Commodity/commodity
INFO: [ app_init ] --START--
INFO: Run Behavior\BuildLiteBehavior [ RunTime:0.000015s ]
INFO: [ app_init ] --END-- [ RunTime:0.000256s ]

[ 2016-11-09T10:55:23+08:00 ] 113.132.10.123 /cnconsum/index.php/Merchant/Vip/vip
INFO: [ app_init ] --START--
INFO: Run Behavior\BuildLiteBehavior [ RunTime:0.000016s ]
INFO: [ app_init ] --END-- [ RunTime:0.000274s ]

[ 2016-11-09T10:55:23+08:00 ] 113.132.10.123 /cnconsum/index.php/Merchant/Vip/image/sch.png
INFO: [ app_init ] --START--
INFO: Run Behavior\BuildLiteBehavior [ RunTime:0.000015s ]
INFO: [ app_init ] --END-- [ RunTime:0.000335s ]

[ 2016-11-09T10:55:24+08:00 ] 113.132.10.123 /cnconsum/index.php/Merchant/Commodity/commodity
INFO: [ app_init ] --START--
INFO: Run Behavior\BuildLiteBehavior [ RunTime:0.000020s ]
INFO: [ app_init ] --END-- [ RunTime:0.000375s ]

[ 2016-11-09T15:53:58+08:00 ] 113.132.10.123 /cnconsum/Merchant/merchant/loginView
INFO: [ app_init ] --START--
INFO: Run Behavior\BuildLiteBehavior [ RunTime:0.000033s ]
INFO: [ app_init ] --END-- [ RunTime:0.000361s ]

