[ 2017-02-03T00:17:48+08:00 ] 113.201.33.139 /cnconsum/Merchant/merchant/loginView
INFO: [ app_init ] --START--
INFO: Run Behavior\BuildLiteBehavior [ RunTime:0.000014s ]
INFO: [ app_init ] --END-- [ RunTime:0.000289s ]

[ 2017-02-03T00:17:57+08:00 ] 101.226.66.193 /cnconsum/Merchant/merchant/loginView
INFO: [ app_init ] --START--
INFO: Run Behavior\BuildLiteBehavior [ RunTime:0.000015s ]
INFO: [ app_init ] --END-- [ RunTime:0.000288s ]

[ 2017-02-03T00:17:57+08:00 ] 101.226.66.193 /cnconsum/Merchant/merchant/%20/cnconsum/Public/js/jquery.min.js
INFO: [ app_init ] --START--
INFO: Run Behavior\BuildLiteBehavior [ RunTime:0.000014s ]
INFO: [ app_init ] --END-- [ RunTime:0.000373s ]
ERR: 非法操作: 

[ 2017-02-03T00:17:57+08:00 ] 101.226.66.193 /cnconsum/Merchant/merchant/%20/cnconsum/Public/js/login.js
INFO: [ app_init ] --START--
INFO: Run Behavior\BuildLiteBehavior [ RunTime:0.000014s ]
INFO: [ app_init ] --END-- [ RunTime:0.000263s ]
ERR: 非法操作: 

[ 2017-02-03T00:17:58+08:00 ] 101.226.66.193 /cnconsum/Merchant/merchant/%20/cnconsum/Public/js/ajaxcheck.js
INFO: [ app_init ] --START--
INFO: Run Behavior\BuildLiteBehavior [ RunTime:0.000013s ]
INFO: [ app_init ] --END-- [ RunTime:0.000286s ]
ERR: 非法操作: 

[ 2017-02-03T00:17:58+08:00 ] 101.226.66.193 /cnconsum/Merchant/merchant/%20/cnconsum/Public/js/jquery.luara.0.0.1.min.js
INFO: [ app_init ] --START--
INFO: Run Behavior\BuildLiteBehavior [ RunTime:0.000014s ]
INFO: [ app_init ] --END-- [ RunTime:0.000332s ]
ERR: 非法操作: 

[ 2017-02-03T00:18:11+08:00 ] 113.201.33.139 /cnconsum/Merchant/merchant/login
INFO: [ app_init ] --START--
INFO: Run Behavior\BuildLiteBehavior [ RunTime:0.000013s ]
INFO: [ app_init ] --END-- [ RunTime:0.000310s ]
INFO: [ app_begin ] --START--
INFO: Run Behavior\ReadHtmlCacheBehavior [ RunTime:0.000316s ]
INFO: [ app_begin ] --END-- [ RunTime:0.000365s ]
SQL: SHOW COLUMNS FROM `cn_merchant` [ RunTime:0.0011s ]
SQL: SELECT * FROM `cn_merchant` WHERE `phone` = '111'  [ RunTime:0.0004s ]
SQL: SELECT COUNT(*) AS tp_count FROM `cn_merchant` WHERE `muid` = 'm_d7c116a9cc' LIMIT 1   [ RunTime:0.0002s ]
SQL: SELECT * FROM `cn_merchant` WHERE `muid` = 'm_d7c116a9cc'  [ RunTime:0.0002s ]
INFO: [ app_end ] --START--
INFO: Run Behavior\ShowPageTraceBehavior [ RunTime:0.000421s ]
INFO: [ app_end ] --END-- [ RunTime:0.000461s ]

[ 2017-02-03T00:18:12+08:00 ] 113.201.33.139 /cnconsum/Merchant/Business/hyzgl
INFO: [ app_init ] --START--
INFO: Run Behavior\BuildLiteBehavior [ RunTime:0.000018s ]
INFO: [ app_init ] --END-- [ RunTime:0.000344s ]

[ 2017-02-03T00:18:24+08:00 ] 113.201.33.139 /cnconsum/Merchant/Business/dpgl
INFO: [ app_init ] --START--
INFO: Run Behavior\BuildLiteBehavior [ RunTime:0.000018s ]
INFO: [ app_init ] --END-- [ RunTime:0.000327s ]

[ 2017-02-03T00:18:27+08:00 ] 180.153.214.152 /cnconsum/Merchant/Business/hyzgl
INFO: [ app_init ] --START--
INFO: Run Behavior\BuildLiteBehavior [ RunTime:0.000018s ]
INFO: [ app_init ] --END-- [ RunTime:0.000316s ]

[ 2017-02-03T00:18:31+08:00 ] 113.201.33.139 /cnconsum/Merchant/Vip/vip
INFO: [ app_init ] --START--
INFO: Run Behavior\BuildLiteBehavior [ RunTime:0.000018s ]
INFO: [ app_init ] --END-- [ RunTime:0.000307s ]

[ 2017-02-03T00:18:35+08:00 ] 113.201.33.139 /cnconsum/Merchant/Vip/vip
INFO: [ app_init ] --START--
INFO: Run Behavior\BuildLiteBehavior [ RunTime:0.000013s ]
INFO: [ app_init ] --END-- [ RunTime:0.000257s ]
INFO: [ app_begin ] --START--
INFO: Run Behavior\ReadHtmlCacheBehavior [ RunTime:0.000313s ]
INFO: [ app_begin ] --END-- [ RunTime:0.000352s ]
SQL: SHOW COLUMNS FROM `cn_user_card` [ RunTime:0.0007s ]
SQL: SELECT COUNT(*) AS tp_count FROM `cn_user_card` INNER JOIN cn_user ON cn_user.uuid = cn_user_card.user  LIMIT 1   [ RunTime:0.0004s ]
SQL: SELECT `nickname`,`sex`,`phone`,`card_code`,`card_level`,`card_remain`,`address`,`headImage` FROM `cn_user_card` INNER JOIN cn_user ON cn_user.uuid = cn_user_card.user  LIMIT 2,2   [ RunTime:0.0003s ]

[ 2017-02-03T00:18:35+08:00 ] 180.153.214.198 /cnconsum/Merchant/Business/dpgl
INFO: [ app_init ] --START--
INFO: Run Behavior\BuildLiteBehavior [ RunTime:0.000013s ]
INFO: [ app_init ] --END-- [ RunTime:0.000259s ]

[ 2017-02-03T00:18:39+08:00 ] 113.201.33.139 /cnconsum/Merchant/Account/account
INFO: [ app_init ] --START--
INFO: Run Behavior\BuildLiteBehavior [ RunTime:0.000013s ]
INFO: [ app_init ] --END-- [ RunTime:0.000262s ]

[ 2017-02-03T00:18:40+08:00 ] 113.201.33.139 /cnconsum/Merchant/Account/account
INFO: [ app_init ] --START--
INFO: Run Behavior\BuildLiteBehavior [ RunTime:0.000015s ]
INFO: [ app_init ] --END-- [ RunTime:0.000272s ]

[ 2017-02-03T00:18:44+08:00 ] 113.201.33.139 /cnconsum/Merchant/merchant/logout
INFO: [ app_init ] --START--
INFO: Run Behavior\BuildLiteBehavior [ RunTime:0.000014s ]
INFO: [ app_init ] --END-- [ RunTime:0.000292s ]

[ 2017-02-03T00:18:46+08:00 ] 180.153.206.17 /cnconsum/Merchant/Vip/vip
INFO: [ app_init ] --START--
INFO: Run Behavior\BuildLiteBehavior [ RunTime:0.000020s ]
INFO: [ app_init ] --END-- [ RunTime:0.000373s ]

[ 2017-02-03T00:18:47+08:00 ] 113.201.33.139 /cnconsum/Merchant/merchant/loginView
INFO: [ app_init ] --START--
INFO: Run Behavior\BuildLiteBehavior [ RunTime:0.000013s ]
INFO: [ app_init ] --END-- [ RunTime:0.000257s ]

[ 2017-02-03T00:18:49+08:00 ] 180.153.163.190 /cnconsum/Merchant/Account/account
INFO: [ app_init ] --START--
INFO: Run Behavior\BuildLiteBehavior [ RunTime:0.000021s ]
INFO: [ app_init ] --END-- [ RunTime:0.000393s ]

[ 2017-02-03T00:18:49+08:00 ] 113.201.33.139 /cnconsum/Merchant/merchant/logout
INFO: [ app_init ] --START--
INFO: Run Behavior\BuildLiteBehavior [ RunTime:0.000019s ]
INFO: [ app_init ] --END-- [ RunTime:0.000416s ]

[ 2017-02-03T00:18:50+08:00 ] 113.201.33.139 /cnconsum/Merchant/Account/account
INFO: [ app_init ] --START--
INFO: Run Behavior\BuildLiteBehavior [ RunTime:0.000014s ]
INFO: [ app_init ] --END-- [ RunTime:0.000313s ]

[ 2017-02-03T00:18:51+08:00 ] 113.201.33.139 /cnconsum/Merchant/Vip/vip
INFO: [ app_init ] --START--
INFO: Run Behavior\BuildLiteBehavior [ RunTime:0.000018s ]
INFO: [ app_init ] --END-- [ RunTime:0.000321s ]

[ 2017-02-03T00:18:53+08:00 ] 113.201.33.139 /cnconsum/Merchant/Business/dpgl
INFO: [ app_init ] --START--
INFO: Run Behavior\BuildLiteBehavior [ RunTime:0.000014s ]
INFO: [ app_init ] --END-- [ RunTime:0.000268s ]

[ 2017-02-03T00:18:54+08:00 ] 61.151.226.202 /cnconsum/Merchant/merchant/logout
INFO: [ app_init ] --START--
INFO: Run Behavior\BuildLiteBehavior [ RunTime:0.000013s ]
INFO: [ app_init ] --END-- [ RunTime:0.000273s ]

[ 2017-02-03T00:20:13+08:00 ] 113.201.33.139 /cnconsum/Merchant/Business/hyzgl
INFO: [ app_init ] --START--
INFO: Run Behavior\BuildLiteBehavior [ RunTime:0.000016s ]
INFO: [ app_init ] --END-- [ RunTime:0.000283s ]

[ 2017-02-03T09:56:37+08:00 ] 117.22.27.66 /cnconsum/index.php/Merchant/Business/hyzgl.html
INFO: [ app_init ] --START--
INFO: Run Behavior\BuildLiteBehavior [ RunTime:0.000014s ]
INFO: [ app_init ] --END-- [ RunTime:0.000258s ]

[ 2017-02-03T09:56:40+08:00 ] 117.22.27.66 /cnconsum/index.php/Merchant/merchant/logout
INFO: [ app_init ] --START--
INFO: Run Behavior\BuildLiteBehavior [ RunTime:0.000013s ]
INFO: [ app_init ] --END-- [ RunTime:0.000258s ]

[ 2017-02-03T09:56:43+08:00 ] 117.22.27.66 /cnconsum/index.php/Merchant/merchant/loginView
INFO: [ app_init ] --START--
INFO: Run Behavior\BuildLiteBehavior [ RunTime:0.000014s ]
INFO: [ app_init ] --END-- [ RunTime:0.000256s ]

[ 2017-02-03T09:56:47+08:00 ] 101.226.65.104 /cnconsum/index.php/Merchant/Business/hyzgl.html
INFO: [ app_init ] --START--
INFO: Run Behavior\BuildLiteBehavior [ RunTime:0.000017s ]
INFO: [ app_init ] --END-- [ RunTime:0.000306s ]

[ 2017-02-03T09:56:55+08:00 ] 180.153.206.17 /cnconsum/index.php/Merchant/merchant/logout
INFO: [ app_init ] --START--
INFO: Run Behavior\BuildLiteBehavior [ RunTime:0.000014s ]
INFO: [ app_init ] --END-- [ RunTime:0.000286s ]

[ 2017-02-03T09:56:56+08:00 ] 180.153.214.199 /cnconsum/index.php/merchant/merchant/logout
INFO: [ app_init ] --START--
INFO: Run Behavior\BuildLiteBehavior [ RunTime:0.000013s ]
INFO: [ app_init ] --END-- [ RunTime:0.000262s ]

[ 2017-02-03T10:52:20+08:00 ] 117.22.27.66 /cnconsum/index.php/Merchant/merchant/loginView
INFO: [ app_init ] --START--
INFO: Run Behavior\BuildLiteBehavior [ RunTime:0.000019s ]
INFO: [ app_init ] --END-- [ RunTime:0.000331s ]

[ 2017-02-03T10:52:40+08:00 ] 117.22.27.66 /cnconsum/index.php/Merchant/merchant/loginView
INFO: [ app_init ] --START--
INFO: Run Behavior\BuildLiteBehavior [ RunTime:0.000017s ]
INFO: [ app_init ] --END-- [ RunTime:0.000294s ]

