[ 2017-02-04T08:24:27+08:00 ] 42.156.251.185 /cnconsum/Merchant/merchant/loginView
INFO: [ app_init ] --START--
INFO: Run Behavior\BuildLiteBehavior [ RunTime:0.000022s ]
INFO: [ app_init ] --END-- [ RunTime:0.000270s ]

[ 2017-02-04T14:13:03+08:00 ] 117.22.25.30 /cnconsum/Merchant/merchant/loginView
INFO: [ app_init ] --START--
INFO: Run Behavior\BuildLiteBehavior [ RunTime:0.000014s ]
INFO: [ app_init ] --END-- [ RunTime:0.000296s ]

[ 2017-02-04T14:13:13+08:00 ] 140.207.185.109 /cnconsum/Merchant/merchant/loginView
INFO: [ app_init ] --START--
INFO: Run Behavior\BuildLiteBehavior [ RunTime:0.000014s ]
INFO: [ app_init ] --END-- [ RunTime:0.000258s ]

[ 2017-02-04T14:13:13+08:00 ] 140.207.185.109 /cnconsum/Merchant/merchant/%20/cnconsum/Public/js/jquery.min.js
INFO: [ app_init ] --START--
INFO: Run Behavior\BuildLiteBehavior [ RunTime:0.000014s ]
INFO: [ app_init ] --END-- [ RunTime:0.000270s ]
ERR: 非法操作: 

[ 2017-02-04T14:13:13+08:00 ] 140.207.185.109 /cnconsum/Merchant/merchant/%20/cnconsum/Public/js/login.js
INFO: [ app_init ] --START--
INFO: Run Behavior\BuildLiteBehavior [ RunTime:0.000014s ]
INFO: [ app_init ] --END-- [ RunTime:0.000282s ]
ERR: 非法操作: 

[ 2017-02-04T14:13:13+08:00 ] 140.207.185.109 /cnconsum/Merchant/merchant/%20/cnconsum/Public/js/ajaxcheck.js
INFO: [ app_init ] --START--
INFO: Run Behavior\BuildLiteBehavior [ RunTime:0.000014s ]
INFO: [ app_init ] --END-- [ RunTime:0.000291s ]
ERR: 非法操作: 

[ 2017-02-04T14:13:13+08:00 ] 140.207.185.109 /cnconsum/Merchant/merchant/%20/cnconsum/Public/js/jquery.luara.0.0.1.min.js
INFO: [ app_init ] --START--
INFO: Run Behavior\BuildLiteBehavior [ RunTime:0.000014s ]
INFO: [ app_init ] --END-- [ RunTime:0.000308s ]
ERR: 非法操作: 

[ 2017-02-04T14:13:47+08:00 ] 117.22.25.30 /cnconsum/Merchant/merchant/login
INFO: [ app_init ] --START--
INFO: Run Behavior\BuildLiteBehavior [ RunTime:0.000018s ]
INFO: [ app_init ] --END-- [ RunTime:0.000335s ]
INFO: [ app_begin ] --START--
INFO: Run Behavior\ReadHtmlCacheBehavior [ RunTime:0.000340s ]
INFO: [ app_begin ] --END-- [ RunTime:0.000382s ]
SQL: SHOW COLUMNS FROM `cn_merchant` [ RunTime:0.0009s ]
SQL: SELECT * FROM `cn_merchant` WHERE `phone` = '111'  [ RunTime:0.0005s ]
SQL: SELECT COUNT(*) AS tp_count FROM `cn_merchant` WHERE `muid` = 'm_d7c116a9cc' LIMIT 1   [ RunTime:0.0002s ]
SQL: SELECT * FROM `cn_merchant` WHERE `muid` = 'm_d7c116a9cc'  [ RunTime:0.0002s ]
INFO: [ app_end ] --START--
INFO: Run Behavior\ShowPageTraceBehavior [ RunTime:0.000471s ]
INFO: [ app_end ] --END-- [ RunTime:0.000510s ]

[ 2017-02-04T14:13:48+08:00 ] 117.22.25.30 /cnconsum/Merchant/Business/hyzgl
INFO: [ app_init ] --START--
INFO: Run Behavior\BuildLiteBehavior [ RunTime:0.000014s ]
INFO: [ app_init ] --END-- [ RunTime:0.000304s ]

[ 2017-02-04T14:13:58+08:00 ] 180.153.211.172 /cnconsum/Merchant/Business/hyzgl
INFO: [ app_init ] --START--
INFO: Run Behavior\BuildLiteBehavior [ RunTime:0.000013s ]
INFO: [ app_init ] --END-- [ RunTime:0.000300s ]

[ 2017-02-04T14:13:58+08:00 ] 180.153.211.172 /cnconsum/Merchant/Business/hyzgl
INFO: [ app_init ] --START--
INFO: Run Behavior\BuildLiteBehavior [ RunTime:0.000015s ]
INFO: [ app_init ] --END-- [ RunTime:0.000325s ]

[ 2017-02-04T14:14:09+08:00 ] 117.22.25.30 /cnconsum/Merchant/Vip/vip
INFO: [ app_init ] --START--
INFO: Run Behavior\BuildLiteBehavior [ RunTime:0.000016s ]
INFO: [ app_init ] --END-- [ RunTime:0.000330s ]

[ 2017-02-04T14:14:13+08:00 ] 117.22.25.30 /cnconsum/Merchant/Commodity/commodity
INFO: [ app_init ] --START--
INFO: Run Behavior\BuildLiteBehavior [ RunTime:0.000013s ]
INFO: [ app_init ] --END-- [ RunTime:0.000264s ]

[ 2017-02-04T14:14:23+08:00 ] 61.151.218.118 /cnconsum/Merchant/Commodity/commodity
INFO: [ app_init ] --START--
INFO: Run Behavior\BuildLiteBehavior [ RunTime:0.000019s ]
INFO: [ app_init ] --END-- [ RunTime:0.000393s ]

[ 2017-02-04T14:14:25+08:00 ] 117.22.25.30 /cnconsum/Merchant/Gather/qrcode
INFO: [ app_init ] --START--
INFO: Run Behavior\BuildLiteBehavior [ RunTime:0.000013s ]
INFO: [ app_init ] --END-- [ RunTime:0.000263s ]

[ 2017-02-04T14:14:27+08:00 ] 180.153.214.152 /cnconsum/Merchant/Vip/vip
INFO: [ app_init ] --START--
INFO: Run Behavior\BuildLiteBehavior [ RunTime:0.000019s ]
INFO: [ app_init ] --END-- [ RunTime:0.000369s ]

[ 2017-02-04T14:14:35+08:00 ] 101.226.79.182 /cnconsum/Merchant/Gather/qrcode
INFO: [ app_init ] --START--
INFO: Run Behavior\BuildLiteBehavior [ RunTime:0.000029s ]
INFO: [ app_init ] --END-- [ RunTime:0.000301s ]

[ 2017-02-04T14:14:41+08:00 ] 117.22.25.30 /cnconsum/Merchant/merchant/logout
INFO: [ app_init ] --START--
INFO: Run Behavior\BuildLiteBehavior [ RunTime:0.000014s ]
INFO: [ app_init ] --END-- [ RunTime:0.000258s ]

[ 2017-02-04T14:14:44+08:00 ] 117.22.25.30 /cnconsum/Merchant/merchant/loginView
INFO: [ app_init ] --START--
INFO: Run Behavior\BuildLiteBehavior [ RunTime:0.000014s ]
INFO: [ app_init ] --END-- [ RunTime:0.000282s ]

[ 2017-02-04T14:14:51+08:00 ] 117.22.25.30 /cnconsum/Merchant/merchant/loginView
INFO: [ app_init ] --START--
INFO: Run Behavior\BuildLiteBehavior [ RunTime:0.000014s ]
INFO: [ app_init ] --END-- [ RunTime:0.000259s ]

[ 2017-02-04T14:14:57+08:00 ] 61.151.226.199 /cnconsum/Merchant/merchant/logout
INFO: [ app_init ] --START--
INFO: Run Behavior\BuildLiteBehavior [ RunTime:0.000030s ]
INFO: [ app_init ] --END-- [ RunTime:0.000528s ]

[ 2017-02-04T14:14:59+08:00 ] 117.22.25.30 /cnconsum/Merchant/merchant/registerView
INFO: [ app_init ] --START--
INFO: Run Behavior\BuildLiteBehavior [ RunTime:0.000015s ]
INFO: [ app_init ] --END-- [ RunTime:0.000281s ]

[ 2017-02-04T14:15:09+08:00 ] 180.153.160.24 /cnconsum/Merchant/merchant/registerView
INFO: [ app_init ] --START--
INFO: Run Behavior\BuildLiteBehavior [ RunTime:0.000015s ]
INFO: [ app_init ] --END-- [ RunTime:0.000304s ]

[ 2017-02-04T14:15:09+08:00 ] 180.153.160.24 /cnconsum/Merchant/merchant/%20/cnconsum/Public/js/jquery-1.9.1.min.js
INFO: [ app_init ] --START--
INFO: Run Behavior\BuildLiteBehavior [ RunTime:0.000013s ]
INFO: [ app_init ] --END-- [ RunTime:0.000269s ]
ERR: 非法操作: 

[ 2017-02-04T14:15:09+08:00 ] 180.153.160.24 /cnconsum/Merchant/merchant/%20/cnconsum/Public/js/script.js
INFO: [ app_init ] --START--
INFO: Run Behavior\BuildLiteBehavior [ RunTime:0.000014s ]
INFO: [ app_init ] --END-- [ RunTime:0.000291s ]
ERR: 非法操作: 

[ 2017-02-04T14:15:22+08:00 ] 117.22.25.30 /cnconsum/Merchant/merchant/login.html
INFO: [ app_init ] --START--
INFO: Run Behavior\BuildLiteBehavior [ RunTime:0.000013s ]
INFO: [ app_init ] --END-- [ RunTime:0.000274s ]

[ 2017-02-04T14:15:29+08:00 ] 117.22.25.30 /cnconsum/Merchant/merchant/login.html
INFO: [ app_init ] --START--
INFO: Run Behavior\BuildLiteBehavior [ RunTime:0.000015s ]
INFO: [ app_init ] --END-- [ RunTime:0.000299s ]

[ 2017-02-04T14:15:51+08:00 ] 117.22.25.30 /cnconsum/Merchant/merchant/loginView
INFO: [ app_init ] --START--
INFO: Run Behavior\BuildLiteBehavior [ RunTime:0.000017s ]
INFO: [ app_init ] --END-- [ RunTime:0.000304s ]

[ 2017-02-04T14:15:59+08:00 ] 117.22.25.30 /cnconsum/Merchant/merchant/login
INFO: [ app_init ] --START--
INFO: Run Behavior\BuildLiteBehavior [ RunTime:0.000019s ]
INFO: [ app_init ] --END-- [ RunTime:0.000279s ]
INFO: [ app_begin ] --START--
INFO: Run Behavior\ReadHtmlCacheBehavior [ RunTime:0.000379s ]
INFO: [ app_begin ] --END-- [ RunTime:0.000428s ]
SQL: SHOW COLUMNS FROM `cn_merchant` [ RunTime:0.0008s ]
SQL: SELECT * FROM `cn_merchant` WHERE `phone` = '111'  [ RunTime:0.0004s ]
SQL: SELECT COUNT(*) AS tp_count FROM `cn_merchant` WHERE `muid` = 'm_d7c116a9cc' LIMIT 1   [ RunTime:0.0002s ]
SQL: SELECT * FROM `cn_merchant` WHERE `muid` = 'm_d7c116a9cc'  [ RunTime:0.0002s ]
INFO: [ app_end ] --START--
INFO: Run Behavior\ShowPageTraceBehavior [ RunTime:0.000390s ]
INFO: [ app_end ] --END-- [ RunTime:0.000432s ]

[ 2017-02-04T14:16:39+08:00 ] 117.22.25.30 /cnconsum/Merchant/merchant/loginView
INFO: [ app_init ] --START--
INFO: Run Behavior\BuildLiteBehavior [ RunTime:0.000014s ]
INFO: [ app_init ] --END-- [ RunTime:0.000274s ]

[ 2017-02-04T14:17:22+08:00 ] 117.22.25.30 /cnconsum/Merchant/merchant/login
INFO: [ app_init ] --START--
INFO: Run Behavior\BuildLiteBehavior [ RunTime:0.000014s ]
INFO: [ app_init ] --END-- [ RunTime:0.000353s ]
INFO: [ app_begin ] --START--
INFO: Run Behavior\ReadHtmlCacheBehavior [ RunTime:0.000313s ]
INFO: [ app_begin ] --END-- [ RunTime:0.000352s ]
SQL: SHOW COLUMNS FROM `cn_merchant` [ RunTime:0.0011s ]
SQL: SELECT * FROM `cn_merchant` WHERE `phone` = '222'  [ RunTime:0.0005s ]
NOTIC: [8] Undefined offset: 0 /var/www/html/cnconsum/Project/Merchant/Controller/MerchantController.class.php 第 154 行.
SQL: SELECT COUNT(*) AS tp_count FROM `cn_merchant` WHERE `muid` = null LIMIT 1   [ RunTime:0.0002s ]
INFO: [ app_end ] --START--
INFO: Run Behavior\ShowPageTraceBehavior [ RunTime:0.000643s ]
INFO: [ app_end ] --END-- [ RunTime:0.000704s ]

[ 2017-02-04T14:17:50+08:00 ] 117.22.25.30 /cnconsum/Merchant/merchant/login
INFO: [ app_init ] --START--
INFO: Run Behavior\BuildLiteBehavior [ RunTime:0.000014s ]
INFO: [ app_init ] --END-- [ RunTime:0.000283s ]
INFO: [ app_begin ] --START--
INFO: Run Behavior\ReadHtmlCacheBehavior [ RunTime:0.000330s ]
INFO: [ app_begin ] --END-- [ RunTime:0.000370s ]
SQL: SHOW COLUMNS FROM `cn_merchant` [ RunTime:0.0008s ]
SQL: SELECT * FROM `cn_merchant` WHERE `phone` = '222'  [ RunTime:0.0004s ]
NOTIC: [8] Undefined offset: 0 /var/www/html/cnconsum/Project/Merchant/Controller/MerchantController.class.php 第 154 行.
SQL: SELECT COUNT(*) AS tp_count FROM `cn_merchant` WHERE `muid` = null LIMIT 1   [ RunTime:0.0002s ]
INFO: [ app_end ] --START--
INFO: Run Behavior\ShowPageTraceBehavior [ RunTime:0.000393s ]
INFO: [ app_end ] --END-- [ RunTime:0.000431s ]

[ 2017-02-04T14:19:15+08:00 ] 117.22.25.30 /cnconsum/Merchant/merchant/registerView
INFO: [ app_init ] --START--
INFO: Run Behavior\BuildLiteBehavior [ RunTime:0.000017s ]
INFO: [ app_init ] --END-- [ RunTime:0.000320s ]

[ 2017-02-04T14:20:07+08:00 ] 117.22.25.30 /cnconsum/Merchant/merchant/loginView
INFO: [ app_init ] --START--
INFO: Run Behavior\BuildLiteBehavior [ RunTime:0.000017s ]
INFO: [ app_init ] --END-- [ RunTime:0.000308s ]

[ 2017-02-04T14:20:11+08:00 ] 117.22.25.30 /cnconsum/Merchant/merchant/login
INFO: [ app_init ] --START--
INFO: Run Behavior\BuildLiteBehavior [ RunTime:0.000013s ]
INFO: [ app_init ] --END-- [ RunTime:0.000269s ]
INFO: [ app_begin ] --START--
INFO: Run Behavior\ReadHtmlCacheBehavior [ RunTime:0.000337s ]
INFO: [ app_begin ] --END-- [ RunTime:0.000377s ]
SQL: SHOW COLUMNS FROM `cn_merchant` [ RunTime:0.0008s ]
SQL: SELECT * FROM `cn_merchant` WHERE `phone` = '111'  [ RunTime:0.0005s ]
SQL: SELECT COUNT(*) AS tp_count FROM `cn_merchant` WHERE `muid` = 'm_d7c116a9cc' LIMIT 1   [ RunTime:0.0002s ]
SQL: SELECT * FROM `cn_merchant` WHERE `muid` = 'm_d7c116a9cc'  [ RunTime:0.0002s ]
INFO: [ app_end ] --START--
INFO: Run Behavior\ShowPageTraceBehavior [ RunTime:0.000396s ]
INFO: [ app_end ] --END-- [ RunTime:0.000437s ]

[ 2017-02-04T14:20:12+08:00 ] 117.22.25.30 /cnconsum/Merchant/Business/hyzgl
INFO: [ app_init ] --START--
INFO: Run Behavior\BuildLiteBehavior [ RunTime:0.000018s ]
INFO: [ app_init ] --END-- [ RunTime:0.000387s ]

[ 2017-02-04T14:21:23+08:00 ] 119.147.146.60 /cnconsum/Merchant/Business/hyzgl
INFO: [ app_init ] --START--
INFO: Run Behavior\BuildLiteBehavior [ RunTime:0.000015s ]
INFO: [ app_init ] --END-- [ RunTime:0.000313s ]

[ 2017-02-04T14:23:28+08:00 ] 117.22.25.30 /cnconsum/Merchant/merchant/logout
INFO: [ app_init ] --START--
INFO: Run Behavior\BuildLiteBehavior [ RunTime:0.000013s ]
INFO: [ app_init ] --END-- [ RunTime:0.000277s ]

[ 2017-02-04T14:23:32+08:00 ] 117.22.25.30 /cnconsum/Merchant/merchant/loginView
INFO: [ app_init ] --START--
INFO: Run Behavior\BuildLiteBehavior [ RunTime:0.000014s ]
INFO: [ app_init ] --END-- [ RunTime:0.000267s ]

[ 2017-02-04T14:24:30+08:00 ] 117.22.25.30 /cnconsum/Merchant/merchant/login
INFO: [ app_init ] --START--
INFO: Run Behavior\BuildLiteBehavior [ RunTime:0.000014s ]
INFO: [ app_init ] --END-- [ RunTime:0.000279s ]
INFO: [ app_begin ] --START--
INFO: Run Behavior\ReadHtmlCacheBehavior [ RunTime:0.000441s ]
INFO: [ app_begin ] --END-- [ RunTime:0.000483s ]
SQL: SHOW COLUMNS FROM `cn_merchant` [ RunTime:0.0009s ]
SQL: SELECT * FROM `cn_merchant` WHERE `phone` = '111'  [ RunTime:0.0005s ]
SQL: SELECT COUNT(*) AS tp_count FROM `cn_merchant` WHERE `muid` = 'm_d7c116a9cc' LIMIT 1   [ RunTime:0.0003s ]
SQL: SELECT * FROM `cn_merchant` WHERE `muid` = 'm_d7c116a9cc'  [ RunTime:0.0002s ]
INFO: [ app_end ] --START--
INFO: Run Behavior\ShowPageTraceBehavior [ RunTime:0.000380s ]
INFO: [ app_end ] --END-- [ RunTime:0.000424s ]

[ 2017-02-04T14:24:30+08:00 ] 117.22.25.30 /cnconsum/Merchant/Business/hyzgl
INFO: [ app_init ] --START--
INFO: Run Behavior\BuildLiteBehavior [ RunTime:0.000014s ]
INFO: [ app_init ] --END-- [ RunTime:0.000257s ]

[ 2017-02-04T14:24:33+08:00 ] 117.22.25.30 /cnconsum/Merchant/Gather/qrcode
INFO: [ app_init ] --START--
INFO: Run Behavior\BuildLiteBehavior [ RunTime:0.000015s ]
INFO: [ app_init ] --END-- [ RunTime:0.000275s ]

[ 2017-02-04T14:24:51+08:00 ] 117.22.25.30 /cnconsum/Merchant/Business/dpgl
INFO: [ app_init ] --START--
INFO: Run Behavior\BuildLiteBehavior [ RunTime:0.000019s ]
INFO: [ app_init ] --END-- [ RunTime:0.000348s ]

[ 2017-02-04T14:25:01+08:00 ] 117.185.27.113 /cnconsum/Merchant/Business/dpgl
INFO: [ app_init ] --START--
INFO: Run Behavior\BuildLiteBehavior [ RunTime:0.000015s ]
INFO: [ app_init ] --END-- [ RunTime:0.000394s ]

[ 2017-02-04T14:25:07+08:00 ] 117.22.25.30 /cnconsum/Merchant/Business/sjjs
INFO: [ app_init ] --START--
INFO: Run Behavior\BuildLiteBehavior [ RunTime:0.000020s ]
INFO: [ app_init ] --END-- [ RunTime:0.000378s ]

[ 2017-02-04T14:25:11+08:00 ] 117.22.25.30 /cnconsum/Merchant/Business/hyzgl
INFO: [ app_init ] --START--
INFO: Run Behavior\BuildLiteBehavior [ RunTime:0.000037s ]
INFO: [ app_init ] --END-- [ RunTime:0.000313s ]

[ 2017-02-04T14:25:17+08:00 ] 101.226.89.116 /cnconsum/Merchant/Business/sjjs
INFO: [ app_init ] --START--
INFO: Run Behavior\BuildLiteBehavior [ RunTime:0.000016s ]
INFO: [ app_init ] --END-- [ RunTime:0.000328s ]

[ 2017-02-04T14:26:26+08:00 ] 117.22.25.30 /cnconsum/Merchant/Business/zjtx
INFO: [ app_init ] --START--
INFO: Run Behavior\BuildLiteBehavior [ RunTime:0.000013s ]
INFO: [ app_init ] --END-- [ RunTime:0.000271s ]

[ 2017-02-04T14:26:45+08:00 ] 117.22.25.30 /cnconsum/Merchant/Business/hyzgl
INFO: [ app_init ] --START--
INFO: Run Behavior\BuildLiteBehavior [ RunTime:0.000013s ]
INFO: [ app_init ] --END-- [ RunTime:0.000317s ]

[ 2017-02-04T14:26:50+08:00 ] 117.22.25.30 /cnconsum/Merchant/Business/turnURL?url=../card/addView
INFO: [ app_init ] --START--
INFO: Run Behavior\BuildLiteBehavior [ RunTime:0.000016s ]
INFO: [ app_init ] --END-- [ RunTime:0.000291s ]

[ 2017-02-04T14:26:50+08:00 ] 117.22.25.30 /cnconsum/Merchant/card/addView
INFO: [ app_init ] --START--
INFO: Run Behavior\BuildLiteBehavior [ RunTime:0.000020s ]
INFO: [ app_init ] --END-- [ RunTime:0.000339s ]

[ 2017-02-04T14:26:55+08:00 ] 117.22.25.30 /cnconsum/Merchant/Business/sxed
INFO: [ app_init ] --START--
INFO: Run Behavior\BuildLiteBehavior [ RunTime:0.000014s ]
INFO: [ app_init ] --END-- [ RunTime:0.000357s ]

[ 2017-02-04T14:27:00+08:00 ] 101.226.89.116 /cnconsum/Merchant/card/addView
INFO: [ app_init ] --START--
INFO: Run Behavior\BuildLiteBehavior [ RunTime:0.000015s ]
INFO: [ app_init ] --END-- [ RunTime:0.000271s ]

[ 2017-02-04T14:27:00+08:00 ] 180.153.214.200 /cnconsum/Merchant/Business/turnURL?url=../card/addView
INFO: [ app_init ] --START--
INFO: Run Behavior\BuildLiteBehavior [ RunTime:0.000014s ]
INFO: [ app_init ] --END-- [ RunTime:0.000302s ]

[ 2017-02-04T14:27:00+08:00 ] 180.153.214.200 /cnconsum/Merchant/card/addView
INFO: [ app_init ] --START--
INFO: Run Behavior\BuildLiteBehavior [ RunTime:0.000014s ]
INFO: [ app_init ] --END-- [ RunTime:0.000265s ]

[ 2017-02-04T14:27:02+08:00 ] 117.22.25.30 /cnconsum/Merchant/Account/account
INFO: [ app_init ] --START--
INFO: Run Behavior\BuildLiteBehavior [ RunTime:0.000022s ]
INFO: [ app_init ] --END-- [ RunTime:0.000394s ]

[ 2017-02-04T14:27:05+08:00 ] 101.226.33.228 /cnconsum/Merchant/Business/sxed
INFO: [ app_init ] --START--
INFO: Run Behavior\BuildLiteBehavior [ RunTime:0.000013s ]
INFO: [ app_init ] --END-- [ RunTime:0.000279s ]

[ 2017-02-04T14:27:12+08:00 ] 101.226.65.105 /cnconsum/Merchant/Account/account
INFO: [ app_init ] --START--
INFO: Run Behavior\BuildLiteBehavior [ RunTime:0.000023s ]
INFO: [ app_init ] --END-- [ RunTime:0.000363s ]

[ 2017-02-04T14:27:31+08:00 ] 117.22.25.30 /cnconsum/Merchant/Account/account
INFO: [ app_init ] --START--
INFO: Run Behavior\BuildLiteBehavior [ RunTime:0.000014s ]
INFO: [ app_init ] --END-- [ RunTime:0.000260s ]

[ 2017-02-04T14:27:36+08:00 ] 117.22.25.30 /cnconsum/Merchant/Business/hyzgl
INFO: [ app_init ] --START--
INFO: Run Behavior\BuildLiteBehavior [ RunTime:0.000018s ]
INFO: [ app_init ] --END-- [ RunTime:0.000388s ]

[ 2017-02-04T14:27:40+08:00 ] 117.22.25.30 /cnconsum/Merchant/Business/glysz
INFO: [ app_init ] --START--
INFO: Run Behavior\BuildLiteBehavior [ RunTime:0.000023s ]
INFO: [ app_init ] --END-- [ RunTime:0.000265s ]

[ 2017-02-04T14:27:42+08:00 ] 117.22.25.30 /cnconsum/Merchant/Business/sxed
INFO: [ app_init ] --START--
INFO: Run Behavior\BuildLiteBehavior [ RunTime:0.000013s ]
INFO: [ app_init ] --END-- [ RunTime:0.000294s ]

[ 2017-02-04T14:27:50+08:00 ] 101.226.102.97 /cnconsum/Merchant/Business/glysz
INFO: [ app_init ] --START--
INFO: Run Behavior\BuildLiteBehavior [ RunTime:0.000013s ]
INFO: [ app_init ] --END-- [ RunTime:0.000254s ]

[ 2017-02-04T14:32:08+08:00 ] 117.22.25.30 /cnconsum/Merchant/Account/account
INFO: [ app_init ] --START--
INFO: Run Behavior\BuildLiteBehavior [ RunTime:0.000014s ]
INFO: [ app_init ] --END-- [ RunTime:0.000279s ]

[ 2017-02-04T17:13:47+08:00 ] 117.22.25.30 /cnconsum/index.php/Merchant/Business/hyzgl.html
INFO: [ app_init ] --START--
INFO: Run Behavior\BuildLiteBehavior [ RunTime:0.000014s ]
INFO: [ app_init ] --END-- [ RunTime:0.000282s ]

[ 2017-02-04T17:13:50+08:00 ] 117.22.25.30 /cnconsum/index.php/Merchant/Business/glysz
INFO: [ app_init ] --START--
INFO: Run Behavior\BuildLiteBehavior [ RunTime:0.000015s ]
INFO: [ app_init ] --END-- [ RunTime:0.000260s ]

[ 2017-02-04T17:13:53+08:00 ] 117.22.25.30 /cnconsum/index.php/Merchant/merchant/logout
INFO: [ app_init ] --START--
INFO: Run Behavior\BuildLiteBehavior [ RunTime:0.000012s ]
INFO: [ app_init ] --END-- [ RunTime:0.000253s ]

[ 2017-02-04T17:13:57+08:00 ] 180.153.206.20 /cnconsum/index.php/Merchant/Business/hyzgl.html
INFO: [ app_init ] --START--
INFO: Run Behavior\BuildLiteBehavior [ RunTime:0.000018s ]
INFO: [ app_init ] --END-- [ RunTime:0.000318s ]

[ 2017-02-04T17:13:57+08:00 ] 101.226.33.240 /cnconsum/index.php/Merchant/Business/hyzgl.html
INFO: [ app_init ] --START--
INFO: Run Behavior\BuildLiteBehavior [ RunTime:0.000013s ]
INFO: [ app_init ] --END-- [ RunTime:0.000272s ]

[ 2017-02-04T17:13:57+08:00 ] 180.153.201.15 /cnconsum/index.php/Merchant/Business/hyzgl.html
INFO: [ app_init ] --START--
INFO: Run Behavior\BuildLiteBehavior [ RunTime:0.000015s ]
INFO: [ app_init ] --END-- [ RunTime:0.000299s ]

[ 2017-02-04T17:13:57+08:00 ] 117.22.25.30 /cnconsum/index.php/Merchant/merchant/loginView
INFO: [ app_init ] --START--
INFO: Run Behavior\BuildLiteBehavior [ RunTime:0.000014s ]
INFO: [ app_init ] --END-- [ RunTime:0.000280s ]

[ 2017-02-04T17:14:01+08:00 ] 117.22.25.30 /cnconsum/index.php/Merchant/merchant/login
INFO: [ app_init ] --START--
INFO: Run Behavior\BuildLiteBehavior [ RunTime:0.000014s ]
INFO: [ app_init ] --END-- [ RunTime:0.000264s ]
INFO: [ app_begin ] --START--
INFO: Run Behavior\ReadHtmlCacheBehavior [ RunTime:0.000335s ]
INFO: [ app_begin ] --END-- [ RunTime:0.000382s ]
SQL: SHOW COLUMNS FROM `cn_merchant` [ RunTime:0.0008s ]
SQL: SELECT * FROM `cn_merchant` WHERE `phone` = '111'  [ RunTime:0.0005s ]
SQL: SELECT COUNT(*) AS tp_count FROM `cn_merchant` WHERE `muid` = 'm_d7c116a9cc' LIMIT 1   [ RunTime:0.0002s ]
SQL: SELECT * FROM `cn_merchant` WHERE `muid` = 'm_d7c116a9cc'  [ RunTime:0.0002s ]
INFO: [ app_end ] --START--
INFO: Run Behavior\ShowPageTraceBehavior [ RunTime:0.000432s ]
INFO: [ app_end ] --END-- [ RunTime:0.000479s ]

[ 2017-02-04T17:14:01+08:00 ] 117.22.25.30 /cnconsum/index.php/Merchant/Business/hyzgl
INFO: [ app_init ] --START--
INFO: Run Behavior\BuildLiteBehavior [ RunTime:0.000014s ]
INFO: [ app_init ] --END-- [ RunTime:0.000268s ]

[ 2017-02-04T17:14:02+08:00 ] 101.226.89.121 /cnconsum/index.php/Merchant/Business/hyzgl.html
INFO: [ app_init ] --START--
INFO: Run Behavior\BuildLiteBehavior [ RunTime:0.000014s ]
INFO: [ app_init ] --END-- [ RunTime:0.000272s ]

[ 2017-02-04T17:14:05+08:00 ] 117.22.25.30 /cnconsum/index.php/Merchant/Business/glysz
INFO: [ app_init ] --START--
INFO: Run Behavior\BuildLiteBehavior [ RunTime:0.000015s ]
INFO: [ app_init ] --END-- [ RunTime:0.000298s ]

[ 2017-02-04T17:14:08+08:00 ] 180.153.214.188 /cnconsum/index.php/Merchant/Business/glysz
INFO: [ app_init ] --START--
INFO: Run Behavior\BuildLiteBehavior [ RunTime:0.000016s ]
INFO: [ app_init ] --END-- [ RunTime:0.000321s ]

[ 2017-02-04T17:14:08+08:00 ] 117.22.25.30 /cnconsum/index.php/Merchant/Business/glysz
INFO: [ app_init ] --START--
INFO: Run Behavior\BuildLiteBehavior [ RunTime:0.000014s ]
INFO: [ app_init ] --END-- [ RunTime:0.000276s ]
INFO: [ app_begin ] --START--
INFO: Run Behavior\ReadHtmlCacheBehavior [ RunTime:0.000352s ]
INFO: [ app_begin ] --END-- [ RunTime:0.000391s ]
SQL: SHOW COLUMNS FROM `cn_admin` [ RunTime:0.0007s ]
SQL: SELECT COUNT(*) AS tp_count FROM `cn_admin` WHERE `merchant` = 'm_d7c116a9cc' LIMIT 1   [ RunTime:0.0004s ]
SQL: SELECT * FROM `cn_admin` WHERE `merchant` = 'm_d7c116a9cc' LIMIT 3,3   [ RunTime:0.0002s ]

[ 2017-02-04T17:14:11+08:00 ] 117.22.25.30 /cnconsum/index.php/Merchant/Business/glysz
INFO: [ app_init ] --START--
INFO: Run Behavior\BuildLiteBehavior [ RunTime:0.000013s ]
INFO: [ app_init ] --END-- [ RunTime:0.000279s ]
INFO: [ app_begin ] --START--
INFO: Run Behavior\ReadHtmlCacheBehavior [ RunTime:0.000323s ]
INFO: [ app_begin ] --END-- [ RunTime:0.000363s ]
SQL: SHOW COLUMNS FROM `cn_admin` [ RunTime:0.0007s ]
SQL: SELECT COUNT(*) AS tp_count FROM `cn_admin` WHERE `merchant` = 'm_d7c116a9cc' LIMIT 1   [ RunTime:0.0003s ]
SQL: SELECT * FROM `cn_admin` WHERE `merchant` = 'm_d7c116a9cc' LIMIT 0,3   [ RunTime:0.0002s ]

[ 2017-02-04T17:14:16+08:00 ] 180.153.201.28 /cnconsum/index.php/Merchant/Business/hyzgl
INFO: [ app_init ] --START--
INFO: Run Behavior\BuildLiteBehavior [ RunTime:0.000014s ]
INFO: [ app_init ] --END-- [ RunTime:0.000312s ]

[ 2017-02-04T20:23:06+08:00 ] 123.139.25.100 //cnconsum/merchant/loginView
INFO: [ app_init ] --START--
INFO: Run Behavior\BuildLiteBehavior [ RunTime:0.000014s ]
INFO: [ app_init ] --END-- [ RunTime:0.000315s ]
ERR: 无法加载控制器:LoginView

[ 2017-02-04T20:23:31+08:00 ] 123.139.25.100 //cnconsum/merchant/merchant/loginView
INFO: [ app_init ] --START--
INFO: Run Behavior\BuildLiteBehavior [ RunTime:0.000014s ]
INFO: [ app_init ] --END-- [ RunTime:0.000317s ]

[ 2017-02-04T20:24:14+08:00 ] 123.139.25.100 /cnconsum/merchant/merchant/loginView
INFO: [ app_init ] --START--
INFO: Run Behavior\BuildLiteBehavior [ RunTime:0.000014s ]
INFO: [ app_init ] --END-- [ RunTime:0.000303s ]

