[ 2017-01-13T08:26:49+08:00 ] 42.156.251.187 /cnconsum/index.php/Merchant/merchant/loginView
INFO: [ app_init ] --START--
INFO: Run Behavior\BuildLiteBehavior [ RunTime:0.000014s ]
INFO: [ app_init ] --END-- [ RunTime:0.000273s ]

[ 2017-01-13T09:53:05+08:00 ] 117.22.24.198 /cnconsum/index.php/Merchant/Business/hyzgl.html
INFO: [ app_init ] --START--
INFO: Run Behavior\BuildLiteBehavior [ RunTime:0.000018s ]
INFO: [ app_init ] --END-- [ RunTime:0.000285s ]

[ 2017-01-13T09:53:15+08:00 ] 180.153.206.23 /cnconsum/index.php/Merchant/Business/hyzgl.html
INFO: [ app_init ] --START--
INFO: Run Behavior\BuildLiteBehavior [ RunTime:0.000013s ]
INFO: [ app_init ] --END-- [ RunTime:0.000262s ]

[ 2017-01-13T09:53:15+08:00 ] 180.153.214.197 /cnconsum/index.php/merchant/business/hyzgl.html
INFO: [ app_init ] --START--
INFO: Run Behavior\BuildLiteBehavior [ RunTime:0.000014s ]
INFO: [ app_init ] --END-- [ RunTime:0.000281s ]

[ 2017-01-13T09:53:16+08:00 ] 117.22.24.198 /cnconsum/index.php/Merchant/Business/hyzgl.html
INFO: [ app_init ] --START--
INFO: Run Behavior\BuildLiteBehavior [ RunTime:0.000017s ]
INFO: [ app_init ] --END-- [ RunTime:0.000276s ]

[ 2017-01-13T09:53:19+08:00 ] 117.22.24.198 /cnconsum/index.php/Merchant/merchant/logout
INFO: [ app_init ] --START--
INFO: Run Behavior\BuildLiteBehavior [ RunTime:0.000014s ]
INFO: [ app_init ] --END-- [ RunTime:0.000281s ]

[ 2017-01-13T09:53:22+08:00 ] 117.22.24.198 /cnconsum/index.php/Merchant/merchant/loginView
INFO: [ app_init ] --START--
INFO: Run Behavior\BuildLiteBehavior [ RunTime:0.000013s ]
INFO: [ app_init ] --END-- [ RunTime:0.000258s ]

[ 2017-01-13T09:53:29+08:00 ] 140.207.185.109 /cnconsum/index.php/Merchant/merchant/logout
INFO: [ app_init ] --START--
INFO: Run Behavior\BuildLiteBehavior [ RunTime:0.000013s ]
INFO: [ app_init ] --END-- [ RunTime:0.000276s ]

[ 2017-01-13T09:53:40+08:00 ] 180.153.206.22 /cnconsum/index.php/Merchant/merchant/loginView
INFO: [ app_init ] --START--
INFO: Run Behavior\BuildLiteBehavior [ RunTime:0.000013s ]
INFO: [ app_init ] --END-- [ RunTime:0.000285s ]

[ 2017-01-13T09:53:40+08:00 ] 180.153.206.22 /cnconsum/index.php/Merchant/merchant/%20/cnconsum/Public/js/jquery.min.js
INFO: [ app_init ] --START--
INFO: Run Behavior\BuildLiteBehavior [ RunTime:0.000018s ]
INFO: [ app_init ] --END-- [ RunTime:0.000339s ]
ERR: 非法操作: 

[ 2017-01-13T09:53:40+08:00 ] 180.153.206.22 /cnconsum/index.php/Merchant/merchant/%20/cnconsum/Public/js/login.js
INFO: [ app_init ] --START--
INFO: Run Behavior\BuildLiteBehavior [ RunTime:0.000013s ]
INFO: [ app_init ] --END-- [ RunTime:0.000250s ]
ERR: 非法操作: 

[ 2017-01-13T09:53:41+08:00 ] 180.153.206.22 /cnconsum/index.php/Merchant/merchant/%20/cnconsum/Public/js/ajaxcheck.js
INFO: [ app_init ] --START--
INFO: Run Behavior\BuildLiteBehavior [ RunTime:0.000013s ]
INFO: [ app_init ] --END-- [ RunTime:0.000318s ]
ERR: 非法操作: 

[ 2017-01-13T09:53:41+08:00 ] 180.153.206.22 /cnconsum/index.php/Merchant/merchant/%20/cnconsum/Public/js/jquery.luara.0.0.1.min.js
INFO: [ app_init ] --START--
INFO: Run Behavior\BuildLiteBehavior [ RunTime:0.000013s ]
INFO: [ app_init ] --END-- [ RunTime:0.000250s ]
ERR: 非法操作: 

[ 2017-01-13T09:53:46+08:00 ] 117.22.24.198 /cnconsum/index.php/Merchant/merchant/login
INFO: [ app_init ] --START--
INFO: Run Behavior\BuildLiteBehavior [ RunTime:0.000017s ]
INFO: [ app_init ] --END-- [ RunTime:0.000343s ]
INFO: [ app_begin ] --START--
INFO: Run Behavior\ReadHtmlCacheBehavior [ RunTime:0.000400s ]
INFO: [ app_begin ] --END-- [ RunTime:0.000453s ]
SQL: SHOW COLUMNS FROM `cn_merchant` [ RunTime:0.0008s ]
SQL: SELECT * FROM `cn_merchant` WHERE `phone` = '111'  [ RunTime:0.0004s ]
SQL: SELECT COUNT(*) AS tp_count FROM `cn_merchant` WHERE `muid` = 'm_d7c116a9cc' LIMIT 1   [ RunTime:0.0002s ]
SQL: SELECT * FROM `cn_merchant` WHERE `muid` = 'm_d7c116a9cc'  [ RunTime:0.0002s ]
INFO: [ app_end ] --START--
INFO: Run Behavior\ShowPageTraceBehavior [ RunTime:0.000432s ]
INFO: [ app_end ] --END-- [ RunTime:0.000496s ]

[ 2017-01-13T09:53:46+08:00 ] 117.22.24.198 /cnconsum/index.php/Merchant/Business/hyzgl
INFO: [ app_init ] --START--
INFO: Run Behavior\BuildLiteBehavior [ RunTime:0.000014s ]
INFO: [ app_init ] --END-- [ RunTime:0.000310s ]

[ 2017-01-13T09:53:56+08:00 ] 101.226.51.227 /cnconsum/index.php/Merchant/Business/hyzgl
INFO: [ app_init ] --START--
INFO: Run Behavior\BuildLiteBehavior [ RunTime:0.000028s ]
INFO: [ app_init ] --END-- [ RunTime:0.000758s ]

[ 2017-01-13T10:05:42+08:00 ] 117.22.24.198 /cnconsum/index.php/Merchant/Business/sxed
INFO: [ app_init ] --START--
INFO: Run Behavior\BuildLiteBehavior [ RunTime:0.000013s ]
INFO: [ app_init ] --END-- [ RunTime:0.000375s ]

[ 2017-01-13T10:05:52+08:00 ] 140.207.185.111 /cnconsum/index.php/Merchant/Business/sxed
INFO: [ app_init ] --START--
INFO: Run Behavior\BuildLiteBehavior [ RunTime:0.000014s ]
INFO: [ app_init ] --END-- [ RunTime:0.000279s ]

[ 2017-01-13T10:05:56+08:00 ] 117.22.24.198 /cnconsum/index.php/Merchant/Business/glysz
INFO: [ app_init ] --START--
INFO: Run Behavior\BuildLiteBehavior [ RunTime:0.000019s ]
INFO: [ app_init ] --END-- [ RunTime:0.000317s ]

[ 2017-01-13T10:05:58+08:00 ] 117.22.24.198 /cnconsum/index.php/Merchant/Business/hyzgl
INFO: [ app_init ] --START--
INFO: Run Behavior\BuildLiteBehavior [ RunTime:0.000013s ]
INFO: [ app_init ] --END-- [ RunTime:0.000280s ]

[ 2017-01-13T10:06:01+08:00 ] 117.22.24.198 /cnconsum/index.php/Merchant/Business/sjjs
INFO: [ app_init ] --START--
INFO: Run Behavior\BuildLiteBehavior [ RunTime:0.000014s ]
INFO: [ app_init ] --END-- [ RunTime:0.000278s ]

[ 2017-01-13T10:06:02+08:00 ] 117.22.24.198 /cnconsum/index.php/Merchant/Business/dpgl
INFO: [ app_init ] --START--
INFO: Run Behavior\BuildLiteBehavior [ RunTime:0.000014s ]
INFO: [ app_init ] --END-- [ RunTime:0.000314s ]

[ 2017-01-13T10:06:06+08:00 ] 101.226.125.16 /cnconsum/index.php/Merchant/Business/glysz
INFO: [ app_init ] --START--
INFO: Run Behavior\BuildLiteBehavior [ RunTime:0.000014s ]
INFO: [ app_init ] --END-- [ RunTime:0.000274s ]

[ 2017-01-13T10:06:11+08:00 ] 101.226.33.221 /cnconsum/index.php/Merchant/Business/sjjs
INFO: [ app_init ] --START--
INFO: Run Behavior\BuildLiteBehavior [ RunTime:0.000015s ]
INFO: [ app_init ] --END-- [ RunTime:0.000283s ]

[ 2017-01-13T10:06:12+08:00 ] 117.22.24.198 /cnconsum/index.php/Merchant/Business/hyzgl
INFO: [ app_init ] --START--
INFO: Run Behavior\BuildLiteBehavior [ RunTime:0.000017s ]
INFO: [ app_init ] --END-- [ RunTime:0.000307s ]

[ 2017-01-13T10:06:19+08:00 ] 101.226.33.202 /cnconsum/index.php/Merchant/Business/dpgl
INFO: [ app_init ] --START--
INFO: Run Behavior\BuildLiteBehavior [ RunTime:0.000014s ]
INFO: [ app_init ] --END-- [ RunTime:0.000391s ]

[ 2017-01-13T10:34:47+08:00 ] 117.22.26.214 /cnconsum/index.php/Merchant/Business/turnURL?url=../card/showView
INFO: [ app_init ] --START--
INFO: Run Behavior\BuildLiteBehavior [ RunTime:0.000013s ]
INFO: [ app_init ] --END-- [ RunTime:0.000261s ]

[ 2017-01-13T10:34:47+08:00 ] 117.22.26.214 /cnconsum/index.php/Merchant/card/showView
INFO: [ app_init ] --START--
INFO: Run Behavior\BuildLiteBehavior [ RunTime:0.000014s ]
INFO: [ app_init ] --END-- [ RunTime:0.000269s ]

[ 2017-01-13T10:34:49+08:00 ] 117.22.26.214 /cnconsum/index.php/Merchant/card/hyzgl.html
INFO: [ app_init ] --START--
INFO: Run Behavior\BuildLiteBehavior [ RunTime:0.000014s ]
INFO: [ app_init ] --END-- [ RunTime:0.000260s ]
ERR: 非法操作:hyzgl

[ 2017-01-13T10:34:55+08:00 ] 117.22.26.214 /cnconsum/index.php/Merchant/Business/hyzgl
INFO: [ app_init ] --START--
INFO: Run Behavior\BuildLiteBehavior [ RunTime:0.000014s ]
INFO: [ app_init ] --END-- [ RunTime:0.000298s ]

[ 2017-01-13T10:34:57+08:00 ] 117.22.26.214 /cnconsum/index.php/Merchant/Business/turnURL?url=../card/addView
INFO: [ app_init ] --START--
INFO: Run Behavior\BuildLiteBehavior [ RunTime:0.000014s ]
INFO: [ app_init ] --END-- [ RunTime:0.000274s ]

[ 2017-01-13T10:34:57+08:00 ] 117.22.26.214 /cnconsum/index.php/Merchant/card/addView
INFO: [ app_init ] --START--
INFO: Run Behavior\BuildLiteBehavior [ RunTime:0.000014s ]
INFO: [ app_init ] --END-- [ RunTime:0.000290s ]

[ 2017-01-13T10:35:02+08:00 ] 101.226.85.67 /cnconsum/index.php/Merchant/Business/turnURL?url=../card/showView
INFO: [ app_init ] --START--
INFO: Run Behavior\BuildLiteBehavior [ RunTime:0.000013s ]
INFO: [ app_init ] --END-- [ RunTime:0.000307s ]

[ 2017-01-13T10:35:02+08:00 ] 101.226.85.67 /cnconsum/index.php/Merchant/card/showView
INFO: [ app_init ] --START--
INFO: Run Behavior\BuildLiteBehavior [ RunTime:0.000013s ]
INFO: [ app_init ] --END-- [ RunTime:0.000287s ]

[ 2017-01-13T10:35:14+08:00 ] 180.153.214.190 /cnconsum/index.php/Merchant/card/addView
INFO: [ app_init ] --START--
INFO: Run Behavior\BuildLiteBehavior [ RunTime:0.000016s ]
INFO: [ app_init ] --END-- [ RunTime:0.000352s ]

[ 2017-01-13T10:39:28+08:00 ] 117.22.26.214 /cnconsum/index.php/Merchant/card/addView
INFO: [ app_init ] --START--
INFO: Run Behavior\BuildLiteBehavior [ RunTime:0.000013s ]
INFO: [ app_init ] --END-- [ RunTime:0.000265s ]

[ 2017-01-13T10:42:48+08:00 ] 117.22.26.214 /cnconsum/index.php/Merchant/card/addView
INFO: [ app_init ] --START--
INFO: Run Behavior\BuildLiteBehavior [ RunTime:0.000018s ]
INFO: [ app_init ] --END-- [ RunTime:0.000285s ]

[ 2017-01-13T10:45:47+08:00 ] 117.22.26.214 /cnconsum/index.php/Merchant/card/addView
INFO: [ app_init ] --START--
INFO: Run Behavior\BuildLiteBehavior [ RunTime:0.000014s ]
INFO: [ app_init ] --END-- [ RunTime:0.000277s ]

[ 2017-01-13T10:46:02+08:00 ] 117.22.26.214 /cnconsum/index.php/Merchant/card/add
INFO: [ app_init ] --START--
INFO: Run Behavior\BuildLiteBehavior [ RunTime:0.000015s ]
INFO: [ app_init ] --END-- [ RunTime:0.000385s ]
INFO: [ app_begin ] --START--
INFO: Run Behavior\ReadHtmlCacheBehavior [ RunTime:0.000343s ]
INFO: [ app_begin ] --END-- [ RunTime:0.000398s ]
SQL: SHOW COLUMNS FROM `cn_merchant_card` [ RunTime:0.0007s ]
SQL: INSERT INTO `cn_merchant_card` (`merchant`,`code`,`level`,`type`,`content`,`price`,`indate`,`rule`,`state`,`addition_sum`,`card_temp_color`) VALUES ('m_d7c116a9cc','aaa','普卡','储值卡','1','1','0.5','1','true','1','#403737') [ RunTime:0.0014s ]
INFO: [ app_end ] --START--
INFO: Run Behavior\ShowPageTraceBehavior [ RunTime:0.000403s ]
INFO: [ app_end ] --END-- [ RunTime:0.000456s ]

[ 2017-01-13T10:46:02+08:00 ] 117.22.26.214 /cnconsum/index.php/Merchant/card/image/dialog_cb.png
INFO: [ app_init ] --START--
INFO: Run Behavior\BuildLiteBehavior [ RunTime:0.000014s ]
INFO: [ app_init ] --END-- [ RunTime:0.000258s ]

[ 2017-01-13T10:46:02+08:00 ] 117.22.26.214 /cnconsum/index.php/Merchant/card/image/window.gif
INFO: [ app_init ] --START--
INFO: Run Behavior\BuildLiteBehavior [ RunTime:0.000014s ]
INFO: [ app_init ] --END-- [ RunTime:0.000344s ]

[ 2017-01-13T10:46:07+08:00 ] 117.22.26.214 /cnconsum/index.php/Merchant/Business/hyzgl
INFO: [ app_init ] --START--
INFO: Run Behavior\BuildLiteBehavior [ RunTime:0.000017s ]
INFO: [ app_init ] --END-- [ RunTime:0.000320s ]

[ 2017-01-13T10:46:13+08:00 ] 117.22.26.214 /cnconsum/index.php/Merchant/Business/hyzgl
INFO: [ app_init ] --START--
INFO: Run Behavior\BuildLiteBehavior [ RunTime:0.000014s ]
INFO: [ app_init ] --END-- [ RunTime:0.000256s ]

[ 2017-01-13T10:46:33+08:00 ] 117.22.26.214 /cnconsum/index.php/Merchant/Business/glysz
INFO: [ app_init ] --START--
INFO: Run Behavior\BuildLiteBehavior [ RunTime:0.000018s ]
INFO: [ app_init ] --END-- [ RunTime:0.000313s ]

[ 2017-01-13T10:56:27+08:00 ] 117.22.26.214 /cnconsum/index.php/Merchant/Business/hyzgl
INFO: [ app_init ] --START--
INFO: Run Behavior\BuildLiteBehavior [ RunTime:0.000014s ]
INFO: [ app_init ] --END-- [ RunTime:0.000267s ]

[ 2017-01-13T10:56:37+08:00 ] 101.226.65.107 /cnconsum/index.php/Merchant/Business/hyzgl
INFO: [ app_init ] --START--
INFO: Run Behavior\BuildLiteBehavior [ RunTime:0.000013s ]
INFO: [ app_init ] --END-- [ RunTime:0.000260s ]

[ 2017-01-13T10:56:39+08:00 ] 117.22.26.214 /cnconsum/index.php/Merchant/Business/hyzgl
INFO: [ app_init ] --START--
INFO: Run Behavior\BuildLiteBehavior [ RunTime:0.000018s ]
INFO: [ app_init ] --END-- [ RunTime:0.000350s ]

[ 2017-01-13T10:56:44+08:00 ] 117.22.26.214 /cnconsum/index.php/Merchant/Business/turnURL?url=../card/addView
INFO: [ app_init ] --START--
INFO: Run Behavior\BuildLiteBehavior [ RunTime:0.000030s ]
INFO: [ app_init ] --END-- [ RunTime:0.000275s ]

[ 2017-01-13T10:56:45+08:00 ] 117.22.26.214 /cnconsum/index.php/Merchant/card/addView
INFO: [ app_init ] --START--
INFO: Run Behavior\BuildLiteBehavior [ RunTime:0.000019s ]
INFO: [ app_init ] --END-- [ RunTime:0.000307s ]

[ 2017-01-13T10:57:17+08:00 ] 117.22.26.214 /cnconsum/index.php/Merchant/Business/hyzgl
INFO: [ app_init ] --START--
INFO: Run Behavior\BuildLiteBehavior [ RunTime:0.000014s ]
INFO: [ app_init ] --END-- [ RunTime:0.000268s ]

[ 2017-01-13T14:55:05+08:00 ] 101.226.68.215 /cnconsum/index.php/Merchant/Vip/vip
INFO: [ app_init ] --START--
INFO: Run Behavior\BuildLiteBehavior [ RunTime:0.000014s ]
INFO: [ app_init ] --END-- [ RunTime:0.000291s ]

[ 2017-01-13T14:55:15+08:00 ] 101.226.33.206 /cnconsum/index.php/Merchant/Vip/vip
INFO: [ app_init ] --START--
INFO: Run Behavior\BuildLiteBehavior [ RunTime:0.000014s ]
INFO: [ app_init ] --END-- [ RunTime:0.000325s ]

